2012-05-25 13:44:08,570-0500 DEBUG Loader arguments: [/home/skrieder/swift/examples/swift/tutorial/scott.swift]
2012-05-25 13:44:08,570-0500 DEBUG Loader Max heap: 252248064
2012-05-25 13:44:08,571-0500 DEBUG textfiles BEGIN SWIFTSCRIPT:
type messagefile;

app (messagefile t) greeting() { 
   sh "/home/skrieder/swift/examples/swift/tutorial/scott.sh" stdout=@filename(t);
}

messagefile outfile <"scott.txt">;

outfile = greeting();


2012-05-25 13:44:08,572-0500 DEBUG textfiles END SWIFTSCRIPT:
2012-05-25 13:44:08,572-0500 DEBUG Loader kmlversion is >239b8550-a5ff-44be-a124-5e7ecd70737d<
2012-05-25 13:44:08,572-0500 DEBUG Loader build version is >239b8550-a5ff-44be-a124-5e7ecd70737d<
2012-05-25 13:44:08,572-0500 DEBUG Loader Recompilation suppressed.
2012-05-25 13:44:08,715-0500 DEBUG textfiles using default sites file
2012-05-25 13:44:08,720-0500 INFO  VDL2ExecutionContext Stack dump:
Level 1
[iA = 0, iB = 0, bA = false, bB = false]
	vdl:instanceconfig = Swift configuration []
	vdl:operation = run
	swift.home = /usr/local/swift/bin/..
	PATH_SEPARATOR = /


2012-05-25 13:44:09,468-0500 INFO  unknown Using sites file: /usr/local/swift/bin/../etc/sites.xml
2012-05-25 13:44:09,504-0500 INFO  unknown Using tc.data: /usr/local/swift/bin/../etc/tc.data
2012-05-25 13:44:09,605-0500 WARN  File On line 24in File /usr/local/swift/bin/../etc/tc.data

java.lang.IllegalStateException: Error : Illegal TCType defined. Please specify one of the predefined types 
 [INSTALLED, SOURCE, STATIC_BINARY, DYNAMIC_BINARY, PACMAN_PACKAGE, SCRIPT]
	at org.globus.swift.catalog.types.TCType.fromValue(TCType.java:73)
	at org.globus.swift.catalog.types.TCType.fromString(TCType.java:85)
	at org.globus.swift.catalog.transformation.File.populateTC(File.java:1085)
	at org.globus.swift.catalog.transformation.File.populateTC(File.java:1034)
	at org.globus.swift.catalog.transformation.File.<init>(File.java:149)
	at org.globus.swift.catalog.transformation.File.getNonSingletonInstance(File.java:116)
	at org.griphyn.vdl.karajan.VDSAdaptiveScheduler.setProperty(VDSAdaptiveScheduler.java:71)
	at org.globus.cog.karajan.workflow.nodes.grid.SchedulerNode.newScheduler(SchedulerNode.java:104)
	at org.globus.cog.karajan.workflow.nodes.grid.SchedulerNode.post(SchedulerNode.java:63)
	at org.globus.cog.karajan.workflow.nodes.AbstractSequentialWithArguments.completed(AbstractSequentialWithArguments.java:194)
	at org.globus.cog.karajan.workflow.nodes.FlowNode.complete(FlowNode.java:214)
	at org.globus.cog.karajan.workflow.nodes.FlowContainer.post(FlowContainer.java:58)
	at org.globus.cog.karajan.workflow.nodes.AbstractSequentialWithArguments.completed(AbstractSequentialWithArguments.java:194)
	at org.globus.cog.karajan.workflow.nodes.user.UserDefinedElement.completed(UserDefinedElement.java:286)
	at org.globus.cog.karajan.workflow.nodes.user.SequentialImplicitExecutionUDE.completed(SequentialImplicitExecutionUDE.java:89)
	at org.globus.cog.karajan.workflow.nodes.FlowNode.complete(FlowNode.java:214)
	at org.globus.cog.karajan.workflow.nodes.FlowContainer.post(FlowContainer.java:58)
	at org.globus.cog.karajan.workflow.nodes.functions.AbstractFunction.post(AbstractFunction.java:28)
	at org.globus.cog.karajan.workflow.nodes.AbstractSequentialWithArguments.completed(AbstractSequentialWithArguments.java:194)
	at org.globus.cog.karajan.workflow.nodes.FlowNode.complete(FlowNode.java:214)
	at org.globus.cog.karajan.workflow.nodes.ExecuteFile.completed(ExecuteFile.java:158)
	at org.globus.cog.karajan.workflow.nodes.FlowNode.complete(FlowNode.java:214)
	at org.globus.cog.karajan.workflow.nodes.FlowContainer.post(FlowContainer.java:58)
	at org.globus.cog.karajan.workflow.nodes.Sequential.startNext(Sequential.java:29)
	at org.globus.cog.karajan.workflow.nodes.Sequential.completed(Sequential.java:24)
	at org.globus.cog.karajan.workflow.nodes.FlowNode.complete(FlowNode.java:214)
	at org.globus.cog.karajan.workflow.nodes.FlowContainer.post(FlowContainer.java:58)
	at org.globus.cog.karajan.workflow.nodes.AbstractSequentialWithArguments.completed(AbstractSequentialWithArguments.java:194)
	at org.globus.cog.karajan.workflow.nodes.user.UserDefinedElement.completed(UserDefinedElement.java:286)
	at org.globus.cog.karajan.workflow.nodes.user.SequentialImplicitExecutionUDE.completed(SequentialImplicitExecutionUDE.java:89)
	at org.globus.cog.karajan.workflow.nodes.FlowNode.complete(FlowNode.java:214)
	at org.globus.cog.karajan.workflow.nodes.FlowContainer.post(FlowContainer.java:58)
	at org.globus.cog.karajan.workflow.nodes.functions.AbstractFunction.post(AbstractFunction.java:28)
	at org.globus.cog.karajan.workflow.nodes.AbstractSequentialWithArguments.completed(AbstractSequentialWithArguments.java:194)
	at org.globus.cog.karajan.workflow.nodes.FlowNode.complete(FlowNode.java:214)
	at org.globus.cog.karajan.workflow.nodes.FlowContainer.post(FlowContainer.java:58)
	at org.globus.cog.karajan.workflow.nodes.AbstractSequentialWithArguments.completed(AbstractSequentialWithArguments.java:194)
	at org.globus.cog.karajan.workflow.nodes.PartialArgumentsContainer.nonArgChildCompleted(PartialArgumentsContainer.java:105)
	at org.globus.cog.karajan.workflow.nodes.PartialArgumentsContainer.completed(PartialArgumentsContainer.java:86)
	at org.globus.cog.karajan.workflow.nodes.FlowNode.complete(FlowNode.java:214)
	at org.globus.cog.karajan.workflow.nodes.Maybe.failed(Maybe.java:23)
	at org.globus.cog.karajan.workflow.nodes.FlowNode.failImmediately(FlowNode.java:89)
	at org.globus.cog.karajan.workflow.nodes.FlowNode.failed(FlowNode.java:245)
	at org.globus.cog.karajan.workflow.nodes.FlowNode.failImmediately(FlowNode.java:89)
	at org.globus.cog.karajan.workflow.nodes.FlowNode.restart(FlowNode.java:151)
	at org.globus.cog.karajan.workflow.nodes.FlowNode.start(FlowNode.java:197)
	at org.globus.cog.karajan.workflow.FlowElementWrapper.start(FlowElementWrapper.java:227)
	at org.globus.cog.karajan.workflow.events.EventBus.start(EventBus.java:104)
	at org.globus.cog.karajan.workflow.events.EventTargetPair.run(EventTargetPair.java:40)
	at java.util.concurrent.Executors$RunnableAdapter.call(Executors.java:471)
	at java.util.concurrent.FutureTask$Sync.innerRun(FutureTask.java:334)
	at java.util.concurrent.FutureTask.run(FutureTask.java:166)
	at java.util.concurrent.ThreadPoolExecutor.runWorker(ThreadPoolExecutor.java:1110)
	at java.util.concurrent.ThreadPoolExecutor$Worker.run(ThreadPoolExecutor.java:603)
	at java.lang.Thread.run(Thread.java:722)
2012-05-25 13:44:09,612-0500 INFO  AbstractScheduler Setting resources to: {localhost=localhost}
2012-05-25 13:44:10,276-0500 INFO  unknown Swift 0.93 swift-r5483 cog-r3339

2012-05-25 13:44:10,277-0500 INFO  unknown RUNID id=run:20120525-1344-yqb015q2
2012-05-25 13:44:10,312-0500 INFO  RootDataNode Found mapped data outfile:messagefile - Open.$
2012-05-25 13:44:10,327-0500 DEBUG greeting PROCEDURE line=3 thread=0-1 name=greeting
2012-05-25 13:44:10,332-0500 INFO  vdl:execute START thread=0-1 tr=sh
2012-05-25 13:44:10,349-0500 INFO  WeightedHostScoreScheduler CONTACT_SELECTED host=localhost, score=1.000
2012-05-25 13:44:10,356-0500 INFO  GlobalSubmitQueue No global submit throttle set. Using default (1024)
2012-05-25 13:44:10,361-0500 INFO  LateBindingScheduler JobQueue: 0
2012-05-25 13:44:10,365-0500 INFO  LateBindingScheduler JobQueue: 0
2012-05-25 13:44:10,371-0500 INFO  vdl:initshareddir START host=localhost - Initializing shared directory
2012-05-25 13:44:10,378-0500 INFO  LateBindingScheduler JobQueue: 0
2012-05-25 13:44:10,409-0500 INFO  LateBindingScheduler JobQueue: 0
2012-05-25 13:44:10,414-0500 INFO  LateBindingScheduler JobQueue: 0
2012-05-25 13:44:10,418-0500 INFO  LateBindingScheduler JobQueue: 0
2012-05-25 13:44:10,426-0500 INFO  LateBindingScheduler JobQueue: 0
2012-05-25 13:44:10,435-0500 INFO  LateBindingScheduler JobQueue: 0
2012-05-25 13:44:10,439-0500 INFO  vdl:initshareddir END host=localhost - Done initializing shared directory
2012-05-25 13:44:10,445-0500 DEBUG vdl:execute2 THREAD_ASSOCIATION jobid=sh-1x5gjtrk thread=0-1-1 host=localhost replicationGroup=0x5gjtrk
2012-05-25 13:44:10,468-0500 INFO  vdl:createdirset START jobid=sh-1x5gjtrk host=localhost - Initializing directory structure
2012-05-25 13:44:10,470-0500 INFO  vdl:createdirset END jobid=sh-1x5gjtrk - Done initializing directory structure
2012-05-25 13:44:10,473-0500 INFO  vdl:dostagein START jobid=sh-1x5gjtrk - Staging in files
2012-05-25 13:44:10,484-0500 INFO  vdl:dostagein END jobid=sh-1x5gjtrk - Staging in finished
2012-05-25 13:44:10,489-0500 DEBUG vdl:execute2 JOB_START jobid=sh-1x5gjtrk tr=sh arguments=[/home/skrieder/swift/examples/swift/tutorial/scott.sh] tmpdir=scott-20120525-1344-yqb015q2/jobs/1/sh-1x5gjtrk host=localhost
2012-05-25 13:44:10,502-0500 DEBUG textfiles BEGIN TC:
#This is the transformation catalog.
#
#It comes pre-configured with a number of simple transformations with
#paths that are likely to work on a linux box. However, on some systems,
#the paths to these executables will be different (for example, sometimes
#some of these programs are found in /usr/bin rather than in /bin)
#
#NOTE WELL: fields in this file must be separated by tabs, not spaces; and
#there must be no trailing whitespace at the end of each line.
#
# sitename  transformation  path   INSTALLED  platform  profiles
localhost 	echo 		/bin/echo	INSTALLED	INTEL32::LINUX	null
localhost 	cat 		/bin/cat	INSTALLED	INTEL32::LINUX	null
localhost 	ls 		/bin/ls		INSTALLED	INTEL32::LINUX	null
localhost 	grep 		/bin/grep	INSTALLED	INTEL32::LINUX	null
localhost 	sort 		/bin/sort	INSTALLED	INTEL32::LINUX	null
localhost 	paste 		/bin/paste	INSTALLED	INTEL32::LINUX	null
localhost 	cp 		/bin/cp         INSTALLED	INTEL32::LINUX	null
localhost 	touch 		/bin/touch      INSTALLED	INTEL32::LINUX	null
localhost	wc		/usr/bin/wc	INSTALLED	INTEL32::LINUX	null
localhost	sh		/bin/sh		INSTALLED	INTEL32::LINUX	null
localhost	sleep		/bin/sleep	INSTALLED	INTEL32::LINUX	null
localhost	tr		/usr/bin/tr	INSTALLED	INTEL32::LINUX	null
localhost	scott.sh	/Users/scottkrieder/swift/examples/swift/tutorial/scott.sh	INTSALLED	INTEL32::LINUX	null


2012-05-25 13:44:10,503-0500 DEBUG textfiles END TC:
2012-05-25 13:44:10,510-0500 WARN  File On line 24in File /usr/local/swift/bin/../etc/tc.data

java.lang.IllegalStateException: Error : Illegal TCType defined. Please specify one of the predefined types 
 [INSTALLED, SOURCE, STATIC_BINARY, DYNAMIC_BINARY, PACMAN_PACKAGE, SCRIPT]
	at org.globus.swift.catalog.types.TCType.fromValue(TCType.java:73)
	at org.globus.swift.catalog.types.TCType.fromString(TCType.java:85)
	at org.globus.swift.catalog.transformation.File.populateTC(File.java:1085)
	at org.globus.swift.catalog.transformation.File.populateTC(File.java:1034)
	at org.globus.swift.catalog.transformation.File.<init>(File.java:149)
	at org.globus.swift.catalog.transformation.File.getNonSingletonInstance(File.java:116)
	at org.griphyn.vdl.karajan.lib.VDLFunction.getTC(VDLFunction.java:492)
	at org.griphyn.vdl.karajan.lib.Executable.function(Executable.java:24)
	at org.griphyn.vdl.karajan.lib.VDLFunction.post(VDLFunction.java:62)
	at org.globus.cog.karajan.workflow.nodes.AbstractSequentialWithArguments.completed(AbstractSequentialWithArguments.java:194)
	at org.globus.cog.karajan.workflow.nodes.FlowNode.complete(FlowNode.java:214)
	at org.globus.cog.karajan.workflow.nodes.FlowContainer.post(FlowContainer.java:58)
	at org.globus.cog.karajan.workflow.nodes.functions.AbstractFunction.post(AbstractFunction.java:28)
	at org.globus.cog.karajan.workflow.nodes.Sequential.startNext(Sequential.java:29)
	at org.globus.cog.karajan.workflow.nodes.Sequential.executeChildren(Sequential.java:20)
	at org.globus.cog.karajan.workflow.nodes.FlowContainer.execute(FlowContainer.java:63)
	at org.globus.cog.karajan.workflow.nodes.FlowNode.restart(FlowNode.java:139)
	at org.globus.cog.karajan.workflow.nodes.FlowNode.start(FlowNode.java:197)
	at org.globus.cog.karajan.workflow.FlowElementWrapper.start(FlowElementWrapper.java:227)
	at org.globus.cog.karajan.workflow.events.EventBus.start(EventBus.java:104)
	at org.globus.cog.karajan.workflow.events.EventTargetPair.run(EventTargetPair.java:40)
	at java.util.concurrent.Executors$RunnableAdapter.call(Executors.java:471)
	at java.util.concurrent.FutureTask$Sync.innerRun(FutureTask.java:334)
	at java.util.concurrent.FutureTask.run(FutureTask.java:166)
	at java.util.concurrent.ThreadPoolExecutor.runWorker(ThreadPoolExecutor.java:1110)
	at java.util.concurrent.ThreadPoolExecutor$Worker.run(ThreadPoolExecutor.java:603)
	at java.lang.Thread.run(Thread.java:722)
2012-05-25 13:44:10,541-0500 INFO  GridExec TASK_DEFINITION: Task(type=JOB_SUBMISSION, identity=urn:0-1-1-1337971449496) is /bin/bash shared/_swiftwrap sh-1x5gjtrk -jobdir 1 -scratch  -e /bin/sh -out scott.txt -err stderr.txt -i -d  -if  -of scott.txt -k  -cdmfile  -status files -a /home/skrieder/swift/examples/swift/tutorial/scott.sh
2012-05-25 13:44:10,558-0500 INFO  JobSubmissionTaskHandler Submit: in: /var/tmp/scott-20120525-1344-yqb015q2 command: /bin/bash /var/tmp/scott-20120525-1344-yqb015q2/shared/_swiftwrap sh-1x5gjtrk -jobdir 1 -scratch  -e /bin/sh -out scott.txt -err stderr.txt -i -d  -if  -of scott.txt -k  -cdmfile  -status files -a /home/skrieder/swift/examples/swift/tutorial/scott.sh
2012-05-25 13:44:10,811-0500 INFO  LateBindingScheduler JobQueue: 0
2012-05-25 13:44:10,817-0500 DEBUG vdl:checkjobstatus START jobid=sh-1x5gjtrk
2012-05-25 13:44:10,822-0500 INFO  LateBindingScheduler JobQueue: 0
2012-05-25 13:44:10,824-0500 INFO  vdl:checkjobstatus SUCCESS jobid=sh-1x5gjtrk - Success file found
2012-05-25 13:44:10,827-0500 DEBUG vdl:execute2 STAGING_OUT jobid=sh-1x5gjtrk
2012-05-25 13:44:10,831-0500 INFO  vdl:dostageout START jobid=sh-1x5gjtrk - Staging out files
2012-05-25 13:44:10,833-0500 DEBUG vdl:dostageout stageouts: [[$, outfile:messagefile - Open]]
2012-05-25 13:44:10,851-0500 DEBUG vdl:dostageout FILE_STAGE_OUT_START srcname=scott.txt srcdir=scott-20120525-1344-yqb015q2/shared/ srchost=localhost destdir= desthost=localhost provider=file
2012-05-25 13:44:10,854-0500 INFO  LateBindingScheduler JobQueue: 0
2012-05-25 13:44:10,875-0500 INFO  LateBindingScheduler JobQueue: 0
2012-05-25 13:44:10,877-0500 DEBUG vdl:dostageout FILE_STAGE_OUT_END srcname=scott.txt srcdir=scott-20120525-1344-yqb015q2/shared/ srchost=localhost destdir= desthost=localhost provider=file
2012-05-25 13:44:10,886-0500 INFO  LateBindingScheduler JobQueue: 0
2012-05-25 13:44:10,903-0500 INFO  vdl:dostageout END jobid=sh-1x5gjtrk - Staging out finished
2012-05-25 13:44:10,913-0500 DEBUG vdl:execute2 JOB_END jobid=sh-1x5gjtrk
2012-05-25 13:44:10,916-0500 INFO  vdl:execute END_SUCCESS thread=0-1 tr=sh
2012-05-25 13:44:10,919-0500 DEBUG greeting PROCEDURE_END line=3
2012-05-25 13:44:10,942-0500 DEBUG vdl:mains Starting cleanups
2012-05-25 13:44:10,942-0500 INFO  vdl:cleanups START cleanups=[[scott-20120525-1344-yqb015q2, localhost]]
2012-05-25 13:44:10,944-0500 INFO  vdl:cleanup START dir=scott-20120525-1344-yqb015q2 host=localhost
2012-05-25 13:44:10,944-0500 DEBUG vdl:cleanup cdmfile 
2012-05-25 13:44:10,947-0500 INFO  GridExec TASK_DEFINITION: Task(type=JOB_SUBMISSION, identity=urn:0-1-1337971449507) is /bin/rm -rf scott-20120525-1344-yqb015q2
2012-05-25 13:44:10,947-0500 INFO  JobSubmissionTaskHandler Submit: in: /var/tmp command: /bin/rm -rf scott-20120525-1344-yqb015q2
2012-05-25 13:44:10,948-0500 INFO  LateBindingScheduler JobQueue: 0
2012-05-25 13:44:10,950-0500 INFO  vdl:cleanup END dir=scott-20120525-1344-yqb015q2 host=localhost
2012-05-25 13:44:10,951-0500 INFO  vdl:cleanups END cleanups=[[scott-20120525-1344-yqb015q2, localhost]]
2012-05-25 13:44:10,952-0500 DEBUG vdl:mains Ending cleanups
2012-05-25 13:44:10,953-0500 INFO  Loader Swift finished with no errors
