2012-06-06 19:22:07,746-0500 DEBUG Loader arguments: [-tc.file, tc.data, -sites.file, 0-throttle-sites.xml, 3inloop.swift]
2012-06-06 19:22:07,747-0500 DEBUG Loader Max heap: 252248064
2012-06-06 19:22:07,748-0500 DEBUG textfiles BEGIN SWIFTSCRIPT:

type messagefile; 

app (messagefile t) countwords () {   
     a1sm10ms stdout=@filename(t);
}

string outputNames = "test1 test2 test3";

messagefile outputfiles[] <fixed_array_mapper;files=outputNames>;

foreach f,i in outputfiles {
  messagefile c <single_file_mapper; file=@strcat(i, ".result")>;
  c = countwords();
}


2012-06-06 19:22:07,748-0500 DEBUG textfiles END SWIFTSCRIPT:
2012-06-06 19:22:07,748-0500 DEBUG Loader kmlversion is >239b8550-a5ff-44be-a124-5e7ecd70737d<
2012-06-06 19:22:07,748-0500 DEBUG Loader build version is >239b8550-a5ff-44be-a124-5e7ecd70737d<
2012-06-06 19:22:07,748-0500 DEBUG Loader Recompilation suppressed.
2012-06-06 19:22:07,894-0500 DEBUG Loader setting: sites.file to: 0-throttle-sites.xml
2012-06-06 19:22:07,894-0500 DEBUG Loader setting: tc.file to: tc.data
2012-06-06 19:22:07,894-0500 DEBUG textfiles BEGIN SITES:
<config>

  <pool handle="localhost">
    <filesystem provider="local" />
    <execution provider="local" />
    <workdirectory >/var/tmp</workdirectory>
    <profile namespace="karajan" key="jobThrottle">.01</profile>
    <profile namespace="karajan" key="initialScore">10000</profile>
  </pool>

</config>


2012-06-06 19:22:07,894-0500 DEBUG textfiles END SITES:
2012-06-06 19:22:07,898-0500 INFO  VDL2ExecutionContext Stack dump:
Level 1
[iA = 0, iB = 0, bA = false, bB = false]
	vdl:instanceconfig = Swift configuration []
	vdl:operation = run
	swift.home = /usr/local/swift/bin/..
	PATH_SEPARATOR = /


2012-06-06 19:22:08,560-0500 INFO  unknown Using sites file: 0-throttle-sites.xml
2012-06-06 19:22:08,601-0500 INFO  unknown Using tc.data: tc.data
2012-06-06 19:22:08,704-0500 INFO  AbstractScheduler Setting resources to: {localhost=localhost}
2012-06-06 19:22:09,402-0500 INFO  unknown Swift 0.93 swift-r5483 cog-r3339

2012-06-06 19:22:09,403-0500 INFO  unknown RUNID id=run:20120606-1922-760p2698
2012-06-06 19:22:09,445-0500 INFO  SetFieldValue Set: outputNames=test1 test2 test3
2012-06-06 19:22:09,459-0500 INFO  RootDataNode Found data outputfiles:messagefile[] - Open.[0]
2012-06-06 19:22:09,460-0500 INFO  RootDataNode Found data outputfiles:messagefile[] - Open.[1]
2012-06-06 19:22:09,460-0500 INFO  RootDataNode Found data outputfiles:messagefile[] - Open.[2]
2012-06-06 19:22:09,463-0500 DEBUG vdl:mains FOREACH_IT_START line=12 thread=0-1-2
2012-06-06 19:22:09,464-0500 DEBUG vdl:mains FOREACH_IT_START line=12 thread=0-1-1
2012-06-06 19:22:09,464-0500 DEBUG vdl:mains FOREACH_IT_START line=12 thread=0-1-0
2012-06-06 19:22:09,464-0500 DEBUG vdl:mains SCOPE thread=0-1-2
2012-06-06 19:22:09,464-0500 DEBUG vdl:mains SCOPE thread=0-1-1
2012-06-06 19:22:09,465-0500 DEBUG vdl:mains SCOPE thread=0-1-0
2012-06-06 19:22:09,473-0500 INFO  SetFieldValue Set: swift#mapper#17001=0.result
2012-06-06 19:22:09,473-0500 INFO  SetFieldValue Set: swift#mapper#17001=1.result
2012-06-06 19:22:09,473-0500 INFO  SetFieldValue Set: swift#mapper#17001=2.result
2012-06-06 19:22:09,474-0500 DEBUG countwords PROCEDURE line=4 thread=0-1-1-1 name=countwords
2012-06-06 19:22:09,474-0500 DEBUG countwords PROCEDURE line=4 thread=0-1-0-1 name=countwords
2012-06-06 19:22:09,475-0500 DEBUG countwords PROCEDURE line=4 thread=0-1-2-1 name=countwords
2012-06-06 19:22:09,477-0500 INFO  RootDataNode Found mapped data c:messagefile - Open.$
2012-06-06 19:22:09,477-0500 INFO  RootDataNode Found mapped data c:messagefile - Open.$
2012-06-06 19:22:09,477-0500 INFO  RootDataNode Found mapped data c:messagefile - Open.$
2012-06-06 19:22:09,485-0500 INFO  vdl:execute START thread=0-1-2-1 tr=a1sm10ms
2012-06-06 19:22:09,485-0500 INFO  vdl:execute START thread=0-1-0-1 tr=a1sm10ms
2012-06-06 19:22:09,485-0500 INFO  vdl:execute START thread=0-1-1-1 tr=a1sm10ms
2012-06-06 19:22:09,514-0500 INFO  WeightedHostScoreScheduler CONTACT_SELECTED host=localhost, score=99.854
2012-06-06 19:22:09,517-0500 INFO  WeightedHostScoreScheduler CONTACT_SELECTED host=localhost, score=99.854
2012-06-06 19:22:09,520-0500 INFO  GlobalSubmitQueue No global submit throttle set. Using default (1024)
2012-06-06 19:22:09,525-0500 INFO  LateBindingScheduler JobQueue: 1
2012-06-06 19:22:09,529-0500 INFO  LateBindingScheduler JobQueue: 1
2012-06-06 19:22:09,536-0500 INFO  vdl:initshareddir START host=localhost - Initializing shared directory
2012-06-06 19:22:09,542-0500 INFO  LateBindingScheduler JobQueue: 1
2012-06-06 19:22:09,573-0500 INFO  LateBindingScheduler JobQueue: 1
2012-06-06 19:22:09,578-0500 INFO  LateBindingScheduler JobQueue: 1
2012-06-06 19:22:09,582-0500 INFO  LateBindingScheduler JobQueue: 1
2012-06-06 19:22:09,589-0500 INFO  LateBindingScheduler JobQueue: 1
2012-06-06 19:22:09,597-0500 INFO  LateBindingScheduler JobQueue: 1
2012-06-06 19:22:09,601-0500 INFO  vdl:initshareddir END host=localhost - Done initializing shared directory
2012-06-06 19:22:09,608-0500 DEBUG vdl:execute2 THREAD_ASSOCIATION jobid=a1sm10ms-8o2vnesk thread=0-1-0-1-1 host=localhost replicationGroup=5o2vnesk
2012-06-06 19:22:09,608-0500 DEBUG vdl:execute2 THREAD_ASSOCIATION jobid=a1sm10ms-9o2vnesk thread=0-1-1-1-1 host=localhost replicationGroup=6o2vnesk
2012-06-06 19:22:09,632-0500 INFO  vdl:createdirset START jobid=a1sm10ms-8o2vnesk host=localhost - Initializing directory structure
2012-06-06 19:22:09,632-0500 INFO  vdl:createdirset START jobid=a1sm10ms-9o2vnesk host=localhost - Initializing directory structure
2012-06-06 19:22:09,635-0500 INFO  vdl:createdirset END jobid=a1sm10ms-8o2vnesk - Done initializing directory structure
2012-06-06 19:22:09,635-0500 INFO  vdl:createdirset END jobid=a1sm10ms-9o2vnesk - Done initializing directory structure
2012-06-06 19:22:09,638-0500 INFO  vdl:dostagein START jobid=a1sm10ms-9o2vnesk - Staging in files
2012-06-06 19:22:09,638-0500 INFO  vdl:dostagein START jobid=a1sm10ms-8o2vnesk - Staging in files
2012-06-06 19:22:09,649-0500 INFO  vdl:dostagein END jobid=a1sm10ms-8o2vnesk - Staging in finished
2012-06-06 19:22:09,649-0500 INFO  vdl:dostagein END jobid=a1sm10ms-9o2vnesk - Staging in finished
2012-06-06 19:22:09,655-0500 DEBUG vdl:execute2 JOB_START jobid=a1sm10ms-9o2vnesk tr=a1sm10ms arguments=[] tmpdir=3inloop-20120606-1922-760p2698/jobs/9/a1sm10ms-9o2vnesk host=localhost
2012-06-06 19:22:09,655-0500 DEBUG vdl:execute2 JOB_START jobid=a1sm10ms-8o2vnesk tr=a1sm10ms arguments=[] tmpdir=3inloop-20120606-1922-760p2698/jobs/8/a1sm10ms-8o2vnesk host=localhost
2012-06-06 19:22:09,671-0500 DEBUG textfiles BEGIN TC:
#This is the transformation catalog.
#
#It comes pre-configured with a number of simple transformations with
#paths that are likely to work on a linux box. However, on some systems,
#the paths to these executables will be different (for example, sometimes
#some of these programs are found in /usr/bin rather than in /bin)
#
#NOTE WELL: fields in this file must be separated by tabs, not spaces; and
#there must be no trailing whitespace at the end of each line.
#
# sitename  transformation  path   INSTALLED  platform  profiles
localhost 	echo 		/bin/echo	INSTALLED	INTEL32::LINUX	null
localhost 	cat 		/bin/cat	INSTALLED	INTEL32::LINUX	null
localhost 	ls 		/bin/ls		INSTALLED	INTEL32::LINUX	null
localhost 	grep 		/bin/grep	INSTALLED	INTEL32::LINUX	null
localhost 	sort 		/bin/sort	INSTALLED	INTEL32::LINUX	null
localhost 	paste 		/bin/paste	INSTALLED	INTEL32::LINUX	null
localhost 	cp 		/bin/cp         INSTALLED	INTEL32::LINUX	null
localhost 	touch 		/bin/touch      INSTALLED	INTEL32::LINUX	null
localhost	wc		/usr/bin/wc	INSTALLED	INTEL32::LINUX	null
localhost	sh		/bin/wc		INSTALLED	INTEL32::LINUX	null
localhost	scott3a		/home/skrieder/swift/multi/scott3a.sh		INSTALLED	INTEL32::LINUX	null
localhost	scott3b		/home/skrieder/swift/multi/scott3b.sh		INSTALLED	INTEL32::LINUX	null
localhost	cka		/home/skrieder/swift/cuda/1sm1ms		INSTALLED	INTEL32::LINUX	null
localhost	a1sm0ms		/home/skrieder/swift/cuda/1sm0ms		INSTALLED	INTEL32::LINUX	null
localhost	a1sm1ms		/home/skrieder/swift/cuda/1sm1ms		INSTALLED	INTEL32::LINUX	null
localhost	a1sm10ms	/home/skrieder/swift/cuda/1sm10ms		INSTALLED	INTEL32::LINUX	null
localhost	a1sm100ms	/home/skrieder/swift/cuda/1sm100ms		INSTALLED	INTEL32::LINUX	null
localhost	a2sm0ms		/home/skrieder/swift/cuda/2sm0ms		INSTALLED	INTEL32::LINUX	null
localhost	a2sm1ms		/home/skrieder/swift/cuda/2sm1ms		INSTALLED	INTEL32::LINUX	null
localhost	a2sm10ms	/home/skrieder/swift/cuda/2sm10ms		INSTALLED	INTEL32::LINUX	null
localhost	a2sm100ms	/home/skrieder/swift/cuda/2sm100ms		INSTALLED	INTEL32::LINUX	null
localhost	a4sm0ms		/home/skrieder/swift/cuda/4sm0ms		INSTALLED	INTEL32::LINUX	null
localhost	a4sm1ms		/home/skrieder/swift/cuda/4sm1ms		INSTALLED	INTEL32::LINUX	null
localhost	a4sm10ms	/home/skrieder/swift/cuda/4sm10ms		INSTALLED	INTEL32::LINUX	null
localhost	a4sm100ms	/home/skrieder/swift/cuda/4sm100ms		INSTALLED	INTEL32::LINUX	null
localhost	a8sm0ms		/home/skrieder/swift/cuda/8sm0ms		INSTALLED	INTEL32::LINUX	null
localhost	a8sm1ms		/home/skrieder/swift/cuda/8sm1ms		INSTALLED	INTEL32::LINUX	null
localhost	a8sm10ms	/home/skrieder/swift/cuda/8sm10ms		INSTALLED	INTEL32::LINUX	null
localhost	a8sm100ms	/home/skrieder/swift/cuda/8sm100ms		INSTALLED	INTEL32::LINUX	null
localhost	a16sm0ms	/home/skrieder/swift/cuda/16sm0ms		INSTALLED	INTEL32::LINUX	null
localhost	a16sm1ms	/home/skrieder/swift/cuda/16sm1ms		INSTALLED	INTEL32::LINUX	null
localhost	a16sm10ms	/home/skrieder/swift/cuda/16sm10ms		INSTALLED	INTEL32::LINUX	null
localhost	a16sm100ms	/home/skrieder/swift/cuda/16sm100ms		INSTALLED	INTEL32::LINUX	null
localhost	sleep0ms	/home/skrieder/swift/c/sleep0ms			INSTALLED	INTEL32::LINUX	null
localhost	sleep1ms	/home/skrieder/swift/c/sleep1ms			INSTALLED	INTEL32::LINUX	null
localhost	sleep10ms	/home/skrieder/swift/c/sleep10ms		INSTALLED	INTEL32::LINUX	null
localhost	sleep100ms	/home/skrieder/swift/c/sleep100ms			INSTALLED	INTEL32::LINUX	null
localhost	sleep1000ms	/home/skrieder/swift/c/sleep1000ms			INSTALLED	INTEL32::LINUX	null
localhost	sleep10000ms	/home/skrieder/swift/c/sleep10000ms			INSTALLED	INTEL32::LINUX	null
localhost	hello		/home/skrieder/swift/multi/hello			INSTALLED	INTEL32::LINUX	null


2012-06-06 19:22:09,672-0500 DEBUG textfiles END TC:
2012-06-06 19:22:09,695-0500 INFO  GridExec TASK_DEFINITION: Task(type=JOB_SUBMISSION, identity=urn:0-1-1-1-1-1339028528594) is /bin/bash shared/_swiftwrap a1sm10ms-9o2vnesk -jobdir 9 -scratch  -e /home/skrieder/swift/cuda/1sm10ms -out 1.result -err stderr.txt -i -d  -if  -of 1.result -k  -cdmfile  -status files -a
2012-06-06 19:22:09,695-0500 INFO  GridExec TASK_DEFINITION: Task(type=JOB_SUBMISSION, identity=urn:0-1-0-1-1-1339028528593) is /bin/bash shared/_swiftwrap a1sm10ms-8o2vnesk -jobdir 8 -scratch  -e /home/skrieder/swift/cuda/1sm10ms -out 0.result -err stderr.txt -i -d  -if  -of 0.result -k  -cdmfile  -status files -a
2012-06-06 19:22:09,704-0500 INFO  JobSubmissionTaskHandler Submit: in: /var/tmp/3inloop-20120606-1922-760p2698 command: /bin/bash /var/tmp/3inloop-20120606-1922-760p2698/shared/_swiftwrap a1sm10ms-8o2vnesk -jobdir 8 -scratch  -e /home/skrieder/swift/cuda/1sm10ms -out 0.result -err stderr.txt -i -d  -if  -of 0.result -k  -cdmfile  -status files -a
2012-06-06 19:22:09,704-0500 INFO  JobSubmissionTaskHandler Submit: in: /var/tmp/3inloop-20120606-1922-760p2698 command: /bin/bash /var/tmp/3inloop-20120606-1922-760p2698/shared/_swiftwrap a1sm10ms-9o2vnesk -jobdir 9 -scratch  -e /home/skrieder/swift/cuda/1sm10ms -out 1.result -err stderr.txt -i -d  -if  -of 1.result -k  -cdmfile  -status files -a
2012-06-06 19:22:09,996-0500 INFO  LateBindingScheduler JobQueue: 1
2012-06-06 19:22:10,003-0500 DEBUG vdl:checkjobstatus START jobid=a1sm10ms-9o2vnesk
2012-06-06 19:22:10,015-0500 INFO  LateBindingScheduler JobQueue: 1
2012-06-06 19:22:10,016-0500 INFO  LateBindingScheduler JobQueue: 1
2012-06-06 19:22:10,017-0500 INFO  vdl:checkerrorfile FAILURE jobid=a1sm10ms-9o2vnesk - Failure file found
2012-06-06 19:22:10,019-0500 DEBUG vdl:checkjobstatus START jobid=a1sm10ms-8o2vnesk
2012-06-06 19:22:10,021-0500 INFO  LateBindingScheduler JobQueue: 2
2012-06-06 19:22:10,022-0500 INFO  LateBindingScheduler JobQueue: 1
2012-06-06 19:22:10,024-0500 INFO  vdl:checkjobstatus SUCCESS jobid=a1sm10ms-8o2vnesk - Success file found
2012-06-06 19:22:10,025-0500 INFO  LateBindingScheduler JobQueue: 1
2012-06-06 19:22:10,027-0500 DEBUG vdl:execute2 STAGING_OUT jobid=a1sm10ms-8o2vnesk
2012-06-06 19:22:10,028-0500 INFO  LateBindingScheduler JobQueue: 1
2012-06-06 19:22:10,030-0500 DEBUG vdl:execute2 STAGING_OUT jobid=a1sm10ms-9o2vnesk
2012-06-06 19:22:10,031-0500 INFO  vdl:dostageout START jobid=a1sm10ms-8o2vnesk - Staging out files
2012-06-06 19:22:10,032-0500 INFO  vdl:dostageout START jobid=a1sm10ms-9o2vnesk - Staging out files
2012-06-06 19:22:10,033-0500 DEBUG vdl:dostageout stageouts: [[$, c:messagefile - Open]]
2012-06-06 19:22:10,033-0500 DEBUG vdl:dostageout stageouts: [[$, c:messagefile - Open]]
2012-06-06 19:22:10,052-0500 DEBUG vdl:dostageout FILE_STAGE_OUT_START srcname=1.result srcdir=3inloop-20120606-1922-760p2698/shared/ srchost=localhost destdir= desthost=localhost provider=file
2012-06-06 19:22:10,052-0500 DEBUG vdl:dostageout FILE_STAGE_OUT_START srcname=0.result srcdir=3inloop-20120606-1922-760p2698/shared/ srchost=localhost destdir= desthost=localhost provider=file
2012-06-06 19:22:10,055-0500 INFO  LateBindingScheduler JobQueue: 1
2012-06-06 19:22:10,056-0500 INFO  LateBindingScheduler JobQueue: 1
2012-06-06 19:22:10,075-0500 INFO  LateBindingScheduler JobQueue: 1
2012-06-06 19:22:10,078-0500 DEBUG vdl:dostageout FILE_STAGE_OUT_END srcname=0.result srcdir=3inloop-20120606-1922-760p2698/shared/ srchost=localhost destdir= desthost=localhost provider=file
2012-06-06 19:22:10,086-0500 INFO  LateBindingScheduler JobQueue: 1
2012-06-06 19:22:10,095-0500 INFO  LateBindingScheduler JobQueue: 1
2012-06-06 19:22:10,097-0500 INFO  vdl:checkerrorfile NO_STATUS_FILE jobid=a1sm10ms-9o2vnesk - Error file missing
2012-06-06 19:22:10,102-0500 DEBUG vdl:execute2 APPLICATION_EXCEPTION jobid=a1sm10ms-9o2vnesk - Application exception: null
Caused by: org.globus.cog.abstraction.impl.file.FileNotFoundException: File not found: /var/tmp/3inloop-20120606-1922-760p2698/shared/1.result
2012-06-06 19:22:10,103-0500 INFO  vdl:dostageout END jobid=a1sm10ms-8o2vnesk - Staging out finished
2012-06-06 19:22:10,114-0500 DEBUG vdl:execute2 JOB_END jobid=a1sm10ms-8o2vnesk
2012-06-06 19:22:10,116-0500 INFO  vdl:execute END_SUCCESS thread=0-1-0-1 tr=a1sm10ms
2012-06-06 19:22:10,119-0500 DEBUG countwords PROCEDURE_END line=4
2012-06-06 19:22:10,121-0500 INFO  WeightedHostScoreScheduler CONTACT_SELECTED host=localhost, score=99.854
2012-06-06 19:22:10,122-0500 DEBUG vdl:mains FOREACH_IT_END line=12 thread=0-1-0
2012-06-06 19:22:10,124-0500 INFO  LateBindingScheduler JobQueue: 0
2012-06-06 19:22:10,127-0500 DEBUG vdl:execute2 THREAD_ASSOCIATION jobid=a1sm10ms-ao2vnesk thread=0-1-2-1-1 host=localhost replicationGroup=7o2vnesk
2012-06-06 19:22:10,129-0500 INFO  LateBindingScheduler JobQueue: 0
2012-06-06 19:22:10,134-0500 INFO  LateBindingScheduler JobQueue: 0
2012-06-06 19:22:10,137-0500 INFO  vdl:createdirset START jobid=a1sm10ms-ao2vnesk host=localhost - Initializing directory structure
2012-06-06 19:22:10,138-0500 INFO  LateBindingScheduler JobQueue: 0
2012-06-06 19:22:10,138-0500 INFO  vdl:createdirset END jobid=a1sm10ms-ao2vnesk - Done initializing directory structure
2012-06-06 19:22:10,140-0500 INFO  vdl:dostagein START jobid=a1sm10ms-ao2vnesk - Staging in files
2012-06-06 19:22:10,142-0500 INFO  vdl:dostagein END jobid=a1sm10ms-ao2vnesk - Staging in finished
2012-06-06 19:22:10,144-0500 DEBUG vdl:execute2 JOB_START jobid=a1sm10ms-ao2vnesk tr=a1sm10ms arguments=[] tmpdir=3inloop-20120606-1922-760p2698/jobs/a/a1sm10ms-ao2vnesk host=localhost
2012-06-06 19:22:10,151-0500 INFO  LateBindingScheduler JobQueue: 0
2012-06-06 19:22:10,156-0500 INFO  GridExec TASK_DEFINITION: Task(type=JOB_SUBMISSION, identity=urn:0-1-2-1-1-1339028528643) is /bin/bash shared/_swiftwrap a1sm10ms-ao2vnesk -jobdir a -scratch  -e /home/skrieder/swift/cuda/1sm10ms -out 2.result -err stderr.txt -i -d  -if  -of 2.result -k  -cdmfile  -status files -a
2012-06-06 19:22:10,157-0500 INFO  JobSubmissionTaskHandler Submit: in: /var/tmp/3inloop-20120606-1922-760p2698 command: /bin/bash /var/tmp/3inloop-20120606-1922-760p2698/shared/_swiftwrap a1sm10ms-ao2vnesk -jobdir a -scratch  -e /home/skrieder/swift/cuda/1sm10ms -out 2.result -err stderr.txt -i -d  -if  -of 2.result -k  -cdmfile  -status files -a
2012-06-06 19:22:10,172-0500 INFO  WeightedHostScoreScheduler CONTACT_SELECTED host=localhost, score=99.854
2012-06-06 19:22:10,178-0500 DEBUG vdl:execute2 THREAD_ASSOCIATION jobid=a1sm10ms-co2vnesk thread=0-1-1-1-1 host=localhost replicationGroup=bo2vnesk
2012-06-06 19:22:10,187-0500 INFO  vdl:createdirset START jobid=a1sm10ms-co2vnesk host=localhost - Initializing directory structure
2012-06-06 19:22:10,188-0500 INFO  vdl:createdirset END jobid=a1sm10ms-co2vnesk - Done initializing directory structure
2012-06-06 19:22:10,190-0500 INFO  vdl:dostagein START jobid=a1sm10ms-co2vnesk - Staging in files
2012-06-06 19:22:10,192-0500 INFO  vdl:dostagein END jobid=a1sm10ms-co2vnesk - Staging in finished
2012-06-06 19:22:10,194-0500 DEBUG vdl:execute2 JOB_START jobid=a1sm10ms-co2vnesk tr=a1sm10ms arguments=[] tmpdir=3inloop-20120606-1922-760p2698/jobs/c/a1sm10ms-co2vnesk host=localhost
2012-06-06 19:22:10,206-0500 INFO  GridExec TASK_DEFINITION: Task(type=JOB_SUBMISSION, identity=urn:0-1-1-1-1-1339028528646) is /bin/bash shared/_swiftwrap a1sm10ms-co2vnesk -jobdir c -scratch  -e /home/skrieder/swift/cuda/1sm10ms -out 1.result -err stderr.txt -i -d  -if  -of 1.result -k  -cdmfile  -status files -a
2012-06-06 19:22:10,207-0500 INFO  JobSubmissionTaskHandler Submit: in: /var/tmp/3inloop-20120606-1922-760p2698 command: /bin/bash /var/tmp/3inloop-20120606-1922-760p2698/shared/_swiftwrap a1sm10ms-co2vnesk -jobdir c -scratch  -e /home/skrieder/swift/cuda/1sm10ms -out 1.result -err stderr.txt -i -d  -if  -of 1.result -k  -cdmfile  -status files -a
2012-06-06 19:22:10,424-0500 INFO  LateBindingScheduler JobQueue: 0
2012-06-06 19:22:10,431-0500 DEBUG vdl:checkjobstatus START jobid=a1sm10ms-ao2vnesk
2012-06-06 19:22:10,441-0500 INFO  LateBindingScheduler JobQueue: 0
2012-06-06 19:22:10,446-0500 INFO  vdl:checkjobstatus SUCCESS jobid=a1sm10ms-ao2vnesk - Success file found
2012-06-06 19:22:10,451-0500 DEBUG vdl:execute2 STAGING_OUT jobid=a1sm10ms-ao2vnesk
2012-06-06 19:22:10,458-0500 INFO  vdl:dostageout START jobid=a1sm10ms-ao2vnesk - Staging out files
2012-06-06 19:22:10,459-0500 DEBUG vdl:dostageout stageouts: [[$, c:messagefile - Open]]
2012-06-06 19:22:10,466-0500 DEBUG vdl:dostageout FILE_STAGE_OUT_START srcname=2.result srcdir=3inloop-20120606-1922-760p2698/shared/ srchost=localhost destdir= desthost=localhost provider=file
2012-06-06 19:22:10,468-0500 INFO  LateBindingScheduler JobQueue: 0
2012-06-06 19:22:10,473-0500 INFO  LateBindingScheduler JobQueue: 0
2012-06-06 19:22:10,475-0500 DEBUG vdl:dostageout FILE_STAGE_OUT_END srcname=2.result srcdir=3inloop-20120606-1922-760p2698/shared/ srchost=localhost destdir= desthost=localhost provider=file
2012-06-06 19:22:10,477-0500 INFO  LateBindingScheduler JobQueue: 0
2012-06-06 19:22:10,481-0500 INFO  vdl:dostageout END jobid=a1sm10ms-ao2vnesk - Staging out finished
2012-06-06 19:22:10,486-0500 DEBUG vdl:execute2 JOB_END jobid=a1sm10ms-ao2vnesk
2012-06-06 19:22:10,487-0500 INFO  vdl:execute END_SUCCESS thread=0-1-2-1 tr=a1sm10ms
2012-06-06 19:22:10,489-0500 DEBUG countwords PROCEDURE_END line=4
2012-06-06 19:22:10,491-0500 DEBUG vdl:mains FOREACH_IT_END line=12 thread=0-1-2
2012-06-06 19:22:10,514-0500 INFO  LateBindingScheduler JobQueue: 0
2012-06-06 19:22:10,517-0500 DEBUG vdl:checkjobstatus START jobid=a1sm10ms-co2vnesk
2012-06-06 19:22:10,520-0500 INFO  LateBindingScheduler JobQueue: 0
2012-06-06 19:22:10,521-0500 INFO  vdl:checkjobstatus SUCCESS jobid=a1sm10ms-co2vnesk - Success file found
2012-06-06 19:22:10,522-0500 DEBUG vdl:execute2 STAGING_OUT jobid=a1sm10ms-co2vnesk
2012-06-06 19:22:10,524-0500 INFO  vdl:dostageout START jobid=a1sm10ms-co2vnesk - Staging out files
2012-06-06 19:22:10,525-0500 DEBUG vdl:dostageout stageouts: [[$, c:messagefile - Open]]
2012-06-06 19:22:10,532-0500 DEBUG vdl:dostageout FILE_STAGE_OUT_START srcname=1.result srcdir=3inloop-20120606-1922-760p2698/shared/ srchost=localhost destdir= desthost=localhost provider=file
2012-06-06 19:22:10,534-0500 INFO  LateBindingScheduler JobQueue: 0
2012-06-06 19:22:10,540-0500 INFO  LateBindingScheduler JobQueue: 0
2012-06-06 19:22:10,541-0500 DEBUG vdl:dostageout FILE_STAGE_OUT_END srcname=1.result srcdir=3inloop-20120606-1922-760p2698/shared/ srchost=localhost destdir= desthost=localhost provider=file
2012-06-06 19:22:10,544-0500 INFO  LateBindingScheduler JobQueue: 0
2012-06-06 19:22:10,548-0500 INFO  vdl:dostageout END jobid=a1sm10ms-co2vnesk - Staging out finished
2012-06-06 19:22:10,552-0500 DEBUG vdl:execute2 JOB_END jobid=a1sm10ms-co2vnesk
2012-06-06 19:22:10,553-0500 INFO  vdl:execute END_SUCCESS thread=0-1-1-1 tr=a1sm10ms
2012-06-06 19:22:10,554-0500 DEBUG countwords PROCEDURE_END line=4
2012-06-06 19:22:10,556-0500 DEBUG vdl:mains FOREACH_IT_END line=12 thread=0-1-1
2012-06-06 19:22:10,585-0500 DEBUG vdl:mains Starting cleanups
2012-06-06 19:22:10,586-0500 INFO  vdl:cleanups START cleanups=[[3inloop-20120606-1922-760p2698, localhost]]
2012-06-06 19:22:10,587-0500 INFO  vdl:cleanup START dir=3inloop-20120606-1922-760p2698 host=localhost
2012-06-06 19:22:10,588-0500 DEBUG vdl:cleanup cdmfile 
2012-06-06 19:22:10,590-0500 INFO  GridExec TASK_DEFINITION: Task(type=JOB_SUBMISSION, identity=urn:0-1-1339028528666) is /bin/rm -rf 3inloop-20120606-1922-760p2698
2012-06-06 19:22:10,591-0500 INFO  JobSubmissionTaskHandler Submit: in: /var/tmp command: /bin/rm -rf 3inloop-20120606-1922-760p2698
2012-06-06 19:22:10,592-0500 INFO  LateBindingScheduler JobQueue: 0
2012-06-06 19:22:10,593-0500 INFO  vdl:cleanup END dir=3inloop-20120606-1922-760p2698 host=localhost
2012-06-06 19:22:10,593-0500 INFO  vdl:cleanups END cleanups=[[3inloop-20120606-1922-760p2698, localhost]]
2012-06-06 19:22:10,593-0500 DEBUG vdl:mains Ending cleanups
2012-06-06 19:22:10,594-0500 INFO  Loader Swift finished with no errors
