2012-06-08 09:21:29,216-0500 DEBUG Loader arguments: [-tc.file, tc.data, -sites.file, 0-throttle-sites.xml, 3inloop.swift]
2012-06-08 09:21:29,216-0500 DEBUG Loader Max heap: 252248064
2012-06-08 09:21:29,217-0500 DEBUG textfiles BEGIN SWIFTSCRIPT:

type messagefile; 

app (messagefile t) countwords () {   
     hello stdout=@filename(t);
}

string outputNames = "test1 test2 test3";

messagefile outputfiles[] <fixed_array_mapper;files=outputNames>;

foreach f,i in outputfiles {
  messagefile c <single_file_mapper; file=@strcat(i, ".result")>;
  c = countwords();
}


2012-06-08 09:21:29,217-0500 DEBUG textfiles END SWIFTSCRIPT:
2012-06-08 09:21:29,217-0500 DEBUG Loader kmlversion is >239b8550-a5ff-44be-a124-5e7ecd70737d<
2012-06-08 09:21:29,217-0500 DEBUG Loader build version is >239b8550-a5ff-44be-a124-5e7ecd70737d<
2012-06-08 09:21:29,217-0500 DEBUG Loader Recompilation suppressed.
2012-06-08 09:21:29,364-0500 DEBUG Loader setting: sites.file to: 0-throttle-sites.xml
2012-06-08 09:21:29,364-0500 DEBUG Loader setting: tc.file to: tc.data
2012-06-08 09:21:29,364-0500 DEBUG textfiles BEGIN SITES:
<config>

  <pool handle="localhost">
    <filesystem provider="local" />
    <execution provider="local" />
    <workdirectory >/var/tmp</workdirectory>
    <profile namespace="karajan" key="jobThrottle">.01</profile>
    <profile namespace="karajan" key="initialScore">10000</profile>
  </pool>

</config>


2012-06-08 09:21:29,364-0500 DEBUG textfiles END SITES:
2012-06-08 09:21:29,368-0500 INFO  VDL2ExecutionContext Stack dump:
Level 1
[iA = 0, iB = 0, bA = false, bB = false]
	vdl:instanceconfig = Swift configuration []
	vdl:operation = run
	swift.home = /usr/local/swift/bin/..
	PATH_SEPARATOR = /


2012-06-08 09:21:30,035-0500 INFO  unknown Using sites file: 0-throttle-sites.xml
2012-06-08 09:21:30,072-0500 INFO  unknown Using tc.data: tc.data
2012-06-08 09:21:30,240-0500 INFO  AbstractScheduler Setting resources to: {localhost=localhost}
2012-06-08 09:21:30,989-0500 INFO  unknown Swift 0.93 swift-r5483 cog-r3339

2012-06-08 09:21:30,990-0500 INFO  unknown RUNID id=run:20120608-0921-ompetaz2
2012-06-08 09:21:31,041-0500 INFO  SetFieldValue Set: outputNames=test1 test2 test3
2012-06-08 09:21:31,067-0500 INFO  RootDataNode Found data outputfiles:messagefile[] - Open.[0]
2012-06-08 09:21:31,067-0500 INFO  RootDataNode Found data outputfiles:messagefile[] - Open.[1]
2012-06-08 09:21:31,067-0500 INFO  RootDataNode Found data outputfiles:messagefile[] - Open.[2]
2012-06-08 09:21:31,071-0500 DEBUG vdl:mains FOREACH_IT_START line=12 thread=0-1-1
2012-06-08 09:21:31,071-0500 DEBUG vdl:mains SCOPE thread=0-1-1
2012-06-08 09:21:31,072-0500 DEBUG vdl:mains FOREACH_IT_START line=12 thread=0-1-2
2012-06-08 09:21:31,072-0500 DEBUG vdl:mains FOREACH_IT_START line=12 thread=0-1-0
2012-06-08 09:21:31,072-0500 DEBUG vdl:mains SCOPE thread=0-1-2
2012-06-08 09:21:31,073-0500 DEBUG vdl:mains SCOPE thread=0-1-0
2012-06-08 09:21:31,082-0500 INFO  SetFieldValue Set: swift#mapper#17001=2.result
2012-06-08 09:21:31,082-0500 INFO  SetFieldValue Set: swift#mapper#17001=1.result
2012-06-08 09:21:31,082-0500 INFO  SetFieldValue Set: swift#mapper#17001=0.result
2012-06-08 09:21:31,083-0500 DEBUG countwords PROCEDURE line=4 thread=0-1-2-1 name=countwords
2012-06-08 09:21:31,083-0500 DEBUG countwords PROCEDURE line=4 thread=0-1-1-1 name=countwords
2012-06-08 09:21:31,085-0500 DEBUG countwords PROCEDURE line=4 thread=0-1-0-1 name=countwords
2012-06-08 09:21:31,086-0500 INFO  RootDataNode Found mapped data c:messagefile - Open.$
2012-06-08 09:21:31,086-0500 INFO  RootDataNode Found mapped data c:messagefile - Open.$
2012-06-08 09:21:31,086-0500 INFO  RootDataNode Found mapped data c:messagefile - Open.$
2012-06-08 09:21:31,098-0500 INFO  vdl:execute START thread=0-1-0-1 tr=hello
2012-06-08 09:21:31,098-0500 INFO  vdl:execute START thread=0-1-1-1 tr=hello
2012-06-08 09:21:31,098-0500 INFO  vdl:execute START thread=0-1-2-1 tr=hello
2012-06-08 09:21:31,123-0500 INFO  WeightedHostScoreScheduler CONTACT_SELECTED host=localhost, score=99.854
2012-06-08 09:21:31,125-0500 INFO  WeightedHostScoreScheduler CONTACT_SELECTED host=localhost, score=99.854
2012-06-08 09:21:31,130-0500 INFO  GlobalSubmitQueue No global submit throttle set. Using default (1024)
2012-06-08 09:21:31,135-0500 INFO  LateBindingScheduler JobQueue: 1
2012-06-08 09:21:31,138-0500 INFO  LateBindingScheduler JobQueue: 1
2012-06-08 09:21:31,144-0500 INFO  vdl:initshareddir START host=localhost - Initializing shared directory
2012-06-08 09:21:31,150-0500 INFO  LateBindingScheduler JobQueue: 1
2012-06-08 09:21:31,178-0500 INFO  LateBindingScheduler JobQueue: 1
2012-06-08 09:21:31,184-0500 INFO  LateBindingScheduler JobQueue: 1
2012-06-08 09:21:31,188-0500 INFO  LateBindingScheduler JobQueue: 1
2012-06-08 09:21:31,195-0500 INFO  LateBindingScheduler JobQueue: 1
2012-06-08 09:21:31,202-0500 INFO  LateBindingScheduler JobQueue: 1
2012-06-08 09:21:31,206-0500 INFO  vdl:initshareddir END host=localhost - Done initializing shared directory
2012-06-08 09:21:31,213-0500 DEBUG vdl:execute2 THREAD_ASSOCIATION jobid=hello-uot0ahsk thread=0-1-2-1-1 host=localhost replicationGroup=rot0ahsk
2012-06-08 09:21:31,213-0500 DEBUG vdl:execute2 THREAD_ASSOCIATION jobid=hello-vot0ahsk thread=0-1-1-1-1 host=localhost replicationGroup=sot0ahsk
2012-06-08 09:21:31,238-0500 INFO  vdl:createdirset START jobid=hello-uot0ahsk host=localhost - Initializing directory structure
2012-06-08 09:21:31,238-0500 INFO  vdl:createdirset START jobid=hello-vot0ahsk host=localhost - Initializing directory structure
2012-06-08 09:21:31,240-0500 INFO  vdl:createdirset END jobid=hello-uot0ahsk - Done initializing directory structure
2012-06-08 09:21:31,240-0500 INFO  vdl:createdirset END jobid=hello-vot0ahsk - Done initializing directory structure
2012-06-08 09:21:31,243-0500 INFO  vdl:dostagein START jobid=hello-uot0ahsk - Staging in files
2012-06-08 09:21:31,243-0500 INFO  vdl:dostagein START jobid=hello-vot0ahsk - Staging in files
2012-06-08 09:21:31,254-0500 INFO  vdl:dostagein END jobid=hello-vot0ahsk - Staging in finished
2012-06-08 09:21:31,254-0500 INFO  vdl:dostagein END jobid=hello-uot0ahsk - Staging in finished
2012-06-08 09:21:31,261-0500 DEBUG vdl:execute2 JOB_START jobid=hello-uot0ahsk tr=hello arguments=[] tmpdir=3inloop-20120608-0921-ompetaz2/jobs/u/hello-uot0ahsk host=localhost
2012-06-08 09:21:31,261-0500 DEBUG vdl:execute2 JOB_START jobid=hello-vot0ahsk tr=hello arguments=[] tmpdir=3inloop-20120608-0921-ompetaz2/jobs/v/hello-vot0ahsk host=localhost
2012-06-08 09:21:31,274-0500 DEBUG textfiles BEGIN TC:
#This is the transformation catalog.
#
#It comes pre-configured with a number of simple transformations with
#paths that are likely to work on a linux box. However, on some systems,
#the paths to these executables will be different (for example, sometimes
#some of these programs are found in /usr/bin rather than in /bin)
#
#NOTE WELL: fields in this file must be separated by tabs, not spaces; and
#there must be no trailing whitespace at the end of each line.
#
# sitename  transformation  path   INSTALLED  platform  profiles
localhost 	echo 		/bin/echo	INSTALLED	INTEL32::LINUX	null
localhost 	cat 		/bin/cat	INSTALLED	INTEL32::LINUX	null
localhost 	ls 		/bin/ls		INSTALLED	INTEL32::LINUX	null
localhost 	grep 		/bin/grep	INSTALLED	INTEL32::LINUX	null
localhost 	sort 		/bin/sort	INSTALLED	INTEL32::LINUX	null
localhost 	paste 		/bin/paste	INSTALLED	INTEL32::LINUX	null
localhost 	cp 		/bin/cp         INSTALLED	INTEL32::LINUX	null
localhost 	touch 		/bin/touch      INSTALLED	INTEL32::LINUX	null
localhost	wc		/usr/bin/wc	INSTALLED	INTEL32::LINUX	null
localhost	sh		/bin/wc		INSTALLED	INTEL32::LINUX	null
localhost	scott3a		/home/skrieder/swift/multi/scott3a.sh		INSTALLED	INTEL32::LINUX	null
localhost	scott3b		/home/skrieder/swift/multi/scott3b.sh		INSTALLED	INTEL32::LINUX	null
localhost	cka		/home/skrieder/swift/cuda/1sm1ms		INSTALLED	INTEL32::LINUX	null
localhost	a1sm0ms		/home/skrieder/swift/cuda/1sm0ms		INSTALLED	INTEL32::LINUX	null
localhost	a1sm1ms		/home/skrieder/swift/cuda/1sm1ms		INSTALLED	INTEL32::LINUX	null
localhost	a1sm10ms	/home/skrieder/swift/cuda/1sm10ms		INSTALLED	INTEL32::LINUX	null
localhost	a1sm100ms	/home/skrieder/swift/cuda/1sm100ms		INSTALLED	INTEL32::LINUX	null
localhost	a2sm0ms		/home/skrieder/swift/cuda/2sm0ms		INSTALLED	INTEL32::LINUX	null
localhost	a2sm1ms		/home/skrieder/swift/cuda/2sm1ms		INSTALLED	INTEL32::LINUX	null
localhost	a2sm10ms	/home/skrieder/swift/cuda/2sm10ms		INSTALLED	INTEL32::LINUX	null
localhost	a2sm100ms	/home/skrieder/swift/cuda/2sm100ms		INSTALLED	INTEL32::LINUX	null
localhost	a4sm0ms		/home/skrieder/swift/cuda/4sm0ms		INSTALLED	INTEL32::LINUX	null
localhost	a4sm1ms		/home/skrieder/swift/cuda/4sm1ms		INSTALLED	INTEL32::LINUX	null
localhost	a4sm10ms	/home/skrieder/swift/cuda/4sm10ms		INSTALLED	INTEL32::LINUX	null
localhost	a4sm100ms	/home/skrieder/swift/cuda/4sm100ms		INSTALLED	INTEL32::LINUX	null
localhost	a8sm0ms		/home/skrieder/swift/cuda/8sm0ms		INSTALLED	INTEL32::LINUX	null
localhost	a8sm1ms		/home/skrieder/swift/cuda/8sm1ms		INSTALLED	INTEL32::LINUX	null
localhost	a8sm10ms	/home/skrieder/swift/cuda/8sm10ms		INSTALLED	INTEL32::LINUX	null
localhost	a8sm100ms	/home/skrieder/swift/cuda/8sm100ms		INSTALLED	INTEL32::LINUX	null
localhost	a16sm0ms	/home/skrieder/swift/cuda/16sm0ms		INSTALLED	INTEL32::LINUX	null
localhost	a16sm1ms	/home/skrieder/swift/cuda/16sm1ms		INSTALLED	INTEL32::LINUX	null
localhost	a16sm10ms	/home/skrieder/swift/cuda/16sm10ms		INSTALLED	INTEL32::LINUX	null
localhost	a16sm100ms	/home/skrieder/swift/cuda/16sm100ms		INSTALLED	INTEL32::LINUX	null
localhost	sleep0ms	/home/skrieder/swift/c/sleep0ms			INSTALLED	INTEL32::LINUX	null
localhost	sleep1ms	/home/skrieder/swift/c/sleep1ms			INSTALLED	INTEL32::LINUX	null
localhost	sleep10ms	/home/skrieder/swift/c/sleep10ms		INSTALLED	INTEL32::LINUX	null
localhost	sleep100ms	/home/skrieder/swift/c/sleep100ms			INSTALLED	INTEL32::LINUX	null
localhost	sleep1000ms	/home/skrieder/swift/c/sleep1000ms			INSTALLED	INTEL32::LINUX	null
localhost	sleep10000ms	/home/skrieder/swift/c/sleep10000ms			INSTALLED	INTEL32::LINUX	null
localhost	hello		/home/skrieder/swift/multi/hello			INSTALLED	INTEL32::LINUX	null


2012-06-08 09:21:31,275-0500 DEBUG textfiles END TC:
2012-06-08 09:21:31,296-0500 INFO  GridExec TASK_DEFINITION: Task(type=JOB_SUBMISSION, identity=urn:0-1-2-1-1-1339165290066) is /bin/bash shared/_swiftwrap hello-uot0ahsk -jobdir u -scratch  -e /home/skrieder/swift/multi/hello -out 2.result -err stderr.txt -i -d  -if  -of 2.result -k  -cdmfile  -status files -a
2012-06-08 09:21:31,296-0500 INFO  GridExec TASK_DEFINITION: Task(type=JOB_SUBMISSION, identity=urn:0-1-1-1-1-1339165290067) is /bin/bash shared/_swiftwrap hello-vot0ahsk -jobdir v -scratch  -e /home/skrieder/swift/multi/hello -out 1.result -err stderr.txt -i -d  -if  -of 1.result -k  -cdmfile  -status files -a
2012-06-08 09:21:31,314-0500 INFO  JobSubmissionTaskHandler Submit: in: /var/tmp/3inloop-20120608-0921-ompetaz2 command: /bin/bash /var/tmp/3inloop-20120608-0921-ompetaz2/shared/_swiftwrap hello-uot0ahsk -jobdir u -scratch  -e /home/skrieder/swift/multi/hello -out 2.result -err stderr.txt -i -d  -if  -of 2.result -k  -cdmfile  -status files -a
2012-06-08 09:21:31,314-0500 INFO  JobSubmissionTaskHandler Submit: in: /var/tmp/3inloop-20120608-0921-ompetaz2 command: /bin/bash /var/tmp/3inloop-20120608-0921-ompetaz2/shared/_swiftwrap hello-vot0ahsk -jobdir v -scratch  -e /home/skrieder/swift/multi/hello -out 1.result -err stderr.txt -i -d  -if  -of 1.result -k  -cdmfile  -status files -a
2012-06-08 09:21:31,443-0500 INFO  LateBindingScheduler JobQueue: 1
2012-06-08 09:21:31,443-0500 INFO  LateBindingScheduler JobQueue: 1
2012-06-08 09:21:31,450-0500 DEBUG vdl:checkjobstatus START jobid=hello-uot0ahsk
2012-06-08 09:21:31,450-0500 DEBUG vdl:checkjobstatus START jobid=hello-vot0ahsk
2012-06-08 09:21:31,463-0500 INFO  LateBindingScheduler JobQueue: 1
2012-06-08 09:21:31,463-0500 INFO  LateBindingScheduler JobQueue: 1
2012-06-08 09:21:31,465-0500 INFO  vdl:checkerrorfile FAILURE jobid=hello-vot0ahsk - Failure file found
2012-06-08 09:21:31,465-0500 INFO  vdl:checkerrorfile FAILURE jobid=hello-uot0ahsk - Failure file found
2012-06-08 09:21:31,469-0500 INFO  LateBindingScheduler JobQueue: 1
2012-06-08 09:21:31,470-0500 INFO  LateBindingScheduler JobQueue: 1
2012-06-08 09:21:31,474-0500 INFO  LateBindingScheduler JobQueue: 1
2012-06-08 09:21:31,474-0500 INFO  LateBindingScheduler JobQueue: 1
2012-06-08 09:21:31,476-0500 INFO  LateBindingScheduler JobQueue: 1
2012-06-08 09:21:31,477-0500 INFO  LateBindingScheduler JobQueue: 1
2012-06-08 09:21:31,480-0500 DEBUG vdl:execute2 STAGING_OUT jobid=hello-uot0ahsk
2012-06-08 09:21:31,480-0500 DEBUG vdl:execute2 STAGING_OUT jobid=hello-vot0ahsk
2012-06-08 09:21:31,484-0500 INFO  vdl:dostageout START jobid=hello-vot0ahsk - Staging out files
2012-06-08 09:21:31,484-0500 INFO  vdl:dostageout START jobid=hello-uot0ahsk - Staging out files
2012-06-08 09:21:31,485-0500 DEBUG vdl:dostageout stageouts: [[$, c:messagefile - Open]]
2012-06-08 09:21:31,485-0500 DEBUG vdl:dostageout stageouts: [[$, c:messagefile - Open]]
2012-06-08 09:21:31,505-0500 DEBUG vdl:dostageout FILE_STAGE_OUT_START srcname=2.result srcdir=3inloop-20120608-0921-ompetaz2/shared/ srchost=localhost destdir= desthost=localhost provider=file
2012-06-08 09:21:31,505-0500 DEBUG vdl:dostageout FILE_STAGE_OUT_START srcname=1.result srcdir=3inloop-20120608-0921-ompetaz2/shared/ srchost=localhost destdir= desthost=localhost provider=file
2012-06-08 09:21:31,508-0500 INFO  LateBindingScheduler JobQueue: 1
2012-06-08 09:21:31,508-0500 INFO  LateBindingScheduler JobQueue: 1
2012-06-08 09:21:31,546-0500 INFO  LateBindingScheduler JobQueue: 2
2012-06-08 09:21:31,547-0500 INFO  LateBindingScheduler JobQueue: 1
2012-06-08 09:21:31,548-0500 INFO  vdl:checkerrorfile NO_STATUS_FILE jobid=hello-uot0ahsk - Error file missing
2012-06-08 09:21:31,548-0500 INFO  vdl:checkerrorfile NO_STATUS_FILE jobid=hello-vot0ahsk - Error file missing
2012-06-08 09:21:31,549-0500 DEBUG vdl:execute2 APPLICATION_EXCEPTION jobid=hello-vot0ahsk - Application exception: null
Caused by: org.globus.cog.abstraction.impl.file.FileNotFoundException: File not found: /var/tmp/3inloop-20120608-0921-ompetaz2/shared/1.result
2012-06-08 09:21:31,549-0500 DEBUG vdl:execute2 APPLICATION_EXCEPTION jobid=hello-uot0ahsk - Application exception: null
Caused by: org.globus.cog.abstraction.impl.file.FileNotFoundException: File not found: /var/tmp/3inloop-20120608-0921-ompetaz2/shared/2.result
2012-06-08 09:21:31,558-0500 INFO  LateBindingScheduler JobQueue: 1
2012-06-08 09:21:31,558-0500 INFO  LateBindingScheduler JobQueue: 1
2012-06-08 09:21:31,561-0500 INFO  LateBindingScheduler JobQueue: 1
2012-06-08 09:21:31,561-0500 INFO  LateBindingScheduler JobQueue: 1
2012-06-08 09:21:31,565-0500 INFO  LateBindingScheduler JobQueue: 1
2012-06-08 09:21:31,566-0500 INFO  LateBindingScheduler JobQueue: 1
2012-06-08 09:21:31,567-0500 INFO  LateBindingScheduler JobQueue: 1
2012-06-08 09:21:31,569-0500 INFO  LateBindingScheduler JobQueue: 1
2012-06-08 09:21:31,573-0500 INFO  LateBindingScheduler JobQueue: 1
2012-06-08 09:21:31,575-0500 INFO  LateBindingScheduler JobQueue: 1
2012-06-08 09:21:31,588-0500 INFO  WeightedHostScoreScheduler CONTACT_SELECTED host=localhost, score=99.853
2012-06-08 09:21:31,589-0500 INFO  WeightedHostScoreScheduler CONTACT_SELECTED host=localhost, score=99.853
2012-06-08 09:21:31,594-0500 DEBUG vdl:execute2 THREAD_ASSOCIATION jobid=hello-zot0ahsk thread=0-1-0-1-1 host=localhost replicationGroup=tot0ahsk
2012-06-08 09:21:31,595-0500 DEBUG vdl:execute2 THREAD_ASSOCIATION jobid=hello-0pt0ahsk thread=0-1-1-1-1 host=localhost replicationGroup=xot0ahsk
2012-06-08 09:21:31,604-0500 INFO  vdl:createdirset START jobid=hello-zot0ahsk host=localhost - Initializing directory structure
2012-06-08 09:21:31,605-0500 INFO  vdl:createdirset END jobid=hello-zot0ahsk - Done initializing directory structure
2012-06-08 09:21:31,606-0500 INFO  vdl:createdirset START jobid=hello-0pt0ahsk host=localhost - Initializing directory structure
2012-06-08 09:21:31,607-0500 INFO  vdl:dostagein START jobid=hello-zot0ahsk - Staging in files
2012-06-08 09:21:31,607-0500 INFO  vdl:createdirset END jobid=hello-0pt0ahsk - Done initializing directory structure
2012-06-08 09:21:31,609-0500 INFO  vdl:dostagein START jobid=hello-0pt0ahsk - Staging in files
2012-06-08 09:21:31,609-0500 INFO  vdl:dostagein END jobid=hello-zot0ahsk - Staging in finished
2012-06-08 09:21:31,611-0500 INFO  vdl:dostagein END jobid=hello-0pt0ahsk - Staging in finished
2012-06-08 09:21:31,611-0500 DEBUG vdl:execute2 JOB_START jobid=hello-zot0ahsk tr=hello arguments=[] tmpdir=3inloop-20120608-0921-ompetaz2/jobs/z/hello-zot0ahsk host=localhost
2012-06-08 09:21:31,613-0500 DEBUG vdl:execute2 JOB_START jobid=hello-0pt0ahsk tr=hello arguments=[] tmpdir=3inloop-20120608-0921-ompetaz2/jobs/0/hello-0pt0ahsk host=localhost
2012-06-08 09:21:31,624-0500 INFO  GridExec TASK_DEFINITION: Task(type=JOB_SUBMISSION, identity=urn:0-1-0-1-1-1339165290147) is /bin/bash shared/_swiftwrap hello-zot0ahsk -jobdir z -scratch  -e /home/skrieder/swift/multi/hello -out 0.result -err stderr.txt -i -d  -if  -of 0.result -k  -cdmfile  -status files -a
2012-06-08 09:21:31,625-0500 INFO  JobSubmissionTaskHandler Submit: in: /var/tmp/3inloop-20120608-0921-ompetaz2 command: /bin/bash /var/tmp/3inloop-20120608-0921-ompetaz2/shared/_swiftwrap hello-zot0ahsk -jobdir z -scratch  -e /home/skrieder/swift/multi/hello -out 0.result -err stderr.txt -i -d  -if  -of 0.result -k  -cdmfile  -status files -a
2012-06-08 09:21:31,627-0500 INFO  GridExec TASK_DEFINITION: Task(type=JOB_SUBMISSION, identity=urn:0-1-1-1-1-1339165290149) is /bin/bash shared/_swiftwrap hello-0pt0ahsk -jobdir 0 -scratch  -e /home/skrieder/swift/multi/hello -out 1.result -err stderr.txt -i -d  -if  -of 1.result -k  -cdmfile  -status files -a
2012-06-08 09:21:31,627-0500 INFO  JobSubmissionTaskHandler Submit: in: /var/tmp/3inloop-20120608-0921-ompetaz2 command: /bin/bash /var/tmp/3inloop-20120608-0921-ompetaz2/shared/_swiftwrap hello-0pt0ahsk -jobdir 0 -scratch  -e /home/skrieder/swift/multi/hello -out 1.result -err stderr.txt -i -d  -if  -of 1.result -k  -cdmfile  -status files -a
2012-06-08 09:21:31,749-0500 INFO  LateBindingScheduler JobQueue: 1
2012-06-08 09:21:31,751-0500 INFO  LateBindingScheduler JobQueue: 1
2012-06-08 09:21:31,752-0500 DEBUG vdl:checkjobstatus START jobid=hello-zot0ahsk
2012-06-08 09:21:31,754-0500 DEBUG vdl:checkjobstatus START jobid=hello-0pt0ahsk
2012-06-08 09:21:31,760-0500 INFO  LateBindingScheduler JobQueue: 1
2012-06-08 09:21:31,761-0500 INFO  vdl:checkerrorfile FAILURE jobid=hello-zot0ahsk - Failure file found
2012-06-08 09:21:31,762-0500 INFO  LateBindingScheduler JobQueue: 1
2012-06-08 09:21:31,763-0500 INFO  vdl:checkerrorfile FAILURE jobid=hello-0pt0ahsk - Failure file found
2012-06-08 09:21:31,765-0500 INFO  LateBindingScheduler JobQueue: 1
2012-06-08 09:21:31,767-0500 INFO  LateBindingScheduler JobQueue: 1
2012-06-08 09:21:31,768-0500 INFO  LateBindingScheduler JobQueue: 2
2012-06-08 09:21:31,769-0500 INFO  LateBindingScheduler JobQueue: 1
2012-06-08 09:21:31,770-0500 INFO  LateBindingScheduler JobQueue: 2
2012-06-08 09:21:31,771-0500 INFO  LateBindingScheduler JobQueue: 1
2012-06-08 09:21:31,772-0500 DEBUG vdl:execute2 STAGING_OUT jobid=hello-zot0ahsk
2012-06-08 09:21:31,773-0500 DEBUG vdl:execute2 STAGING_OUT jobid=hello-0pt0ahsk
2012-06-08 09:21:31,774-0500 INFO  vdl:dostageout START jobid=hello-zot0ahsk - Staging out files
2012-06-08 09:21:31,774-0500 DEBUG vdl:dostageout stageouts: [[$, c:messagefile - Open]]
2012-06-08 09:21:31,775-0500 INFO  vdl:dostageout START jobid=hello-0pt0ahsk - Staging out files
2012-06-08 09:21:31,776-0500 DEBUG vdl:dostageout stageouts: [[$, c:messagefile - Open]]
2012-06-08 09:21:31,782-0500 DEBUG vdl:dostageout FILE_STAGE_OUT_START srcname=0.result srcdir=3inloop-20120608-0921-ompetaz2/shared/ srchost=localhost destdir= desthost=localhost provider=file
2012-06-08 09:21:31,783-0500 DEBUG vdl:dostageout FILE_STAGE_OUT_START srcname=1.result srcdir=3inloop-20120608-0921-ompetaz2/shared/ srchost=localhost destdir= desthost=localhost provider=file
2012-06-08 09:21:31,785-0500 INFO  LateBindingScheduler JobQueue: 1
2012-06-08 09:21:31,785-0500 INFO  LateBindingScheduler JobQueue: 1
2012-06-08 09:21:31,806-0500 INFO  LateBindingScheduler JobQueue: 1
2012-06-08 09:21:31,806-0500 INFO  LateBindingScheduler JobQueue: 1
2012-06-08 09:21:31,807-0500 INFO  vdl:checkerrorfile NO_STATUS_FILE jobid=hello-zot0ahsk - Error file missing
2012-06-08 09:21:31,808-0500 INFO  vdl:checkerrorfile NO_STATUS_FILE jobid=hello-0pt0ahsk - Error file missing
2012-06-08 09:21:31,809-0500 DEBUG vdl:execute2 APPLICATION_EXCEPTION jobid=hello-zot0ahsk - Application exception: null
Caused by: org.globus.cog.abstraction.impl.file.FileNotFoundException: File not found: /var/tmp/3inloop-20120608-0921-ompetaz2/shared/0.result
2012-06-08 09:21:31,809-0500 DEBUG vdl:execute2 APPLICATION_EXCEPTION jobid=hello-0pt0ahsk - Application exception: null
Caused by: org.globus.cog.abstraction.impl.file.FileNotFoundException: File not found: /var/tmp/3inloop-20120608-0921-ompetaz2/shared/1.result
2012-06-08 09:21:31,820-0500 INFO  LateBindingScheduler JobQueue: 1
2012-06-08 09:21:31,821-0500 INFO  LateBindingScheduler JobQueue: 1
2012-06-08 09:21:31,824-0500 INFO  LateBindingScheduler JobQueue: 1
2012-06-08 09:21:31,824-0500 INFO  LateBindingScheduler JobQueue: 1
2012-06-08 09:21:31,829-0500 INFO  LateBindingScheduler JobQueue: 1
2012-06-08 09:21:31,830-0500 INFO  LateBindingScheduler JobQueue: 1
2012-06-08 09:21:31,833-0500 INFO  LateBindingScheduler JobQueue: 1
2012-06-08 09:21:31,833-0500 INFO  LateBindingScheduler JobQueue: 1
2012-06-08 09:21:31,839-0500 INFO  LateBindingScheduler JobQueue: 1
2012-06-08 09:21:31,840-0500 INFO  LateBindingScheduler JobQueue: 1
2012-06-08 09:21:31,855-0500 INFO  WeightedHostScoreScheduler CONTACT_SELECTED host=localhost, score=99.853
2012-06-08 09:21:31,856-0500 INFO  WeightedHostScoreScheduler CONTACT_SELECTED host=localhost, score=99.853
2012-06-08 09:21:31,861-0500 DEBUG vdl:execute2 THREAD_ASSOCIATION jobid=hello-3pt0ahsk thread=0-1-2-1-1 host=localhost replicationGroup=yot0ahsk
2012-06-08 09:21:31,862-0500 DEBUG vdl:execute2 THREAD_ASSOCIATION jobid=hello-4pt0ahsk thread=0-1-0-1-1 host=localhost replicationGroup=1pt0ahsk
2012-06-08 09:21:31,871-0500 INFO  vdl:createdirset START jobid=hello-3pt0ahsk host=localhost - Initializing directory structure
2012-06-08 09:21:31,872-0500 INFO  vdl:createdirset END jobid=hello-3pt0ahsk - Done initializing directory structure
2012-06-08 09:21:31,872-0500 INFO  vdl:createdirset START jobid=hello-4pt0ahsk host=localhost - Initializing directory structure
2012-06-08 09:21:31,873-0500 INFO  vdl:createdirset END jobid=hello-4pt0ahsk - Done initializing directory structure
2012-06-08 09:21:31,873-0500 INFO  vdl:dostagein START jobid=hello-3pt0ahsk - Staging in files
2012-06-08 09:21:31,875-0500 INFO  vdl:dostagein START jobid=hello-4pt0ahsk - Staging in files
2012-06-08 09:21:31,876-0500 INFO  vdl:dostagein END jobid=hello-3pt0ahsk - Staging in finished
2012-06-08 09:21:31,877-0500 INFO  vdl:dostagein END jobid=hello-4pt0ahsk - Staging in finished
2012-06-08 09:21:31,878-0500 DEBUG vdl:execute2 JOB_START jobid=hello-3pt0ahsk tr=hello arguments=[] tmpdir=3inloop-20120608-0921-ompetaz2/jobs/3/hello-3pt0ahsk host=localhost
2012-06-08 09:21:31,879-0500 DEBUG vdl:execute2 JOB_START jobid=hello-4pt0ahsk tr=hello arguments=[] tmpdir=3inloop-20120608-0921-ompetaz2/jobs/4/hello-4pt0ahsk host=localhost
2012-06-08 09:21:31,889-0500 INFO  GridExec TASK_DEFINITION: Task(type=JOB_SUBMISSION, identity=urn:0-1-2-1-1-1339165290227) is /bin/bash shared/_swiftwrap hello-3pt0ahsk -jobdir 3 -scratch  -e /home/skrieder/swift/multi/hello -out 2.result -err stderr.txt -i -d  -if  -of 2.result -k  -cdmfile  -status files -a
2012-06-08 09:21:31,890-0500 INFO  JobSubmissionTaskHandler Submit: in: /var/tmp/3inloop-20120608-0921-ompetaz2 command: /bin/bash /var/tmp/3inloop-20120608-0921-ompetaz2/shared/_swiftwrap hello-3pt0ahsk -jobdir 3 -scratch  -e /home/skrieder/swift/multi/hello -out 2.result -err stderr.txt -i -d  -if  -of 2.result -k  -cdmfile  -status files -a
2012-06-08 09:21:31,890-0500 INFO  GridExec TASK_DEFINITION: Task(type=JOB_SUBMISSION, identity=urn:0-1-0-1-1-1339165290229) is /bin/bash shared/_swiftwrap hello-4pt0ahsk -jobdir 4 -scratch  -e /home/skrieder/swift/multi/hello -out 0.result -err stderr.txt -i -d  -if  -of 0.result -k  -cdmfile  -status files -a
2012-06-08 09:21:31,891-0500 INFO  JobSubmissionTaskHandler Submit: in: /var/tmp/3inloop-20120608-0921-ompetaz2 command: /bin/bash /var/tmp/3inloop-20120608-0921-ompetaz2/shared/_swiftwrap hello-4pt0ahsk -jobdir 4 -scratch  -e /home/skrieder/swift/multi/hello -out 0.result -err stderr.txt -i -d  -if  -of 0.result -k  -cdmfile  -status files -a
2012-06-08 09:21:32,034-0500 INFO  LateBindingScheduler JobQueue: 1
2012-06-08 09:21:32,035-0500 INFO  LateBindingScheduler JobQueue: 1
2012-06-08 09:21:32,037-0500 DEBUG vdl:checkjobstatus START jobid=hello-3pt0ahsk
2012-06-08 09:21:32,038-0500 DEBUG vdl:checkjobstatus START jobid=hello-4pt0ahsk
2012-06-08 09:21:32,045-0500 INFO  LateBindingScheduler JobQueue: 1
2012-06-08 09:21:32,045-0500 INFO  LateBindingScheduler JobQueue: 1
2012-06-08 09:21:32,046-0500 INFO  vdl:checkerrorfile FAILURE jobid=hello-3pt0ahsk - Failure file found
2012-06-08 09:21:32,047-0500 INFO  vdl:checkerrorfile FAILURE jobid=hello-4pt0ahsk - Failure file found
2012-06-08 09:21:32,049-0500 INFO  LateBindingScheduler JobQueue: 1
2012-06-08 09:21:32,050-0500 INFO  LateBindingScheduler JobQueue: 1
2012-06-08 09:21:32,053-0500 INFO  LateBindingScheduler JobQueue: 2
2012-06-08 09:21:32,053-0500 INFO  LateBindingScheduler JobQueue: 1
2012-06-08 09:21:32,054-0500 INFO  LateBindingScheduler JobQueue: 1
2012-06-08 09:21:32,056-0500 INFO  LateBindingScheduler JobQueue: 1
2012-06-08 09:21:32,056-0500 DEBUG vdl:execute2 STAGING_OUT jobid=hello-3pt0ahsk
2012-06-08 09:21:32,058-0500 DEBUG vdl:execute2 STAGING_OUT jobid=hello-4pt0ahsk
2012-06-08 09:21:32,059-0500 INFO  vdl:dostageout START jobid=hello-3pt0ahsk - Staging out files
2012-06-08 09:21:32,059-0500 INFO  vdl:dostageout START jobid=hello-4pt0ahsk - Staging out files
2012-06-08 09:21:32,060-0500 DEBUG vdl:dostageout stageouts: [[$, c:messagefile - Open]]
2012-06-08 09:21:32,060-0500 DEBUG vdl:dostageout stageouts: [[$, c:messagefile - Open]]
2012-06-08 09:21:32,067-0500 DEBUG vdl:dostageout FILE_STAGE_OUT_START srcname=2.result srcdir=3inloop-20120608-0921-ompetaz2/shared/ srchost=localhost destdir= desthost=localhost provider=file
2012-06-08 09:21:32,068-0500 DEBUG vdl:dostageout FILE_STAGE_OUT_START srcname=0.result srcdir=3inloop-20120608-0921-ompetaz2/shared/ srchost=localhost destdir= desthost=localhost provider=file
2012-06-08 09:21:32,069-0500 INFO  LateBindingScheduler JobQueue: 1
2012-06-08 09:21:32,070-0500 INFO  LateBindingScheduler JobQueue: 1
2012-06-08 09:21:32,089-0500 INFO  LateBindingScheduler JobQueue: 1
2012-06-08 09:21:32,090-0500 INFO  LateBindingScheduler JobQueue: 1
2012-06-08 09:21:32,091-0500 INFO  vdl:checkerrorfile NO_STATUS_FILE jobid=hello-3pt0ahsk - Error file missing
2012-06-08 09:21:32,091-0500 INFO  vdl:checkerrorfile NO_STATUS_FILE jobid=hello-4pt0ahsk - Error file missing
2012-06-08 09:21:32,092-0500 DEBUG vdl:execute2 APPLICATION_EXCEPTION jobid=hello-3pt0ahsk - Application exception: null
Caused by: org.globus.cog.abstraction.impl.file.FileNotFoundException: File not found: /var/tmp/3inloop-20120608-0921-ompetaz2/shared/2.result
2012-06-08 09:21:32,093-0500 DEBUG vdl:execute2 APPLICATION_EXCEPTION jobid=hello-4pt0ahsk - Application exception: null
Caused by: org.globus.cog.abstraction.impl.file.FileNotFoundException: File not found: /var/tmp/3inloop-20120608-0921-ompetaz2/shared/0.result
2012-06-08 09:21:32,103-0500 INFO  LateBindingScheduler JobQueue: 2
2012-06-08 09:21:32,107-0500 INFO  LateBindingScheduler JobQueue: 1
2012-06-08 09:21:32,107-0500 INFO  LateBindingScheduler JobQueue: 1
2012-06-08 09:21:32,111-0500 INFO  LateBindingScheduler JobQueue: 1
2012-06-08 09:21:32,112-0500 INFO  LateBindingScheduler JobQueue: 1
2012-06-08 09:21:32,116-0500 INFO  LateBindingScheduler JobQueue: 1
2012-06-08 09:21:32,116-0500 INFO  LateBindingScheduler JobQueue: 1
2012-06-08 09:21:32,120-0500 INFO  LateBindingScheduler JobQueue: 1
2012-06-08 09:21:32,123-0500 INFO  LateBindingScheduler JobQueue: 1
2012-06-08 09:21:32,126-0500 INFO  LateBindingScheduler JobQueue: 1
2012-06-08 09:21:32,136-0500 INFO  WeightedHostScoreScheduler CONTACT_SELECTED host=localhost, score=99.853
2012-06-08 09:21:32,137-0500 INFO  WeightedHostScoreScheduler CONTACT_SELECTED host=localhost, score=99.853
2012-06-08 09:21:32,143-0500 DEBUG vdl:execute2 THREAD_ASSOCIATION jobid=hello-7pt0ahsk thread=0-1-1-1-1 host=localhost replicationGroup=2pt0ahsk
2012-06-08 09:21:32,144-0500 DEBUG vdl:execute2 THREAD_ASSOCIATION jobid=hello-8pt0ahsk thread=0-1-2-1-1 host=localhost replicationGroup=5pt0ahsk
2012-06-08 09:21:32,152-0500 INFO  vdl:createdirset START jobid=hello-7pt0ahsk host=localhost - Initializing directory structure
2012-06-08 09:21:32,153-0500 INFO  vdl:createdirset END jobid=hello-7pt0ahsk - Done initializing directory structure
2012-06-08 09:21:32,153-0500 INFO  vdl:createdirset START jobid=hello-8pt0ahsk host=localhost - Initializing directory structure
2012-06-08 09:21:32,154-0500 INFO  vdl:createdirset END jobid=hello-8pt0ahsk - Done initializing directory structure
2012-06-08 09:21:32,155-0500 INFO  vdl:dostagein START jobid=hello-7pt0ahsk - Staging in files
2012-06-08 09:21:32,156-0500 INFO  vdl:dostagein START jobid=hello-8pt0ahsk - Staging in files
2012-06-08 09:21:32,157-0500 INFO  vdl:dostagein END jobid=hello-7pt0ahsk - Staging in finished
2012-06-08 09:21:32,158-0500 INFO  vdl:dostagein END jobid=hello-8pt0ahsk - Staging in finished
2012-06-08 09:21:32,159-0500 DEBUG vdl:execute2 JOB_START jobid=hello-7pt0ahsk tr=hello arguments=[] tmpdir=3inloop-20120608-0921-ompetaz2/jobs/7/hello-7pt0ahsk host=localhost
2012-06-08 09:21:32,160-0500 DEBUG vdl:execute2 JOB_START jobid=hello-8pt0ahsk tr=hello arguments=[] tmpdir=3inloop-20120608-0921-ompetaz2/jobs/8/hello-8pt0ahsk host=localhost
2012-06-08 09:21:32,170-0500 INFO  GridExec TASK_DEFINITION: Task(type=JOB_SUBMISSION, identity=urn:0-1-1-1-1-1339165290307) is /bin/bash shared/_swiftwrap hello-7pt0ahsk -jobdir 7 -scratch  -e /home/skrieder/swift/multi/hello -out 1.result -err stderr.txt -i -d  -if  -of 1.result -k  -cdmfile  -status files -a
2012-06-08 09:21:32,171-0500 INFO  JobSubmissionTaskHandler Submit: in: /var/tmp/3inloop-20120608-0921-ompetaz2 command: /bin/bash /var/tmp/3inloop-20120608-0921-ompetaz2/shared/_swiftwrap hello-7pt0ahsk -jobdir 7 -scratch  -e /home/skrieder/swift/multi/hello -out 1.result -err stderr.txt -i -d  -if  -of 1.result -k  -cdmfile  -status files -a
2012-06-08 09:21:32,172-0500 INFO  GridExec TASK_DEFINITION: Task(type=JOB_SUBMISSION, identity=urn:0-1-2-1-1-1339165290309) is /bin/bash shared/_swiftwrap hello-8pt0ahsk -jobdir 8 -scratch  -e /home/skrieder/swift/multi/hello -out 2.result -err stderr.txt -i -d  -if  -of 2.result -k  -cdmfile  -status files -a
2012-06-08 09:21:32,172-0500 INFO  JobSubmissionTaskHandler Submit: in: /var/tmp/3inloop-20120608-0921-ompetaz2 command: /bin/bash /var/tmp/3inloop-20120608-0921-ompetaz2/shared/_swiftwrap hello-8pt0ahsk -jobdir 8 -scratch  -e /home/skrieder/swift/multi/hello -out 2.result -err stderr.txt -i -d  -if  -of 2.result -k  -cdmfile  -status files -a
2012-06-08 09:21:32,294-0500 INFO  LateBindingScheduler JobQueue: 1
2012-06-08 09:21:32,296-0500 INFO  LateBindingScheduler JobQueue: 1
2012-06-08 09:21:32,297-0500 DEBUG vdl:checkjobstatus START jobid=hello-7pt0ahsk
2012-06-08 09:21:32,298-0500 DEBUG vdl:checkjobstatus START jobid=hello-8pt0ahsk
2012-06-08 09:21:32,303-0500 INFO  LateBindingScheduler JobQueue: 2
2012-06-08 09:21:32,304-0500 INFO  vdl:checkerrorfile FAILURE jobid=hello-7pt0ahsk - Failure file found
2012-06-08 09:21:32,304-0500 INFO  LateBindingScheduler JobQueue: 1
2012-06-08 09:21:32,305-0500 INFO  vdl:checkerrorfile FAILURE jobid=hello-8pt0ahsk - Failure file found
2012-06-08 09:21:32,308-0500 INFO  LateBindingScheduler JobQueue: 1
2012-06-08 09:21:32,309-0500 INFO  LateBindingScheduler JobQueue: 1
2012-06-08 09:21:32,311-0500 INFO  LateBindingScheduler JobQueue: 2
2012-06-08 09:21:32,312-0500 INFO  LateBindingScheduler JobQueue: 1
2012-06-08 09:21:32,312-0500 INFO  LateBindingScheduler JobQueue: 1
2012-06-08 09:21:32,312-0500 INFO  LateBindingScheduler JobQueue: 1
2012-06-08 09:21:32,314-0500 DEBUG vdl:execute2 STAGING_OUT jobid=hello-8pt0ahsk
2012-06-08 09:21:32,314-0500 DEBUG vdl:execute2 STAGING_OUT jobid=hello-7pt0ahsk
2012-06-08 09:21:32,315-0500 INFO  vdl:dostageout START jobid=hello-8pt0ahsk - Staging out files
2012-06-08 09:21:32,319-0500 DEBUG vdl:dostageout stageouts: [[$, c:messagefile - Open]]
2012-06-08 09:21:32,320-0500 INFO  vdl:dostageout START jobid=hello-7pt0ahsk - Staging out files
2012-06-08 09:21:32,320-0500 DEBUG vdl:dostageout stageouts: [[$, c:messagefile - Open]]
2012-06-08 09:21:32,324-0500 DEBUG vdl:dostageout FILE_STAGE_OUT_START srcname=2.result srcdir=3inloop-20120608-0921-ompetaz2/shared/ srchost=localhost destdir= desthost=localhost provider=file
2012-06-08 09:21:32,324-0500 DEBUG vdl:dostageout FILE_STAGE_OUT_START srcname=1.result srcdir=3inloop-20120608-0921-ompetaz2/shared/ srchost=localhost destdir= desthost=localhost provider=file
2012-06-08 09:21:32,325-0500 INFO  LateBindingScheduler JobQueue: 1
2012-06-08 09:21:32,326-0500 INFO  LateBindingScheduler JobQueue: 1
2012-06-08 09:21:32,342-0500 INFO  LateBindingScheduler JobQueue: 1
2012-06-08 09:21:32,342-0500 INFO  LateBindingScheduler JobQueue: 1
2012-06-08 09:21:32,343-0500 INFO  vdl:checkerrorfile NO_STATUS_FILE jobid=hello-8pt0ahsk - Error file missing
2012-06-08 09:21:32,343-0500 INFO  vdl:checkerrorfile NO_STATUS_FILE jobid=hello-7pt0ahsk - Error file missing
2012-06-08 09:21:32,344-0500 DEBUG vdl:execute2 APPLICATION_EXCEPTION jobid=hello-8pt0ahsk - Application exception: null
Caused by: org.globus.cog.abstraction.impl.file.FileNotFoundException: File not found: /var/tmp/3inloop-20120608-0921-ompetaz2/shared/2.result
2012-06-08 09:21:32,345-0500 DEBUG vdl:execute2 APPLICATION_EXCEPTION jobid=hello-7pt0ahsk - Application exception: null
Caused by: org.globus.cog.abstraction.impl.file.FileNotFoundException: File not found: /var/tmp/3inloop-20120608-0921-ompetaz2/shared/1.result
2012-06-08 09:21:32,350-0500 INFO  LateBindingScheduler JobQueue: 1
2012-06-08 09:21:32,352-0500 INFO  LateBindingScheduler JobQueue: 1
2012-06-08 09:21:32,353-0500 INFO  LateBindingScheduler JobQueue: 1
2012-06-08 09:21:32,353-0500 INFO  LateBindingScheduler JobQueue: 1
2012-06-08 09:21:32,357-0500 INFO  LateBindingScheduler JobQueue: 1
2012-06-08 09:21:32,358-0500 INFO  LateBindingScheduler JobQueue: 1
2012-06-08 09:21:32,360-0500 INFO  LateBindingScheduler JobQueue: 1
2012-06-08 09:21:32,360-0500 INFO  LateBindingScheduler JobQueue: 1
2012-06-08 09:21:32,364-0500 INFO  LateBindingScheduler JobQueue: 1
2012-06-08 09:21:32,365-0500 INFO  LateBindingScheduler JobQueue: 1
2012-06-08 09:21:32,372-0500 INFO  vdl:execute END_FAILURE thread=0-1-2-1 tr=hello
2012-06-08 09:21:32,372-0500 INFO  vdl:execute END_FAILURE thread=0-1-1-1 tr=hello
2012-06-08 09:21:32,377-0500 DEBUG VDL2ExecutionContext Exception in hello:
Arguments: []
Host: localhost
Directory: 3inloop-20120608-0921-ompetaz2/jobs/8/hello-8pt0ahsk
stderr.txt: 
stdout.txt: Hello World

----

Exception in hello:
Arguments: []
Host: localhost
Directory: 3inloop-20120608-0921-ompetaz2/jobs/8/hello-8pt0ahsk
stderr.txt: 
stdout.txt: Hello World

----

Caused by: null
Caused by: org.globus.cog.abstraction.impl.file.FileNotFoundException: File not found: /var/tmp/3inloop-20120608-0921-ompetaz2/shared/2.result
	at org.globus.cog.karajan.workflow.nodes.functions.KException.function(KException.java:29)
	at org.globus.cog.karajan.workflow.nodes.functions.AbstractFunction.post(AbstractFunction.java:27)
	at org.globus.cog.karajan.workflow.nodes.AbstractSequentialWithArguments.completed(AbstractSequentialWithArguments.java:194)
	at org.globus.cog.karajan.workflow.nodes.FlowNode.complete(FlowNode.java:214)
	at org.globus.cog.karajan.workflow.nodes.FlowContainer.post(FlowContainer.java:58)
	at org.globus.cog.karajan.workflow.nodes.functions.AbstractFunction.post(AbstractFunction.java:28)
	at org.globus.cog.karajan.workflow.nodes.Sequential.startNext(Sequential.java:29)
	at org.globus.cog.karajan.workflow.nodes.Sequential.executeChildren(Sequential.java:20)
	at org.globus.cog.karajan.workflow.nodes.FlowContainer.execute(FlowContainer.java:63)
	at org.globus.cog.karajan.workflow.nodes.FlowNode.restart(FlowNode.java:139)
	at org.globus.cog.karajan.workflow.nodes.FlowNode.start(FlowNode.java:197)
	at org.globus.cog.karajan.workflow.events.EventBus.start(EventBus.java:104)
	at org.globus.cog.karajan.workflow.events.EventTargetPair.run(EventTargetPair.java:40)
	at java.util.concurrent.Executors$RunnableAdapter.call(Executors.java:471)
	at java.util.concurrent.FutureTask$Sync.innerRun(FutureTask.java:334)
	at java.util.concurrent.FutureTask.run(FutureTask.java:166)
	at java.util.concurrent.ThreadPoolExecutor.runWorker(ThreadPoolExecutor.java:1110)
	at java.util.concurrent.ThreadPoolExecutor$Worker.run(ThreadPoolExecutor.java:603)
	at java.lang.Thread.run(Thread.java:722)
Caused by: null
Caused by: org.globus.cog.abstraction.impl.file.FileNotFoundException: File not found: /var/tmp/3inloop-20120608-0921-ompetaz2/shared/2.result
	at org.globus.cog.karajan.workflow.nodes.FlowNode.failImmediately(FlowNode.java:101)
	at org.globus.cog.karajan.workflow.nodes.grid.AbstractGridNode$1.run(AbstractGridNode.java:308)
	... 6 more
Caused by: org.globus.cog.abstraction.impl.file.FileNotFoundException: File not found: /var/tmp/3inloop-20120608-0921-ompetaz2/shared/2.result
	at org.globus.cog.abstraction.impl.file.local.FileResourceImpl.getFile(FileResourceImpl.java:225)
	at org.globus.cog.abstraction.impl.file.local.FileResourceImpl.putFile(FileResourceImpl.java:286)
	at org.globus.cog.abstraction.impl.file.AbstractFileResource.putFile(AbstractFileResource.java:152)
	at org.globus.cog.abstraction.impl.fileTransfer.DelegatedFileTransferHandler.doDestination(DelegatedFileTransferHandler.java:314)
	at org.globus.cog.abstraction.impl.fileTransfer.CachingDelegatedFileTransferHandler.doDestination(CachingDelegatedFileTransferHandler.java:46)
	at org.globus.cog.abstraction.impl.fileTransfer.DelegatedFileTransferHandler.run(DelegatedFileTransferHandler.java:487)
	... 1 more
2012-06-08 09:21:32,482-0500 INFO  ExecutionContext Detailed exception: 
Exception in hello:
Arguments: []
Host: localhost
Directory: 3inloop-20120608-0921-ompetaz2/jobs/8/hello-8pt0ahsk
stderr.txt: 
stdout.txt: Hello World

----

Caused by: null
Caused by: org.globus.cog.abstraction.impl.file.FileNotFoundException: File not found: /var/tmp/3inloop-20120608-0921-ompetaz2/shared/2.result
	at org.globus.cog.karajan.workflow.nodes.functions.KException.function(KException.java:29)
	at org.globus.cog.karajan.workflow.nodes.functions.AbstractFunction.post(AbstractFunction.java:27)
	at org.globus.cog.karajan.workflow.nodes.AbstractSequentialWithArguments.completed(AbstractSequentialWithArguments.java:194)
	at org.globus.cog.karajan.workflow.nodes.FlowNode.complete(FlowNode.java:214)
	at org.globus.cog.karajan.workflow.nodes.FlowContainer.post(FlowContainer.java:58)
	at org.globus.cog.karajan.workflow.nodes.functions.AbstractFunction.post(AbstractFunction.java:28)
	at org.globus.cog.karajan.workflow.nodes.Sequential.startNext(Sequential.java:29)
	at org.globus.cog.karajan.workflow.nodes.Sequential.executeChildren(Sequential.java:20)
	at org.globus.cog.karajan.workflow.nodes.FlowContainer.execute(FlowContainer.java:63)
	at org.globus.cog.karajan.workflow.nodes.FlowNode.restart(FlowNode.java:139)
	at org.globus.cog.karajan.workflow.nodes.FlowNode.start(FlowNode.java:197)
	at org.globus.cog.karajan.workflow.events.EventBus.start(EventBus.java:104)
	at org.globus.cog.karajan.workflow.events.EventTargetPair.run(EventTargetPair.java:40)
	at java.util.concurrent.Executors$RunnableAdapter.call(Executors.java:471)
	at java.util.concurrent.FutureTask$Sync.innerRun(FutureTask.java:334)
	at java.util.concurrent.FutureTask.run(FutureTask.java:166)
	at java.util.concurrent.ThreadPoolExecutor.runWorker(ThreadPoolExecutor.java:1110)
	at java.util.concurrent.ThreadPoolExecutor$Worker.run(ThreadPoolExecutor.java:603)
	at java.lang.Thread.run(Thread.java:722)
Caused by: null
Caused by: org.globus.cog.abstraction.impl.file.FileNotFoundException: File not found: /var/tmp/3inloop-20120608-0921-ompetaz2/shared/2.result
	at org.globus.cog.karajan.workflow.nodes.FlowNode.failImmediately(FlowNode.java:101)
	at org.globus.cog.karajan.workflow.nodes.grid.AbstractGridNode$1.run(AbstractGridNode.java:308)
	... 6 more
Caused by: org.globus.cog.abstraction.impl.file.FileNotFoundException: File not found: /var/tmp/3inloop-20120608-0921-ompetaz2/shared/2.result
	at org.globus.cog.abstraction.impl.file.local.FileResourceImpl.getFile(FileResourceImpl.java:225)
	at org.globus.cog.abstraction.impl.file.local.FileResourceImpl.putFile(FileResourceImpl.java:286)
	at org.globus.cog.abstraction.impl.file.AbstractFileResource.putFile(AbstractFileResource.java:152)
	at org.globus.cog.abstraction.impl.fileTransfer.DelegatedFileTransferHandler.doDestination(DelegatedFileTransferHandler.java:314)
	at org.globus.cog.abstraction.impl.fileTransfer.CachingDelegatedFileTransferHandler.doDestination(CachingDelegatedFileTransferHandler.java:46)
	at org.globus.cog.abstraction.impl.fileTransfer.DelegatedFileTransferHandler.run(DelegatedFileTransferHandler.java:487)
	... 1 more
2012-06-08 09:21:32,483-0500 INFO  Loader Swift finished with errors
