2012-06-06 19:21:51,075-0500 DEBUG Loader arguments: [-tc.file, tc.data, -sites.file, 0-throttle-sites.xml, 3inloop.swift]
2012-06-06 19:21:51,075-0500 DEBUG Loader Max heap: 252248064
2012-06-06 19:21:51,076-0500 DEBUG textfiles BEGIN SWIFTSCRIPT:

type messagefile; 

app (messagefile t) countwords () {   
     a1sm10ms stdout=@filename(t);
}

string outputNames = "test1 test2 test3";

messagefile outputfiles[] <fixed_array_mapper;files=outputNames>;

foreach f,i in outputfiles {
  messagefile c <single_file_mapper; file=@strcat(i, ".result")>;
  c = countwords();
}


2012-06-06 19:21:51,076-0500 DEBUG textfiles END SWIFTSCRIPT:
2012-06-06 19:21:51,077-0500 DEBUG Loader kmlversion is >239b8550-a5ff-44be-a124-5e7ecd70737d<
2012-06-06 19:21:51,077-0500 DEBUG Loader build version is >239b8550-a5ff-44be-a124-5e7ecd70737d<
2012-06-06 19:21:51,077-0500 DEBUG Loader Recompilation suppressed.
2012-06-06 19:21:51,222-0500 DEBUG Loader setting: sites.file to: 0-throttle-sites.xml
2012-06-06 19:21:51,222-0500 DEBUG Loader setting: tc.file to: tc.data
2012-06-06 19:21:51,222-0500 DEBUG textfiles BEGIN SITES:
<config>

  <pool handle="localhost">
    <filesystem provider="local" />
    <execution provider="local" />
    <workdirectory >/var/tmp</workdirectory>
    <profile namespace="karajan" key="jobThrottle">.01</profile>
    <profile namespace="karajan" key="initialScore">10000</profile>
  </pool>

</config>


2012-06-06 19:21:51,222-0500 DEBUG textfiles END SITES:
2012-06-06 19:21:51,226-0500 INFO  VDL2ExecutionContext Stack dump:
Level 1
[iA = 0, iB = 0, bA = false, bB = false]
	vdl:instanceconfig = Swift configuration []
	vdl:operation = run
	swift.home = /usr/local/swift/bin/..
	PATH_SEPARATOR = /


2012-06-06 19:21:51,965-0500 INFO  unknown Using sites file: 0-throttle-sites.xml
2012-06-06 19:21:52,003-0500 INFO  unknown Using tc.data: tc.data
2012-06-06 19:21:52,148-0500 INFO  AbstractScheduler Setting resources to: {localhost=localhost}
2012-06-06 19:21:52,851-0500 INFO  unknown Swift 0.93 swift-r5483 cog-r3339

2012-06-06 19:21:52,852-0500 INFO  unknown RUNID id=run:20120606-1921-n4u3f9v8
2012-06-06 19:21:52,894-0500 INFO  SetFieldValue Set: outputNames=test1 test2 test3
2012-06-06 19:21:52,904-0500 INFO  RootDataNode Found data outputfiles:messagefile[] - Open.[0]
2012-06-06 19:21:52,904-0500 INFO  RootDataNode Found data outputfiles:messagefile[] - Open.[1]
2012-06-06 19:21:52,904-0500 INFO  RootDataNode Found data outputfiles:messagefile[] - Open.[2]
2012-06-06 19:21:52,906-0500 DEBUG vdl:mains FOREACH_IT_START line=12 thread=0-1-2
2012-06-06 19:21:52,906-0500 DEBUG vdl:mains FOREACH_IT_START line=12 thread=0-1-1
2012-06-06 19:21:52,906-0500 DEBUG vdl:mains FOREACH_IT_START line=12 thread=0-1-0
2012-06-06 19:21:52,906-0500 DEBUG vdl:mains SCOPE thread=0-1-1
2012-06-06 19:21:52,907-0500 DEBUG vdl:mains SCOPE thread=0-1-2
2012-06-06 19:21:52,907-0500 DEBUG vdl:mains SCOPE thread=0-1-0
2012-06-06 19:21:52,913-0500 INFO  SetFieldValue Set: swift#mapper#17001=2.result
2012-06-06 19:21:52,913-0500 INFO  SetFieldValue Set: swift#mapper#17001=0.result
2012-06-06 19:21:52,914-0500 INFO  SetFieldValue Set: swift#mapper#17001=1.result
2012-06-06 19:21:52,915-0500 DEBUG countwords PROCEDURE line=4 thread=0-1-0-1 name=countwords
2012-06-06 19:21:52,916-0500 DEBUG countwords PROCEDURE line=4 thread=0-1-2-1 name=countwords
2012-06-06 19:21:52,916-0500 DEBUG countwords PROCEDURE line=4 thread=0-1-1-1 name=countwords
2012-06-06 19:21:52,919-0500 INFO  RootDataNode Found mapped data c:messagefile - Open.$
2012-06-06 19:21:52,919-0500 INFO  RootDataNode Found mapped data c:messagefile - Open.$
2012-06-06 19:21:52,919-0500 INFO  RootDataNode Found mapped data c:messagefile - Open.$
2012-06-06 19:21:52,928-0500 INFO  vdl:execute START thread=0-1-1-1 tr=a1sm10ms
2012-06-06 19:21:52,928-0500 INFO  vdl:execute START thread=0-1-2-1 tr=a1sm10ms
2012-06-06 19:21:52,928-0500 INFO  vdl:execute START thread=0-1-0-1 tr=a1sm10ms
2012-06-06 19:21:52,962-0500 INFO  WeightedHostScoreScheduler CONTACT_SELECTED host=localhost, score=99.854
2012-06-06 19:21:52,965-0500 INFO  WeightedHostScoreScheduler CONTACT_SELECTED host=localhost, score=99.854
2012-06-06 19:21:52,971-0500 INFO  GlobalSubmitQueue No global submit throttle set. Using default (1024)
2012-06-06 19:21:52,976-0500 INFO  LateBindingScheduler JobQueue: 1
2012-06-06 19:21:52,981-0500 INFO  LateBindingScheduler JobQueue: 1
2012-06-06 19:21:52,986-0500 INFO  vdl:initshareddir START host=localhost - Initializing shared directory
2012-06-06 19:21:52,989-0500 INFO  LateBindingScheduler JobQueue: 1
2012-06-06 19:21:53,015-0500 INFO  LateBindingScheduler JobQueue: 1
2012-06-06 19:21:53,020-0500 INFO  LateBindingScheduler JobQueue: 1
2012-06-06 19:21:53,025-0500 INFO  LateBindingScheduler JobQueue: 1
2012-06-06 19:21:53,032-0500 INFO  LateBindingScheduler JobQueue: 1
2012-06-06 19:21:53,039-0500 INFO  LateBindingScheduler JobQueue: 1
2012-06-06 19:21:53,043-0500 INFO  vdl:initshareddir END host=localhost - Done initializing shared directory
2012-06-06 19:21:53,047-0500 DEBUG vdl:execute2 THREAD_ASSOCIATION jobid=a1sm10ms-63ounesk thread=0-1-0-1-1 host=localhost replicationGroup=33ounesk
2012-06-06 19:21:53,047-0500 DEBUG vdl:execute2 THREAD_ASSOCIATION jobid=a1sm10ms-73ounesk thread=0-1-1-1-1 host=localhost replicationGroup=53ounesk
2012-06-06 19:21:53,064-0500 INFO  vdl:createdirset START jobid=a1sm10ms-63ounesk host=localhost - Initializing directory structure
2012-06-06 19:21:53,064-0500 INFO  vdl:createdirset START jobid=a1sm10ms-73ounesk host=localhost - Initializing directory structure
2012-06-06 19:21:53,066-0500 INFO  vdl:createdirset END jobid=a1sm10ms-73ounesk - Done initializing directory structure
2012-06-06 19:21:53,066-0500 INFO  vdl:createdirset END jobid=a1sm10ms-63ounesk - Done initializing directory structure
2012-06-06 19:21:53,069-0500 INFO  vdl:dostagein START jobid=a1sm10ms-73ounesk - Staging in files
2012-06-06 19:21:53,069-0500 INFO  vdl:dostagein START jobid=a1sm10ms-63ounesk - Staging in files
2012-06-06 19:21:53,076-0500 INFO  vdl:dostagein END jobid=a1sm10ms-73ounesk - Staging in finished
2012-06-06 19:21:53,076-0500 INFO  vdl:dostagein END jobid=a1sm10ms-63ounesk - Staging in finished
2012-06-06 19:21:53,081-0500 DEBUG vdl:execute2 JOB_START jobid=a1sm10ms-73ounesk tr=a1sm10ms arguments=[] tmpdir=3inloop-20120606-1921-n4u3f9v8/jobs/7/a1sm10ms-73ounesk host=localhost
2012-06-06 19:21:53,081-0500 DEBUG vdl:execute2 JOB_START jobid=a1sm10ms-63ounesk tr=a1sm10ms arguments=[] tmpdir=3inloop-20120606-1921-n4u3f9v8/jobs/6/a1sm10ms-63ounesk host=localhost
2012-06-06 19:21:53,092-0500 DEBUG textfiles BEGIN TC:
#This is the transformation catalog.
#
#It comes pre-configured with a number of simple transformations with
#paths that are likely to work on a linux box. However, on some systems,
#the paths to these executables will be different (for example, sometimes
#some of these programs are found in /usr/bin rather than in /bin)
#
#NOTE WELL: fields in this file must be separated by tabs, not spaces; and
#there must be no trailing whitespace at the end of each line.
#
# sitename  transformation  path   INSTALLED  platform  profiles
localhost 	echo 		/bin/echo	INSTALLED	INTEL32::LINUX	null
localhost 	cat 		/bin/cat	INSTALLED	INTEL32::LINUX	null
localhost 	ls 		/bin/ls		INSTALLED	INTEL32::LINUX	null
localhost 	grep 		/bin/grep	INSTALLED	INTEL32::LINUX	null
localhost 	sort 		/bin/sort	INSTALLED	INTEL32::LINUX	null
localhost 	paste 		/bin/paste	INSTALLED	INTEL32::LINUX	null
localhost 	cp 		/bin/cp         INSTALLED	INTEL32::LINUX	null
localhost 	touch 		/bin/touch      INSTALLED	INTEL32::LINUX	null
localhost	wc		/usr/bin/wc	INSTALLED	INTEL32::LINUX	null
localhost	sh		/bin/wc		INSTALLED	INTEL32::LINUX	null
localhost	scott3a		/home/skrieder/swift/multi/scott3a.sh		INSTALLED	INTEL32::LINUX	null
localhost	scott3b		/home/skrieder/swift/multi/scott3b.sh		INSTALLED	INTEL32::LINUX	null
localhost	cka		/home/skrieder/swift/cuda/1sm1ms		INSTALLED	INTEL32::LINUX	null
localhost	a1sm0ms		/home/skrieder/swift/cuda/1sm0ms		INSTALLED	INTEL32::LINUX	null
localhost	a1sm1ms		/home/skrieder/swift/cuda/1sm1ms		INSTALLED	INTEL32::LINUX	null
localhost	a1sm10ms	/home/skrieder/swift/cuda/1sm10ms		INSTALLED	INTEL32::LINUX	null
localhost	a1sm100ms	/home/skrieder/swift/cuda/1sm100ms		INSTALLED	INTEL32::LINUX	null
localhost	a2sm0ms		/home/skrieder/swift/cuda/2sm0ms		INSTALLED	INTEL32::LINUX	null
localhost	a2sm1ms		/home/skrieder/swift/cuda/2sm1ms		INSTALLED	INTEL32::LINUX	null
localhost	a2sm10ms	/home/skrieder/swift/cuda/2sm10ms		INSTALLED	INTEL32::LINUX	null
localhost	a2sm100ms	/home/skrieder/swift/cuda/2sm100ms		INSTALLED	INTEL32::LINUX	null
localhost	a4sm0ms		/home/skrieder/swift/cuda/4sm0ms		INSTALLED	INTEL32::LINUX	null
localhost	a4sm1ms		/home/skrieder/swift/cuda/4sm1ms		INSTALLED	INTEL32::LINUX	null
localhost	a4sm10ms	/home/skrieder/swift/cuda/4sm10ms		INSTALLED	INTEL32::LINUX	null
localhost	a4sm100ms	/home/skrieder/swift/cuda/4sm100ms		INSTALLED	INTEL32::LINUX	null
localhost	a8sm0ms		/home/skrieder/swift/cuda/8sm0ms		INSTALLED	INTEL32::LINUX	null
localhost	a8sm1ms		/home/skrieder/swift/cuda/8sm1ms		INSTALLED	INTEL32::LINUX	null
localhost	a8sm10ms	/home/skrieder/swift/cuda/8sm10ms		INSTALLED	INTEL32::LINUX	null
localhost	a8sm100ms	/home/skrieder/swift/cuda/8sm100ms		INSTALLED	INTEL32::LINUX	null
localhost	a16sm0ms	/home/skrieder/swift/cuda/16sm0ms		INSTALLED	INTEL32::LINUX	null
localhost	a16sm1ms	/home/skrieder/swift/cuda/16sm1ms		INSTALLED	INTEL32::LINUX	null
localhost	a16sm10ms	/home/skrieder/swift/cuda/16sm10ms		INSTALLED	INTEL32::LINUX	null
localhost	a16sm100ms	/home/skrieder/swift/cuda/16sm100ms		INSTALLED	INTEL32::LINUX	null
localhost	sleep0ms	/home/skrieder/swift/c/sleep0ms			INSTALLED	INTEL32::LINUX	null
localhost	sleep1ms	/home/skrieder/swift/c/sleep1ms			INSTALLED	INTEL32::LINUX	null
localhost	sleep10ms	/home/skrieder/swift/c/sleep10ms		INSTALLED	INTEL32::LINUX	null
localhost	sleep100ms	/home/skrieder/swift/c/sleep100ms			INSTALLED	INTEL32::LINUX	null
localhost	sleep1000ms	/home/skrieder/swift/c/sleep1000ms			INSTALLED	INTEL32::LINUX	null
localhost	sleep10000ms	/home/skrieder/swift/c/sleep10000ms			INSTALLED	INTEL32::LINUX	null
localhost	hello		/home/skrieder/swift/multi/hello			INSTALLED	INTEL32::LINUX	null


2012-06-06 19:21:53,092-0500 DEBUG textfiles END TC:
2012-06-06 19:21:53,113-0500 INFO  GridExec TASK_DEFINITION: Task(type=JOB_SUBMISSION, identity=urn:0-1-0-1-1-1339028511998) is /bin/bash shared/_swiftwrap a1sm10ms-63ounesk -jobdir 6 -scratch  -e /home/skrieder/swift/cuda/1sm10ms -out 0.result -err stderr.txt -i -d  -if  -of 0.result -k  -cdmfile  -status files -a
2012-06-06 19:21:53,113-0500 INFO  GridExec TASK_DEFINITION: Task(type=JOB_SUBMISSION, identity=urn:0-1-1-1-1-1339028511999) is /bin/bash shared/_swiftwrap a1sm10ms-73ounesk -jobdir 7 -scratch  -e /home/skrieder/swift/cuda/1sm10ms -out 1.result -err stderr.txt -i -d  -if  -of 1.result -k  -cdmfile  -status files -a
2012-06-06 19:21:53,131-0500 INFO  JobSubmissionTaskHandler Submit: in: /var/tmp/3inloop-20120606-1921-n4u3f9v8 command: /bin/bash /var/tmp/3inloop-20120606-1921-n4u3f9v8/shared/_swiftwrap a1sm10ms-73ounesk -jobdir 7 -scratch  -e /home/skrieder/swift/cuda/1sm10ms -out 1.result -err stderr.txt -i -d  -if  -of 1.result -k  -cdmfile  -status files -a
2012-06-06 19:21:53,131-0500 INFO  JobSubmissionTaskHandler Submit: in: /var/tmp/3inloop-20120606-1921-n4u3f9v8 command: /bin/bash /var/tmp/3inloop-20120606-1921-n4u3f9v8/shared/_swiftwrap a1sm10ms-63ounesk -jobdir 6 -scratch  -e /home/skrieder/swift/cuda/1sm10ms -out 0.result -err stderr.txt -i -d  -if  -of 0.result -k  -cdmfile  -status files -a
2012-06-06 19:21:53,419-0500 INFO  LateBindingScheduler JobQueue: 1
2012-06-06 19:21:53,426-0500 DEBUG vdl:checkjobstatus START jobid=a1sm10ms-63ounesk
2012-06-06 19:21:53,438-0500 INFO  LateBindingScheduler JobQueue: 1
2012-06-06 19:21:53,440-0500 INFO  LateBindingScheduler JobQueue: 1
2012-06-06 19:21:53,440-0500 INFO  vdl:checkerrorfile FAILURE jobid=a1sm10ms-63ounesk - Failure file found
2012-06-06 19:21:53,443-0500 DEBUG vdl:checkjobstatus START jobid=a1sm10ms-73ounesk
2012-06-06 19:21:53,444-0500 INFO  LateBindingScheduler JobQueue: 1
2012-06-06 19:21:53,446-0500 INFO  LateBindingScheduler JobQueue: 1
2012-06-06 19:21:53,447-0500 INFO  vdl:checkjobstatus SUCCESS jobid=a1sm10ms-73ounesk - Success file found
2012-06-06 19:21:53,448-0500 INFO  LateBindingScheduler JobQueue: 1
2012-06-06 19:21:53,450-0500 DEBUG vdl:execute2 STAGING_OUT jobid=a1sm10ms-73ounesk
2012-06-06 19:21:53,451-0500 INFO  LateBindingScheduler JobQueue: 1
2012-06-06 19:21:53,453-0500 DEBUG vdl:execute2 STAGING_OUT jobid=a1sm10ms-63ounesk
2012-06-06 19:21:53,454-0500 INFO  vdl:dostageout START jobid=a1sm10ms-73ounesk - Staging out files
2012-06-06 19:21:53,455-0500 INFO  vdl:dostageout START jobid=a1sm10ms-63ounesk - Staging out files
2012-06-06 19:21:53,456-0500 DEBUG vdl:dostageout stageouts: [[$, c:messagefile - Open]]
2012-06-06 19:21:53,456-0500 DEBUG vdl:dostageout stageouts: [[$, c:messagefile - Open]]
2012-06-06 19:21:53,475-0500 DEBUG vdl:dostageout FILE_STAGE_OUT_START srcname=1.result srcdir=3inloop-20120606-1921-n4u3f9v8/shared/ srchost=localhost destdir= desthost=localhost provider=file
2012-06-06 19:21:53,475-0500 DEBUG vdl:dostageout FILE_STAGE_OUT_START srcname=0.result srcdir=3inloop-20120606-1921-n4u3f9v8/shared/ srchost=localhost destdir= desthost=localhost provider=file
2012-06-06 19:21:53,478-0500 INFO  LateBindingScheduler JobQueue: 1
2012-06-06 19:21:53,479-0500 INFO  LateBindingScheduler JobQueue: 1
2012-06-06 19:21:53,499-0500 INFO  LateBindingScheduler JobQueue: 1
2012-06-06 19:21:53,501-0500 DEBUG vdl:dostageout FILE_STAGE_OUT_END srcname=1.result srcdir=3inloop-20120606-1921-n4u3f9v8/shared/ srchost=localhost destdir= desthost=localhost provider=file
2012-06-06 19:21:53,510-0500 INFO  LateBindingScheduler JobQueue: 1
2012-06-06 19:21:53,517-0500 INFO  LateBindingScheduler JobQueue: 1
2012-06-06 19:21:53,519-0500 INFO  vdl:checkerrorfile NO_STATUS_FILE jobid=a1sm10ms-63ounesk - Error file missing
2012-06-06 19:21:53,524-0500 DEBUG vdl:execute2 APPLICATION_EXCEPTION jobid=a1sm10ms-63ounesk - Application exception: null
Caused by: org.globus.cog.abstraction.impl.file.FileNotFoundException: File not found: /var/tmp/3inloop-20120606-1921-n4u3f9v8/shared/0.result
2012-06-06 19:21:53,526-0500 INFO  vdl:dostageout END jobid=a1sm10ms-73ounesk - Staging out finished
2012-06-06 19:21:53,537-0500 DEBUG vdl:execute2 JOB_END jobid=a1sm10ms-73ounesk
2012-06-06 19:21:53,540-0500 INFO  vdl:execute END_SUCCESS thread=0-1-1-1 tr=a1sm10ms
2012-06-06 19:21:53,543-0500 DEBUG countwords PROCEDURE_END line=4
2012-06-06 19:21:53,543-0500 INFO  WeightedHostScoreScheduler CONTACT_SELECTED host=localhost, score=99.854
2012-06-06 19:21:53,546-0500 DEBUG vdl:mains FOREACH_IT_END line=12 thread=0-1-1
2012-06-06 19:21:53,549-0500 INFO  LateBindingScheduler JobQueue: 0
2012-06-06 19:21:53,552-0500 DEBUG vdl:execute2 THREAD_ASSOCIATION jobid=a1sm10ms-83ounesk thread=0-1-2-1-1 host=localhost replicationGroup=43ounesk
2012-06-06 19:21:53,554-0500 INFO  LateBindingScheduler JobQueue: 0
2012-06-06 19:21:53,559-0500 INFO  LateBindingScheduler JobQueue: 0
2012-06-06 19:21:53,561-0500 INFO  vdl:createdirset START jobid=a1sm10ms-83ounesk host=localhost - Initializing directory structure
2012-06-06 19:21:53,562-0500 INFO  vdl:createdirset END jobid=a1sm10ms-83ounesk - Done initializing directory structure
2012-06-06 19:21:53,563-0500 INFO  LateBindingScheduler JobQueue: 0
2012-06-06 19:21:53,564-0500 INFO  vdl:dostagein START jobid=a1sm10ms-83ounesk - Staging in files
2012-06-06 19:21:53,566-0500 INFO  vdl:dostagein END jobid=a1sm10ms-83ounesk - Staging in finished
2012-06-06 19:21:53,569-0500 DEBUG vdl:execute2 JOB_START jobid=a1sm10ms-83ounesk tr=a1sm10ms arguments=[] tmpdir=3inloop-20120606-1921-n4u3f9v8/jobs/8/a1sm10ms-83ounesk host=localhost
2012-06-06 19:21:53,576-0500 INFO  LateBindingScheduler JobQueue: 0
2012-06-06 19:21:53,580-0500 INFO  GridExec TASK_DEFINITION: Task(type=JOB_SUBMISSION, identity=urn:0-1-2-1-1-1339028512048) is /bin/bash shared/_swiftwrap a1sm10ms-83ounesk -jobdir 8 -scratch  -e /home/skrieder/swift/cuda/1sm10ms -out 2.result -err stderr.txt -i -d  -if  -of 2.result -k  -cdmfile  -status files -a
2012-06-06 19:21:53,581-0500 INFO  JobSubmissionTaskHandler Submit: in: /var/tmp/3inloop-20120606-1921-n4u3f9v8 command: /bin/bash /var/tmp/3inloop-20120606-1921-n4u3f9v8/shared/_swiftwrap a1sm10ms-83ounesk -jobdir 8 -scratch  -e /home/skrieder/swift/cuda/1sm10ms -out 2.result -err stderr.txt -i -d  -if  -of 2.result -k  -cdmfile  -status files -a
2012-06-06 19:21:53,597-0500 INFO  WeightedHostScoreScheduler CONTACT_SELECTED host=localhost, score=99.854
2012-06-06 19:21:53,603-0500 DEBUG vdl:execute2 THREAD_ASSOCIATION jobid=a1sm10ms-a3ounesk thread=0-1-0-1-1 host=localhost replicationGroup=93ounesk
2012-06-06 19:21:53,612-0500 INFO  vdl:createdirset START jobid=a1sm10ms-a3ounesk host=localhost - Initializing directory structure
2012-06-06 19:21:53,613-0500 INFO  vdl:createdirset END jobid=a1sm10ms-a3ounesk - Done initializing directory structure
2012-06-06 19:21:53,615-0500 INFO  vdl:dostagein START jobid=a1sm10ms-a3ounesk - Staging in files
2012-06-06 19:21:53,617-0500 INFO  vdl:dostagein END jobid=a1sm10ms-a3ounesk - Staging in finished
2012-06-06 19:21:53,619-0500 DEBUG vdl:execute2 JOB_START jobid=a1sm10ms-a3ounesk tr=a1sm10ms arguments=[] tmpdir=3inloop-20120606-1921-n4u3f9v8/jobs/a/a1sm10ms-a3ounesk host=localhost
2012-06-06 19:21:53,630-0500 INFO  GridExec TASK_DEFINITION: Task(type=JOB_SUBMISSION, identity=urn:0-1-0-1-1-1339028512051) is /bin/bash shared/_swiftwrap a1sm10ms-a3ounesk -jobdir a -scratch  -e /home/skrieder/swift/cuda/1sm10ms -out 0.result -err stderr.txt -i -d  -if  -of 0.result -k  -cdmfile  -status files -a
2012-06-06 19:21:53,631-0500 INFO  JobSubmissionTaskHandler Submit: in: /var/tmp/3inloop-20120606-1921-n4u3f9v8 command: /bin/bash /var/tmp/3inloop-20120606-1921-n4u3f9v8/shared/_swiftwrap a1sm10ms-a3ounesk -jobdir a -scratch  -e /home/skrieder/swift/cuda/1sm10ms -out 0.result -err stderr.txt -i -d  -if  -of 0.result -k  -cdmfile  -status files -a
2012-06-06 19:21:53,852-0500 INFO  LateBindingScheduler JobQueue: 0
2012-06-06 19:21:53,856-0500 DEBUG vdl:checkjobstatus START jobid=a1sm10ms-83ounesk
2012-06-06 19:21:53,858-0500 INFO  LateBindingScheduler JobQueue: 0
2012-06-06 19:21:53,859-0500 INFO  vdl:checkjobstatus SUCCESS jobid=a1sm10ms-83ounesk - Success file found
2012-06-06 19:21:53,861-0500 DEBUG vdl:execute2 STAGING_OUT jobid=a1sm10ms-83ounesk
2012-06-06 19:21:53,866-0500 INFO  vdl:dostageout START jobid=a1sm10ms-83ounesk - Staging out files
2012-06-06 19:21:53,870-0500 DEBUG vdl:dostageout stageouts: [[$, c:messagefile - Open]]
2012-06-06 19:21:53,894-0500 DEBUG vdl:dostageout FILE_STAGE_OUT_START srcname=2.result srcdir=3inloop-20120606-1921-n4u3f9v8/shared/ srchost=localhost destdir= desthost=localhost provider=file
2012-06-06 19:21:53,896-0500 INFO  LateBindingScheduler JobQueue: 0
2012-06-06 19:21:53,901-0500 INFO  LateBindingScheduler JobQueue: 0
2012-06-06 19:21:53,902-0500 DEBUG vdl:dostageout FILE_STAGE_OUT_END srcname=2.result srcdir=3inloop-20120606-1921-n4u3f9v8/shared/ srchost=localhost destdir= desthost=localhost provider=file
2012-06-06 19:21:53,904-0500 INFO  LateBindingScheduler JobQueue: 0
2012-06-06 19:21:53,908-0500 INFO  vdl:dostageout END jobid=a1sm10ms-83ounesk - Staging out finished
2012-06-06 19:21:53,909-0500 DEBUG vdl:execute2 JOB_END jobid=a1sm10ms-83ounesk
2012-06-06 19:21:53,909-0500 INFO  vdl:execute END_SUCCESS thread=0-1-2-1 tr=a1sm10ms
2012-06-06 19:21:53,909-0500 DEBUG countwords PROCEDURE_END line=4
2012-06-06 19:21:53,910-0500 DEBUG vdl:mains FOREACH_IT_END line=12 thread=0-1-2
2012-06-06 19:21:53,961-0500 INFO  LateBindingScheduler JobQueue: 0
2012-06-06 19:21:53,964-0500 DEBUG vdl:checkjobstatus START jobid=a1sm10ms-a3ounesk
2012-06-06 19:21:53,966-0500 INFO  LateBindingScheduler JobQueue: 0
2012-06-06 19:21:53,967-0500 INFO  vdl:checkjobstatus SUCCESS jobid=a1sm10ms-a3ounesk - Success file found
2012-06-06 19:21:53,969-0500 DEBUG vdl:execute2 STAGING_OUT jobid=a1sm10ms-a3ounesk
2012-06-06 19:21:53,971-0500 INFO  vdl:dostageout START jobid=a1sm10ms-a3ounesk - Staging out files
2012-06-06 19:21:53,971-0500 DEBUG vdl:dostageout stageouts: [[$, c:messagefile - Open]]
2012-06-06 19:21:53,979-0500 DEBUG vdl:dostageout FILE_STAGE_OUT_START srcname=0.result srcdir=3inloop-20120606-1921-n4u3f9v8/shared/ srchost=localhost destdir= desthost=localhost provider=file
2012-06-06 19:21:53,981-0500 INFO  LateBindingScheduler JobQueue: 0
2012-06-06 19:21:53,987-0500 INFO  LateBindingScheduler JobQueue: 0
2012-06-06 19:21:53,988-0500 DEBUG vdl:dostageout FILE_STAGE_OUT_END srcname=0.result srcdir=3inloop-20120606-1921-n4u3f9v8/shared/ srchost=localhost destdir= desthost=localhost provider=file
2012-06-06 19:21:53,991-0500 INFO  LateBindingScheduler JobQueue: 0
2012-06-06 19:21:53,995-0500 INFO  vdl:dostageout END jobid=a1sm10ms-a3ounesk - Staging out finished
2012-06-06 19:21:53,999-0500 DEBUG vdl:execute2 JOB_END jobid=a1sm10ms-a3ounesk
2012-06-06 19:21:54,001-0500 INFO  vdl:execute END_SUCCESS thread=0-1-0-1 tr=a1sm10ms
2012-06-06 19:21:54,002-0500 DEBUG countwords PROCEDURE_END line=4
2012-06-06 19:21:54,004-0500 DEBUG vdl:mains FOREACH_IT_END line=12 thread=0-1-0
2012-06-06 19:21:54,026-0500 DEBUG vdl:mains Starting cleanups
2012-06-06 19:21:54,027-0500 INFO  vdl:cleanups START cleanups=[[3inloop-20120606-1921-n4u3f9v8, localhost]]
2012-06-06 19:21:54,028-0500 INFO  vdl:cleanup START dir=3inloop-20120606-1921-n4u3f9v8 host=localhost
2012-06-06 19:21:54,029-0500 DEBUG vdl:cleanup cdmfile 
2012-06-06 19:21:54,031-0500 INFO  GridExec TASK_DEFINITION: Task(type=JOB_SUBMISSION, identity=urn:0-1-1339028512071) is /bin/rm -rf 3inloop-20120606-1921-n4u3f9v8
2012-06-06 19:21:54,032-0500 INFO  JobSubmissionTaskHandler Submit: in: /var/tmp command: /bin/rm -rf 3inloop-20120606-1921-n4u3f9v8
2012-06-06 19:21:54,032-0500 INFO  LateBindingScheduler JobQueue: 0
2012-06-06 19:21:54,033-0500 INFO  vdl:cleanup END dir=3inloop-20120606-1921-n4u3f9v8 host=localhost
2012-06-06 19:21:54,035-0500 INFO  vdl:cleanups END cleanups=[[3inloop-20120606-1921-n4u3f9v8, localhost]]
2012-06-06 19:21:54,036-0500 DEBUG vdl:mains Ending cleanups
2012-06-06 19:21:54,037-0500 INFO  Loader Swift finished with no errors
