2012-06-06 19:22:10,985-0500 DEBUG Loader arguments: [-tc.file, tc.data, -sites.file, 0-throttle-sites.xml, 3inloop.swift]
2012-06-06 19:22:10,985-0500 DEBUG Loader Max heap: 252248064
2012-06-06 19:22:10,986-0500 DEBUG textfiles BEGIN SWIFTSCRIPT:

type messagefile; 

app (messagefile t) countwords () {   
     a1sm10ms stdout=@filename(t);
}

string outputNames = "test1 test2 test3";

messagefile outputfiles[] <fixed_array_mapper;files=outputNames>;

foreach f,i in outputfiles {
  messagefile c <single_file_mapper; file=@strcat(i, ".result")>;
  c = countwords();
}


2012-06-06 19:22:10,986-0500 DEBUG textfiles END SWIFTSCRIPT:
2012-06-06 19:22:10,987-0500 DEBUG Loader kmlversion is >239b8550-a5ff-44be-a124-5e7ecd70737d<
2012-06-06 19:22:10,987-0500 DEBUG Loader build version is >239b8550-a5ff-44be-a124-5e7ecd70737d<
2012-06-06 19:22:10,987-0500 DEBUG Loader Recompilation suppressed.
2012-06-06 19:22:11,134-0500 DEBUG Loader setting: sites.file to: 0-throttle-sites.xml
2012-06-06 19:22:11,134-0500 DEBUG Loader setting: tc.file to: tc.data
2012-06-06 19:22:11,134-0500 DEBUG textfiles BEGIN SITES:
<config>

  <pool handle="localhost">
    <filesystem provider="local" />
    <execution provider="local" />
    <workdirectory >/var/tmp</workdirectory>
    <profile namespace="karajan" key="jobThrottle">.01</profile>
    <profile namespace="karajan" key="initialScore">10000</profile>
  </pool>

</config>


2012-06-06 19:22:11,134-0500 DEBUG textfiles END SITES:
2012-06-06 19:22:11,139-0500 INFO  VDL2ExecutionContext Stack dump:
Level 1
[iA = 0, iB = 0, bA = false, bB = false]
	vdl:instanceconfig = Swift configuration []
	vdl:operation = run
	swift.home = /usr/local/swift/bin/..
	PATH_SEPARATOR = /


2012-06-06 19:22:11,807-0500 INFO  unknown Using sites file: 0-throttle-sites.xml
2012-06-06 19:22:11,855-0500 INFO  unknown Using tc.data: tc.data
2012-06-06 19:22:11,962-0500 INFO  AbstractScheduler Setting resources to: {localhost=localhost}
2012-06-06 19:22:12,668-0500 INFO  unknown Swift 0.93 swift-r5483 cog-r3339

2012-06-06 19:22:12,670-0500 INFO  unknown RUNID id=run:20120606-1922-ohzmgry8
2012-06-06 19:22:12,718-0500 INFO  SetFieldValue Set: outputNames=test1 test2 test3
2012-06-06 19:22:12,736-0500 INFO  RootDataNode Found data outputfiles:messagefile[] - Open.[0]
2012-06-06 19:22:12,737-0500 INFO  RootDataNode Found data outputfiles:messagefile[] - Open.[1]
2012-06-06 19:22:12,737-0500 INFO  RootDataNode Found data outputfiles:messagefile[] - Open.[2]
2012-06-06 19:22:12,740-0500 DEBUG vdl:mains FOREACH_IT_START line=12 thread=0-1-2
2012-06-06 19:22:12,741-0500 DEBUG vdl:mains FOREACH_IT_START line=12 thread=0-1-1
2012-06-06 19:22:12,741-0500 DEBUG vdl:mains SCOPE thread=0-1-2
2012-06-06 19:22:12,741-0500 DEBUG vdl:mains FOREACH_IT_START line=12 thread=0-1-0
2012-06-06 19:22:12,741-0500 DEBUG vdl:mains SCOPE thread=0-1-1
2012-06-06 19:22:12,742-0500 DEBUG vdl:mains SCOPE thread=0-1-0
2012-06-06 19:22:12,749-0500 DEBUG countwords PROCEDURE line=4 thread=0-1-2-1 name=countwords
2012-06-06 19:22:12,749-0500 DEBUG countwords PROCEDURE line=4 thread=0-1-0-1 name=countwords
2012-06-06 19:22:12,749-0500 DEBUG countwords PROCEDURE line=4 thread=0-1-1-1 name=countwords
2012-06-06 19:22:12,750-0500 INFO  SetFieldValue Set: swift#mapper#17001=2.result
2012-06-06 19:22:12,750-0500 INFO  SetFieldValue Set: swift#mapper#17001=0.result
2012-06-06 19:22:12,750-0500 INFO  SetFieldValue Set: swift#mapper#17001=1.result
2012-06-06 19:22:12,753-0500 INFO  RootDataNode Found mapped data c:messagefile - Open.$
2012-06-06 19:22:12,753-0500 INFO  RootDataNode Found mapped data c:messagefile - Open.$
2012-06-06 19:22:12,753-0500 INFO  RootDataNode Found mapped data c:messagefile - Open.$
2012-06-06 19:22:12,760-0500 INFO  vdl:execute START thread=0-1-1-1 tr=a1sm10ms
2012-06-06 19:22:12,760-0500 INFO  vdl:execute START thread=0-1-2-1 tr=a1sm10ms
2012-06-06 19:22:12,760-0500 INFO  vdl:execute START thread=0-1-0-1 tr=a1sm10ms
2012-06-06 19:22:12,778-0500 INFO  WeightedHostScoreScheduler CONTACT_SELECTED host=localhost, score=99.854
2012-06-06 19:22:12,781-0500 INFO  WeightedHostScoreScheduler CONTACT_SELECTED host=localhost, score=99.854
2012-06-06 19:22:12,786-0500 INFO  GlobalSubmitQueue No global submit throttle set. Using default (1024)
2012-06-06 19:22:12,791-0500 INFO  LateBindingScheduler JobQueue: 1
2012-06-06 19:22:12,795-0500 INFO  LateBindingScheduler JobQueue: 1
2012-06-06 19:22:12,803-0500 INFO  vdl:initshareddir START host=localhost - Initializing shared directory
2012-06-06 19:22:12,810-0500 INFO  LateBindingScheduler JobQueue: 1
2012-06-06 19:22:12,832-0500 INFO  LateBindingScheduler JobQueue: 1
2012-06-06 19:22:12,837-0500 INFO  LateBindingScheduler JobQueue: 1
2012-06-06 19:22:12,841-0500 INFO  LateBindingScheduler JobQueue: 1
2012-06-06 19:22:12,846-0500 INFO  LateBindingScheduler JobQueue: 1
2012-06-06 19:22:12,850-0500 INFO  LateBindingScheduler JobQueue: 1
2012-06-06 19:22:12,854-0500 INFO  vdl:initshareddir END host=localhost - Done initializing shared directory
2012-06-06 19:22:12,862-0500 DEBUG vdl:execute2 THREAD_ASSOCIATION jobid=a1sm10ms-rb5vnesk thread=0-1-1-1-1 host=localhost replicationGroup=pb5vnesk
2012-06-06 19:22:12,862-0500 DEBUG vdl:execute2 THREAD_ASSOCIATION jobid=a1sm10ms-sb5vnesk thread=0-1-0-1-1 host=localhost replicationGroup=qb5vnesk
2012-06-06 19:22:12,886-0500 INFO  vdl:createdirset START jobid=a1sm10ms-rb5vnesk host=localhost - Initializing directory structure
2012-06-06 19:22:12,886-0500 INFO  vdl:createdirset START jobid=a1sm10ms-sb5vnesk host=localhost - Initializing directory structure
2012-06-06 19:22:12,888-0500 INFO  vdl:createdirset END jobid=a1sm10ms-sb5vnesk - Done initializing directory structure
2012-06-06 19:22:12,888-0500 INFO  vdl:createdirset END jobid=a1sm10ms-rb5vnesk - Done initializing directory structure
2012-06-06 19:22:12,892-0500 INFO  vdl:dostagein START jobid=a1sm10ms-rb5vnesk - Staging in files
2012-06-06 19:22:12,892-0500 INFO  vdl:dostagein START jobid=a1sm10ms-sb5vnesk - Staging in files
2012-06-06 19:22:12,903-0500 INFO  vdl:dostagein END jobid=a1sm10ms-rb5vnesk - Staging in finished
2012-06-06 19:22:12,903-0500 INFO  vdl:dostagein END jobid=a1sm10ms-sb5vnesk - Staging in finished
2012-06-06 19:22:12,909-0500 DEBUG vdl:execute2 JOB_START jobid=a1sm10ms-sb5vnesk tr=a1sm10ms arguments=[] tmpdir=3inloop-20120606-1922-ohzmgry8/jobs/s/a1sm10ms-sb5vnesk host=localhost
2012-06-06 19:22:12,909-0500 DEBUG vdl:execute2 JOB_START jobid=a1sm10ms-rb5vnesk tr=a1sm10ms arguments=[] tmpdir=3inloop-20120606-1922-ohzmgry8/jobs/r/a1sm10ms-rb5vnesk host=localhost
2012-06-06 19:22:12,923-0500 DEBUG textfiles BEGIN TC:
#This is the transformation catalog.
#
#It comes pre-configured with a number of simple transformations with
#paths that are likely to work on a linux box. However, on some systems,
#the paths to these executables will be different (for example, sometimes
#some of these programs are found in /usr/bin rather than in /bin)
#
#NOTE WELL: fields in this file must be separated by tabs, not spaces; and
#there must be no trailing whitespace at the end of each line.
#
# sitename  transformation  path   INSTALLED  platform  profiles
localhost 	echo 		/bin/echo	INSTALLED	INTEL32::LINUX	null
localhost 	cat 		/bin/cat	INSTALLED	INTEL32::LINUX	null
localhost 	ls 		/bin/ls		INSTALLED	INTEL32::LINUX	null
localhost 	grep 		/bin/grep	INSTALLED	INTEL32::LINUX	null
localhost 	sort 		/bin/sort	INSTALLED	INTEL32::LINUX	null
localhost 	paste 		/bin/paste	INSTALLED	INTEL32::LINUX	null
localhost 	cp 		/bin/cp         INSTALLED	INTEL32::LINUX	null
localhost 	touch 		/bin/touch      INSTALLED	INTEL32::LINUX	null
localhost	wc		/usr/bin/wc	INSTALLED	INTEL32::LINUX	null
localhost	sh		/bin/wc		INSTALLED	INTEL32::LINUX	null
localhost	scott3a		/home/skrieder/swift/multi/scott3a.sh		INSTALLED	INTEL32::LINUX	null
localhost	scott3b		/home/skrieder/swift/multi/scott3b.sh		INSTALLED	INTEL32::LINUX	null
localhost	cka		/home/skrieder/swift/cuda/1sm1ms		INSTALLED	INTEL32::LINUX	null
localhost	a1sm0ms		/home/skrieder/swift/cuda/1sm0ms		INSTALLED	INTEL32::LINUX	null
localhost	a1sm1ms		/home/skrieder/swift/cuda/1sm1ms		INSTALLED	INTEL32::LINUX	null
localhost	a1sm10ms	/home/skrieder/swift/cuda/1sm10ms		INSTALLED	INTEL32::LINUX	null
localhost	a1sm100ms	/home/skrieder/swift/cuda/1sm100ms		INSTALLED	INTEL32::LINUX	null
localhost	a2sm0ms		/home/skrieder/swift/cuda/2sm0ms		INSTALLED	INTEL32::LINUX	null
localhost	a2sm1ms		/home/skrieder/swift/cuda/2sm1ms		INSTALLED	INTEL32::LINUX	null
localhost	a2sm10ms	/home/skrieder/swift/cuda/2sm10ms		INSTALLED	INTEL32::LINUX	null
localhost	a2sm100ms	/home/skrieder/swift/cuda/2sm100ms		INSTALLED	INTEL32::LINUX	null
localhost	a4sm0ms		/home/skrieder/swift/cuda/4sm0ms		INSTALLED	INTEL32::LINUX	null
localhost	a4sm1ms		/home/skrieder/swift/cuda/4sm1ms		INSTALLED	INTEL32::LINUX	null
localhost	a4sm10ms	/home/skrieder/swift/cuda/4sm10ms		INSTALLED	INTEL32::LINUX	null
localhost	a4sm100ms	/home/skrieder/swift/cuda/4sm100ms		INSTALLED	INTEL32::LINUX	null
localhost	a8sm0ms		/home/skrieder/swift/cuda/8sm0ms		INSTALLED	INTEL32::LINUX	null
localhost	a8sm1ms		/home/skrieder/swift/cuda/8sm1ms		INSTALLED	INTEL32::LINUX	null
localhost	a8sm10ms	/home/skrieder/swift/cuda/8sm10ms		INSTALLED	INTEL32::LINUX	null
localhost	a8sm100ms	/home/skrieder/swift/cuda/8sm100ms		INSTALLED	INTEL32::LINUX	null
localhost	a16sm0ms	/home/skrieder/swift/cuda/16sm0ms		INSTALLED	INTEL32::LINUX	null
localhost	a16sm1ms	/home/skrieder/swift/cuda/16sm1ms		INSTALLED	INTEL32::LINUX	null
localhost	a16sm10ms	/home/skrieder/swift/cuda/16sm10ms		INSTALLED	INTEL32::LINUX	null
localhost	a16sm100ms	/home/skrieder/swift/cuda/16sm100ms		INSTALLED	INTEL32::LINUX	null
localhost	sleep0ms	/home/skrieder/swift/c/sleep0ms			INSTALLED	INTEL32::LINUX	null
localhost	sleep1ms	/home/skrieder/swift/c/sleep1ms			INSTALLED	INTEL32::LINUX	null
localhost	sleep10ms	/home/skrieder/swift/c/sleep10ms		INSTALLED	INTEL32::LINUX	null
localhost	sleep100ms	/home/skrieder/swift/c/sleep100ms			INSTALLED	INTEL32::LINUX	null
localhost	sleep1000ms	/home/skrieder/swift/c/sleep1000ms			INSTALLED	INTEL32::LINUX	null
localhost	sleep10000ms	/home/skrieder/swift/c/sleep10000ms			INSTALLED	INTEL32::LINUX	null
localhost	hello		/home/skrieder/swift/multi/hello			INSTALLED	INTEL32::LINUX	null


2012-06-06 19:22:12,924-0500 DEBUG textfiles END TC:
2012-06-06 19:22:12,949-0500 INFO  GridExec TASK_DEFINITION: Task(type=JOB_SUBMISSION, identity=urn:0-1-0-1-1-1339028531846) is /bin/bash shared/_swiftwrap a1sm10ms-sb5vnesk -jobdir s -scratch  -e /home/skrieder/swift/cuda/1sm10ms -out 0.result -err stderr.txt -i -d  -if  -of 0.result -k  -cdmfile  -status files -a
2012-06-06 19:22:12,949-0500 INFO  GridExec TASK_DEFINITION: Task(type=JOB_SUBMISSION, identity=urn:0-1-1-1-1-1339028531847) is /bin/bash shared/_swiftwrap a1sm10ms-rb5vnesk -jobdir r -scratch  -e /home/skrieder/swift/cuda/1sm10ms -out 1.result -err stderr.txt -i -d  -if  -of 1.result -k  -cdmfile  -status files -a
2012-06-06 19:22:12,964-0500 INFO  JobSubmissionTaskHandler Submit: in: /var/tmp/3inloop-20120606-1922-ohzmgry8 command: /bin/bash /var/tmp/3inloop-20120606-1922-ohzmgry8/shared/_swiftwrap a1sm10ms-sb5vnesk -jobdir s -scratch  -e /home/skrieder/swift/cuda/1sm10ms -out 0.result -err stderr.txt -i -d  -if  -of 0.result -k  -cdmfile  -status files -a
2012-06-06 19:22:12,965-0500 INFO  JobSubmissionTaskHandler Submit: in: /var/tmp/3inloop-20120606-1922-ohzmgry8 command: /bin/bash /var/tmp/3inloop-20120606-1922-ohzmgry8/shared/_swiftwrap a1sm10ms-rb5vnesk -jobdir r -scratch  -e /home/skrieder/swift/cuda/1sm10ms -out 1.result -err stderr.txt -i -d  -if  -of 1.result -k  -cdmfile  -status files -a
2012-06-06 19:22:13,259-0500 INFO  LateBindingScheduler JobQueue: 1
2012-06-06 19:22:13,266-0500 DEBUG vdl:checkjobstatus START jobid=a1sm10ms-sb5vnesk
2012-06-06 19:22:13,279-0500 INFO  LateBindingScheduler JobQueue: 1
2012-06-06 19:22:13,280-0500 INFO  LateBindingScheduler JobQueue: 1
2012-06-06 19:22:13,281-0500 INFO  vdl:checkerrorfile FAILURE jobid=a1sm10ms-sb5vnesk - Failure file found
2012-06-06 19:22:13,283-0500 DEBUG vdl:checkjobstatus START jobid=a1sm10ms-rb5vnesk
2012-06-06 19:22:13,285-0500 INFO  LateBindingScheduler JobQueue: 1
2012-06-06 19:22:13,285-0500 INFO  LateBindingScheduler JobQueue: 1
2012-06-06 19:22:13,287-0500 INFO  vdl:checkjobstatus SUCCESS jobid=a1sm10ms-rb5vnesk - Success file found
2012-06-06 19:22:13,289-0500 INFO  LateBindingScheduler JobQueue: 1
2012-06-06 19:22:13,290-0500 DEBUG vdl:execute2 STAGING_OUT jobid=a1sm10ms-rb5vnesk
2012-06-06 19:22:13,292-0500 INFO  LateBindingScheduler JobQueue: 1
2012-06-06 19:22:13,294-0500 INFO  vdl:dostageout START jobid=a1sm10ms-rb5vnesk - Staging out files
2012-06-06 19:22:13,294-0500 DEBUG vdl:execute2 STAGING_OUT jobid=a1sm10ms-sb5vnesk
2012-06-06 19:22:13,295-0500 DEBUG vdl:dostageout stageouts: [[$, c:messagefile - Open]]
2012-06-06 19:22:13,296-0500 INFO  vdl:dostageout START jobid=a1sm10ms-sb5vnesk - Staging out files
2012-06-06 19:22:13,297-0500 DEBUG vdl:dostageout stageouts: [[$, c:messagefile - Open]]
2012-06-06 19:22:13,314-0500 DEBUG vdl:dostageout FILE_STAGE_OUT_START srcname=1.result srcdir=3inloop-20120606-1922-ohzmgry8/shared/ srchost=localhost destdir= desthost=localhost provider=file
2012-06-06 19:22:13,314-0500 DEBUG vdl:dostageout FILE_STAGE_OUT_START srcname=0.result srcdir=3inloop-20120606-1922-ohzmgry8/shared/ srchost=localhost destdir= desthost=localhost provider=file
2012-06-06 19:22:13,317-0500 INFO  LateBindingScheduler JobQueue: 1
2012-06-06 19:22:13,317-0500 INFO  LateBindingScheduler JobQueue: 1
2012-06-06 19:22:13,338-0500 INFO  LateBindingScheduler JobQueue: 1
2012-06-06 19:22:13,340-0500 DEBUG vdl:dostageout FILE_STAGE_OUT_END srcname=1.result srcdir=3inloop-20120606-1922-ohzmgry8/shared/ srchost=localhost destdir= desthost=localhost provider=file
2012-06-06 19:22:13,348-0500 INFO  LateBindingScheduler JobQueue: 1
2012-06-06 19:22:13,356-0500 INFO  LateBindingScheduler JobQueue: 1
2012-06-06 19:22:13,358-0500 INFO  vdl:checkerrorfile NO_STATUS_FILE jobid=a1sm10ms-sb5vnesk - Error file missing
2012-06-06 19:22:13,363-0500 DEBUG vdl:execute2 APPLICATION_EXCEPTION jobid=a1sm10ms-sb5vnesk - Application exception: null
Caused by: org.globus.cog.abstraction.impl.file.FileNotFoundException: File not found: /var/tmp/3inloop-20120606-1922-ohzmgry8/shared/0.result
2012-06-06 19:22:13,364-0500 INFO  vdl:dostageout END jobid=a1sm10ms-rb5vnesk - Staging out finished
2012-06-06 19:22:13,375-0500 DEBUG vdl:execute2 JOB_END jobid=a1sm10ms-rb5vnesk
2012-06-06 19:22:13,378-0500 INFO  vdl:execute END_SUCCESS thread=0-1-1-1 tr=a1sm10ms
2012-06-06 19:22:13,381-0500 DEBUG countwords PROCEDURE_END line=4
2012-06-06 19:22:13,382-0500 INFO  WeightedHostScoreScheduler CONTACT_SELECTED host=localhost, score=99.854
2012-06-06 19:22:13,384-0500 DEBUG vdl:mains FOREACH_IT_END line=12 thread=0-1-1
2012-06-06 19:22:13,386-0500 INFO  LateBindingScheduler JobQueue: 0
2012-06-06 19:22:13,389-0500 DEBUG vdl:execute2 THREAD_ASSOCIATION jobid=a1sm10ms-tb5vnesk thread=0-1-2-1-1 host=localhost replicationGroup=ob5vnesk
2012-06-06 19:22:13,391-0500 INFO  LateBindingScheduler JobQueue: 0
2012-06-06 19:22:13,397-0500 INFO  LateBindingScheduler JobQueue: 0
2012-06-06 19:22:13,398-0500 INFO  vdl:createdirset START jobid=a1sm10ms-tb5vnesk host=localhost - Initializing directory structure
2012-06-06 19:22:13,399-0500 INFO  vdl:createdirset END jobid=a1sm10ms-tb5vnesk - Done initializing directory structure
2012-06-06 19:22:13,400-0500 INFO  LateBindingScheduler JobQueue: 0
2012-06-06 19:22:13,401-0500 INFO  vdl:dostagein START jobid=a1sm10ms-tb5vnesk - Staging in files
2012-06-06 19:22:13,403-0500 INFO  vdl:dostagein END jobid=a1sm10ms-tb5vnesk - Staging in finished
2012-06-06 19:22:13,405-0500 DEBUG vdl:execute2 JOB_START jobid=a1sm10ms-tb5vnesk tr=a1sm10ms arguments=[] tmpdir=3inloop-20120606-1922-ohzmgry8/jobs/t/a1sm10ms-tb5vnesk host=localhost
2012-06-06 19:22:13,412-0500 INFO  LateBindingScheduler JobQueue: 0
2012-06-06 19:22:13,417-0500 INFO  GridExec TASK_DEFINITION: Task(type=JOB_SUBMISSION, identity=urn:0-1-2-1-1-1339028531896) is /bin/bash shared/_swiftwrap a1sm10ms-tb5vnesk -jobdir t -scratch  -e /home/skrieder/swift/cuda/1sm10ms -out 2.result -err stderr.txt -i -d  -if  -of 2.result -k  -cdmfile  -status files -a
2012-06-06 19:22:13,418-0500 INFO  JobSubmissionTaskHandler Submit: in: /var/tmp/3inloop-20120606-1922-ohzmgry8 command: /bin/bash /var/tmp/3inloop-20120606-1922-ohzmgry8/shared/_swiftwrap a1sm10ms-tb5vnesk -jobdir t -scratch  -e /home/skrieder/swift/cuda/1sm10ms -out 2.result -err stderr.txt -i -d  -if  -of 2.result -k  -cdmfile  -status files -a
2012-06-06 19:22:13,434-0500 INFO  WeightedHostScoreScheduler CONTACT_SELECTED host=localhost, score=99.854
2012-06-06 19:22:13,440-0500 DEBUG vdl:execute2 THREAD_ASSOCIATION jobid=a1sm10ms-vb5vnesk thread=0-1-0-1-1 host=localhost replicationGroup=ub5vnesk
2012-06-06 19:22:13,449-0500 INFO  vdl:createdirset START jobid=a1sm10ms-vb5vnesk host=localhost - Initializing directory structure
2012-06-06 19:22:13,449-0500 INFO  vdl:createdirset END jobid=a1sm10ms-vb5vnesk - Done initializing directory structure
2012-06-06 19:22:13,451-0500 INFO  vdl:dostagein START jobid=a1sm10ms-vb5vnesk - Staging in files
2012-06-06 19:22:13,453-0500 INFO  vdl:dostagein END jobid=a1sm10ms-vb5vnesk - Staging in finished
2012-06-06 19:22:13,455-0500 DEBUG vdl:execute2 JOB_START jobid=a1sm10ms-vb5vnesk tr=a1sm10ms arguments=[] tmpdir=3inloop-20120606-1922-ohzmgry8/jobs/v/a1sm10ms-vb5vnesk host=localhost
2012-06-06 19:22:13,468-0500 INFO  GridExec TASK_DEFINITION: Task(type=JOB_SUBMISSION, identity=urn:0-1-0-1-1-1339028531899) is /bin/bash shared/_swiftwrap a1sm10ms-vb5vnesk -jobdir v -scratch  -e /home/skrieder/swift/cuda/1sm10ms -out 0.result -err stderr.txt -i -d  -if  -of 0.result -k  -cdmfile  -status files -a
2012-06-06 19:22:13,469-0500 INFO  JobSubmissionTaskHandler Submit: in: /var/tmp/3inloop-20120606-1922-ohzmgry8 command: /bin/bash /var/tmp/3inloop-20120606-1922-ohzmgry8/shared/_swiftwrap a1sm10ms-vb5vnesk -jobdir v -scratch  -e /home/skrieder/swift/cuda/1sm10ms -out 0.result -err stderr.txt -i -d  -if  -of 0.result -k  -cdmfile  -status files -a
2012-06-06 19:22:13,684-0500 INFO  LateBindingScheduler JobQueue: 0
2012-06-06 19:22:13,688-0500 DEBUG vdl:checkjobstatus START jobid=a1sm10ms-tb5vnesk
2012-06-06 19:22:13,690-0500 INFO  LateBindingScheduler JobQueue: 0
2012-06-06 19:22:13,691-0500 INFO  vdl:checkjobstatus SUCCESS jobid=a1sm10ms-tb5vnesk - Success file found
2012-06-06 19:22:13,693-0500 DEBUG vdl:execute2 STAGING_OUT jobid=a1sm10ms-tb5vnesk
2012-06-06 19:22:13,695-0500 INFO  vdl:dostageout START jobid=a1sm10ms-tb5vnesk - Staging out files
2012-06-06 19:22:13,695-0500 DEBUG vdl:dostageout stageouts: [[$, c:messagefile - Open]]
2012-06-06 19:22:13,717-0500 DEBUG vdl:dostageout FILE_STAGE_OUT_START srcname=2.result srcdir=3inloop-20120606-1922-ohzmgry8/shared/ srchost=localhost destdir= desthost=localhost provider=file
2012-06-06 19:22:13,718-0500 INFO  LateBindingScheduler JobQueue: 0
2012-06-06 19:22:13,728-0500 INFO  LateBindingScheduler JobQueue: 0
2012-06-06 19:22:13,730-0500 DEBUG vdl:dostageout FILE_STAGE_OUT_END srcname=2.result srcdir=3inloop-20120606-1922-ohzmgry8/shared/ srchost=localhost destdir= desthost=localhost provider=file
2012-06-06 19:22:13,732-0500 INFO  LateBindingScheduler JobQueue: 0
2012-06-06 19:22:13,735-0500 INFO  vdl:dostageout END jobid=a1sm10ms-tb5vnesk - Staging out finished
2012-06-06 19:22:13,737-0500 DEBUG vdl:execute2 JOB_END jobid=a1sm10ms-tb5vnesk
2012-06-06 19:22:13,738-0500 INFO  vdl:execute END_SUCCESS thread=0-1-2-1 tr=a1sm10ms
2012-06-06 19:22:13,739-0500 DEBUG countwords PROCEDURE_END line=4
2012-06-06 19:22:13,739-0500 DEBUG vdl:mains FOREACH_IT_END line=12 thread=0-1-2
2012-06-06 19:22:13,777-0500 INFO  LateBindingScheduler JobQueue: 0
2012-06-06 19:22:13,780-0500 DEBUG vdl:checkjobstatus START jobid=a1sm10ms-vb5vnesk
2012-06-06 19:22:13,782-0500 INFO  LateBindingScheduler JobQueue: 0
2012-06-06 19:22:13,783-0500 INFO  vdl:checkjobstatus SUCCESS jobid=a1sm10ms-vb5vnesk - Success file found
2012-06-06 19:22:13,785-0500 DEBUG vdl:execute2 STAGING_OUT jobid=a1sm10ms-vb5vnesk
2012-06-06 19:22:13,787-0500 INFO  vdl:dostageout START jobid=a1sm10ms-vb5vnesk - Staging out files
2012-06-06 19:22:13,787-0500 DEBUG vdl:dostageout stageouts: [[$, c:messagefile - Open]]
2012-06-06 19:22:13,794-0500 DEBUG vdl:dostageout FILE_STAGE_OUT_START srcname=0.result srcdir=3inloop-20120606-1922-ohzmgry8/shared/ srchost=localhost destdir= desthost=localhost provider=file
2012-06-06 19:22:13,796-0500 INFO  LateBindingScheduler JobQueue: 0
2012-06-06 19:22:13,802-0500 INFO  LateBindingScheduler JobQueue: 0
2012-06-06 19:22:13,804-0500 DEBUG vdl:dostageout FILE_STAGE_OUT_END srcname=0.result srcdir=3inloop-20120606-1922-ohzmgry8/shared/ srchost=localhost destdir= desthost=localhost provider=file
2012-06-06 19:22:13,806-0500 INFO  LateBindingScheduler JobQueue: 0
2012-06-06 19:22:13,810-0500 INFO  vdl:dostageout END jobid=a1sm10ms-vb5vnesk - Staging out finished
2012-06-06 19:22:13,814-0500 DEBUG vdl:execute2 JOB_END jobid=a1sm10ms-vb5vnesk
2012-06-06 19:22:13,816-0500 INFO  vdl:execute END_SUCCESS thread=0-1-0-1 tr=a1sm10ms
2012-06-06 19:22:13,817-0500 DEBUG countwords PROCEDURE_END line=4
2012-06-06 19:22:13,819-0500 DEBUG vdl:mains FOREACH_IT_END line=12 thread=0-1-0
2012-06-06 19:22:13,838-0500 DEBUG vdl:mains Starting cleanups
2012-06-06 19:22:13,839-0500 INFO  vdl:cleanups START cleanups=[[3inloop-20120606-1922-ohzmgry8, localhost]]
2012-06-06 19:22:13,840-0500 INFO  vdl:cleanup START dir=3inloop-20120606-1922-ohzmgry8 host=localhost
2012-06-06 19:22:13,840-0500 DEBUG vdl:cleanup cdmfile 
2012-06-06 19:22:13,843-0500 INFO  GridExec TASK_DEFINITION: Task(type=JOB_SUBMISSION, identity=urn:0-1-1339028531919) is /bin/rm -rf 3inloop-20120606-1922-ohzmgry8
2012-06-06 19:22:13,843-0500 INFO  JobSubmissionTaskHandler Submit: in: /var/tmp command: /bin/rm -rf 3inloop-20120606-1922-ohzmgry8
2012-06-06 19:22:13,844-0500 INFO  LateBindingScheduler JobQueue: 0
2012-06-06 19:22:13,844-0500 INFO  vdl:cleanup END dir=3inloop-20120606-1922-ohzmgry8 host=localhost
2012-06-06 19:22:13,844-0500 INFO  vdl:cleanups END cleanups=[[3inloop-20120606-1922-ohzmgry8, localhost]]
2012-06-06 19:22:13,845-0500 DEBUG vdl:mains Ending cleanups
2012-06-06 19:22:13,846-0500 INFO  Loader Swift finished with no errors
