2012-06-08 09:39:11,706-0500 DEBUG Loader arguments: [-tc.file, tc.data, -sites.file, 0-throttle-sites.xml, 3inloop.swift]
2012-06-08 09:39:11,706-0500 DEBUG Loader Max heap: 252248064
2012-06-08 09:39:11,707-0500 DEBUG textfiles BEGIN SWIFTSCRIPT:

type messagefile; 

app (messagefile t) countwords () {   
     a1sm1ms stdout=@filename(t);
}

string outputNames = "test1 test2 test3";

messagefile outputfiles[] <fixed_array_mapper;files=outputNames>;

foreach f,i in outputfiles {
  messagefile c <single_file_mapper; file=@strcat(i, ".result")>;
  c = countwords();
}


2012-06-08 09:39:11,707-0500 DEBUG textfiles END SWIFTSCRIPT:
2012-06-08 09:39:11,707-0500 DEBUG Loader kmlversion is >239b8550-a5ff-44be-a124-5e7ecd70737d<
2012-06-08 09:39:11,707-0500 DEBUG Loader build version is >239b8550-a5ff-44be-a124-5e7ecd70737d<
2012-06-08 09:39:11,707-0500 DEBUG Loader Recompilation suppressed.
2012-06-08 09:39:11,855-0500 DEBUG Loader setting: sites.file to: 0-throttle-sites.xml
2012-06-08 09:39:11,855-0500 DEBUG Loader setting: tc.file to: tc.data
2012-06-08 09:39:11,856-0500 DEBUG textfiles BEGIN SITES:
<config>

  <pool handle="localhost">
    <filesystem provider="local" />
    <execution provider="local" />
    <workdirectory >/var/tmp</workdirectory>
    <profile namespace="karajan" key="jobThrottle">.01</profile>
    <profile namespace="karajan" key="initialScore">10000</profile>
  </pool>

</config>


2012-06-08 09:39:11,856-0500 DEBUG textfiles END SITES:
2012-06-08 09:39:11,860-0500 INFO  VDL2ExecutionContext Stack dump:
Level 1
[iA = 0, iB = 0, bA = false, bB = false]
	vdl:instanceconfig = Swift configuration []
	vdl:operation = run
	swift.home = /usr/local/swift/bin/..
	PATH_SEPARATOR = /


2012-06-08 09:39:12,557-0500 INFO  unknown Using sites file: 0-throttle-sites.xml
2012-06-08 09:39:12,593-0500 INFO  unknown Using tc.data: tc.data
2012-06-08 09:39:12,696-0500 INFO  AbstractScheduler Setting resources to: {localhost=localhost}
2012-06-08 09:39:13,434-0500 INFO  unknown Swift 0.93 swift-r5483 cog-r3339

2012-06-08 09:39:13,434-0500 INFO  unknown RUNID id=run:20120608-0939-uza2agp3
2012-06-08 09:39:13,493-0500 INFO  SetFieldValue Set: outputNames=test1 test2 test3
2012-06-08 09:39:13,515-0500 INFO  RootDataNode Found data outputfiles:messagefile[] - Open.[0]
2012-06-08 09:39:13,515-0500 INFO  RootDataNode Found data outputfiles:messagefile[] - Open.[1]
2012-06-08 09:39:13,515-0500 INFO  RootDataNode Found data outputfiles:messagefile[] - Open.[2]
2012-06-08 09:39:13,519-0500 DEBUG vdl:mains FOREACH_IT_START line=12 thread=0-1-2
2012-06-08 09:39:13,519-0500 DEBUG vdl:mains FOREACH_IT_START line=12 thread=0-1-1
2012-06-08 09:39:13,519-0500 DEBUG vdl:mains FOREACH_IT_START line=12 thread=0-1-0
2012-06-08 09:39:13,519-0500 DEBUG vdl:mains SCOPE thread=0-1-2
2012-06-08 09:39:13,520-0500 DEBUG vdl:mains SCOPE thread=0-1-0
2012-06-08 09:39:13,519-0500 DEBUG vdl:mains SCOPE thread=0-1-1
2012-06-08 09:39:13,529-0500 INFO  SetFieldValue Set: swift#mapper#17001=0.result
2012-06-08 09:39:13,529-0500 INFO  SetFieldValue Set: swift#mapper#17001=2.result
2012-06-08 09:39:13,529-0500 INFO  SetFieldValue Set: swift#mapper#17001=1.result
2012-06-08 09:39:13,530-0500 DEBUG countwords PROCEDURE line=4 thread=0-1-2-1 name=countwords
2012-06-08 09:39:13,530-0500 DEBUG countwords PROCEDURE line=4 thread=0-1-0-1 name=countwords
2012-06-08 09:39:13,531-0500 DEBUG countwords PROCEDURE line=4 thread=0-1-1-1 name=countwords
2012-06-08 09:39:13,531-0500 INFO  RootDataNode Found mapped data c:messagefile - Open.$
2012-06-08 09:39:13,531-0500 INFO  RootDataNode Found mapped data c:messagefile - Open.$
2012-06-08 09:39:13,531-0500 INFO  RootDataNode Found mapped data c:messagefile - Open.$
2012-06-08 09:39:13,539-0500 INFO  vdl:execute START thread=0-1-0-1 tr=a1sm1ms
2012-06-08 09:39:13,539-0500 INFO  vdl:execute START thread=0-1-2-1 tr=a1sm1ms
2012-06-08 09:39:13,539-0500 INFO  vdl:execute START thread=0-1-1-1 tr=a1sm1ms
2012-06-08 09:39:13,558-0500 INFO  WeightedHostScoreScheduler CONTACT_SELECTED host=localhost, score=99.854
2012-06-08 09:39:13,561-0500 INFO  WeightedHostScoreScheduler CONTACT_SELECTED host=localhost, score=99.854
2012-06-08 09:39:13,565-0500 INFO  GlobalSubmitQueue No global submit throttle set. Using default (1024)
2012-06-08 09:39:13,570-0500 INFO  LateBindingScheduler JobQueue: 1
2012-06-08 09:39:13,573-0500 INFO  LateBindingScheduler JobQueue: 1
2012-06-08 09:39:13,577-0500 INFO  vdl:initshareddir START host=localhost - Initializing shared directory
2012-06-08 09:39:13,583-0500 INFO  LateBindingScheduler JobQueue: 1
2012-06-08 09:39:13,609-0500 INFO  LateBindingScheduler JobQueue: 1
2012-06-08 09:39:13,613-0500 INFO  LateBindingScheduler JobQueue: 1
2012-06-08 09:39:13,616-0500 INFO  LateBindingScheduler JobQueue: 1
2012-06-08 09:39:13,622-0500 INFO  LateBindingScheduler JobQueue: 1
2012-06-08 09:39:13,626-0500 INFO  LateBindingScheduler JobQueue: 1
2012-06-08 09:39:13,628-0500 INFO  vdl:initshareddir END host=localhost - Done initializing shared directory
2012-06-08 09:39:13,633-0500 DEBUG vdl:execute2 THREAD_ASSOCIATION jobid=a1sm1ms-62mpahsk thread=0-1-1-1-1 host=localhost replicationGroup=42mpahsk
2012-06-08 09:39:13,633-0500 DEBUG vdl:execute2 THREAD_ASSOCIATION jobid=a1sm1ms-72mpahsk thread=0-1-0-1-1 host=localhost replicationGroup=52mpahsk
2012-06-08 09:39:13,649-0500 INFO  vdl:createdirset START jobid=a1sm1ms-72mpahsk host=localhost - Initializing directory structure
2012-06-08 09:39:13,649-0500 INFO  vdl:createdirset START jobid=a1sm1ms-62mpahsk host=localhost - Initializing directory structure
2012-06-08 09:39:13,651-0500 INFO  vdl:createdirset END jobid=a1sm1ms-72mpahsk - Done initializing directory structure
2012-06-08 09:39:13,651-0500 INFO  vdl:createdirset END jobid=a1sm1ms-62mpahsk - Done initializing directory structure
2012-06-08 09:39:13,653-0500 INFO  vdl:dostagein START jobid=a1sm1ms-62mpahsk - Staging in files
2012-06-08 09:39:13,653-0500 INFO  vdl:dostagein START jobid=a1sm1ms-72mpahsk - Staging in files
2012-06-08 09:39:13,660-0500 INFO  vdl:dostagein END jobid=a1sm1ms-62mpahsk - Staging in finished
2012-06-08 09:39:13,660-0500 INFO  vdl:dostagein END jobid=a1sm1ms-72mpahsk - Staging in finished
2012-06-08 09:39:13,666-0500 DEBUG vdl:execute2 JOB_START jobid=a1sm1ms-62mpahsk tr=a1sm1ms arguments=[] tmpdir=3inloop-20120608-0939-uza2agp3/jobs/6/a1sm1ms-62mpahsk host=localhost
2012-06-08 09:39:13,666-0500 DEBUG vdl:execute2 JOB_START jobid=a1sm1ms-72mpahsk tr=a1sm1ms arguments=[] tmpdir=3inloop-20120608-0939-uza2agp3/jobs/7/a1sm1ms-72mpahsk host=localhost
2012-06-08 09:39:13,680-0500 DEBUG textfiles BEGIN TC:
#This is the transformation catalog.
#
#It comes pre-configured with a number of simple transformations with
#paths that are likely to work on a linux box. However, on some systems,
#the paths to these executables will be different (for example, sometimes
#some of these programs are found in /usr/bin rather than in /bin)
#
#NOTE WELL: fields in this file must be separated by tabs, not spaces; and
#there must be no trailing whitespace at the end of each line.
#
# sitename  transformation  path   INSTALLED  platform  profiles
localhost 	echo 		/bin/echo	INSTALLED	INTEL32::LINUX	null
localhost 	cat 		/bin/cat	INSTALLED	INTEL32::LINUX	null
localhost 	ls 		/bin/ls		INSTALLED	INTEL32::LINUX	null
localhost 	grep 		/bin/grep	INSTALLED	INTEL32::LINUX	null
localhost 	sort 		/bin/sort	INSTALLED	INTEL32::LINUX	null
localhost 	paste 		/bin/paste	INSTALLED	INTEL32::LINUX	null
localhost 	cp 		/bin/cp         INSTALLED	INTEL32::LINUX	null
localhost 	touch 		/bin/touch      INSTALLED	INTEL32::LINUX	null
localhost	wc		/usr/bin/wc	INSTALLED	INTEL32::LINUX	null
localhost	sh		/bin/wc		INSTALLED	INTEL32::LINUX	null
localhost	scott3a		/home/skrieder/swift/multi/scott3a.sh		INSTALLED	INTEL32::LINUX	null
localhost	scott3b		/home/skrieder/swift/multi/scott3b.sh		INSTALLED	INTEL32::LINUX	null
localhost	cka		/home/skrieder/swift/cuda/1sm1ms		INSTALLED	INTEL32::LINUX	null
localhost	a1sm0ms		/home/skrieder/swift/cuda/1sm0ms		INSTALLED	INTEL32::LINUX	null
localhost	a1sm1ms		/home/skrieder/swift/cuda/1sm1ms		INSTALLED	INTEL32::LINUX	null
localhost	a1sm10ms	/home/skrieder/swift/cuda/1sm10ms		INSTALLED	INTEL32::LINUX	null
localhost	a1sm100ms	/home/skrieder/swift/cuda/1sm100ms		INSTALLED	INTEL32::LINUX	null
localhost	a2sm0ms		/home/skrieder/swift/cuda/2sm0ms		INSTALLED	INTEL32::LINUX	null
localhost	a2sm1ms		/home/skrieder/swift/cuda/2sm1ms		INSTALLED	INTEL32::LINUX	null
localhost	a2sm10ms	/home/skrieder/swift/cuda/2sm10ms		INSTALLED	INTEL32::LINUX	null
localhost	a2sm100ms	/home/skrieder/swift/cuda/2sm100ms		INSTALLED	INTEL32::LINUX	null
localhost	a4sm0ms		/home/skrieder/swift/cuda/4sm0ms		INSTALLED	INTEL32::LINUX	null
localhost	a4sm1ms		/home/skrieder/swift/cuda/4sm1ms		INSTALLED	INTEL32::LINUX	null
localhost	a4sm10ms	/home/skrieder/swift/cuda/4sm10ms		INSTALLED	INTEL32::LINUX	null
localhost	a4sm100ms	/home/skrieder/swift/cuda/4sm100ms		INSTALLED	INTEL32::LINUX	null
localhost	a8sm0ms		/home/skrieder/swift/cuda/8sm0ms		INSTALLED	INTEL32::LINUX	null
localhost	a8sm1ms		/home/skrieder/swift/cuda/8sm1ms		INSTALLED	INTEL32::LINUX	null
localhost	a8sm10ms	/home/skrieder/swift/cuda/8sm10ms		INSTALLED	INTEL32::LINUX	null
localhost	a8sm100ms	/home/skrieder/swift/cuda/8sm100ms		INSTALLED	INTEL32::LINUX	null
localhost	a16sm0ms	/home/skrieder/swift/cuda/16sm0ms		INSTALLED	INTEL32::LINUX	null
localhost	a16sm1ms	/home/skrieder/swift/cuda/16sm1ms		INSTALLED	INTEL32::LINUX	null
localhost	a16sm10ms	/home/skrieder/swift/cuda/16sm10ms		INSTALLED	INTEL32::LINUX	null
localhost	a16sm100ms	/home/skrieder/swift/cuda/16sm100ms		INSTALLED	INTEL32::LINUX	null
localhost	sleep0ms	/home/skrieder/swift/c/sleep0ms			INSTALLED	INTEL32::LINUX	null
localhost	sleep1ms	/home/skrieder/swift/c/sleep1ms			INSTALLED	INTEL32::LINUX	null
localhost	sleep10ms	/home/skrieder/swift/c/sleep10ms		INSTALLED	INTEL32::LINUX	null
localhost	sleep100ms	/home/skrieder/swift/c/sleep100ms			INSTALLED	INTEL32::LINUX	null
localhost	sleep1000ms	/home/skrieder/swift/c/sleep1000ms			INSTALLED	INTEL32::LINUX	null
localhost	sleep10000ms	/home/skrieder/swift/c/sleep10000ms			INSTALLED	INTEL32::LINUX	null
localhost	hello		/home/skrieder/swift/multi/hello			INSTALLED	INTEL32::LINUX	null


2012-06-08 09:39:13,681-0500 DEBUG textfiles END TC:
2012-06-08 09:39:13,714-0500 INFO  GridExec TASK_DEFINITION: Task(type=JOB_SUBMISSION, identity=urn:0-1-1-1-1-1339166352589) is /bin/bash shared/_swiftwrap a1sm1ms-62mpahsk -jobdir 6 -scratch  -e /home/skrieder/swift/cuda/1sm1ms -out 1.result -err stderr.txt -i -d  -if  -of 1.result -k  -cdmfile  -status files -a
2012-06-08 09:39:13,714-0500 INFO  GridExec TASK_DEFINITION: Task(type=JOB_SUBMISSION, identity=urn:0-1-0-1-1-1339166352590) is /bin/bash shared/_swiftwrap a1sm1ms-72mpahsk -jobdir 7 -scratch  -e /home/skrieder/swift/cuda/1sm1ms -out 0.result -err stderr.txt -i -d  -if  -of 0.result -k  -cdmfile  -status files -a
2012-06-08 09:39:13,719-0500 INFO  JobSubmissionTaskHandler Submit: in: /var/tmp/3inloop-20120608-0939-uza2agp3 command: /bin/bash /var/tmp/3inloop-20120608-0939-uza2agp3/shared/_swiftwrap a1sm1ms-62mpahsk -jobdir 6 -scratch  -e /home/skrieder/swift/cuda/1sm1ms -out 1.result -err stderr.txt -i -d  -if  -of 1.result -k  -cdmfile  -status files -a
2012-06-08 09:39:13,720-0500 INFO  JobSubmissionTaskHandler Submit: in: /var/tmp/3inloop-20120608-0939-uza2agp3 command: /bin/bash /var/tmp/3inloop-20120608-0939-uza2agp3/shared/_swiftwrap a1sm1ms-72mpahsk -jobdir 7 -scratch  -e /home/skrieder/swift/cuda/1sm1ms -out 0.result -err stderr.txt -i -d  -if  -of 0.result -k  -cdmfile  -status files -a
2012-06-08 09:39:14,094-0500 INFO  LateBindingScheduler JobQueue: 1
2012-06-08 09:39:14,097-0500 DEBUG vdl:checkjobstatus START jobid=a1sm1ms-72mpahsk
2012-06-08 09:39:14,099-0500 INFO  LateBindingScheduler JobQueue: 1
2012-06-08 09:39:14,101-0500 INFO  vdl:checkjobstatus SUCCESS jobid=a1sm1ms-72mpahsk - Success file found
2012-06-08 09:39:14,104-0500 DEBUG vdl:execute2 STAGING_OUT jobid=a1sm1ms-72mpahsk
2012-06-08 09:39:14,106-0500 INFO  vdl:dostageout START jobid=a1sm1ms-72mpahsk - Staging out files
2012-06-08 09:39:14,107-0500 DEBUG vdl:dostageout stageouts: [[$, c:messagefile - Open]]
2012-06-08 09:39:14,114-0500 INFO  LateBindingScheduler JobQueue: 1
2012-06-08 09:39:14,117-0500 DEBUG vdl:checkjobstatus START jobid=a1sm1ms-62mpahsk
2012-06-08 09:39:14,120-0500 INFO  LateBindingScheduler JobQueue: 1
2012-06-08 09:39:14,121-0500 INFO  vdl:checkjobstatus SUCCESS jobid=a1sm1ms-62mpahsk - Success file found
2012-06-08 09:39:14,122-0500 DEBUG vdl:execute2 STAGING_OUT jobid=a1sm1ms-62mpahsk
2012-06-08 09:39:14,124-0500 INFO  vdl:dostageout START jobid=a1sm1ms-62mpahsk - Staging out files
2012-06-08 09:39:14,125-0500 DEBUG vdl:dostageout FILE_STAGE_OUT_START srcname=0.result srcdir=3inloop-20120608-0939-uza2agp3/shared/ srchost=localhost destdir= desthost=localhost provider=file
2012-06-08 09:39:14,125-0500 DEBUG vdl:dostageout stageouts: [[$, c:messagefile - Open]]
2012-06-08 09:39:14,127-0500 INFO  LateBindingScheduler JobQueue: 1
2012-06-08 09:39:14,133-0500 DEBUG vdl:dostageout FILE_STAGE_OUT_START srcname=1.result srcdir=3inloop-20120608-0939-uza2agp3/shared/ srchost=localhost destdir= desthost=localhost provider=file
2012-06-08 09:39:14,134-0500 INFO  LateBindingScheduler JobQueue: 1
2012-06-08 09:39:14,148-0500 INFO  LateBindingScheduler JobQueue: 1
2012-06-08 09:39:14,149-0500 INFO  LateBindingScheduler JobQueue: 1
2012-06-08 09:39:14,151-0500 DEBUG vdl:dostageout FILE_STAGE_OUT_END srcname=1.result srcdir=3inloop-20120608-0939-uza2agp3/shared/ srchost=localhost destdir= desthost=localhost provider=file
2012-06-08 09:39:14,151-0500 DEBUG vdl:dostageout FILE_STAGE_OUT_END srcname=0.result srcdir=3inloop-20120608-0939-uza2agp3/shared/ srchost=localhost destdir= desthost=localhost provider=file
2012-06-08 09:39:14,159-0500 INFO  LateBindingScheduler JobQueue: 1
2012-06-08 09:39:14,159-0500 INFO  LateBindingScheduler JobQueue: 1
2012-06-08 09:39:14,175-0500 INFO  vdl:dostageout END jobid=a1sm1ms-62mpahsk - Staging out finished
2012-06-08 09:39:14,175-0500 INFO  vdl:dostageout END jobid=a1sm1ms-72mpahsk - Staging out finished
2012-06-08 09:39:14,180-0500 DEBUG vdl:execute2 JOB_END jobid=a1sm1ms-62mpahsk
2012-06-08 09:39:14,180-0500 DEBUG vdl:execute2 JOB_END jobid=a1sm1ms-72mpahsk
2012-06-08 09:39:14,182-0500 INFO  vdl:execute END_SUCCESS thread=0-1-0-1 tr=a1sm1ms
2012-06-08 09:39:14,182-0500 INFO  vdl:execute END_SUCCESS thread=0-1-1-1 tr=a1sm1ms
2012-06-08 09:39:14,184-0500 DEBUG countwords PROCEDURE_END line=4
2012-06-08 09:39:14,184-0500 DEBUG countwords PROCEDURE_END line=4
2012-06-08 09:39:14,186-0500 DEBUG vdl:mains FOREACH_IT_END line=12 thread=0-1-0
2012-06-08 09:39:14,186-0500 DEBUG vdl:mains FOREACH_IT_END line=12 thread=0-1-1
2012-06-08 09:39:14,661-0500 INFO  WeightedHostScoreScheduler CONTACT_SELECTED host=localhost, score=99.854
2012-06-08 09:39:14,666-0500 DEBUG vdl:execute2 THREAD_ASSOCIATION jobid=a1sm1ms-82mpahsk thread=0-1-2-1-1 host=localhost replicationGroup=32mpahsk
2012-06-08 09:39:14,676-0500 INFO  vdl:createdirset START jobid=a1sm1ms-82mpahsk host=localhost - Initializing directory structure
2012-06-08 09:39:14,676-0500 INFO  vdl:createdirset END jobid=a1sm1ms-82mpahsk - Done initializing directory structure
2012-06-08 09:39:14,678-0500 INFO  vdl:dostagein START jobid=a1sm1ms-82mpahsk - Staging in files
2012-06-08 09:39:14,680-0500 INFO  vdl:dostagein END jobid=a1sm1ms-82mpahsk - Staging in finished
2012-06-08 09:39:14,682-0500 DEBUG vdl:execute2 JOB_START jobid=a1sm1ms-82mpahsk tr=a1sm1ms arguments=[] tmpdir=3inloop-20120608-0939-uza2agp3/jobs/8/a1sm1ms-82mpahsk host=localhost
2012-06-08 09:39:14,693-0500 INFO  GridExec TASK_DEFINITION: Task(type=JOB_SUBMISSION, identity=urn:0-1-2-1-1-1339166352611) is /bin/bash shared/_swiftwrap a1sm1ms-82mpahsk -jobdir 8 -scratch  -e /home/skrieder/swift/cuda/1sm1ms -out 2.result -err stderr.txt -i -d  -if  -of 2.result -k  -cdmfile  -status files -a
2012-06-08 09:39:14,694-0500 INFO  JobSubmissionTaskHandler Submit: in: /var/tmp/3inloop-20120608-0939-uza2agp3 command: /bin/bash /var/tmp/3inloop-20120608-0939-uza2agp3/shared/_swiftwrap a1sm1ms-82mpahsk -jobdir 8 -scratch  -e /home/skrieder/swift/cuda/1sm1ms -out 2.result -err stderr.txt -i -d  -if  -of 2.result -k  -cdmfile  -status files -a
2012-06-08 09:39:14,920-0500 INFO  LateBindingScheduler JobQueue: 0
2012-06-08 09:39:14,923-0500 DEBUG vdl:checkjobstatus START jobid=a1sm1ms-82mpahsk
2012-06-08 09:39:14,926-0500 INFO  LateBindingScheduler JobQueue: 0
2012-06-08 09:39:14,927-0500 INFO  vdl:checkjobstatus SUCCESS jobid=a1sm1ms-82mpahsk - Success file found
2012-06-08 09:39:14,928-0500 DEBUG vdl:execute2 STAGING_OUT jobid=a1sm1ms-82mpahsk
2012-06-08 09:39:14,930-0500 INFO  vdl:dostageout START jobid=a1sm1ms-82mpahsk - Staging out files
2012-06-08 09:39:14,931-0500 DEBUG vdl:dostageout stageouts: [[$, c:messagefile - Open]]
2012-06-08 09:39:14,938-0500 DEBUG vdl:dostageout FILE_STAGE_OUT_START srcname=2.result srcdir=3inloop-20120608-0939-uza2agp3/shared/ srchost=localhost destdir= desthost=localhost provider=file
2012-06-08 09:39:14,940-0500 INFO  LateBindingScheduler JobQueue: 0
2012-06-08 09:39:14,946-0500 INFO  LateBindingScheduler JobQueue: 0
2012-06-08 09:39:14,947-0500 DEBUG vdl:dostageout FILE_STAGE_OUT_END srcname=2.result srcdir=3inloop-20120608-0939-uza2agp3/shared/ srchost=localhost destdir= desthost=localhost provider=file
2012-06-08 09:39:14,950-0500 INFO  LateBindingScheduler JobQueue: 0
2012-06-08 09:39:14,954-0500 INFO  vdl:dostageout END jobid=a1sm1ms-82mpahsk - Staging out finished
2012-06-08 09:39:14,958-0500 DEBUG vdl:execute2 JOB_END jobid=a1sm1ms-82mpahsk
2012-06-08 09:39:14,960-0500 INFO  vdl:execute END_SUCCESS thread=0-1-2-1 tr=a1sm1ms
2012-06-08 09:39:14,961-0500 DEBUG countwords PROCEDURE_END line=4
2012-06-08 09:39:14,963-0500 DEBUG vdl:mains FOREACH_IT_END line=12 thread=0-1-2
2012-06-08 09:39:14,994-0500 DEBUG vdl:mains Starting cleanups
2012-06-08 09:39:14,995-0500 INFO  vdl:cleanups START cleanups=[[3inloop-20120608-0939-uza2agp3, localhost]]
2012-06-08 09:39:14,996-0500 INFO  vdl:cleanup START dir=3inloop-20120608-0939-uza2agp3 host=localhost
2012-06-08 09:39:14,997-0500 DEBUG vdl:cleanup cdmfile 
2012-06-08 09:39:14,999-0500 INFO  GridExec TASK_DEFINITION: Task(type=JOB_SUBMISSION, identity=urn:0-1-1339166352622) is /bin/rm -rf 3inloop-20120608-0939-uza2agp3
2012-06-08 09:39:15,000-0500 INFO  JobSubmissionTaskHandler Submit: in: /var/tmp command: /bin/rm -rf 3inloop-20120608-0939-uza2agp3
2012-06-08 09:39:15,000-0500 INFO  LateBindingScheduler JobQueue: 0
2012-06-08 09:39:15,000-0500 INFO  vdl:cleanup END dir=3inloop-20120608-0939-uza2agp3 host=localhost
2012-06-08 09:39:15,001-0500 INFO  vdl:cleanups END cleanups=[[3inloop-20120608-0939-uza2agp3, localhost]]
2012-06-08 09:39:15,001-0500 DEBUG vdl:mains Ending cleanups
2012-06-08 09:39:15,002-0500 INFO  Loader Swift finished with no errors
