2012-06-06 19:21:47,077-0500 DEBUG Loader arguments: [-tc.file, tc.data, -sites.file, 0-throttle-sites.xml, 3inloop.swift]
2012-06-06 19:21:47,077-0500 DEBUG Loader Max heap: 252248064
2012-06-06 19:21:47,078-0500 DEBUG textfiles BEGIN SWIFTSCRIPT:

type messagefile; 

app (messagefile t) countwords () {   
     a1sm10ms stdout=@filename(t);
}

string outputNames = "test1 test2 test3";

messagefile outputfiles[] <fixed_array_mapper;files=outputNames>;

foreach f,i in outputfiles {
  messagefile c <single_file_mapper; file=@strcat(i, ".result")>;
  c = countwords();
}


2012-06-06 19:21:47,078-0500 DEBUG textfiles END SWIFTSCRIPT:
2012-06-06 19:21:47,079-0500 DEBUG Loader kmlversion is >239b8550-a5ff-44be-a124-5e7ecd70737d<
2012-06-06 19:21:47,079-0500 DEBUG Loader build version is >239b8550-a5ff-44be-a124-5e7ecd70737d<
2012-06-06 19:21:47,079-0500 DEBUG Loader Recompilation suppressed.
2012-06-06 19:21:47,224-0500 DEBUG Loader setting: sites.file to: 0-throttle-sites.xml
2012-06-06 19:21:47,224-0500 DEBUG Loader setting: tc.file to: tc.data
2012-06-06 19:21:47,224-0500 DEBUG textfiles BEGIN SITES:
<config>

  <pool handle="localhost">
    <filesystem provider="local" />
    <execution provider="local" />
    <workdirectory >/var/tmp</workdirectory>
    <profile namespace="karajan" key="jobThrottle">.01</profile>
    <profile namespace="karajan" key="initialScore">10000</profile>
  </pool>

</config>


2012-06-06 19:21:47,224-0500 DEBUG textfiles END SITES:
2012-06-06 19:21:47,228-0500 INFO  VDL2ExecutionContext Stack dump:
Level 1
[iA = 0, iB = 0, bA = false, bB = false]
	vdl:instanceconfig = Swift configuration []
	vdl:operation = run
	swift.home = /usr/local/swift/bin/..
	PATH_SEPARATOR = /


2012-06-06 19:21:47,873-0500 INFO  unknown Using sites file: 0-throttle-sites.xml
2012-06-06 19:21:47,922-0500 INFO  unknown Using tc.data: tc.data
2012-06-06 19:21:48,054-0500 INFO  AbstractScheduler Setting resources to: {localhost=localhost}
2012-06-06 19:21:48,808-0500 INFO  unknown Swift 0.93 swift-r5483 cog-r3339

2012-06-06 19:21:48,809-0500 INFO  unknown RUNID id=run:20120606-1921-1be4n649
2012-06-06 19:21:48,854-0500 INFO  SetFieldValue Set: outputNames=test1 test2 test3
2012-06-06 19:21:48,863-0500 INFO  RootDataNode Found data outputfiles:messagefile[] - Open.[0]
2012-06-06 19:21:48,863-0500 INFO  RootDataNode Found data outputfiles:messagefile[] - Open.[1]
2012-06-06 19:21:48,863-0500 INFO  RootDataNode Found data outputfiles:messagefile[] - Open.[2]
2012-06-06 19:21:48,867-0500 DEBUG vdl:mains FOREACH_IT_START line=12 thread=0-1-1
2012-06-06 19:21:48,867-0500 DEBUG vdl:mains FOREACH_IT_START line=12 thread=0-1-0
2012-06-06 19:21:48,867-0500 DEBUG vdl:mains FOREACH_IT_START line=12 thread=0-1-2
2012-06-06 19:21:48,868-0500 DEBUG vdl:mains SCOPE thread=0-1-0
2012-06-06 19:21:48,867-0500 DEBUG vdl:mains SCOPE thread=0-1-1
2012-06-06 19:21:48,868-0500 DEBUG vdl:mains SCOPE thread=0-1-2
2012-06-06 19:21:48,874-0500 INFO  SetFieldValue Set: swift#mapper#17001=2.result
2012-06-06 19:21:48,874-0500 INFO  SetFieldValue Set: swift#mapper#17001=1.result
2012-06-06 19:21:48,875-0500 INFO  SetFieldValue Set: swift#mapper#17001=0.result
2012-06-06 19:21:48,876-0500 INFO  RootDataNode Found mapped data c:messagefile - Open.$
2012-06-06 19:21:48,876-0500 INFO  RootDataNode Found mapped data c:messagefile - Open.$
2012-06-06 19:21:48,876-0500 DEBUG countwords PROCEDURE line=4 thread=0-1-0-1 name=countwords
2012-06-06 19:21:48,876-0500 DEBUG countwords PROCEDURE line=4 thread=0-1-1-1 name=countwords
2012-06-06 19:21:48,876-0500 DEBUG countwords PROCEDURE line=4 thread=0-1-2-1 name=countwords
2012-06-06 19:21:48,876-0500 INFO  RootDataNode Found mapped data c:messagefile - Open.$
2012-06-06 19:21:48,886-0500 INFO  vdl:execute START thread=0-1-2-1 tr=a1sm10ms
2012-06-06 19:21:48,887-0500 INFO  vdl:execute START thread=0-1-1-1 tr=a1sm10ms
2012-06-06 19:21:48,887-0500 INFO  vdl:execute START thread=0-1-0-1 tr=a1sm10ms
2012-06-06 19:21:48,911-0500 INFO  WeightedHostScoreScheduler CONTACT_SELECTED host=localhost, score=99.854
2012-06-06 19:21:48,914-0500 INFO  WeightedHostScoreScheduler CONTACT_SELECTED host=localhost, score=99.854
2012-06-06 19:21:48,916-0500 INFO  GlobalSubmitQueue No global submit throttle set. Using default (1024)
2012-06-06 19:21:48,918-0500 INFO  LateBindingScheduler JobQueue: 1
2012-06-06 19:21:48,922-0500 INFO  LateBindingScheduler JobQueue: 1
2012-06-06 19:21:48,926-0500 INFO  vdl:initshareddir START host=localhost - Initializing shared directory
2012-06-06 19:21:48,930-0500 INFO  LateBindingScheduler JobQueue: 1
2012-06-06 19:21:48,954-0500 INFO  LateBindingScheduler JobQueue: 1
2012-06-06 19:21:48,958-0500 INFO  LateBindingScheduler JobQueue: 1
2012-06-06 19:21:48,962-0500 INFO  LateBindingScheduler JobQueue: 1
2012-06-06 19:21:48,968-0500 INFO  LateBindingScheduler JobQueue: 1
2012-06-06 19:21:48,975-0500 INFO  LateBindingScheduler JobQueue: 1
2012-06-06 19:21:48,977-0500 INFO  vdl:initshareddir END host=localhost - Done initializing shared directory
2012-06-06 19:21:48,980-0500 DEBUG vdl:execute2 THREAD_ASSOCIATION jobid=a1sm10ms-oskunesk thread=0-1-1-1-1 host=localhost replicationGroup=mskunesk
2012-06-06 19:21:48,980-0500 DEBUG vdl:execute2 THREAD_ASSOCIATION jobid=a1sm10ms-nskunesk thread=0-1-2-1-1 host=localhost replicationGroup=kskunesk
2012-06-06 19:21:48,990-0500 INFO  vdl:createdirset START jobid=a1sm10ms-nskunesk host=localhost - Initializing directory structure
2012-06-06 19:21:48,991-0500 INFO  vdl:createdirset START jobid=a1sm10ms-oskunesk host=localhost - Initializing directory structure
2012-06-06 19:21:48,991-0500 INFO  vdl:createdirset END jobid=a1sm10ms-nskunesk - Done initializing directory structure
2012-06-06 19:21:48,992-0500 INFO  vdl:createdirset END jobid=a1sm10ms-oskunesk - Done initializing directory structure
2012-06-06 19:21:48,992-0500 INFO  vdl:dostagein START jobid=a1sm10ms-nskunesk - Staging in files
2012-06-06 19:21:48,993-0500 INFO  vdl:dostagein START jobid=a1sm10ms-oskunesk - Staging in files
2012-06-06 19:21:48,996-0500 INFO  vdl:dostagein END jobid=a1sm10ms-oskunesk - Staging in finished
2012-06-06 19:21:48,996-0500 INFO  vdl:dostagein END jobid=a1sm10ms-nskunesk - Staging in finished
2012-06-06 19:21:48,999-0500 DEBUG vdl:execute2 JOB_START jobid=a1sm10ms-nskunesk tr=a1sm10ms arguments=[] tmpdir=3inloop-20120606-1921-1be4n649/jobs/n/a1sm10ms-nskunesk host=localhost
2012-06-06 19:21:48,999-0500 DEBUG vdl:execute2 JOB_START jobid=a1sm10ms-oskunesk tr=a1sm10ms arguments=[] tmpdir=3inloop-20120606-1921-1be4n649/jobs/o/a1sm10ms-oskunesk host=localhost
2012-06-06 19:21:49,006-0500 DEBUG textfiles BEGIN TC:
#This is the transformation catalog.
#
#It comes pre-configured with a number of simple transformations with
#paths that are likely to work on a linux box. However, on some systems,
#the paths to these executables will be different (for example, sometimes
#some of these programs are found in /usr/bin rather than in /bin)
#
#NOTE WELL: fields in this file must be separated by tabs, not spaces; and
#there must be no trailing whitespace at the end of each line.
#
# sitename  transformation  path   INSTALLED  platform  profiles
localhost 	echo 		/bin/echo	INSTALLED	INTEL32::LINUX	null
localhost 	cat 		/bin/cat	INSTALLED	INTEL32::LINUX	null
localhost 	ls 		/bin/ls		INSTALLED	INTEL32::LINUX	null
localhost 	grep 		/bin/grep	INSTALLED	INTEL32::LINUX	null
localhost 	sort 		/bin/sort	INSTALLED	INTEL32::LINUX	null
localhost 	paste 		/bin/paste	INSTALLED	INTEL32::LINUX	null
localhost 	cp 		/bin/cp         INSTALLED	INTEL32::LINUX	null
localhost 	touch 		/bin/touch      INSTALLED	INTEL32::LINUX	null
localhost	wc		/usr/bin/wc	INSTALLED	INTEL32::LINUX	null
localhost	sh		/bin/wc		INSTALLED	INTEL32::LINUX	null
localhost	scott3a		/home/skrieder/swift/multi/scott3a.sh		INSTALLED	INTEL32::LINUX	null
localhost	scott3b		/home/skrieder/swift/multi/scott3b.sh		INSTALLED	INTEL32::LINUX	null
localhost	cka		/home/skrieder/swift/cuda/1sm1ms		INSTALLED	INTEL32::LINUX	null
localhost	a1sm0ms		/home/skrieder/swift/cuda/1sm0ms		INSTALLED	INTEL32::LINUX	null
localhost	a1sm1ms		/home/skrieder/swift/cuda/1sm1ms		INSTALLED	INTEL32::LINUX	null
localhost	a1sm10ms	/home/skrieder/swift/cuda/1sm10ms		INSTALLED	INTEL32::LINUX	null
localhost	a1sm100ms	/home/skrieder/swift/cuda/1sm100ms		INSTALLED	INTEL32::LINUX	null
localhost	a2sm0ms		/home/skrieder/swift/cuda/2sm0ms		INSTALLED	INTEL32::LINUX	null
localhost	a2sm1ms		/home/skrieder/swift/cuda/2sm1ms		INSTALLED	INTEL32::LINUX	null
localhost	a2sm10ms	/home/skrieder/swift/cuda/2sm10ms		INSTALLED	INTEL32::LINUX	null
localhost	a2sm100ms	/home/skrieder/swift/cuda/2sm100ms		INSTALLED	INTEL32::LINUX	null
localhost	a4sm0ms		/home/skrieder/swift/cuda/4sm0ms		INSTALLED	INTEL32::LINUX	null
localhost	a4sm1ms		/home/skrieder/swift/cuda/4sm1ms		INSTALLED	INTEL32::LINUX	null
localhost	a4sm10ms	/home/skrieder/swift/cuda/4sm10ms		INSTALLED	INTEL32::LINUX	null
localhost	a4sm100ms	/home/skrieder/swift/cuda/4sm100ms		INSTALLED	INTEL32::LINUX	null
localhost	a8sm0ms		/home/skrieder/swift/cuda/8sm0ms		INSTALLED	INTEL32::LINUX	null
localhost	a8sm1ms		/home/skrieder/swift/cuda/8sm1ms		INSTALLED	INTEL32::LINUX	null
localhost	a8sm10ms	/home/skrieder/swift/cuda/8sm10ms		INSTALLED	INTEL32::LINUX	null
localhost	a8sm100ms	/home/skrieder/swift/cuda/8sm100ms		INSTALLED	INTEL32::LINUX	null
localhost	a16sm0ms	/home/skrieder/swift/cuda/16sm0ms		INSTALLED	INTEL32::LINUX	null
localhost	a16sm1ms	/home/skrieder/swift/cuda/16sm1ms		INSTALLED	INTEL32::LINUX	null
localhost	a16sm10ms	/home/skrieder/swift/cuda/16sm10ms		INSTALLED	INTEL32::LINUX	null
localhost	a16sm100ms	/home/skrieder/swift/cuda/16sm100ms		INSTALLED	INTEL32::LINUX	null
localhost	sleep0ms	/home/skrieder/swift/c/sleep0ms			INSTALLED	INTEL32::LINUX	null
localhost	sleep1ms	/home/skrieder/swift/c/sleep1ms			INSTALLED	INTEL32::LINUX	null
localhost	sleep10ms	/home/skrieder/swift/c/sleep10ms		INSTALLED	INTEL32::LINUX	null
localhost	sleep100ms	/home/skrieder/swift/c/sleep100ms			INSTALLED	INTEL32::LINUX	null
localhost	sleep1000ms	/home/skrieder/swift/c/sleep1000ms			INSTALLED	INTEL32::LINUX	null
localhost	sleep10000ms	/home/skrieder/swift/c/sleep10000ms			INSTALLED	INTEL32::LINUX	null
localhost	hello		/home/skrieder/swift/multi/hello			INSTALLED	INTEL32::LINUX	null


2012-06-06 19:21:49,006-0500 DEBUG textfiles END TC:
2012-06-06 19:21:49,028-0500 INFO  GridExec TASK_DEFINITION: Task(type=JOB_SUBMISSION, identity=urn:0-1-2-1-1-1339028507911) is /bin/bash shared/_swiftwrap a1sm10ms-nskunesk -jobdir n -scratch  -e /home/skrieder/swift/cuda/1sm10ms -out 2.result -err stderr.txt -i -d  -if  -of 2.result -k  -cdmfile  -status files -a
2012-06-06 19:21:49,028-0500 INFO  GridExec TASK_DEFINITION: Task(type=JOB_SUBMISSION, identity=urn:0-1-1-1-1-1339028507912) is /bin/bash shared/_swiftwrap a1sm10ms-oskunesk -jobdir o -scratch  -e /home/skrieder/swift/cuda/1sm10ms -out 1.result -err stderr.txt -i -d  -if  -of 1.result -k  -cdmfile  -status files -a
2012-06-06 19:21:49,043-0500 INFO  JobSubmissionTaskHandler Submit: in: /var/tmp/3inloop-20120606-1921-1be4n649 command: /bin/bash /var/tmp/3inloop-20120606-1921-1be4n649/shared/_swiftwrap a1sm10ms-nskunesk -jobdir n -scratch  -e /home/skrieder/swift/cuda/1sm10ms -out 2.result -err stderr.txt -i -d  -if  -of 2.result -k  -cdmfile  -status files -a
2012-06-06 19:21:49,043-0500 INFO  JobSubmissionTaskHandler Submit: in: /var/tmp/3inloop-20120606-1921-1be4n649 command: /bin/bash /var/tmp/3inloop-20120606-1921-1be4n649/shared/_swiftwrap a1sm10ms-oskunesk -jobdir o -scratch  -e /home/skrieder/swift/cuda/1sm10ms -out 1.result -err stderr.txt -i -d  -if  -of 1.result -k  -cdmfile  -status files -a
2012-06-06 19:21:49,433-0500 INFO  LateBindingScheduler JobQueue: 1
2012-06-06 19:21:49,433-0500 INFO  LateBindingScheduler JobQueue: 1
2012-06-06 19:21:49,440-0500 DEBUG vdl:checkjobstatus START jobid=a1sm10ms-nskunesk
2012-06-06 19:21:49,440-0500 DEBUG vdl:checkjobstatus START jobid=a1sm10ms-oskunesk
2012-06-06 19:21:49,453-0500 INFO  LateBindingScheduler JobQueue: 1
2012-06-06 19:21:49,454-0500 INFO  LateBindingScheduler JobQueue: 1
2012-06-06 19:21:49,456-0500 INFO  vdl:checkerrorfile FAILURE jobid=a1sm10ms-nskunesk - Failure file found
2012-06-06 19:21:49,456-0500 INFO  vdl:checkerrorfile FAILURE jobid=a1sm10ms-oskunesk - Failure file found
2012-06-06 19:21:49,459-0500 INFO  LateBindingScheduler JobQueue: 1
2012-06-06 19:21:49,460-0500 INFO  LateBindingScheduler JobQueue: 1
2012-06-06 19:21:49,464-0500 INFO  LateBindingScheduler JobQueue: 1
2012-06-06 19:21:49,464-0500 INFO  LateBindingScheduler JobQueue: 1
2012-06-06 19:21:49,466-0500 INFO  LateBindingScheduler JobQueue: 1
2012-06-06 19:21:49,467-0500 INFO  LateBindingScheduler JobQueue: 1
2012-06-06 19:21:49,470-0500 DEBUG vdl:execute2 STAGING_OUT jobid=a1sm10ms-oskunesk
2012-06-06 19:21:49,471-0500 DEBUG vdl:execute2 STAGING_OUT jobid=a1sm10ms-nskunesk
2012-06-06 19:21:49,474-0500 INFO  vdl:dostageout START jobid=a1sm10ms-nskunesk - Staging out files
2012-06-06 19:21:49,474-0500 INFO  vdl:dostageout START jobid=a1sm10ms-oskunesk - Staging out files
2012-06-06 19:21:49,476-0500 DEBUG vdl:dostageout stageouts: [[$, c:messagefile - Open]]
2012-06-06 19:21:49,476-0500 DEBUG vdl:dostageout stageouts: [[$, c:messagefile - Open]]
2012-06-06 19:21:49,495-0500 DEBUG vdl:dostageout FILE_STAGE_OUT_START srcname=1.result srcdir=3inloop-20120606-1921-1be4n649/shared/ srchost=localhost destdir= desthost=localhost provider=file
2012-06-06 19:21:49,495-0500 DEBUG vdl:dostageout FILE_STAGE_OUT_START srcname=2.result srcdir=3inloop-20120606-1921-1be4n649/shared/ srchost=localhost destdir= desthost=localhost provider=file
2012-06-06 19:21:49,498-0500 INFO  LateBindingScheduler JobQueue: 1
2012-06-06 19:21:49,498-0500 INFO  LateBindingScheduler JobQueue: 1
2012-06-06 19:21:49,538-0500 INFO  LateBindingScheduler JobQueue: 1
2012-06-06 19:21:49,538-0500 INFO  LateBindingScheduler JobQueue: 1
2012-06-06 19:21:49,540-0500 INFO  vdl:checkerrorfile NO_STATUS_FILE jobid=a1sm10ms-nskunesk - Error file missing
2012-06-06 19:21:49,540-0500 INFO  vdl:checkerrorfile NO_STATUS_FILE jobid=a1sm10ms-oskunesk - Error file missing
2012-06-06 19:21:49,545-0500 DEBUG vdl:execute2 APPLICATION_EXCEPTION jobid=a1sm10ms-oskunesk - Application exception: null
Caused by: org.globus.cog.abstraction.impl.file.FileNotFoundException: File not found: /var/tmp/3inloop-20120606-1921-1be4n649/shared/1.result
2012-06-06 19:21:49,545-0500 DEBUG vdl:execute2 APPLICATION_EXCEPTION jobid=a1sm10ms-nskunesk - Application exception: null
Caused by: org.globus.cog.abstraction.impl.file.FileNotFoundException: File not found: /var/tmp/3inloop-20120606-1921-1be4n649/shared/2.result
2012-06-06 19:21:49,567-0500 INFO  LateBindingScheduler JobQueue: 1
2012-06-06 19:21:49,568-0500 INFO  LateBindingScheduler JobQueue: 1
2012-06-06 19:21:49,573-0500 INFO  LateBindingScheduler JobQueue: 1
2012-06-06 19:21:49,573-0500 INFO  LateBindingScheduler JobQueue: 1
2012-06-06 19:21:49,579-0500 INFO  LateBindingScheduler JobQueue: 1
2012-06-06 19:21:49,579-0500 INFO  LateBindingScheduler JobQueue: 1
2012-06-06 19:21:49,582-0500 INFO  LateBindingScheduler JobQueue: 1
2012-06-06 19:21:49,583-0500 INFO  LateBindingScheduler JobQueue: 1
2012-06-06 19:21:49,593-0500 INFO  LateBindingScheduler JobQueue: 1
2012-06-06 19:21:49,594-0500 INFO  LateBindingScheduler JobQueue: 1
2012-06-06 19:21:49,616-0500 INFO  WeightedHostScoreScheduler CONTACT_SELECTED host=localhost, score=99.853
2012-06-06 19:21:49,617-0500 INFO  WeightedHostScoreScheduler CONTACT_SELECTED host=localhost, score=99.853
2012-06-06 19:21:49,623-0500 DEBUG vdl:execute2 THREAD_ASSOCIATION jobid=a1sm10ms-rskunesk thread=0-1-0-1-1 host=localhost replicationGroup=lskunesk
2012-06-06 19:21:49,623-0500 DEBUG vdl:execute2 THREAD_ASSOCIATION jobid=a1sm10ms-sskunesk thread=0-1-1-1-1 host=localhost replicationGroup=qskunesk
2012-06-06 19:21:49,632-0500 INFO  vdl:createdirset START jobid=a1sm10ms-rskunesk host=localhost - Initializing directory structure
2012-06-06 19:21:49,633-0500 INFO  vdl:createdirset END jobid=a1sm10ms-rskunesk - Done initializing directory structure
2012-06-06 19:21:49,634-0500 INFO  vdl:createdirset START jobid=a1sm10ms-sskunesk host=localhost - Initializing directory structure
2012-06-06 19:21:49,635-0500 INFO  vdl:createdirset END jobid=a1sm10ms-sskunesk - Done initializing directory structure
2012-06-06 19:21:49,635-0500 INFO  vdl:dostagein START jobid=a1sm10ms-rskunesk - Staging in files
2012-06-06 19:21:49,637-0500 INFO  vdl:dostagein START jobid=a1sm10ms-sskunesk - Staging in files
2012-06-06 19:21:49,638-0500 INFO  vdl:dostagein END jobid=a1sm10ms-rskunesk - Staging in finished
2012-06-06 19:21:49,639-0500 INFO  vdl:dostagein END jobid=a1sm10ms-sskunesk - Staging in finished
2012-06-06 19:21:49,640-0500 DEBUG vdl:execute2 JOB_START jobid=a1sm10ms-rskunesk tr=a1sm10ms arguments=[] tmpdir=3inloop-20120606-1921-1be4n649/jobs/r/a1sm10ms-rskunesk host=localhost
2012-06-06 19:21:49,641-0500 DEBUG vdl:execute2 JOB_START jobid=a1sm10ms-sskunesk tr=a1sm10ms arguments=[] tmpdir=3inloop-20120606-1921-1be4n649/jobs/s/a1sm10ms-sskunesk host=localhost
2012-06-06 19:21:49,653-0500 INFO  GridExec TASK_DEFINITION: Task(type=JOB_SUBMISSION, identity=urn:0-1-0-1-1-1339028507992) is /bin/bash shared/_swiftwrap a1sm10ms-rskunesk -jobdir r -scratch  -e /home/skrieder/swift/cuda/1sm10ms -out 0.result -err stderr.txt -i -d  -if  -of 0.result -k  -cdmfile  -status files -a
2012-06-06 19:21:49,653-0500 INFO  JobSubmissionTaskHandler Submit: in: /var/tmp/3inloop-20120606-1921-1be4n649 command: /bin/bash /var/tmp/3inloop-20120606-1921-1be4n649/shared/_swiftwrap a1sm10ms-rskunesk -jobdir r -scratch  -e /home/skrieder/swift/cuda/1sm10ms -out 0.result -err stderr.txt -i -d  -if  -of 0.result -k  -cdmfile  -status files -a
2012-06-06 19:21:49,654-0500 INFO  GridExec TASK_DEFINITION: Task(type=JOB_SUBMISSION, identity=urn:0-1-1-1-1-1339028507994) is /bin/bash shared/_swiftwrap a1sm10ms-sskunesk -jobdir s -scratch  -e /home/skrieder/swift/cuda/1sm10ms -out 1.result -err stderr.txt -i -d  -if  -of 1.result -k  -cdmfile  -status files -a
2012-06-06 19:21:49,655-0500 INFO  JobSubmissionTaskHandler Submit: in: /var/tmp/3inloop-20120606-1921-1be4n649 command: /bin/bash /var/tmp/3inloop-20120606-1921-1be4n649/shared/_swiftwrap a1sm10ms-sskunesk -jobdir s -scratch  -e /home/skrieder/swift/cuda/1sm10ms -out 1.result -err stderr.txt -i -d  -if  -of 1.result -k  -cdmfile  -status files -a
2012-06-06 19:21:49,941-0500 INFO  LateBindingScheduler JobQueue: 1
2012-06-06 19:21:49,946-0500 DEBUG vdl:checkjobstatus START jobid=a1sm10ms-sskunesk
2012-06-06 19:21:49,961-0500 INFO  LateBindingScheduler JobQueue: 1
2012-06-06 19:21:49,969-0500 INFO  vdl:checkerrorfile FAILURE jobid=a1sm10ms-sskunesk - Failure file found
2012-06-06 19:21:49,981-0500 INFO  LateBindingScheduler JobQueue: 1
2012-06-06 19:21:49,984-0500 INFO  LateBindingScheduler JobQueue: 2
2012-06-06 19:21:49,985-0500 INFO  LateBindingScheduler JobQueue: 1
2012-06-06 19:21:49,988-0500 DEBUG vdl:execute2 STAGING_OUT jobid=a1sm10ms-sskunesk
2012-06-06 19:21:49,990-0500 INFO  vdl:dostageout START jobid=a1sm10ms-sskunesk - Staging out files
2012-06-06 19:21:49,990-0500 DEBUG vdl:dostageout stageouts: [[$, c:messagefile - Open]]
2012-06-06 19:21:49,998-0500 DEBUG vdl:dostageout FILE_STAGE_OUT_START srcname=1.result srcdir=3inloop-20120606-1921-1be4n649/shared/ srchost=localhost destdir= desthost=localhost provider=file
2012-06-06 19:21:49,999-0500 INFO  LateBindingScheduler JobQueue: 1
2012-06-06 19:21:50,019-0500 INFO  LateBindingScheduler JobQueue: 1
2012-06-06 19:21:50,020-0500 INFO  vdl:checkerrorfile NO_STATUS_FILE jobid=a1sm10ms-sskunesk - Error file missing
2012-06-06 19:21:50,022-0500 DEBUG vdl:execute2 APPLICATION_EXCEPTION jobid=a1sm10ms-sskunesk - Application exception: null
Caused by: org.globus.cog.abstraction.impl.file.FileNotFoundException: File not found: /var/tmp/3inloop-20120606-1921-1be4n649/shared/1.result
2012-06-06 19:21:50,033-0500 INFO  LateBindingScheduler JobQueue: 1
2012-06-06 19:21:50,036-0500 INFO  LateBindingScheduler JobQueue: 1
2012-06-06 19:21:50,041-0500 INFO  LateBindingScheduler JobQueue: 2
2012-06-06 19:21:50,043-0500 INFO  LateBindingScheduler JobQueue: 1
2012-06-06 19:21:50,044-0500 DEBUG vdl:checkjobstatus START jobid=a1sm10ms-rskunesk
2012-06-06 19:21:50,047-0500 INFO  LateBindingScheduler JobQueue: 1
2012-06-06 19:21:50,047-0500 INFO  LateBindingScheduler JobQueue: 1
2012-06-06 19:21:50,048-0500 INFO  vdl:checkjobstatus SUCCESS jobid=a1sm10ms-rskunesk - Success file found
2012-06-06 19:21:50,050-0500 DEBUG vdl:execute2 STAGING_OUT jobid=a1sm10ms-rskunesk
2012-06-06 19:21:50,052-0500 INFO  vdl:dostageout START jobid=a1sm10ms-rskunesk - Staging out files
2012-06-06 19:21:50,052-0500 DEBUG vdl:dostageout stageouts: [[$, c:messagefile - Open]]
2012-06-06 19:21:50,054-0500 INFO  LateBindingScheduler JobQueue: 1
2012-06-06 19:21:50,060-0500 DEBUG vdl:dostageout FILE_STAGE_OUT_START srcname=0.result srcdir=3inloop-20120606-1921-1be4n649/shared/ srchost=localhost destdir= desthost=localhost provider=file
2012-06-06 19:21:50,061-0500 INFO  WeightedHostScoreScheduler CONTACT_SELECTED host=localhost, score=99.853
2012-06-06 19:21:50,063-0500 INFO  LateBindingScheduler JobQueue: 0
2012-06-06 19:21:50,068-0500 DEBUG vdl:execute2 THREAD_ASSOCIATION jobid=a1sm10ms-uskunesk thread=0-1-2-1-1 host=localhost replicationGroup=pskunesk
2012-06-06 19:21:50,070-0500 INFO  LateBindingScheduler JobQueue: 1
2012-06-06 19:21:50,072-0500 DEBUG vdl:dostageout FILE_STAGE_OUT_END srcname=0.result srcdir=3inloop-20120606-1921-1be4n649/shared/ srchost=localhost destdir= desthost=localhost provider=file
2012-06-06 19:21:50,078-0500 INFO  vdl:createdirset START jobid=a1sm10ms-uskunesk host=localhost - Initializing directory structure
2012-06-06 19:21:50,079-0500 INFO  vdl:createdirset END jobid=a1sm10ms-uskunesk - Done initializing directory structure
2012-06-06 19:21:50,080-0500 INFO  vdl:dostagein START jobid=a1sm10ms-uskunesk - Staging in files
2012-06-06 19:21:50,080-0500 INFO  LateBindingScheduler JobQueue: 1
2012-06-06 19:21:50,082-0500 INFO  vdl:dostagein END jobid=a1sm10ms-uskunesk - Staging in finished
2012-06-06 19:21:50,085-0500 DEBUG vdl:execute2 JOB_START jobid=a1sm10ms-uskunesk tr=a1sm10ms arguments=[] tmpdir=3inloop-20120606-1921-1be4n649/jobs/u/a1sm10ms-uskunesk host=localhost
2012-06-06 19:21:50,095-0500 INFO  GridExec TASK_DEFINITION: Task(type=JOB_SUBMISSION, identity=urn:0-1-2-1-1-1339028508043) is /bin/bash shared/_swiftwrap a1sm10ms-uskunesk -jobdir u -scratch  -e /home/skrieder/swift/cuda/1sm10ms -out 2.result -err stderr.txt -i -d  -if  -of 2.result -k  -cdmfile  -status files -a
2012-06-06 19:21:50,096-0500 INFO  JobSubmissionTaskHandler Submit: in: /var/tmp/3inloop-20120606-1921-1be4n649 command: /bin/bash /var/tmp/3inloop-20120606-1921-1be4n649/shared/_swiftwrap a1sm10ms-uskunesk -jobdir u -scratch  -e /home/skrieder/swift/cuda/1sm10ms -out 2.result -err stderr.txt -i -d  -if  -of 2.result -k  -cdmfile  -status files -a
2012-06-06 19:21:50,096-0500 INFO  vdl:dostageout END jobid=a1sm10ms-rskunesk - Staging out finished
2012-06-06 19:21:50,107-0500 DEBUG vdl:execute2 JOB_END jobid=a1sm10ms-rskunesk
2012-06-06 19:21:50,109-0500 INFO  vdl:execute END_SUCCESS thread=0-1-0-1 tr=a1sm10ms
2012-06-06 19:21:50,112-0500 DEBUG countwords PROCEDURE_END line=4
2012-06-06 19:21:50,115-0500 DEBUG vdl:mains FOREACH_IT_END line=12 thread=0-1-0
2012-06-06 19:21:50,322-0500 INFO  LateBindingScheduler JobQueue: 1
2012-06-06 19:21:50,323-0500 INFO  WeightedHostScoreScheduler CONTACT_SELECTED host=localhost, score=99.853
2012-06-06 19:21:50,324-0500 DEBUG vdl:checkjobstatus START jobid=a1sm10ms-uskunesk
2012-06-06 19:21:50,326-0500 INFO  LateBindingScheduler JobQueue: 0
2012-06-06 19:21:50,327-0500 INFO  vdl:checkjobstatus SUCCESS jobid=a1sm10ms-uskunesk - Success file found
2012-06-06 19:21:50,329-0500 DEBUG vdl:execute2 STAGING_OUT jobid=a1sm10ms-uskunesk
2012-06-06 19:21:50,329-0500 DEBUG vdl:execute2 THREAD_ASSOCIATION jobid=a1sm10ms-vskunesk thread=0-1-1-1-1 host=localhost replicationGroup=tskunesk
2012-06-06 19:21:50,331-0500 INFO  vdl:dostageout START jobid=a1sm10ms-uskunesk - Staging out files
2012-06-06 19:21:50,332-0500 DEBUG vdl:dostageout stageouts: [[$, c:messagefile - Open]]
2012-06-06 19:21:50,339-0500 INFO  vdl:createdirset START jobid=a1sm10ms-vskunesk host=localhost - Initializing directory structure
2012-06-06 19:21:50,339-0500 DEBUG vdl:dostageout FILE_STAGE_OUT_START srcname=2.result srcdir=3inloop-20120606-1921-1be4n649/shared/ srchost=localhost destdir= desthost=localhost provider=file
2012-06-06 19:21:50,340-0500 INFO  vdl:createdirset END jobid=a1sm10ms-vskunesk - Done initializing directory structure
2012-06-06 19:21:50,342-0500 INFO  LateBindingScheduler JobQueue: 0
2012-06-06 19:21:50,342-0500 INFO  vdl:dostagein START jobid=a1sm10ms-vskunesk - Staging in files
2012-06-06 19:21:50,344-0500 INFO  vdl:dostagein END jobid=a1sm10ms-vskunesk - Staging in finished
2012-06-06 19:21:50,346-0500 DEBUG vdl:execute2 JOB_START jobid=a1sm10ms-vskunesk tr=a1sm10ms arguments=[] tmpdir=3inloop-20120606-1921-1be4n649/jobs/v/a1sm10ms-vskunesk host=localhost
2012-06-06 19:21:50,348-0500 INFO  LateBindingScheduler JobQueue: 0
2012-06-06 19:21:50,349-0500 DEBUG vdl:dostageout FILE_STAGE_OUT_END srcname=2.result srcdir=3inloop-20120606-1921-1be4n649/shared/ srchost=localhost destdir= desthost=localhost provider=file
2012-06-06 19:21:50,352-0500 INFO  LateBindingScheduler JobQueue: 0
2012-06-06 19:21:50,357-0500 INFO  vdl:dostageout END jobid=a1sm10ms-uskunesk - Staging out finished
2012-06-06 19:21:50,357-0500 INFO  GridExec TASK_DEFINITION: Task(type=JOB_SUBMISSION, identity=urn:0-1-1-1-1-1339028508054) is /bin/bash shared/_swiftwrap a1sm10ms-vskunesk -jobdir v -scratch  -e /home/skrieder/swift/cuda/1sm10ms -out 1.result -err stderr.txt -i -d  -if  -of 1.result -k  -cdmfile  -status files -a
2012-06-06 19:21:50,358-0500 INFO  JobSubmissionTaskHandler Submit: in: /var/tmp/3inloop-20120606-1921-1be4n649 command: /bin/bash /var/tmp/3inloop-20120606-1921-1be4n649/shared/_swiftwrap a1sm10ms-vskunesk -jobdir v -scratch  -e /home/skrieder/swift/cuda/1sm10ms -out 1.result -err stderr.txt -i -d  -if  -of 1.result -k  -cdmfile  -status files -a
2012-06-06 19:21:50,361-0500 DEBUG vdl:execute2 JOB_END jobid=a1sm10ms-uskunesk
2012-06-06 19:21:50,363-0500 INFO  vdl:execute END_SUCCESS thread=0-1-2-1 tr=a1sm10ms
2012-06-06 19:21:50,364-0500 DEBUG countwords PROCEDURE_END line=4
2012-06-06 19:21:50,366-0500 DEBUG vdl:mains FOREACH_IT_END line=12 thread=0-1-2
2012-06-06 19:21:50,585-0500 INFO  LateBindingScheduler JobQueue: 0
2012-06-06 19:21:50,588-0500 DEBUG vdl:checkjobstatus START jobid=a1sm10ms-vskunesk
2012-06-06 19:21:50,591-0500 INFO  LateBindingScheduler JobQueue: 0
2012-06-06 19:21:50,592-0500 INFO  vdl:checkjobstatus SUCCESS jobid=a1sm10ms-vskunesk - Success file found
2012-06-06 19:21:50,593-0500 DEBUG vdl:execute2 STAGING_OUT jobid=a1sm10ms-vskunesk
2012-06-06 19:21:50,595-0500 INFO  vdl:dostageout START jobid=a1sm10ms-vskunesk - Staging out files
2012-06-06 19:21:50,596-0500 DEBUG vdl:dostageout stageouts: [[$, c:messagefile - Open]]
2012-06-06 19:21:50,603-0500 DEBUG vdl:dostageout FILE_STAGE_OUT_START srcname=1.result srcdir=3inloop-20120606-1921-1be4n649/shared/ srchost=localhost destdir= desthost=localhost provider=file
2012-06-06 19:21:50,605-0500 INFO  LateBindingScheduler JobQueue: 0
2012-06-06 19:21:50,611-0500 INFO  LateBindingScheduler JobQueue: 0
2012-06-06 19:21:50,612-0500 DEBUG vdl:dostageout FILE_STAGE_OUT_END srcname=1.result srcdir=3inloop-20120606-1921-1be4n649/shared/ srchost=localhost destdir= desthost=localhost provider=file
2012-06-06 19:21:50,615-0500 INFO  LateBindingScheduler JobQueue: 0
2012-06-06 19:21:50,619-0500 INFO  vdl:dostageout END jobid=a1sm10ms-vskunesk - Staging out finished
2012-06-06 19:21:50,623-0500 DEBUG vdl:execute2 JOB_END jobid=a1sm10ms-vskunesk
2012-06-06 19:21:50,625-0500 INFO  vdl:execute END_SUCCESS thread=0-1-1-1 tr=a1sm10ms
2012-06-06 19:21:50,626-0500 DEBUG countwords PROCEDURE_END line=4
2012-06-06 19:21:50,628-0500 DEBUG vdl:mains FOREACH_IT_END line=12 thread=0-1-1
2012-06-06 19:21:50,662-0500 DEBUG vdl:mains Starting cleanups
2012-06-06 19:21:50,666-0500 INFO  vdl:cleanups START cleanups=[[3inloop-20120606-1921-1be4n649, localhost]]
2012-06-06 19:21:50,671-0500 INFO  vdl:cleanup START dir=3inloop-20120606-1921-1be4n649 host=localhost
2012-06-06 19:21:50,674-0500 DEBUG vdl:cleanup cdmfile 
2012-06-06 19:21:50,683-0500 INFO  GridExec TASK_DEFINITION: Task(type=JOB_SUBMISSION, identity=urn:0-1-1339028508065) is /bin/rm -rf 3inloop-20120606-1921-1be4n649
2012-06-06 19:21:50,684-0500 INFO  JobSubmissionTaskHandler Submit: in: /var/tmp command: /bin/rm -rf 3inloop-20120606-1921-1be4n649
2012-06-06 19:21:50,685-0500 INFO  LateBindingScheduler JobQueue: 0
2012-06-06 19:21:50,687-0500 INFO  vdl:cleanup END dir=3inloop-20120606-1921-1be4n649 host=localhost
2012-06-06 19:21:50,688-0500 INFO  vdl:cleanups END cleanups=[[3inloop-20120606-1921-1be4n649, localhost]]
2012-06-06 19:21:50,690-0500 DEBUG vdl:mains Ending cleanups
2012-06-06 19:21:50,694-0500 INFO  Loader Swift finished with no errors
