2012-06-06 19:21:54,427-0500 DEBUG Loader arguments: [-tc.file, tc.data, -sites.file, 0-throttle-sites.xml, 3inloop.swift]
2012-06-06 19:21:54,427-0500 DEBUG Loader Max heap: 252248064
2012-06-06 19:21:54,428-0500 DEBUG textfiles BEGIN SWIFTSCRIPT:

type messagefile; 

app (messagefile t) countwords () {   
     a1sm10ms stdout=@filename(t);
}

string outputNames = "test1 test2 test3";

messagefile outputfiles[] <fixed_array_mapper;files=outputNames>;

foreach f,i in outputfiles {
  messagefile c <single_file_mapper; file=@strcat(i, ".result")>;
  c = countwords();
}


2012-06-06 19:21:54,428-0500 DEBUG textfiles END SWIFTSCRIPT:
2012-06-06 19:21:54,428-0500 DEBUG Loader kmlversion is >239b8550-a5ff-44be-a124-5e7ecd70737d<
2012-06-06 19:21:54,428-0500 DEBUG Loader build version is >239b8550-a5ff-44be-a124-5e7ecd70737d<
2012-06-06 19:21:54,429-0500 DEBUG Loader Recompilation suppressed.
2012-06-06 19:21:54,577-0500 DEBUG Loader setting: sites.file to: 0-throttle-sites.xml
2012-06-06 19:21:54,577-0500 DEBUG Loader setting: tc.file to: tc.data
2012-06-06 19:21:54,577-0500 DEBUG textfiles BEGIN SITES:
<config>

  <pool handle="localhost">
    <filesystem provider="local" />
    <execution provider="local" />
    <workdirectory >/var/tmp</workdirectory>
    <profile namespace="karajan" key="jobThrottle">.01</profile>
    <profile namespace="karajan" key="initialScore">10000</profile>
  </pool>

</config>


2012-06-06 19:21:54,577-0500 DEBUG textfiles END SITES:
2012-06-06 19:21:54,581-0500 INFO  VDL2ExecutionContext Stack dump:
Level 1
[iA = 0, iB = 0, bA = false, bB = false]
	vdl:instanceconfig = Swift configuration []
	vdl:operation = run
	swift.home = /usr/local/swift/bin/..
	PATH_SEPARATOR = /


2012-06-06 19:21:55,240-0500 INFO  unknown Using sites file: 0-throttle-sites.xml
2012-06-06 19:21:55,282-0500 INFO  unknown Using tc.data: tc.data
2012-06-06 19:21:55,395-0500 INFO  AbstractScheduler Setting resources to: {localhost=localhost}
2012-06-06 19:21:56,098-0500 INFO  unknown Swift 0.93 swift-r5483 cog-r3339

2012-06-06 19:21:56,099-0500 INFO  unknown RUNID id=run:20120606-1921-jsn4y0nd
2012-06-06 19:21:56,142-0500 INFO  SetFieldValue Set: outputNames=test1 test2 test3
2012-06-06 19:21:56,157-0500 INFO  RootDataNode Found data outputfiles:messagefile[] - Open.[0]
2012-06-06 19:21:56,158-0500 INFO  RootDataNode Found data outputfiles:messagefile[] - Open.[1]
2012-06-06 19:21:56,158-0500 INFO  RootDataNode Found data outputfiles:messagefile[] - Open.[2]
2012-06-06 19:21:56,165-0500 DEBUG vdl:mains FOREACH_IT_START line=12 thread=0-1-0
2012-06-06 19:21:56,165-0500 DEBUG vdl:mains FOREACH_IT_START line=12 thread=0-1-1
2012-06-06 19:21:56,165-0500 DEBUG vdl:mains SCOPE thread=0-1-0
2012-06-06 19:21:56,165-0500 DEBUG vdl:mains SCOPE thread=0-1-1
2012-06-06 19:21:56,166-0500 DEBUG vdl:mains FOREACH_IT_START line=12 thread=0-1-2
2012-06-06 19:21:56,166-0500 DEBUG vdl:mains SCOPE thread=0-1-2
2012-06-06 19:21:56,176-0500 INFO  SetFieldValue Set: swift#mapper#17001=1.result
2012-06-06 19:21:56,176-0500 INFO  SetFieldValue Set: swift#mapper#17001=2.result
2012-06-06 19:21:56,176-0500 INFO  SetFieldValue Set: swift#mapper#17001=0.result
2012-06-06 19:21:56,177-0500 DEBUG countwords PROCEDURE line=4 thread=0-1-2-1 name=countwords
2012-06-06 19:21:56,176-0500 DEBUG countwords PROCEDURE line=4 thread=0-1-0-1 name=countwords
2012-06-06 19:21:56,176-0500 DEBUG countwords PROCEDURE line=4 thread=0-1-1-1 name=countwords
2012-06-06 19:21:56,179-0500 INFO  RootDataNode Found mapped data c:messagefile - Open.$
2012-06-06 19:21:56,179-0500 INFO  RootDataNode Found mapped data c:messagefile - Open.$
2012-06-06 19:21:56,179-0500 INFO  RootDataNode Found mapped data c:messagefile - Open.$
2012-06-06 19:21:56,190-0500 INFO  vdl:execute START thread=0-1-1-1 tr=a1sm10ms
2012-06-06 19:21:56,190-0500 INFO  vdl:execute START thread=0-1-2-1 tr=a1sm10ms
2012-06-06 19:21:56,190-0500 INFO  vdl:execute START thread=0-1-0-1 tr=a1sm10ms
2012-06-06 19:21:56,218-0500 INFO  WeightedHostScoreScheduler CONTACT_SELECTED host=localhost, score=99.854
2012-06-06 19:21:56,221-0500 INFO  WeightedHostScoreScheduler CONTACT_SELECTED host=localhost, score=99.854
2012-06-06 19:21:56,225-0500 INFO  GlobalSubmitQueue No global submit throttle set. Using default (1024)
2012-06-06 19:21:56,230-0500 INFO  LateBindingScheduler JobQueue: 1
2012-06-06 19:21:56,234-0500 INFO  LateBindingScheduler JobQueue: 1
2012-06-06 19:21:56,242-0500 INFO  vdl:initshareddir START host=localhost - Initializing shared directory
2012-06-06 19:21:56,248-0500 INFO  LateBindingScheduler JobQueue: 1
2012-06-06 19:21:56,269-0500 INFO  LateBindingScheduler JobQueue: 1
2012-06-06 19:21:56,274-0500 INFO  LateBindingScheduler JobQueue: 1
2012-06-06 19:21:56,278-0500 INFO  LateBindingScheduler JobQueue: 1
2012-06-06 19:21:56,284-0500 INFO  LateBindingScheduler JobQueue: 1
2012-06-06 19:21:56,291-0500 INFO  LateBindingScheduler JobQueue: 1
2012-06-06 19:21:56,293-0500 INFO  vdl:initshareddir END host=localhost - Done initializing shared directory
2012-06-06 19:21:56,301-0500 DEBUG vdl:execute2 THREAD_ASSOCIATION jobid=a1sm10ms-fsqunesk thread=0-1-0-1-1 host=localhost replicationGroup=esqunesk
2012-06-06 19:21:56,301-0500 DEBUG vdl:execute2 THREAD_ASSOCIATION jobid=a1sm10ms-gsqunesk thread=0-1-1-1-1 host=localhost replicationGroup=dsqunesk
2012-06-06 19:21:56,325-0500 INFO  vdl:createdirset START jobid=a1sm10ms-gsqunesk host=localhost - Initializing directory structure
2012-06-06 19:21:56,325-0500 INFO  vdl:createdirset START jobid=a1sm10ms-fsqunesk host=localhost - Initializing directory structure
2012-06-06 19:21:56,327-0500 INFO  vdl:createdirset END jobid=a1sm10ms-fsqunesk - Done initializing directory structure
2012-06-06 19:21:56,327-0500 INFO  vdl:createdirset END jobid=a1sm10ms-gsqunesk - Done initializing directory structure
2012-06-06 19:21:56,330-0500 INFO  vdl:dostagein START jobid=a1sm10ms-fsqunesk - Staging in files
2012-06-06 19:21:56,330-0500 INFO  vdl:dostagein START jobid=a1sm10ms-gsqunesk - Staging in files
2012-06-06 19:21:56,339-0500 INFO  vdl:dostagein END jobid=a1sm10ms-fsqunesk - Staging in finished
2012-06-06 19:21:56,340-0500 INFO  vdl:dostagein END jobid=a1sm10ms-gsqunesk - Staging in finished
2012-06-06 19:21:56,343-0500 DEBUG vdl:execute2 JOB_START jobid=a1sm10ms-gsqunesk tr=a1sm10ms arguments=[] tmpdir=3inloop-20120606-1921-jsn4y0nd/jobs/g/a1sm10ms-gsqunesk host=localhost
2012-06-06 19:21:56,343-0500 DEBUG vdl:execute2 JOB_START jobid=a1sm10ms-fsqunesk tr=a1sm10ms arguments=[] tmpdir=3inloop-20120606-1921-jsn4y0nd/jobs/f/a1sm10ms-fsqunesk host=localhost
2012-06-06 19:21:56,354-0500 DEBUG textfiles BEGIN TC:
#This is the transformation catalog.
#
#It comes pre-configured with a number of simple transformations with
#paths that are likely to work on a linux box. However, on some systems,
#the paths to these executables will be different (for example, sometimes
#some of these programs are found in /usr/bin rather than in /bin)
#
#NOTE WELL: fields in this file must be separated by tabs, not spaces; and
#there must be no trailing whitespace at the end of each line.
#
# sitename  transformation  path   INSTALLED  platform  profiles
localhost 	echo 		/bin/echo	INSTALLED	INTEL32::LINUX	null
localhost 	cat 		/bin/cat	INSTALLED	INTEL32::LINUX	null
localhost 	ls 		/bin/ls		INSTALLED	INTEL32::LINUX	null
localhost 	grep 		/bin/grep	INSTALLED	INTEL32::LINUX	null
localhost 	sort 		/bin/sort	INSTALLED	INTEL32::LINUX	null
localhost 	paste 		/bin/paste	INSTALLED	INTEL32::LINUX	null
localhost 	cp 		/bin/cp         INSTALLED	INTEL32::LINUX	null
localhost 	touch 		/bin/touch      INSTALLED	INTEL32::LINUX	null
localhost	wc		/usr/bin/wc	INSTALLED	INTEL32::LINUX	null
localhost	sh		/bin/wc		INSTALLED	INTEL32::LINUX	null
localhost	scott3a		/home/skrieder/swift/multi/scott3a.sh		INSTALLED	INTEL32::LINUX	null
localhost	scott3b		/home/skrieder/swift/multi/scott3b.sh		INSTALLED	INTEL32::LINUX	null
localhost	cka		/home/skrieder/swift/cuda/1sm1ms		INSTALLED	INTEL32::LINUX	null
localhost	a1sm0ms		/home/skrieder/swift/cuda/1sm0ms		INSTALLED	INTEL32::LINUX	null
localhost	a1sm1ms		/home/skrieder/swift/cuda/1sm1ms		INSTALLED	INTEL32::LINUX	null
localhost	a1sm10ms	/home/skrieder/swift/cuda/1sm10ms		INSTALLED	INTEL32::LINUX	null
localhost	a1sm100ms	/home/skrieder/swift/cuda/1sm100ms		INSTALLED	INTEL32::LINUX	null
localhost	a2sm0ms		/home/skrieder/swift/cuda/2sm0ms		INSTALLED	INTEL32::LINUX	null
localhost	a2sm1ms		/home/skrieder/swift/cuda/2sm1ms		INSTALLED	INTEL32::LINUX	null
localhost	a2sm10ms	/home/skrieder/swift/cuda/2sm10ms		INSTALLED	INTEL32::LINUX	null
localhost	a2sm100ms	/home/skrieder/swift/cuda/2sm100ms		INSTALLED	INTEL32::LINUX	null
localhost	a4sm0ms		/home/skrieder/swift/cuda/4sm0ms		INSTALLED	INTEL32::LINUX	null
localhost	a4sm1ms		/home/skrieder/swift/cuda/4sm1ms		INSTALLED	INTEL32::LINUX	null
localhost	a4sm10ms	/home/skrieder/swift/cuda/4sm10ms		INSTALLED	INTEL32::LINUX	null
localhost	a4sm100ms	/home/skrieder/swift/cuda/4sm100ms		INSTALLED	INTEL32::LINUX	null
localhost	a8sm0ms		/home/skrieder/swift/cuda/8sm0ms		INSTALLED	INTEL32::LINUX	null
localhost	a8sm1ms		/home/skrieder/swift/cuda/8sm1ms		INSTALLED	INTEL32::LINUX	null
localhost	a8sm10ms	/home/skrieder/swift/cuda/8sm10ms		INSTALLED	INTEL32::LINUX	null
localhost	a8sm100ms	/home/skrieder/swift/cuda/8sm100ms		INSTALLED	INTEL32::LINUX	null
localhost	a16sm0ms	/home/skrieder/swift/cuda/16sm0ms		INSTALLED	INTEL32::LINUX	null
localhost	a16sm1ms	/home/skrieder/swift/cuda/16sm1ms		INSTALLED	INTEL32::LINUX	null
localhost	a16sm10ms	/home/skrieder/swift/cuda/16sm10ms		INSTALLED	INTEL32::LINUX	null
localhost	a16sm100ms	/home/skrieder/swift/cuda/16sm100ms		INSTALLED	INTEL32::LINUX	null
localhost	sleep0ms	/home/skrieder/swift/c/sleep0ms			INSTALLED	INTEL32::LINUX	null
localhost	sleep1ms	/home/skrieder/swift/c/sleep1ms			INSTALLED	INTEL32::LINUX	null
localhost	sleep10ms	/home/skrieder/swift/c/sleep10ms		INSTALLED	INTEL32::LINUX	null
localhost	sleep100ms	/home/skrieder/swift/c/sleep100ms			INSTALLED	INTEL32::LINUX	null
localhost	sleep1000ms	/home/skrieder/swift/c/sleep1000ms			INSTALLED	INTEL32::LINUX	null
localhost	sleep10000ms	/home/skrieder/swift/c/sleep10000ms			INSTALLED	INTEL32::LINUX	null
localhost	hello		/home/skrieder/swift/multi/hello			INSTALLED	INTEL32::LINUX	null


2012-06-06 19:21:56,355-0500 DEBUG textfiles END TC:
2012-06-06 19:21:56,377-0500 INFO  GridExec TASK_DEFINITION: Task(type=JOB_SUBMISSION, identity=urn:0-1-0-1-1-1339028515273) is /bin/bash shared/_swiftwrap a1sm10ms-fsqunesk -jobdir f -scratch  -e /home/skrieder/swift/cuda/1sm10ms -out 2.result -err stderr.txt -i -d  -if  -of 2.result -k  -cdmfile  -status files -a
2012-06-06 19:21:56,377-0500 INFO  GridExec TASK_DEFINITION: Task(type=JOB_SUBMISSION, identity=urn:0-1-1-1-1-1339028515274) is /bin/bash shared/_swiftwrap a1sm10ms-gsqunesk -jobdir g -scratch  -e /home/skrieder/swift/cuda/1sm10ms -out 1.result -err stderr.txt -i -d  -if  -of 1.result -k  -cdmfile  -status files -a
2012-06-06 19:21:56,385-0500 INFO  JobSubmissionTaskHandler Submit: in: /var/tmp/3inloop-20120606-1921-jsn4y0nd command: /bin/bash /var/tmp/3inloop-20120606-1921-jsn4y0nd/shared/_swiftwrap a1sm10ms-fsqunesk -jobdir f -scratch  -e /home/skrieder/swift/cuda/1sm10ms -out 2.result -err stderr.txt -i -d  -if  -of 2.result -k  -cdmfile  -status files -a
2012-06-06 19:21:56,385-0500 INFO  JobSubmissionTaskHandler Submit: in: /var/tmp/3inloop-20120606-1921-jsn4y0nd command: /bin/bash /var/tmp/3inloop-20120606-1921-jsn4y0nd/shared/_swiftwrap a1sm10ms-gsqunesk -jobdir g -scratch  -e /home/skrieder/swift/cuda/1sm10ms -out 1.result -err stderr.txt -i -d  -if  -of 1.result -k  -cdmfile  -status files -a
2012-06-06 19:21:56,662-0500 INFO  LateBindingScheduler JobQueue: 1
2012-06-06 19:21:56,668-0500 DEBUG vdl:checkjobstatus START jobid=a1sm10ms-fsqunesk
2012-06-06 19:21:56,681-0500 INFO  LateBindingScheduler JobQueue: 1
2012-06-06 19:21:56,682-0500 INFO  LateBindingScheduler JobQueue: 1
2012-06-06 19:21:56,682-0500 INFO  vdl:checkerrorfile FAILURE jobid=a1sm10ms-fsqunesk - Failure file found
2012-06-06 19:21:56,685-0500 DEBUG vdl:checkjobstatus START jobid=a1sm10ms-gsqunesk
2012-06-06 19:21:56,686-0500 INFO  LateBindingScheduler JobQueue: 2
2012-06-06 19:21:56,687-0500 INFO  LateBindingScheduler JobQueue: 1
2012-06-06 19:21:56,689-0500 INFO  vdl:checkjobstatus SUCCESS jobid=a1sm10ms-gsqunesk - Success file found
2012-06-06 19:21:56,691-0500 INFO  LateBindingScheduler JobQueue: 1
2012-06-06 19:21:56,692-0500 DEBUG vdl:execute2 STAGING_OUT jobid=a1sm10ms-gsqunesk
2012-06-06 19:21:56,693-0500 INFO  LateBindingScheduler JobQueue: 1
2012-06-06 19:21:56,695-0500 DEBUG vdl:execute2 STAGING_OUT jobid=a1sm10ms-fsqunesk
2012-06-06 19:21:56,697-0500 INFO  vdl:dostageout START jobid=a1sm10ms-gsqunesk - Staging out files
2012-06-06 19:21:56,697-0500 INFO  vdl:dostageout START jobid=a1sm10ms-fsqunesk - Staging out files
2012-06-06 19:21:56,698-0500 DEBUG vdl:dostageout stageouts: [[$, c:messagefile - Open]]
2012-06-06 19:21:56,698-0500 DEBUG vdl:dostageout stageouts: [[$, c:messagefile - Open]]
2012-06-06 19:21:56,718-0500 DEBUG vdl:dostageout FILE_STAGE_OUT_START srcname=2.result srcdir=3inloop-20120606-1921-jsn4y0nd/shared/ srchost=localhost destdir= desthost=localhost provider=file
2012-06-06 19:21:56,718-0500 DEBUG vdl:dostageout FILE_STAGE_OUT_START srcname=1.result srcdir=3inloop-20120606-1921-jsn4y0nd/shared/ srchost=localhost destdir= desthost=localhost provider=file
2012-06-06 19:21:56,720-0500 INFO  LateBindingScheduler JobQueue: 1
2012-06-06 19:21:56,721-0500 INFO  LateBindingScheduler JobQueue: 1
2012-06-06 19:21:56,741-0500 INFO  LateBindingScheduler JobQueue: 1
2012-06-06 19:21:56,743-0500 DEBUG vdl:dostageout FILE_STAGE_OUT_END srcname=1.result srcdir=3inloop-20120606-1921-jsn4y0nd/shared/ srchost=localhost destdir= desthost=localhost provider=file
2012-06-06 19:21:56,752-0500 INFO  LateBindingScheduler JobQueue: 1
2012-06-06 19:21:56,761-0500 INFO  LateBindingScheduler JobQueue: 1
2012-06-06 19:21:56,763-0500 INFO  vdl:checkerrorfile NO_STATUS_FILE jobid=a1sm10ms-fsqunesk - Error file missing
2012-06-06 19:21:56,768-0500 DEBUG vdl:execute2 APPLICATION_EXCEPTION jobid=a1sm10ms-fsqunesk - Application exception: null
Caused by: org.globus.cog.abstraction.impl.file.FileNotFoundException: File not found: /var/tmp/3inloop-20120606-1921-jsn4y0nd/shared/2.result
2012-06-06 19:21:56,769-0500 INFO  vdl:dostageout END jobid=a1sm10ms-gsqunesk - Staging out finished
2012-06-06 19:21:56,779-0500 DEBUG vdl:execute2 JOB_END jobid=a1sm10ms-gsqunesk
2012-06-06 19:21:56,782-0500 INFO  vdl:execute END_SUCCESS thread=0-1-1-1 tr=a1sm10ms
2012-06-06 19:21:56,785-0500 DEBUG countwords PROCEDURE_END line=4
2012-06-06 19:21:56,787-0500 INFO  WeightedHostScoreScheduler CONTACT_SELECTED host=localhost, score=99.854
2012-06-06 19:21:56,788-0500 DEBUG vdl:mains FOREACH_IT_END line=12 thread=0-1-1
2012-06-06 19:21:56,790-0500 INFO  LateBindingScheduler JobQueue: 0
2012-06-06 19:21:56,793-0500 DEBUG vdl:execute2 THREAD_ASSOCIATION jobid=a1sm10ms-hsqunesk thread=0-1-2-1-1 host=localhost replicationGroup=csqunesk
2012-06-06 19:21:56,795-0500 INFO  LateBindingScheduler JobQueue: 0
2012-06-06 19:21:56,801-0500 INFO  LateBindingScheduler JobQueue: 0
2012-06-06 19:21:56,803-0500 INFO  vdl:createdirset START jobid=a1sm10ms-hsqunesk host=localhost - Initializing directory structure
2012-06-06 19:21:56,804-0500 INFO  vdl:createdirset END jobid=a1sm10ms-hsqunesk - Done initializing directory structure
2012-06-06 19:21:56,804-0500 INFO  LateBindingScheduler JobQueue: 0
2012-06-06 19:21:56,805-0500 INFO  vdl:dostagein START jobid=a1sm10ms-hsqunesk - Staging in files
2012-06-06 19:21:56,808-0500 INFO  vdl:dostagein END jobid=a1sm10ms-hsqunesk - Staging in finished
2012-06-06 19:21:56,810-0500 DEBUG vdl:execute2 JOB_START jobid=a1sm10ms-hsqunesk tr=a1sm10ms arguments=[] tmpdir=3inloop-20120606-1921-jsn4y0nd/jobs/h/a1sm10ms-hsqunesk host=localhost
2012-06-06 19:21:56,818-0500 INFO  LateBindingScheduler JobQueue: 0
2012-06-06 19:21:56,822-0500 INFO  GridExec TASK_DEFINITION: Task(type=JOB_SUBMISSION, identity=urn:0-1-2-1-1-1339028515323) is /bin/bash shared/_swiftwrap a1sm10ms-hsqunesk -jobdir h -scratch  -e /home/skrieder/swift/cuda/1sm10ms -out 0.result -err stderr.txt -i -d  -if  -of 0.result -k  -cdmfile  -status files -a
2012-06-06 19:21:56,823-0500 INFO  JobSubmissionTaskHandler Submit: in: /var/tmp/3inloop-20120606-1921-jsn4y0nd command: /bin/bash /var/tmp/3inloop-20120606-1921-jsn4y0nd/shared/_swiftwrap a1sm10ms-hsqunesk -jobdir h -scratch  -e /home/skrieder/swift/cuda/1sm10ms -out 0.result -err stderr.txt -i -d  -if  -of 0.result -k  -cdmfile  -status files -a
2012-06-06 19:21:56,839-0500 INFO  WeightedHostScoreScheduler CONTACT_SELECTED host=localhost, score=99.854
2012-06-06 19:21:56,845-0500 DEBUG vdl:execute2 THREAD_ASSOCIATION jobid=a1sm10ms-jsqunesk thread=0-1-0-1-1 host=localhost replicationGroup=isqunesk
2012-06-06 19:21:56,854-0500 INFO  vdl:createdirset START jobid=a1sm10ms-jsqunesk host=localhost - Initializing directory structure
2012-06-06 19:21:56,855-0500 INFO  vdl:createdirset END jobid=a1sm10ms-jsqunesk - Done initializing directory structure
2012-06-06 19:21:56,857-0500 INFO  vdl:dostagein START jobid=a1sm10ms-jsqunesk - Staging in files
2012-06-06 19:21:56,859-0500 INFO  vdl:dostagein END jobid=a1sm10ms-jsqunesk - Staging in finished
2012-06-06 19:21:56,861-0500 DEBUG vdl:execute2 JOB_START jobid=a1sm10ms-jsqunesk tr=a1sm10ms arguments=[] tmpdir=3inloop-20120606-1921-jsn4y0nd/jobs/j/a1sm10ms-jsqunesk host=localhost
2012-06-06 19:21:56,873-0500 INFO  GridExec TASK_DEFINITION: Task(type=JOB_SUBMISSION, identity=urn:0-1-0-1-1-1339028515326) is /bin/bash shared/_swiftwrap a1sm10ms-jsqunesk -jobdir j -scratch  -e /home/skrieder/swift/cuda/1sm10ms -out 2.result -err stderr.txt -i -d  -if  -of 2.result -k  -cdmfile  -status files -a
2012-06-06 19:21:56,874-0500 INFO  JobSubmissionTaskHandler Submit: in: /var/tmp/3inloop-20120606-1921-jsn4y0nd command: /bin/bash /var/tmp/3inloop-20120606-1921-jsn4y0nd/shared/_swiftwrap a1sm10ms-jsqunesk -jobdir j -scratch  -e /home/skrieder/swift/cuda/1sm10ms -out 2.result -err stderr.txt -i -d  -if  -of 2.result -k  -cdmfile  -status files -a
2012-06-06 19:21:57,089-0500 INFO  LateBindingScheduler JobQueue: 0
2012-06-06 19:21:57,097-0500 DEBUG vdl:checkjobstatus START jobid=a1sm10ms-hsqunesk
2012-06-06 19:21:57,107-0500 INFO  LateBindingScheduler JobQueue: 0
2012-06-06 19:21:57,111-0500 INFO  vdl:checkjobstatus SUCCESS jobid=a1sm10ms-hsqunesk - Success file found
2012-06-06 19:21:57,111-0500 DEBUG vdl:execute2 STAGING_OUT jobid=a1sm10ms-hsqunesk
2012-06-06 19:21:57,112-0500 INFO  vdl:dostageout START jobid=a1sm10ms-hsqunesk - Staging out files
2012-06-06 19:21:57,112-0500 DEBUG vdl:dostageout stageouts: [[$, c:messagefile - Open]]
2012-06-06 19:21:57,114-0500 DEBUG vdl:dostageout FILE_STAGE_OUT_START srcname=0.result srcdir=3inloop-20120606-1921-jsn4y0nd/shared/ srchost=localhost destdir= desthost=localhost provider=file
2012-06-06 19:21:57,117-0500 INFO  LateBindingScheduler JobQueue: 0
2012-06-06 19:21:57,122-0500 INFO  LateBindingScheduler JobQueue: 0
2012-06-06 19:21:57,124-0500 DEBUG vdl:dostageout FILE_STAGE_OUT_END srcname=0.result srcdir=3inloop-20120606-1921-jsn4y0nd/shared/ srchost=localhost destdir= desthost=localhost provider=file
2012-06-06 19:21:57,130-0500 INFO  LateBindingScheduler JobQueue: 0
2012-06-06 19:21:57,132-0500 INFO  vdl:dostageout END jobid=a1sm10ms-hsqunesk - Staging out finished
2012-06-06 19:21:57,136-0500 DEBUG vdl:execute2 JOB_END jobid=a1sm10ms-hsqunesk
2012-06-06 19:21:57,138-0500 INFO  vdl:execute END_SUCCESS thread=0-1-2-1 tr=a1sm10ms
2012-06-06 19:21:57,140-0500 DEBUG countwords PROCEDURE_END line=4
2012-06-06 19:21:57,144-0500 DEBUG vdl:mains FOREACH_IT_END line=12 thread=0-1-2
2012-06-06 19:21:57,200-0500 INFO  LateBindingScheduler JobQueue: 0
2012-06-06 19:21:57,203-0500 DEBUG vdl:checkjobstatus START jobid=a1sm10ms-jsqunesk
2012-06-06 19:21:57,206-0500 INFO  LateBindingScheduler JobQueue: 0
2012-06-06 19:21:57,207-0500 INFO  vdl:checkjobstatus SUCCESS jobid=a1sm10ms-jsqunesk - Success file found
2012-06-06 19:21:57,208-0500 DEBUG vdl:execute2 STAGING_OUT jobid=a1sm10ms-jsqunesk
2012-06-06 19:21:57,210-0500 INFO  vdl:dostageout START jobid=a1sm10ms-jsqunesk - Staging out files
2012-06-06 19:21:57,211-0500 DEBUG vdl:dostageout stageouts: [[$, c:messagefile - Open]]
2012-06-06 19:21:57,218-0500 DEBUG vdl:dostageout FILE_STAGE_OUT_START srcname=2.result srcdir=3inloop-20120606-1921-jsn4y0nd/shared/ srchost=localhost destdir= desthost=localhost provider=file
2012-06-06 19:21:57,220-0500 INFO  LateBindingScheduler JobQueue: 0
2012-06-06 19:21:57,227-0500 INFO  LateBindingScheduler JobQueue: 0
2012-06-06 19:21:57,228-0500 DEBUG vdl:dostageout FILE_STAGE_OUT_END srcname=2.result srcdir=3inloop-20120606-1921-jsn4y0nd/shared/ srchost=localhost destdir= desthost=localhost provider=file
2012-06-06 19:21:57,231-0500 INFO  LateBindingScheduler JobQueue: 0
2012-06-06 19:21:57,235-0500 INFO  vdl:dostageout END jobid=a1sm10ms-jsqunesk - Staging out finished
2012-06-06 19:21:57,239-0500 DEBUG vdl:execute2 JOB_END jobid=a1sm10ms-jsqunesk
2012-06-06 19:21:57,240-0500 INFO  vdl:execute END_SUCCESS thread=0-1-0-1 tr=a1sm10ms
2012-06-06 19:21:57,241-0500 DEBUG countwords PROCEDURE_END line=4
2012-06-06 19:21:57,243-0500 DEBUG vdl:mains FOREACH_IT_END line=12 thread=0-1-0
2012-06-06 19:21:57,260-0500 DEBUG vdl:mains Starting cleanups
2012-06-06 19:21:57,261-0500 INFO  vdl:cleanups START cleanups=[[3inloop-20120606-1921-jsn4y0nd, localhost]]
2012-06-06 19:21:57,262-0500 INFO  vdl:cleanup START dir=3inloop-20120606-1921-jsn4y0nd host=localhost
2012-06-06 19:21:57,262-0500 DEBUG vdl:cleanup cdmfile 
2012-06-06 19:21:57,265-0500 INFO  GridExec TASK_DEFINITION: Task(type=JOB_SUBMISSION, identity=urn:0-1-1339028515346) is /bin/rm -rf 3inloop-20120606-1921-jsn4y0nd
2012-06-06 19:21:57,265-0500 INFO  JobSubmissionTaskHandler Submit: in: /var/tmp command: /bin/rm -rf 3inloop-20120606-1921-jsn4y0nd
2012-06-06 19:21:57,266-0500 INFO  LateBindingScheduler JobQueue: 0
2012-06-06 19:21:57,266-0500 INFO  vdl:cleanup END dir=3inloop-20120606-1921-jsn4y0nd host=localhost
2012-06-06 19:21:57,267-0500 INFO  vdl:cleanups END cleanups=[[3inloop-20120606-1921-jsn4y0nd, localhost]]
2012-06-06 19:21:57,267-0500 DEBUG vdl:mains Ending cleanups
2012-06-06 19:21:57,268-0500 INFO  Loader Swift finished with no errors
