2012-06-08 09:39:34,035-0500 DEBUG Loader arguments: [-tc.file, tc.data, -sites.file, 0-throttle-sites.xml, 3inloop.swift]
2012-06-08 09:39:34,035-0500 DEBUG Loader Max heap: 252248064
2012-06-08 09:39:34,036-0500 DEBUG textfiles BEGIN SWIFTSCRIPT:

type messagefile; 

app (messagefile t) countwords () {   
     a1sm1ms stdout=@filename(t);
}

string outputNames = "test1 test2 test3";

messagefile outputfiles[] <fixed_array_mapper;files=outputNames>;

foreach f,i in outputfiles {
  messagefile c <single_file_mapper; file=@strcat(i, ".result")>;
  c = countwords();
}


2012-06-08 09:39:34,036-0500 DEBUG textfiles END SWIFTSCRIPT:
2012-06-08 09:39:34,036-0500 DEBUG Loader kmlversion is >239b8550-a5ff-44be-a124-5e7ecd70737d<
2012-06-08 09:39:34,036-0500 DEBUG Loader build version is >239b8550-a5ff-44be-a124-5e7ecd70737d<
2012-06-08 09:39:34,036-0500 DEBUG Loader Recompilation suppressed.
2012-06-08 09:39:34,183-0500 DEBUG Loader setting: sites.file to: 0-throttle-sites.xml
2012-06-08 09:39:34,183-0500 DEBUG Loader setting: tc.file to: tc.data
2012-06-08 09:39:34,183-0500 DEBUG textfiles BEGIN SITES:
<config>

  <pool handle="localhost">
    <filesystem provider="local" />
    <execution provider="local" />
    <workdirectory >/var/tmp</workdirectory>
    <profile namespace="karajan" key="jobThrottle">.01</profile>
    <profile namespace="karajan" key="initialScore">10000</profile>
  </pool>

</config>


2012-06-08 09:39:34,183-0500 DEBUG textfiles END SITES:
2012-06-08 09:39:34,188-0500 INFO  VDL2ExecutionContext Stack dump:
Level 1
[iA = 0, iB = 0, bA = false, bB = false]
	vdl:instanceconfig = Swift configuration []
	vdl:operation = run
	swift.home = /usr/local/swift/bin/..
	PATH_SEPARATOR = /


2012-06-08 09:39:34,885-0500 INFO  unknown Using sites file: 0-throttle-sites.xml
2012-06-08 09:39:34,934-0500 INFO  unknown Using tc.data: tc.data
2012-06-08 09:39:35,083-0500 INFO  AbstractScheduler Setting resources to: {localhost=localhost}
2012-06-08 09:39:35,842-0500 INFO  unknown Swift 0.93 swift-r5483 cog-r3339

2012-06-08 09:39:35,843-0500 INFO  unknown RUNID id=run:20120608-0939-222b99e2
2012-06-08 09:39:35,899-0500 INFO  SetFieldValue Set: outputNames=test1 test2 test3
2012-06-08 09:39:35,909-0500 INFO  RootDataNode Found data outputfiles:messagefile[] - Open.[0]
2012-06-08 09:39:35,910-0500 INFO  RootDataNode Found data outputfiles:messagefile[] - Open.[1]
2012-06-08 09:39:35,910-0500 INFO  RootDataNode Found data outputfiles:messagefile[] - Open.[2]
2012-06-08 09:39:35,913-0500 DEBUG vdl:mains FOREACH_IT_START line=12 thread=0-1-2
2012-06-08 09:39:35,913-0500 DEBUG vdl:mains FOREACH_IT_START line=12 thread=0-1-1
2012-06-08 09:39:35,914-0500 DEBUG vdl:mains SCOPE thread=0-1-2
2012-06-08 09:39:35,914-0500 DEBUG vdl:mains FOREACH_IT_START line=12 thread=0-1-0
2012-06-08 09:39:35,914-0500 DEBUG vdl:mains SCOPE thread=0-1-0
2012-06-08 09:39:35,914-0500 DEBUG vdl:mains SCOPE thread=0-1-1
2012-06-08 09:39:35,921-0500 DEBUG countwords PROCEDURE line=4 thread=0-1-2-1 name=countwords
2012-06-08 09:39:35,921-0500 DEBUG countwords PROCEDURE line=4 thread=0-1-1-1 name=countwords
2012-06-08 09:39:35,921-0500 INFO  SetFieldValue Set: swift#mapper#17001=0.result
2012-06-08 09:39:35,921-0500 INFO  SetFieldValue Set: swift#mapper#17001=1.result
2012-06-08 09:39:35,921-0500 INFO  SetFieldValue Set: swift#mapper#17001=2.result
2012-06-08 09:39:35,922-0500 DEBUG countwords PROCEDURE line=4 thread=0-1-0-1 name=countwords
2012-06-08 09:39:35,925-0500 INFO  RootDataNode Found mapped data c:messagefile - Open.$
2012-06-08 09:39:35,925-0500 INFO  RootDataNode Found mapped data c:messagefile - Open.$
2012-06-08 09:39:35,925-0500 INFO  RootDataNode Found mapped data c:messagefile - Open.$
2012-06-08 09:39:35,932-0500 INFO  vdl:execute START thread=0-1-2-1 tr=a1sm1ms
2012-06-08 09:39:35,932-0500 INFO  vdl:execute START thread=0-1-1-1 tr=a1sm1ms
2012-06-08 09:39:35,932-0500 INFO  vdl:execute START thread=0-1-0-1 tr=a1sm1ms
2012-06-08 09:39:35,965-0500 INFO  WeightedHostScoreScheduler CONTACT_SELECTED host=localhost, score=99.854
2012-06-08 09:39:35,968-0500 INFO  WeightedHostScoreScheduler CONTACT_SELECTED host=localhost, score=99.854
2012-06-08 09:39:35,975-0500 INFO  GlobalSubmitQueue No global submit throttle set. Using default (1024)
2012-06-08 09:39:35,980-0500 INFO  LateBindingScheduler JobQueue: 1
2012-06-08 09:39:35,984-0500 INFO  LateBindingScheduler JobQueue: 1
2012-06-08 09:39:35,989-0500 INFO  vdl:initshareddir START host=localhost - Initializing shared directory
2012-06-08 09:39:35,995-0500 INFO  LateBindingScheduler JobQueue: 1
2012-06-08 09:39:36,023-0500 INFO  LateBindingScheduler JobQueue: 1
2012-06-08 09:39:36,028-0500 INFO  LateBindingScheduler JobQueue: 1
2012-06-08 09:39:36,032-0500 INFO  LateBindingScheduler JobQueue: 1
2012-06-08 09:39:36,039-0500 INFO  LateBindingScheduler JobQueue: 1
2012-06-08 09:39:36,047-0500 INFO  LateBindingScheduler JobQueue: 1
2012-06-08 09:39:36,051-0500 INFO  vdl:initshareddir END host=localhost - Done initializing shared directory
2012-06-08 09:39:36,057-0500 DEBUG vdl:execute2 THREAD_ASSOCIATION jobid=a1sm1ms-g95qahsk thread=0-1-2-1-1 host=localhost replicationGroup=d95qahsk
2012-06-08 09:39:36,057-0500 DEBUG vdl:execute2 THREAD_ASSOCIATION jobid=a1sm1ms-h95qahsk thread=0-1-0-1-1 host=localhost replicationGroup=f95qahsk
2012-06-08 09:39:36,082-0500 INFO  vdl:createdirset START jobid=a1sm1ms-g95qahsk host=localhost - Initializing directory structure
2012-06-08 09:39:36,082-0500 INFO  vdl:createdirset START jobid=a1sm1ms-h95qahsk host=localhost - Initializing directory structure
2012-06-08 09:39:36,085-0500 INFO  vdl:createdirset END jobid=a1sm1ms-g95qahsk - Done initializing directory structure
2012-06-08 09:39:36,085-0500 INFO  vdl:createdirset END jobid=a1sm1ms-h95qahsk - Done initializing directory structure
2012-06-08 09:39:36,088-0500 INFO  vdl:dostagein START jobid=a1sm1ms-h95qahsk - Staging in files
2012-06-08 09:39:36,088-0500 INFO  vdl:dostagein START jobid=a1sm1ms-g95qahsk - Staging in files
2012-06-08 09:39:36,099-0500 INFO  vdl:dostagein END jobid=a1sm1ms-g95qahsk - Staging in finished
2012-06-08 09:39:36,099-0500 INFO  vdl:dostagein END jobid=a1sm1ms-h95qahsk - Staging in finished
2012-06-08 09:39:36,106-0500 DEBUG vdl:execute2 JOB_START jobid=a1sm1ms-g95qahsk tr=a1sm1ms arguments=[] tmpdir=3inloop-20120608-0939-222b99e2/jobs/g/a1sm1ms-g95qahsk host=localhost
2012-06-08 09:39:36,106-0500 DEBUG vdl:execute2 JOB_START jobid=a1sm1ms-h95qahsk tr=a1sm1ms arguments=[] tmpdir=3inloop-20120608-0939-222b99e2/jobs/h/a1sm1ms-h95qahsk host=localhost
2012-06-08 09:39:36,120-0500 DEBUG textfiles BEGIN TC:
#This is the transformation catalog.
#
#It comes pre-configured with a number of simple transformations with
#paths that are likely to work on a linux box. However, on some systems,
#the paths to these executables will be different (for example, sometimes
#some of these programs are found in /usr/bin rather than in /bin)
#
#NOTE WELL: fields in this file must be separated by tabs, not spaces; and
#there must be no trailing whitespace at the end of each line.
#
# sitename  transformation  path   INSTALLED  platform  profiles
localhost 	echo 		/bin/echo	INSTALLED	INTEL32::LINUX	null
localhost 	cat 		/bin/cat	INSTALLED	INTEL32::LINUX	null
localhost 	ls 		/bin/ls		INSTALLED	INTEL32::LINUX	null
localhost 	grep 		/bin/grep	INSTALLED	INTEL32::LINUX	null
localhost 	sort 		/bin/sort	INSTALLED	INTEL32::LINUX	null
localhost 	paste 		/bin/paste	INSTALLED	INTEL32::LINUX	null
localhost 	cp 		/bin/cp         INSTALLED	INTEL32::LINUX	null
localhost 	touch 		/bin/touch      INSTALLED	INTEL32::LINUX	null
localhost	wc		/usr/bin/wc	INSTALLED	INTEL32::LINUX	null
localhost	sh		/bin/wc		INSTALLED	INTEL32::LINUX	null
localhost	scott3a		/home/skrieder/swift/multi/scott3a.sh		INSTALLED	INTEL32::LINUX	null
localhost	scott3b		/home/skrieder/swift/multi/scott3b.sh		INSTALLED	INTEL32::LINUX	null
localhost	cka		/home/skrieder/swift/cuda/1sm1ms		INSTALLED	INTEL32::LINUX	null
localhost	a1sm0ms		/home/skrieder/swift/cuda/1sm0ms		INSTALLED	INTEL32::LINUX	null
localhost	a1sm1ms		/home/skrieder/swift/cuda/1sm1ms		INSTALLED	INTEL32::LINUX	null
localhost	a1sm10ms	/home/skrieder/swift/cuda/1sm10ms		INSTALLED	INTEL32::LINUX	null
localhost	a1sm100ms	/home/skrieder/swift/cuda/1sm100ms		INSTALLED	INTEL32::LINUX	null
localhost	a2sm0ms		/home/skrieder/swift/cuda/2sm0ms		INSTALLED	INTEL32::LINUX	null
localhost	a2sm1ms		/home/skrieder/swift/cuda/2sm1ms		INSTALLED	INTEL32::LINUX	null
localhost	a2sm10ms	/home/skrieder/swift/cuda/2sm10ms		INSTALLED	INTEL32::LINUX	null
localhost	a2sm100ms	/home/skrieder/swift/cuda/2sm100ms		INSTALLED	INTEL32::LINUX	null
localhost	a4sm0ms		/home/skrieder/swift/cuda/4sm0ms		INSTALLED	INTEL32::LINUX	null
localhost	a4sm1ms		/home/skrieder/swift/cuda/4sm1ms		INSTALLED	INTEL32::LINUX	null
localhost	a4sm10ms	/home/skrieder/swift/cuda/4sm10ms		INSTALLED	INTEL32::LINUX	null
localhost	a4sm100ms	/home/skrieder/swift/cuda/4sm100ms		INSTALLED	INTEL32::LINUX	null
localhost	a8sm0ms		/home/skrieder/swift/cuda/8sm0ms		INSTALLED	INTEL32::LINUX	null
localhost	a8sm1ms		/home/skrieder/swift/cuda/8sm1ms		INSTALLED	INTEL32::LINUX	null
localhost	a8sm10ms	/home/skrieder/swift/cuda/8sm10ms		INSTALLED	INTEL32::LINUX	null
localhost	a8sm100ms	/home/skrieder/swift/cuda/8sm100ms		INSTALLED	INTEL32::LINUX	null
localhost	a16sm0ms	/home/skrieder/swift/cuda/16sm0ms		INSTALLED	INTEL32::LINUX	null
localhost	a16sm1ms	/home/skrieder/swift/cuda/16sm1ms		INSTALLED	INTEL32::LINUX	null
localhost	a16sm10ms	/home/skrieder/swift/cuda/16sm10ms		INSTALLED	INTEL32::LINUX	null
localhost	a16sm100ms	/home/skrieder/swift/cuda/16sm100ms		INSTALLED	INTEL32::LINUX	null
localhost	sleep0ms	/home/skrieder/swift/c/sleep0ms			INSTALLED	INTEL32::LINUX	null
localhost	sleep1ms	/home/skrieder/swift/c/sleep1ms			INSTALLED	INTEL32::LINUX	null
localhost	sleep10ms	/home/skrieder/swift/c/sleep10ms		INSTALLED	INTEL32::LINUX	null
localhost	sleep100ms	/home/skrieder/swift/c/sleep100ms			INSTALLED	INTEL32::LINUX	null
localhost	sleep1000ms	/home/skrieder/swift/c/sleep1000ms			INSTALLED	INTEL32::LINUX	null
localhost	sleep10000ms	/home/skrieder/swift/c/sleep10000ms			INSTALLED	INTEL32::LINUX	null
localhost	hello		/home/skrieder/swift/multi/hello			INSTALLED	INTEL32::LINUX	null


2012-06-08 09:39:36,122-0500 DEBUG textfiles END TC:
2012-06-08 09:39:36,145-0500 INFO  GridExec TASK_DEFINITION: Task(type=JOB_SUBMISSION, identity=urn:0-1-2-1-1-1339166374924) is /bin/bash shared/_swiftwrap a1sm1ms-g95qahsk -jobdir g -scratch  -e /home/skrieder/swift/cuda/1sm1ms -out 2.result -err stderr.txt -i -d  -if  -of 2.result -k  -cdmfile  -status files -a
2012-06-08 09:39:36,145-0500 INFO  GridExec TASK_DEFINITION: Task(type=JOB_SUBMISSION, identity=urn:0-1-0-1-1-1339166374925) is /bin/bash shared/_swiftwrap a1sm1ms-h95qahsk -jobdir h -scratch  -e /home/skrieder/swift/cuda/1sm1ms -out 0.result -err stderr.txt -i -d  -if  -of 0.result -k  -cdmfile  -status files -a
2012-06-08 09:39:36,153-0500 INFO  JobSubmissionTaskHandler Submit: in: /var/tmp/3inloop-20120608-0939-222b99e2 command: /bin/bash /var/tmp/3inloop-20120608-0939-222b99e2/shared/_swiftwrap a1sm1ms-g95qahsk -jobdir g -scratch  -e /home/skrieder/swift/cuda/1sm1ms -out 2.result -err stderr.txt -i -d  -if  -of 2.result -k  -cdmfile  -status files -a
2012-06-08 09:39:36,153-0500 INFO  JobSubmissionTaskHandler Submit: in: /var/tmp/3inloop-20120608-0939-222b99e2 command: /bin/bash /var/tmp/3inloop-20120608-0939-222b99e2/shared/_swiftwrap a1sm1ms-h95qahsk -jobdir h -scratch  -e /home/skrieder/swift/cuda/1sm1ms -out 0.result -err stderr.txt -i -d  -if  -of 0.result -k  -cdmfile  -status files -a
2012-06-08 09:39:36,503-0500 INFO  LateBindingScheduler JobQueue: 1
2012-06-08 09:39:36,510-0500 DEBUG vdl:checkjobstatus START jobid=a1sm1ms-h95qahsk
2012-06-08 09:39:36,522-0500 INFO  LateBindingScheduler JobQueue: 1
2012-06-08 09:39:36,523-0500 INFO  LateBindingScheduler JobQueue: 1
2012-06-08 09:39:36,524-0500 INFO  vdl:checkerrorfile FAILURE jobid=a1sm1ms-h95qahsk - Failure file found
2012-06-08 09:39:36,527-0500 DEBUG vdl:checkjobstatus START jobid=a1sm1ms-g95qahsk
2012-06-08 09:39:36,529-0500 INFO  LateBindingScheduler JobQueue: 1
2012-06-08 09:39:36,529-0500 INFO  LateBindingScheduler JobQueue: 1
2012-06-08 09:39:36,531-0500 INFO  vdl:checkjobstatus SUCCESS jobid=a1sm1ms-g95qahsk - Success file found
2012-06-08 09:39:36,533-0500 INFO  LateBindingScheduler JobQueue: 1
2012-06-08 09:39:36,534-0500 DEBUG vdl:execute2 STAGING_OUT jobid=a1sm1ms-g95qahsk
2012-06-08 09:39:36,536-0500 INFO  LateBindingScheduler JobQueue: 1
2012-06-08 09:39:36,538-0500 DEBUG vdl:execute2 STAGING_OUT jobid=a1sm1ms-h95qahsk
2012-06-08 09:39:36,538-0500 INFO  vdl:dostageout START jobid=a1sm1ms-g95qahsk - Staging out files
2012-06-08 09:39:36,540-0500 DEBUG vdl:dostageout stageouts: [[$, c:messagefile - Open]]
2012-06-08 09:39:36,540-0500 INFO  vdl:dostageout START jobid=a1sm1ms-h95qahsk - Staging out files
2012-06-08 09:39:36,541-0500 DEBUG vdl:dostageout stageouts: [[$, c:messagefile - Open]]
2012-06-08 09:39:36,559-0500 DEBUG vdl:dostageout FILE_STAGE_OUT_START srcname=0.result srcdir=3inloop-20120608-0939-222b99e2/shared/ srchost=localhost destdir= desthost=localhost provider=file
2012-06-08 09:39:36,559-0500 DEBUG vdl:dostageout FILE_STAGE_OUT_START srcname=2.result srcdir=3inloop-20120608-0939-222b99e2/shared/ srchost=localhost destdir= desthost=localhost provider=file
2012-06-08 09:39:36,562-0500 INFO  LateBindingScheduler JobQueue: 1
2012-06-08 09:39:36,562-0500 INFO  LateBindingScheduler JobQueue: 1
2012-06-08 09:39:36,579-0500 INFO  LateBindingScheduler JobQueue: 1
2012-06-08 09:39:36,581-0500 DEBUG vdl:dostageout FILE_STAGE_OUT_END srcname=2.result srcdir=3inloop-20120608-0939-222b99e2/shared/ srchost=localhost destdir= desthost=localhost provider=file
2012-06-08 09:39:36,587-0500 INFO  LateBindingScheduler JobQueue: 1
2012-06-08 09:39:36,594-0500 INFO  LateBindingScheduler JobQueue: 1
2012-06-08 09:39:36,597-0500 INFO  vdl:checkerrorfile NO_STATUS_FILE jobid=a1sm1ms-h95qahsk - Error file missing
2012-06-08 09:39:36,597-0500 INFO  vdl:dostageout END jobid=a1sm1ms-g95qahsk - Staging out finished
2012-06-08 09:39:36,601-0500 DEBUG vdl:execute2 APPLICATION_EXCEPTION jobid=a1sm1ms-h95qahsk - Application exception: null
Caused by: org.globus.cog.abstraction.impl.file.FileNotFoundException: File not found: /var/tmp/3inloop-20120608-0939-222b99e2/shared/0.result
2012-06-08 09:39:36,604-0500 DEBUG vdl:execute2 JOB_END jobid=a1sm1ms-g95qahsk
2012-06-08 09:39:36,606-0500 INFO  vdl:execute END_SUCCESS thread=0-1-2-1 tr=a1sm1ms
2012-06-08 09:39:36,608-0500 DEBUG countwords PROCEDURE_END line=4
2012-06-08 09:39:36,611-0500 DEBUG vdl:mains FOREACH_IT_END line=12 thread=0-1-2
2012-06-08 09:39:36,616-0500 INFO  WeightedHostScoreScheduler CONTACT_SELECTED host=localhost, score=99.854
2012-06-08 09:39:36,619-0500 INFO  LateBindingScheduler JobQueue: 0
2012-06-08 09:39:36,622-0500 DEBUG vdl:execute2 THREAD_ASSOCIATION jobid=a1sm1ms-i95qahsk thread=0-1-1-1-1 host=localhost replicationGroup=e95qahsk
2012-06-08 09:39:36,622-0500 INFO  LateBindingScheduler JobQueue: 0
2012-06-08 09:39:36,627-0500 INFO  LateBindingScheduler JobQueue: 0
2012-06-08 09:39:36,629-0500 INFO  vdl:createdirset START jobid=a1sm1ms-i95qahsk host=localhost - Initializing directory structure
2012-06-08 09:39:36,630-0500 INFO  vdl:createdirset END jobid=a1sm1ms-i95qahsk - Done initializing directory structure
2012-06-08 09:39:36,630-0500 INFO  LateBindingScheduler JobQueue: 0
2012-06-08 09:39:36,631-0500 INFO  vdl:dostagein START jobid=a1sm1ms-i95qahsk - Staging in files
2012-06-08 09:39:36,633-0500 INFO  vdl:dostagein END jobid=a1sm1ms-i95qahsk - Staging in finished
2012-06-08 09:39:36,634-0500 DEBUG vdl:execute2 JOB_START jobid=a1sm1ms-i95qahsk tr=a1sm1ms arguments=[] tmpdir=3inloop-20120608-0939-222b99e2/jobs/i/a1sm1ms-i95qahsk host=localhost
2012-06-08 09:39:36,642-0500 INFO  LateBindingScheduler JobQueue: 0
2012-06-08 09:39:36,642-0500 INFO  GridExec TASK_DEFINITION: Task(type=JOB_SUBMISSION, identity=urn:0-1-1-1-1-1339166374974) is /bin/bash shared/_swiftwrap a1sm1ms-i95qahsk -jobdir i -scratch  -e /home/skrieder/swift/cuda/1sm1ms -out 1.result -err stderr.txt -i -d  -if  -of 1.result -k  -cdmfile  -status files -a
2012-06-08 09:39:36,643-0500 INFO  JobSubmissionTaskHandler Submit: in: /var/tmp/3inloop-20120608-0939-222b99e2 command: /bin/bash /var/tmp/3inloop-20120608-0939-222b99e2/shared/_swiftwrap a1sm1ms-i95qahsk -jobdir i -scratch  -e /home/skrieder/swift/cuda/1sm1ms -out 1.result -err stderr.txt -i -d  -if  -of 1.result -k  -cdmfile  -status files -a
2012-06-08 09:39:36,652-0500 INFO  WeightedHostScoreScheduler CONTACT_SELECTED host=localhost, score=99.854
2012-06-08 09:39:36,655-0500 DEBUG vdl:execute2 THREAD_ASSOCIATION jobid=a1sm1ms-k95qahsk thread=0-1-0-1-1 host=localhost replicationGroup=j95qahsk
2012-06-08 09:39:36,658-0500 INFO  vdl:createdirset START jobid=a1sm1ms-k95qahsk host=localhost - Initializing directory structure
2012-06-08 09:39:36,658-0500 INFO  vdl:createdirset END jobid=a1sm1ms-k95qahsk - Done initializing directory structure
2012-06-08 09:39:36,659-0500 INFO  vdl:dostagein START jobid=a1sm1ms-k95qahsk - Staging in files
2012-06-08 09:39:36,660-0500 INFO  vdl:dostagein END jobid=a1sm1ms-k95qahsk - Staging in finished
2012-06-08 09:39:36,662-0500 DEBUG vdl:execute2 JOB_START jobid=a1sm1ms-k95qahsk tr=a1sm1ms arguments=[] tmpdir=3inloop-20120608-0939-222b99e2/jobs/k/a1sm1ms-k95qahsk host=localhost
2012-06-08 09:39:36,667-0500 INFO  GridExec TASK_DEFINITION: Task(type=JOB_SUBMISSION, identity=urn:0-1-0-1-1-1339166374977) is /bin/bash shared/_swiftwrap a1sm1ms-k95qahsk -jobdir k -scratch  -e /home/skrieder/swift/cuda/1sm1ms -out 0.result -err stderr.txt -i -d  -if  -of 0.result -k  -cdmfile  -status files -a
2012-06-08 09:39:36,668-0500 INFO  JobSubmissionTaskHandler Submit: in: /var/tmp/3inloop-20120608-0939-222b99e2 command: /bin/bash /var/tmp/3inloop-20120608-0939-222b99e2/shared/_swiftwrap a1sm1ms-k95qahsk -jobdir k -scratch  -e /home/skrieder/swift/cuda/1sm1ms -out 0.result -err stderr.txt -i -d  -if  -of 0.result -k  -cdmfile  -status files -a
2012-06-08 09:39:36,912-0500 INFO  LateBindingScheduler JobQueue: 0
2012-06-08 09:39:36,921-0500 DEBUG vdl:checkjobstatus START jobid=a1sm1ms-i95qahsk
2012-06-08 09:39:36,924-0500 INFO  LateBindingScheduler JobQueue: 0
2012-06-08 09:39:36,925-0500 INFO  vdl:checkjobstatus SUCCESS jobid=a1sm1ms-i95qahsk - Success file found
2012-06-08 09:39:36,926-0500 DEBUG vdl:execute2 STAGING_OUT jobid=a1sm1ms-i95qahsk
2012-06-08 09:39:36,928-0500 INFO  vdl:dostageout START jobid=a1sm1ms-i95qahsk - Staging out files
2012-06-08 09:39:36,929-0500 DEBUG vdl:dostageout stageouts: [[$, c:messagefile - Open]]
2012-06-08 09:39:36,937-0500 DEBUG vdl:dostageout FILE_STAGE_OUT_START srcname=1.result srcdir=3inloop-20120608-0939-222b99e2/shared/ srchost=localhost destdir= desthost=localhost provider=file
2012-06-08 09:39:36,939-0500 INFO  LateBindingScheduler JobQueue: 0
2012-06-08 09:39:36,945-0500 INFO  LateBindingScheduler JobQueue: 0
2012-06-08 09:39:36,946-0500 DEBUG vdl:dostageout FILE_STAGE_OUT_END srcname=1.result srcdir=3inloop-20120608-0939-222b99e2/shared/ srchost=localhost destdir= desthost=localhost provider=file
2012-06-08 09:39:36,949-0500 INFO  LateBindingScheduler JobQueue: 0
2012-06-08 09:39:36,953-0500 INFO  vdl:dostageout END jobid=a1sm1ms-i95qahsk - Staging out finished
2012-06-08 09:39:36,958-0500 DEBUG vdl:execute2 JOB_END jobid=a1sm1ms-i95qahsk
2012-06-08 09:39:36,959-0500 INFO  vdl:execute END_SUCCESS thread=0-1-1-1 tr=a1sm1ms
2012-06-08 09:39:36,961-0500 DEBUG countwords PROCEDURE_END line=4
2012-06-08 09:39:36,963-0500 DEBUG vdl:mains FOREACH_IT_END line=12 thread=0-1-1
2012-06-08 09:39:36,978-0500 INFO  LateBindingScheduler JobQueue: 0
2012-06-08 09:39:36,981-0500 DEBUG vdl:checkjobstatus START jobid=a1sm1ms-k95qahsk
2012-06-08 09:39:36,984-0500 INFO  LateBindingScheduler JobQueue: 0
2012-06-08 09:39:36,985-0500 INFO  vdl:checkjobstatus SUCCESS jobid=a1sm1ms-k95qahsk - Success file found
2012-06-08 09:39:36,986-0500 DEBUG vdl:execute2 STAGING_OUT jobid=a1sm1ms-k95qahsk
2012-06-08 09:39:36,988-0500 INFO  vdl:dostageout START jobid=a1sm1ms-k95qahsk - Staging out files
2012-06-08 09:39:36,988-0500 DEBUG vdl:dostageout stageouts: [[$, c:messagefile - Open]]
2012-06-08 09:39:36,996-0500 DEBUG vdl:dostageout FILE_STAGE_OUT_START srcname=0.result srcdir=3inloop-20120608-0939-222b99e2/shared/ srchost=localhost destdir= desthost=localhost provider=file
2012-06-08 09:39:36,997-0500 INFO  LateBindingScheduler JobQueue: 0
2012-06-08 09:39:37,004-0500 INFO  LateBindingScheduler JobQueue: 0
2012-06-08 09:39:37,005-0500 DEBUG vdl:dostageout FILE_STAGE_OUT_END srcname=0.result srcdir=3inloop-20120608-0939-222b99e2/shared/ srchost=localhost destdir= desthost=localhost provider=file
2012-06-08 09:39:37,008-0500 INFO  LateBindingScheduler JobQueue: 0
2012-06-08 09:39:37,012-0500 INFO  vdl:dostageout END jobid=a1sm1ms-k95qahsk - Staging out finished
2012-06-08 09:39:37,016-0500 DEBUG vdl:execute2 JOB_END jobid=a1sm1ms-k95qahsk
2012-06-08 09:39:37,018-0500 INFO  vdl:execute END_SUCCESS thread=0-1-0-1 tr=a1sm1ms
2012-06-08 09:39:37,019-0500 DEBUG countwords PROCEDURE_END line=4
2012-06-08 09:39:37,020-0500 DEBUG vdl:mains FOREACH_IT_END line=12 thread=0-1-0
2012-06-08 09:39:37,046-0500 DEBUG vdl:mains Starting cleanups
2012-06-08 09:39:37,046-0500 INFO  vdl:cleanups START cleanups=[[3inloop-20120608-0939-222b99e2, localhost]]
2012-06-08 09:39:37,048-0500 INFO  vdl:cleanup START dir=3inloop-20120608-0939-222b99e2 host=localhost
2012-06-08 09:39:37,048-0500 DEBUG vdl:cleanup cdmfile 
2012-06-08 09:39:37,050-0500 INFO  GridExec TASK_DEFINITION: Task(type=JOB_SUBMISSION, identity=urn:0-1-1339166374997) is /bin/rm -rf 3inloop-20120608-0939-222b99e2
2012-06-08 09:39:37,051-0500 INFO  JobSubmissionTaskHandler Submit: in: /var/tmp command: /bin/rm -rf 3inloop-20120608-0939-222b99e2
2012-06-08 09:39:37,051-0500 INFO  LateBindingScheduler JobQueue: 0
2012-06-08 09:39:37,052-0500 INFO  vdl:cleanup END dir=3inloop-20120608-0939-222b99e2 host=localhost
2012-06-08 09:39:37,052-0500 INFO  vdl:cleanups END cleanups=[[3inloop-20120608-0939-222b99e2, localhost]]
2012-06-08 09:39:37,052-0500 DEBUG vdl:mains Ending cleanups
2012-06-08 09:39:37,053-0500 INFO  Loader Swift finished with no errors
