2012-06-08 09:38:47,037-0500 DEBUG Loader arguments: [-tc.file, tc.data, -sites.file, 0-throttle-sites.xml, 3inloop.swift]
2012-06-08 09:38:47,038-0500 DEBUG Loader Max heap: 252248064
2012-06-08 09:38:47,039-0500 DEBUG textfiles BEGIN SWIFTSCRIPT:

type messagefile; 

app (messagefile t) countwords () {   
     a1sm1ms stdout=@filename(t);
}

string outputNames = "test1 test2 test3";

messagefile outputfiles[] <fixed_array_mapper;files=outputNames>;

foreach f,i in outputfiles {
  messagefile c <single_file_mapper; file=@strcat(i, ".result")>;
  c = countwords();
}


2012-06-08 09:38:47,039-0500 DEBUG textfiles END SWIFTSCRIPT:
2012-06-08 09:38:47,039-0500 DEBUG Loader kmlversion is >239b8550-a5ff-44be-a124-5e7ecd70737d<
2012-06-08 09:38:47,039-0500 DEBUG Loader build version is >239b8550-a5ff-44be-a124-5e7ecd70737d<
2012-06-08 09:38:47,039-0500 DEBUG Loader Recompilation suppressed.
2012-06-08 09:38:47,188-0500 DEBUG Loader setting: sites.file to: 0-throttle-sites.xml
2012-06-08 09:38:47,188-0500 DEBUG Loader setting: tc.file to: tc.data
2012-06-08 09:38:47,188-0500 DEBUG textfiles BEGIN SITES:
<config>

  <pool handle="localhost">
    <filesystem provider="local" />
    <execution provider="local" />
    <workdirectory >/var/tmp</workdirectory>
    <profile namespace="karajan" key="jobThrottle">.01</profile>
    <profile namespace="karajan" key="initialScore">10000</profile>
  </pool>

</config>


2012-06-08 09:38:47,188-0500 DEBUG textfiles END SITES:
2012-06-08 09:38:47,192-0500 INFO  VDL2ExecutionContext Stack dump:
Level 1
[iA = 0, iB = 0, bA = false, bB = false]
	vdl:instanceconfig = Swift configuration []
	vdl:operation = run
	swift.home = /usr/local/swift/bin/..
	PATH_SEPARATOR = /


2012-06-08 09:38:47,853-0500 INFO  unknown Using sites file: 0-throttle-sites.xml
2012-06-08 09:38:47,902-0500 INFO  unknown Using tc.data: tc.data
2012-06-08 09:38:48,028-0500 INFO  AbstractScheduler Setting resources to: {localhost=localhost}
2012-06-08 09:38:48,748-0500 INFO  unknown Swift 0.93 swift-r5483 cog-r3339

2012-06-08 09:38:48,748-0500 INFO  unknown RUNID id=run:20120608-0938-pseu42y4
2012-06-08 09:38:48,808-0500 INFO  SetFieldValue Set: outputNames=test1 test2 test3
2012-06-08 09:38:48,834-0500 INFO  RootDataNode Found data outputfiles:messagefile[] - Open.[0]
2012-06-08 09:38:48,834-0500 INFO  RootDataNode Found data outputfiles:messagefile[] - Open.[1]
2012-06-08 09:38:48,834-0500 INFO  RootDataNode Found data outputfiles:messagefile[] - Open.[2]
2012-06-08 09:38:48,838-0500 DEBUG vdl:mains FOREACH_IT_START line=12 thread=0-1-2
2012-06-08 09:38:48,838-0500 DEBUG vdl:mains FOREACH_IT_START line=12 thread=0-1-0
2012-06-08 09:38:48,838-0500 DEBUG vdl:mains SCOPE thread=0-1-2
2012-06-08 09:38:48,838-0500 DEBUG vdl:mains SCOPE thread=0-1-0
2012-06-08 09:38:48,838-0500 DEBUG vdl:mains FOREACH_IT_START line=12 thread=0-1-1
2012-06-08 09:38:48,839-0500 DEBUG vdl:mains SCOPE thread=0-1-1
2012-06-08 09:38:48,846-0500 INFO  SetFieldValue Set: swift#mapper#17001=2.result
2012-06-08 09:38:48,846-0500 INFO  SetFieldValue Set: swift#mapper#17001=1.result
2012-06-08 09:38:48,847-0500 DEBUG countwords PROCEDURE line=4 thread=0-1-2-1 name=countwords
2012-06-08 09:38:48,847-0500 DEBUG countwords PROCEDURE line=4 thread=0-1-1-1 name=countwords
2012-06-08 09:38:48,847-0500 DEBUG countwords PROCEDURE line=4 thread=0-1-0-1 name=countwords
2012-06-08 09:38:48,847-0500 INFO  SetFieldValue Set: swift#mapper#17001=0.result
2012-06-08 09:38:48,848-0500 INFO  RootDataNode Found mapped data c:messagefile - Open.$
2012-06-08 09:38:48,848-0500 INFO  RootDataNode Found mapped data c:messagefile - Open.$
2012-06-08 09:38:48,848-0500 INFO  RootDataNode Found mapped data c:messagefile - Open.$
2012-06-08 09:38:48,859-0500 INFO  vdl:execute START thread=0-1-2-1 tr=a1sm1ms
2012-06-08 09:38:48,860-0500 INFO  vdl:execute START thread=0-1-1-1 tr=a1sm1ms
2012-06-08 09:38:48,860-0500 INFO  vdl:execute START thread=0-1-0-1 tr=a1sm1ms
2012-06-08 09:38:48,873-0500 INFO  WeightedHostScoreScheduler CONTACT_SELECTED host=localhost, score=99.854
2012-06-08 09:38:48,873-0500 INFO  WeightedHostScoreScheduler CONTACT_SELECTED host=localhost, score=99.854
2012-06-08 09:38:48,876-0500 INFO  GlobalSubmitQueue No global submit throttle set. Using default (1024)
2012-06-08 09:38:48,878-0500 INFO  LateBindingScheduler JobQueue: 1
2012-06-08 09:38:48,880-0500 INFO  LateBindingScheduler JobQueue: 1
2012-06-08 09:38:48,883-0500 INFO  vdl:initshareddir START host=localhost - Initializing shared directory
2012-06-08 09:38:48,887-0500 INFO  LateBindingScheduler JobQueue: 1
2012-06-08 09:38:48,909-0500 INFO  LateBindingScheduler JobQueue: 1
2012-06-08 09:38:48,913-0500 INFO  LateBindingScheduler JobQueue: 1
2012-06-08 09:38:48,917-0500 INFO  LateBindingScheduler JobQueue: 1
2012-06-08 09:38:48,923-0500 INFO  LateBindingScheduler JobQueue: 1
2012-06-08 09:38:48,929-0500 INFO  LateBindingScheduler JobQueue: 1
2012-06-08 09:38:48,931-0500 INFO  vdl:initshareddir END host=localhost - Done initializing shared directory
2012-06-08 09:38:48,938-0500 DEBUG vdl:execute2 THREAD_ASSOCIATION jobid=a1sm1ms-yv1pahsk thread=0-1-2-1-1 host=localhost replicationGroup=xv1pahsk
2012-06-08 09:38:48,938-0500 DEBUG vdl:execute2 THREAD_ASSOCIATION jobid=a1sm1ms-zv1pahsk thread=0-1-1-1-1 host=localhost replicationGroup=uv1pahsk
2012-06-08 09:38:48,952-0500 INFO  vdl:createdirset START jobid=a1sm1ms-yv1pahsk host=localhost - Initializing directory structure
2012-06-08 09:38:48,952-0500 INFO  vdl:createdirset START jobid=a1sm1ms-zv1pahsk host=localhost - Initializing directory structure
2012-06-08 09:38:48,953-0500 INFO  vdl:createdirset END jobid=a1sm1ms-yv1pahsk - Done initializing directory structure
2012-06-08 09:38:48,954-0500 INFO  vdl:createdirset END jobid=a1sm1ms-zv1pahsk - Done initializing directory structure
2012-06-08 09:38:48,955-0500 INFO  vdl:dostagein START jobid=a1sm1ms-yv1pahsk - Staging in files
2012-06-08 09:38:48,955-0500 INFO  vdl:dostagein START jobid=a1sm1ms-zv1pahsk - Staging in files
2012-06-08 09:38:48,960-0500 INFO  vdl:dostagein END jobid=a1sm1ms-yv1pahsk - Staging in finished
2012-06-08 09:38:48,960-0500 INFO  vdl:dostagein END jobid=a1sm1ms-zv1pahsk - Staging in finished
2012-06-08 09:38:48,963-0500 DEBUG vdl:execute2 JOB_START jobid=a1sm1ms-yv1pahsk tr=a1sm1ms arguments=[] tmpdir=3inloop-20120608-0938-pseu42y4/jobs/y/a1sm1ms-yv1pahsk host=localhost
2012-06-08 09:38:48,964-0500 DEBUG vdl:execute2 JOB_START jobid=a1sm1ms-zv1pahsk tr=a1sm1ms arguments=[] tmpdir=3inloop-20120608-0938-pseu42y4/jobs/z/a1sm1ms-zv1pahsk host=localhost
2012-06-08 09:38:48,972-0500 DEBUG textfiles BEGIN TC:
#This is the transformation catalog.
#
#It comes pre-configured with a number of simple transformations with
#paths that are likely to work on a linux box. However, on some systems,
#the paths to these executables will be different (for example, sometimes
#some of these programs are found in /usr/bin rather than in /bin)
#
#NOTE WELL: fields in this file must be separated by tabs, not spaces; and
#there must be no trailing whitespace at the end of each line.
#
# sitename  transformation  path   INSTALLED  platform  profiles
localhost 	echo 		/bin/echo	INSTALLED	INTEL32::LINUX	null
localhost 	cat 		/bin/cat	INSTALLED	INTEL32::LINUX	null
localhost 	ls 		/bin/ls		INSTALLED	INTEL32::LINUX	null
localhost 	grep 		/bin/grep	INSTALLED	INTEL32::LINUX	null
localhost 	sort 		/bin/sort	INSTALLED	INTEL32::LINUX	null
localhost 	paste 		/bin/paste	INSTALLED	INTEL32::LINUX	null
localhost 	cp 		/bin/cp         INSTALLED	INTEL32::LINUX	null
localhost 	touch 		/bin/touch      INSTALLED	INTEL32::LINUX	null
localhost	wc		/usr/bin/wc	INSTALLED	INTEL32::LINUX	null
localhost	sh		/bin/wc		INSTALLED	INTEL32::LINUX	null
localhost	scott3a		/home/skrieder/swift/multi/scott3a.sh		INSTALLED	INTEL32::LINUX	null
localhost	scott3b		/home/skrieder/swift/multi/scott3b.sh		INSTALLED	INTEL32::LINUX	null
localhost	cka		/home/skrieder/swift/cuda/1sm1ms		INSTALLED	INTEL32::LINUX	null
localhost	a1sm0ms		/home/skrieder/swift/cuda/1sm0ms		INSTALLED	INTEL32::LINUX	null
localhost	a1sm1ms		/home/skrieder/swift/cuda/1sm1ms		INSTALLED	INTEL32::LINUX	null
localhost	a1sm10ms	/home/skrieder/swift/cuda/1sm10ms		INSTALLED	INTEL32::LINUX	null
localhost	a1sm100ms	/home/skrieder/swift/cuda/1sm100ms		INSTALLED	INTEL32::LINUX	null
localhost	a2sm0ms		/home/skrieder/swift/cuda/2sm0ms		INSTALLED	INTEL32::LINUX	null
localhost	a2sm1ms		/home/skrieder/swift/cuda/2sm1ms		INSTALLED	INTEL32::LINUX	null
localhost	a2sm10ms	/home/skrieder/swift/cuda/2sm10ms		INSTALLED	INTEL32::LINUX	null
localhost	a2sm100ms	/home/skrieder/swift/cuda/2sm100ms		INSTALLED	INTEL32::LINUX	null
localhost	a4sm0ms		/home/skrieder/swift/cuda/4sm0ms		INSTALLED	INTEL32::LINUX	null
localhost	a4sm1ms		/home/skrieder/swift/cuda/4sm1ms		INSTALLED	INTEL32::LINUX	null
localhost	a4sm10ms	/home/skrieder/swift/cuda/4sm10ms		INSTALLED	INTEL32::LINUX	null
localhost	a4sm100ms	/home/skrieder/swift/cuda/4sm100ms		INSTALLED	INTEL32::LINUX	null
localhost	a8sm0ms		/home/skrieder/swift/cuda/8sm0ms		INSTALLED	INTEL32::LINUX	null
localhost	a8sm1ms		/home/skrieder/swift/cuda/8sm1ms		INSTALLED	INTEL32::LINUX	null
localhost	a8sm10ms	/home/skrieder/swift/cuda/8sm10ms		INSTALLED	INTEL32::LINUX	null
localhost	a8sm100ms	/home/skrieder/swift/cuda/8sm100ms		INSTALLED	INTEL32::LINUX	null
localhost	a16sm0ms	/home/skrieder/swift/cuda/16sm0ms		INSTALLED	INTEL32::LINUX	null
localhost	a16sm1ms	/home/skrieder/swift/cuda/16sm1ms		INSTALLED	INTEL32::LINUX	null
localhost	a16sm10ms	/home/skrieder/swift/cuda/16sm10ms		INSTALLED	INTEL32::LINUX	null
localhost	a16sm100ms	/home/skrieder/swift/cuda/16sm100ms		INSTALLED	INTEL32::LINUX	null
localhost	sleep0ms	/home/skrieder/swift/c/sleep0ms			INSTALLED	INTEL32::LINUX	null
localhost	sleep1ms	/home/skrieder/swift/c/sleep1ms			INSTALLED	INTEL32::LINUX	null
localhost	sleep10ms	/home/skrieder/swift/c/sleep10ms		INSTALLED	INTEL32::LINUX	null
localhost	sleep100ms	/home/skrieder/swift/c/sleep100ms			INSTALLED	INTEL32::LINUX	null
localhost	sleep1000ms	/home/skrieder/swift/c/sleep1000ms			INSTALLED	INTEL32::LINUX	null
localhost	sleep10000ms	/home/skrieder/swift/c/sleep10000ms			INSTALLED	INTEL32::LINUX	null
localhost	hello		/home/skrieder/swift/multi/hello			INSTALLED	INTEL32::LINUX	null


2012-06-08 09:38:48,972-0500 DEBUG textfiles END TC:
2012-06-08 09:38:49,004-0500 INFO  GridExec TASK_DEFINITION: Task(type=JOB_SUBMISSION, identity=urn:0-1-2-1-1-1339166327891) is /bin/bash shared/_swiftwrap a1sm1ms-yv1pahsk -jobdir y -scratch  -e /home/skrieder/swift/cuda/1sm1ms -out 2.result -err stderr.txt -i -d  -if  -of 2.result -k  -cdmfile  -status files -a
2012-06-08 09:38:49,004-0500 INFO  GridExec TASK_DEFINITION: Task(type=JOB_SUBMISSION, identity=urn:0-1-1-1-1-1339166327890) is /bin/bash shared/_swiftwrap a1sm1ms-zv1pahsk -jobdir z -scratch  -e /home/skrieder/swift/cuda/1sm1ms -out 1.result -err stderr.txt -i -d  -if  -of 1.result -k  -cdmfile  -status files -a
2012-06-08 09:38:49,022-0500 INFO  JobSubmissionTaskHandler Submit: in: /var/tmp/3inloop-20120608-0938-pseu42y4 command: /bin/bash /var/tmp/3inloop-20120608-0938-pseu42y4/shared/_swiftwrap a1sm1ms-zv1pahsk -jobdir z -scratch  -e /home/skrieder/swift/cuda/1sm1ms -out 1.result -err stderr.txt -i -d  -if  -of 1.result -k  -cdmfile  -status files -a
2012-06-08 09:38:49,022-0500 INFO  JobSubmissionTaskHandler Submit: in: /var/tmp/3inloop-20120608-0938-pseu42y4 command: /bin/bash /var/tmp/3inloop-20120608-0938-pseu42y4/shared/_swiftwrap a1sm1ms-yv1pahsk -jobdir y -scratch  -e /home/skrieder/swift/cuda/1sm1ms -out 2.result -err stderr.txt -i -d  -if  -of 2.result -k  -cdmfile  -status files -a
2012-06-08 09:38:49,315-0500 INFO  LateBindingScheduler JobQueue: 1
2012-06-08 09:38:49,320-0500 DEBUG vdl:checkjobstatus START jobid=a1sm1ms-yv1pahsk
2012-06-08 09:38:49,332-0500 INFO  LateBindingScheduler JobQueue: 1
2012-06-08 09:38:49,334-0500 INFO  vdl:checkerrorfile FAILURE jobid=a1sm1ms-yv1pahsk - Failure file found
2012-06-08 09:38:49,334-0500 INFO  LateBindingScheduler JobQueue: 1
2012-06-08 09:38:49,337-0500 DEBUG vdl:checkjobstatus START jobid=a1sm1ms-zv1pahsk
2012-06-08 09:38:49,337-0500 INFO  LateBindingScheduler JobQueue: 1
2012-06-08 09:38:49,340-0500 INFO  LateBindingScheduler JobQueue: 1
2012-06-08 09:38:49,341-0500 INFO  vdl:checkjobstatus SUCCESS jobid=a1sm1ms-zv1pahsk - Success file found
2012-06-08 09:38:49,342-0500 INFO  LateBindingScheduler JobQueue: 1
2012-06-08 09:38:49,344-0500 INFO  LateBindingScheduler JobQueue: 1
2012-06-08 09:38:49,344-0500 DEBUG vdl:execute2 STAGING_OUT jobid=a1sm1ms-zv1pahsk
2012-06-08 09:38:49,346-0500 DEBUG vdl:execute2 STAGING_OUT jobid=a1sm1ms-yv1pahsk
2012-06-08 09:38:49,348-0500 INFO  vdl:dostageout START jobid=a1sm1ms-zv1pahsk - Staging out files
2012-06-08 09:38:49,348-0500 INFO  vdl:dostageout START jobid=a1sm1ms-yv1pahsk - Staging out files
2012-06-08 09:38:49,349-0500 DEBUG vdl:dostageout stageouts: [[$, c:messagefile - Open]]
2012-06-08 09:38:49,349-0500 DEBUG vdl:dostageout stageouts: [[$, c:messagefile - Open]]
2012-06-08 09:38:49,368-0500 DEBUG vdl:dostageout FILE_STAGE_OUT_START srcname=2.result srcdir=3inloop-20120608-0938-pseu42y4/shared/ srchost=localhost destdir= desthost=localhost provider=file
2012-06-08 09:38:49,368-0500 DEBUG vdl:dostageout FILE_STAGE_OUT_START srcname=1.result srcdir=3inloop-20120608-0938-pseu42y4/shared/ srchost=localhost destdir= desthost=localhost provider=file
2012-06-08 09:38:49,371-0500 INFO  LateBindingScheduler JobQueue: 1
2012-06-08 09:38:49,371-0500 INFO  LateBindingScheduler JobQueue: 1
2012-06-08 09:38:49,392-0500 INFO  LateBindingScheduler JobQueue: 1
2012-06-08 09:38:49,394-0500 DEBUG vdl:dostageout FILE_STAGE_OUT_END srcname=1.result srcdir=3inloop-20120608-0938-pseu42y4/shared/ srchost=localhost destdir= desthost=localhost provider=file
2012-06-08 09:38:49,402-0500 INFO  LateBindingScheduler JobQueue: 1
2012-06-08 09:38:49,410-0500 INFO  LateBindingScheduler JobQueue: 1
2012-06-08 09:38:49,411-0500 INFO  vdl:checkerrorfile NO_STATUS_FILE jobid=a1sm1ms-yv1pahsk - Error file missing
2012-06-08 09:38:49,416-0500 DEBUG vdl:execute2 APPLICATION_EXCEPTION jobid=a1sm1ms-yv1pahsk - Application exception: null
Caused by: org.globus.cog.abstraction.impl.file.FileNotFoundException: File not found: /var/tmp/3inloop-20120608-0938-pseu42y4/shared/2.result
2012-06-08 09:38:49,419-0500 INFO  vdl:dostageout END jobid=a1sm1ms-zv1pahsk - Staging out finished
2012-06-08 09:38:49,429-0500 DEBUG vdl:execute2 JOB_END jobid=a1sm1ms-zv1pahsk
2012-06-08 09:38:49,432-0500 INFO  vdl:execute END_SUCCESS thread=0-1-1-1 tr=a1sm1ms
2012-06-08 09:38:49,434-0500 INFO  WeightedHostScoreScheduler CONTACT_SELECTED host=localhost, score=99.854
2012-06-08 09:38:49,435-0500 DEBUG countwords PROCEDURE_END line=4
2012-06-08 09:38:49,437-0500 DEBUG vdl:mains FOREACH_IT_END line=12 thread=0-1-1
2012-06-08 09:38:49,437-0500 INFO  LateBindingScheduler JobQueue: 0
2012-06-08 09:38:49,440-0500 DEBUG vdl:execute2 THREAD_ASSOCIATION jobid=a1sm1ms-0x1pahsk thread=0-1-0-1-1 host=localhost replicationGroup=vv1pahsk
2012-06-08 09:38:49,442-0500 INFO  LateBindingScheduler JobQueue: 0
2012-06-08 09:38:49,447-0500 INFO  LateBindingScheduler JobQueue: 0
2012-06-08 09:38:49,448-0500 INFO  vdl:createdirset START jobid=a1sm1ms-0x1pahsk host=localhost - Initializing directory structure
2012-06-08 09:38:49,449-0500 INFO  vdl:createdirset END jobid=a1sm1ms-0x1pahsk - Done initializing directory structure
2012-06-08 09:38:49,450-0500 INFO  vdl:dostagein START jobid=a1sm1ms-0x1pahsk - Staging in files
2012-06-08 09:38:49,451-0500 INFO  LateBindingScheduler JobQueue: 0
2012-06-08 09:38:49,452-0500 INFO  vdl:dostagein END jobid=a1sm1ms-0x1pahsk - Staging in finished
2012-06-08 09:38:49,454-0500 DEBUG vdl:execute2 JOB_START jobid=a1sm1ms-0x1pahsk tr=a1sm1ms arguments=[] tmpdir=3inloop-20120608-0938-pseu42y4/jobs/0/a1sm1ms-0x1pahsk host=localhost
2012-06-08 09:38:49,463-0500 INFO  LateBindingScheduler JobQueue: 0
2012-06-08 09:38:49,466-0500 INFO  GridExec TASK_DEFINITION: Task(type=JOB_SUBMISSION, identity=urn:0-1-0-1-1-1339166327940) is /bin/bash shared/_swiftwrap a1sm1ms-0x1pahsk -jobdir 0 -scratch  -e /home/skrieder/swift/cuda/1sm1ms -out 0.result -err stderr.txt -i -d  -if  -of 0.result -k  -cdmfile  -status files -a
2012-06-08 09:38:49,467-0500 INFO  JobSubmissionTaskHandler Submit: in: /var/tmp/3inloop-20120608-0938-pseu42y4 command: /bin/bash /var/tmp/3inloop-20120608-0938-pseu42y4/shared/_swiftwrap a1sm1ms-0x1pahsk -jobdir 0 -scratch  -e /home/skrieder/swift/cuda/1sm1ms -out 0.result -err stderr.txt -i -d  -if  -of 0.result -k  -cdmfile  -status files -a
2012-06-08 09:38:49,481-0500 INFO  WeightedHostScoreScheduler CONTACT_SELECTED host=localhost, score=99.854
2012-06-08 09:38:49,485-0500 DEBUG vdl:execute2 THREAD_ASSOCIATION jobid=a1sm1ms-2x1pahsk thread=0-1-2-1-1 host=localhost replicationGroup=1x1pahsk
2012-06-08 09:38:49,492-0500 INFO  vdl:createdirset START jobid=a1sm1ms-2x1pahsk host=localhost - Initializing directory structure
2012-06-08 09:38:49,493-0500 INFO  vdl:createdirset END jobid=a1sm1ms-2x1pahsk - Done initializing directory structure
2012-06-08 09:38:49,495-0500 INFO  vdl:dostagein START jobid=a1sm1ms-2x1pahsk - Staging in files
2012-06-08 09:38:49,496-0500 INFO  vdl:dostagein END jobid=a1sm1ms-2x1pahsk - Staging in finished
2012-06-08 09:38:49,498-0500 DEBUG vdl:execute2 JOB_START jobid=a1sm1ms-2x1pahsk tr=a1sm1ms arguments=[] tmpdir=3inloop-20120608-0938-pseu42y4/jobs/2/a1sm1ms-2x1pahsk host=localhost
2012-06-08 09:38:49,508-0500 INFO  GridExec TASK_DEFINITION: Task(type=JOB_SUBMISSION, identity=urn:0-1-2-1-1-1339166327943) is /bin/bash shared/_swiftwrap a1sm1ms-2x1pahsk -jobdir 2 -scratch  -e /home/skrieder/swift/cuda/1sm1ms -out 2.result -err stderr.txt -i -d  -if  -of 2.result -k  -cdmfile  -status files -a
2012-06-08 09:38:49,509-0500 INFO  JobSubmissionTaskHandler Submit: in: /var/tmp/3inloop-20120608-0938-pseu42y4 command: /bin/bash /var/tmp/3inloop-20120608-0938-pseu42y4/shared/_swiftwrap a1sm1ms-2x1pahsk -jobdir 2 -scratch  -e /home/skrieder/swift/cuda/1sm1ms -out 2.result -err stderr.txt -i -d  -if  -of 2.result -k  -cdmfile  -status files -a
2012-06-08 09:38:49,736-0500 INFO  LateBindingScheduler JobQueue: 0
2012-06-08 09:38:49,749-0500 DEBUG vdl:checkjobstatus START jobid=a1sm1ms-0x1pahsk
2012-06-08 09:38:49,753-0500 INFO  LateBindingScheduler JobQueue: 0
2012-06-08 09:38:49,754-0500 INFO  vdl:checkjobstatus SUCCESS jobid=a1sm1ms-0x1pahsk - Success file found
2012-06-08 09:38:49,755-0500 DEBUG vdl:execute2 STAGING_OUT jobid=a1sm1ms-0x1pahsk
2012-06-08 09:38:49,756-0500 INFO  vdl:dostageout START jobid=a1sm1ms-0x1pahsk - Staging out files
2012-06-08 09:38:49,757-0500 DEBUG vdl:dostageout stageouts: [[$, c:messagefile - Open]]
2012-06-08 09:38:49,761-0500 DEBUG vdl:dostageout FILE_STAGE_OUT_START srcname=0.result srcdir=3inloop-20120608-0938-pseu42y4/shared/ srchost=localhost destdir= desthost=localhost provider=file
2012-06-08 09:38:49,763-0500 INFO  LateBindingScheduler JobQueue: 0
2012-06-08 09:38:49,766-0500 INFO  LateBindingScheduler JobQueue: 0
2012-06-08 09:38:49,767-0500 DEBUG vdl:dostageout FILE_STAGE_OUT_END srcname=0.result srcdir=3inloop-20120608-0938-pseu42y4/shared/ srchost=localhost destdir= desthost=localhost provider=file
2012-06-08 09:38:49,769-0500 INFO  LateBindingScheduler JobQueue: 0
2012-06-08 09:38:49,771-0500 INFO  vdl:dostageout END jobid=a1sm1ms-0x1pahsk - Staging out finished
2012-06-08 09:38:49,773-0500 DEBUG vdl:execute2 JOB_END jobid=a1sm1ms-0x1pahsk
2012-06-08 09:38:49,773-0500 INFO  vdl:execute END_SUCCESS thread=0-1-0-1 tr=a1sm1ms
2012-06-08 09:38:49,774-0500 DEBUG countwords PROCEDURE_END line=4
2012-06-08 09:38:49,774-0500 DEBUG vdl:mains FOREACH_IT_END line=12 thread=0-1-0
2012-06-08 09:38:49,818-0500 INFO  LateBindingScheduler JobQueue: 0
2012-06-08 09:38:49,821-0500 DEBUG vdl:checkjobstatus START jobid=a1sm1ms-2x1pahsk
2012-06-08 09:38:49,824-0500 INFO  LateBindingScheduler JobQueue: 0
2012-06-08 09:38:49,825-0500 INFO  vdl:checkjobstatus SUCCESS jobid=a1sm1ms-2x1pahsk - Success file found
2012-06-08 09:38:49,826-0500 DEBUG vdl:execute2 STAGING_OUT jobid=a1sm1ms-2x1pahsk
2012-06-08 09:38:49,827-0500 INFO  vdl:dostageout START jobid=a1sm1ms-2x1pahsk - Staging out files
2012-06-08 09:38:49,828-0500 DEBUG vdl:dostageout stageouts: [[$, c:messagefile - Open]]
2012-06-08 09:38:49,834-0500 DEBUG vdl:dostageout FILE_STAGE_OUT_START srcname=2.result srcdir=3inloop-20120608-0938-pseu42y4/shared/ srchost=localhost destdir= desthost=localhost provider=file
2012-06-08 09:38:49,835-0500 INFO  LateBindingScheduler JobQueue: 0
2012-06-08 09:38:49,842-0500 INFO  LateBindingScheduler JobQueue: 0
2012-06-08 09:38:49,843-0500 DEBUG vdl:dostageout FILE_STAGE_OUT_END srcname=2.result srcdir=3inloop-20120608-0938-pseu42y4/shared/ srchost=localhost destdir= desthost=localhost provider=file
2012-06-08 09:38:49,846-0500 INFO  LateBindingScheduler JobQueue: 0
2012-06-08 09:38:49,849-0500 INFO  vdl:dostageout END jobid=a1sm1ms-2x1pahsk - Staging out finished
2012-06-08 09:38:49,852-0500 DEBUG vdl:execute2 JOB_END jobid=a1sm1ms-2x1pahsk
2012-06-08 09:38:49,854-0500 INFO  vdl:execute END_SUCCESS thread=0-1-2-1 tr=a1sm1ms
2012-06-08 09:38:49,855-0500 DEBUG countwords PROCEDURE_END line=4
2012-06-08 09:38:49,857-0500 DEBUG vdl:mains FOREACH_IT_END line=12 thread=0-1-2
2012-06-08 09:38:49,877-0500 DEBUG vdl:mains Starting cleanups
2012-06-08 09:38:49,878-0500 INFO  vdl:cleanups START cleanups=[[3inloop-20120608-0938-pseu42y4, localhost]]
2012-06-08 09:38:49,879-0500 INFO  vdl:cleanup START dir=3inloop-20120608-0938-pseu42y4 host=localhost
2012-06-08 09:38:49,880-0500 DEBUG vdl:cleanup cdmfile 
2012-06-08 09:38:49,882-0500 INFO  GridExec TASK_DEFINITION: Task(type=JOB_SUBMISSION, identity=urn:0-1-1339166327963) is /bin/rm -rf 3inloop-20120608-0938-pseu42y4
2012-06-08 09:38:49,883-0500 INFO  JobSubmissionTaskHandler Submit: in: /var/tmp command: /bin/rm -rf 3inloop-20120608-0938-pseu42y4
2012-06-08 09:38:49,883-0500 INFO  LateBindingScheduler JobQueue: 0
2012-06-08 09:38:49,884-0500 INFO  vdl:cleanup END dir=3inloop-20120608-0938-pseu42y4 host=localhost
2012-06-08 09:38:49,884-0500 INFO  vdl:cleanups END cleanups=[[3inloop-20120608-0938-pseu42y4, localhost]]
2012-06-08 09:38:49,884-0500 DEBUG vdl:mains Ending cleanups
2012-06-08 09:38:49,885-0500 INFO  Loader Swift finished with no errors
