2012-06-08 09:20:51,087-0500 DEBUG Loader arguments: [-tc.file, tc.data, -sites.file, 0-throttle-sites.xml, 3inloop.swift]
2012-06-08 09:20:51,088-0500 DEBUG Loader Max heap: 252248064
2012-06-08 09:20:51,089-0500 DEBUG textfiles BEGIN SWIFTSCRIPT:

type messagefile; 

app (messagefile t) countwords () {   
     a1sm10ms stdout=@filename(t);
}

string outputNames = "test1 test2 test3";

messagefile outputfiles[] <fixed_array_mapper;files=outputNames>;

foreach f,i in outputfiles {
  messagefile c <single_file_mapper; file=@strcat(i, ".result")>;
  c = countwords();
}


2012-06-08 09:20:51,089-0500 DEBUG textfiles END SWIFTSCRIPT:
2012-06-08 09:20:51,089-0500 DEBUG Loader kmlversion is >239b8550-a5ff-44be-a124-5e7ecd70737d<
2012-06-08 09:20:51,089-0500 DEBUG Loader build version is >239b8550-a5ff-44be-a124-5e7ecd70737d<
2012-06-08 09:20:51,089-0500 DEBUG Loader Recompilation suppressed.
2012-06-08 09:20:51,233-0500 DEBUG Loader setting: sites.file to: 0-throttle-sites.xml
2012-06-08 09:20:51,233-0500 DEBUG Loader setting: tc.file to: tc.data
2012-06-08 09:20:51,233-0500 DEBUG textfiles BEGIN SITES:
<config>

  <pool handle="localhost">
    <filesystem provider="local" />
    <execution provider="local" />
    <workdirectory >/var/tmp</workdirectory>
    <profile namespace="karajan" key="jobThrottle">.01</profile>
    <profile namespace="karajan" key="initialScore">10000</profile>
  </pool>

</config>


2012-06-08 09:20:51,233-0500 DEBUG textfiles END SITES:
2012-06-08 09:20:51,238-0500 INFO  VDL2ExecutionContext Stack dump:
Level 1
[iA = 0, iB = 0, bA = false, bB = false]
	vdl:instanceconfig = Swift configuration []
	vdl:operation = run
	swift.home = /usr/local/swift/bin/..
	PATH_SEPARATOR = /


2012-06-08 09:20:51,912-0500 INFO  unknown Using sites file: 0-throttle-sites.xml
2012-06-08 09:20:51,951-0500 INFO  unknown Using tc.data: tc.data
2012-06-08 09:20:52,078-0500 INFO  AbstractScheduler Setting resources to: {localhost=localhost}
2012-06-08 09:20:52,804-0500 INFO  unknown Swift 0.93 swift-r5483 cog-r3339

2012-06-08 09:20:52,805-0500 INFO  unknown RUNID id=run:20120608-0920-jguhdk8b
2012-06-08 09:20:52,855-0500 INFO  SetFieldValue Set: outputNames=test1 test2 test3
2012-06-08 09:20:52,876-0500 INFO  RootDataNode Found data outputfiles:messagefile[] - Open.[0]
2012-06-08 09:20:52,876-0500 INFO  RootDataNode Found data outputfiles:messagefile[] - Open.[1]
2012-06-08 09:20:52,876-0500 INFO  RootDataNode Found data outputfiles:messagefile[] - Open.[2]
2012-06-08 09:20:52,879-0500 DEBUG vdl:mains FOREACH_IT_START line=12 thread=0-1-0
2012-06-08 09:20:52,879-0500 DEBUG vdl:mains SCOPE thread=0-1-0
2012-06-08 09:20:52,880-0500 DEBUG vdl:mains FOREACH_IT_START line=12 thread=0-1-1
2012-06-08 09:20:52,880-0500 DEBUG vdl:mains SCOPE thread=0-1-1
2012-06-08 09:20:52,880-0500 DEBUG vdl:mains FOREACH_IT_START line=12 thread=0-1-2
2012-06-08 09:20:52,881-0500 DEBUG vdl:mains SCOPE thread=0-1-2
2012-06-08 09:20:52,886-0500 DEBUG countwords PROCEDURE line=4 thread=0-1-1-1 name=countwords
2012-06-08 09:20:52,887-0500 INFO  SetFieldValue Set: swift#mapper#17001=1.result
2012-06-08 09:20:52,887-0500 INFO  SetFieldValue Set: swift#mapper#17001=0.result
2012-06-08 09:20:52,888-0500 DEBUG countwords PROCEDURE line=4 thread=0-1-0-1 name=countwords
2012-06-08 09:20:52,889-0500 INFO  SetFieldValue Set: swift#mapper#17001=2.result
2012-06-08 09:20:52,889-0500 INFO  RootDataNode Found mapped data c:messagefile - Open.$
2012-06-08 09:20:52,890-0500 INFO  RootDataNode Found mapped data c:messagefile - Open.$
2012-06-08 09:20:52,890-0500 INFO  RootDataNode Found mapped data c:messagefile - Open.$
2012-06-08 09:20:52,890-0500 DEBUG countwords PROCEDURE line=4 thread=0-1-2-1 name=countwords
2012-06-08 09:20:52,895-0500 INFO  vdl:execute START thread=0-1-1-1 tr=a1sm10ms
2012-06-08 09:20:52,895-0500 INFO  vdl:execute START thread=0-1-2-1 tr=a1sm10ms
2012-06-08 09:20:52,895-0500 INFO  vdl:execute START thread=0-1-0-1 tr=a1sm10ms
2012-06-08 09:20:52,912-0500 INFO  WeightedHostScoreScheduler CONTACT_SELECTED host=localhost, score=99.854
2012-06-08 09:20:52,915-0500 INFO  WeightedHostScoreScheduler CONTACT_SELECTED host=localhost, score=99.854
2012-06-08 09:20:52,920-0500 INFO  GlobalSubmitQueue No global submit throttle set. Using default (1024)
2012-06-08 09:20:52,925-0500 INFO  LateBindingScheduler JobQueue: 1
2012-06-08 09:20:52,928-0500 INFO  LateBindingScheduler JobQueue: 1
2012-06-08 09:20:52,931-0500 INFO  vdl:initshareddir START host=localhost - Initializing shared directory
2012-06-08 09:20:52,934-0500 INFO  LateBindingScheduler JobQueue: 1
2012-06-08 09:20:52,952-0500 INFO  LateBindingScheduler JobQueue: 1
2012-06-08 09:20:52,955-0500 INFO  LateBindingScheduler JobQueue: 1
2012-06-08 09:20:52,957-0500 INFO  LateBindingScheduler JobQueue: 1
2012-06-08 09:20:52,962-0500 INFO  LateBindingScheduler JobQueue: 1
2012-06-08 09:20:52,967-0500 INFO  LateBindingScheduler JobQueue: 1
2012-06-08 09:20:52,968-0500 INFO  vdl:initshareddir END host=localhost - Done initializing shared directory
2012-06-08 09:20:52,972-0500 DEBUG vdl:execute2 THREAD_ASSOCIATION jobid=a1sm10ms-ckyz9hsk thread=0-1-0-1-1 host=localhost replicationGroup=akyz9hsk
2012-06-08 09:20:52,972-0500 DEBUG vdl:execute2 THREAD_ASSOCIATION jobid=a1sm10ms-dkyz9hsk thread=0-1-2-1-1 host=localhost replicationGroup=bkyz9hsk
2012-06-08 09:20:52,982-0500 INFO  vdl:createdirset START jobid=a1sm10ms-dkyz9hsk host=localhost - Initializing directory structure
2012-06-08 09:20:52,982-0500 INFO  vdl:createdirset START jobid=a1sm10ms-ckyz9hsk host=localhost - Initializing directory structure
2012-06-08 09:20:52,983-0500 INFO  vdl:createdirset END jobid=a1sm10ms-dkyz9hsk - Done initializing directory structure
2012-06-08 09:20:52,983-0500 INFO  vdl:createdirset END jobid=a1sm10ms-ckyz9hsk - Done initializing directory structure
2012-06-08 09:20:52,985-0500 INFO  vdl:dostagein START jobid=a1sm10ms-dkyz9hsk - Staging in files
2012-06-08 09:20:52,985-0500 INFO  vdl:dostagein START jobid=a1sm10ms-ckyz9hsk - Staging in files
2012-06-08 09:20:52,990-0500 INFO  vdl:dostagein END jobid=a1sm10ms-dkyz9hsk - Staging in finished
2012-06-08 09:20:52,990-0500 INFO  vdl:dostagein END jobid=a1sm10ms-ckyz9hsk - Staging in finished
2012-06-08 09:20:52,993-0500 DEBUG vdl:execute2 JOB_START jobid=a1sm10ms-dkyz9hsk tr=a1sm10ms arguments=[] tmpdir=3inloop-20120608-0920-jguhdk8b/jobs/d/a1sm10ms-dkyz9hsk host=localhost
2012-06-08 09:20:52,993-0500 DEBUG vdl:execute2 JOB_START jobid=a1sm10ms-ckyz9hsk tr=a1sm10ms arguments=[] tmpdir=3inloop-20120608-0920-jguhdk8b/jobs/c/a1sm10ms-ckyz9hsk host=localhost
2012-06-08 09:20:53,001-0500 DEBUG textfiles BEGIN TC:
#This is the transformation catalog.
#
#It comes pre-configured with a number of simple transformations with
#paths that are likely to work on a linux box. However, on some systems,
#the paths to these executables will be different (for example, sometimes
#some of these programs are found in /usr/bin rather than in /bin)
#
#NOTE WELL: fields in this file must be separated by tabs, not spaces; and
#there must be no trailing whitespace at the end of each line.
#
# sitename  transformation  path   INSTALLED  platform  profiles
localhost 	echo 		/bin/echo	INSTALLED	INTEL32::LINUX	null
localhost 	cat 		/bin/cat	INSTALLED	INTEL32::LINUX	null
localhost 	ls 		/bin/ls		INSTALLED	INTEL32::LINUX	null
localhost 	grep 		/bin/grep	INSTALLED	INTEL32::LINUX	null
localhost 	sort 		/bin/sort	INSTALLED	INTEL32::LINUX	null
localhost 	paste 		/bin/paste	INSTALLED	INTEL32::LINUX	null
localhost 	cp 		/bin/cp         INSTALLED	INTEL32::LINUX	null
localhost 	touch 		/bin/touch      INSTALLED	INTEL32::LINUX	null
localhost	wc		/usr/bin/wc	INSTALLED	INTEL32::LINUX	null
localhost	sh		/bin/wc		INSTALLED	INTEL32::LINUX	null
localhost	scott3a		/home/skrieder/swift/multi/scott3a.sh		INSTALLED	INTEL32::LINUX	null
localhost	scott3b		/home/skrieder/swift/multi/scott3b.sh		INSTALLED	INTEL32::LINUX	null
localhost	cka		/home/skrieder/swift/cuda/1sm1ms		INSTALLED	INTEL32::LINUX	null
localhost	a1sm0ms		/home/skrieder/swift/cuda/1sm0ms		INSTALLED	INTEL32::LINUX	null
localhost	a1sm1ms		/home/skrieder/swift/cuda/1sm1ms		INSTALLED	INTEL32::LINUX	null
localhost	a1sm10ms	/home/skrieder/swift/cuda/1sm10ms		INSTALLED	INTEL32::LINUX	null
localhost	a1sm100ms	/home/skrieder/swift/cuda/1sm100ms		INSTALLED	INTEL32::LINUX	null
localhost	a2sm0ms		/home/skrieder/swift/cuda/2sm0ms		INSTALLED	INTEL32::LINUX	null
localhost	a2sm1ms		/home/skrieder/swift/cuda/2sm1ms		INSTALLED	INTEL32::LINUX	null
localhost	a2sm10ms	/home/skrieder/swift/cuda/2sm10ms		INSTALLED	INTEL32::LINUX	null
localhost	a2sm100ms	/home/skrieder/swift/cuda/2sm100ms		INSTALLED	INTEL32::LINUX	null
localhost	a4sm0ms		/home/skrieder/swift/cuda/4sm0ms		INSTALLED	INTEL32::LINUX	null
localhost	a4sm1ms		/home/skrieder/swift/cuda/4sm1ms		INSTALLED	INTEL32::LINUX	null
localhost	a4sm10ms	/home/skrieder/swift/cuda/4sm10ms		INSTALLED	INTEL32::LINUX	null
localhost	a4sm100ms	/home/skrieder/swift/cuda/4sm100ms		INSTALLED	INTEL32::LINUX	null
localhost	a8sm0ms		/home/skrieder/swift/cuda/8sm0ms		INSTALLED	INTEL32::LINUX	null
localhost	a8sm1ms		/home/skrieder/swift/cuda/8sm1ms		INSTALLED	INTEL32::LINUX	null
localhost	a8sm10ms	/home/skrieder/swift/cuda/8sm10ms		INSTALLED	INTEL32::LINUX	null
localhost	a8sm100ms	/home/skrieder/swift/cuda/8sm100ms		INSTALLED	INTEL32::LINUX	null
localhost	a16sm0ms	/home/skrieder/swift/cuda/16sm0ms		INSTALLED	INTEL32::LINUX	null
localhost	a16sm1ms	/home/skrieder/swift/cuda/16sm1ms		INSTALLED	INTEL32::LINUX	null
localhost	a16sm10ms	/home/skrieder/swift/cuda/16sm10ms		INSTALLED	INTEL32::LINUX	null
localhost	a16sm100ms	/home/skrieder/swift/cuda/16sm100ms		INSTALLED	INTEL32::LINUX	null
localhost	sleep0ms	/home/skrieder/swift/c/sleep0ms			INSTALLED	INTEL32::LINUX	null
localhost	sleep1ms	/home/skrieder/swift/c/sleep1ms			INSTALLED	INTEL32::LINUX	null
localhost	sleep10ms	/home/skrieder/swift/c/sleep10ms		INSTALLED	INTEL32::LINUX	null
localhost	sleep100ms	/home/skrieder/swift/c/sleep100ms			INSTALLED	INTEL32::LINUX	null
localhost	sleep1000ms	/home/skrieder/swift/c/sleep1000ms			INSTALLED	INTEL32::LINUX	null
localhost	sleep10000ms	/home/skrieder/swift/c/sleep10000ms			INSTALLED	INTEL32::LINUX	null
localhost	hello		/home/skrieder/swift/multi/hello			INSTALLED	INTEL32::LINUX	null


2012-06-08 09:20:53,002-0500 DEBUG textfiles END TC:
2012-06-08 09:20:53,026-0500 INFO  GridExec TASK_DEFINITION: Task(type=JOB_SUBMISSION, identity=urn:0-1-0-1-1-1339165251944) is /bin/bash shared/_swiftwrap a1sm10ms-ckyz9hsk -jobdir c -scratch  -e /home/skrieder/swift/cuda/1sm10ms -out 0.result -err stderr.txt -i -d  -if  -of 0.result -k  -cdmfile  -status files -a
2012-06-08 09:20:53,026-0500 INFO  GridExec TASK_DEFINITION: Task(type=JOB_SUBMISSION, identity=urn:0-1-2-1-1-1339165251945) is /bin/bash shared/_swiftwrap a1sm10ms-dkyz9hsk -jobdir d -scratch  -e /home/skrieder/swift/cuda/1sm10ms -out 2.result -err stderr.txt -i -d  -if  -of 2.result -k  -cdmfile  -status files -a
2012-06-08 09:20:53,034-0500 INFO  JobSubmissionTaskHandler Submit: in: /var/tmp/3inloop-20120608-0920-jguhdk8b command: /bin/bash /var/tmp/3inloop-20120608-0920-jguhdk8b/shared/_swiftwrap a1sm10ms-ckyz9hsk -jobdir c -scratch  -e /home/skrieder/swift/cuda/1sm10ms -out 0.result -err stderr.txt -i -d  -if  -of 0.result -k  -cdmfile  -status files -a
2012-06-08 09:20:53,034-0500 INFO  JobSubmissionTaskHandler Submit: in: /var/tmp/3inloop-20120608-0920-jguhdk8b command: /bin/bash /var/tmp/3inloop-20120608-0920-jguhdk8b/shared/_swiftwrap a1sm10ms-dkyz9hsk -jobdir d -scratch  -e /home/skrieder/swift/cuda/1sm10ms -out 2.result -err stderr.txt -i -d  -if  -of 2.result -k  -cdmfile  -status files -a
2012-06-08 09:20:53,343-0500 INFO  LateBindingScheduler JobQueue: 1
2012-06-08 09:20:53,349-0500 DEBUG vdl:checkjobstatus START jobid=a1sm10ms-ckyz9hsk
2012-06-08 09:20:53,361-0500 INFO  LateBindingScheduler JobQueue: 1
2012-06-08 09:20:53,363-0500 INFO  vdl:checkerrorfile FAILURE jobid=a1sm10ms-ckyz9hsk - Failure file found
2012-06-08 09:20:53,364-0500 INFO  LateBindingScheduler JobQueue: 1
2012-06-08 09:20:53,366-0500 DEBUG vdl:checkjobstatus START jobid=a1sm10ms-dkyz9hsk
2012-06-08 09:20:53,367-0500 INFO  LateBindingScheduler JobQueue: 1
2012-06-08 09:20:53,369-0500 INFO  LateBindingScheduler JobQueue: 1
2012-06-08 09:20:53,370-0500 INFO  vdl:checkjobstatus SUCCESS jobid=a1sm10ms-dkyz9hsk - Success file found
2012-06-08 09:20:53,371-0500 INFO  LateBindingScheduler JobQueue: 1
2012-06-08 09:20:53,373-0500 INFO  LateBindingScheduler JobQueue: 1
2012-06-08 09:20:53,373-0500 DEBUG vdl:execute2 STAGING_OUT jobid=a1sm10ms-dkyz9hsk
2012-06-08 09:20:53,375-0500 DEBUG vdl:execute2 STAGING_OUT jobid=a1sm10ms-ckyz9hsk
2012-06-08 09:20:53,377-0500 INFO  vdl:dostageout START jobid=a1sm10ms-dkyz9hsk - Staging out files
2012-06-08 09:20:53,377-0500 INFO  vdl:dostageout START jobid=a1sm10ms-ckyz9hsk - Staging out files
2012-06-08 09:20:53,378-0500 DEBUG vdl:dostageout stageouts: [[$, c:messagefile - Open]]
2012-06-08 09:20:53,378-0500 DEBUG vdl:dostageout stageouts: [[$, c:messagefile - Open]]
2012-06-08 09:20:53,398-0500 DEBUG vdl:dostageout FILE_STAGE_OUT_START srcname=0.result srcdir=3inloop-20120608-0920-jguhdk8b/shared/ srchost=localhost destdir= desthost=localhost provider=file
2012-06-08 09:20:53,398-0500 DEBUG vdl:dostageout FILE_STAGE_OUT_START srcname=2.result srcdir=3inloop-20120608-0920-jguhdk8b/shared/ srchost=localhost destdir= desthost=localhost provider=file
2012-06-08 09:20:53,400-0500 INFO  LateBindingScheduler JobQueue: 1
2012-06-08 09:20:53,401-0500 INFO  LateBindingScheduler JobQueue: 1
2012-06-08 09:20:53,420-0500 INFO  LateBindingScheduler JobQueue: 1
2012-06-08 09:20:53,421-0500 DEBUG vdl:dostageout FILE_STAGE_OUT_END srcname=2.result srcdir=3inloop-20120608-0920-jguhdk8b/shared/ srchost=localhost destdir= desthost=localhost provider=file
2012-06-08 09:20:53,424-0500 INFO  LateBindingScheduler JobQueue: 1
2012-06-08 09:20:53,432-0500 INFO  vdl:dostageout END jobid=a1sm10ms-dkyz9hsk - Staging out finished
2012-06-08 09:20:53,435-0500 INFO  LateBindingScheduler JobQueue: 1
2012-06-08 09:20:53,437-0500 INFO  vdl:checkerrorfile NO_STATUS_FILE jobid=a1sm10ms-ckyz9hsk - Error file missing
2012-06-08 09:20:53,439-0500 DEBUG vdl:execute2 JOB_END jobid=a1sm10ms-dkyz9hsk
2012-06-08 09:20:53,441-0500 DEBUG vdl:execute2 APPLICATION_EXCEPTION jobid=a1sm10ms-ckyz9hsk - Application exception: null
Caused by: org.globus.cog.abstraction.impl.file.FileNotFoundException: File not found: /var/tmp/3inloop-20120608-0920-jguhdk8b/shared/0.result
2012-06-08 09:20:53,441-0500 INFO  vdl:execute END_SUCCESS thread=0-1-2-1 tr=a1sm10ms
2012-06-08 09:20:53,443-0500 DEBUG countwords PROCEDURE_END line=4
2012-06-08 09:20:53,446-0500 DEBUG vdl:mains FOREACH_IT_END line=12 thread=0-1-2
2012-06-08 09:20:53,451-0500 INFO  WeightedHostScoreScheduler CONTACT_SELECTED host=localhost, score=99.854
2012-06-08 09:20:53,454-0500 INFO  LateBindingScheduler JobQueue: 0
2012-06-08 09:20:53,455-0500 DEBUG vdl:execute2 THREAD_ASSOCIATION jobid=a1sm10ms-ekyz9hsk thread=0-1-1-1-1 host=localhost replicationGroup=9kyz9hsk
2012-06-08 09:20:53,457-0500 INFO  LateBindingScheduler JobQueue: 0
2012-06-08 09:20:53,460-0500 INFO  vdl:createdirset START jobid=a1sm10ms-ekyz9hsk host=localhost - Initializing directory structure
2012-06-08 09:20:53,461-0500 INFO  vdl:createdirset END jobid=a1sm10ms-ekyz9hsk - Done initializing directory structure
2012-06-08 09:20:53,462-0500 INFO  vdl:dostagein START jobid=a1sm10ms-ekyz9hsk - Staging in files
2012-06-08 09:20:53,463-0500 INFO  LateBindingScheduler JobQueue: 0
2012-06-08 09:20:53,464-0500 INFO  vdl:dostagein END jobid=a1sm10ms-ekyz9hsk - Staging in finished
2012-06-08 09:20:53,465-0500 DEBUG vdl:execute2 JOB_START jobid=a1sm10ms-ekyz9hsk tr=a1sm10ms arguments=[] tmpdir=3inloop-20120608-0920-jguhdk8b/jobs/e/a1sm10ms-ekyz9hsk host=localhost
2012-06-08 09:20:53,466-0500 INFO  LateBindingScheduler JobQueue: 0
2012-06-08 09:20:53,474-0500 INFO  GridExec TASK_DEFINITION: Task(type=JOB_SUBMISSION, identity=urn:0-1-1-1-1-1339165251994) is /bin/bash shared/_swiftwrap a1sm10ms-ekyz9hsk -jobdir e -scratch  -e /home/skrieder/swift/cuda/1sm10ms -out 1.result -err stderr.txt -i -d  -if  -of 1.result -k  -cdmfile  -status files -a
2012-06-08 09:20:53,474-0500 INFO  JobSubmissionTaskHandler Submit: in: /var/tmp/3inloop-20120608-0920-jguhdk8b command: /bin/bash /var/tmp/3inloop-20120608-0920-jguhdk8b/shared/_swiftwrap a1sm10ms-ekyz9hsk -jobdir e -scratch  -e /home/skrieder/swift/cuda/1sm10ms -out 1.result -err stderr.txt -i -d  -if  -of 1.result -k  -cdmfile  -status files -a
2012-06-08 09:20:53,474-0500 INFO  LateBindingScheduler JobQueue: 0
2012-06-08 09:20:53,484-0500 INFO  WeightedHostScoreScheduler CONTACT_SELECTED host=localhost, score=99.854
2012-06-08 09:20:53,489-0500 DEBUG vdl:execute2 THREAD_ASSOCIATION jobid=a1sm10ms-gkyz9hsk thread=0-1-0-1-1 host=localhost replicationGroup=fkyz9hsk
2012-06-08 09:20:53,493-0500 INFO  vdl:createdirset START jobid=a1sm10ms-gkyz9hsk host=localhost - Initializing directory structure
2012-06-08 09:20:53,494-0500 INFO  vdl:createdirset END jobid=a1sm10ms-gkyz9hsk - Done initializing directory structure
2012-06-08 09:20:53,494-0500 INFO  vdl:dostagein START jobid=a1sm10ms-gkyz9hsk - Staging in files
2012-06-08 09:20:53,496-0500 INFO  vdl:dostagein END jobid=a1sm10ms-gkyz9hsk - Staging in finished
2012-06-08 09:20:53,497-0500 DEBUG vdl:execute2 JOB_START jobid=a1sm10ms-gkyz9hsk tr=a1sm10ms arguments=[] tmpdir=3inloop-20120608-0920-jguhdk8b/jobs/g/a1sm10ms-gkyz9hsk host=localhost
2012-06-08 09:20:53,502-0500 INFO  GridExec TASK_DEFINITION: Task(type=JOB_SUBMISSION, identity=urn:0-1-0-1-1-1339165251997) is /bin/bash shared/_swiftwrap a1sm10ms-gkyz9hsk -jobdir g -scratch  -e /home/skrieder/swift/cuda/1sm10ms -out 0.result -err stderr.txt -i -d  -if  -of 0.result -k  -cdmfile  -status files -a
2012-06-08 09:20:53,503-0500 INFO  JobSubmissionTaskHandler Submit: in: /var/tmp/3inloop-20120608-0920-jguhdk8b command: /bin/bash /var/tmp/3inloop-20120608-0920-jguhdk8b/shared/_swiftwrap a1sm10ms-gkyz9hsk -jobdir g -scratch  -e /home/skrieder/swift/cuda/1sm10ms -out 0.result -err stderr.txt -i -d  -if  -of 0.result -k  -cdmfile  -status files -a
2012-06-08 09:20:53,721-0500 INFO  LateBindingScheduler JobQueue: 0
2012-06-08 09:20:53,724-0500 DEBUG vdl:checkjobstatus START jobid=a1sm10ms-ekyz9hsk
2012-06-08 09:20:53,727-0500 INFO  LateBindingScheduler JobQueue: 0
2012-06-08 09:20:53,728-0500 INFO  vdl:checkjobstatus SUCCESS jobid=a1sm10ms-ekyz9hsk - Success file found
2012-06-08 09:20:53,729-0500 DEBUG vdl:execute2 STAGING_OUT jobid=a1sm10ms-ekyz9hsk
2012-06-08 09:20:53,731-0500 INFO  vdl:dostageout START jobid=a1sm10ms-ekyz9hsk - Staging out files
2012-06-08 09:20:53,731-0500 DEBUG vdl:dostageout stageouts: [[$, c:messagefile - Open]]
2012-06-08 09:20:53,740-0500 DEBUG vdl:dostageout FILE_STAGE_OUT_START srcname=1.result srcdir=3inloop-20120608-0920-jguhdk8b/shared/ srchost=localhost destdir= desthost=localhost provider=file
2012-06-08 09:20:53,746-0500 INFO  LateBindingScheduler JobQueue: 0
2012-06-08 09:20:53,769-0500 INFO  LateBindingScheduler JobQueue: 0
2012-06-08 09:20:53,770-0500 DEBUG vdl:dostageout FILE_STAGE_OUT_END srcname=1.result srcdir=3inloop-20120608-0920-jguhdk8b/shared/ srchost=localhost destdir= desthost=localhost provider=file
2012-06-08 09:20:53,773-0500 INFO  LateBindingScheduler JobQueue: 0
2012-06-08 09:20:53,776-0500 INFO  vdl:dostageout END jobid=a1sm10ms-ekyz9hsk - Staging out finished
2012-06-08 09:20:53,780-0500 DEBUG vdl:execute2 JOB_END jobid=a1sm10ms-ekyz9hsk
2012-06-08 09:20:53,781-0500 INFO  vdl:execute END_SUCCESS thread=0-1-1-1 tr=a1sm10ms
2012-06-08 09:20:53,782-0500 DEBUG countwords PROCEDURE_END line=4
2012-06-08 09:20:53,785-0500 DEBUG vdl:mains FOREACH_IT_END line=12 thread=0-1-1
2012-06-08 09:20:53,830-0500 INFO  LateBindingScheduler JobQueue: 0
2012-06-08 09:20:53,833-0500 DEBUG vdl:checkjobstatus START jobid=a1sm10ms-gkyz9hsk
2012-06-08 09:20:53,835-0500 INFO  LateBindingScheduler JobQueue: 0
2012-06-08 09:20:53,836-0500 INFO  vdl:checkjobstatus SUCCESS jobid=a1sm10ms-gkyz9hsk - Success file found
2012-06-08 09:20:53,837-0500 DEBUG vdl:execute2 STAGING_OUT jobid=a1sm10ms-gkyz9hsk
2012-06-08 09:20:53,839-0500 INFO  vdl:dostageout START jobid=a1sm10ms-gkyz9hsk - Staging out files
2012-06-08 09:20:53,839-0500 DEBUG vdl:dostageout stageouts: [[$, c:messagefile - Open]]
2012-06-08 09:20:53,845-0500 DEBUG vdl:dostageout FILE_STAGE_OUT_START srcname=0.result srcdir=3inloop-20120608-0920-jguhdk8b/shared/ srchost=localhost destdir= desthost=localhost provider=file
2012-06-08 09:20:53,847-0500 INFO  LateBindingScheduler JobQueue: 0
2012-06-08 09:20:53,852-0500 INFO  LateBindingScheduler JobQueue: 0
2012-06-08 09:20:53,854-0500 DEBUG vdl:dostageout FILE_STAGE_OUT_END srcname=0.result srcdir=3inloop-20120608-0920-jguhdk8b/shared/ srchost=localhost destdir= desthost=localhost provider=file
2012-06-08 09:20:53,856-0500 INFO  LateBindingScheduler JobQueue: 0
2012-06-08 09:20:53,860-0500 INFO  vdl:dostageout END jobid=a1sm10ms-gkyz9hsk - Staging out finished
2012-06-08 09:20:53,863-0500 DEBUG vdl:execute2 JOB_END jobid=a1sm10ms-gkyz9hsk
2012-06-08 09:20:53,864-0500 INFO  vdl:execute END_SUCCESS thread=0-1-0-1 tr=a1sm10ms
2012-06-08 09:20:53,866-0500 DEBUG countwords PROCEDURE_END line=4
2012-06-08 09:20:53,868-0500 DEBUG vdl:mains FOREACH_IT_END line=12 thread=0-1-0
2012-06-08 09:20:53,888-0500 DEBUG vdl:mains Starting cleanups
2012-06-08 09:20:53,891-0500 INFO  vdl:cleanups START cleanups=[[3inloop-20120608-0920-jguhdk8b, localhost]]
2012-06-08 09:20:53,894-0500 INFO  vdl:cleanup START dir=3inloop-20120608-0920-jguhdk8b host=localhost
2012-06-08 09:20:53,895-0500 DEBUG vdl:cleanup cdmfile 
2012-06-08 09:20:53,897-0500 INFO  GridExec TASK_DEFINITION: Task(type=JOB_SUBMISSION, identity=urn:0-1-1339165252017) is /bin/rm -rf 3inloop-20120608-0920-jguhdk8b
2012-06-08 09:20:53,898-0500 INFO  JobSubmissionTaskHandler Submit: in: /var/tmp command: /bin/rm -rf 3inloop-20120608-0920-jguhdk8b
2012-06-08 09:20:53,898-0500 INFO  LateBindingScheduler JobQueue: 0
2012-06-08 09:20:53,899-0500 INFO  vdl:cleanup END dir=3inloop-20120608-0920-jguhdk8b host=localhost
2012-06-08 09:20:53,900-0500 INFO  vdl:cleanups END cleanups=[[3inloop-20120608-0920-jguhdk8b, localhost]]
2012-06-08 09:20:53,901-0500 DEBUG vdl:mains Ending cleanups
2012-06-08 09:20:53,902-0500 INFO  Loader Swift finished with no errors
