2012-06-06 19:14:34,966-0500 DEBUG Loader arguments: [-tc.file, tc.data, -sites.file, 0-throttle-sites.xml, 3inloop.swift]
2012-06-06 19:14:34,966-0500 DEBUG Loader Max heap: 252248064
2012-06-06 19:14:34,967-0500 DEBUG textfiles BEGIN SWIFTSCRIPT:

type messagefile; 

app (messagefile t) countwords () {   
     a1sm10ms stdout=@filename(t);
}

string outputNames = "test1 test2 test3";

messagefile outputfiles[] <fixed_array_mapper;files=outputNames>;

foreach f,i in outputfiles {
  messagefile c <single_file_mapper; file=@strcat(i, ".result")>;
  c = countwords();
}


2012-06-06 19:14:34,967-0500 DEBUG textfiles END SWIFTSCRIPT:
2012-06-06 19:14:34,967-0500 DEBUG Loader kmlversion is >239b8550-a5ff-44be-a124-5e7ecd70737d<
2012-06-06 19:14:34,967-0500 DEBUG Loader build version is >239b8550-a5ff-44be-a124-5e7ecd70737d<
2012-06-06 19:14:34,967-0500 DEBUG Loader Recompilation suppressed.
2012-06-06 19:14:35,116-0500 DEBUG Loader setting: sites.file to: 0-throttle-sites.xml
2012-06-06 19:14:35,116-0500 DEBUG Loader setting: tc.file to: tc.data
2012-06-06 19:14:35,119-0500 DEBUG textfiles BEGIN SITES:
<config>

<!-- sites.xml specifies details of the sites that Swift can run on.

The first entry entry, for localhost, should work on most linux-like systems
without any change.

It may be necessary to change the two occurences of /var/tmp to a different
working directory.

The jobThrottle profile is set to 0 so that Swift will not try to run more
than two jobs at once (the minimum) when using the local sites. This is
appropriate for local execution, but make sure if/when using another
execution mechanism to submit to an HPC resource that this jobThrottle
is removed.

-->


  <pool handle="localhost">
    <filesystem provider="local" />
    <execution provider="local" />
    <workdirectory >/var/tmp</workdirectory>
    <profile namespace="karajan" key="jobThrottle">.01</profile>
    <profile namespace="karajan" key="initialScore">10000</profile>
  </pool>





<!-- The remainder of this file is commented out by default. It contains
example site definitions for a number of sites on TeraGrid and OSG.

How this list was constructed:

1. Teragrid
http://www.teragrid.org/userinfo/hardware/resources.php
fill out the gatekeeper info and the gridftp hostname
for the storage/workspace, login into the machine, and make yourself a
temporary directory

2. OSG
http://osg-cat.grid.iu.edu/index.php?site_name=osgcat
sort by CPUs
Add the gatekeeper hostname into the jobmanager name and into the gridftp url
Add the ($TMP) or ($WNTMP) to the storage element in the gridftp url AND
into the workspace element

TODO by user:
customize the storage and workdirectory to use your personal working directories

-->


<!--
  <pool handle="skynet" >
    <gridftp url="gsiftp://skynet-login.isi.edu" > 
    </gridftp>
    <jobmanager universe="vanilla" url="skynet-login.isi.edu/jobmanager-fork" major="2" />
    <workdirectory >/nfs/scratch01/tiberius</workdirectory>
  </pool>
-->
<!--
  <pool handle="teraport" >
    <gridftp  url="gsiftp://tp-grid1.uchicago.edu" /> 
    <jobmanager universe="vanilla" url="tp-grid1.uchicago.edu/jobmanager-pbs" major="2" />
    <workdirectory >/home/tiberius/scratch/SWIFT-WORK</workdirectory>
  </pool>
-->
<!--
<pool handle="ncsa_32" >
    <gridftp  url="gsiftp://login-w.ncsa.teragrid.org" />
    <jobmanager universe="vanilla" url="grid-w.ncsa.teragrid.org/jobmanager" major="2" /> 
    <workdirectory >/u/ac/tstef</workdirectory>
</pool>
-->
<!--
<pool handle="purdue" >
    <gridftp  url="gsiftp://tg-data.purdue.teragrid.org" />
    <jobmanager universe="vanilla" url="tg-gatekeeper.purdue.teragrid.org" major="2" />
    <workdirectory >/scratch/teragrid/stef</workdirectory>
</pool>
-->
<!-- 
<pool handle="tacc" >
    <gridftp  url="gsiftp://tg-gridftp.lonestar.tacc.teragrid.org" />
    <jobmanager universe="vanilla" url="tg-login.tacc.teragrid.org/jobmanager-lsf" major="2" />
    <workdirectory >/work/teragrid/tstef</workdirectory>
</pool>
-->
<!-- 
<pool handle="UC" >
    <gridftp url="gsiftp://tg-gridftp.uc.teragrid.org" />
    <execution provider="gt4" jobmanager="PBS" url="tg-grid.uc.teragrid.org" />
    <workdirectory >/disks/scratchgpfs1/tstef</workdirectory>
</pool>
 -->
 
<!-- OSG SITES -->
<!-- 
<pool handle="OSG_LIGO_PSU" >
    <gridftp  url="gsiftp://grid3.aset.psu.edu" />
    <jobmanager universe="vanilla" url="grid3.aset.psu.edu/jobmanager-pbs" major="2" />
    <workdirectory >/usr1/grid3/data</workdirectory>
</pool>
 -->
<!-- 
<pool handle="fnal" >
    <gridftp  url="gsiftp://fngp-osg.fnal.gov" />
    <jobmanager universe="vanilla" url="fngp-osg.fnal.gov/jobmanager-pbs" major="2" minor="2" />
    <workdirectory >/grid/data</workdirectory>
</pool>
-->
<!-- 
<pool handle="prod_slac" >
    <gridftp  url="gsiftp://osgserv01.slac.stanford.edu" />
    <jobmanager universe="vanilla" url="osgserv01.slac.stanford.edu/jobmanager-lsf" major="2" />
    <workdirectory >/nfs/slac/g/grid/osg/data</workdirectory>
</pool>
-->
<!-- 
<pool handle="bnl_atlas_2" >
    <gridftp  url="gsiftp://gridgk02.racf.bnl.gov" />
    <jobmanager universe="vanilla" url="gridgk02.racf.bnl.gov/jobmanager-condor" major="2" />
    <workdirectory >/usatlas/prodjob/share/</workdirectory>
</pool>
-->
<!--
<pool handle="unm_hpc" >
    <gridftp  url="gsiftp://milta.alliance.unm.edu" />
    <jobmanager universe="vanilla" url="milta.alliance.unm.edu/jobmanager-pbs" major="2" />
    <workdirectory >/tmp</workdirectory>
</pool>
-->
<!--  
<pool handle="UWM_CMS" >
    <gridftp  url="gsiftp://cmsgrid02.hep.wisc.edu" />
    <jobmanager universe="vanilla" url="cmsgrid02.hep.wisc.edu/jobmanager-condor" major="2" />
    <workdirectory >/tmp</workdirectory>
</pool>
-->

</config>


2012-06-06 19:14:35,119-0500 DEBUG textfiles END SITES:
2012-06-06 19:14:35,123-0500 INFO  VDL2ExecutionContext Stack dump:
Level 1
[iA = 0, iB = 0, bA = false, bB = false]
	vdl:instanceconfig = Swift configuration []
	vdl:operation = run
	swift.home = /usr/local/swift/bin/..
	PATH_SEPARATOR = /


2012-06-06 19:14:35,764-0500 INFO  unknown Using sites file: 0-throttle-sites.xml
2012-06-06 19:14:35,802-0500 INFO  unknown Using tc.data: tc.data
2012-06-06 19:14:35,953-0500 INFO  AbstractScheduler Setting resources to: {localhost=localhost}
2012-06-06 19:14:36,741-0500 INFO  unknown Swift 0.93 swift-r5483 cog-r3339

2012-06-06 19:14:36,741-0500 INFO  unknown RUNID id=run:20120606-1914-o5a3lfag
2012-06-06 19:14:36,790-0500 INFO  SetFieldValue Set: outputNames=test1 test2 test3
2012-06-06 19:14:36,808-0500 INFO  RootDataNode Found data outputfiles:messagefile[] - Open.[0]
2012-06-06 19:14:36,808-0500 INFO  RootDataNode Found data outputfiles:messagefile[] - Open.[1]
2012-06-06 19:14:36,808-0500 INFO  RootDataNode Found data outputfiles:messagefile[] - Open.[2]
2012-06-06 19:14:36,810-0500 DEBUG vdl:mains FOREACH_IT_START line=12 thread=0-1-1
2012-06-06 19:14:36,810-0500 DEBUG vdl:mains FOREACH_IT_START line=12 thread=0-1-2
2012-06-06 19:14:36,811-0500 DEBUG vdl:mains FOREACH_IT_START line=12 thread=0-1-0
2012-06-06 19:14:36,811-0500 DEBUG vdl:mains SCOPE thread=0-1-1
2012-06-06 19:14:36,811-0500 DEBUG vdl:mains SCOPE thread=0-1-0
2012-06-06 19:14:36,811-0500 DEBUG vdl:mains SCOPE thread=0-1-2
2012-06-06 19:14:36,818-0500 INFO  SetFieldValue Set: swift#mapper#17001=0.result
2012-06-06 19:14:36,820-0500 DEBUG countwords PROCEDURE line=4 thread=0-1-0-1 name=countwords
2012-06-06 19:14:36,820-0500 INFO  SetFieldValue Set: swift#mapper#17001=1.result
2012-06-06 19:14:36,820-0500 INFO  SetFieldValue Set: swift#mapper#17001=2.result
2012-06-06 19:14:36,821-0500 DEBUG countwords PROCEDURE line=4 thread=0-1-1-1 name=countwords
2012-06-06 19:14:36,824-0500 DEBUG countwords PROCEDURE line=4 thread=0-1-2-1 name=countwords
2012-06-06 19:14:36,824-0500 INFO  RootDataNode Found mapped data c:messagefile - Open.$
2012-06-06 19:14:36,825-0500 INFO  RootDataNode Found mapped data c:messagefile - Open.$
2012-06-06 19:14:36,825-0500 INFO  RootDataNode Found mapped data c:messagefile - Open.$
2012-06-06 19:14:36,840-0500 INFO  vdl:execute START thread=0-1-0-1 tr=a1sm10ms
2012-06-06 19:14:36,840-0500 INFO  vdl:execute START thread=0-1-1-1 tr=a1sm10ms
2012-06-06 19:14:36,840-0500 INFO  vdl:execute START thread=0-1-2-1 tr=a1sm10ms
2012-06-06 19:14:36,875-0500 INFO  WeightedHostScoreScheduler CONTACT_SELECTED host=localhost, score=99.854
2012-06-06 19:14:36,878-0500 INFO  WeightedHostScoreScheduler CONTACT_SELECTED host=localhost, score=99.854
2012-06-06 19:14:36,885-0500 INFO  GlobalSubmitQueue No global submit throttle set. Using default (1024)
2012-06-06 19:14:36,890-0500 INFO  LateBindingScheduler JobQueue: 1
2012-06-06 19:14:36,893-0500 INFO  LateBindingScheduler JobQueue: 1
2012-06-06 19:14:36,901-0500 INFO  vdl:initshareddir START host=localhost - Initializing shared directory
2012-06-06 19:14:36,908-0500 INFO  LateBindingScheduler JobQueue: 1
2012-06-06 19:14:36,938-0500 INFO  LateBindingScheduler JobQueue: 1
2012-06-06 19:14:36,941-0500 INFO  LateBindingScheduler JobQueue: 1
2012-06-06 19:14:36,945-0500 INFO  LateBindingScheduler JobQueue: 1
2012-06-06 19:14:36,953-0500 INFO  LateBindingScheduler JobQueue: 1
2012-06-06 19:14:36,961-0500 INFO  LateBindingScheduler JobQueue: 1
2012-06-06 19:14:36,966-0500 INFO  vdl:initshareddir END host=localhost - Done initializing shared directory
2012-06-06 19:14:36,973-0500 DEBUG vdl:execute2 THREAD_ASSOCIATION jobid=a1sm10ms-g2iknesk thread=0-1-0-1-1 host=localhost replicationGroup=c2iknesk
2012-06-06 19:14:36,973-0500 DEBUG vdl:execute2 THREAD_ASSOCIATION jobid=a1sm10ms-f2iknesk thread=0-1-2-1-1 host=localhost replicationGroup=d2iknesk
2012-06-06 19:14:36,997-0500 INFO  vdl:createdirset START jobid=a1sm10ms-g2iknesk host=localhost - Initializing directory structure
2012-06-06 19:14:36,997-0500 INFO  vdl:createdirset START jobid=a1sm10ms-f2iknesk host=localhost - Initializing directory structure
2012-06-06 19:14:36,999-0500 INFO  vdl:createdirset END jobid=a1sm10ms-f2iknesk - Done initializing directory structure
2012-06-06 19:14:36,999-0500 INFO  vdl:createdirset END jobid=a1sm10ms-g2iknesk - Done initializing directory structure
2012-06-06 19:14:37,001-0500 INFO  vdl:dostagein START jobid=a1sm10ms-g2iknesk - Staging in files
2012-06-06 19:14:37,001-0500 INFO  vdl:dostagein START jobid=a1sm10ms-f2iknesk - Staging in files
2012-06-06 19:14:37,008-0500 INFO  vdl:dostagein END jobid=a1sm10ms-f2iknesk - Staging in finished
2012-06-06 19:14:37,008-0500 INFO  vdl:dostagein END jobid=a1sm10ms-g2iknesk - Staging in finished
2012-06-06 19:14:37,013-0500 DEBUG vdl:execute2 JOB_START jobid=a1sm10ms-f2iknesk tr=a1sm10ms arguments=[] tmpdir=3inloop-20120606-1914-o5a3lfag/jobs/f/a1sm10ms-f2iknesk host=localhost
2012-06-06 19:14:37,013-0500 DEBUG vdl:execute2 JOB_START jobid=a1sm10ms-g2iknesk tr=a1sm10ms arguments=[] tmpdir=3inloop-20120606-1914-o5a3lfag/jobs/g/a1sm10ms-g2iknesk host=localhost
2012-06-06 19:14:37,027-0500 DEBUG textfiles BEGIN TC:
#This is the transformation catalog.
#
#It comes pre-configured with a number of simple transformations with
#paths that are likely to work on a linux box. However, on some systems,
#the paths to these executables will be different (for example, sometimes
#some of these programs are found in /usr/bin rather than in /bin)
#
#NOTE WELL: fields in this file must be separated by tabs, not spaces; and
#there must be no trailing whitespace at the end of each line.
#
# sitename  transformation  path   INSTALLED  platform  profiles
localhost 	echo 		/bin/echo	INSTALLED	INTEL32::LINUX	null
localhost 	cat 		/bin/cat	INSTALLED	INTEL32::LINUX	null
localhost 	ls 		/bin/ls		INSTALLED	INTEL32::LINUX	null
localhost 	grep 		/bin/grep	INSTALLED	INTEL32::LINUX	null
localhost 	sort 		/bin/sort	INSTALLED	INTEL32::LINUX	null
localhost 	paste 		/bin/paste	INSTALLED	INTEL32::LINUX	null
localhost 	cp 		/bin/cp         INSTALLED	INTEL32::LINUX	null
localhost 	touch 		/bin/touch      INSTALLED	INTEL32::LINUX	null
localhost	wc		/usr/bin/wc	INSTALLED	INTEL32::LINUX	null
localhost	sh		/bin/wc		INSTALLED	INTEL32::LINUX	null
localhost	scott3a		/home/skrieder/swift/multi/scott3a.sh		INSTALLED	INTEL32::LINUX	null
localhost	scott3b		/home/skrieder/swift/multi/scott3b.sh		INSTALLED	INTEL32::LINUX	null
localhost	cka		/home/skrieder/swift/cuda/1sm1ms		INSTALLED	INTEL32::LINUX	null
localhost	a1sm0ms		/home/skrieder/swift/cuda/1sm0ms		INSTALLED	INTEL32::LINUX	null
localhost	a1sm1ms		/home/skrieder/swift/cuda/1sm1ms		INSTALLED	INTEL32::LINUX	null
localhost	a1sm10ms	/home/skrieder/swift/cuda/1sm10ms		INSTALLED	INTEL32::LINUX	null
localhost	a1sm100ms	/home/skrieder/swift/cuda/1sm100ms		INSTALLED	INTEL32::LINUX	null
localhost	a2sm0ms		/home/skrieder/swift/cuda/2sm0ms		INSTALLED	INTEL32::LINUX	null
localhost	a2sm1ms		/home/skrieder/swift/cuda/2sm1ms		INSTALLED	INTEL32::LINUX	null
localhost	a2sm10ms	/home/skrieder/swift/cuda/2sm10ms		INSTALLED	INTEL32::LINUX	null
localhost	a2sm100ms	/home/skrieder/swift/cuda/2sm100ms		INSTALLED	INTEL32::LINUX	null
localhost	a4sm0ms		/home/skrieder/swift/cuda/4sm0ms		INSTALLED	INTEL32::LINUX	null
localhost	a4sm1ms		/home/skrieder/swift/cuda/4sm1ms		INSTALLED	INTEL32::LINUX	null
localhost	a4sm10ms	/home/skrieder/swift/cuda/4sm10ms		INSTALLED	INTEL32::LINUX	null
localhost	a4sm100ms	/home/skrieder/swift/cuda/4sm100ms		INSTALLED	INTEL32::LINUX	null
localhost	a8sm0ms		/home/skrieder/swift/cuda/8sm0ms		INSTALLED	INTEL32::LINUX	null
localhost	a8sm1ms		/home/skrieder/swift/cuda/8sm1ms		INSTALLED	INTEL32::LINUX	null
localhost	a8sm10ms	/home/skrieder/swift/cuda/8sm10ms		INSTALLED	INTEL32::LINUX	null
localhost	a8sm100ms	/home/skrieder/swift/cuda/8sm100ms		INSTALLED	INTEL32::LINUX	null
localhost	a16sm0ms	/home/skrieder/swift/cuda/16sm0ms		INSTALLED	INTEL32::LINUX	null
localhost	a16sm1ms	/home/skrieder/swift/cuda/16sm1ms		INSTALLED	INTEL32::LINUX	null
localhost	a16sm10ms	/home/skrieder/swift/cuda/16sm10ms		INSTALLED	INTEL32::LINUX	null
localhost	a16sm100ms	/home/skrieder/swift/cuda/16sm100ms		INSTALLED	INTEL32::LINUX	null
localhost	sleep0ms	/home/skrieder/swift/c/sleep0ms			INSTALLED	INTEL32::LINUX	null
localhost	sleep1ms	/home/skrieder/swift/c/sleep1ms			INSTALLED	INTEL32::LINUX	null
localhost	sleep10ms	/home/skrieder/swift/c/sleep10ms		INSTALLED	INTEL32::LINUX	null
localhost	sleep100ms	/home/skrieder/swift/c/sleep100ms			INSTALLED	INTEL32::LINUX	null
localhost	sleep1000ms	/home/skrieder/swift/c/sleep1000ms			INSTALLED	INTEL32::LINUX	null
localhost	sleep10000ms	/home/skrieder/swift/c/sleep10000ms			INSTALLED	INTEL32::LINUX	null
localhost	hello		/home/skrieder/swift/multi/hello			INSTALLED	INTEL32::LINUX	null


2012-06-06 19:14:37,027-0500 DEBUG textfiles END TC:
2012-06-06 19:14:37,062-0500 INFO  GridExec TASK_DEFINITION: Task(type=JOB_SUBMISSION, identity=urn:0-1-0-1-1-1339028075796) is /bin/bash shared/_swiftwrap a1sm10ms-g2iknesk -jobdir g -scratch  -e /home/skrieder/swift/cuda/1sm10ms -out 0.result -err stderr.txt -i -d  -if  -of 0.result -k  -cdmfile  -status files -a
2012-06-06 19:14:37,062-0500 INFO  GridExec TASK_DEFINITION: Task(type=JOB_SUBMISSION, identity=urn:0-1-2-1-1-1339028075795) is /bin/bash shared/_swiftwrap a1sm10ms-f2iknesk -jobdir f -scratch  -e /home/skrieder/swift/cuda/1sm10ms -out 2.result -err stderr.txt -i -d  -if  -of 2.result -k  -cdmfile  -status files -a
2012-06-06 19:14:37,078-0500 INFO  JobSubmissionTaskHandler Submit: in: /var/tmp/3inloop-20120606-1914-o5a3lfag command: /bin/bash /var/tmp/3inloop-20120606-1914-o5a3lfag/shared/_swiftwrap a1sm10ms-f2iknesk -jobdir f -scratch  -e /home/skrieder/swift/cuda/1sm10ms -out 2.result -err stderr.txt -i -d  -if  -of 2.result -k  -cdmfile  -status files -a
2012-06-06 19:14:37,078-0500 INFO  JobSubmissionTaskHandler Submit: in: /var/tmp/3inloop-20120606-1914-o5a3lfag command: /bin/bash /var/tmp/3inloop-20120606-1914-o5a3lfag/shared/_swiftwrap a1sm10ms-g2iknesk -jobdir g -scratch  -e /home/skrieder/swift/cuda/1sm10ms -out 0.result -err stderr.txt -i -d  -if  -of 0.result -k  -cdmfile  -status files -a
2012-06-06 19:14:37,435-0500 INFO  LateBindingScheduler JobQueue: 1
2012-06-06 19:14:37,442-0500 DEBUG vdl:checkjobstatus START jobid=a1sm10ms-f2iknesk
2012-06-06 19:14:37,455-0500 INFO  LateBindingScheduler JobQueue: 1
2012-06-06 19:14:37,457-0500 INFO  vdl:checkerrorfile FAILURE jobid=a1sm10ms-f2iknesk - Failure file found
2012-06-06 19:14:37,461-0500 INFO  LateBindingScheduler JobQueue: 1
2012-06-06 19:14:37,465-0500 INFO  LateBindingScheduler JobQueue: 1
2012-06-06 19:14:37,467-0500 INFO  LateBindingScheduler JobQueue: 1
2012-06-06 19:14:37,471-0500 DEBUG vdl:execute2 STAGING_OUT jobid=a1sm10ms-f2iknesk
2012-06-06 19:14:37,475-0500 INFO  vdl:dostageout START jobid=a1sm10ms-f2iknesk - Staging out files
2012-06-06 19:14:37,475-0500 INFO  LateBindingScheduler JobQueue: 1
2012-06-06 19:14:37,476-0500 DEBUG vdl:dostageout stageouts: [[$, c:messagefile - Open]]
2012-06-06 19:14:37,478-0500 DEBUG vdl:checkjobstatus START jobid=a1sm10ms-g2iknesk
2012-06-06 19:14:37,481-0500 INFO  LateBindingScheduler JobQueue: 1
2012-06-06 19:14:37,482-0500 INFO  vdl:checkjobstatus SUCCESS jobid=a1sm10ms-g2iknesk - Success file found
2012-06-06 19:14:37,484-0500 DEBUG vdl:execute2 STAGING_OUT jobid=a1sm10ms-g2iknesk
2012-06-06 19:14:37,486-0500 INFO  vdl:dostageout START jobid=a1sm10ms-g2iknesk - Staging out files
2012-06-06 19:14:37,487-0500 DEBUG vdl:dostageout stageouts: [[$, c:messagefile - Open]]
2012-06-06 19:14:37,498-0500 DEBUG vdl:dostageout FILE_STAGE_OUT_START srcname=0.result srcdir=3inloop-20120606-1914-o5a3lfag/shared/ srchost=localhost destdir= desthost=localhost provider=file
2012-06-06 19:14:37,498-0500 DEBUG vdl:dostageout FILE_STAGE_OUT_START srcname=2.result srcdir=3inloop-20120606-1914-o5a3lfag/shared/ srchost=localhost destdir= desthost=localhost provider=file
2012-06-06 19:14:37,501-0500 INFO  LateBindingScheduler JobQueue: 1
2012-06-06 19:14:37,501-0500 INFO  LateBindingScheduler JobQueue: 1
2012-06-06 19:14:37,523-0500 INFO  LateBindingScheduler JobQueue: 1
2012-06-06 19:14:37,525-0500 DEBUG vdl:dostageout FILE_STAGE_OUT_END srcname=0.result srcdir=3inloop-20120606-1914-o5a3lfag/shared/ srchost=localhost destdir= desthost=localhost provider=file
2012-06-06 19:14:37,534-0500 INFO  LateBindingScheduler JobQueue: 1
2012-06-06 19:14:37,541-0500 INFO  LateBindingScheduler JobQueue: 1
2012-06-06 19:14:37,544-0500 INFO  vdl:checkerrorfile NO_STATUS_FILE jobid=a1sm10ms-f2iknesk - Error file missing
2012-06-06 19:14:37,549-0500 DEBUG vdl:execute2 APPLICATION_EXCEPTION jobid=a1sm10ms-f2iknesk - Application exception: null
Caused by: org.globus.cog.abstraction.impl.file.FileNotFoundException: File not found: /var/tmp/3inloop-20120606-1914-o5a3lfag/shared/2.result
2012-06-06 19:14:37,551-0500 INFO  vdl:dostageout END jobid=a1sm10ms-g2iknesk - Staging out finished
2012-06-06 19:14:37,562-0500 DEBUG vdl:execute2 JOB_END jobid=a1sm10ms-g2iknesk
2012-06-06 19:14:37,565-0500 INFO  vdl:execute END_SUCCESS thread=0-1-0-1 tr=a1sm10ms
2012-06-06 19:14:37,568-0500 DEBUG countwords PROCEDURE_END line=4
2012-06-06 19:14:37,569-0500 INFO  WeightedHostScoreScheduler CONTACT_SELECTED host=localhost, score=99.854
2012-06-06 19:14:37,572-0500 DEBUG vdl:mains FOREACH_IT_END line=12 thread=0-1-0
2012-06-06 19:14:37,574-0500 INFO  LateBindingScheduler JobQueue: 0
2012-06-06 19:14:37,577-0500 DEBUG vdl:execute2 THREAD_ASSOCIATION jobid=a1sm10ms-h2iknesk thread=0-1-1-1-1 host=localhost replicationGroup=e2iknesk
2012-06-06 19:14:37,579-0500 INFO  LateBindingScheduler JobQueue: 0
2012-06-06 19:14:37,585-0500 INFO  LateBindingScheduler JobQueue: 0
2012-06-06 19:14:37,587-0500 INFO  vdl:createdirset START jobid=a1sm10ms-h2iknesk host=localhost - Initializing directory structure
2012-06-06 19:14:37,588-0500 INFO  vdl:createdirset END jobid=a1sm10ms-h2iknesk - Done initializing directory structure
2012-06-06 19:14:37,588-0500 INFO  LateBindingScheduler JobQueue: 0
2012-06-06 19:14:37,590-0500 INFO  vdl:dostagein START jobid=a1sm10ms-h2iknesk - Staging in files
2012-06-06 19:14:37,592-0500 INFO  vdl:dostagein END jobid=a1sm10ms-h2iknesk - Staging in finished
2012-06-06 19:14:37,595-0500 DEBUG vdl:execute2 JOB_START jobid=a1sm10ms-h2iknesk tr=a1sm10ms arguments=[] tmpdir=3inloop-20120606-1914-o5a3lfag/jobs/h/a1sm10ms-h2iknesk host=localhost
2012-06-06 19:14:37,601-0500 INFO  LateBindingScheduler JobQueue: 0
2012-06-06 19:14:37,607-0500 INFO  GridExec TASK_DEFINITION: Task(type=JOB_SUBMISSION, identity=urn:0-1-1-1-1-1339028075845) is /bin/bash shared/_swiftwrap a1sm10ms-h2iknesk -jobdir h -scratch  -e /home/skrieder/swift/cuda/1sm10ms -out 1.result -err stderr.txt -i -d  -if  -of 1.result -k  -cdmfile  -status files -a
2012-06-06 19:14:37,608-0500 INFO  JobSubmissionTaskHandler Submit: in: /var/tmp/3inloop-20120606-1914-o5a3lfag command: /bin/bash /var/tmp/3inloop-20120606-1914-o5a3lfag/shared/_swiftwrap a1sm10ms-h2iknesk -jobdir h -scratch  -e /home/skrieder/swift/cuda/1sm10ms -out 1.result -err stderr.txt -i -d  -if  -of 1.result -k  -cdmfile  -status files -a
2012-06-06 19:14:37,623-0500 INFO  WeightedHostScoreScheduler CONTACT_SELECTED host=localhost, score=99.854
2012-06-06 19:14:37,629-0500 DEBUG vdl:execute2 THREAD_ASSOCIATION jobid=a1sm10ms-j2iknesk thread=0-1-2-1-1 host=localhost replicationGroup=i2iknesk
2012-06-06 19:14:37,639-0500 INFO  vdl:createdirset START jobid=a1sm10ms-j2iknesk host=localhost - Initializing directory structure
2012-06-06 19:14:37,640-0500 INFO  vdl:createdirset END jobid=a1sm10ms-j2iknesk - Done initializing directory structure
2012-06-06 19:14:37,642-0500 INFO  vdl:dostagein START jobid=a1sm10ms-j2iknesk - Staging in files
2012-06-06 19:14:37,644-0500 INFO  vdl:dostagein END jobid=a1sm10ms-j2iknesk - Staging in finished
2012-06-06 19:14:37,646-0500 DEBUG vdl:execute2 JOB_START jobid=a1sm10ms-j2iknesk tr=a1sm10ms arguments=[] tmpdir=3inloop-20120606-1914-o5a3lfag/jobs/j/a1sm10ms-j2iknesk host=localhost
2012-06-06 19:14:37,659-0500 INFO  GridExec TASK_DEFINITION: Task(type=JOB_SUBMISSION, identity=urn:0-1-2-1-1-1339028075848) is /bin/bash shared/_swiftwrap a1sm10ms-j2iknesk -jobdir j -scratch  -e /home/skrieder/swift/cuda/1sm10ms -out 2.result -err stderr.txt -i -d  -if  -of 2.result -k  -cdmfile  -status files -a
2012-06-06 19:14:37,660-0500 INFO  JobSubmissionTaskHandler Submit: in: /var/tmp/3inloop-20120606-1914-o5a3lfag command: /bin/bash /var/tmp/3inloop-20120606-1914-o5a3lfag/shared/_swiftwrap a1sm10ms-j2iknesk -jobdir j -scratch  -e /home/skrieder/swift/cuda/1sm10ms -out 2.result -err stderr.txt -i -d  -if  -of 2.result -k  -cdmfile  -status files -a
2012-06-06 19:14:37,874-0500 INFO  LateBindingScheduler JobQueue: 0
2012-06-06 19:14:37,878-0500 DEBUG vdl:checkjobstatus START jobid=a1sm10ms-h2iknesk
2012-06-06 19:14:37,881-0500 INFO  LateBindingScheduler JobQueue: 0
2012-06-06 19:14:37,885-0500 INFO  vdl:checkjobstatus SUCCESS jobid=a1sm10ms-h2iknesk - Success file found
2012-06-06 19:14:37,890-0500 DEBUG vdl:execute2 STAGING_OUT jobid=a1sm10ms-h2iknesk
2012-06-06 19:14:37,897-0500 INFO  vdl:dostageout START jobid=a1sm10ms-h2iknesk - Staging out files
2012-06-06 19:14:37,901-0500 DEBUG vdl:dostageout stageouts: [[$, c:messagefile - Open]]
2012-06-06 19:14:37,917-0500 DEBUG vdl:dostageout FILE_STAGE_OUT_START srcname=1.result srcdir=3inloop-20120606-1914-o5a3lfag/shared/ srchost=localhost destdir= desthost=localhost provider=file
2012-06-06 19:14:37,919-0500 INFO  LateBindingScheduler JobQueue: 0
2012-06-06 19:14:37,924-0500 INFO  LateBindingScheduler JobQueue: 0
2012-06-06 19:14:37,925-0500 DEBUG vdl:dostageout FILE_STAGE_OUT_END srcname=1.result srcdir=3inloop-20120606-1914-o5a3lfag/shared/ srchost=localhost destdir= desthost=localhost provider=file
2012-06-06 19:14:37,927-0500 INFO  LateBindingScheduler JobQueue: 0
2012-06-06 19:14:37,928-0500 INFO  vdl:dostageout END jobid=a1sm10ms-h2iknesk - Staging out finished
2012-06-06 19:14:37,929-0500 DEBUG vdl:execute2 JOB_END jobid=a1sm10ms-h2iknesk
2012-06-06 19:14:37,930-0500 INFO  vdl:execute END_SUCCESS thread=0-1-1-1 tr=a1sm10ms
2012-06-06 19:14:37,930-0500 DEBUG countwords PROCEDURE_END line=4
2012-06-06 19:14:37,932-0500 DEBUG vdl:mains FOREACH_IT_END line=12 thread=0-1-1
2012-06-06 19:14:37,968-0500 INFO  LateBindingScheduler JobQueue: 0
2012-06-06 19:14:37,971-0500 DEBUG vdl:checkjobstatus START jobid=a1sm10ms-j2iknesk
2012-06-06 19:14:37,974-0500 INFO  LateBindingScheduler JobQueue: 0
2012-06-06 19:14:37,975-0500 INFO  vdl:checkjobstatus SUCCESS jobid=a1sm10ms-j2iknesk - Success file found
2012-06-06 19:14:37,976-0500 DEBUG vdl:execute2 STAGING_OUT jobid=a1sm10ms-j2iknesk
2012-06-06 19:14:37,978-0500 INFO  vdl:dostageout START jobid=a1sm10ms-j2iknesk - Staging out files
2012-06-06 19:14:37,979-0500 DEBUG vdl:dostageout stageouts: [[$, c:messagefile - Open]]
2012-06-06 19:14:37,987-0500 DEBUG vdl:dostageout FILE_STAGE_OUT_START srcname=2.result srcdir=3inloop-20120606-1914-o5a3lfag/shared/ srchost=localhost destdir= desthost=localhost provider=file
2012-06-06 19:14:37,989-0500 INFO  LateBindingScheduler JobQueue: 0
2012-06-06 19:14:37,995-0500 INFO  LateBindingScheduler JobQueue: 0
2012-06-06 19:14:37,996-0500 DEBUG vdl:dostageout FILE_STAGE_OUT_END srcname=2.result srcdir=3inloop-20120606-1914-o5a3lfag/shared/ srchost=localhost destdir= desthost=localhost provider=file
2012-06-06 19:14:37,999-0500 INFO  LateBindingScheduler JobQueue: 0
2012-06-06 19:14:38,003-0500 INFO  vdl:dostageout END jobid=a1sm10ms-j2iknesk - Staging out finished
2012-06-06 19:14:38,008-0500 DEBUG vdl:execute2 JOB_END jobid=a1sm10ms-j2iknesk
2012-06-06 19:14:38,010-0500 INFO  vdl:execute END_SUCCESS thread=0-1-2-1 tr=a1sm10ms
2012-06-06 19:14:38,011-0500 DEBUG countwords PROCEDURE_END line=4
2012-06-06 19:14:38,013-0500 DEBUG vdl:mains FOREACH_IT_END line=12 thread=0-1-2
2012-06-06 19:14:38,036-0500 DEBUG vdl:mains Starting cleanups
2012-06-06 19:14:38,037-0500 INFO  vdl:cleanups START cleanups=[[3inloop-20120606-1914-o5a3lfag, localhost]]
2012-06-06 19:14:38,038-0500 INFO  vdl:cleanup START dir=3inloop-20120606-1914-o5a3lfag host=localhost
2012-06-06 19:14:38,039-0500 DEBUG vdl:cleanup cdmfile 
2012-06-06 19:14:38,041-0500 INFO  GridExec TASK_DEFINITION: Task(type=JOB_SUBMISSION, identity=urn:0-1-1339028075868) is /bin/rm -rf 3inloop-20120606-1914-o5a3lfag
2012-06-06 19:14:38,042-0500 INFO  JobSubmissionTaskHandler Submit: in: /var/tmp command: /bin/rm -rf 3inloop-20120606-1914-o5a3lfag
2012-06-06 19:14:38,042-0500 INFO  LateBindingScheduler JobQueue: 0
2012-06-06 19:14:38,043-0500 INFO  vdl:cleanup END dir=3inloop-20120606-1914-o5a3lfag host=localhost
2012-06-06 19:14:38,045-0500 INFO  vdl:cleanups END cleanups=[[3inloop-20120606-1914-o5a3lfag, localhost]]
2012-06-06 19:14:38,046-0500 DEBUG vdl:mains Ending cleanups
2012-06-06 19:14:38,047-0500 INFO  Loader Swift finished with no errors
