2012-06-08 09:38:18,948-0500 DEBUG Loader arguments: [-tc.file, tc.data, -sites.file, 0-throttle-sites.xml, 3inloop.swift]
2012-06-08 09:38:18,948-0500 DEBUG Loader Max heap: 252248064
2012-06-08 09:38:18,949-0500 DEBUG textfiles BEGIN SWIFTSCRIPT:

type messagefile; 

app (messagefile t) countwords () {   
     a1sm1ms stdout=@filename(t);
}

string outputNames = "test1 test2 test3";

messagefile outputfiles[] <fixed_array_mapper;files=outputNames>;

foreach f,i in outputfiles {
  messagefile c <single_file_mapper; file=@strcat(i, ".result")>;
  c = countwords();
}


2012-06-08 09:38:18,949-0500 DEBUG textfiles END SWIFTSCRIPT:
2012-06-08 09:38:18,950-0500 INFO  Loader 3inloop.swift: source file is new. Recompiling.
2012-06-08 09:38:18,950-0500 DEBUG Loader kmlversion is >239b8550-a5ff-44be-a124-5e7ecd70737d<
2012-06-08 09:38:18,950-0500 DEBUG Loader build version is >239b8550-a5ff-44be-a124-5e7ecd70737d<
2012-06-08 09:38:19,509-0500 INFO  Karajan Validation of XML intermediate file was successful
2012-06-08 09:38:19,697-0500 DEBUG Loader setting: sites.file to: 0-throttle-sites.xml
2012-06-08 09:38:19,697-0500 DEBUG Loader setting: tc.file to: tc.data
2012-06-08 09:38:19,697-0500 DEBUG textfiles BEGIN SITES:
<config>

  <pool handle="localhost">
    <filesystem provider="local" />
    <execution provider="local" />
    <workdirectory >/var/tmp</workdirectory>
    <profile namespace="karajan" key="jobThrottle">.01</profile>
    <profile namespace="karajan" key="initialScore">10000</profile>
  </pool>

</config>


2012-06-08 09:38:19,697-0500 DEBUG textfiles END SITES:
2012-06-08 09:38:19,701-0500 INFO  VDL2ExecutionContext Stack dump:
Level 1
[iA = 0, iB = 0, bA = false, bB = false]
	vdl:instanceconfig = Swift configuration []
	vdl:operation = run
	swift.home = /usr/local/swift/bin/..
	PATH_SEPARATOR = /


2012-06-08 09:38:20,334-0500 INFO  unknown Using sites file: 0-throttle-sites.xml
2012-06-08 09:38:20,373-0500 INFO  unknown Using tc.data: tc.data
2012-06-08 09:38:20,483-0500 INFO  AbstractScheduler Setting resources to: {localhost=localhost}
2012-06-08 09:38:21,056-0500 INFO  unknown Swift 0.93 swift-r5483 cog-r3339

2012-06-08 09:38:21,056-0500 INFO  unknown RUNID id=run:20120608-0938-6ma27h0b
2012-06-08 09:38:21,100-0500 INFO  SetFieldValue Set: outputNames=test1 test2 test3
2012-06-08 09:38:21,117-0500 INFO  RootDataNode Found data outputfiles:messagefile[] - Open.[0]
2012-06-08 09:38:21,117-0500 INFO  RootDataNode Found data outputfiles:messagefile[] - Open.[1]
2012-06-08 09:38:21,117-0500 INFO  RootDataNode Found data outputfiles:messagefile[] - Open.[2]
2012-06-08 09:38:21,120-0500 DEBUG vdl:mains FOREACH_IT_START line=12 thread=0-1-2
2012-06-08 09:38:21,121-0500 DEBUG vdl:mains SCOPE thread=0-1-2
2012-06-08 09:38:21,121-0500 DEBUG vdl:mains FOREACH_IT_START line=12 thread=0-1-0
2012-06-08 09:38:21,121-0500 DEBUG vdl:mains FOREACH_IT_START line=12 thread=0-1-1
2012-06-08 09:38:21,121-0500 DEBUG vdl:mains SCOPE thread=0-1-0
2012-06-08 09:38:21,122-0500 DEBUG vdl:mains SCOPE thread=0-1-1
2012-06-08 09:38:21,128-0500 INFO  SetFieldValue Set: swift#mapper#17001=0.result
2012-06-08 09:38:21,129-0500 INFO  SetFieldValue Set: swift#mapper#17001=2.result
2012-06-08 09:38:21,129-0500 INFO  SetFieldValue Set: swift#mapper#17001=1.result
2012-06-08 09:38:21,131-0500 DEBUG countwords PROCEDURE line=4 thread=0-1-0-1 name=countwords
2012-06-08 09:38:21,131-0500 DEBUG countwords PROCEDURE line=4 thread=0-1-1-1 name=countwords
2012-06-08 09:38:21,131-0500 DEBUG countwords PROCEDURE line=4 thread=0-1-2-1 name=countwords
2012-06-08 09:38:21,133-0500 INFO  RootDataNode Found mapped data c:messagefile - Open.$
2012-06-08 09:38:21,133-0500 INFO  RootDataNode Found mapped data c:messagefile - Open.$
2012-06-08 09:38:21,134-0500 INFO  RootDataNode Found mapped data c:messagefile - Open.$
2012-06-08 09:38:21,139-0500 INFO  vdl:execute START thread=0-1-2-1 tr=a1sm1ms
2012-06-08 09:38:21,139-0500 INFO  vdl:execute START thread=0-1-1-1 tr=a1sm1ms
2012-06-08 09:38:21,139-0500 INFO  vdl:execute START thread=0-1-0-1 tr=a1sm1ms
2012-06-08 09:38:21,156-0500 INFO  WeightedHostScoreScheduler CONTACT_SELECTED host=localhost, score=99.854
2012-06-08 09:38:21,159-0500 INFO  WeightedHostScoreScheduler CONTACT_SELECTED host=localhost, score=99.854
2012-06-08 09:38:21,163-0500 INFO  GlobalSubmitQueue No global submit throttle set. Using default (1024)
2012-06-08 09:38:21,167-0500 INFO  LateBindingScheduler JobQueue: 1
2012-06-08 09:38:21,170-0500 INFO  LateBindingScheduler JobQueue: 1
2012-06-08 09:38:21,177-0500 INFO  vdl:initshareddir START host=localhost - Initializing shared directory
2012-06-08 09:38:21,182-0500 INFO  LateBindingScheduler JobQueue: 1
2012-06-08 09:38:21,213-0500 INFO  LateBindingScheduler JobQueue: 1
2012-06-08 09:38:21,217-0500 INFO  LateBindingScheduler JobQueue: 1
2012-06-08 09:38:21,221-0500 INFO  LateBindingScheduler JobQueue: 1
2012-06-08 09:38:21,229-0500 INFO  LateBindingScheduler JobQueue: 1
2012-06-08 09:38:21,236-0500 INFO  LateBindingScheduler JobQueue: 1
2012-06-08 09:38:21,240-0500 INFO  vdl:initshareddir END host=localhost - Done initializing shared directory
2012-06-08 09:38:21,247-0500 DEBUG vdl:execute2 THREAD_ASSOCIATION jobid=a1sm1ms-yfeoahsk thread=0-1-2-1-1 host=localhost replicationGroup=tfeoahsk
2012-06-08 09:38:21,247-0500 DEBUG vdl:execute2 THREAD_ASSOCIATION jobid=a1sm1ms-xfeoahsk thread=0-1-1-1-1 host=localhost replicationGroup=vfeoahsk
2012-06-08 09:38:21,271-0500 INFO  vdl:createdirset START jobid=a1sm1ms-xfeoahsk host=localhost - Initializing directory structure
2012-06-08 09:38:21,271-0500 INFO  vdl:createdirset START jobid=a1sm1ms-yfeoahsk host=localhost - Initializing directory structure
2012-06-08 09:38:21,273-0500 INFO  vdl:createdirset END jobid=a1sm1ms-xfeoahsk - Done initializing directory structure
2012-06-08 09:38:21,273-0500 INFO  vdl:createdirset END jobid=a1sm1ms-yfeoahsk - Done initializing directory structure
2012-06-08 09:38:21,276-0500 INFO  vdl:dostagein START jobid=a1sm1ms-xfeoahsk - Staging in files
2012-06-08 09:38:21,276-0500 INFO  vdl:dostagein START jobid=a1sm1ms-yfeoahsk - Staging in files
2012-06-08 09:38:21,287-0500 INFO  vdl:dostagein END jobid=a1sm1ms-yfeoahsk - Staging in finished
2012-06-08 09:38:21,287-0500 INFO  vdl:dostagein END jobid=a1sm1ms-xfeoahsk - Staging in finished
2012-06-08 09:38:21,294-0500 DEBUG vdl:execute2 JOB_START jobid=a1sm1ms-yfeoahsk tr=a1sm1ms arguments=[] tmpdir=3inloop-20120608-0938-6ma27h0b/jobs/y/a1sm1ms-yfeoahsk host=localhost
2012-06-08 09:38:21,294-0500 DEBUG vdl:execute2 JOB_START jobid=a1sm1ms-xfeoahsk tr=a1sm1ms arguments=[] tmpdir=3inloop-20120608-0938-6ma27h0b/jobs/x/a1sm1ms-xfeoahsk host=localhost
2012-06-08 09:38:21,309-0500 DEBUG textfiles BEGIN TC:
#This is the transformation catalog.
#
#It comes pre-configured with a number of simple transformations with
#paths that are likely to work on a linux box. However, on some systems,
#the paths to these executables will be different (for example, sometimes
#some of these programs are found in /usr/bin rather than in /bin)
#
#NOTE WELL: fields in this file must be separated by tabs, not spaces; and
#there must be no trailing whitespace at the end of each line.
#
# sitename  transformation  path   INSTALLED  platform  profiles
localhost 	echo 		/bin/echo	INSTALLED	INTEL32::LINUX	null
localhost 	cat 		/bin/cat	INSTALLED	INTEL32::LINUX	null
localhost 	ls 		/bin/ls		INSTALLED	INTEL32::LINUX	null
localhost 	grep 		/bin/grep	INSTALLED	INTEL32::LINUX	null
localhost 	sort 		/bin/sort	INSTALLED	INTEL32::LINUX	null
localhost 	paste 		/bin/paste	INSTALLED	INTEL32::LINUX	null
localhost 	cp 		/bin/cp         INSTALLED	INTEL32::LINUX	null
localhost 	touch 		/bin/touch      INSTALLED	INTEL32::LINUX	null
localhost	wc		/usr/bin/wc	INSTALLED	INTEL32::LINUX	null
localhost	sh		/bin/wc		INSTALLED	INTEL32::LINUX	null
localhost	scott3a		/home/skrieder/swift/multi/scott3a.sh		INSTALLED	INTEL32::LINUX	null
localhost	scott3b		/home/skrieder/swift/multi/scott3b.sh		INSTALLED	INTEL32::LINUX	null
localhost	cka		/home/skrieder/swift/cuda/1sm1ms		INSTALLED	INTEL32::LINUX	null
localhost	a1sm0ms		/home/skrieder/swift/cuda/1sm0ms		INSTALLED	INTEL32::LINUX	null
localhost	a1sm1ms		/home/skrieder/swift/cuda/1sm1ms		INSTALLED	INTEL32::LINUX	null
localhost	a1sm10ms	/home/skrieder/swift/cuda/1sm10ms		INSTALLED	INTEL32::LINUX	null
localhost	a1sm100ms	/home/skrieder/swift/cuda/1sm100ms		INSTALLED	INTEL32::LINUX	null
localhost	a2sm0ms		/home/skrieder/swift/cuda/2sm0ms		INSTALLED	INTEL32::LINUX	null
localhost	a2sm1ms		/home/skrieder/swift/cuda/2sm1ms		INSTALLED	INTEL32::LINUX	null
localhost	a2sm10ms	/home/skrieder/swift/cuda/2sm10ms		INSTALLED	INTEL32::LINUX	null
localhost	a2sm100ms	/home/skrieder/swift/cuda/2sm100ms		INSTALLED	INTEL32::LINUX	null
localhost	a4sm0ms		/home/skrieder/swift/cuda/4sm0ms		INSTALLED	INTEL32::LINUX	null
localhost	a4sm1ms		/home/skrieder/swift/cuda/4sm1ms		INSTALLED	INTEL32::LINUX	null
localhost	a4sm10ms	/home/skrieder/swift/cuda/4sm10ms		INSTALLED	INTEL32::LINUX	null
localhost	a4sm100ms	/home/skrieder/swift/cuda/4sm100ms		INSTALLED	INTEL32::LINUX	null
localhost	a8sm0ms		/home/skrieder/swift/cuda/8sm0ms		INSTALLED	INTEL32::LINUX	null
localhost	a8sm1ms		/home/skrieder/swift/cuda/8sm1ms		INSTALLED	INTEL32::LINUX	null
localhost	a8sm10ms	/home/skrieder/swift/cuda/8sm10ms		INSTALLED	INTEL32::LINUX	null
localhost	a8sm100ms	/home/skrieder/swift/cuda/8sm100ms		INSTALLED	INTEL32::LINUX	null
localhost	a16sm0ms	/home/skrieder/swift/cuda/16sm0ms		INSTALLED	INTEL32::LINUX	null
localhost	a16sm1ms	/home/skrieder/swift/cuda/16sm1ms		INSTALLED	INTEL32::LINUX	null
localhost	a16sm10ms	/home/skrieder/swift/cuda/16sm10ms		INSTALLED	INTEL32::LINUX	null
localhost	a16sm100ms	/home/skrieder/swift/cuda/16sm100ms		INSTALLED	INTEL32::LINUX	null
localhost	sleep0ms	/home/skrieder/swift/c/sleep0ms			INSTALLED	INTEL32::LINUX	null
localhost	sleep1ms	/home/skrieder/swift/c/sleep1ms			INSTALLED	INTEL32::LINUX	null
localhost	sleep10ms	/home/skrieder/swift/c/sleep10ms		INSTALLED	INTEL32::LINUX	null
localhost	sleep100ms	/home/skrieder/swift/c/sleep100ms			INSTALLED	INTEL32::LINUX	null
localhost	sleep1000ms	/home/skrieder/swift/c/sleep1000ms			INSTALLED	INTEL32::LINUX	null
localhost	sleep10000ms	/home/skrieder/swift/c/sleep10000ms			INSTALLED	INTEL32::LINUX	null
localhost	hello		/home/skrieder/swift/multi/hello			INSTALLED	INTEL32::LINUX	null


2012-06-08 09:38:21,309-0500 DEBUG textfiles END TC:
2012-06-08 09:38:21,351-0500 INFO  GridExec TASK_DEFINITION: Task(type=JOB_SUBMISSION, identity=urn:0-1-2-1-1-1339166300367) is /bin/bash shared/_swiftwrap a1sm1ms-yfeoahsk -jobdir y -scratch  -e /home/skrieder/swift/cuda/1sm1ms -out 2.result -err stderr.txt -i -d  -if  -of 2.result -k  -cdmfile  -status files -a
2012-06-08 09:38:21,351-0500 INFO  GridExec TASK_DEFINITION: Task(type=JOB_SUBMISSION, identity=urn:0-1-1-1-1-1339166300366) is /bin/bash shared/_swiftwrap a1sm1ms-xfeoahsk -jobdir x -scratch  -e /home/skrieder/swift/cuda/1sm1ms -out 1.result -err stderr.txt -i -d  -if  -of 1.result -k  -cdmfile  -status files -a
2012-06-08 09:38:21,368-0500 INFO  JobSubmissionTaskHandler Submit: in: /var/tmp/3inloop-20120608-0938-6ma27h0b command: /bin/bash /var/tmp/3inloop-20120608-0938-6ma27h0b/shared/_swiftwrap a1sm1ms-yfeoahsk -jobdir y -scratch  -e /home/skrieder/swift/cuda/1sm1ms -out 2.result -err stderr.txt -i -d  -if  -of 2.result -k  -cdmfile  -status files -a
2012-06-08 09:38:21,368-0500 INFO  JobSubmissionTaskHandler Submit: in: /var/tmp/3inloop-20120608-0938-6ma27h0b command: /bin/bash /var/tmp/3inloop-20120608-0938-6ma27h0b/shared/_swiftwrap a1sm1ms-xfeoahsk -jobdir x -scratch  -e /home/skrieder/swift/cuda/1sm1ms -out 1.result -err stderr.txt -i -d  -if  -of 1.result -k  -cdmfile  -status files -a
2012-06-08 09:38:21,667-0500 INFO  LateBindingScheduler JobQueue: 1
2012-06-08 09:38:21,675-0500 DEBUG vdl:checkjobstatus START jobid=a1sm1ms-yfeoahsk
2012-06-08 09:38:21,688-0500 INFO  LateBindingScheduler JobQueue: 1
2012-06-08 09:38:21,690-0500 INFO  vdl:checkerrorfile FAILURE jobid=a1sm1ms-yfeoahsk - Failure file found
2012-06-08 09:38:21,694-0500 INFO  LateBindingScheduler JobQueue: 1
2012-06-08 09:38:21,698-0500 INFO  LateBindingScheduler JobQueue: 1
2012-06-08 09:38:21,700-0500 INFO  LateBindingScheduler JobQueue: 1
2012-06-08 09:38:21,704-0500 DEBUG vdl:execute2 STAGING_OUT jobid=a1sm1ms-yfeoahsk
2012-06-08 09:38:21,708-0500 INFO  vdl:dostageout START jobid=a1sm1ms-yfeoahsk - Staging out files
2012-06-08 09:38:21,709-0500 DEBUG vdl:dostageout stageouts: [[$, c:messagefile - Open]]
2012-06-08 09:38:21,725-0500 INFO  LateBindingScheduler JobQueue: 1
2012-06-08 09:38:21,727-0500 DEBUG vdl:dostageout FILE_STAGE_OUT_START srcname=2.result srcdir=3inloop-20120608-0938-6ma27h0b/shared/ srchost=localhost destdir= desthost=localhost provider=file
2012-06-08 09:38:21,728-0500 DEBUG vdl:checkjobstatus START jobid=a1sm1ms-xfeoahsk
2012-06-08 09:38:21,730-0500 INFO  LateBindingScheduler JobQueue: 2
2012-06-08 09:38:21,731-0500 INFO  LateBindingScheduler JobQueue: 1
2012-06-08 09:38:21,732-0500 INFO  vdl:checkjobstatus SUCCESS jobid=a1sm1ms-xfeoahsk - Success file found
2012-06-08 09:38:21,734-0500 DEBUG vdl:execute2 STAGING_OUT jobid=a1sm1ms-xfeoahsk
2012-06-08 09:38:21,736-0500 INFO  vdl:dostageout START jobid=a1sm1ms-xfeoahsk - Staging out files
2012-06-08 09:38:21,736-0500 DEBUG vdl:dostageout stageouts: [[$, c:messagefile - Open]]
2012-06-08 09:38:21,744-0500 DEBUG vdl:dostageout FILE_STAGE_OUT_START srcname=1.result srcdir=3inloop-20120608-0938-6ma27h0b/shared/ srchost=localhost destdir= desthost=localhost provider=file
2012-06-08 09:38:21,746-0500 INFO  LateBindingScheduler JobQueue: 1
2012-06-08 09:38:21,753-0500 INFO  LateBindingScheduler JobQueue: 2
2012-06-08 09:38:21,755-0500 DEBUG vdl:dostageout FILE_STAGE_OUT_END srcname=1.result srcdir=3inloop-20120608-0938-6ma27h0b/shared/ srchost=localhost destdir= desthost=localhost provider=file
2012-06-08 09:38:21,764-0500 INFO  LateBindingScheduler JobQueue: 1
2012-06-08 09:38:21,770-0500 INFO  LateBindingScheduler JobQueue: 1
2012-06-08 09:38:21,772-0500 INFO  vdl:checkerrorfile NO_STATUS_FILE jobid=a1sm1ms-yfeoahsk - Error file missing
2012-06-08 09:38:21,777-0500 DEBUG vdl:execute2 APPLICATION_EXCEPTION jobid=a1sm1ms-yfeoahsk - Application exception: null
Caused by: org.globus.cog.abstraction.impl.file.FileNotFoundException: File not found: /var/tmp/3inloop-20120608-0938-6ma27h0b/shared/2.result
2012-06-08 09:38:21,780-0500 INFO  vdl:dostageout END jobid=a1sm1ms-xfeoahsk - Staging out finished
2012-06-08 09:38:21,791-0500 DEBUG vdl:execute2 JOB_END jobid=a1sm1ms-xfeoahsk
2012-06-08 09:38:21,794-0500 INFO  vdl:execute END_SUCCESS thread=0-1-1-1 tr=a1sm1ms
2012-06-08 09:38:21,795-0500 INFO  WeightedHostScoreScheduler CONTACT_SELECTED host=localhost, score=99.854
2012-06-08 09:38:21,796-0500 DEBUG countwords PROCEDURE_END line=4
2012-06-08 09:38:21,799-0500 INFO  LateBindingScheduler JobQueue: 0
2012-06-08 09:38:21,799-0500 DEBUG vdl:mains FOREACH_IT_END line=12 thread=0-1-1
2012-06-08 09:38:21,802-0500 DEBUG vdl:execute2 THREAD_ASSOCIATION jobid=a1sm1ms-zfeoahsk thread=0-1-0-1-1 host=localhost replicationGroup=ufeoahsk
2012-06-08 09:38:21,804-0500 INFO  LateBindingScheduler JobQueue: 0
2012-06-08 09:38:21,809-0500 INFO  LateBindingScheduler JobQueue: 0
2012-06-08 09:38:21,811-0500 INFO  vdl:createdirset START jobid=a1sm1ms-zfeoahsk host=localhost - Initializing directory structure
2012-06-08 09:38:21,812-0500 INFO  vdl:createdirset END jobid=a1sm1ms-zfeoahsk - Done initializing directory structure
2012-06-08 09:38:21,813-0500 INFO  LateBindingScheduler JobQueue: 0
2012-06-08 09:38:21,814-0500 INFO  vdl:dostagein START jobid=a1sm1ms-zfeoahsk - Staging in files
2012-06-08 09:38:21,816-0500 INFO  vdl:dostagein END jobid=a1sm1ms-zfeoahsk - Staging in finished
2012-06-08 09:38:21,818-0500 DEBUG vdl:execute2 JOB_START jobid=a1sm1ms-zfeoahsk tr=a1sm1ms arguments=[] tmpdir=3inloop-20120608-0938-6ma27h0b/jobs/z/a1sm1ms-zfeoahsk host=localhost
2012-06-08 09:38:21,825-0500 INFO  LateBindingScheduler JobQueue: 0
2012-06-08 09:38:21,829-0500 INFO  GridExec TASK_DEFINITION: Task(type=JOB_SUBMISSION, identity=urn:0-1-0-1-1-1339166300415) is /bin/bash shared/_swiftwrap a1sm1ms-zfeoahsk -jobdir z -scratch  -e /home/skrieder/swift/cuda/1sm1ms -out 0.result -err stderr.txt -i -d  -if  -of 0.result -k  -cdmfile  -status files -a
2012-06-08 09:38:21,830-0500 INFO  JobSubmissionTaskHandler Submit: in: /var/tmp/3inloop-20120608-0938-6ma27h0b command: /bin/bash /var/tmp/3inloop-20120608-0938-6ma27h0b/shared/_swiftwrap a1sm1ms-zfeoahsk -jobdir z -scratch  -e /home/skrieder/swift/cuda/1sm1ms -out 0.result -err stderr.txt -i -d  -if  -of 0.result -k  -cdmfile  -status files -a
2012-06-08 09:38:21,846-0500 INFO  WeightedHostScoreScheduler CONTACT_SELECTED host=localhost, score=99.854
2012-06-08 09:38:21,852-0500 DEBUG vdl:execute2 THREAD_ASSOCIATION jobid=a1sm1ms-1geoahsk thread=0-1-2-1-1 host=localhost replicationGroup=0geoahsk
2012-06-08 09:38:21,862-0500 INFO  vdl:createdirset START jobid=a1sm1ms-1geoahsk host=localhost - Initializing directory structure
2012-06-08 09:38:21,863-0500 INFO  vdl:createdirset END jobid=a1sm1ms-1geoahsk - Done initializing directory structure
2012-06-08 09:38:21,865-0500 INFO  vdl:dostagein START jobid=a1sm1ms-1geoahsk - Staging in files
2012-06-08 09:38:21,867-0500 INFO  vdl:dostagein END jobid=a1sm1ms-1geoahsk - Staging in finished
2012-06-08 09:38:21,869-0500 DEBUG vdl:execute2 JOB_START jobid=a1sm1ms-1geoahsk tr=a1sm1ms arguments=[] tmpdir=3inloop-20120608-0938-6ma27h0b/jobs/1/a1sm1ms-1geoahsk host=localhost
2012-06-08 09:38:21,882-0500 INFO  GridExec TASK_DEFINITION: Task(type=JOB_SUBMISSION, identity=urn:0-1-2-1-1-1339166300418) is /bin/bash shared/_swiftwrap a1sm1ms-1geoahsk -jobdir 1 -scratch  -e /home/skrieder/swift/cuda/1sm1ms -out 2.result -err stderr.txt -i -d  -if  -of 2.result -k  -cdmfile  -status files -a
2012-06-08 09:38:21,883-0500 INFO  JobSubmissionTaskHandler Submit: in: /var/tmp/3inloop-20120608-0938-6ma27h0b command: /bin/bash /var/tmp/3inloop-20120608-0938-6ma27h0b/shared/_swiftwrap a1sm1ms-1geoahsk -jobdir 1 -scratch  -e /home/skrieder/swift/cuda/1sm1ms -out 2.result -err stderr.txt -i -d  -if  -of 2.result -k  -cdmfile  -status files -a
2012-06-08 09:38:22,076-0500 INFO  LateBindingScheduler JobQueue: 0
2012-06-08 09:38:22,085-0500 DEBUG vdl:checkjobstatus START jobid=a1sm1ms-zfeoahsk
2012-06-08 09:38:22,096-0500 INFO  LateBindingScheduler JobQueue: 0
2012-06-08 09:38:22,099-0500 INFO  vdl:checkjobstatus SUCCESS jobid=a1sm1ms-zfeoahsk - Success file found
2012-06-08 09:38:22,107-0500 DEBUG vdl:execute2 STAGING_OUT jobid=a1sm1ms-zfeoahsk
2012-06-08 09:38:22,110-0500 INFO  vdl:dostageout START jobid=a1sm1ms-zfeoahsk - Staging out files
2012-06-08 09:38:22,110-0500 DEBUG vdl:dostageout stageouts: [[$, c:messagefile - Open]]
2012-06-08 09:38:22,118-0500 DEBUG vdl:dostageout FILE_STAGE_OUT_START srcname=0.result srcdir=3inloop-20120608-0938-6ma27h0b/shared/ srchost=localhost destdir= desthost=localhost provider=file
2012-06-08 09:38:22,120-0500 INFO  LateBindingScheduler JobQueue: 0
2012-06-08 09:38:22,127-0500 INFO  LateBindingScheduler JobQueue: 0
2012-06-08 09:38:22,128-0500 DEBUG vdl:dostageout FILE_STAGE_OUT_END srcname=0.result srcdir=3inloop-20120608-0938-6ma27h0b/shared/ srchost=localhost destdir= desthost=localhost provider=file
2012-06-08 09:38:22,131-0500 INFO  LateBindingScheduler JobQueue: 0
2012-06-08 09:38:22,135-0500 INFO  vdl:dostageout END jobid=a1sm1ms-zfeoahsk - Staging out finished
2012-06-08 09:38:22,140-0500 DEBUG vdl:execute2 JOB_END jobid=a1sm1ms-zfeoahsk
2012-06-08 09:38:22,141-0500 INFO  vdl:execute END_SUCCESS thread=0-1-0-1 tr=a1sm1ms
2012-06-08 09:38:22,143-0500 DEBUG countwords PROCEDURE_END line=4
2012-06-08 09:38:22,145-0500 DEBUG vdl:mains FOREACH_IT_END line=12 thread=0-1-0
2012-06-08 09:38:22,171-0500 INFO  LateBindingScheduler JobQueue: 0
2012-06-08 09:38:22,173-0500 DEBUG vdl:checkjobstatus START jobid=a1sm1ms-1geoahsk
2012-06-08 09:38:22,176-0500 INFO  LateBindingScheduler JobQueue: 0
2012-06-08 09:38:22,177-0500 INFO  vdl:checkjobstatus SUCCESS jobid=a1sm1ms-1geoahsk - Success file found
2012-06-08 09:38:22,179-0500 DEBUG vdl:execute2 STAGING_OUT jobid=a1sm1ms-1geoahsk
2012-06-08 09:38:22,180-0500 INFO  vdl:dostageout START jobid=a1sm1ms-1geoahsk - Staging out files
2012-06-08 09:38:22,181-0500 DEBUG vdl:dostageout stageouts: [[$, c:messagefile - Open]]
2012-06-08 09:38:22,188-0500 DEBUG vdl:dostageout FILE_STAGE_OUT_START srcname=2.result srcdir=3inloop-20120608-0938-6ma27h0b/shared/ srchost=localhost destdir= desthost=localhost provider=file
2012-06-08 09:38:22,190-0500 INFO  LateBindingScheduler JobQueue: 0
2012-06-08 09:38:22,197-0500 INFO  LateBindingScheduler JobQueue: 0
2012-06-08 09:38:22,199-0500 DEBUG vdl:dostageout FILE_STAGE_OUT_END srcname=2.result srcdir=3inloop-20120608-0938-6ma27h0b/shared/ srchost=localhost destdir= desthost=localhost provider=file
2012-06-08 09:38:22,201-0500 INFO  LateBindingScheduler JobQueue: 0
2012-06-08 09:38:22,205-0500 INFO  vdl:dostageout END jobid=a1sm1ms-1geoahsk - Staging out finished
2012-06-08 09:38:22,209-0500 DEBUG vdl:execute2 JOB_END jobid=a1sm1ms-1geoahsk
2012-06-08 09:38:22,211-0500 INFO  vdl:execute END_SUCCESS thread=0-1-2-1 tr=a1sm1ms
2012-06-08 09:38:22,212-0500 DEBUG countwords PROCEDURE_END line=4
2012-06-08 09:38:22,214-0500 DEBUG vdl:mains FOREACH_IT_END line=12 thread=0-1-2
2012-06-08 09:38:22,237-0500 DEBUG vdl:mains Starting cleanups
2012-06-08 09:38:22,237-0500 INFO  vdl:cleanups START cleanups=[[3inloop-20120608-0938-6ma27h0b, localhost]]
2012-06-08 09:38:22,239-0500 INFO  vdl:cleanup START dir=3inloop-20120608-0938-6ma27h0b host=localhost
2012-06-08 09:38:22,239-0500 DEBUG vdl:cleanup cdmfile 
2012-06-08 09:38:22,241-0500 INFO  GridExec TASK_DEFINITION: Task(type=JOB_SUBMISSION, identity=urn:0-1-1339166300438) is /bin/rm -rf 3inloop-20120608-0938-6ma27h0b
2012-06-08 09:38:22,242-0500 INFO  JobSubmissionTaskHandler Submit: in: /var/tmp command: /bin/rm -rf 3inloop-20120608-0938-6ma27h0b
2012-06-08 09:38:22,242-0500 INFO  LateBindingScheduler JobQueue: 0
2012-06-08 09:38:22,243-0500 INFO  vdl:cleanup END dir=3inloop-20120608-0938-6ma27h0b host=localhost
2012-06-08 09:38:22,243-0500 INFO  vdl:cleanups END cleanups=[[3inloop-20120608-0938-6ma27h0b, localhost]]
2012-06-08 09:38:22,244-0500 DEBUG vdl:mains Ending cleanups
2012-06-08 09:38:22,245-0500 INFO  Loader Swift finished with no errors
