2012-06-08 09:38:31,426-0500 DEBUG Loader arguments: [-tc.file, tc.data, -sites.file, 0-throttle-sites.xml, 3inloop.swift]
2012-06-08 09:38:31,426-0500 DEBUG Loader Max heap: 252248064
2012-06-08 09:38:31,427-0500 DEBUG textfiles BEGIN SWIFTSCRIPT:

type messagefile; 

app (messagefile t) countwords () {   
     a1sm1ms stdout=@filename(t);
}

string outputNames = "test1 test2 test3";

messagefile outputfiles[] <fixed_array_mapper;files=outputNames>;

foreach f,i in outputfiles {
  messagefile c <single_file_mapper; file=@strcat(i, ".result")>;
  c = countwords();
}


2012-06-08 09:38:31,428-0500 DEBUG textfiles END SWIFTSCRIPT:
2012-06-08 09:38:31,428-0500 DEBUG Loader kmlversion is >239b8550-a5ff-44be-a124-5e7ecd70737d<
2012-06-08 09:38:31,428-0500 DEBUG Loader build version is >239b8550-a5ff-44be-a124-5e7ecd70737d<
2012-06-08 09:38:31,428-0500 DEBUG Loader Recompilation suppressed.
2012-06-08 09:38:31,573-0500 DEBUG Loader setting: sites.file to: 0-throttle-sites.xml
2012-06-08 09:38:31,573-0500 DEBUG Loader setting: tc.file to: tc.data
2012-06-08 09:38:31,574-0500 DEBUG textfiles BEGIN SITES:
<config>

  <pool handle="localhost">
    <filesystem provider="local" />
    <execution provider="local" />
    <workdirectory >/var/tmp</workdirectory>
    <profile namespace="karajan" key="jobThrottle">.01</profile>
    <profile namespace="karajan" key="initialScore">10000</profile>
  </pool>

</config>


2012-06-08 09:38:31,574-0500 DEBUG textfiles END SITES:
2012-06-08 09:38:31,578-0500 INFO  VDL2ExecutionContext Stack dump:
Level 1
[iA = 0, iB = 0, bA = false, bB = false]
	vdl:instanceconfig = Swift configuration []
	vdl:operation = run
	swift.home = /usr/local/swift/bin/..
	PATH_SEPARATOR = /


2012-06-08 09:38:32,233-0500 INFO  unknown Using sites file: 0-throttle-sites.xml
2012-06-08 09:38:32,273-0500 INFO  unknown Using tc.data: tc.data
2012-06-08 09:38:32,398-0500 INFO  AbstractScheduler Setting resources to: {localhost=localhost}
2012-06-08 09:38:33,004-0500 INFO  unknown Swift 0.93 swift-r5483 cog-r3339

2012-06-08 09:38:33,005-0500 INFO  unknown RUNID id=run:20120608-0938-zi0bg7v4
2012-06-08 09:38:33,048-0500 INFO  SetFieldValue Set: outputNames=test1 test2 test3
2012-06-08 09:38:33,067-0500 INFO  RootDataNode Found data outputfiles:messagefile[] - Open.[0]
2012-06-08 09:38:33,067-0500 INFO  RootDataNode Found data outputfiles:messagefile[] - Open.[1]
2012-06-08 09:38:33,067-0500 INFO  RootDataNode Found data outputfiles:messagefile[] - Open.[2]
2012-06-08 09:38:33,071-0500 DEBUG vdl:mains FOREACH_IT_START line=12 thread=0-1-2
2012-06-08 09:38:33,071-0500 DEBUG vdl:mains FOREACH_IT_START line=12 thread=0-1-1
2012-06-08 09:38:33,071-0500 DEBUG vdl:mains FOREACH_IT_START line=12 thread=0-1-0
2012-06-08 09:38:33,071-0500 DEBUG vdl:mains SCOPE thread=0-1-2
2012-06-08 09:38:33,072-0500 DEBUG vdl:mains SCOPE thread=0-1-1
2012-06-08 09:38:33,072-0500 DEBUG vdl:mains SCOPE thread=0-1-0
2012-06-08 09:38:33,077-0500 INFO  SetFieldValue Set: swift#mapper#17001=2.result
2012-06-08 09:38:33,078-0500 DEBUG countwords PROCEDURE line=4 thread=0-1-2-1 name=countwords
2012-06-08 09:38:33,079-0500 INFO  SetFieldValue Set: swift#mapper#17001=1.result
2012-06-08 09:38:33,080-0500 INFO  SetFieldValue Set: swift#mapper#17001=0.result
2012-06-08 09:38:33,080-0500 DEBUG countwords PROCEDURE line=4 thread=0-1-1-1 name=countwords
2012-06-08 09:38:33,080-0500 DEBUG countwords PROCEDURE line=4 thread=0-1-0-1 name=countwords
2012-06-08 09:38:33,082-0500 INFO  RootDataNode Found mapped data c:messagefile - Open.$
2012-06-08 09:38:33,082-0500 INFO  RootDataNode Found mapped data c:messagefile - Open.$
2012-06-08 09:38:33,082-0500 INFO  RootDataNode Found mapped data c:messagefile - Open.$
2012-06-08 09:38:33,088-0500 INFO  vdl:execute START thread=0-1-0-1 tr=a1sm1ms
2012-06-08 09:38:33,088-0500 INFO  vdl:execute START thread=0-1-1-1 tr=a1sm1ms
2012-06-08 09:38:33,088-0500 INFO  vdl:execute START thread=0-1-2-1 tr=a1sm1ms
2012-06-08 09:38:33,110-0500 INFO  WeightedHostScoreScheduler CONTACT_SELECTED host=localhost, score=99.854
2012-06-08 09:38:33,112-0500 INFO  WeightedHostScoreScheduler CONTACT_SELECTED host=localhost, score=99.854
2012-06-08 09:38:33,117-0500 INFO  GlobalSubmitQueue No global submit throttle set. Using default (1024)
2012-06-08 09:38:33,119-0500 INFO  LateBindingScheduler JobQueue: 1
2012-06-08 09:38:33,122-0500 INFO  LateBindingScheduler JobQueue: 1
2012-06-08 09:38:33,126-0500 INFO  vdl:initshareddir START host=localhost - Initializing shared directory
2012-06-08 09:38:33,132-0500 INFO  LateBindingScheduler JobQueue: 1
2012-06-08 09:38:33,160-0500 INFO  LateBindingScheduler JobQueue: 1
2012-06-08 09:38:33,163-0500 INFO  LateBindingScheduler JobQueue: 1
2012-06-08 09:38:33,166-0500 INFO  LateBindingScheduler JobQueue: 1
2012-06-08 09:38:33,174-0500 INFO  LateBindingScheduler JobQueue: 1
2012-06-08 09:38:33,182-0500 INFO  LateBindingScheduler JobQueue: 1
2012-06-08 09:38:33,186-0500 INFO  vdl:initshareddir END host=localhost - Done initializing shared directory
2012-06-08 09:38:33,192-0500 DEBUG vdl:execute2 THREAD_ASSOCIATION jobid=a1sm1ms-y5ooahsk thread=0-1-1-1-1 host=localhost replicationGroup=u5ooahsk
2012-06-08 09:38:33,192-0500 DEBUG vdl:execute2 THREAD_ASSOCIATION jobid=a1sm1ms-z5ooahsk thread=0-1-2-1-1 host=localhost replicationGroup=x5ooahsk
2012-06-08 09:38:33,217-0500 INFO  vdl:createdirset START jobid=a1sm1ms-y5ooahsk host=localhost - Initializing directory structure
2012-06-08 09:38:33,217-0500 INFO  vdl:createdirset START jobid=a1sm1ms-z5ooahsk host=localhost - Initializing directory structure
2012-06-08 09:38:33,219-0500 INFO  vdl:createdirset END jobid=a1sm1ms-y5ooahsk - Done initializing directory structure
2012-06-08 09:38:33,219-0500 INFO  vdl:createdirset END jobid=a1sm1ms-z5ooahsk - Done initializing directory structure
2012-06-08 09:38:33,222-0500 INFO  vdl:dostagein START jobid=a1sm1ms-y5ooahsk - Staging in files
2012-06-08 09:38:33,222-0500 INFO  vdl:dostagein START jobid=a1sm1ms-z5ooahsk - Staging in files
2012-06-08 09:38:33,233-0500 INFO  vdl:dostagein END jobid=a1sm1ms-y5ooahsk - Staging in finished
2012-06-08 09:38:33,233-0500 INFO  vdl:dostagein END jobid=a1sm1ms-z5ooahsk - Staging in finished
2012-06-08 09:38:33,239-0500 DEBUG vdl:execute2 JOB_START jobid=a1sm1ms-z5ooahsk tr=a1sm1ms arguments=[] tmpdir=3inloop-20120608-0938-zi0bg7v4/jobs/z/a1sm1ms-z5ooahsk host=localhost
2012-06-08 09:38:33,239-0500 DEBUG vdl:execute2 JOB_START jobid=a1sm1ms-y5ooahsk tr=a1sm1ms arguments=[] tmpdir=3inloop-20120608-0938-zi0bg7v4/jobs/y/a1sm1ms-y5ooahsk host=localhost
2012-06-08 09:38:33,254-0500 DEBUG textfiles BEGIN TC:
#This is the transformation catalog.
#
#It comes pre-configured with a number of simple transformations with
#paths that are likely to work on a linux box. However, on some systems,
#the paths to these executables will be different (for example, sometimes
#some of these programs are found in /usr/bin rather than in /bin)
#
#NOTE WELL: fields in this file must be separated by tabs, not spaces; and
#there must be no trailing whitespace at the end of each line.
#
# sitename  transformation  path   INSTALLED  platform  profiles
localhost 	echo 		/bin/echo	INSTALLED	INTEL32::LINUX	null
localhost 	cat 		/bin/cat	INSTALLED	INTEL32::LINUX	null
localhost 	ls 		/bin/ls		INSTALLED	INTEL32::LINUX	null
localhost 	grep 		/bin/grep	INSTALLED	INTEL32::LINUX	null
localhost 	sort 		/bin/sort	INSTALLED	INTEL32::LINUX	null
localhost 	paste 		/bin/paste	INSTALLED	INTEL32::LINUX	null
localhost 	cp 		/bin/cp         INSTALLED	INTEL32::LINUX	null
localhost 	touch 		/bin/touch      INSTALLED	INTEL32::LINUX	null
localhost	wc		/usr/bin/wc	INSTALLED	INTEL32::LINUX	null
localhost	sh		/bin/wc		INSTALLED	INTEL32::LINUX	null
localhost	scott3a		/home/skrieder/swift/multi/scott3a.sh		INSTALLED	INTEL32::LINUX	null
localhost	scott3b		/home/skrieder/swift/multi/scott3b.sh		INSTALLED	INTEL32::LINUX	null
localhost	cka		/home/skrieder/swift/cuda/1sm1ms		INSTALLED	INTEL32::LINUX	null
localhost	a1sm0ms		/home/skrieder/swift/cuda/1sm0ms		INSTALLED	INTEL32::LINUX	null
localhost	a1sm1ms		/home/skrieder/swift/cuda/1sm1ms		INSTALLED	INTEL32::LINUX	null
localhost	a1sm10ms	/home/skrieder/swift/cuda/1sm10ms		INSTALLED	INTEL32::LINUX	null
localhost	a1sm100ms	/home/skrieder/swift/cuda/1sm100ms		INSTALLED	INTEL32::LINUX	null
localhost	a2sm0ms		/home/skrieder/swift/cuda/2sm0ms		INSTALLED	INTEL32::LINUX	null
localhost	a2sm1ms		/home/skrieder/swift/cuda/2sm1ms		INSTALLED	INTEL32::LINUX	null
localhost	a2sm10ms	/home/skrieder/swift/cuda/2sm10ms		INSTALLED	INTEL32::LINUX	null
localhost	a2sm100ms	/home/skrieder/swift/cuda/2sm100ms		INSTALLED	INTEL32::LINUX	null
localhost	a4sm0ms		/home/skrieder/swift/cuda/4sm0ms		INSTALLED	INTEL32::LINUX	null
localhost	a4sm1ms		/home/skrieder/swift/cuda/4sm1ms		INSTALLED	INTEL32::LINUX	null
localhost	a4sm10ms	/home/skrieder/swift/cuda/4sm10ms		INSTALLED	INTEL32::LINUX	null
localhost	a4sm100ms	/home/skrieder/swift/cuda/4sm100ms		INSTALLED	INTEL32::LINUX	null
localhost	a8sm0ms		/home/skrieder/swift/cuda/8sm0ms		INSTALLED	INTEL32::LINUX	null
localhost	a8sm1ms		/home/skrieder/swift/cuda/8sm1ms		INSTALLED	INTEL32::LINUX	null
localhost	a8sm10ms	/home/skrieder/swift/cuda/8sm10ms		INSTALLED	INTEL32::LINUX	null
localhost	a8sm100ms	/home/skrieder/swift/cuda/8sm100ms		INSTALLED	INTEL32::LINUX	null
localhost	a16sm0ms	/home/skrieder/swift/cuda/16sm0ms		INSTALLED	INTEL32::LINUX	null
localhost	a16sm1ms	/home/skrieder/swift/cuda/16sm1ms		INSTALLED	INTEL32::LINUX	null
localhost	a16sm10ms	/home/skrieder/swift/cuda/16sm10ms		INSTALLED	INTEL32::LINUX	null
localhost	a16sm100ms	/home/skrieder/swift/cuda/16sm100ms		INSTALLED	INTEL32::LINUX	null
localhost	sleep0ms	/home/skrieder/swift/c/sleep0ms			INSTALLED	INTEL32::LINUX	null
localhost	sleep1ms	/home/skrieder/swift/c/sleep1ms			INSTALLED	INTEL32::LINUX	null
localhost	sleep10ms	/home/skrieder/swift/c/sleep10ms		INSTALLED	INTEL32::LINUX	null
localhost	sleep100ms	/home/skrieder/swift/c/sleep100ms			INSTALLED	INTEL32::LINUX	null
localhost	sleep1000ms	/home/skrieder/swift/c/sleep1000ms			INSTALLED	INTEL32::LINUX	null
localhost	sleep10000ms	/home/skrieder/swift/c/sleep10000ms			INSTALLED	INTEL32::LINUX	null
localhost	hello		/home/skrieder/swift/multi/hello			INSTALLED	INTEL32::LINUX	null


2012-06-08 09:38:33,256-0500 DEBUG textfiles END TC:
2012-06-08 09:38:33,279-0500 INFO  GridExec TASK_DEFINITION: Task(type=JOB_SUBMISSION, identity=urn:0-1-1-1-1-1339166312268) is /bin/bash shared/_swiftwrap a1sm1ms-y5ooahsk -jobdir y -scratch  -e /home/skrieder/swift/cuda/1sm1ms -out 1.result -err stderr.txt -i -d  -if  -of 1.result -k  -cdmfile  -status files -a
2012-06-08 09:38:33,279-0500 INFO  GridExec TASK_DEFINITION: Task(type=JOB_SUBMISSION, identity=urn:0-1-2-1-1-1339166312269) is /bin/bash shared/_swiftwrap a1sm1ms-z5ooahsk -jobdir z -scratch  -e /home/skrieder/swift/cuda/1sm1ms -out 2.result -err stderr.txt -i -d  -if  -of 2.result -k  -cdmfile  -status files -a
2012-06-08 09:38:33,295-0500 INFO  JobSubmissionTaskHandler Submit: in: /var/tmp/3inloop-20120608-0938-zi0bg7v4 command: /bin/bash /var/tmp/3inloop-20120608-0938-zi0bg7v4/shared/_swiftwrap a1sm1ms-y5ooahsk -jobdir y -scratch  -e /home/skrieder/swift/cuda/1sm1ms -out 1.result -err stderr.txt -i -d  -if  -of 1.result -k  -cdmfile  -status files -a
2012-06-08 09:38:33,295-0500 INFO  JobSubmissionTaskHandler Submit: in: /var/tmp/3inloop-20120608-0938-zi0bg7v4 command: /bin/bash /var/tmp/3inloop-20120608-0938-zi0bg7v4/shared/_swiftwrap a1sm1ms-z5ooahsk -jobdir z -scratch  -e /home/skrieder/swift/cuda/1sm1ms -out 2.result -err stderr.txt -i -d  -if  -of 2.result -k  -cdmfile  -status files -a
2012-06-08 09:38:33,605-0500 INFO  LateBindingScheduler JobQueue: 1
2012-06-08 09:38:33,610-0500 DEBUG vdl:checkjobstatus START jobid=a1sm1ms-z5ooahsk
2012-06-08 09:38:33,623-0500 INFO  LateBindingScheduler JobQueue: 1
2012-06-08 09:38:33,625-0500 INFO  vdl:checkerrorfile FAILURE jobid=a1sm1ms-z5ooahsk - Failure file found
2012-06-08 09:38:33,625-0500 INFO  LateBindingScheduler JobQueue: 1
2012-06-08 09:38:33,628-0500 DEBUG vdl:checkjobstatus START jobid=a1sm1ms-y5ooahsk
2012-06-08 09:38:33,629-0500 INFO  LateBindingScheduler JobQueue: 1
2012-06-08 09:38:33,631-0500 INFO  LateBindingScheduler JobQueue: 1
2012-06-08 09:38:33,633-0500 INFO  vdl:checkjobstatus SUCCESS jobid=a1sm1ms-y5ooahsk - Success file found
2012-06-08 09:38:33,633-0500 INFO  LateBindingScheduler JobQueue: 1
2012-06-08 09:38:33,635-0500 INFO  LateBindingScheduler JobQueue: 1
2012-06-08 09:38:33,635-0500 DEBUG vdl:execute2 STAGING_OUT jobid=a1sm1ms-y5ooahsk
2012-06-08 09:38:33,638-0500 DEBUG vdl:execute2 STAGING_OUT jobid=a1sm1ms-z5ooahsk
2012-06-08 09:38:33,640-0500 INFO  vdl:dostageout START jobid=a1sm1ms-y5ooahsk - Staging out files
2012-06-08 09:38:33,640-0500 INFO  vdl:dostageout START jobid=a1sm1ms-z5ooahsk - Staging out files
2012-06-08 09:38:33,641-0500 DEBUG vdl:dostageout stageouts: [[$, c:messagefile - Open]]
2012-06-08 09:38:33,641-0500 DEBUG vdl:dostageout stageouts: [[$, c:messagefile - Open]]
2012-06-08 09:38:33,660-0500 DEBUG vdl:dostageout FILE_STAGE_OUT_START srcname=1.result srcdir=3inloop-20120608-0938-zi0bg7v4/shared/ srchost=localhost destdir= desthost=localhost provider=file
2012-06-08 09:38:33,660-0500 DEBUG vdl:dostageout FILE_STAGE_OUT_START srcname=2.result srcdir=3inloop-20120608-0938-zi0bg7v4/shared/ srchost=localhost destdir= desthost=localhost provider=file
2012-06-08 09:38:33,663-0500 INFO  LateBindingScheduler JobQueue: 1
2012-06-08 09:38:33,663-0500 INFO  LateBindingScheduler JobQueue: 1
2012-06-08 09:38:33,684-0500 INFO  LateBindingScheduler JobQueue: 1
2012-06-08 09:38:33,686-0500 DEBUG vdl:dostageout FILE_STAGE_OUT_END srcname=1.result srcdir=3inloop-20120608-0938-zi0bg7v4/shared/ srchost=localhost destdir= desthost=localhost provider=file
2012-06-08 09:38:33,695-0500 INFO  LateBindingScheduler JobQueue: 1
2012-06-08 09:38:33,703-0500 INFO  LateBindingScheduler JobQueue: 1
2012-06-08 09:38:33,705-0500 INFO  vdl:checkerrorfile NO_STATUS_FILE jobid=a1sm1ms-z5ooahsk - Error file missing
2012-06-08 09:38:33,710-0500 DEBUG vdl:execute2 APPLICATION_EXCEPTION jobid=a1sm1ms-z5ooahsk - Application exception: null
Caused by: org.globus.cog.abstraction.impl.file.FileNotFoundException: File not found: /var/tmp/3inloop-20120608-0938-zi0bg7v4/shared/2.result
2012-06-08 09:38:33,711-0500 INFO  vdl:dostageout END jobid=a1sm1ms-y5ooahsk - Staging out finished
2012-06-08 09:38:33,722-0500 DEBUG vdl:execute2 JOB_END jobid=a1sm1ms-y5ooahsk
2012-06-08 09:38:33,723-0500 INFO  vdl:execute END_SUCCESS thread=0-1-1-1 tr=a1sm1ms
2012-06-08 09:38:33,724-0500 DEBUG countwords PROCEDURE_END line=4
2012-06-08 09:38:33,724-0500 DEBUG vdl:mains FOREACH_IT_END line=12 thread=0-1-1
2012-06-08 09:38:33,725-0500 INFO  WeightedHostScoreScheduler CONTACT_SELECTED host=localhost, score=99.854
2012-06-08 09:38:33,734-0500 INFO  LateBindingScheduler JobQueue: 0
2012-06-08 09:38:33,735-0500 DEBUG vdl:execute2 THREAD_ASSOCIATION jobid=a1sm1ms-06ooahsk thread=0-1-0-1-1 host=localhost replicationGroup=v5ooahsk
2012-06-08 09:38:33,738-0500 INFO  vdl:createdirset START jobid=a1sm1ms-06ooahsk host=localhost - Initializing directory structure
2012-06-08 09:38:33,738-0500 INFO  LateBindingScheduler JobQueue: 0
2012-06-08 09:38:33,738-0500 INFO  vdl:createdirset END jobid=a1sm1ms-06ooahsk - Done initializing directory structure
2012-06-08 09:38:33,739-0500 INFO  vdl:dostagein START jobid=a1sm1ms-06ooahsk - Staging in files
2012-06-08 09:38:33,740-0500 INFO  vdl:dostagein END jobid=a1sm1ms-06ooahsk - Staging in finished
2012-06-08 09:38:33,740-0500 DEBUG vdl:execute2 JOB_START jobid=a1sm1ms-06ooahsk tr=a1sm1ms arguments=[] tmpdir=3inloop-20120608-0938-zi0bg7v4/jobs/0/a1sm1ms-06ooahsk host=localhost
2012-06-08 09:38:33,742-0500 INFO  LateBindingScheduler JobQueue: 0
2012-06-08 09:38:33,743-0500 INFO  GridExec TASK_DEFINITION: Task(type=JOB_SUBMISSION, identity=urn:0-1-0-1-1-1339166312313) is /bin/bash shared/_swiftwrap a1sm1ms-06ooahsk -jobdir 0 -scratch  -e /home/skrieder/swift/cuda/1sm1ms -out 0.result -err stderr.txt -i -d  -if  -of 0.result -k  -cdmfile  -status files -a
2012-06-08 09:38:33,744-0500 INFO  JobSubmissionTaskHandler Submit: in: /var/tmp/3inloop-20120608-0938-zi0bg7v4 command: /bin/bash /var/tmp/3inloop-20120608-0938-zi0bg7v4/shared/_swiftwrap a1sm1ms-06ooahsk -jobdir 0 -scratch  -e /home/skrieder/swift/cuda/1sm1ms -out 0.result -err stderr.txt -i -d  -if  -of 0.result -k  -cdmfile  -status files -a
2012-06-08 09:38:33,745-0500 INFO  LateBindingScheduler JobQueue: 0
2012-06-08 09:38:33,753-0500 INFO  LateBindingScheduler JobQueue: 0
2012-06-08 09:38:33,760-0500 INFO  WeightedHostScoreScheduler CONTACT_SELECTED host=localhost, score=99.854
2012-06-08 09:38:33,763-0500 DEBUG vdl:execute2 THREAD_ASSOCIATION jobid=a1sm1ms-26ooahsk thread=0-1-2-1-1 host=localhost replicationGroup=16ooahsk
2012-06-08 09:38:33,767-0500 INFO  vdl:createdirset START jobid=a1sm1ms-26ooahsk host=localhost - Initializing directory structure
2012-06-08 09:38:33,767-0500 INFO  vdl:createdirset END jobid=a1sm1ms-26ooahsk - Done initializing directory structure
2012-06-08 09:38:33,768-0500 INFO  vdl:dostagein START jobid=a1sm1ms-26ooahsk - Staging in files
2012-06-08 09:38:33,769-0500 INFO  vdl:dostagein END jobid=a1sm1ms-26ooahsk - Staging in finished
2012-06-08 09:38:33,770-0500 DEBUG vdl:execute2 JOB_START jobid=a1sm1ms-26ooahsk tr=a1sm1ms arguments=[] tmpdir=3inloop-20120608-0938-zi0bg7v4/jobs/2/a1sm1ms-26ooahsk host=localhost
2012-06-08 09:38:33,775-0500 INFO  GridExec TASK_DEFINITION: Task(type=JOB_SUBMISSION, identity=urn:0-1-2-1-1-1339166312321) is /bin/bash shared/_swiftwrap a1sm1ms-26ooahsk -jobdir 2 -scratch  -e /home/skrieder/swift/cuda/1sm1ms -out 2.result -err stderr.txt -i -d  -if  -of 2.result -k  -cdmfile  -status files -a
2012-06-08 09:38:33,776-0500 INFO  JobSubmissionTaskHandler Submit: in: /var/tmp/3inloop-20120608-0938-zi0bg7v4 command: /bin/bash /var/tmp/3inloop-20120608-0938-zi0bg7v4/shared/_swiftwrap a1sm1ms-26ooahsk -jobdir 2 -scratch  -e /home/skrieder/swift/cuda/1sm1ms -out 2.result -err stderr.txt -i -d  -if  -of 2.result -k  -cdmfile  -status files -a
2012-06-08 09:38:34,011-0500 INFO  LateBindingScheduler JobQueue: 0
2012-06-08 09:38:34,026-0500 DEBUG vdl:checkjobstatus START jobid=a1sm1ms-06ooahsk
2012-06-08 09:38:34,029-0500 INFO  LateBindingScheduler JobQueue: 0
2012-06-08 09:38:34,031-0500 INFO  vdl:checkjobstatus SUCCESS jobid=a1sm1ms-06ooahsk - Success file found
2012-06-08 09:38:34,032-0500 DEBUG vdl:execute2 STAGING_OUT jobid=a1sm1ms-06ooahsk
2012-06-08 09:38:34,034-0500 INFO  vdl:dostageout START jobid=a1sm1ms-06ooahsk - Staging out files
2012-06-08 09:38:34,035-0500 DEBUG vdl:dostageout stageouts: [[$, c:messagefile - Open]]
2012-06-08 09:38:34,037-0500 DEBUG vdl:dostageout FILE_STAGE_OUT_START srcname=0.result srcdir=3inloop-20120608-0938-zi0bg7v4/shared/ srchost=localhost destdir= desthost=localhost provider=file
2012-06-08 09:38:34,038-0500 INFO  LateBindingScheduler JobQueue: 0
2012-06-08 09:38:34,042-0500 INFO  LateBindingScheduler JobQueue: 0
2012-06-08 09:38:34,043-0500 DEBUG vdl:dostageout FILE_STAGE_OUT_END srcname=0.result srcdir=3inloop-20120608-0938-zi0bg7v4/shared/ srchost=localhost destdir= desthost=localhost provider=file
2012-06-08 09:38:34,046-0500 INFO  LateBindingScheduler JobQueue: 0
2012-06-08 09:38:34,047-0500 INFO  vdl:dostageout END jobid=a1sm1ms-06ooahsk - Staging out finished
2012-06-08 09:38:34,048-0500 DEBUG vdl:execute2 JOB_END jobid=a1sm1ms-06ooahsk
2012-06-08 09:38:34,049-0500 INFO  vdl:execute END_SUCCESS thread=0-1-0-1 tr=a1sm1ms
2012-06-08 09:38:34,050-0500 DEBUG countwords PROCEDURE_END line=4
2012-06-08 09:38:34,052-0500 DEBUG vdl:mains FOREACH_IT_END line=12 thread=0-1-0
2012-06-08 09:38:34,083-0500 INFO  LateBindingScheduler JobQueue: 0
2012-06-08 09:38:34,086-0500 DEBUG vdl:checkjobstatus START jobid=a1sm1ms-26ooahsk
2012-06-08 09:38:34,089-0500 INFO  LateBindingScheduler JobQueue: 0
2012-06-08 09:38:34,090-0500 INFO  vdl:checkjobstatus SUCCESS jobid=a1sm1ms-26ooahsk - Success file found
2012-06-08 09:38:34,091-0500 DEBUG vdl:execute2 STAGING_OUT jobid=a1sm1ms-26ooahsk
2012-06-08 09:38:34,093-0500 INFO  vdl:dostageout START jobid=a1sm1ms-26ooahsk - Staging out files
2012-06-08 09:38:34,094-0500 DEBUG vdl:dostageout stageouts: [[$, c:messagefile - Open]]
2012-06-08 09:38:34,100-0500 DEBUG vdl:dostageout FILE_STAGE_OUT_START srcname=2.result srcdir=3inloop-20120608-0938-zi0bg7v4/shared/ srchost=localhost destdir= desthost=localhost provider=file
2012-06-08 09:38:34,102-0500 INFO  LateBindingScheduler JobQueue: 0
2012-06-08 09:38:34,108-0500 INFO  LateBindingScheduler JobQueue: 0
2012-06-08 09:38:34,110-0500 DEBUG vdl:dostageout FILE_STAGE_OUT_END srcname=2.result srcdir=3inloop-20120608-0938-zi0bg7v4/shared/ srchost=localhost destdir= desthost=localhost provider=file
2012-06-08 09:38:34,112-0500 INFO  LateBindingScheduler JobQueue: 0
2012-06-08 09:38:34,116-0500 INFO  vdl:dostageout END jobid=a1sm1ms-26ooahsk - Staging out finished
2012-06-08 09:38:34,120-0500 DEBUG vdl:execute2 JOB_END jobid=a1sm1ms-26ooahsk
2012-06-08 09:38:34,122-0500 INFO  vdl:execute END_SUCCESS thread=0-1-2-1 tr=a1sm1ms
2012-06-08 09:38:34,123-0500 DEBUG countwords PROCEDURE_END line=4
2012-06-08 09:38:34,125-0500 DEBUG vdl:mains FOREACH_IT_END line=12 thread=0-1-2
2012-06-08 09:38:34,147-0500 DEBUG vdl:mains Starting cleanups
2012-06-08 09:38:34,148-0500 INFO  vdl:cleanups START cleanups=[[3inloop-20120608-0938-zi0bg7v4, localhost]]
2012-06-08 09:38:34,149-0500 INFO  vdl:cleanup START dir=3inloop-20120608-0938-zi0bg7v4 host=localhost
2012-06-08 09:38:34,150-0500 DEBUG vdl:cleanup cdmfile 
2012-06-08 09:38:34,152-0500 INFO  GridExec TASK_DEFINITION: Task(type=JOB_SUBMISSION, identity=urn:0-1-1339166312341) is /bin/rm -rf 3inloop-20120608-0938-zi0bg7v4
2012-06-08 09:38:34,153-0500 INFO  JobSubmissionTaskHandler Submit: in: /var/tmp command: /bin/rm -rf 3inloop-20120608-0938-zi0bg7v4
2012-06-08 09:38:34,153-0500 INFO  LateBindingScheduler JobQueue: 0
2012-06-08 09:38:34,153-0500 INFO  vdl:cleanup END dir=3inloop-20120608-0938-zi0bg7v4 host=localhost
2012-06-08 09:38:34,154-0500 INFO  vdl:cleanups END cleanups=[[3inloop-20120608-0938-zi0bg7v4, localhost]]
2012-06-08 09:38:34,154-0500 DEBUG vdl:mains Ending cleanups
2012-06-08 09:38:34,155-0500 INFO  Loader Swift finished with no errors
