2012-06-08 09:39:00,475-0500 DEBUG Loader arguments: [-tc.file, tc.data, -sites.file, 0-throttle-sites.xml, 3inloop.swift]
2012-06-08 09:39:00,476-0500 DEBUG Loader Max heap: 252248064
2012-06-08 09:39:00,477-0500 DEBUG textfiles BEGIN SWIFTSCRIPT:

type messagefile; 

app (messagefile t) countwords () {   
     a1sm1ms stdout=@filename(t);
}

string outputNames = "test1 test2 test3";

messagefile outputfiles[] <fixed_array_mapper;files=outputNames>;

foreach f,i in outputfiles {
  messagefile c <single_file_mapper; file=@strcat(i, ".result")>;
  c = countwords();
}


2012-06-08 09:39:00,477-0500 DEBUG textfiles END SWIFTSCRIPT:
2012-06-08 09:39:00,477-0500 DEBUG Loader kmlversion is >239b8550-a5ff-44be-a124-5e7ecd70737d<
2012-06-08 09:39:00,477-0500 DEBUG Loader build version is >239b8550-a5ff-44be-a124-5e7ecd70737d<
2012-06-08 09:39:00,477-0500 DEBUG Loader Recompilation suppressed.
2012-06-08 09:39:00,623-0500 DEBUG Loader setting: sites.file to: 0-throttle-sites.xml
2012-06-08 09:39:00,623-0500 DEBUG Loader setting: tc.file to: tc.data
2012-06-08 09:39:00,624-0500 DEBUG textfiles BEGIN SITES:
<config>

  <pool handle="localhost">
    <filesystem provider="local" />
    <execution provider="local" />
    <workdirectory >/var/tmp</workdirectory>
    <profile namespace="karajan" key="jobThrottle">.01</profile>
    <profile namespace="karajan" key="initialScore">10000</profile>
  </pool>

</config>


2012-06-08 09:39:00,624-0500 DEBUG textfiles END SITES:
2012-06-08 09:39:00,628-0500 INFO  VDL2ExecutionContext Stack dump:
Level 1
[iA = 0, iB = 0, bA = false, bB = false]
	vdl:instanceconfig = Swift configuration []
	vdl:operation = run
	swift.home = /usr/local/swift/bin/..
	PATH_SEPARATOR = /


2012-06-08 09:39:01,336-0500 INFO  unknown Using sites file: 0-throttle-sites.xml
2012-06-08 09:39:01,373-0500 INFO  unknown Using tc.data: tc.data
2012-06-08 09:39:01,482-0500 INFO  AbstractScheduler Setting resources to: {localhost=localhost}
2012-06-08 09:39:02,176-0500 INFO  unknown Swift 0.93 swift-r5483 cog-r3339

2012-06-08 09:39:02,177-0500 INFO  unknown RUNID id=run:20120608-0939-4b3hc5q6
2012-06-08 09:39:02,225-0500 INFO  SetFieldValue Set: outputNames=test1 test2 test3
2012-06-08 09:39:02,247-0500 INFO  RootDataNode Found data outputfiles:messagefile[] - Open.[0]
2012-06-08 09:39:02,247-0500 INFO  RootDataNode Found data outputfiles:messagefile[] - Open.[1]
2012-06-08 09:39:02,247-0500 INFO  RootDataNode Found data outputfiles:messagefile[] - Open.[2]
2012-06-08 09:39:02,250-0500 DEBUG vdl:mains FOREACH_IT_START line=12 thread=0-1-2
2012-06-08 09:39:02,250-0500 DEBUG vdl:mains SCOPE thread=0-1-2
2012-06-08 09:39:02,251-0500 DEBUG vdl:mains FOREACH_IT_START line=12 thread=0-1-0
2012-06-08 09:39:02,251-0500 DEBUG vdl:mains FOREACH_IT_START line=12 thread=0-1-1
2012-06-08 09:39:02,251-0500 DEBUG vdl:mains SCOPE thread=0-1-0
2012-06-08 09:39:02,252-0500 DEBUG vdl:mains SCOPE thread=0-1-1
2012-06-08 09:39:02,260-0500 INFO  SetFieldValue Set: swift#mapper#17001=2.result
2012-06-08 09:39:02,261-0500 INFO  SetFieldValue Set: swift#mapper#17001=0.result
2012-06-08 09:39:02,261-0500 DEBUG countwords PROCEDURE line=4 thread=0-1-2-1 name=countwords
2012-06-08 09:39:02,261-0500 INFO  SetFieldValue Set: swift#mapper#17001=1.result
2012-06-08 09:39:02,261-0500 DEBUG countwords PROCEDURE line=4 thread=0-1-0-1 name=countwords
2012-06-08 09:39:02,262-0500 DEBUG countwords PROCEDURE line=4 thread=0-1-1-1 name=countwords
2012-06-08 09:39:02,266-0500 INFO  RootDataNode Found mapped data c:messagefile - Open.$
2012-06-08 09:39:02,266-0500 INFO  RootDataNode Found mapped data c:messagefile - Open.$
2012-06-08 09:39:02,266-0500 INFO  RootDataNode Found mapped data c:messagefile - Open.$
2012-06-08 09:39:02,275-0500 INFO  vdl:execute START thread=0-1-0-1 tr=a1sm1ms
2012-06-08 09:39:02,275-0500 INFO  vdl:execute START thread=0-1-2-1 tr=a1sm1ms
2012-06-08 09:39:02,275-0500 INFO  vdl:execute START thread=0-1-1-1 tr=a1sm1ms
2012-06-08 09:39:02,304-0500 INFO  WeightedHostScoreScheduler CONTACT_SELECTED host=localhost, score=99.854
2012-06-08 09:39:02,307-0500 INFO  WeightedHostScoreScheduler CONTACT_SELECTED host=localhost, score=99.854
2012-06-08 09:39:02,313-0500 INFO  GlobalSubmitQueue No global submit throttle set. Using default (1024)
2012-06-08 09:39:02,318-0500 INFO  LateBindingScheduler JobQueue: 1
2012-06-08 09:39:02,322-0500 INFO  LateBindingScheduler JobQueue: 1
2012-06-08 09:39:02,330-0500 INFO  vdl:initshareddir START host=localhost - Initializing shared directory
2012-06-08 09:39:02,336-0500 INFO  LateBindingScheduler JobQueue: 1
2012-06-08 09:39:02,362-0500 INFO  LateBindingScheduler JobQueue: 1
2012-06-08 09:39:02,365-0500 INFO  LateBindingScheduler JobQueue: 1
2012-06-08 09:39:02,369-0500 INFO  LateBindingScheduler JobQueue: 1
2012-06-08 09:39:02,375-0500 INFO  LateBindingScheduler JobQueue: 1
2012-06-08 09:39:02,383-0500 INFO  LateBindingScheduler JobQueue: 1
2012-06-08 09:39:02,387-0500 INFO  vdl:initshareddir END host=localhost - Done initializing shared directory
2012-06-08 09:39:02,394-0500 DEBUG vdl:execute2 THREAD_ASSOCIATION jobid=a1sm1ms-vucpahsk thread=0-1-2-1-1 host=localhost replicationGroup=rucpahsk
2012-06-08 09:39:02,394-0500 DEBUG vdl:execute2 THREAD_ASSOCIATION jobid=a1sm1ms-uucpahsk thread=0-1-1-1-1 host=localhost replicationGroup=tucpahsk
2012-06-08 09:39:02,418-0500 INFO  vdl:createdirset START jobid=a1sm1ms-vucpahsk host=localhost - Initializing directory structure
2012-06-08 09:39:02,418-0500 INFO  vdl:createdirset START jobid=a1sm1ms-uucpahsk host=localhost - Initializing directory structure
2012-06-08 09:39:02,420-0500 INFO  vdl:createdirset END jobid=a1sm1ms-vucpahsk - Done initializing directory structure
2012-06-08 09:39:02,420-0500 INFO  vdl:createdirset END jobid=a1sm1ms-uucpahsk - Done initializing directory structure
2012-06-08 09:39:02,423-0500 INFO  vdl:dostagein START jobid=a1sm1ms-vucpahsk - Staging in files
2012-06-08 09:39:02,423-0500 INFO  vdl:dostagein START jobid=a1sm1ms-uucpahsk - Staging in files
2012-06-08 09:39:02,434-0500 INFO  vdl:dostagein END jobid=a1sm1ms-vucpahsk - Staging in finished
2012-06-08 09:39:02,434-0500 INFO  vdl:dostagein END jobid=a1sm1ms-uucpahsk - Staging in finished
2012-06-08 09:39:02,440-0500 DEBUG vdl:execute2 JOB_START jobid=a1sm1ms-vucpahsk tr=a1sm1ms arguments=[] tmpdir=3inloop-20120608-0939-4b3hc5q6/jobs/v/a1sm1ms-vucpahsk host=localhost
2012-06-08 09:39:02,440-0500 DEBUG vdl:execute2 JOB_START jobid=a1sm1ms-uucpahsk tr=a1sm1ms arguments=[] tmpdir=3inloop-20120608-0939-4b3hc5q6/jobs/u/a1sm1ms-uucpahsk host=localhost
2012-06-08 09:39:02,456-0500 DEBUG textfiles BEGIN TC:
#This is the transformation catalog.
#
#It comes pre-configured with a number of simple transformations with
#paths that are likely to work on a linux box. However, on some systems,
#the paths to these executables will be different (for example, sometimes
#some of these programs are found in /usr/bin rather than in /bin)
#
#NOTE WELL: fields in this file must be separated by tabs, not spaces; and
#there must be no trailing whitespace at the end of each line.
#
# sitename  transformation  path   INSTALLED  platform  profiles
localhost 	echo 		/bin/echo	INSTALLED	INTEL32::LINUX	null
localhost 	cat 		/bin/cat	INSTALLED	INTEL32::LINUX	null
localhost 	ls 		/bin/ls		INSTALLED	INTEL32::LINUX	null
localhost 	grep 		/bin/grep	INSTALLED	INTEL32::LINUX	null
localhost 	sort 		/bin/sort	INSTALLED	INTEL32::LINUX	null
localhost 	paste 		/bin/paste	INSTALLED	INTEL32::LINUX	null
localhost 	cp 		/bin/cp         INSTALLED	INTEL32::LINUX	null
localhost 	touch 		/bin/touch      INSTALLED	INTEL32::LINUX	null
localhost	wc		/usr/bin/wc	INSTALLED	INTEL32::LINUX	null
localhost	sh		/bin/wc		INSTALLED	INTEL32::LINUX	null
localhost	scott3a		/home/skrieder/swift/multi/scott3a.sh		INSTALLED	INTEL32::LINUX	null
localhost	scott3b		/home/skrieder/swift/multi/scott3b.sh		INSTALLED	INTEL32::LINUX	null
localhost	cka		/home/skrieder/swift/cuda/1sm1ms		INSTALLED	INTEL32::LINUX	null
localhost	a1sm0ms		/home/skrieder/swift/cuda/1sm0ms		INSTALLED	INTEL32::LINUX	null
localhost	a1sm1ms		/home/skrieder/swift/cuda/1sm1ms		INSTALLED	INTEL32::LINUX	null
localhost	a1sm10ms	/home/skrieder/swift/cuda/1sm10ms		INSTALLED	INTEL32::LINUX	null
localhost	a1sm100ms	/home/skrieder/swift/cuda/1sm100ms		INSTALLED	INTEL32::LINUX	null
localhost	a2sm0ms		/home/skrieder/swift/cuda/2sm0ms		INSTALLED	INTEL32::LINUX	null
localhost	a2sm1ms		/home/skrieder/swift/cuda/2sm1ms		INSTALLED	INTEL32::LINUX	null
localhost	a2sm10ms	/home/skrieder/swift/cuda/2sm10ms		INSTALLED	INTEL32::LINUX	null
localhost	a2sm100ms	/home/skrieder/swift/cuda/2sm100ms		INSTALLED	INTEL32::LINUX	null
localhost	a4sm0ms		/home/skrieder/swift/cuda/4sm0ms		INSTALLED	INTEL32::LINUX	null
localhost	a4sm1ms		/home/skrieder/swift/cuda/4sm1ms		INSTALLED	INTEL32::LINUX	null
localhost	a4sm10ms	/home/skrieder/swift/cuda/4sm10ms		INSTALLED	INTEL32::LINUX	null
localhost	a4sm100ms	/home/skrieder/swift/cuda/4sm100ms		INSTALLED	INTEL32::LINUX	null
localhost	a8sm0ms		/home/skrieder/swift/cuda/8sm0ms		INSTALLED	INTEL32::LINUX	null
localhost	a8sm1ms		/home/skrieder/swift/cuda/8sm1ms		INSTALLED	INTEL32::LINUX	null
localhost	a8sm10ms	/home/skrieder/swift/cuda/8sm10ms		INSTALLED	INTEL32::LINUX	null
localhost	a8sm100ms	/home/skrieder/swift/cuda/8sm100ms		INSTALLED	INTEL32::LINUX	null
localhost	a16sm0ms	/home/skrieder/swift/cuda/16sm0ms		INSTALLED	INTEL32::LINUX	null
localhost	a16sm1ms	/home/skrieder/swift/cuda/16sm1ms		INSTALLED	INTEL32::LINUX	null
localhost	a16sm10ms	/home/skrieder/swift/cuda/16sm10ms		INSTALLED	INTEL32::LINUX	null
localhost	a16sm100ms	/home/skrieder/swift/cuda/16sm100ms		INSTALLED	INTEL32::LINUX	null
localhost	sleep0ms	/home/skrieder/swift/c/sleep0ms			INSTALLED	INTEL32::LINUX	null
localhost	sleep1ms	/home/skrieder/swift/c/sleep1ms			INSTALLED	INTEL32::LINUX	null
localhost	sleep10ms	/home/skrieder/swift/c/sleep10ms		INSTALLED	INTEL32::LINUX	null
localhost	sleep100ms	/home/skrieder/swift/c/sleep100ms			INSTALLED	INTEL32::LINUX	null
localhost	sleep1000ms	/home/skrieder/swift/c/sleep1000ms			INSTALLED	INTEL32::LINUX	null
localhost	sleep10000ms	/home/skrieder/swift/c/sleep10000ms			INSTALLED	INTEL32::LINUX	null
localhost	hello		/home/skrieder/swift/multi/hello			INSTALLED	INTEL32::LINUX	null


2012-06-08 09:39:02,457-0500 DEBUG textfiles END TC:
2012-06-08 09:39:02,478-0500 INFO  GridExec TASK_DEFINITION: Task(type=JOB_SUBMISSION, identity=urn:0-1-2-1-1-1339166341367) is /bin/bash shared/_swiftwrap a1sm1ms-vucpahsk -jobdir v -scratch  -e /home/skrieder/swift/cuda/1sm1ms -out 2.result -err stderr.txt -i -d  -if  -of 2.result -k  -cdmfile  -status files -a
2012-06-08 09:39:02,478-0500 INFO  GridExec TASK_DEFINITION: Task(type=JOB_SUBMISSION, identity=urn:0-1-1-1-1-1339166341368) is /bin/bash shared/_swiftwrap a1sm1ms-uucpahsk -jobdir u -scratch  -e /home/skrieder/swift/cuda/1sm1ms -out 1.result -err stderr.txt -i -d  -if  -of 1.result -k  -cdmfile  -status files -a
2012-06-08 09:39:02,486-0500 INFO  JobSubmissionTaskHandler Submit: in: /var/tmp/3inloop-20120608-0939-4b3hc5q6 command: /bin/bash /var/tmp/3inloop-20120608-0939-4b3hc5q6/shared/_swiftwrap a1sm1ms-vucpahsk -jobdir v -scratch  -e /home/skrieder/swift/cuda/1sm1ms -out 2.result -err stderr.txt -i -d  -if  -of 2.result -k  -cdmfile  -status files -a
2012-06-08 09:39:02,486-0500 INFO  JobSubmissionTaskHandler Submit: in: /var/tmp/3inloop-20120608-0939-4b3hc5q6 command: /bin/bash /var/tmp/3inloop-20120608-0939-4b3hc5q6/shared/_swiftwrap a1sm1ms-uucpahsk -jobdir u -scratch  -e /home/skrieder/swift/cuda/1sm1ms -out 1.result -err stderr.txt -i -d  -if  -of 1.result -k  -cdmfile  -status files -a
2012-06-08 09:39:02,796-0500 INFO  LateBindingScheduler JobQueue: 1
2012-06-08 09:39:02,802-0500 DEBUG vdl:checkjobstatus START jobid=a1sm1ms-uucpahsk
2012-06-08 09:39:02,814-0500 INFO  LateBindingScheduler JobQueue: 1
2012-06-08 09:39:02,816-0500 INFO  LateBindingScheduler JobQueue: 1
2012-06-08 09:39:02,816-0500 INFO  vdl:checkerrorfile FAILURE jobid=a1sm1ms-uucpahsk - Failure file found
2012-06-08 09:39:02,819-0500 DEBUG vdl:checkjobstatus START jobid=a1sm1ms-vucpahsk
2012-06-08 09:39:02,821-0500 INFO  LateBindingScheduler JobQueue: 2
2012-06-08 09:39:02,822-0500 INFO  LateBindingScheduler JobQueue: 1
2012-06-08 09:39:02,824-0500 INFO  vdl:checkjobstatus SUCCESS jobid=a1sm1ms-vucpahsk - Success file found
2012-06-08 09:39:02,825-0500 INFO  LateBindingScheduler JobQueue: 1
2012-06-08 09:39:02,827-0500 DEBUG vdl:execute2 STAGING_OUT jobid=a1sm1ms-vucpahsk
2012-06-08 09:39:02,827-0500 INFO  LateBindingScheduler JobQueue: 1
2012-06-08 09:39:02,830-0500 DEBUG vdl:execute2 STAGING_OUT jobid=a1sm1ms-uucpahsk
2012-06-08 09:39:02,831-0500 INFO  vdl:dostageout START jobid=a1sm1ms-vucpahsk - Staging out files
2012-06-08 09:39:02,832-0500 INFO  vdl:dostageout START jobid=a1sm1ms-uucpahsk - Staging out files
2012-06-08 09:39:02,832-0500 DEBUG vdl:dostageout stageouts: [[$, c:messagefile - Open]]
2012-06-08 09:39:02,833-0500 DEBUG vdl:dostageout stageouts: [[$, c:messagefile - Open]]
2012-06-08 09:39:02,852-0500 DEBUG vdl:dostageout FILE_STAGE_OUT_START srcname=2.result srcdir=3inloop-20120608-0939-4b3hc5q6/shared/ srchost=localhost destdir= desthost=localhost provider=file
2012-06-08 09:39:02,852-0500 DEBUG vdl:dostageout FILE_STAGE_OUT_START srcname=1.result srcdir=3inloop-20120608-0939-4b3hc5q6/shared/ srchost=localhost destdir= desthost=localhost provider=file
2012-06-08 09:39:02,855-0500 INFO  LateBindingScheduler JobQueue: 1
2012-06-08 09:39:02,855-0500 INFO  LateBindingScheduler JobQueue: 1
2012-06-08 09:39:02,876-0500 INFO  LateBindingScheduler JobQueue: 1
2012-06-08 09:39:02,878-0500 DEBUG vdl:dostageout FILE_STAGE_OUT_END srcname=2.result srcdir=3inloop-20120608-0939-4b3hc5q6/shared/ srchost=localhost destdir= desthost=localhost provider=file
2012-06-08 09:39:02,886-0500 INFO  LateBindingScheduler JobQueue: 1
2012-06-08 09:39:02,895-0500 INFO  LateBindingScheduler JobQueue: 1
2012-06-08 09:39:02,897-0500 INFO  vdl:checkerrorfile NO_STATUS_FILE jobid=a1sm1ms-uucpahsk - Error file missing
2012-06-08 09:39:02,902-0500 DEBUG vdl:execute2 APPLICATION_EXCEPTION jobid=a1sm1ms-uucpahsk - Application exception: null
Caused by: org.globus.cog.abstraction.impl.file.FileNotFoundException: File not found: /var/tmp/3inloop-20120608-0939-4b3hc5q6/shared/1.result
2012-06-08 09:39:02,903-0500 INFO  vdl:dostageout END jobid=a1sm1ms-vucpahsk - Staging out finished
2012-06-08 09:39:02,914-0500 DEBUG vdl:execute2 JOB_END jobid=a1sm1ms-vucpahsk
2012-06-08 09:39:02,917-0500 INFO  vdl:execute END_SUCCESS thread=0-1-2-1 tr=a1sm1ms
2012-06-08 09:39:02,919-0500 DEBUG countwords PROCEDURE_END line=4
2012-06-08 09:39:02,922-0500 INFO  WeightedHostScoreScheduler CONTACT_SELECTED host=localhost, score=99.854
2012-06-08 09:39:02,922-0500 DEBUG vdl:mains FOREACH_IT_END line=12 thread=0-1-2
2012-06-08 09:39:02,925-0500 INFO  LateBindingScheduler JobQueue: 0
2012-06-08 09:39:02,928-0500 DEBUG vdl:execute2 THREAD_ASSOCIATION jobid=a1sm1ms-xucpahsk thread=0-1-0-1-1 host=localhost replicationGroup=sucpahsk
2012-06-08 09:39:02,930-0500 INFO  LateBindingScheduler JobQueue: 0
2012-06-08 09:39:02,935-0500 INFO  LateBindingScheduler JobQueue: 0
2012-06-08 09:39:02,938-0500 INFO  vdl:createdirset START jobid=a1sm1ms-xucpahsk host=localhost - Initializing directory structure
2012-06-08 09:39:02,939-0500 INFO  vdl:createdirset END jobid=a1sm1ms-xucpahsk - Done initializing directory structure
2012-06-08 09:39:02,939-0500 INFO  LateBindingScheduler JobQueue: 0
2012-06-08 09:39:02,940-0500 INFO  vdl:dostagein START jobid=a1sm1ms-xucpahsk - Staging in files
2012-06-08 09:39:02,943-0500 INFO  vdl:dostagein END jobid=a1sm1ms-xucpahsk - Staging in finished
2012-06-08 09:39:02,945-0500 DEBUG vdl:execute2 JOB_START jobid=a1sm1ms-xucpahsk tr=a1sm1ms arguments=[] tmpdir=3inloop-20120608-0939-4b3hc5q6/jobs/x/a1sm1ms-xucpahsk host=localhost
2012-06-08 09:39:02,951-0500 INFO  LateBindingScheduler JobQueue: 0
2012-06-08 09:39:02,956-0500 INFO  GridExec TASK_DEFINITION: Task(type=JOB_SUBMISSION, identity=urn:0-1-0-1-1-1339166341417) is /bin/bash shared/_swiftwrap a1sm1ms-xucpahsk -jobdir x -scratch  -e /home/skrieder/swift/cuda/1sm1ms -out 0.result -err stderr.txt -i -d  -if  -of 0.result -k  -cdmfile  -status files -a
2012-06-08 09:39:02,957-0500 INFO  JobSubmissionTaskHandler Submit: in: /var/tmp/3inloop-20120608-0939-4b3hc5q6 command: /bin/bash /var/tmp/3inloop-20120608-0939-4b3hc5q6/shared/_swiftwrap a1sm1ms-xucpahsk -jobdir x -scratch  -e /home/skrieder/swift/cuda/1sm1ms -out 0.result -err stderr.txt -i -d  -if  -of 0.result -k  -cdmfile  -status files -a
2012-06-08 09:39:02,973-0500 INFO  WeightedHostScoreScheduler CONTACT_SELECTED host=localhost, score=99.854
2012-06-08 09:39:02,978-0500 DEBUG vdl:execute2 THREAD_ASSOCIATION jobid=a1sm1ms-zucpahsk thread=0-1-1-1-1 host=localhost replicationGroup=yucpahsk
2012-06-08 09:39:02,987-0500 INFO  vdl:createdirset START jobid=a1sm1ms-zucpahsk host=localhost - Initializing directory structure
2012-06-08 09:39:02,988-0500 INFO  vdl:createdirset END jobid=a1sm1ms-zucpahsk - Done initializing directory structure
2012-06-08 09:39:02,990-0500 INFO  vdl:dostagein START jobid=a1sm1ms-zucpahsk - Staging in files
2012-06-08 09:39:02,992-0500 INFO  vdl:dostagein END jobid=a1sm1ms-zucpahsk - Staging in finished
2012-06-08 09:39:02,994-0500 DEBUG vdl:execute2 JOB_START jobid=a1sm1ms-zucpahsk tr=a1sm1ms arguments=[] tmpdir=3inloop-20120608-0939-4b3hc5q6/jobs/z/a1sm1ms-zucpahsk host=localhost
2012-06-08 09:39:03,007-0500 INFO  GridExec TASK_DEFINITION: Task(type=JOB_SUBMISSION, identity=urn:0-1-1-1-1-1339166341420) is /bin/bash shared/_swiftwrap a1sm1ms-zucpahsk -jobdir z -scratch  -e /home/skrieder/swift/cuda/1sm1ms -out 1.result -err stderr.txt -i -d  -if  -of 1.result -k  -cdmfile  -status files -a
2012-06-08 09:39:03,008-0500 INFO  JobSubmissionTaskHandler Submit: in: /var/tmp/3inloop-20120608-0939-4b3hc5q6 command: /bin/bash /var/tmp/3inloop-20120608-0939-4b3hc5q6/shared/_swiftwrap a1sm1ms-zucpahsk -jobdir z -scratch  -e /home/skrieder/swift/cuda/1sm1ms -out 1.result -err stderr.txt -i -d  -if  -of 1.result -k  -cdmfile  -status files -a
2012-06-08 09:39:03,225-0500 INFO  LateBindingScheduler JobQueue: 0
2012-06-08 09:39:03,241-0500 DEBUG vdl:checkjobstatus START jobid=a1sm1ms-xucpahsk
2012-06-08 09:39:03,242-0500 INFO  LateBindingScheduler JobQueue: 0
2012-06-08 09:39:03,243-0500 INFO  vdl:checkjobstatus SUCCESS jobid=a1sm1ms-xucpahsk - Success file found
2012-06-08 09:39:03,246-0500 DEBUG vdl:execute2 STAGING_OUT jobid=a1sm1ms-xucpahsk
2012-06-08 09:39:03,246-0500 INFO  vdl:dostageout START jobid=a1sm1ms-xucpahsk - Staging out files
2012-06-08 09:39:03,247-0500 DEBUG vdl:dostageout stageouts: [[$, c:messagefile - Open]]
2012-06-08 09:39:03,249-0500 DEBUG vdl:dostageout FILE_STAGE_OUT_START srcname=0.result srcdir=3inloop-20120608-0939-4b3hc5q6/shared/ srchost=localhost destdir= desthost=localhost provider=file
2012-06-08 09:39:03,252-0500 INFO  LateBindingScheduler JobQueue: 0
2012-06-08 09:39:03,261-0500 INFO  LateBindingScheduler JobQueue: 0
2012-06-08 09:39:03,262-0500 DEBUG vdl:dostageout FILE_STAGE_OUT_END srcname=0.result srcdir=3inloop-20120608-0939-4b3hc5q6/shared/ srchost=localhost destdir= desthost=localhost provider=file
2012-06-08 09:39:03,264-0500 INFO  LateBindingScheduler JobQueue: 0
2012-06-08 09:39:03,266-0500 INFO  vdl:dostageout END jobid=a1sm1ms-xucpahsk - Staging out finished
2012-06-08 09:39:03,267-0500 DEBUG vdl:execute2 JOB_END jobid=a1sm1ms-xucpahsk
2012-06-08 09:39:03,268-0500 INFO  vdl:execute END_SUCCESS thread=0-1-0-1 tr=a1sm1ms
2012-06-08 09:39:03,269-0500 DEBUG countwords PROCEDURE_END line=4
2012-06-08 09:39:03,269-0500 DEBUG vdl:mains FOREACH_IT_END line=12 thread=0-1-0
2012-06-08 09:39:03,316-0500 INFO  LateBindingScheduler JobQueue: 0
2012-06-08 09:39:03,319-0500 DEBUG vdl:checkjobstatus START jobid=a1sm1ms-zucpahsk
2012-06-08 09:39:03,321-0500 INFO  LateBindingScheduler JobQueue: 0
2012-06-08 09:39:03,322-0500 INFO  vdl:checkjobstatus SUCCESS jobid=a1sm1ms-zucpahsk - Success file found
2012-06-08 09:39:03,324-0500 DEBUG vdl:execute2 STAGING_OUT jobid=a1sm1ms-zucpahsk
2012-06-08 09:39:03,326-0500 INFO  vdl:dostageout START jobid=a1sm1ms-zucpahsk - Staging out files
2012-06-08 09:39:03,326-0500 DEBUG vdl:dostageout stageouts: [[$, c:messagefile - Open]]
2012-06-08 09:39:03,333-0500 DEBUG vdl:dostageout FILE_STAGE_OUT_START srcname=1.result srcdir=3inloop-20120608-0939-4b3hc5q6/shared/ srchost=localhost destdir= desthost=localhost provider=file
2012-06-08 09:39:03,335-0500 INFO  LateBindingScheduler JobQueue: 0
2012-06-08 09:39:03,341-0500 INFO  LateBindingScheduler JobQueue: 0
2012-06-08 09:39:03,342-0500 DEBUG vdl:dostageout FILE_STAGE_OUT_END srcname=1.result srcdir=3inloop-20120608-0939-4b3hc5q6/shared/ srchost=localhost destdir= desthost=localhost provider=file
2012-06-08 09:39:03,345-0500 INFO  LateBindingScheduler JobQueue: 0
2012-06-08 09:39:03,349-0500 INFO  vdl:dostageout END jobid=a1sm1ms-zucpahsk - Staging out finished
2012-06-08 09:39:03,353-0500 DEBUG vdl:execute2 JOB_END jobid=a1sm1ms-zucpahsk
2012-06-08 09:39:03,355-0500 INFO  vdl:execute END_SUCCESS thread=0-1-1-1 tr=a1sm1ms
2012-06-08 09:39:03,356-0500 DEBUG countwords PROCEDURE_END line=4
2012-06-08 09:39:03,358-0500 DEBUG vdl:mains FOREACH_IT_END line=12 thread=0-1-1
2012-06-08 09:39:03,379-0500 DEBUG vdl:mains Starting cleanups
2012-06-08 09:39:03,380-0500 INFO  vdl:cleanups START cleanups=[[3inloop-20120608-0939-4b3hc5q6, localhost]]
2012-06-08 09:39:03,381-0500 INFO  vdl:cleanup START dir=3inloop-20120608-0939-4b3hc5q6 host=localhost
2012-06-08 09:39:03,381-0500 DEBUG vdl:cleanup cdmfile 
2012-06-08 09:39:03,384-0500 INFO  GridExec TASK_DEFINITION: Task(type=JOB_SUBMISSION, identity=urn:0-1-1339166341440) is /bin/rm -rf 3inloop-20120608-0939-4b3hc5q6
2012-06-08 09:39:03,384-0500 INFO  JobSubmissionTaskHandler Submit: in: /var/tmp command: /bin/rm -rf 3inloop-20120608-0939-4b3hc5q6
2012-06-08 09:39:03,385-0500 INFO  LateBindingScheduler JobQueue: 0
2012-06-08 09:39:03,386-0500 INFO  vdl:cleanup END dir=3inloop-20120608-0939-4b3hc5q6 host=localhost
2012-06-08 09:39:03,386-0500 INFO  vdl:cleanups END cleanups=[[3inloop-20120608-0939-4b3hc5q6, localhost]]
2012-06-08 09:39:03,387-0500 DEBUG vdl:mains Ending cleanups
2012-06-08 09:39:03,388-0500 INFO  Loader Swift finished with no errors
