2012-06-08 09:38:52,866-0500 DEBUG Loader arguments: [-tc.file, tc.data, -sites.file, 0-throttle-sites.xml, 3inloop.swift]
2012-06-08 09:38:52,866-0500 DEBUG Loader Max heap: 252248064
2012-06-08 09:38:52,867-0500 DEBUG textfiles BEGIN SWIFTSCRIPT:

type messagefile; 

app (messagefile t) countwords () {   
     a1sm1ms stdout=@filename(t);
}

string outputNames = "test1 test2 test3";

messagefile outputfiles[] <fixed_array_mapper;files=outputNames>;

foreach f,i in outputfiles {
  messagefile c <single_file_mapper; file=@strcat(i, ".result")>;
  c = countwords();
}


2012-06-08 09:38:52,867-0500 DEBUG textfiles END SWIFTSCRIPT:
2012-06-08 09:38:52,868-0500 DEBUG Loader kmlversion is >239b8550-a5ff-44be-a124-5e7ecd70737d<
2012-06-08 09:38:52,868-0500 DEBUG Loader build version is >239b8550-a5ff-44be-a124-5e7ecd70737d<
2012-06-08 09:38:52,868-0500 DEBUG Loader Recompilation suppressed.
2012-06-08 09:38:53,014-0500 DEBUG Loader setting: sites.file to: 0-throttle-sites.xml
2012-06-08 09:38:53,014-0500 DEBUG Loader setting: tc.file to: tc.data
2012-06-08 09:38:53,014-0500 DEBUG textfiles BEGIN SITES:
<config>

  <pool handle="localhost">
    <filesystem provider="local" />
    <execution provider="local" />
    <workdirectory >/var/tmp</workdirectory>
    <profile namespace="karajan" key="jobThrottle">.01</profile>
    <profile namespace="karajan" key="initialScore">10000</profile>
  </pool>

</config>


2012-06-08 09:38:53,014-0500 DEBUG textfiles END SITES:
2012-06-08 09:38:53,019-0500 INFO  VDL2ExecutionContext Stack dump:
Level 1
[iA = 0, iB = 0, bA = false, bB = false]
	vdl:instanceconfig = Swift configuration []
	vdl:operation = run
	swift.home = /usr/local/swift/bin/..
	PATH_SEPARATOR = /


2012-06-08 09:38:53,692-0500 INFO  unknown Using sites file: 0-throttle-sites.xml
2012-06-08 09:38:53,731-0500 INFO  unknown Using tc.data: tc.data
2012-06-08 09:38:53,839-0500 INFO  AbstractScheduler Setting resources to: {localhost=localhost}
2012-06-08 09:38:54,515-0500 INFO  unknown Swift 0.93 swift-r5483 cog-r3339

2012-06-08 09:38:54,516-0500 INFO  unknown RUNID id=run:20120608-0938-aey0ia1c
2012-06-08 09:38:54,557-0500 INFO  SetFieldValue Set: outputNames=test1 test2 test3
2012-06-08 09:38:54,578-0500 INFO  RootDataNode Found data outputfiles:messagefile[] - Open.[0]
2012-06-08 09:38:54,578-0500 INFO  RootDataNode Found data outputfiles:messagefile[] - Open.[1]
2012-06-08 09:38:54,579-0500 INFO  RootDataNode Found data outputfiles:messagefile[] - Open.[2]
2012-06-08 09:38:54,583-0500 DEBUG vdl:mains FOREACH_IT_START line=12 thread=0-1-1
2012-06-08 09:38:54,583-0500 DEBUG vdl:mains FOREACH_IT_START line=12 thread=0-1-2
2012-06-08 09:38:54,583-0500 DEBUG vdl:mains FOREACH_IT_START line=12 thread=0-1-0
2012-06-08 09:38:54,584-0500 DEBUG vdl:mains SCOPE thread=0-1-2
2012-06-08 09:38:54,584-0500 DEBUG vdl:mains SCOPE thread=0-1-1
2012-06-08 09:38:54,585-0500 DEBUG vdl:mains SCOPE thread=0-1-0
2012-06-08 09:38:54,593-0500 INFO  SetFieldValue Set: swift#mapper#17001=2.result
2012-06-08 09:38:54,594-0500 INFO  SetFieldValue Set: swift#mapper#17001=1.result
2012-06-08 09:38:54,594-0500 INFO  RootDataNode Found mapped data c:messagefile - Open.$
2012-06-08 09:38:54,594-0500 INFO  SetFieldValue Set: swift#mapper#17001=0.result
2012-06-08 09:38:54,595-0500 DEBUG countwords PROCEDURE line=4 thread=0-1-1-1 name=countwords
2012-06-08 09:38:54,595-0500 INFO  RootDataNode Found mapped data c:messagefile - Open.$
2012-06-08 09:38:54,594-0500 DEBUG countwords PROCEDURE line=4 thread=0-1-2-1 name=countwords
2012-06-08 09:38:54,595-0500 DEBUG countwords PROCEDURE line=4 thread=0-1-0-1 name=countwords
2012-06-08 09:38:54,595-0500 INFO  RootDataNode Found mapped data c:messagefile - Open.$
2012-06-08 09:38:54,611-0500 INFO  vdl:execute START thread=0-1-1-1 tr=a1sm1ms
2012-06-08 09:38:54,611-0500 INFO  vdl:execute START thread=0-1-0-1 tr=a1sm1ms
2012-06-08 09:38:54,611-0500 INFO  vdl:execute START thread=0-1-2-1 tr=a1sm1ms
2012-06-08 09:38:54,647-0500 INFO  WeightedHostScoreScheduler CONTACT_SELECTED host=localhost, score=99.854
2012-06-08 09:38:54,650-0500 INFO  WeightedHostScoreScheduler CONTACT_SELECTED host=localhost, score=99.854
2012-06-08 09:38:54,655-0500 INFO  GlobalSubmitQueue No global submit throttle set. Using default (1024)
2012-06-08 09:38:54,660-0500 INFO  LateBindingScheduler JobQueue: 1
2012-06-08 09:38:54,664-0500 INFO  LateBindingScheduler JobQueue: 1
2012-06-08 09:38:54,671-0500 INFO  vdl:initshareddir START host=localhost - Initializing shared directory
2012-06-08 09:38:54,678-0500 INFO  LateBindingScheduler JobQueue: 1
2012-06-08 09:38:54,708-0500 INFO  LateBindingScheduler JobQueue: 1
2012-06-08 09:38:54,713-0500 INFO  LateBindingScheduler JobQueue: 1
2012-06-08 09:38:54,716-0500 INFO  LateBindingScheduler JobQueue: 1
2012-06-08 09:38:54,721-0500 INFO  LateBindingScheduler JobQueue: 1
2012-06-08 09:38:54,725-0500 INFO  LateBindingScheduler JobQueue: 1
2012-06-08 09:38:54,729-0500 INFO  vdl:initshareddir END host=localhost - Done initializing shared directory
2012-06-08 09:38:54,734-0500 DEBUG vdl:execute2 THREAD_ASSOCIATION jobid=a1sm1ms-4n6pahsk thread=0-1-1-1-1 host=localhost replicationGroup=2n6pahsk
2012-06-08 09:38:54,734-0500 DEBUG vdl:execute2 THREAD_ASSOCIATION jobid=a1sm1ms-3n6pahsk thread=0-1-2-1-1 host=localhost replicationGroup=0n6pahsk
2012-06-08 09:38:54,756-0500 INFO  vdl:createdirset START jobid=a1sm1ms-3n6pahsk host=localhost - Initializing directory structure
2012-06-08 09:38:54,756-0500 INFO  vdl:createdirset START jobid=a1sm1ms-4n6pahsk host=localhost - Initializing directory structure
2012-06-08 09:38:54,758-0500 INFO  vdl:createdirset END jobid=a1sm1ms-3n6pahsk - Done initializing directory structure
2012-06-08 09:38:54,758-0500 INFO  vdl:createdirset END jobid=a1sm1ms-4n6pahsk - Done initializing directory structure
2012-06-08 09:38:54,761-0500 INFO  vdl:dostagein START jobid=a1sm1ms-4n6pahsk - Staging in files
2012-06-08 09:38:54,761-0500 INFO  vdl:dostagein START jobid=a1sm1ms-3n6pahsk - Staging in files
2012-06-08 09:38:54,772-0500 INFO  vdl:dostagein END jobid=a1sm1ms-3n6pahsk - Staging in finished
2012-06-08 09:38:54,772-0500 INFO  vdl:dostagein END jobid=a1sm1ms-4n6pahsk - Staging in finished
2012-06-08 09:38:54,779-0500 DEBUG vdl:execute2 JOB_START jobid=a1sm1ms-4n6pahsk tr=a1sm1ms arguments=[] tmpdir=3inloop-20120608-0938-aey0ia1c/jobs/4/a1sm1ms-4n6pahsk host=localhost
2012-06-08 09:38:54,779-0500 DEBUG vdl:execute2 JOB_START jobid=a1sm1ms-3n6pahsk tr=a1sm1ms arguments=[] tmpdir=3inloop-20120608-0938-aey0ia1c/jobs/3/a1sm1ms-3n6pahsk host=localhost
2012-06-08 09:38:54,794-0500 DEBUG textfiles BEGIN TC:
#This is the transformation catalog.
#
#It comes pre-configured with a number of simple transformations with
#paths that are likely to work on a linux box. However, on some systems,
#the paths to these executables will be different (for example, sometimes
#some of these programs are found in /usr/bin rather than in /bin)
#
#NOTE WELL: fields in this file must be separated by tabs, not spaces; and
#there must be no trailing whitespace at the end of each line.
#
# sitename  transformation  path   INSTALLED  platform  profiles
localhost 	echo 		/bin/echo	INSTALLED	INTEL32::LINUX	null
localhost 	cat 		/bin/cat	INSTALLED	INTEL32::LINUX	null
localhost 	ls 		/bin/ls		INSTALLED	INTEL32::LINUX	null
localhost 	grep 		/bin/grep	INSTALLED	INTEL32::LINUX	null
localhost 	sort 		/bin/sort	INSTALLED	INTEL32::LINUX	null
localhost 	paste 		/bin/paste	INSTALLED	INTEL32::LINUX	null
localhost 	cp 		/bin/cp         INSTALLED	INTEL32::LINUX	null
localhost 	touch 		/bin/touch      INSTALLED	INTEL32::LINUX	null
localhost	wc		/usr/bin/wc	INSTALLED	INTEL32::LINUX	null
localhost	sh		/bin/wc		INSTALLED	INTEL32::LINUX	null
localhost	scott3a		/home/skrieder/swift/multi/scott3a.sh		INSTALLED	INTEL32::LINUX	null
localhost	scott3b		/home/skrieder/swift/multi/scott3b.sh		INSTALLED	INTEL32::LINUX	null
localhost	cka		/home/skrieder/swift/cuda/1sm1ms		INSTALLED	INTEL32::LINUX	null
localhost	a1sm0ms		/home/skrieder/swift/cuda/1sm0ms		INSTALLED	INTEL32::LINUX	null
localhost	a1sm1ms		/home/skrieder/swift/cuda/1sm1ms		INSTALLED	INTEL32::LINUX	null
localhost	a1sm10ms	/home/skrieder/swift/cuda/1sm10ms		INSTALLED	INTEL32::LINUX	null
localhost	a1sm100ms	/home/skrieder/swift/cuda/1sm100ms		INSTALLED	INTEL32::LINUX	null
localhost	a2sm0ms		/home/skrieder/swift/cuda/2sm0ms		INSTALLED	INTEL32::LINUX	null
localhost	a2sm1ms		/home/skrieder/swift/cuda/2sm1ms		INSTALLED	INTEL32::LINUX	null
localhost	a2sm10ms	/home/skrieder/swift/cuda/2sm10ms		INSTALLED	INTEL32::LINUX	null
localhost	a2sm100ms	/home/skrieder/swift/cuda/2sm100ms		INSTALLED	INTEL32::LINUX	null
localhost	a4sm0ms		/home/skrieder/swift/cuda/4sm0ms		INSTALLED	INTEL32::LINUX	null
localhost	a4sm1ms		/home/skrieder/swift/cuda/4sm1ms		INSTALLED	INTEL32::LINUX	null
localhost	a4sm10ms	/home/skrieder/swift/cuda/4sm10ms		INSTALLED	INTEL32::LINUX	null
localhost	a4sm100ms	/home/skrieder/swift/cuda/4sm100ms		INSTALLED	INTEL32::LINUX	null
localhost	a8sm0ms		/home/skrieder/swift/cuda/8sm0ms		INSTALLED	INTEL32::LINUX	null
localhost	a8sm1ms		/home/skrieder/swift/cuda/8sm1ms		INSTALLED	INTEL32::LINUX	null
localhost	a8sm10ms	/home/skrieder/swift/cuda/8sm10ms		INSTALLED	INTEL32::LINUX	null
localhost	a8sm100ms	/home/skrieder/swift/cuda/8sm100ms		INSTALLED	INTEL32::LINUX	null
localhost	a16sm0ms	/home/skrieder/swift/cuda/16sm0ms		INSTALLED	INTEL32::LINUX	null
localhost	a16sm1ms	/home/skrieder/swift/cuda/16sm1ms		INSTALLED	INTEL32::LINUX	null
localhost	a16sm10ms	/home/skrieder/swift/cuda/16sm10ms		INSTALLED	INTEL32::LINUX	null
localhost	a16sm100ms	/home/skrieder/swift/cuda/16sm100ms		INSTALLED	INTEL32::LINUX	null
localhost	sleep0ms	/home/skrieder/swift/c/sleep0ms			INSTALLED	INTEL32::LINUX	null
localhost	sleep1ms	/home/skrieder/swift/c/sleep1ms			INSTALLED	INTEL32::LINUX	null
localhost	sleep10ms	/home/skrieder/swift/c/sleep10ms		INSTALLED	INTEL32::LINUX	null
localhost	sleep100ms	/home/skrieder/swift/c/sleep100ms			INSTALLED	INTEL32::LINUX	null
localhost	sleep1000ms	/home/skrieder/swift/c/sleep1000ms			INSTALLED	INTEL32::LINUX	null
localhost	sleep10000ms	/home/skrieder/swift/c/sleep10000ms			INSTALLED	INTEL32::LINUX	null
localhost	hello		/home/skrieder/swift/multi/hello			INSTALLED	INTEL32::LINUX	null


2012-06-08 09:38:54,795-0500 DEBUG textfiles END TC:
2012-06-08 09:38:54,817-0500 INFO  GridExec TASK_DEFINITION: Task(type=JOB_SUBMISSION, identity=urn:0-1-1-1-1-1339166333722) is /bin/bash shared/_swiftwrap a1sm1ms-4n6pahsk -jobdir 4 -scratch  -e /home/skrieder/swift/cuda/1sm1ms -out 1.result -err stderr.txt -i -d  -if  -of 1.result -k  -cdmfile  -status files -a
2012-06-08 09:38:54,817-0500 INFO  GridExec TASK_DEFINITION: Task(type=JOB_SUBMISSION, identity=urn:0-1-2-1-1-1339166333723) is /bin/bash shared/_swiftwrap a1sm1ms-3n6pahsk -jobdir 3 -scratch  -e /home/skrieder/swift/cuda/1sm1ms -out 2.result -err stderr.txt -i -d  -if  -of 2.result -k  -cdmfile  -status files -a
2012-06-08 09:38:54,824-0500 INFO  JobSubmissionTaskHandler Submit: in: /var/tmp/3inloop-20120608-0938-aey0ia1c command: /bin/bash /var/tmp/3inloop-20120608-0938-aey0ia1c/shared/_swiftwrap a1sm1ms-4n6pahsk -jobdir 4 -scratch  -e /home/skrieder/swift/cuda/1sm1ms -out 1.result -err stderr.txt -i -d  -if  -of 1.result -k  -cdmfile  -status files -a
2012-06-08 09:38:54,825-0500 INFO  JobSubmissionTaskHandler Submit: in: /var/tmp/3inloop-20120608-0938-aey0ia1c command: /bin/bash /var/tmp/3inloop-20120608-0938-aey0ia1c/shared/_swiftwrap a1sm1ms-3n6pahsk -jobdir 3 -scratch  -e /home/skrieder/swift/cuda/1sm1ms -out 2.result -err stderr.txt -i -d  -if  -of 2.result -k  -cdmfile  -status files -a
2012-06-08 09:38:55,134-0500 INFO  LateBindingScheduler JobQueue: 1
2012-06-08 09:38:55,140-0500 DEBUG vdl:checkjobstatus START jobid=a1sm1ms-3n6pahsk
2012-06-08 09:38:55,153-0500 INFO  LateBindingScheduler JobQueue: 1
2012-06-08 09:38:55,154-0500 INFO  LateBindingScheduler JobQueue: 1
2012-06-08 09:38:55,155-0500 INFO  vdl:checkerrorfile FAILURE jobid=a1sm1ms-3n6pahsk - Failure file found
2012-06-08 09:38:55,157-0500 DEBUG vdl:checkjobstatus START jobid=a1sm1ms-4n6pahsk
2012-06-08 09:38:55,159-0500 INFO  LateBindingScheduler JobQueue: 1
2012-06-08 09:38:55,160-0500 INFO  LateBindingScheduler JobQueue: 1
2012-06-08 09:38:55,161-0500 INFO  vdl:checkjobstatus SUCCESS jobid=a1sm1ms-4n6pahsk - Success file found
2012-06-08 09:38:55,163-0500 INFO  LateBindingScheduler JobQueue: 1
2012-06-08 09:38:55,165-0500 DEBUG vdl:execute2 STAGING_OUT jobid=a1sm1ms-4n6pahsk
2012-06-08 09:38:55,166-0500 INFO  LateBindingScheduler JobQueue: 1
2012-06-08 09:38:55,168-0500 DEBUG vdl:execute2 STAGING_OUT jobid=a1sm1ms-3n6pahsk
2012-06-08 09:38:55,169-0500 INFO  vdl:dostageout START jobid=a1sm1ms-4n6pahsk - Staging out files
2012-06-08 09:38:55,170-0500 DEBUG vdl:dostageout stageouts: [[$, c:messagefile - Open]]
2012-06-08 09:38:55,170-0500 INFO  vdl:dostageout START jobid=a1sm1ms-3n6pahsk - Staging out files
2012-06-08 09:38:55,171-0500 DEBUG vdl:dostageout stageouts: [[$, c:messagefile - Open]]
2012-06-08 09:38:55,190-0500 DEBUG vdl:dostageout FILE_STAGE_OUT_START srcname=2.result srcdir=3inloop-20120608-0938-aey0ia1c/shared/ srchost=localhost destdir= desthost=localhost provider=file
2012-06-08 09:38:55,190-0500 DEBUG vdl:dostageout FILE_STAGE_OUT_START srcname=1.result srcdir=3inloop-20120608-0938-aey0ia1c/shared/ srchost=localhost destdir= desthost=localhost provider=file
2012-06-08 09:38:55,193-0500 INFO  LateBindingScheduler JobQueue: 1
2012-06-08 09:38:55,193-0500 INFO  LateBindingScheduler JobQueue: 1
2012-06-08 09:38:55,210-0500 INFO  LateBindingScheduler JobQueue: 1
2012-06-08 09:38:55,211-0500 DEBUG vdl:dostageout FILE_STAGE_OUT_END srcname=1.result srcdir=3inloop-20120608-0938-aey0ia1c/shared/ srchost=localhost destdir= desthost=localhost provider=file
2012-06-08 09:38:55,215-0500 INFO  LateBindingScheduler JobQueue: 1
2012-06-08 09:38:55,225-0500 INFO  vdl:dostageout END jobid=a1sm1ms-4n6pahsk - Staging out finished
2012-06-08 09:38:55,226-0500 INFO  LateBindingScheduler JobQueue: 1
2012-06-08 09:38:55,228-0500 INFO  vdl:checkerrorfile NO_STATUS_FILE jobid=a1sm1ms-3n6pahsk - Error file missing
2012-06-08 09:38:55,232-0500 DEBUG vdl:execute2 APPLICATION_EXCEPTION jobid=a1sm1ms-3n6pahsk - Application exception: null
Caused by: org.globus.cog.abstraction.impl.file.FileNotFoundException: File not found: /var/tmp/3inloop-20120608-0938-aey0ia1c/shared/2.result
2012-06-08 09:38:55,234-0500 DEBUG vdl:execute2 JOB_END jobid=a1sm1ms-4n6pahsk
2012-06-08 09:38:55,236-0500 INFO  vdl:execute END_SUCCESS thread=0-1-1-1 tr=a1sm1ms
2012-06-08 09:38:55,238-0500 DEBUG countwords PROCEDURE_END line=4
2012-06-08 09:38:55,240-0500 DEBUG vdl:mains FOREACH_IT_END line=12 thread=0-1-1
2012-06-08 09:38:55,245-0500 INFO  WeightedHostScoreScheduler CONTACT_SELECTED host=localhost, score=99.854
2012-06-08 09:38:55,248-0500 INFO  LateBindingScheduler JobQueue: 0
2012-06-08 09:38:55,249-0500 DEBUG vdl:execute2 THREAD_ASSOCIATION jobid=a1sm1ms-5n6pahsk thread=0-1-0-1-1 host=localhost replicationGroup=1n6pahsk
2012-06-08 09:38:55,252-0500 INFO  LateBindingScheduler JobQueue: 0
2012-06-08 09:38:55,254-0500 INFO  vdl:createdirset START jobid=a1sm1ms-5n6pahsk host=localhost - Initializing directory structure
2012-06-08 09:38:55,255-0500 INFO  vdl:createdirset END jobid=a1sm1ms-5n6pahsk - Done initializing directory structure
2012-06-08 09:38:55,256-0500 INFO  vdl:dostagein START jobid=a1sm1ms-5n6pahsk - Staging in files
2012-06-08 09:38:55,257-0500 INFO  vdl:dostagein END jobid=a1sm1ms-5n6pahsk - Staging in finished
2012-06-08 09:38:55,257-0500 INFO  LateBindingScheduler JobQueue: 0
2012-06-08 09:38:55,257-0500 DEBUG vdl:execute2 JOB_START jobid=a1sm1ms-5n6pahsk tr=a1sm1ms arguments=[] tmpdir=3inloop-20120608-0938-aey0ia1c/jobs/5/a1sm1ms-5n6pahsk host=localhost
2012-06-08 09:38:55,260-0500 INFO  LateBindingScheduler JobQueue: 0
2012-06-08 09:38:55,264-0500 INFO  GridExec TASK_DEFINITION: Task(type=JOB_SUBMISSION, identity=urn:0-1-0-1-1-1339166333769) is /bin/bash shared/_swiftwrap a1sm1ms-5n6pahsk -jobdir 5 -scratch  -e /home/skrieder/swift/cuda/1sm1ms -out 0.result -err stderr.txt -i -d  -if  -of 0.result -k  -cdmfile  -status files -a
2012-06-08 09:38:55,265-0500 INFO  JobSubmissionTaskHandler Submit: in: /var/tmp/3inloop-20120608-0938-aey0ia1c command: /bin/bash /var/tmp/3inloop-20120608-0938-aey0ia1c/shared/_swiftwrap a1sm1ms-5n6pahsk -jobdir 5 -scratch  -e /home/skrieder/swift/cuda/1sm1ms -out 0.result -err stderr.txt -i -d  -if  -of 0.result -k  -cdmfile  -status files -a
2012-06-08 09:38:55,268-0500 INFO  LateBindingScheduler JobQueue: 0
2012-06-08 09:38:55,279-0500 INFO  WeightedHostScoreScheduler CONTACT_SELECTED host=localhost, score=99.854
2012-06-08 09:38:55,282-0500 DEBUG vdl:execute2 THREAD_ASSOCIATION jobid=a1sm1ms-7n6pahsk thread=0-1-2-1-1 host=localhost replicationGroup=6n6pahsk
2012-06-08 09:38:55,285-0500 INFO  vdl:createdirset START jobid=a1sm1ms-7n6pahsk host=localhost - Initializing directory structure
2012-06-08 09:38:55,286-0500 INFO  vdl:createdirset END jobid=a1sm1ms-7n6pahsk - Done initializing directory structure
2012-06-08 09:38:55,286-0500 INFO  vdl:dostagein START jobid=a1sm1ms-7n6pahsk - Staging in files
2012-06-08 09:38:55,287-0500 INFO  vdl:dostagein END jobid=a1sm1ms-7n6pahsk - Staging in finished
2012-06-08 09:38:55,288-0500 DEBUG vdl:execute2 JOB_START jobid=a1sm1ms-7n6pahsk tr=a1sm1ms arguments=[] tmpdir=3inloop-20120608-0938-aey0ia1c/jobs/7/a1sm1ms-7n6pahsk host=localhost
2012-06-08 09:38:55,292-0500 INFO  GridExec TASK_DEFINITION: Task(type=JOB_SUBMISSION, identity=urn:0-1-2-1-1-1339166333775) is /bin/bash shared/_swiftwrap a1sm1ms-7n6pahsk -jobdir 7 -scratch  -e /home/skrieder/swift/cuda/1sm1ms -out 2.result -err stderr.txt -i -d  -if  -of 2.result -k  -cdmfile  -status files -a
2012-06-08 09:38:55,293-0500 INFO  JobSubmissionTaskHandler Submit: in: /var/tmp/3inloop-20120608-0938-aey0ia1c command: /bin/bash /var/tmp/3inloop-20120608-0938-aey0ia1c/shared/_swiftwrap a1sm1ms-7n6pahsk -jobdir 7 -scratch  -e /home/skrieder/swift/cuda/1sm1ms -out 2.result -err stderr.txt -i -d  -if  -of 2.result -k  -cdmfile  -status files -a
2012-06-08 09:38:55,535-0500 INFO  LateBindingScheduler JobQueue: 0
2012-06-08 09:38:55,540-0500 DEBUG vdl:checkjobstatus START jobid=a1sm1ms-5n6pahsk
2012-06-08 09:38:55,546-0500 INFO  LateBindingScheduler JobQueue: 0
2012-06-08 09:38:55,548-0500 INFO  vdl:checkjobstatus SUCCESS jobid=a1sm1ms-5n6pahsk - Success file found
2012-06-08 09:38:55,551-0500 DEBUG vdl:execute2 STAGING_OUT jobid=a1sm1ms-5n6pahsk
2012-06-08 09:38:55,555-0500 INFO  vdl:dostageout START jobid=a1sm1ms-5n6pahsk - Staging out files
2012-06-08 09:38:55,556-0500 DEBUG vdl:dostageout stageouts: [[$, c:messagefile - Open]]
2012-06-08 09:38:55,563-0500 DEBUG vdl:dostageout FILE_STAGE_OUT_START srcname=0.result srcdir=3inloop-20120608-0938-aey0ia1c/shared/ srchost=localhost destdir= desthost=localhost provider=file
2012-06-08 09:38:55,565-0500 INFO  LateBindingScheduler JobQueue: 0
2012-06-08 09:38:55,571-0500 INFO  LateBindingScheduler JobQueue: 0
2012-06-08 09:38:55,572-0500 DEBUG vdl:dostageout FILE_STAGE_OUT_END srcname=0.result srcdir=3inloop-20120608-0938-aey0ia1c/shared/ srchost=localhost destdir= desthost=localhost provider=file
2012-06-08 09:38:55,575-0500 INFO  LateBindingScheduler JobQueue: 0
2012-06-08 09:38:55,579-0500 INFO  vdl:dostageout END jobid=a1sm1ms-5n6pahsk - Staging out finished
2012-06-08 09:38:55,583-0500 DEBUG vdl:execute2 JOB_END jobid=a1sm1ms-5n6pahsk
2012-06-08 09:38:55,585-0500 INFO  vdl:execute END_SUCCESS thread=0-1-0-1 tr=a1sm1ms
2012-06-08 09:38:55,587-0500 DEBUG countwords PROCEDURE_END line=4
2012-06-08 09:38:55,591-0500 DEBUG vdl:mains FOREACH_IT_END line=12 thread=0-1-0
2012-06-08 09:38:55,621-0500 INFO  LateBindingScheduler JobQueue: 0
2012-06-08 09:38:55,624-0500 DEBUG vdl:checkjobstatus START jobid=a1sm1ms-7n6pahsk
2012-06-08 09:38:55,627-0500 INFO  LateBindingScheduler JobQueue: 0
2012-06-08 09:38:55,628-0500 INFO  vdl:checkjobstatus SUCCESS jobid=a1sm1ms-7n6pahsk - Success file found
2012-06-08 09:38:55,629-0500 DEBUG vdl:execute2 STAGING_OUT jobid=a1sm1ms-7n6pahsk
2012-06-08 09:38:55,631-0500 INFO  vdl:dostageout START jobid=a1sm1ms-7n6pahsk - Staging out files
2012-06-08 09:38:55,632-0500 DEBUG vdl:dostageout stageouts: [[$, c:messagefile - Open]]
2012-06-08 09:38:55,638-0500 DEBUG vdl:dostageout FILE_STAGE_OUT_START srcname=2.result srcdir=3inloop-20120608-0938-aey0ia1c/shared/ srchost=localhost destdir= desthost=localhost provider=file
2012-06-08 09:38:55,640-0500 INFO  LateBindingScheduler JobQueue: 0
2012-06-08 09:38:55,648-0500 INFO  LateBindingScheduler JobQueue: 0
2012-06-08 09:38:55,649-0500 DEBUG vdl:dostageout FILE_STAGE_OUT_END srcname=2.result srcdir=3inloop-20120608-0938-aey0ia1c/shared/ srchost=localhost destdir= desthost=localhost provider=file
2012-06-08 09:38:55,652-0500 INFO  LateBindingScheduler JobQueue: 0
2012-06-08 09:38:55,656-0500 INFO  vdl:dostageout END jobid=a1sm1ms-7n6pahsk - Staging out finished
2012-06-08 09:38:55,660-0500 DEBUG vdl:execute2 JOB_END jobid=a1sm1ms-7n6pahsk
2012-06-08 09:38:55,661-0500 INFO  vdl:execute END_SUCCESS thread=0-1-2-1 tr=a1sm1ms
2012-06-08 09:38:55,663-0500 DEBUG countwords PROCEDURE_END line=4
2012-06-08 09:38:55,665-0500 DEBUG vdl:mains FOREACH_IT_END line=12 thread=0-1-2
2012-06-08 09:38:55,695-0500 DEBUG vdl:mains Starting cleanups
2012-06-08 09:38:55,696-0500 INFO  vdl:cleanups START cleanups=[[3inloop-20120608-0938-aey0ia1c, localhost]]
2012-06-08 09:38:55,697-0500 INFO  vdl:cleanup START dir=3inloop-20120608-0938-aey0ia1c host=localhost
2012-06-08 09:38:55,697-0500 DEBUG vdl:cleanup cdmfile 
2012-06-08 09:38:55,699-0500 INFO  GridExec TASK_DEFINITION: Task(type=JOB_SUBMISSION, identity=urn:0-1-1339166333795) is /bin/rm -rf 3inloop-20120608-0938-aey0ia1c
2012-06-08 09:38:55,700-0500 INFO  JobSubmissionTaskHandler Submit: in: /var/tmp command: /bin/rm -rf 3inloop-20120608-0938-aey0ia1c
2012-06-08 09:38:55,701-0500 INFO  LateBindingScheduler JobQueue: 0
2012-06-08 09:38:55,702-0500 INFO  vdl:cleanup END dir=3inloop-20120608-0938-aey0ia1c host=localhost
2012-06-08 09:38:55,703-0500 INFO  vdl:cleanups END cleanups=[[3inloop-20120608-0938-aey0ia1c, localhost]]
2012-06-08 09:38:55,703-0500 DEBUG vdl:mains Ending cleanups
2012-06-08 09:38:55,704-0500 INFO  Loader Swift finished with no errors
