2012-06-08 09:20:57,615-0500 DEBUG Loader arguments: [-tc.file, tc.data, -sites.file, 0-throttle-sites.xml, 3inloop.swift]
2012-06-08 09:20:57,615-0500 DEBUG Loader Max heap: 252248064
2012-06-08 09:20:57,616-0500 DEBUG textfiles BEGIN SWIFTSCRIPT:

type messagefile; 

app (messagefile t) countwords () {   
     a1sm10ms stdout=@filename(t);
}

string outputNames = "test1 test2 test3";

messagefile outputfiles[] <fixed_array_mapper;files=outputNames>;

foreach f,i in outputfiles {
  messagefile c <single_file_mapper; file=@strcat(i, ".result")>;
  c = countwords();
}


2012-06-08 09:20:57,616-0500 DEBUG textfiles END SWIFTSCRIPT:
2012-06-08 09:20:57,616-0500 DEBUG Loader kmlversion is >239b8550-a5ff-44be-a124-5e7ecd70737d<
2012-06-08 09:20:57,617-0500 DEBUG Loader build version is >239b8550-a5ff-44be-a124-5e7ecd70737d<
2012-06-08 09:20:57,617-0500 DEBUG Loader Recompilation suppressed.
2012-06-08 09:20:57,763-0500 DEBUG Loader setting: sites.file to: 0-throttle-sites.xml
2012-06-08 09:20:57,763-0500 DEBUG Loader setting: tc.file to: tc.data
2012-06-08 09:20:57,763-0500 DEBUG textfiles BEGIN SITES:
<config>

  <pool handle="localhost">
    <filesystem provider="local" />
    <execution provider="local" />
    <workdirectory >/var/tmp</workdirectory>
    <profile namespace="karajan" key="jobThrottle">.01</profile>
    <profile namespace="karajan" key="initialScore">10000</profile>
  </pool>

</config>


2012-06-08 09:20:57,763-0500 DEBUG textfiles END SITES:
2012-06-08 09:20:57,768-0500 INFO  VDL2ExecutionContext Stack dump:
Level 1
[iA = 0, iB = 0, bA = false, bB = false]
	vdl:instanceconfig = Swift configuration []
	vdl:operation = run
	swift.home = /usr/local/swift/bin/..
	PATH_SEPARATOR = /


2012-06-08 09:20:58,504-0500 INFO  unknown Using sites file: 0-throttle-sites.xml
2012-06-08 09:20:58,541-0500 INFO  unknown Using tc.data: tc.data
2012-06-08 09:20:58,669-0500 INFO  AbstractScheduler Setting resources to: {localhost=localhost}
2012-06-08 09:20:59,358-0500 INFO  unknown Swift 0.93 swift-r5483 cog-r3339

2012-06-08 09:20:59,359-0500 INFO  unknown RUNID id=run:20120608-0920-coygndq3
2012-06-08 09:20:59,424-0500 INFO  SetFieldValue Set: outputNames=test1 test2 test3
2012-06-08 09:20:59,446-0500 INFO  RootDataNode Found data outputfiles:messagefile[] - Open.[0]
2012-06-08 09:20:59,446-0500 INFO  RootDataNode Found data outputfiles:messagefile[] - Open.[1]
2012-06-08 09:20:59,446-0500 INFO  RootDataNode Found data outputfiles:messagefile[] - Open.[2]
2012-06-08 09:20:59,450-0500 DEBUG vdl:mains FOREACH_IT_START line=12 thread=0-1-2
2012-06-08 09:20:59,450-0500 DEBUG vdl:mains FOREACH_IT_START line=12 thread=0-1-0
2012-06-08 09:20:59,450-0500 DEBUG vdl:mains FOREACH_IT_START line=12 thread=0-1-1
2012-06-08 09:20:59,451-0500 DEBUG vdl:mains SCOPE thread=0-1-0
2012-06-08 09:20:59,451-0500 DEBUG vdl:mains SCOPE thread=0-1-2
2012-06-08 09:20:59,451-0500 DEBUG vdl:mains SCOPE thread=0-1-1
2012-06-08 09:20:59,460-0500 INFO  SetFieldValue Set: swift#mapper#17001=0.result
2012-06-08 09:20:59,460-0500 INFO  SetFieldValue Set: swift#mapper#17001=2.result
2012-06-08 09:20:59,460-0500 INFO  SetFieldValue Set: swift#mapper#17001=1.result
2012-06-08 09:20:59,461-0500 DEBUG countwords PROCEDURE line=4 thread=0-1-1-1 name=countwords
2012-06-08 09:20:59,461-0500 DEBUG countwords PROCEDURE line=4 thread=0-1-0-1 name=countwords
2012-06-08 09:20:59,461-0500 DEBUG countwords PROCEDURE line=4 thread=0-1-2-1 name=countwords
2012-06-08 09:20:59,463-0500 INFO  RootDataNode Found mapped data c:messagefile - Open.$
2012-06-08 09:20:59,463-0500 INFO  RootDataNode Found mapped data c:messagefile - Open.$
2012-06-08 09:20:59,463-0500 INFO  RootDataNode Found mapped data c:messagefile - Open.$
2012-06-08 09:20:59,472-0500 INFO  vdl:execute START thread=0-1-2-1 tr=a1sm10ms
2012-06-08 09:20:59,472-0500 INFO  vdl:execute START thread=0-1-0-1 tr=a1sm10ms
2012-06-08 09:20:59,472-0500 INFO  vdl:execute START thread=0-1-1-1 tr=a1sm10ms
2012-06-08 09:20:59,494-0500 INFO  WeightedHostScoreScheduler CONTACT_SELECTED host=localhost, score=99.854
2012-06-08 09:20:59,497-0500 INFO  WeightedHostScoreScheduler CONTACT_SELECTED host=localhost, score=99.854
2012-06-08 09:20:59,501-0500 INFO  GlobalSubmitQueue No global submit throttle set. Using default (1024)
2012-06-08 09:20:59,506-0500 INFO  LateBindingScheduler JobQueue: 1
2012-06-08 09:20:59,510-0500 INFO  LateBindingScheduler JobQueue: 1
2012-06-08 09:20:59,514-0500 INFO  vdl:initshareddir START host=localhost - Initializing shared directory
2012-06-08 09:20:59,518-0500 INFO  LateBindingScheduler JobQueue: 1
2012-06-08 09:20:59,549-0500 INFO  LateBindingScheduler JobQueue: 1
2012-06-08 09:20:59,554-0500 INFO  LateBindingScheduler JobQueue: 1
2012-06-08 09:20:59,557-0500 INFO  LateBindingScheduler JobQueue: 1
2012-06-08 09:20:59,564-0500 INFO  LateBindingScheduler JobQueue: 1
2012-06-08 09:20:59,572-0500 INFO  LateBindingScheduler JobQueue: 1
2012-06-08 09:20:59,576-0500 INFO  vdl:initshareddir END host=localhost - Done initializing shared directory
2012-06-08 09:20:59,583-0500 DEBUG vdl:execute2 THREAD_ASSOCIATION jobid=a1sm10ms-vv30ahsk thread=0-1-2-1-1 host=localhost replicationGroup=sv30ahsk
2012-06-08 09:20:59,583-0500 DEBUG vdl:execute2 THREAD_ASSOCIATION jobid=a1sm10ms-xv30ahsk thread=0-1-1-1-1 host=localhost replicationGroup=tv30ahsk
2012-06-08 09:20:59,607-0500 INFO  vdl:createdirset START jobid=a1sm10ms-xv30ahsk host=localhost - Initializing directory structure
2012-06-08 09:20:59,607-0500 INFO  vdl:createdirset START jobid=a1sm10ms-vv30ahsk host=localhost - Initializing directory structure
2012-06-08 09:20:59,607-0500 INFO  vdl:createdirset END jobid=a1sm10ms-xv30ahsk - Done initializing directory structure
2012-06-08 09:20:59,608-0500 INFO  vdl:createdirset END jobid=a1sm10ms-vv30ahsk - Done initializing directory structure
2012-06-08 09:20:59,609-0500 INFO  vdl:dostagein START jobid=a1sm10ms-xv30ahsk - Staging in files
2012-06-08 09:20:59,609-0500 INFO  vdl:dostagein START jobid=a1sm10ms-vv30ahsk - Staging in files
2012-06-08 09:20:59,612-0500 INFO  vdl:dostagein END jobid=a1sm10ms-vv30ahsk - Staging in finished
2012-06-08 09:20:59,613-0500 INFO  vdl:dostagein END jobid=a1sm10ms-xv30ahsk - Staging in finished
2012-06-08 09:20:59,615-0500 DEBUG vdl:execute2 JOB_START jobid=a1sm10ms-xv30ahsk tr=a1sm10ms arguments=[] tmpdir=3inloop-20120608-0920-coygndq3/jobs/x/a1sm10ms-xv30ahsk host=localhost
2012-06-08 09:20:59,615-0500 DEBUG vdl:execute2 JOB_START jobid=a1sm10ms-vv30ahsk tr=a1sm10ms arguments=[] tmpdir=3inloop-20120608-0920-coygndq3/jobs/v/a1sm10ms-vv30ahsk host=localhost
2012-06-08 09:20:59,621-0500 DEBUG textfiles BEGIN TC:
#This is the transformation catalog.
#
#It comes pre-configured with a number of simple transformations with
#paths that are likely to work on a linux box. However, on some systems,
#the paths to these executables will be different (for example, sometimes
#some of these programs are found in /usr/bin rather than in /bin)
#
#NOTE WELL: fields in this file must be separated by tabs, not spaces; and
#there must be no trailing whitespace at the end of each line.
#
# sitename  transformation  path   INSTALLED  platform  profiles
localhost 	echo 		/bin/echo	INSTALLED	INTEL32::LINUX	null
localhost 	cat 		/bin/cat	INSTALLED	INTEL32::LINUX	null
localhost 	ls 		/bin/ls		INSTALLED	INTEL32::LINUX	null
localhost 	grep 		/bin/grep	INSTALLED	INTEL32::LINUX	null
localhost 	sort 		/bin/sort	INSTALLED	INTEL32::LINUX	null
localhost 	paste 		/bin/paste	INSTALLED	INTEL32::LINUX	null
localhost 	cp 		/bin/cp         INSTALLED	INTEL32::LINUX	null
localhost 	touch 		/bin/touch      INSTALLED	INTEL32::LINUX	null
localhost	wc		/usr/bin/wc	INSTALLED	INTEL32::LINUX	null
localhost	sh		/bin/wc		INSTALLED	INTEL32::LINUX	null
localhost	scott3a		/home/skrieder/swift/multi/scott3a.sh		INSTALLED	INTEL32::LINUX	null
localhost	scott3b		/home/skrieder/swift/multi/scott3b.sh		INSTALLED	INTEL32::LINUX	null
localhost	cka		/home/skrieder/swift/cuda/1sm1ms		INSTALLED	INTEL32::LINUX	null
localhost	a1sm0ms		/home/skrieder/swift/cuda/1sm0ms		INSTALLED	INTEL32::LINUX	null
localhost	a1sm1ms		/home/skrieder/swift/cuda/1sm1ms		INSTALLED	INTEL32::LINUX	null
localhost	a1sm10ms	/home/skrieder/swift/cuda/1sm10ms		INSTALLED	INTEL32::LINUX	null
localhost	a1sm100ms	/home/skrieder/swift/cuda/1sm100ms		INSTALLED	INTEL32::LINUX	null
localhost	a2sm0ms		/home/skrieder/swift/cuda/2sm0ms		INSTALLED	INTEL32::LINUX	null
localhost	a2sm1ms		/home/skrieder/swift/cuda/2sm1ms		INSTALLED	INTEL32::LINUX	null
localhost	a2sm10ms	/home/skrieder/swift/cuda/2sm10ms		INSTALLED	INTEL32::LINUX	null
localhost	a2sm100ms	/home/skrieder/swift/cuda/2sm100ms		INSTALLED	INTEL32::LINUX	null
localhost	a4sm0ms		/home/skrieder/swift/cuda/4sm0ms		INSTALLED	INTEL32::LINUX	null
localhost	a4sm1ms		/home/skrieder/swift/cuda/4sm1ms		INSTALLED	INTEL32::LINUX	null
localhost	a4sm10ms	/home/skrieder/swift/cuda/4sm10ms		INSTALLED	INTEL32::LINUX	null
localhost	a4sm100ms	/home/skrieder/swift/cuda/4sm100ms		INSTALLED	INTEL32::LINUX	null
localhost	a8sm0ms		/home/skrieder/swift/cuda/8sm0ms		INSTALLED	INTEL32::LINUX	null
localhost	a8sm1ms		/home/skrieder/swift/cuda/8sm1ms		INSTALLED	INTEL32::LINUX	null
localhost	a8sm10ms	/home/skrieder/swift/cuda/8sm10ms		INSTALLED	INTEL32::LINUX	null
localhost	a8sm100ms	/home/skrieder/swift/cuda/8sm100ms		INSTALLED	INTEL32::LINUX	null
localhost	a16sm0ms	/home/skrieder/swift/cuda/16sm0ms		INSTALLED	INTEL32::LINUX	null
localhost	a16sm1ms	/home/skrieder/swift/cuda/16sm1ms		INSTALLED	INTEL32::LINUX	null
localhost	a16sm10ms	/home/skrieder/swift/cuda/16sm10ms		INSTALLED	INTEL32::LINUX	null
localhost	a16sm100ms	/home/skrieder/swift/cuda/16sm100ms		INSTALLED	INTEL32::LINUX	null
localhost	sleep0ms	/home/skrieder/swift/c/sleep0ms			INSTALLED	INTEL32::LINUX	null
localhost	sleep1ms	/home/skrieder/swift/c/sleep1ms			INSTALLED	INTEL32::LINUX	null
localhost	sleep10ms	/home/skrieder/swift/c/sleep10ms		INSTALLED	INTEL32::LINUX	null
localhost	sleep100ms	/home/skrieder/swift/c/sleep100ms			INSTALLED	INTEL32::LINUX	null
localhost	sleep1000ms	/home/skrieder/swift/c/sleep1000ms			INSTALLED	INTEL32::LINUX	null
localhost	sleep10000ms	/home/skrieder/swift/c/sleep10000ms			INSTALLED	INTEL32::LINUX	null
localhost	hello		/home/skrieder/swift/multi/hello			INSTALLED	INTEL32::LINUX	null


2012-06-08 09:20:59,622-0500 DEBUG textfiles END TC:
2012-06-08 09:20:59,638-0500 INFO  GridExec TASK_DEFINITION: Task(type=JOB_SUBMISSION, identity=urn:0-1-1-1-1-1339165258536) is /bin/bash shared/_swiftwrap a1sm10ms-xv30ahsk -jobdir x -scratch  -e /home/skrieder/swift/cuda/1sm10ms -out 1.result -err stderr.txt -i -d  -if  -of 1.result -k  -cdmfile  -status files -a
2012-06-08 09:20:59,638-0500 INFO  GridExec TASK_DEFINITION: Task(type=JOB_SUBMISSION, identity=urn:0-1-2-1-1-1339165258537) is /bin/bash shared/_swiftwrap a1sm10ms-vv30ahsk -jobdir v -scratch  -e /home/skrieder/swift/cuda/1sm10ms -out 2.result -err stderr.txt -i -d  -if  -of 2.result -k  -cdmfile  -status files -a
2012-06-08 09:20:59,656-0500 INFO  JobSubmissionTaskHandler Submit: in: /var/tmp/3inloop-20120608-0920-coygndq3 command: /bin/bash /var/tmp/3inloop-20120608-0920-coygndq3/shared/_swiftwrap a1sm10ms-xv30ahsk -jobdir x -scratch  -e /home/skrieder/swift/cuda/1sm10ms -out 1.result -err stderr.txt -i -d  -if  -of 1.result -k  -cdmfile  -status files -a
2012-06-08 09:20:59,656-0500 INFO  JobSubmissionTaskHandler Submit: in: /var/tmp/3inloop-20120608-0920-coygndq3 command: /bin/bash /var/tmp/3inloop-20120608-0920-coygndq3/shared/_swiftwrap a1sm10ms-vv30ahsk -jobdir v -scratch  -e /home/skrieder/swift/cuda/1sm10ms -out 2.result -err stderr.txt -i -d  -if  -of 2.result -k  -cdmfile  -status files -a
2012-06-08 09:20:59,946-0500 INFO  LateBindingScheduler JobQueue: 1
2012-06-08 09:20:59,953-0500 DEBUG vdl:checkjobstatus START jobid=a1sm10ms-xv30ahsk
2012-06-08 09:20:59,965-0500 INFO  LateBindingScheduler JobQueue: 1
2012-06-08 09:20:59,966-0500 INFO  LateBindingScheduler JobQueue: 1
2012-06-08 09:20:59,967-0500 INFO  vdl:checkerrorfile FAILURE jobid=a1sm10ms-xv30ahsk - Failure file found
2012-06-08 09:20:59,969-0500 DEBUG vdl:checkjobstatus START jobid=a1sm10ms-vv30ahsk
2012-06-08 09:20:59,971-0500 INFO  LateBindingScheduler JobQueue: 1
2012-06-08 09:20:59,972-0500 INFO  LateBindingScheduler JobQueue: 1
2012-06-08 09:20:59,974-0500 INFO  vdl:checkjobstatus SUCCESS jobid=a1sm10ms-vv30ahsk - Success file found
2012-06-08 09:20:59,976-0500 INFO  LateBindingScheduler JobQueue: 1
2012-06-08 09:20:59,977-0500 DEBUG vdl:execute2 STAGING_OUT jobid=a1sm10ms-vv30ahsk
2012-06-08 09:20:59,978-0500 INFO  LateBindingScheduler JobQueue: 1
2012-06-08 09:20:59,980-0500 DEBUG vdl:execute2 STAGING_OUT jobid=a1sm10ms-xv30ahsk
2012-06-08 09:20:59,981-0500 INFO  vdl:dostageout START jobid=a1sm10ms-vv30ahsk - Staging out files
2012-06-08 09:20:59,982-0500 DEBUG vdl:dostageout stageouts: [[$, c:messagefile - Open]]
2012-06-08 09:20:59,982-0500 INFO  vdl:dostageout START jobid=a1sm10ms-xv30ahsk - Staging out files
2012-06-08 09:20:59,983-0500 DEBUG vdl:dostageout stageouts: [[$, c:messagefile - Open]]
2012-06-08 09:21:00,002-0500 DEBUG vdl:dostageout FILE_STAGE_OUT_START srcname=1.result srcdir=3inloop-20120608-0920-coygndq3/shared/ srchost=localhost destdir= desthost=localhost provider=file
2012-06-08 09:21:00,003-0500 DEBUG vdl:dostageout FILE_STAGE_OUT_START srcname=2.result srcdir=3inloop-20120608-0920-coygndq3/shared/ srchost=localhost destdir= desthost=localhost provider=file
2012-06-08 09:21:00,005-0500 INFO  LateBindingScheduler JobQueue: 1
2012-06-08 09:21:00,006-0500 INFO  LateBindingScheduler JobQueue: 1
2012-06-08 09:21:00,027-0500 INFO  LateBindingScheduler JobQueue: 1
2012-06-08 09:21:00,029-0500 DEBUG vdl:dostageout FILE_STAGE_OUT_END srcname=2.result srcdir=3inloop-20120608-0920-coygndq3/shared/ srchost=localhost destdir= desthost=localhost provider=file
2012-06-08 09:21:00,038-0500 INFO  LateBindingScheduler JobQueue: 1
2012-06-08 09:21:00,045-0500 INFO  LateBindingScheduler JobQueue: 1
2012-06-08 09:21:00,047-0500 INFO  vdl:checkerrorfile NO_STATUS_FILE jobid=a1sm10ms-xv30ahsk - Error file missing
2012-06-08 09:21:00,052-0500 DEBUG vdl:execute2 APPLICATION_EXCEPTION jobid=a1sm10ms-xv30ahsk - Application exception: null
Caused by: org.globus.cog.abstraction.impl.file.FileNotFoundException: File not found: /var/tmp/3inloop-20120608-0920-coygndq3/shared/1.result
2012-06-08 09:21:00,055-0500 INFO  vdl:dostageout END jobid=a1sm10ms-vv30ahsk - Staging out finished
2012-06-08 09:21:00,066-0500 DEBUG vdl:execute2 JOB_END jobid=a1sm10ms-vv30ahsk
2012-06-08 09:21:00,069-0500 INFO  vdl:execute END_SUCCESS thread=0-1-2-1 tr=a1sm10ms
2012-06-08 09:21:00,071-0500 DEBUG countwords PROCEDURE_END line=4
2012-06-08 09:21:00,072-0500 INFO  WeightedHostScoreScheduler CONTACT_SELECTED host=localhost, score=99.854
2012-06-08 09:21:00,074-0500 DEBUG vdl:mains FOREACH_IT_END line=12 thread=0-1-2
2012-06-08 09:21:00,077-0500 INFO  LateBindingScheduler JobQueue: 0
2012-06-08 09:21:00,080-0500 DEBUG vdl:execute2 THREAD_ASSOCIATION jobid=a1sm10ms-yv30ahsk thread=0-1-0-1-1 host=localhost replicationGroup=uv30ahsk
2012-06-08 09:21:00,081-0500 INFO  LateBindingScheduler JobQueue: 0
2012-06-08 09:21:00,087-0500 INFO  LateBindingScheduler JobQueue: 0
2012-06-08 09:21:00,091-0500 INFO  vdl:createdirset START jobid=a1sm10ms-yv30ahsk host=localhost - Initializing directory structure
2012-06-08 09:21:00,091-0500 INFO  LateBindingScheduler JobQueue: 0
2012-06-08 09:21:00,092-0500 INFO  vdl:createdirset END jobid=a1sm10ms-yv30ahsk - Done initializing directory structure
2012-06-08 09:21:00,094-0500 INFO  vdl:dostagein START jobid=a1sm10ms-yv30ahsk - Staging in files
2012-06-08 09:21:00,096-0500 INFO  vdl:dostagein END jobid=a1sm10ms-yv30ahsk - Staging in finished
2012-06-08 09:21:00,098-0500 DEBUG vdl:execute2 JOB_START jobid=a1sm10ms-yv30ahsk tr=a1sm10ms arguments=[] tmpdir=3inloop-20120608-0920-coygndq3/jobs/y/a1sm10ms-yv30ahsk host=localhost
2012-06-08 09:21:00,105-0500 INFO  LateBindingScheduler JobQueue: 0
2012-06-08 09:21:00,111-0500 INFO  GridExec TASK_DEFINITION: Task(type=JOB_SUBMISSION, identity=urn:0-1-0-1-1-1339165258586) is /bin/bash shared/_swiftwrap a1sm10ms-yv30ahsk -jobdir y -scratch  -e /home/skrieder/swift/cuda/1sm10ms -out 0.result -err stderr.txt -i -d  -if  -of 0.result -k  -cdmfile  -status files -a
2012-06-08 09:21:00,111-0500 INFO  JobSubmissionTaskHandler Submit: in: /var/tmp/3inloop-20120608-0920-coygndq3 command: /bin/bash /var/tmp/3inloop-20120608-0920-coygndq3/shared/_swiftwrap a1sm10ms-yv30ahsk -jobdir y -scratch  -e /home/skrieder/swift/cuda/1sm10ms -out 0.result -err stderr.txt -i -d  -if  -of 0.result -k  -cdmfile  -status files -a
2012-06-08 09:21:00,126-0500 INFO  WeightedHostScoreScheduler CONTACT_SELECTED host=localhost, score=99.854
2012-06-08 09:21:00,132-0500 DEBUG vdl:execute2 THREAD_ASSOCIATION jobid=a1sm10ms-0x30ahsk thread=0-1-1-1-1 host=localhost replicationGroup=zv30ahsk
2012-06-08 09:21:00,141-0500 INFO  vdl:createdirset START jobid=a1sm10ms-0x30ahsk host=localhost - Initializing directory structure
2012-06-08 09:21:00,142-0500 INFO  vdl:createdirset END jobid=a1sm10ms-0x30ahsk - Done initializing directory structure
2012-06-08 09:21:00,144-0500 INFO  vdl:dostagein START jobid=a1sm10ms-0x30ahsk - Staging in files
2012-06-08 09:21:00,146-0500 INFO  vdl:dostagein END jobid=a1sm10ms-0x30ahsk - Staging in finished
2012-06-08 09:21:00,148-0500 DEBUG vdl:execute2 JOB_START jobid=a1sm10ms-0x30ahsk tr=a1sm10ms arguments=[] tmpdir=3inloop-20120608-0920-coygndq3/jobs/0/a1sm10ms-0x30ahsk host=localhost
2012-06-08 09:21:00,161-0500 INFO  GridExec TASK_DEFINITION: Task(type=JOB_SUBMISSION, identity=urn:0-1-1-1-1-1339165258589) is /bin/bash shared/_swiftwrap a1sm10ms-0x30ahsk -jobdir 0 -scratch  -e /home/skrieder/swift/cuda/1sm10ms -out 1.result -err stderr.txt -i -d  -if  -of 1.result -k  -cdmfile  -status files -a
2012-06-08 09:21:00,162-0500 INFO  JobSubmissionTaskHandler Submit: in: /var/tmp/3inloop-20120608-0920-coygndq3 command: /bin/bash /var/tmp/3inloop-20120608-0920-coygndq3/shared/_swiftwrap a1sm10ms-0x30ahsk -jobdir 0 -scratch  -e /home/skrieder/swift/cuda/1sm10ms -out 1.result -err stderr.txt -i -d  -if  -of 1.result -k  -cdmfile  -status files -a
2012-06-08 09:21:00,380-0500 INFO  LateBindingScheduler JobQueue: 0
2012-06-08 09:21:00,387-0500 DEBUG vdl:checkjobstatus START jobid=a1sm10ms-yv30ahsk
2012-06-08 09:21:00,398-0500 INFO  LateBindingScheduler JobQueue: 0
2012-06-08 09:21:00,402-0500 INFO  vdl:checkjobstatus SUCCESS jobid=a1sm10ms-yv30ahsk - Success file found
2012-06-08 09:21:00,409-0500 DEBUG vdl:execute2 STAGING_OUT jobid=a1sm10ms-yv30ahsk
2012-06-08 09:21:00,412-0500 INFO  vdl:dostageout START jobid=a1sm10ms-yv30ahsk - Staging out files
2012-06-08 09:21:00,413-0500 DEBUG vdl:dostageout stageouts: [[$, c:messagefile - Open]]
2012-06-08 09:21:00,415-0500 DEBUG vdl:dostageout FILE_STAGE_OUT_START srcname=0.result srcdir=3inloop-20120608-0920-coygndq3/shared/ srchost=localhost destdir= desthost=localhost provider=file
2012-06-08 09:21:00,416-0500 INFO  LateBindingScheduler JobQueue: 0
2012-06-08 09:21:00,421-0500 INFO  LateBindingScheduler JobQueue: 0
2012-06-08 09:21:00,422-0500 DEBUG vdl:dostageout FILE_STAGE_OUT_END srcname=0.result srcdir=3inloop-20120608-0920-coygndq3/shared/ srchost=localhost destdir= desthost=localhost provider=file
2012-06-08 09:21:00,423-0500 INFO  LateBindingScheduler JobQueue: 0
2012-06-08 09:21:00,424-0500 INFO  vdl:dostageout END jobid=a1sm10ms-yv30ahsk - Staging out finished
2012-06-08 09:21:00,425-0500 DEBUG vdl:execute2 JOB_END jobid=a1sm10ms-yv30ahsk
2012-06-08 09:21:00,426-0500 INFO  vdl:execute END_SUCCESS thread=0-1-0-1 tr=a1sm10ms
2012-06-08 09:21:00,426-0500 DEBUG countwords PROCEDURE_END line=4
2012-06-08 09:21:00,428-0500 DEBUG vdl:mains FOREACH_IT_END line=12 thread=0-1-0
2012-06-08 09:21:00,472-0500 INFO  LateBindingScheduler JobQueue: 0
2012-06-08 09:21:00,475-0500 DEBUG vdl:checkjobstatus START jobid=a1sm10ms-0x30ahsk
2012-06-08 09:21:00,478-0500 INFO  LateBindingScheduler JobQueue: 0
2012-06-08 09:21:00,479-0500 INFO  vdl:checkjobstatus SUCCESS jobid=a1sm10ms-0x30ahsk - Success file found
2012-06-08 09:21:00,480-0500 DEBUG vdl:execute2 STAGING_OUT jobid=a1sm10ms-0x30ahsk
2012-06-08 09:21:00,482-0500 INFO  vdl:dostageout START jobid=a1sm10ms-0x30ahsk - Staging out files
2012-06-08 09:21:00,483-0500 DEBUG vdl:dostageout stageouts: [[$, c:messagefile - Open]]
2012-06-08 09:21:00,490-0500 DEBUG vdl:dostageout FILE_STAGE_OUT_START srcname=1.result srcdir=3inloop-20120608-0920-coygndq3/shared/ srchost=localhost destdir= desthost=localhost provider=file
2012-06-08 09:21:00,492-0500 INFO  LateBindingScheduler JobQueue: 0
2012-06-08 09:21:00,498-0500 INFO  LateBindingScheduler JobQueue: 0
2012-06-08 09:21:00,500-0500 DEBUG vdl:dostageout FILE_STAGE_OUT_END srcname=1.result srcdir=3inloop-20120608-0920-coygndq3/shared/ srchost=localhost destdir= desthost=localhost provider=file
2012-06-08 09:21:00,502-0500 INFO  LateBindingScheduler JobQueue: 0
2012-06-08 09:21:00,506-0500 INFO  vdl:dostageout END jobid=a1sm10ms-0x30ahsk - Staging out finished
2012-06-08 09:21:00,511-0500 DEBUG vdl:execute2 JOB_END jobid=a1sm10ms-0x30ahsk
2012-06-08 09:21:00,512-0500 INFO  vdl:execute END_SUCCESS thread=0-1-1-1 tr=a1sm10ms
2012-06-08 09:21:00,513-0500 DEBUG countwords PROCEDURE_END line=4
2012-06-08 09:21:00,515-0500 DEBUG vdl:mains FOREACH_IT_END line=12 thread=0-1-1
2012-06-08 09:21:00,537-0500 DEBUG vdl:mains Starting cleanups
2012-06-08 09:21:00,538-0500 INFO  vdl:cleanups START cleanups=[[3inloop-20120608-0920-coygndq3, localhost]]
2012-06-08 09:21:00,539-0500 INFO  vdl:cleanup START dir=3inloop-20120608-0920-coygndq3 host=localhost
2012-06-08 09:21:00,540-0500 DEBUG vdl:cleanup cdmfile 
2012-06-08 09:21:00,542-0500 INFO  GridExec TASK_DEFINITION: Task(type=JOB_SUBMISSION, identity=urn:0-1-1339165258609) is /bin/rm -rf 3inloop-20120608-0920-coygndq3
2012-06-08 09:21:00,543-0500 INFO  JobSubmissionTaskHandler Submit: in: /var/tmp command: /bin/rm -rf 3inloop-20120608-0920-coygndq3
2012-06-08 09:21:00,544-0500 INFO  LateBindingScheduler JobQueue: 0
2012-06-08 09:21:00,545-0500 INFO  vdl:cleanup END dir=3inloop-20120608-0920-coygndq3 host=localhost
2012-06-08 09:21:00,545-0500 INFO  vdl:cleanups END cleanups=[[3inloop-20120608-0920-coygndq3, localhost]]
2012-06-08 09:21:00,546-0500 DEBUG vdl:mains Ending cleanups
2012-06-08 09:21:00,548-0500 INFO  Loader Swift finished with no errors
