2012-06-08 09:40:51,417-0500 DEBUG Loader arguments: [-tc.file, tc.data, -sites.file, 0-throttle-sites.xml, 3inloop.swift]
2012-06-08 09:40:51,417-0500 DEBUG Loader Max heap: 252248064
2012-06-08 09:40:51,418-0500 DEBUG textfiles BEGIN SWIFTSCRIPT:

type messagefile; 

app (messagefile t) countwords () {   
     a1sm1ms stdout=@filename(t);
}

string outputNames = "test1 test2 test3";

messagefile outputfiles[] <fixed_array_mapper;files=outputNames>;

foreach f,i in outputfiles {
  messagefile c <single_file_mapper; file=@strcat(i, ".result")>;
  c = countwords();
}


2012-06-08 09:40:51,418-0500 DEBUG textfiles END SWIFTSCRIPT:
2012-06-08 09:40:51,418-0500 DEBUG Loader kmlversion is >239b8550-a5ff-44be-a124-5e7ecd70737d<
2012-06-08 09:40:51,418-0500 DEBUG Loader build version is >239b8550-a5ff-44be-a124-5e7ecd70737d<
2012-06-08 09:40:51,418-0500 DEBUG Loader Recompilation suppressed.
2012-06-08 09:40:51,564-0500 DEBUG Loader setting: sites.file to: 0-throttle-sites.xml
2012-06-08 09:40:51,564-0500 DEBUG Loader setting: tc.file to: tc.data
2012-06-08 09:40:51,564-0500 DEBUG textfiles BEGIN SITES:
<config>

  <pool handle="localhost">
    <filesystem provider="local" />
    <execution provider="local" />
    <workdirectory >/var/tmp</workdirectory>
    <profile namespace="karajan" key="jobThrottle">.01</profile>
    <profile namespace="karajan" key="initialScore">10000</profile>
  </pool>

</config>


2012-06-08 09:40:51,564-0500 DEBUG textfiles END SITES:
2012-06-08 09:40:51,569-0500 INFO  VDL2ExecutionContext Stack dump:
Level 1
[iA = 0, iB = 0, bA = false, bB = false]
	vdl:instanceconfig = Swift configuration []
	vdl:operation = run
	swift.home = /usr/local/swift/bin/..
	PATH_SEPARATOR = /


2012-06-08 09:40:52,209-0500 INFO  unknown Using sites file: 0-throttle-sites.xml
2012-06-08 09:40:52,244-0500 INFO  unknown Using tc.data: tc.data
2012-06-08 09:40:52,362-0500 INFO  AbstractScheduler Setting resources to: {localhost=localhost}
2012-06-08 09:40:53,068-0500 INFO  unknown Swift 0.93 swift-r5483 cog-r3339

2012-06-08 09:40:53,069-0500 INFO  unknown RUNID id=run:20120608-0940-pmuh9jh0
2012-06-08 09:40:53,134-0500 INFO  SetFieldValue Set: outputNames=test1 test2 test3
2012-06-08 09:40:53,155-0500 INFO  RootDataNode Found data outputfiles:messagefile[] - Open.[0]
2012-06-08 09:40:53,155-0500 INFO  RootDataNode Found data outputfiles:messagefile[] - Open.[1]
2012-06-08 09:40:53,155-0500 INFO  RootDataNode Found data outputfiles:messagefile[] - Open.[2]
2012-06-08 09:40:53,159-0500 DEBUG vdl:mains FOREACH_IT_START line=12 thread=0-1-2
2012-06-08 09:40:53,159-0500 DEBUG vdl:mains FOREACH_IT_START line=12 thread=0-1-0
2012-06-08 09:40:53,159-0500 DEBUG vdl:mains FOREACH_IT_START line=12 thread=0-1-1
2012-06-08 09:40:53,159-0500 DEBUG vdl:mains SCOPE thread=0-1-2
2012-06-08 09:40:53,159-0500 DEBUG vdl:mains SCOPE thread=0-1-0
2012-06-08 09:40:53,160-0500 DEBUG vdl:mains SCOPE thread=0-1-1
2012-06-08 09:40:53,166-0500 DEBUG countwords PROCEDURE line=4 thread=0-1-0-1 name=countwords
2012-06-08 09:40:53,167-0500 INFO  SetFieldValue Set: swift#mapper#17001=0.result
2012-06-08 09:40:53,169-0500 INFO  SetFieldValue Set: swift#mapper#17001=1.result
2012-06-08 09:40:53,169-0500 INFO  SetFieldValue Set: swift#mapper#17001=2.result
2012-06-08 09:40:53,171-0500 DEBUG countwords PROCEDURE line=4 thread=0-1-2-1 name=countwords
2012-06-08 09:40:53,171-0500 DEBUG countwords PROCEDURE line=4 thread=0-1-1-1 name=countwords
2012-06-08 09:40:53,173-0500 INFO  RootDataNode Found mapped data c:messagefile - Open.$
2012-06-08 09:40:53,173-0500 INFO  RootDataNode Found mapped data c:messagefile - Open.$
2012-06-08 09:40:53,173-0500 INFO  RootDataNode Found mapped data c:messagefile - Open.$
2012-06-08 09:40:53,180-0500 INFO  vdl:execute START thread=0-1-1-1 tr=a1sm1ms
2012-06-08 09:40:53,180-0500 INFO  vdl:execute START thread=0-1-2-1 tr=a1sm1ms
2012-06-08 09:40:53,180-0500 INFO  vdl:execute START thread=0-1-0-1 tr=a1sm1ms
2012-06-08 09:40:53,207-0500 INFO  WeightedHostScoreScheduler CONTACT_SELECTED host=localhost, score=99.854
2012-06-08 09:40:53,210-0500 INFO  WeightedHostScoreScheduler CONTACT_SELECTED host=localhost, score=99.854
2012-06-08 09:40:53,214-0500 INFO  GlobalSubmitQueue No global submit throttle set. Using default (1024)
2012-06-08 09:40:53,219-0500 INFO  LateBindingScheduler JobQueue: 1
2012-06-08 09:40:53,223-0500 INFO  LateBindingScheduler JobQueue: 1
2012-06-08 09:40:53,228-0500 INFO  vdl:initshareddir START host=localhost - Initializing shared directory
2012-06-08 09:40:53,233-0500 INFO  LateBindingScheduler JobQueue: 1
2012-06-08 09:40:53,258-0500 INFO  LateBindingScheduler JobQueue: 1
2012-06-08 09:40:53,262-0500 INFO  LateBindingScheduler JobQueue: 1
2012-06-08 09:40:53,264-0500 INFO  LateBindingScheduler JobQueue: 1
2012-06-08 09:40:53,268-0500 INFO  LateBindingScheduler JobQueue: 1
2012-06-08 09:40:53,274-0500 INFO  LateBindingScheduler JobQueue: 1
2012-06-08 09:40:53,276-0500 INFO  vdl:initshareddir END host=localhost - Done initializing shared directory
2012-06-08 09:40:53,279-0500 DEBUG vdl:execute2 THREAD_ASSOCIATION jobid=a1sm1ms-afyrahsk thread=0-1-2-1-1 host=localhost replicationGroup=8fyrahsk
2012-06-08 09:40:53,279-0500 DEBUG vdl:execute2 THREAD_ASSOCIATION jobid=a1sm1ms-bfyrahsk thread=0-1-0-1-1 host=localhost replicationGroup=9fyrahsk
2012-06-08 09:40:53,294-0500 INFO  vdl:createdirset START jobid=a1sm1ms-bfyrahsk host=localhost - Initializing directory structure
2012-06-08 09:40:53,294-0500 INFO  vdl:createdirset START jobid=a1sm1ms-afyrahsk host=localhost - Initializing directory structure
2012-06-08 09:40:53,294-0500 INFO  vdl:createdirset END jobid=a1sm1ms-bfyrahsk - Done initializing directory structure
2012-06-08 09:40:53,295-0500 INFO  vdl:createdirset END jobid=a1sm1ms-afyrahsk - Done initializing directory structure
2012-06-08 09:40:53,297-0500 INFO  vdl:dostagein START jobid=a1sm1ms-bfyrahsk - Staging in files
2012-06-08 09:40:53,297-0500 INFO  vdl:dostagein START jobid=a1sm1ms-afyrahsk - Staging in files
2012-06-08 09:40:53,308-0500 INFO  vdl:dostagein END jobid=a1sm1ms-afyrahsk - Staging in finished
2012-06-08 09:40:53,308-0500 INFO  vdl:dostagein END jobid=a1sm1ms-bfyrahsk - Staging in finished
2012-06-08 09:40:53,314-0500 DEBUG vdl:execute2 JOB_START jobid=a1sm1ms-bfyrahsk tr=a1sm1ms arguments=[] tmpdir=3inloop-20120608-0940-pmuh9jh0/jobs/b/a1sm1ms-bfyrahsk host=localhost
2012-06-08 09:40:53,314-0500 DEBUG vdl:execute2 JOB_START jobid=a1sm1ms-afyrahsk tr=a1sm1ms arguments=[] tmpdir=3inloop-20120608-0940-pmuh9jh0/jobs/a/a1sm1ms-afyrahsk host=localhost
2012-06-08 09:40:53,329-0500 DEBUG textfiles BEGIN TC:
#This is the transformation catalog.
#
#It comes pre-configured with a number of simple transformations with
#paths that are likely to work on a linux box. However, on some systems,
#the paths to these executables will be different (for example, sometimes
#some of these programs are found in /usr/bin rather than in /bin)
#
#NOTE WELL: fields in this file must be separated by tabs, not spaces; and
#there must be no trailing whitespace at the end of each line.
#
# sitename  transformation  path   INSTALLED  platform  profiles
localhost 	echo 		/bin/echo	INSTALLED	INTEL32::LINUX	null
localhost 	cat 		/bin/cat	INSTALLED	INTEL32::LINUX	null
localhost 	ls 		/bin/ls		INSTALLED	INTEL32::LINUX	null
localhost 	grep 		/bin/grep	INSTALLED	INTEL32::LINUX	null
localhost 	sort 		/bin/sort	INSTALLED	INTEL32::LINUX	null
localhost 	paste 		/bin/paste	INSTALLED	INTEL32::LINUX	null
localhost 	cp 		/bin/cp         INSTALLED	INTEL32::LINUX	null
localhost 	touch 		/bin/touch      INSTALLED	INTEL32::LINUX	null
localhost	wc		/usr/bin/wc	INSTALLED	INTEL32::LINUX	null
localhost	sh		/bin/wc		INSTALLED	INTEL32::LINUX	null
localhost	scott3a		/home/skrieder/swift/multi/scott3a.sh		INSTALLED	INTEL32::LINUX	null
localhost	scott3b		/home/skrieder/swift/multi/scott3b.sh		INSTALLED	INTEL32::LINUX	null
localhost	cka		/home/skrieder/swift/cuda/1sm1ms		INSTALLED	INTEL32::LINUX	null
localhost	a1sm0ms		/home/skrieder/swift/cuda/1sm0ms		INSTALLED	INTEL32::LINUX	null
localhost	a1sm1ms		/home/skrieder/swift/cuda/1sm1ms		INSTALLED	INTEL32::LINUX	null
localhost	a1sm10ms	/home/skrieder/swift/cuda/1sm10ms		INSTALLED	INTEL32::LINUX	null
localhost	a1sm100ms	/home/skrieder/swift/cuda/1sm100ms		INSTALLED	INTEL32::LINUX	null
localhost	a2sm0ms		/home/skrieder/swift/cuda/2sm0ms		INSTALLED	INTEL32::LINUX	null
localhost	a2sm1ms		/home/skrieder/swift/cuda/2sm1ms		INSTALLED	INTEL32::LINUX	null
localhost	a2sm10ms	/home/skrieder/swift/cuda/2sm10ms		INSTALLED	INTEL32::LINUX	null
localhost	a2sm100ms	/home/skrieder/swift/cuda/2sm100ms		INSTALLED	INTEL32::LINUX	null
localhost	a4sm0ms		/home/skrieder/swift/cuda/4sm0ms		INSTALLED	INTEL32::LINUX	null
localhost	a4sm1ms		/home/skrieder/swift/cuda/4sm1ms		INSTALLED	INTEL32::LINUX	null
localhost	a4sm10ms	/home/skrieder/swift/cuda/4sm10ms		INSTALLED	INTEL32::LINUX	null
localhost	a4sm100ms	/home/skrieder/swift/cuda/4sm100ms		INSTALLED	INTEL32::LINUX	null
localhost	a8sm0ms		/home/skrieder/swift/cuda/8sm0ms		INSTALLED	INTEL32::LINUX	null
localhost	a8sm1ms		/home/skrieder/swift/cuda/8sm1ms		INSTALLED	INTEL32::LINUX	null
localhost	a8sm10ms	/home/skrieder/swift/cuda/8sm10ms		INSTALLED	INTEL32::LINUX	null
localhost	a8sm100ms	/home/skrieder/swift/cuda/8sm100ms		INSTALLED	INTEL32::LINUX	null
localhost	a16sm0ms	/home/skrieder/swift/cuda/16sm0ms		INSTALLED	INTEL32::LINUX	null
localhost	a16sm1ms	/home/skrieder/swift/cuda/16sm1ms		INSTALLED	INTEL32::LINUX	null
localhost	a16sm10ms	/home/skrieder/swift/cuda/16sm10ms		INSTALLED	INTEL32::LINUX	null
localhost	a16sm100ms	/home/skrieder/swift/cuda/16sm100ms		INSTALLED	INTEL32::LINUX	null
localhost	sleep0ms	/home/skrieder/swift/c/sleep0ms			INSTALLED	INTEL32::LINUX	null
localhost	sleep1ms	/home/skrieder/swift/c/sleep1ms			INSTALLED	INTEL32::LINUX	null
localhost	sleep10ms	/home/skrieder/swift/c/sleep10ms		INSTALLED	INTEL32::LINUX	null
localhost	sleep100ms	/home/skrieder/swift/c/sleep100ms			INSTALLED	INTEL32::LINUX	null
localhost	sleep1000ms	/home/skrieder/swift/c/sleep1000ms			INSTALLED	INTEL32::LINUX	null
localhost	sleep10000ms	/home/skrieder/swift/c/sleep10000ms			INSTALLED	INTEL32::LINUX	null
localhost	hello		/home/skrieder/swift/multi/hello			INSTALLED	INTEL32::LINUX	null


2012-06-08 09:40:53,330-0500 DEBUG textfiles END TC:
2012-06-08 09:40:53,358-0500 INFO  GridExec TASK_DEFINITION: Task(type=JOB_SUBMISSION, identity=urn:0-1-0-1-1-1339166452242) is /bin/bash shared/_swiftwrap a1sm1ms-bfyrahsk -jobdir b -scratch  -e /home/skrieder/swift/cuda/1sm1ms -out 0.result -err stderr.txt -i -d  -if  -of 0.result -k  -cdmfile  -status files -a
2012-06-08 09:40:53,358-0500 INFO  GridExec TASK_DEFINITION: Task(type=JOB_SUBMISSION, identity=urn:0-1-2-1-1-1339166452243) is /bin/bash shared/_swiftwrap a1sm1ms-afyrahsk -jobdir a -scratch  -e /home/skrieder/swift/cuda/1sm1ms -out 2.result -err stderr.txt -i -d  -if  -of 2.result -k  -cdmfile  -status files -a
2012-06-08 09:40:53,368-0500 INFO  JobSubmissionTaskHandler Submit: in: /var/tmp/3inloop-20120608-0940-pmuh9jh0 command: /bin/bash /var/tmp/3inloop-20120608-0940-pmuh9jh0/shared/_swiftwrap a1sm1ms-bfyrahsk -jobdir b -scratch  -e /home/skrieder/swift/cuda/1sm1ms -out 0.result -err stderr.txt -i -d  -if  -of 0.result -k  -cdmfile  -status files -a
2012-06-08 09:40:53,368-0500 INFO  JobSubmissionTaskHandler Submit: in: /var/tmp/3inloop-20120608-0940-pmuh9jh0 command: /bin/bash /var/tmp/3inloop-20120608-0940-pmuh9jh0/shared/_swiftwrap a1sm1ms-afyrahsk -jobdir a -scratch  -e /home/skrieder/swift/cuda/1sm1ms -out 2.result -err stderr.txt -i -d  -if  -of 2.result -k  -cdmfile  -status files -a
2012-06-08 09:40:53,737-0500 INFO  LateBindingScheduler JobQueue: 1
2012-06-08 09:40:53,743-0500 DEBUG vdl:checkjobstatus START jobid=a1sm1ms-bfyrahsk
2012-06-08 09:40:53,747-0500 INFO  LateBindingScheduler JobQueue: 1
2012-06-08 09:40:53,749-0500 INFO  vdl:checkjobstatus SUCCESS jobid=a1sm1ms-bfyrahsk - Success file found
2012-06-08 09:40:53,752-0500 DEBUG vdl:execute2 STAGING_OUT jobid=a1sm1ms-bfyrahsk
2012-06-08 09:40:53,756-0500 INFO  vdl:dostageout START jobid=a1sm1ms-bfyrahsk - Staging out files
2012-06-08 09:40:53,757-0500 DEBUG vdl:dostageout stageouts: [[$, c:messagefile - Open]]
2012-06-08 09:40:53,775-0500 DEBUG vdl:dostageout FILE_STAGE_OUT_START srcname=0.result srcdir=3inloop-20120608-0940-pmuh9jh0/shared/ srchost=localhost destdir= desthost=localhost provider=file
2012-06-08 09:40:53,777-0500 INFO  LateBindingScheduler JobQueue: 1
2012-06-08 09:40:53,777-0500 INFO  LateBindingScheduler JobQueue: 1
2012-06-08 09:40:53,780-0500 DEBUG vdl:checkjobstatus START jobid=a1sm1ms-afyrahsk
2012-06-08 09:40:53,783-0500 INFO  LateBindingScheduler JobQueue: 1
2012-06-08 09:40:53,784-0500 INFO  vdl:checkjobstatus SUCCESS jobid=a1sm1ms-afyrahsk - Success file found
2012-06-08 09:40:53,785-0500 DEBUG vdl:execute2 STAGING_OUT jobid=a1sm1ms-afyrahsk
2012-06-08 09:40:53,787-0500 INFO  vdl:dostageout START jobid=a1sm1ms-afyrahsk - Staging out files
2012-06-08 09:40:53,788-0500 DEBUG vdl:dostageout stageouts: [[$, c:messagefile - Open]]
2012-06-08 09:40:53,796-0500 DEBUG vdl:dostageout FILE_STAGE_OUT_START srcname=2.result srcdir=3inloop-20120608-0940-pmuh9jh0/shared/ srchost=localhost destdir= desthost=localhost provider=file
2012-06-08 09:40:53,798-0500 INFO  LateBindingScheduler JobQueue: 1
2012-06-08 09:40:53,799-0500 INFO  LateBindingScheduler JobQueue: 1
2012-06-08 09:40:53,801-0500 DEBUG vdl:dostageout FILE_STAGE_OUT_END srcname=0.result srcdir=3inloop-20120608-0940-pmuh9jh0/shared/ srchost=localhost destdir= desthost=localhost provider=file
2012-06-08 09:40:53,804-0500 INFO  LateBindingScheduler JobQueue: 1
2012-06-08 09:40:53,806-0500 DEBUG vdl:dostageout FILE_STAGE_OUT_END srcname=2.result srcdir=3inloop-20120608-0940-pmuh9jh0/shared/ srchost=localhost destdir= desthost=localhost provider=file
2012-06-08 09:40:53,809-0500 INFO  LateBindingScheduler JobQueue: 1
2012-06-08 09:40:53,809-0500 INFO  LateBindingScheduler JobQueue: 1
2012-06-08 09:40:53,826-0500 INFO  vdl:dostageout END jobid=a1sm1ms-afyrahsk - Staging out finished
2012-06-08 09:40:53,826-0500 INFO  vdl:dostageout END jobid=a1sm1ms-bfyrahsk - Staging out finished
2012-06-08 09:40:53,832-0500 DEBUG vdl:execute2 JOB_END jobid=a1sm1ms-afyrahsk
2012-06-08 09:40:53,832-0500 DEBUG vdl:execute2 JOB_END jobid=a1sm1ms-bfyrahsk
2012-06-08 09:40:53,833-0500 INFO  vdl:execute END_SUCCESS thread=0-1-2-1 tr=a1sm1ms
2012-06-08 09:40:53,834-0500 INFO  vdl:execute END_SUCCESS thread=0-1-0-1 tr=a1sm1ms
2012-06-08 09:40:53,834-0500 DEBUG countwords PROCEDURE_END line=4
2012-06-08 09:40:53,835-0500 DEBUG countwords PROCEDURE_END line=4
2012-06-08 09:40:53,838-0500 DEBUG vdl:mains FOREACH_IT_END line=12 thread=0-1-2
2012-06-08 09:40:53,838-0500 DEBUG vdl:mains FOREACH_IT_END line=12 thread=0-1-0
2012-06-08 09:40:54,311-0500 INFO  WeightedHostScoreScheduler CONTACT_SELECTED host=localhost, score=99.854
2012-06-08 09:40:54,317-0500 DEBUG vdl:execute2 THREAD_ASSOCIATION jobid=a1sm1ms-cfyrahsk thread=0-1-1-1-1 host=localhost replicationGroup=7fyrahsk
2012-06-08 09:40:54,327-0500 INFO  vdl:createdirset START jobid=a1sm1ms-cfyrahsk host=localhost - Initializing directory structure
2012-06-08 09:40:54,328-0500 INFO  vdl:createdirset END jobid=a1sm1ms-cfyrahsk - Done initializing directory structure
2012-06-08 09:40:54,329-0500 INFO  vdl:dostagein START jobid=a1sm1ms-cfyrahsk - Staging in files
2012-06-08 09:40:54,331-0500 INFO  vdl:dostagein END jobid=a1sm1ms-cfyrahsk - Staging in finished
2012-06-08 09:40:54,333-0500 DEBUG vdl:execute2 JOB_START jobid=a1sm1ms-cfyrahsk tr=a1sm1ms arguments=[] tmpdir=3inloop-20120608-0940-pmuh9jh0/jobs/c/a1sm1ms-cfyrahsk host=localhost
2012-06-08 09:40:54,345-0500 INFO  GridExec TASK_DEFINITION: Task(type=JOB_SUBMISSION, identity=urn:0-1-1-1-1-1339166452264) is /bin/bash shared/_swiftwrap a1sm1ms-cfyrahsk -jobdir c -scratch  -e /home/skrieder/swift/cuda/1sm1ms -out 1.result -err stderr.txt -i -d  -if  -of 1.result -k  -cdmfile  -status files -a
2012-06-08 09:40:54,345-0500 INFO  JobSubmissionTaskHandler Submit: in: /var/tmp/3inloop-20120608-0940-pmuh9jh0 command: /bin/bash /var/tmp/3inloop-20120608-0940-pmuh9jh0/shared/_swiftwrap a1sm1ms-cfyrahsk -jobdir c -scratch  -e /home/skrieder/swift/cuda/1sm1ms -out 1.result -err stderr.txt -i -d  -if  -of 1.result -k  -cdmfile  -status files -a
2012-06-08 09:40:54,591-0500 INFO  LateBindingScheduler JobQueue: 0
2012-06-08 09:40:54,594-0500 DEBUG vdl:checkjobstatus START jobid=a1sm1ms-cfyrahsk
2012-06-08 09:40:54,597-0500 INFO  LateBindingScheduler JobQueue: 0
2012-06-08 09:40:54,598-0500 INFO  vdl:checkjobstatus SUCCESS jobid=a1sm1ms-cfyrahsk - Success file found
2012-06-08 09:40:54,599-0500 DEBUG vdl:execute2 STAGING_OUT jobid=a1sm1ms-cfyrahsk
2012-06-08 09:40:54,601-0500 INFO  vdl:dostageout START jobid=a1sm1ms-cfyrahsk - Staging out files
2012-06-08 09:40:54,602-0500 DEBUG vdl:dostageout stageouts: [[$, c:messagefile - Open]]
2012-06-08 09:40:54,609-0500 DEBUG vdl:dostageout FILE_STAGE_OUT_START srcname=1.result srcdir=3inloop-20120608-0940-pmuh9jh0/shared/ srchost=localhost destdir= desthost=localhost provider=file
2012-06-08 09:40:54,611-0500 INFO  LateBindingScheduler JobQueue: 0
2012-06-08 09:40:54,617-0500 INFO  LateBindingScheduler JobQueue: 0
2012-06-08 09:40:54,619-0500 DEBUG vdl:dostageout FILE_STAGE_OUT_END srcname=1.result srcdir=3inloop-20120608-0940-pmuh9jh0/shared/ srchost=localhost destdir= desthost=localhost provider=file
2012-06-08 09:40:54,621-0500 INFO  LateBindingScheduler JobQueue: 0
2012-06-08 09:40:54,625-0500 INFO  vdl:dostageout END jobid=a1sm1ms-cfyrahsk - Staging out finished
2012-06-08 09:40:54,630-0500 DEBUG vdl:execute2 JOB_END jobid=a1sm1ms-cfyrahsk
2012-06-08 09:40:54,631-0500 INFO  vdl:execute END_SUCCESS thread=0-1-1-1 tr=a1sm1ms
2012-06-08 09:40:54,632-0500 DEBUG countwords PROCEDURE_END line=4
2012-06-08 09:40:54,635-0500 DEBUG vdl:mains FOREACH_IT_END line=12 thread=0-1-1
2012-06-08 09:40:54,657-0500 DEBUG vdl:mains Starting cleanups
2012-06-08 09:40:54,657-0500 INFO  vdl:cleanups START cleanups=[[3inloop-20120608-0940-pmuh9jh0, localhost]]
2012-06-08 09:40:54,659-0500 INFO  vdl:cleanup START dir=3inloop-20120608-0940-pmuh9jh0 host=localhost
2012-06-08 09:40:54,659-0500 DEBUG vdl:cleanup cdmfile 
2012-06-08 09:40:54,661-0500 INFO  GridExec TASK_DEFINITION: Task(type=JOB_SUBMISSION, identity=urn:0-1-1339166452275) is /bin/rm -rf 3inloop-20120608-0940-pmuh9jh0
2012-06-08 09:40:54,662-0500 INFO  JobSubmissionTaskHandler Submit: in: /var/tmp command: /bin/rm -rf 3inloop-20120608-0940-pmuh9jh0
2012-06-08 09:40:54,663-0500 INFO  LateBindingScheduler JobQueue: 0
2012-06-08 09:40:54,664-0500 INFO  vdl:cleanup END dir=3inloop-20120608-0940-pmuh9jh0 host=localhost
2012-06-08 09:40:54,665-0500 INFO  vdl:cleanups END cleanups=[[3inloop-20120608-0940-pmuh9jh0, localhost]]
2012-06-08 09:40:54,665-0500 DEBUG vdl:mains Ending cleanups
2012-06-08 09:40:54,666-0500 INFO  Loader Swift finished with no errors
