2012-06-08 09:40:26,645-0500 DEBUG Loader arguments: [-tc.file, tc.data, -sites.file, 0-throttle-sites.xml, 3inloop.swift]
2012-06-08 09:40:26,645-0500 DEBUG Loader Max heap: 252248064
2012-06-08 09:40:26,646-0500 DEBUG textfiles BEGIN SWIFTSCRIPT:

type messagefile; 

app (messagefile t) countwords () {   
     a1sm1ms stdout=@filename(t);
}

string outputNames = "test1 test2 test3";

messagefile outputfiles[] <fixed_array_mapper;files=outputNames>;

foreach f,i in outputfiles {
  messagefile c <single_file_mapper; file=@strcat(i, ".result")>;
  c = countwords();
}


2012-06-08 09:40:26,646-0500 DEBUG textfiles END SWIFTSCRIPT:
2012-06-08 09:40:26,646-0500 DEBUG Loader kmlversion is >239b8550-a5ff-44be-a124-5e7ecd70737d<
2012-06-08 09:40:26,647-0500 DEBUG Loader build version is >239b8550-a5ff-44be-a124-5e7ecd70737d<
2012-06-08 09:40:26,647-0500 DEBUG Loader Recompilation suppressed.
2012-06-08 09:40:26,793-0500 DEBUG Loader setting: sites.file to: 0-throttle-sites.xml
2012-06-08 09:40:26,793-0500 DEBUG Loader setting: tc.file to: tc.data
2012-06-08 09:40:26,793-0500 DEBUG textfiles BEGIN SITES:
<config>

  <pool handle="localhost">
    <filesystem provider="local" />
    <execution provider="local" />
    <workdirectory >/var/tmp</workdirectory>
    <profile namespace="karajan" key="jobThrottle">.01</profile>
    <profile namespace="karajan" key="initialScore">10000</profile>
  </pool>

</config>


2012-06-08 09:40:26,793-0500 DEBUG textfiles END SITES:
2012-06-08 09:40:26,797-0500 INFO  VDL2ExecutionContext Stack dump:
Level 1
[iA = 0, iB = 0, bA = false, bB = false]
	vdl:instanceconfig = Swift configuration []
	vdl:operation = run
	swift.home = /usr/local/swift/bin/..
	PATH_SEPARATOR = /


2012-06-08 09:40:27,462-0500 INFO  unknown Using sites file: 0-throttle-sites.xml
2012-06-08 09:40:27,503-0500 INFO  unknown Using tc.data: tc.data
2012-06-08 09:40:27,635-0500 INFO  AbstractScheduler Setting resources to: {localhost=localhost}
2012-06-08 09:40:28,412-0500 INFO  unknown Swift 0.93 swift-r5483 cog-r3339

2012-06-08 09:40:28,413-0500 INFO  unknown RUNID id=run:20120608-0940-saenyrce
2012-06-08 09:40:28,456-0500 INFO  SetFieldValue Set: outputNames=test1 test2 test3
2012-06-08 09:40:28,478-0500 INFO  RootDataNode Found data outputfiles:messagefile[] - Open.[0]
2012-06-08 09:40:28,478-0500 INFO  RootDataNode Found data outputfiles:messagefile[] - Open.[1]
2012-06-08 09:40:28,478-0500 INFO  RootDataNode Found data outputfiles:messagefile[] - Open.[2]
2012-06-08 09:40:28,480-0500 DEBUG vdl:mains FOREACH_IT_START line=12 thread=0-1-0
2012-06-08 09:40:28,480-0500 DEBUG vdl:mains FOREACH_IT_START line=12 thread=0-1-1
2012-06-08 09:40:28,480-0500 DEBUG vdl:mains FOREACH_IT_START line=12 thread=0-1-2
2012-06-08 09:40:28,481-0500 DEBUG vdl:mains SCOPE thread=0-1-0
2012-06-08 09:40:28,480-0500 DEBUG vdl:mains SCOPE thread=0-1-1
2012-06-08 09:40:28,481-0500 DEBUG vdl:mains SCOPE thread=0-1-2
2012-06-08 09:40:28,490-0500 INFO  SetFieldValue Set: swift#mapper#17001=1.result
2012-06-08 09:40:28,490-0500 INFO  SetFieldValue Set: swift#mapper#17001=0.result
2012-06-08 09:40:28,491-0500 DEBUG countwords PROCEDURE line=4 thread=0-1-1-1 name=countwords
2012-06-08 09:40:28,491-0500 INFO  SetFieldValue Set: swift#mapper#17001=2.result
2012-06-08 09:40:28,491-0500 DEBUG countwords PROCEDURE line=4 thread=0-1-0-1 name=countwords
2012-06-08 09:40:28,492-0500 DEBUG countwords PROCEDURE line=4 thread=0-1-2-1 name=countwords
2012-06-08 09:40:28,494-0500 INFO  RootDataNode Found mapped data c:messagefile - Open.$
2012-06-08 09:40:28,494-0500 INFO  RootDataNode Found mapped data c:messagefile - Open.$
2012-06-08 09:40:28,494-0500 INFO  RootDataNode Found mapped data c:messagefile - Open.$
2012-06-08 09:40:28,504-0500 INFO  vdl:execute START thread=0-1-1-1 tr=a1sm1ms
2012-06-08 09:40:28,504-0500 INFO  vdl:execute START thread=0-1-2-1 tr=a1sm1ms
2012-06-08 09:40:28,504-0500 INFO  vdl:execute START thread=0-1-0-1 tr=a1sm1ms
2012-06-08 09:40:28,527-0500 INFO  WeightedHostScoreScheduler CONTACT_SELECTED host=localhost, score=99.854
2012-06-08 09:40:28,530-0500 INFO  WeightedHostScoreScheduler CONTACT_SELECTED host=localhost, score=99.854
2012-06-08 09:40:28,535-0500 INFO  GlobalSubmitQueue No global submit throttle set. Using default (1024)
2012-06-08 09:40:28,540-0500 INFO  LateBindingScheduler JobQueue: 1
2012-06-08 09:40:28,544-0500 INFO  LateBindingScheduler JobQueue: 1
2012-06-08 09:40:28,550-0500 INFO  vdl:initshareddir START host=localhost - Initializing shared directory
2012-06-08 09:40:28,554-0500 INFO  LateBindingScheduler JobQueue: 1
2012-06-08 09:40:28,574-0500 INFO  LateBindingScheduler JobQueue: 1
2012-06-08 09:40:28,579-0500 INFO  LateBindingScheduler JobQueue: 1
2012-06-08 09:40:28,583-0500 INFO  LateBindingScheduler JobQueue: 1
2012-06-08 09:40:28,586-0500 INFO  LateBindingScheduler JobQueue: 1
2012-06-08 09:40:28,593-0500 INFO  LateBindingScheduler JobQueue: 1
2012-06-08 09:40:28,597-0500 INFO  vdl:initshareddir END host=localhost - Done initializing shared directory
2012-06-08 09:40:28,604-0500 DEBUG vdl:execute2 THREAD_ASSOCIATION jobid=a1sm1ms-m7drahsk thread=0-1-0-1-1 host=localhost replicationGroup=k7drahsk
2012-06-08 09:40:28,604-0500 DEBUG vdl:execute2 THREAD_ASSOCIATION jobid=a1sm1ms-l7drahsk thread=0-1-2-1-1 host=localhost replicationGroup=j7drahsk
2012-06-08 09:40:28,628-0500 INFO  vdl:createdirset START jobid=a1sm1ms-m7drahsk host=localhost - Initializing directory structure
2012-06-08 09:40:28,628-0500 INFO  vdl:createdirset START jobid=a1sm1ms-l7drahsk host=localhost - Initializing directory structure
2012-06-08 09:40:28,630-0500 INFO  vdl:createdirset END jobid=a1sm1ms-l7drahsk - Done initializing directory structure
2012-06-08 09:40:28,631-0500 INFO  vdl:createdirset END jobid=a1sm1ms-m7drahsk - Done initializing directory structure
2012-06-08 09:40:28,634-0500 INFO  vdl:dostagein START jobid=a1sm1ms-l7drahsk - Staging in files
2012-06-08 09:40:28,634-0500 INFO  vdl:dostagein START jobid=a1sm1ms-m7drahsk - Staging in files
2012-06-08 09:40:28,644-0500 INFO  vdl:dostagein END jobid=a1sm1ms-m7drahsk - Staging in finished
2012-06-08 09:40:28,644-0500 INFO  vdl:dostagein END jobid=a1sm1ms-l7drahsk - Staging in finished
2012-06-08 09:40:28,651-0500 DEBUG vdl:execute2 JOB_START jobid=a1sm1ms-l7drahsk tr=a1sm1ms arguments=[] tmpdir=3inloop-20120608-0940-saenyrce/jobs/l/a1sm1ms-l7drahsk host=localhost
2012-06-08 09:40:28,651-0500 DEBUG vdl:execute2 JOB_START jobid=a1sm1ms-m7drahsk tr=a1sm1ms arguments=[] tmpdir=3inloop-20120608-0940-saenyrce/jobs/m/a1sm1ms-m7drahsk host=localhost
2012-06-08 09:40:28,666-0500 DEBUG textfiles BEGIN TC:
#This is the transformation catalog.
#
#It comes pre-configured with a number of simple transformations with
#paths that are likely to work on a linux box. However, on some systems,
#the paths to these executables will be different (for example, sometimes
#some of these programs are found in /usr/bin rather than in /bin)
#
#NOTE WELL: fields in this file must be separated by tabs, not spaces; and
#there must be no trailing whitespace at the end of each line.
#
# sitename  transformation  path   INSTALLED  platform  profiles
localhost 	echo 		/bin/echo	INSTALLED	INTEL32::LINUX	null
localhost 	cat 		/bin/cat	INSTALLED	INTEL32::LINUX	null
localhost 	ls 		/bin/ls		INSTALLED	INTEL32::LINUX	null
localhost 	grep 		/bin/grep	INSTALLED	INTEL32::LINUX	null
localhost 	sort 		/bin/sort	INSTALLED	INTEL32::LINUX	null
localhost 	paste 		/bin/paste	INSTALLED	INTEL32::LINUX	null
localhost 	cp 		/bin/cp         INSTALLED	INTEL32::LINUX	null
localhost 	touch 		/bin/touch      INSTALLED	INTEL32::LINUX	null
localhost	wc		/usr/bin/wc	INSTALLED	INTEL32::LINUX	null
localhost	sh		/bin/wc		INSTALLED	INTEL32::LINUX	null
localhost	scott3a		/home/skrieder/swift/multi/scott3a.sh		INSTALLED	INTEL32::LINUX	null
localhost	scott3b		/home/skrieder/swift/multi/scott3b.sh		INSTALLED	INTEL32::LINUX	null
localhost	cka		/home/skrieder/swift/cuda/1sm1ms		INSTALLED	INTEL32::LINUX	null
localhost	a1sm0ms		/home/skrieder/swift/cuda/1sm0ms		INSTALLED	INTEL32::LINUX	null
localhost	a1sm1ms		/home/skrieder/swift/cuda/1sm1ms		INSTALLED	INTEL32::LINUX	null
localhost	a1sm10ms	/home/skrieder/swift/cuda/1sm10ms		INSTALLED	INTEL32::LINUX	null
localhost	a1sm100ms	/home/skrieder/swift/cuda/1sm100ms		INSTALLED	INTEL32::LINUX	null
localhost	a2sm0ms		/home/skrieder/swift/cuda/2sm0ms		INSTALLED	INTEL32::LINUX	null
localhost	a2sm1ms		/home/skrieder/swift/cuda/2sm1ms		INSTALLED	INTEL32::LINUX	null
localhost	a2sm10ms	/home/skrieder/swift/cuda/2sm10ms		INSTALLED	INTEL32::LINUX	null
localhost	a2sm100ms	/home/skrieder/swift/cuda/2sm100ms		INSTALLED	INTEL32::LINUX	null
localhost	a4sm0ms		/home/skrieder/swift/cuda/4sm0ms		INSTALLED	INTEL32::LINUX	null
localhost	a4sm1ms		/home/skrieder/swift/cuda/4sm1ms		INSTALLED	INTEL32::LINUX	null
localhost	a4sm10ms	/home/skrieder/swift/cuda/4sm10ms		INSTALLED	INTEL32::LINUX	null
localhost	a4sm100ms	/home/skrieder/swift/cuda/4sm100ms		INSTALLED	INTEL32::LINUX	null
localhost	a8sm0ms		/home/skrieder/swift/cuda/8sm0ms		INSTALLED	INTEL32::LINUX	null
localhost	a8sm1ms		/home/skrieder/swift/cuda/8sm1ms		INSTALLED	INTEL32::LINUX	null
localhost	a8sm10ms	/home/skrieder/swift/cuda/8sm10ms		INSTALLED	INTEL32::LINUX	null
localhost	a8sm100ms	/home/skrieder/swift/cuda/8sm100ms		INSTALLED	INTEL32::LINUX	null
localhost	a16sm0ms	/home/skrieder/swift/cuda/16sm0ms		INSTALLED	INTEL32::LINUX	null
localhost	a16sm1ms	/home/skrieder/swift/cuda/16sm1ms		INSTALLED	INTEL32::LINUX	null
localhost	a16sm10ms	/home/skrieder/swift/cuda/16sm10ms		INSTALLED	INTEL32::LINUX	null
localhost	a16sm100ms	/home/skrieder/swift/cuda/16sm100ms		INSTALLED	INTEL32::LINUX	null
localhost	sleep0ms	/home/skrieder/swift/c/sleep0ms			INSTALLED	INTEL32::LINUX	null
localhost	sleep1ms	/home/skrieder/swift/c/sleep1ms			INSTALLED	INTEL32::LINUX	null
localhost	sleep10ms	/home/skrieder/swift/c/sleep10ms		INSTALLED	INTEL32::LINUX	null
localhost	sleep100ms	/home/skrieder/swift/c/sleep100ms			INSTALLED	INTEL32::LINUX	null
localhost	sleep1000ms	/home/skrieder/swift/c/sleep1000ms			INSTALLED	INTEL32::LINUX	null
localhost	sleep10000ms	/home/skrieder/swift/c/sleep10000ms			INSTALLED	INTEL32::LINUX	null
localhost	hello		/home/skrieder/swift/multi/hello			INSTALLED	INTEL32::LINUX	null


2012-06-08 09:40:28,667-0500 DEBUG textfiles END TC:
2012-06-08 09:40:28,687-0500 INFO  GridExec TASK_DEFINITION: Task(type=JOB_SUBMISSION, identity=urn:0-1-2-1-1-1339166427495) is /bin/bash shared/_swiftwrap a1sm1ms-l7drahsk -jobdir l -scratch  -e /home/skrieder/swift/cuda/1sm1ms -out 2.result -err stderr.txt -i -d  -if  -of 2.result -k  -cdmfile  -status files -a
2012-06-08 09:40:28,687-0500 INFO  GridExec TASK_DEFINITION: Task(type=JOB_SUBMISSION, identity=urn:0-1-0-1-1-1339166427496) is /bin/bash shared/_swiftwrap a1sm1ms-m7drahsk -jobdir m -scratch  -e /home/skrieder/swift/cuda/1sm1ms -out 0.result -err stderr.txt -i -d  -if  -of 0.result -k  -cdmfile  -status files -a
2012-06-08 09:40:28,695-0500 INFO  JobSubmissionTaskHandler Submit: in: /var/tmp/3inloop-20120608-0940-saenyrce command: /bin/bash /var/tmp/3inloop-20120608-0940-saenyrce/shared/_swiftwrap a1sm1ms-l7drahsk -jobdir l -scratch  -e /home/skrieder/swift/cuda/1sm1ms -out 2.result -err stderr.txt -i -d  -if  -of 2.result -k  -cdmfile  -status files -a
2012-06-08 09:40:28,695-0500 INFO  JobSubmissionTaskHandler Submit: in: /var/tmp/3inloop-20120608-0940-saenyrce command: /bin/bash /var/tmp/3inloop-20120608-0940-saenyrce/shared/_swiftwrap a1sm1ms-m7drahsk -jobdir m -scratch  -e /home/skrieder/swift/cuda/1sm1ms -out 0.result -err stderr.txt -i -d  -if  -of 0.result -k  -cdmfile  -status files -a
2012-06-08 09:40:29,048-0500 INFO  LateBindingScheduler JobQueue: 1
2012-06-08 09:40:29,053-0500 DEBUG vdl:checkjobstatus START jobid=a1sm1ms-l7drahsk
2012-06-08 09:40:29,057-0500 INFO  LateBindingScheduler JobQueue: 1
2012-06-08 09:40:29,058-0500 INFO  vdl:checkjobstatus SUCCESS jobid=a1sm1ms-l7drahsk - Success file found
2012-06-08 09:40:29,059-0500 DEBUG vdl:execute2 STAGING_OUT jobid=a1sm1ms-l7drahsk
2012-06-08 09:40:29,060-0500 INFO  vdl:dostageout START jobid=a1sm1ms-l7drahsk - Staging out files
2012-06-08 09:40:29,060-0500 DEBUG vdl:dostageout stageouts: [[$, c:messagefile - Open]]
2012-06-08 09:40:29,065-0500 DEBUG vdl:dostageout FILE_STAGE_OUT_START srcname=2.result srcdir=3inloop-20120608-0940-saenyrce/shared/ srchost=localhost destdir= desthost=localhost provider=file
2012-06-08 09:40:29,067-0500 INFO  LateBindingScheduler JobQueue: 1
2012-06-08 09:40:29,083-0500 INFO  LateBindingScheduler JobQueue: 1
2012-06-08 09:40:29,085-0500 DEBUG vdl:dostageout FILE_STAGE_OUT_END srcname=2.result srcdir=3inloop-20120608-0940-saenyrce/shared/ srchost=localhost destdir= desthost=localhost provider=file
2012-06-08 09:40:29,088-0500 INFO  LateBindingScheduler JobQueue: 1
2012-06-08 09:40:29,090-0500 DEBUG vdl:checkjobstatus START jobid=a1sm1ms-m7drahsk
2012-06-08 09:40:29,092-0500 INFO  LateBindingScheduler JobQueue: 1
2012-06-08 09:40:29,093-0500 INFO  vdl:checkjobstatus SUCCESS jobid=a1sm1ms-m7drahsk - Success file found
2012-06-08 09:40:29,093-0500 INFO  LateBindingScheduler JobQueue: 1
2012-06-08 09:40:29,094-0500 DEBUG vdl:execute2 STAGING_OUT jobid=a1sm1ms-m7drahsk
2012-06-08 09:40:29,095-0500 INFO  vdl:dostageout START jobid=a1sm1ms-m7drahsk - Staging out files
2012-06-08 09:40:29,096-0500 DEBUG vdl:dostageout stageouts: [[$, c:messagefile - Open]]
2012-06-08 09:40:29,103-0500 DEBUG vdl:dostageout FILE_STAGE_OUT_START srcname=0.result srcdir=3inloop-20120608-0940-saenyrce/shared/ srchost=localhost destdir= desthost=localhost provider=file
2012-06-08 09:40:29,105-0500 INFO  LateBindingScheduler JobQueue: 1
2012-06-08 09:40:29,110-0500 INFO  vdl:dostageout END jobid=a1sm1ms-l7drahsk - Staging out finished
2012-06-08 09:40:29,112-0500 INFO  LateBindingScheduler JobQueue: 1
2012-06-08 09:40:29,113-0500 DEBUG vdl:dostageout FILE_STAGE_OUT_END srcname=0.result srcdir=3inloop-20120608-0940-saenyrce/shared/ srchost=localhost destdir= desthost=localhost provider=file
2012-06-08 09:40:29,116-0500 INFO  LateBindingScheduler JobQueue: 1
2012-06-08 09:40:29,121-0500 DEBUG vdl:execute2 JOB_END jobid=a1sm1ms-l7drahsk
2012-06-08 09:40:29,121-0500 INFO  vdl:dostageout END jobid=a1sm1ms-m7drahsk - Staging out finished
2012-06-08 09:40:29,124-0500 INFO  vdl:execute END_SUCCESS thread=0-1-2-1 tr=a1sm1ms
2012-06-08 09:40:29,126-0500 DEBUG vdl:execute2 JOB_END jobid=a1sm1ms-m7drahsk
2012-06-08 09:40:29,127-0500 DEBUG countwords PROCEDURE_END line=4
2012-06-08 09:40:29,127-0500 INFO  vdl:execute END_SUCCESS thread=0-1-0-1 tr=a1sm1ms
2012-06-08 09:40:29,130-0500 DEBUG vdl:mains FOREACH_IT_END line=12 thread=0-1-2
2012-06-08 09:40:29,130-0500 DEBUG countwords PROCEDURE_END line=4
2012-06-08 09:40:29,131-0500 DEBUG vdl:mains FOREACH_IT_END line=12 thread=0-1-0
2012-06-08 09:40:29,617-0500 INFO  WeightedHostScoreScheduler CONTACT_SELECTED host=localhost, score=99.854
2012-06-08 09:40:29,623-0500 DEBUG vdl:execute2 THREAD_ASSOCIATION jobid=a1sm1ms-n7drahsk thread=0-1-1-1-1 host=localhost replicationGroup=i7drahsk
2012-06-08 09:40:29,632-0500 INFO  vdl:createdirset START jobid=a1sm1ms-n7drahsk host=localhost - Initializing directory structure
2012-06-08 09:40:29,634-0500 INFO  vdl:createdirset END jobid=a1sm1ms-n7drahsk - Done initializing directory structure
2012-06-08 09:40:29,635-0500 INFO  vdl:dostagein START jobid=a1sm1ms-n7drahsk - Staging in files
2012-06-08 09:40:29,637-0500 INFO  vdl:dostagein END jobid=a1sm1ms-n7drahsk - Staging in finished
2012-06-08 09:40:29,639-0500 DEBUG vdl:execute2 JOB_START jobid=a1sm1ms-n7drahsk tr=a1sm1ms arguments=[] tmpdir=3inloop-20120608-0940-saenyrce/jobs/n/a1sm1ms-n7drahsk host=localhost
2012-06-08 09:40:29,651-0500 INFO  GridExec TASK_DEFINITION: Task(type=JOB_SUBMISSION, identity=urn:0-1-1-1-1-1339166427516) is /bin/bash shared/_swiftwrap a1sm1ms-n7drahsk -jobdir n -scratch  -e /home/skrieder/swift/cuda/1sm1ms -out 1.result -err stderr.txt -i -d  -if  -of 1.result -k  -cdmfile  -status files -a
2012-06-08 09:40:29,652-0500 INFO  JobSubmissionTaskHandler Submit: in: /var/tmp/3inloop-20120608-0940-saenyrce command: /bin/bash /var/tmp/3inloop-20120608-0940-saenyrce/shared/_swiftwrap a1sm1ms-n7drahsk -jobdir n -scratch  -e /home/skrieder/swift/cuda/1sm1ms -out 1.result -err stderr.txt -i -d  -if  -of 1.result -k  -cdmfile  -status files -a
2012-06-08 09:40:29,877-0500 INFO  LateBindingScheduler JobQueue: 0
2012-06-08 09:40:29,880-0500 DEBUG vdl:checkjobstatus START jobid=a1sm1ms-n7drahsk
2012-06-08 09:40:29,883-0500 INFO  LateBindingScheduler JobQueue: 0
2012-06-08 09:40:29,884-0500 INFO  vdl:checkjobstatus SUCCESS jobid=a1sm1ms-n7drahsk - Success file found
2012-06-08 09:40:29,886-0500 DEBUG vdl:execute2 STAGING_OUT jobid=a1sm1ms-n7drahsk
2012-06-08 09:40:29,887-0500 INFO  vdl:dostageout START jobid=a1sm1ms-n7drahsk - Staging out files
2012-06-08 09:40:29,888-0500 DEBUG vdl:dostageout stageouts: [[$, c:messagefile - Open]]
2012-06-08 09:40:29,895-0500 DEBUG vdl:dostageout FILE_STAGE_OUT_START srcname=1.result srcdir=3inloop-20120608-0940-saenyrce/shared/ srchost=localhost destdir= desthost=localhost provider=file
2012-06-08 09:40:29,897-0500 INFO  LateBindingScheduler JobQueue: 0
2012-06-08 09:40:29,904-0500 INFO  LateBindingScheduler JobQueue: 0
2012-06-08 09:40:29,905-0500 DEBUG vdl:dostageout FILE_STAGE_OUT_END srcname=1.result srcdir=3inloop-20120608-0940-saenyrce/shared/ srchost=localhost destdir= desthost=localhost provider=file
2012-06-08 09:40:29,908-0500 INFO  LateBindingScheduler JobQueue: 0
2012-06-08 09:40:29,912-0500 INFO  vdl:dostageout END jobid=a1sm1ms-n7drahsk - Staging out finished
2012-06-08 09:40:29,916-0500 DEBUG vdl:execute2 JOB_END jobid=a1sm1ms-n7drahsk
2012-06-08 09:40:29,917-0500 INFO  vdl:execute END_SUCCESS thread=0-1-1-1 tr=a1sm1ms
2012-06-08 09:40:29,918-0500 DEBUG countwords PROCEDURE_END line=4
2012-06-08 09:40:29,921-0500 DEBUG vdl:mains FOREACH_IT_END line=12 thread=0-1-1
2012-06-08 09:40:29,947-0500 DEBUG vdl:mains Starting cleanups
2012-06-08 09:40:29,948-0500 INFO  vdl:cleanups START cleanups=[[3inloop-20120608-0940-saenyrce, localhost]]
2012-06-08 09:40:29,949-0500 INFO  vdl:cleanup START dir=3inloop-20120608-0940-saenyrce host=localhost
2012-06-08 09:40:29,950-0500 DEBUG vdl:cleanup cdmfile 
2012-06-08 09:40:29,952-0500 INFO  GridExec TASK_DEFINITION: Task(type=JOB_SUBMISSION, identity=urn:0-1-1339166427527) is /bin/rm -rf 3inloop-20120608-0940-saenyrce
2012-06-08 09:40:29,953-0500 INFO  JobSubmissionTaskHandler Submit: in: /var/tmp command: /bin/rm -rf 3inloop-20120608-0940-saenyrce
2012-06-08 09:40:29,953-0500 INFO  LateBindingScheduler JobQueue: 0
2012-06-08 09:40:29,954-0500 INFO  vdl:cleanup END dir=3inloop-20120608-0940-saenyrce host=localhost
2012-06-08 09:40:29,954-0500 INFO  vdl:cleanups END cleanups=[[3inloop-20120608-0940-saenyrce, localhost]]
2012-06-08 09:40:29,954-0500 DEBUG vdl:mains Ending cleanups
2012-06-08 09:40:29,955-0500 INFO  Loader Swift finished with no errors
