2012-06-06 19:11:02,076-0500 DEBUG Loader arguments: [-tc.file, tc.data, -sites.file, 0-throttle-sites.xml, 3inloop.swift]
2012-06-06 19:11:02,076-0500 DEBUG Loader Max heap: 252248064
2012-06-06 19:11:02,077-0500 DEBUG textfiles BEGIN SWIFTSCRIPT:

type messagefile; 
type countfile; 

app (countfile t) countwords () {   
     a1sm10ms stdout=@filename(t);
}

string outputNames = "test1 test2 test3";

messagefile outputfiles[] <fixed_array_mapper;files=outputNames>;

foreach f,i in outputfiles {
  countfile c <single_file_mapper; file=@strcat(i, ".result")>;
  c = countwords();
}


2012-06-06 19:11:02,077-0500 DEBUG textfiles END SWIFTSCRIPT:
2012-06-06 19:11:02,077-0500 INFO  Loader 3inloop.swift: source file is new. Recompiling.
2012-06-06 19:11:02,078-0500 DEBUG Loader kmlversion is >239b8550-a5ff-44be-a124-5e7ecd70737d<
2012-06-06 19:11:02,078-0500 DEBUG Loader build version is >239b8550-a5ff-44be-a124-5e7ecd70737d<
2012-06-06 19:11:02,639-0500 INFO  Karajan Validation of XML intermediate file was successful
2012-06-06 19:11:02,826-0500 DEBUG Loader setting: sites.file to: 0-throttle-sites.xml
2012-06-06 19:11:02,827-0500 DEBUG Loader setting: tc.file to: tc.data
2012-06-06 19:11:02,828-0500 DEBUG textfiles BEGIN SITES:
<config>

<!-- sites.xml specifies details of the sites that Swift can run on.

The first entry entry, for localhost, should work on most linux-like systems
without any change.

It may be necessary to change the two occurences of /var/tmp to a different
working directory.

The jobThrottle profile is set to 0 so that Swift will not try to run more
than two jobs at once (the minimum) when using the local sites. This is
appropriate for local execution, but make sure if/when using another
execution mechanism to submit to an HPC resource that this jobThrottle
is removed.

-->


  <pool handle="localhost">
    <filesystem provider="local" />
    <execution provider="local" />
    <workdirectory >/var/tmp</workdirectory>
    <profile namespace="karajan" key="jobThrottle">.01</profile>
    <profile namespace="karajan" key="initialScore">10000</profile>
  </pool>





<!-- The remainder of this file is commented out by default. It contains
example site definitions for a number of sites on TeraGrid and OSG.

How this list was constructed:

1. Teragrid
http://www.teragrid.org/userinfo/hardware/resources.php
fill out the gatekeeper info and the gridftp hostname
for the storage/workspace, login into the machine, and make yourself a
temporary directory

2. OSG
http://osg-cat.grid.iu.edu/index.php?site_name=osgcat
sort by CPUs
Add the gatekeeper hostname into the jobmanager name and into the gridftp url
Add the ($TMP) or ($WNTMP) to the storage element in the gridftp url AND
into the workspace element

TODO by user:
customize the storage and workdirectory to use your personal working directories

-->


<!--
  <pool handle="skynet" >
    <gridftp url="gsiftp://skynet-login.isi.edu" > 
    </gridftp>
    <jobmanager universe="vanilla" url="skynet-login.isi.edu/jobmanager-fork" major="2" />
    <workdirectory >/nfs/scratch01/tiberius</workdirectory>
  </pool>
-->
<!--
  <pool handle="teraport" >
    <gridftp  url="gsiftp://tp-grid1.uchicago.edu" /> 
    <jobmanager universe="vanilla" url="tp-grid1.uchicago.edu/jobmanager-pbs" major="2" />
    <workdirectory >/home/tiberius/scratch/SWIFT-WORK</workdirectory>
  </pool>
-->
<!--
<pool handle="ncsa_32" >
    <gridftp  url="gsiftp://login-w.ncsa.teragrid.org" />
    <jobmanager universe="vanilla" url="grid-w.ncsa.teragrid.org/jobmanager" major="2" /> 
    <workdirectory >/u/ac/tstef</workdirectory>
</pool>
-->
<!--
<pool handle="purdue" >
    <gridftp  url="gsiftp://tg-data.purdue.teragrid.org" />
    <jobmanager universe="vanilla" url="tg-gatekeeper.purdue.teragrid.org" major="2" />
    <workdirectory >/scratch/teragrid/stef</workdirectory>
</pool>
-->
<!-- 
<pool handle="tacc" >
    <gridftp  url="gsiftp://tg-gridftp.lonestar.tacc.teragrid.org" />
    <jobmanager universe="vanilla" url="tg-login.tacc.teragrid.org/jobmanager-lsf" major="2" />
    <workdirectory >/work/teragrid/tstef</workdirectory>
</pool>
-->
<!-- 
<pool handle="UC" >
    <gridftp url="gsiftp://tg-gridftp.uc.teragrid.org" />
    <execution provider="gt4" jobmanager="PBS" url="tg-grid.uc.teragrid.org" />
    <workdirectory >/disks/scratchgpfs1/tstef</workdirectory>
</pool>
 -->
 
<!-- OSG SITES -->
<!-- 
<pool handle="OSG_LIGO_PSU" >
    <gridftp  url="gsiftp://grid3.aset.psu.edu" />
    <jobmanager universe="vanilla" url="grid3.aset.psu.edu/jobmanager-pbs" major="2" />
    <workdirectory >/usr1/grid3/data</workdirectory>
</pool>
 -->
<!-- 
<pool handle="fnal" >
    <gridftp  url="gsiftp://fngp-osg.fnal.gov" />
    <jobmanager universe="vanilla" url="fngp-osg.fnal.gov/jobmanager-pbs" major="2" minor="2" />
    <workdirectory >/grid/data</workdirectory>
</pool>
-->
<!-- 
<pool handle="prod_slac" >
    <gridftp  url="gsiftp://osgserv01.slac.stanford.edu" />
    <jobmanager universe="vanilla" url="osgserv01.slac.stanford.edu/jobmanager-lsf" major="2" />
    <workdirectory >/nfs/slac/g/grid/osg/data</workdirectory>
</pool>
-->
<!-- 
<pool handle="bnl_atlas_2" >
    <gridftp  url="gsiftp://gridgk02.racf.bnl.gov" />
    <jobmanager universe="vanilla" url="gridgk02.racf.bnl.gov/jobmanager-condor" major="2" />
    <workdirectory >/usatlas/prodjob/share/</workdirectory>
</pool>
-->
<!--
<pool handle="unm_hpc" >
    <gridftp  url="gsiftp://milta.alliance.unm.edu" />
    <jobmanager universe="vanilla" url="milta.alliance.unm.edu/jobmanager-pbs" major="2" />
    <workdirectory >/tmp</workdirectory>
</pool>
-->
<!--  
<pool handle="UWM_CMS" >
    <gridftp  url="gsiftp://cmsgrid02.hep.wisc.edu" />
    <jobmanager universe="vanilla" url="cmsgrid02.hep.wisc.edu/jobmanager-condor" major="2" />
    <workdirectory >/tmp</workdirectory>
</pool>
-->

</config>


2012-06-06 19:11:02,829-0500 DEBUG textfiles END SITES:
2012-06-06 19:11:02,833-0500 INFO  VDL2ExecutionContext Stack dump:
Level 1
[iA = 0, iB = 0, bA = false, bB = false]
	vdl:instanceconfig = Swift configuration []
	vdl:operation = run
	swift.home = /usr/local/swift/bin/..
	PATH_SEPARATOR = /


2012-06-06 19:11:03,460-0500 INFO  unknown Using sites file: 0-throttle-sites.xml
2012-06-06 19:11:03,493-0500 INFO  unknown Using tc.data: tc.data
2012-06-06 19:11:03,617-0500 INFO  AbstractScheduler Setting resources to: {localhost=localhost}
2012-06-06 19:11:04,307-0500 INFO  unknown Swift 0.93 swift-r5483 cog-r3339

2012-06-06 19:11:04,308-0500 INFO  unknown RUNID id=run:20120606-1911-1jgz4py4
2012-06-06 19:11:04,354-0500 INFO  SetFieldValue Set: outputNames=test1 test2 test3
2012-06-06 19:11:04,382-0500 INFO  RootDataNode Found data outputfiles:messagefile[] - Open.[0]
2012-06-06 19:11:04,383-0500 INFO  RootDataNode Found data outputfiles:messagefile[] - Open.[1]
2012-06-06 19:11:04,383-0500 INFO  RootDataNode Found data outputfiles:messagefile[] - Open.[2]
2012-06-06 19:11:04,386-0500 DEBUG vdl:mains FOREACH_IT_START line=13 thread=0-1-0
2012-06-06 19:11:04,386-0500 DEBUG vdl:mains FOREACH_IT_START line=13 thread=0-1-2
2012-06-06 19:11:04,387-0500 DEBUG vdl:mains SCOPE thread=0-1-0
2012-06-06 19:11:04,387-0500 DEBUG vdl:mains FOREACH_IT_START line=13 thread=0-1-1
2012-06-06 19:11:04,387-0500 DEBUG vdl:mains SCOPE thread=0-1-2
2012-06-06 19:11:04,387-0500 DEBUG vdl:mains SCOPE thread=0-1-1
2012-06-06 19:11:04,394-0500 INFO  SetFieldValue Set: swift#mapper#17001=0.result
2012-06-06 19:11:04,394-0500 INFO  SetFieldValue Set: swift#mapper#17001=1.result
2012-06-06 19:11:04,394-0500 INFO  SetFieldValue Set: swift#mapper#17001=2.result
2012-06-06 19:11:04,394-0500 DEBUG countwords PROCEDURE line=5 thread=0-1-2-1 name=countwords
2012-06-06 19:11:04,395-0500 DEBUG countwords PROCEDURE line=5 thread=0-1-0-1 name=countwords
2012-06-06 19:11:04,395-0500 DEBUG countwords PROCEDURE line=5 thread=0-1-1-1 name=countwords
2012-06-06 19:11:04,399-0500 INFO  RootDataNode Found mapped data c:countfile - Open.$
2012-06-06 19:11:04,399-0500 INFO  RootDataNode Found mapped data c:countfile - Open.$
2012-06-06 19:11:04,399-0500 INFO  RootDataNode Found mapped data c:countfile - Open.$
2012-06-06 19:11:04,406-0500 INFO  vdl:execute START thread=0-1-0-1 tr=a1sm10ms
2012-06-06 19:11:04,406-0500 INFO  vdl:execute START thread=0-1-2-1 tr=a1sm10ms
2012-06-06 19:11:04,406-0500 INFO  vdl:execute START thread=0-1-1-1 tr=a1sm10ms
2012-06-06 19:11:04,436-0500 INFO  WeightedHostScoreScheduler CONTACT_SELECTED host=localhost, score=99.854
2012-06-06 19:11:04,439-0500 INFO  WeightedHostScoreScheduler CONTACT_SELECTED host=localhost, score=99.854
2012-06-06 19:11:04,443-0500 INFO  GlobalSubmitQueue No global submit throttle set. Using default (1024)
2012-06-06 19:11:04,448-0500 INFO  LateBindingScheduler JobQueue: 1
2012-06-06 19:11:04,452-0500 INFO  LateBindingScheduler JobQueue: 1
2012-06-06 19:11:04,456-0500 INFO  vdl:initshareddir START host=localhost - Initializing shared directory
2012-06-06 19:11:04,460-0500 INFO  LateBindingScheduler JobQueue: 1
2012-06-06 19:11:04,487-0500 INFO  LateBindingScheduler JobQueue: 1
2012-06-06 19:11:04,491-0500 INFO  LateBindingScheduler JobQueue: 1
2012-06-06 19:11:04,494-0500 INFO  LateBindingScheduler JobQueue: 1
2012-06-06 19:11:04,500-0500 INFO  LateBindingScheduler JobQueue: 1
2012-06-06 19:11:04,505-0500 INFO  LateBindingScheduler JobQueue: 1
2012-06-06 19:11:04,509-0500 INFO  vdl:initshareddir END host=localhost - Done initializing shared directory
2012-06-06 19:11:04,515-0500 DEBUG vdl:execute2 THREAD_ASSOCIATION jobid=a1sm10ms-frjfnesk thread=0-1-1-1-1 host=localhost replicationGroup=crjfnesk
2012-06-06 19:11:04,515-0500 DEBUG vdl:execute2 THREAD_ASSOCIATION jobid=a1sm10ms-erjfnesk thread=0-1-0-1-1 host=localhost replicationGroup=drjfnesk
2012-06-06 19:11:04,539-0500 INFO  vdl:createdirset START jobid=a1sm10ms-erjfnesk host=localhost - Initializing directory structure
2012-06-06 19:11:04,539-0500 INFO  vdl:createdirset START jobid=a1sm10ms-frjfnesk host=localhost - Initializing directory structure
2012-06-06 19:11:04,541-0500 INFO  vdl:createdirset END jobid=a1sm10ms-erjfnesk - Done initializing directory structure
2012-06-06 19:11:04,541-0500 INFO  vdl:createdirset END jobid=a1sm10ms-frjfnesk - Done initializing directory structure
2012-06-06 19:11:04,544-0500 INFO  vdl:dostagein START jobid=a1sm10ms-erjfnesk - Staging in files
2012-06-06 19:11:04,544-0500 INFO  vdl:dostagein START jobid=a1sm10ms-frjfnesk - Staging in files
2012-06-06 19:11:04,555-0500 INFO  vdl:dostagein END jobid=a1sm10ms-erjfnesk - Staging in finished
2012-06-06 19:11:04,555-0500 INFO  vdl:dostagein END jobid=a1sm10ms-frjfnesk - Staging in finished
2012-06-06 19:11:04,561-0500 DEBUG vdl:execute2 JOB_START jobid=a1sm10ms-erjfnesk tr=a1sm10ms arguments=[] tmpdir=3inloop-20120606-1911-1jgz4py4/jobs/e/a1sm10ms-erjfnesk host=localhost
2012-06-06 19:11:04,561-0500 DEBUG vdl:execute2 JOB_START jobid=a1sm10ms-frjfnesk tr=a1sm10ms arguments=[] tmpdir=3inloop-20120606-1911-1jgz4py4/jobs/f/a1sm10ms-frjfnesk host=localhost
2012-06-06 19:11:04,576-0500 DEBUG textfiles BEGIN TC:
#This is the transformation catalog.
#
#It comes pre-configured with a number of simple transformations with
#paths that are likely to work on a linux box. However, on some systems,
#the paths to these executables will be different (for example, sometimes
#some of these programs are found in /usr/bin rather than in /bin)
#
#NOTE WELL: fields in this file must be separated by tabs, not spaces; and
#there must be no trailing whitespace at the end of each line.
#
# sitename  transformation  path   INSTALLED  platform  profiles
localhost 	echo 		/bin/echo	INSTALLED	INTEL32::LINUX	null
localhost 	cat 		/bin/cat	INSTALLED	INTEL32::LINUX	null
localhost 	ls 		/bin/ls		INSTALLED	INTEL32::LINUX	null
localhost 	grep 		/bin/grep	INSTALLED	INTEL32::LINUX	null
localhost 	sort 		/bin/sort	INSTALLED	INTEL32::LINUX	null
localhost 	paste 		/bin/paste	INSTALLED	INTEL32::LINUX	null
localhost 	cp 		/bin/cp         INSTALLED	INTEL32::LINUX	null
localhost 	touch 		/bin/touch      INSTALLED	INTEL32::LINUX	null
localhost	wc		/usr/bin/wc	INSTALLED	INTEL32::LINUX	null
localhost	sh		/bin/wc		INSTALLED	INTEL32::LINUX	null
localhost	scott3a		/home/skrieder/swift/multi/scott3a.sh		INSTALLED	INTEL32::LINUX	null
localhost	scott3b		/home/skrieder/swift/multi/scott3b.sh		INSTALLED	INTEL32::LINUX	null
localhost	cka		/home/skrieder/swift/cuda/1sm1ms		INSTALLED	INTEL32::LINUX	null
localhost	a1sm0ms		/home/skrieder/swift/cuda/1sm0ms		INSTALLED	INTEL32::LINUX	null
localhost	a1sm1ms		/home/skrieder/swift/cuda/1sm1ms		INSTALLED	INTEL32::LINUX	null
localhost	a1sm10ms	/home/skrieder/swift/cuda/1sm10ms		INSTALLED	INTEL32::LINUX	null
localhost	a1sm100ms	/home/skrieder/swift/cuda/1sm100ms		INSTALLED	INTEL32::LINUX	null
localhost	a2sm0ms		/home/skrieder/swift/cuda/2sm0ms		INSTALLED	INTEL32::LINUX	null
localhost	a2sm1ms		/home/skrieder/swift/cuda/2sm1ms		INSTALLED	INTEL32::LINUX	null
localhost	a2sm10ms	/home/skrieder/swift/cuda/2sm10ms		INSTALLED	INTEL32::LINUX	null
localhost	a2sm100ms	/home/skrieder/swift/cuda/2sm100ms		INSTALLED	INTEL32::LINUX	null
localhost	a4sm0ms		/home/skrieder/swift/cuda/4sm0ms		INSTALLED	INTEL32::LINUX	null
localhost	a4sm1ms		/home/skrieder/swift/cuda/4sm1ms		INSTALLED	INTEL32::LINUX	null
localhost	a4sm10ms	/home/skrieder/swift/cuda/4sm10ms		INSTALLED	INTEL32::LINUX	null
localhost	a4sm100ms	/home/skrieder/swift/cuda/4sm100ms		INSTALLED	INTEL32::LINUX	null
localhost	a8sm0ms		/home/skrieder/swift/cuda/8sm0ms		INSTALLED	INTEL32::LINUX	null
localhost	a8sm1ms		/home/skrieder/swift/cuda/8sm1ms		INSTALLED	INTEL32::LINUX	null
localhost	a8sm10ms	/home/skrieder/swift/cuda/8sm10ms		INSTALLED	INTEL32::LINUX	null
localhost	a8sm100ms	/home/skrieder/swift/cuda/8sm100ms		INSTALLED	INTEL32::LINUX	null
localhost	a16sm0ms	/home/skrieder/swift/cuda/16sm0ms		INSTALLED	INTEL32::LINUX	null
localhost	a16sm1ms	/home/skrieder/swift/cuda/16sm1ms		INSTALLED	INTEL32::LINUX	null
localhost	a16sm10ms	/home/skrieder/swift/cuda/16sm10ms		INSTALLED	INTEL32::LINUX	null
localhost	a16sm100ms	/home/skrieder/swift/cuda/16sm100ms		INSTALLED	INTEL32::LINUX	null
localhost	sleep0ms	/home/skrieder/swift/c/sleep0ms			INSTALLED	INTEL32::LINUX	null
localhost	sleep1ms	/home/skrieder/swift/c/sleep1ms			INSTALLED	INTEL32::LINUX	null
localhost	sleep10ms	/home/skrieder/swift/c/sleep10ms		INSTALLED	INTEL32::LINUX	null
localhost	sleep100ms	/home/skrieder/swift/c/sleep100ms			INSTALLED	INTEL32::LINUX	null
localhost	sleep1000ms	/home/skrieder/swift/c/sleep1000ms			INSTALLED	INTEL32::LINUX	null
localhost	sleep10000ms	/home/skrieder/swift/c/sleep10000ms			INSTALLED	INTEL32::LINUX	null
localhost	hello		/home/skrieder/swift/multi/hello			INSTALLED	INTEL32::LINUX	null


2012-06-06 19:11:04,577-0500 DEBUG textfiles END TC:
2012-06-06 19:11:04,607-0500 INFO  GridExec TASK_DEFINITION: Task(type=JOB_SUBMISSION, identity=urn:0-1-1-1-1-1339027863491) is /bin/bash shared/_swiftwrap a1sm10ms-frjfnesk -jobdir f -scratch  -e /home/skrieder/swift/cuda/1sm10ms -out 1.result -err stderr.txt -i -d  -if  -of 1.result -k  -cdmfile  -status files -a
2012-06-06 19:11:04,607-0500 INFO  GridExec TASK_DEFINITION: Task(type=JOB_SUBMISSION, identity=urn:0-1-0-1-1-1339027863492) is /bin/bash shared/_swiftwrap a1sm10ms-erjfnesk -jobdir e -scratch  -e /home/skrieder/swift/cuda/1sm10ms -out 0.result -err stderr.txt -i -d  -if  -of 0.result -k  -cdmfile  -status files -a
2012-06-06 19:11:04,625-0500 INFO  JobSubmissionTaskHandler Submit: in: /var/tmp/3inloop-20120606-1911-1jgz4py4 command: /bin/bash /var/tmp/3inloop-20120606-1911-1jgz4py4/shared/_swiftwrap a1sm10ms-erjfnesk -jobdir e -scratch  -e /home/skrieder/swift/cuda/1sm10ms -out 0.result -err stderr.txt -i -d  -if  -of 0.result -k  -cdmfile  -status files -a
2012-06-06 19:11:04,625-0500 INFO  JobSubmissionTaskHandler Submit: in: /var/tmp/3inloop-20120606-1911-1jgz4py4 command: /bin/bash /var/tmp/3inloop-20120606-1911-1jgz4py4/shared/_swiftwrap a1sm10ms-frjfnesk -jobdir f -scratch  -e /home/skrieder/swift/cuda/1sm10ms -out 1.result -err stderr.txt -i -d  -if  -of 1.result -k  -cdmfile  -status files -a
2012-06-06 19:11:04,942-0500 INFO  LateBindingScheduler JobQueue: 1
2012-06-06 19:11:04,942-0500 INFO  LateBindingScheduler JobQueue: 1
2012-06-06 19:11:04,948-0500 DEBUG vdl:checkjobstatus START jobid=a1sm10ms-frjfnesk
2012-06-06 19:11:04,948-0500 DEBUG vdl:checkjobstatus START jobid=a1sm10ms-erjfnesk
2012-06-06 19:11:04,953-0500 INFO  LateBindingScheduler JobQueue: 1
2012-06-06 19:11:04,955-0500 INFO  vdl:checkjobstatus SUCCESS jobid=a1sm10ms-frjfnesk - Success file found
2012-06-06 19:11:04,958-0500 DEBUG vdl:execute2 STAGING_OUT jobid=a1sm10ms-frjfnesk
2012-06-06 19:11:04,961-0500 INFO  vdl:dostageout START jobid=a1sm10ms-frjfnesk - Staging out files
2012-06-06 19:11:04,962-0500 INFO  LateBindingScheduler JobQueue: 1
2012-06-06 19:11:04,963-0500 DEBUG vdl:dostageout stageouts: [[$, c:countfile - Open]]
2012-06-06 19:11:04,964-0500 INFO  vdl:checkerrorfile FAILURE jobid=a1sm10ms-erjfnesk - Failure file found
2012-06-06 19:11:04,967-0500 INFO  LateBindingScheduler JobQueue: 1
2012-06-06 19:11:04,972-0500 INFO  LateBindingScheduler JobQueue: 1
2012-06-06 19:11:04,974-0500 INFO  LateBindingScheduler JobQueue: 1
2012-06-06 19:11:04,977-0500 DEBUG vdl:execute2 STAGING_OUT jobid=a1sm10ms-erjfnesk
2012-06-06 19:11:04,979-0500 INFO  vdl:dostageout START jobid=a1sm10ms-erjfnesk - Staging out files
2012-06-06 19:11:04,979-0500 DEBUG vdl:dostageout stageouts: [[$, c:countfile - Open]]
2012-06-06 19:11:04,982-0500 DEBUG vdl:dostageout FILE_STAGE_OUT_START srcname=1.result srcdir=3inloop-20120606-1911-1jgz4py4/shared/ srchost=localhost destdir= desthost=localhost provider=file
2012-06-06 19:11:04,984-0500 INFO  LateBindingScheduler JobQueue: 1
2012-06-06 19:11:04,987-0500 DEBUG vdl:dostageout FILE_STAGE_OUT_START srcname=0.result srcdir=3inloop-20120606-1911-1jgz4py4/shared/ srchost=localhost destdir= desthost=localhost provider=file
2012-06-06 19:11:04,989-0500 INFO  LateBindingScheduler JobQueue: 1
2012-06-06 19:11:05,005-0500 INFO  LateBindingScheduler JobQueue: 1
2012-06-06 19:11:05,007-0500 DEBUG vdl:dostageout FILE_STAGE_OUT_END srcname=1.result srcdir=3inloop-20120606-1911-1jgz4py4/shared/ srchost=localhost destdir= desthost=localhost provider=file
2012-06-06 19:11:05,016-0500 INFO  LateBindingScheduler JobQueue: 1
2012-06-06 19:11:05,024-0500 INFO  LateBindingScheduler JobQueue: 1
2012-06-06 19:11:05,026-0500 INFO  vdl:checkerrorfile NO_STATUS_FILE jobid=a1sm10ms-erjfnesk - Error file missing
2012-06-06 19:11:05,031-0500 DEBUG vdl:execute2 APPLICATION_EXCEPTION jobid=a1sm10ms-erjfnesk - Application exception: null
Caused by: org.globus.cog.abstraction.impl.file.FileNotFoundException: File not found: /var/tmp/3inloop-20120606-1911-1jgz4py4/shared/0.result
2012-06-06 19:11:05,032-0500 INFO  vdl:dostageout END jobid=a1sm10ms-frjfnesk - Staging out finished
2012-06-06 19:11:05,042-0500 DEBUG vdl:execute2 JOB_END jobid=a1sm10ms-frjfnesk
2012-06-06 19:11:05,045-0500 INFO  vdl:execute END_SUCCESS thread=0-1-1-1 tr=a1sm10ms
2012-06-06 19:11:05,048-0500 DEBUG countwords PROCEDURE_END line=5
2012-06-06 19:11:05,050-0500 INFO  WeightedHostScoreScheduler CONTACT_SELECTED host=localhost, score=99.854
2012-06-06 19:11:05,051-0500 DEBUG vdl:mains FOREACH_IT_END line=13 thread=0-1-1
2012-06-06 19:11:05,053-0500 INFO  LateBindingScheduler JobQueue: 0
2012-06-06 19:11:05,056-0500 DEBUG vdl:execute2 THREAD_ASSOCIATION jobid=a1sm10ms-grjfnesk thread=0-1-2-1-1 host=localhost replicationGroup=brjfnesk
2012-06-06 19:11:05,058-0500 INFO  LateBindingScheduler JobQueue: 0
2012-06-06 19:11:05,064-0500 INFO  LateBindingScheduler JobQueue: 0
2012-06-06 19:11:05,066-0500 INFO  vdl:createdirset START jobid=a1sm10ms-grjfnesk host=localhost - Initializing directory structure
2012-06-06 19:11:05,067-0500 INFO  vdl:createdirset END jobid=a1sm10ms-grjfnesk - Done initializing directory structure
2012-06-06 19:11:05,067-0500 INFO  LateBindingScheduler JobQueue: 0
2012-06-06 19:11:05,068-0500 INFO  vdl:dostagein START jobid=a1sm10ms-grjfnesk - Staging in files
2012-06-06 19:11:05,070-0500 INFO  vdl:dostagein END jobid=a1sm10ms-grjfnesk - Staging in finished
2012-06-06 19:11:05,073-0500 DEBUG vdl:execute2 JOB_START jobid=a1sm10ms-grjfnesk tr=a1sm10ms arguments=[] tmpdir=3inloop-20120606-1911-1jgz4py4/jobs/g/a1sm10ms-grjfnesk host=localhost
2012-06-06 19:11:05,079-0500 INFO  LateBindingScheduler JobQueue: 0
2012-06-06 19:11:05,085-0500 INFO  GridExec TASK_DEFINITION: Task(type=JOB_SUBMISSION, identity=urn:0-1-2-1-1-1339027863541) is /bin/bash shared/_swiftwrap a1sm10ms-grjfnesk -jobdir g -scratch  -e /home/skrieder/swift/cuda/1sm10ms -out 2.result -err stderr.txt -i -d  -if  -of 2.result -k  -cdmfile  -status files -a
2012-06-06 19:11:05,085-0500 INFO  JobSubmissionTaskHandler Submit: in: /var/tmp/3inloop-20120606-1911-1jgz4py4 command: /bin/bash /var/tmp/3inloop-20120606-1911-1jgz4py4/shared/_swiftwrap a1sm10ms-grjfnesk -jobdir g -scratch  -e /home/skrieder/swift/cuda/1sm10ms -out 2.result -err stderr.txt -i -d  -if  -of 2.result -k  -cdmfile  -status files -a
2012-06-06 19:11:05,101-0500 INFO  WeightedHostScoreScheduler CONTACT_SELECTED host=localhost, score=99.854
2012-06-06 19:11:05,107-0500 DEBUG vdl:execute2 THREAD_ASSOCIATION jobid=a1sm10ms-irjfnesk thread=0-1-0-1-1 host=localhost replicationGroup=hrjfnesk
2012-06-06 19:11:05,116-0500 INFO  vdl:createdirset START jobid=a1sm10ms-irjfnesk host=localhost - Initializing directory structure
2012-06-06 19:11:05,117-0500 INFO  vdl:createdirset END jobid=a1sm10ms-irjfnesk - Done initializing directory structure
2012-06-06 19:11:05,119-0500 INFO  vdl:dostagein START jobid=a1sm10ms-irjfnesk - Staging in files
2012-06-06 19:11:05,121-0500 INFO  vdl:dostagein END jobid=a1sm10ms-irjfnesk - Staging in finished
2012-06-06 19:11:05,123-0500 DEBUG vdl:execute2 JOB_START jobid=a1sm10ms-irjfnesk tr=a1sm10ms arguments=[] tmpdir=3inloop-20120606-1911-1jgz4py4/jobs/i/a1sm10ms-irjfnesk host=localhost
2012-06-06 19:11:05,136-0500 INFO  GridExec TASK_DEFINITION: Task(type=JOB_SUBMISSION, identity=urn:0-1-0-1-1-1339027863544) is /bin/bash shared/_swiftwrap a1sm10ms-irjfnesk -jobdir i -scratch  -e /home/skrieder/swift/cuda/1sm10ms -out 0.result -err stderr.txt -i -d  -if  -of 0.result -k  -cdmfile  -status files -a
2012-06-06 19:11:05,137-0500 INFO  JobSubmissionTaskHandler Submit: in: /var/tmp/3inloop-20120606-1911-1jgz4py4 command: /bin/bash /var/tmp/3inloop-20120606-1911-1jgz4py4/shared/_swiftwrap a1sm10ms-irjfnesk -jobdir i -scratch  -e /home/skrieder/swift/cuda/1sm10ms -out 0.result -err stderr.txt -i -d  -if  -of 0.result -k  -cdmfile  -status files -a
2012-06-06 19:11:05,333-0500 INFO  LateBindingScheduler JobQueue: 0
2012-06-06 19:11:05,340-0500 DEBUG vdl:checkjobstatus START jobid=a1sm10ms-grjfnesk
2012-06-06 19:11:05,346-0500 INFO  LateBindingScheduler JobQueue: 0
2012-06-06 19:11:05,347-0500 INFO  vdl:checkjobstatus SUCCESS jobid=a1sm10ms-grjfnesk - Success file found
2012-06-06 19:11:05,349-0500 DEBUG vdl:execute2 STAGING_OUT jobid=a1sm10ms-grjfnesk
2012-06-06 19:11:05,352-0500 INFO  vdl:dostageout START jobid=a1sm10ms-grjfnesk - Staging out files
2012-06-06 19:11:05,352-0500 DEBUG vdl:dostageout stageouts: [[$, c:countfile - Open]]
2012-06-06 19:11:05,360-0500 DEBUG vdl:dostageout FILE_STAGE_OUT_START srcname=2.result srcdir=3inloop-20120606-1911-1jgz4py4/shared/ srchost=localhost destdir= desthost=localhost provider=file
2012-06-06 19:11:05,362-0500 INFO  LateBindingScheduler JobQueue: 0
2012-06-06 19:11:05,392-0500 INFO  LateBindingScheduler JobQueue: 0
2012-06-06 19:11:05,393-0500 DEBUG vdl:dostageout FILE_STAGE_OUT_END srcname=2.result srcdir=3inloop-20120606-1911-1jgz4py4/shared/ srchost=localhost destdir= desthost=localhost provider=file
2012-06-06 19:11:05,396-0500 INFO  LateBindingScheduler JobQueue: 0
2012-06-06 19:11:05,400-0500 INFO  vdl:dostageout END jobid=a1sm10ms-grjfnesk - Staging out finished
2012-06-06 19:11:05,405-0500 DEBUG vdl:execute2 JOB_END jobid=a1sm10ms-grjfnesk
2012-06-06 19:11:05,407-0500 INFO  vdl:execute END_SUCCESS thread=0-1-2-1 tr=a1sm10ms
2012-06-06 19:11:05,408-0500 DEBUG countwords PROCEDURE_END line=5
2012-06-06 19:11:05,411-0500 DEBUG vdl:mains FOREACH_IT_END line=13 thread=0-1-2
2012-06-06 19:11:05,444-0500 INFO  LateBindingScheduler JobQueue: 0
2012-06-06 19:11:05,447-0500 DEBUG vdl:checkjobstatus START jobid=a1sm10ms-irjfnesk
2012-06-06 19:11:05,450-0500 INFO  LateBindingScheduler JobQueue: 0
2012-06-06 19:11:05,451-0500 INFO  vdl:checkjobstatus SUCCESS jobid=a1sm10ms-irjfnesk - Success file found
2012-06-06 19:11:05,452-0500 DEBUG vdl:execute2 STAGING_OUT jobid=a1sm10ms-irjfnesk
2012-06-06 19:11:05,454-0500 INFO  vdl:dostageout START jobid=a1sm10ms-irjfnesk - Staging out files
2012-06-06 19:11:05,455-0500 DEBUG vdl:dostageout stageouts: [[$, c:countfile - Open]]
2012-06-06 19:11:05,462-0500 DEBUG vdl:dostageout FILE_STAGE_OUT_START srcname=0.result srcdir=3inloop-20120606-1911-1jgz4py4/shared/ srchost=localhost destdir= desthost=localhost provider=file
2012-06-06 19:11:05,464-0500 INFO  LateBindingScheduler JobQueue: 0
2012-06-06 19:11:05,471-0500 INFO  LateBindingScheduler JobQueue: 0
2012-06-06 19:11:05,472-0500 DEBUG vdl:dostageout FILE_STAGE_OUT_END srcname=0.result srcdir=3inloop-20120606-1911-1jgz4py4/shared/ srchost=localhost destdir= desthost=localhost provider=file
2012-06-06 19:11:05,475-0500 INFO  LateBindingScheduler JobQueue: 0
2012-06-06 19:11:05,479-0500 INFO  vdl:dostageout END jobid=a1sm10ms-irjfnesk - Staging out finished
2012-06-06 19:11:05,483-0500 DEBUG vdl:execute2 JOB_END jobid=a1sm10ms-irjfnesk
2012-06-06 19:11:05,485-0500 INFO  vdl:execute END_SUCCESS thread=0-1-0-1 tr=a1sm10ms
2012-06-06 19:11:05,486-0500 DEBUG countwords PROCEDURE_END line=5
2012-06-06 19:11:05,488-0500 DEBUG vdl:mains FOREACH_IT_END line=13 thread=0-1-0
2012-06-06 19:11:05,507-0500 DEBUG vdl:mains Starting cleanups
2012-06-06 19:11:05,508-0500 INFO  vdl:cleanups START cleanups=[[3inloop-20120606-1911-1jgz4py4, localhost]]
2012-06-06 19:11:05,510-0500 INFO  vdl:cleanup START dir=3inloop-20120606-1911-1jgz4py4 host=localhost
2012-06-06 19:11:05,510-0500 DEBUG vdl:cleanup cdmfile 
2012-06-06 19:11:05,512-0500 INFO  GridExec TASK_DEFINITION: Task(type=JOB_SUBMISSION, identity=urn:0-1-1339027863564) is /bin/rm -rf 3inloop-20120606-1911-1jgz4py4
2012-06-06 19:11:05,513-0500 INFO  JobSubmissionTaskHandler Submit: in: /var/tmp command: /bin/rm -rf 3inloop-20120606-1911-1jgz4py4
2012-06-06 19:11:05,513-0500 INFO  LateBindingScheduler JobQueue: 0
2012-06-06 19:11:05,515-0500 INFO  vdl:cleanup END dir=3inloop-20120606-1911-1jgz4py4 host=localhost
2012-06-06 19:11:05,516-0500 INFO  vdl:cleanups END cleanups=[[3inloop-20120606-1911-1jgz4py4, localhost]]
2012-06-06 19:11:05,516-0500 DEBUG vdl:mains Ending cleanups
2012-06-06 19:11:05,517-0500 INFO  Loader Swift finished with no errors
