2012-06-08 09:20:54,287-0500 DEBUG Loader arguments: [-tc.file, tc.data, -sites.file, 0-throttle-sites.xml, 3inloop.swift]
2012-06-08 09:20:54,287-0500 DEBUG Loader Max heap: 252248064
2012-06-08 09:20:54,288-0500 DEBUG textfiles BEGIN SWIFTSCRIPT:

type messagefile; 

app (messagefile t) countwords () {   
     a1sm10ms stdout=@filename(t);
}

string outputNames = "test1 test2 test3";

messagefile outputfiles[] <fixed_array_mapper;files=outputNames>;

foreach f,i in outputfiles {
  messagefile c <single_file_mapper; file=@strcat(i, ".result")>;
  c = countwords();
}


2012-06-08 09:20:54,288-0500 DEBUG textfiles END SWIFTSCRIPT:
2012-06-08 09:20:54,288-0500 DEBUG Loader kmlversion is >239b8550-a5ff-44be-a124-5e7ecd70737d<
2012-06-08 09:20:54,288-0500 DEBUG Loader build version is >239b8550-a5ff-44be-a124-5e7ecd70737d<
2012-06-08 09:20:54,288-0500 DEBUG Loader Recompilation suppressed.
2012-06-08 09:20:54,434-0500 DEBUG Loader setting: sites.file to: 0-throttle-sites.xml
2012-06-08 09:20:54,435-0500 DEBUG Loader setting: tc.file to: tc.data
2012-06-08 09:20:54,435-0500 DEBUG textfiles BEGIN SITES:
<config>

  <pool handle="localhost">
    <filesystem provider="local" />
    <execution provider="local" />
    <workdirectory >/var/tmp</workdirectory>
    <profile namespace="karajan" key="jobThrottle">.01</profile>
    <profile namespace="karajan" key="initialScore">10000</profile>
  </pool>

</config>


2012-06-08 09:20:54,435-0500 DEBUG textfiles END SITES:
2012-06-08 09:20:54,439-0500 INFO  VDL2ExecutionContext Stack dump:
Level 1
[iA = 0, iB = 0, bA = false, bB = false]
	vdl:instanceconfig = Swift configuration []
	vdl:operation = run
	swift.home = /usr/local/swift/bin/..
	PATH_SEPARATOR = /


2012-06-08 09:20:55,101-0500 INFO  unknown Using sites file: 0-throttle-sites.xml
2012-06-08 09:20:55,141-0500 INFO  unknown Using tc.data: tc.data
2012-06-08 09:20:55,260-0500 INFO  AbstractScheduler Setting resources to: {localhost=localhost}
2012-06-08 09:20:56,025-0500 INFO  unknown Swift 0.93 swift-r5483 cog-r3339

2012-06-08 09:20:56,026-0500 INFO  unknown RUNID id=run:20120608-0920-i4strs2h
2012-06-08 09:20:56,106-0500 INFO  SetFieldValue Set: outputNames=test1 test2 test3
2012-06-08 09:20:56,119-0500 INFO  RootDataNode Found data outputfiles:messagefile[] - Open.[0]
2012-06-08 09:20:56,119-0500 INFO  RootDataNode Found data outputfiles:messagefile[] - Open.[1]
2012-06-08 09:20:56,119-0500 INFO  RootDataNode Found data outputfiles:messagefile[] - Open.[2]
2012-06-08 09:20:56,123-0500 DEBUG vdl:mains FOREACH_IT_START line=12 thread=0-1-0
2012-06-08 09:20:56,124-0500 DEBUG vdl:mains FOREACH_IT_START line=12 thread=0-1-1
2012-06-08 09:20:56,124-0500 DEBUG vdl:mains FOREACH_IT_START line=12 thread=0-1-2
2012-06-08 09:20:56,124-0500 DEBUG vdl:mains SCOPE thread=0-1-0
2012-06-08 09:20:56,124-0500 DEBUG vdl:mains SCOPE thread=0-1-1
2012-06-08 09:20:56,125-0500 DEBUG vdl:mains SCOPE thread=0-1-2
2012-06-08 09:20:56,134-0500 INFO  SetFieldValue Set: swift#mapper#17001=2.result
2012-06-08 09:20:56,134-0500 INFO  SetFieldValue Set: swift#mapper#17001=1.result
2012-06-08 09:20:56,134-0500 INFO  SetFieldValue Set: swift#mapper#17001=0.result
2012-06-08 09:20:56,136-0500 DEBUG countwords PROCEDURE line=4 thread=0-1-0-1 name=countwords
2012-06-08 09:20:56,136-0500 DEBUG countwords PROCEDURE line=4 thread=0-1-2-1 name=countwords
2012-06-08 09:20:56,136-0500 DEBUG countwords PROCEDURE line=4 thread=0-1-1-1 name=countwords
2012-06-08 09:20:56,137-0500 INFO  RootDataNode Found mapped data c:messagefile - Open.$
2012-06-08 09:20:56,137-0500 INFO  RootDataNode Found mapped data c:messagefile - Open.$
2012-06-08 09:20:56,137-0500 INFO  RootDataNode Found mapped data c:messagefile - Open.$
2012-06-08 09:20:56,152-0500 INFO  vdl:execute START thread=0-1-2-1 tr=a1sm10ms
2012-06-08 09:20:56,152-0500 INFO  vdl:execute START thread=0-1-1-1 tr=a1sm10ms
2012-06-08 09:20:56,152-0500 INFO  vdl:execute START thread=0-1-0-1 tr=a1sm10ms
2012-06-08 09:20:56,181-0500 INFO  WeightedHostScoreScheduler CONTACT_SELECTED host=localhost, score=99.854
2012-06-08 09:20:56,183-0500 INFO  WeightedHostScoreScheduler CONTACT_SELECTED host=localhost, score=99.854
2012-06-08 09:20:56,190-0500 INFO  GlobalSubmitQueue No global submit throttle set. Using default (1024)
2012-06-08 09:20:56,195-0500 INFO  LateBindingScheduler JobQueue: 1
2012-06-08 09:20:56,199-0500 INFO  LateBindingScheduler JobQueue: 1
2012-06-08 09:20:56,204-0500 INFO  vdl:initshareddir START host=localhost - Initializing shared directory
2012-06-08 09:20:56,208-0500 INFO  LateBindingScheduler JobQueue: 1
2012-06-08 09:20:56,237-0500 INFO  LateBindingScheduler JobQueue: 1
2012-06-08 09:20:56,242-0500 INFO  LateBindingScheduler JobQueue: 1
2012-06-08 09:20:56,245-0500 INFO  LateBindingScheduler JobQueue: 1
2012-06-08 09:20:56,253-0500 INFO  LateBindingScheduler JobQueue: 1
2012-06-08 09:20:56,260-0500 INFO  LateBindingScheduler JobQueue: 1
2012-06-08 09:20:56,264-0500 INFO  vdl:initshareddir END host=localhost - Done initializing shared directory
2012-06-08 09:20:56,269-0500 DEBUG vdl:execute2 THREAD_ASSOCIATION jobid=a1sm10ms-k610ahsk thread=0-1-2-1-1 host=localhost replicationGroup=h610ahsk
2012-06-08 09:20:56,270-0500 DEBUG vdl:execute2 THREAD_ASSOCIATION jobid=a1sm10ms-l610ahsk thread=0-1-1-1-1 host=localhost replicationGroup=i610ahsk
2012-06-08 09:20:56,277-0500 INFO  vdl:createdirset START jobid=a1sm10ms-k610ahsk host=localhost - Initializing directory structure
2012-06-08 09:20:56,277-0500 INFO  vdl:createdirset START jobid=a1sm10ms-l610ahsk host=localhost - Initializing directory structure
2012-06-08 09:20:56,278-0500 INFO  vdl:createdirset END jobid=a1sm10ms-k610ahsk - Done initializing directory structure
2012-06-08 09:20:56,278-0500 INFO  vdl:createdirset END jobid=a1sm10ms-l610ahsk - Done initializing directory structure
2012-06-08 09:20:56,279-0500 INFO  vdl:dostagein START jobid=a1sm10ms-k610ahsk - Staging in files
2012-06-08 09:20:56,279-0500 INFO  vdl:dostagein START jobid=a1sm10ms-l610ahsk - Staging in files
2012-06-08 09:20:56,289-0500 INFO  vdl:dostagein END jobid=a1sm10ms-l610ahsk - Staging in finished
2012-06-08 09:20:56,289-0500 INFO  vdl:dostagein END jobid=a1sm10ms-k610ahsk - Staging in finished
2012-06-08 09:20:56,293-0500 DEBUG vdl:execute2 JOB_START jobid=a1sm10ms-k610ahsk tr=a1sm10ms arguments=[] tmpdir=3inloop-20120608-0920-i4strs2h/jobs/k/a1sm10ms-k610ahsk host=localhost
2012-06-08 09:20:56,293-0500 DEBUG vdl:execute2 JOB_START jobid=a1sm10ms-l610ahsk tr=a1sm10ms arguments=[] tmpdir=3inloop-20120608-0920-i4strs2h/jobs/l/a1sm10ms-l610ahsk host=localhost
2012-06-08 09:20:56,302-0500 DEBUG textfiles BEGIN TC:
#This is the transformation catalog.
#
#It comes pre-configured with a number of simple transformations with
#paths that are likely to work on a linux box. However, on some systems,
#the paths to these executables will be different (for example, sometimes
#some of these programs are found in /usr/bin rather than in /bin)
#
#NOTE WELL: fields in this file must be separated by tabs, not spaces; and
#there must be no trailing whitespace at the end of each line.
#
# sitename  transformation  path   INSTALLED  platform  profiles
localhost 	echo 		/bin/echo	INSTALLED	INTEL32::LINUX	null
localhost 	cat 		/bin/cat	INSTALLED	INTEL32::LINUX	null
localhost 	ls 		/bin/ls		INSTALLED	INTEL32::LINUX	null
localhost 	grep 		/bin/grep	INSTALLED	INTEL32::LINUX	null
localhost 	sort 		/bin/sort	INSTALLED	INTEL32::LINUX	null
localhost 	paste 		/bin/paste	INSTALLED	INTEL32::LINUX	null
localhost 	cp 		/bin/cp         INSTALLED	INTEL32::LINUX	null
localhost 	touch 		/bin/touch      INSTALLED	INTEL32::LINUX	null
localhost	wc		/usr/bin/wc	INSTALLED	INTEL32::LINUX	null
localhost	sh		/bin/wc		INSTALLED	INTEL32::LINUX	null
localhost	scott3a		/home/skrieder/swift/multi/scott3a.sh		INSTALLED	INTEL32::LINUX	null
localhost	scott3b		/home/skrieder/swift/multi/scott3b.sh		INSTALLED	INTEL32::LINUX	null
localhost	cka		/home/skrieder/swift/cuda/1sm1ms		INSTALLED	INTEL32::LINUX	null
localhost	a1sm0ms		/home/skrieder/swift/cuda/1sm0ms		INSTALLED	INTEL32::LINUX	null
localhost	a1sm1ms		/home/skrieder/swift/cuda/1sm1ms		INSTALLED	INTEL32::LINUX	null
localhost	a1sm10ms	/home/skrieder/swift/cuda/1sm10ms		INSTALLED	INTEL32::LINUX	null
localhost	a1sm100ms	/home/skrieder/swift/cuda/1sm100ms		INSTALLED	INTEL32::LINUX	null
localhost	a2sm0ms		/home/skrieder/swift/cuda/2sm0ms		INSTALLED	INTEL32::LINUX	null
localhost	a2sm1ms		/home/skrieder/swift/cuda/2sm1ms		INSTALLED	INTEL32::LINUX	null
localhost	a2sm10ms	/home/skrieder/swift/cuda/2sm10ms		INSTALLED	INTEL32::LINUX	null
localhost	a2sm100ms	/home/skrieder/swift/cuda/2sm100ms		INSTALLED	INTEL32::LINUX	null
localhost	a4sm0ms		/home/skrieder/swift/cuda/4sm0ms		INSTALLED	INTEL32::LINUX	null
localhost	a4sm1ms		/home/skrieder/swift/cuda/4sm1ms		INSTALLED	INTEL32::LINUX	null
localhost	a4sm10ms	/home/skrieder/swift/cuda/4sm10ms		INSTALLED	INTEL32::LINUX	null
localhost	a4sm100ms	/home/skrieder/swift/cuda/4sm100ms		INSTALLED	INTEL32::LINUX	null
localhost	a8sm0ms		/home/skrieder/swift/cuda/8sm0ms		INSTALLED	INTEL32::LINUX	null
localhost	a8sm1ms		/home/skrieder/swift/cuda/8sm1ms		INSTALLED	INTEL32::LINUX	null
localhost	a8sm10ms	/home/skrieder/swift/cuda/8sm10ms		INSTALLED	INTEL32::LINUX	null
localhost	a8sm100ms	/home/skrieder/swift/cuda/8sm100ms		INSTALLED	INTEL32::LINUX	null
localhost	a16sm0ms	/home/skrieder/swift/cuda/16sm0ms		INSTALLED	INTEL32::LINUX	null
localhost	a16sm1ms	/home/skrieder/swift/cuda/16sm1ms		INSTALLED	INTEL32::LINUX	null
localhost	a16sm10ms	/home/skrieder/swift/cuda/16sm10ms		INSTALLED	INTEL32::LINUX	null
localhost	a16sm100ms	/home/skrieder/swift/cuda/16sm100ms		INSTALLED	INTEL32::LINUX	null
localhost	sleep0ms	/home/skrieder/swift/c/sleep0ms			INSTALLED	INTEL32::LINUX	null
localhost	sleep1ms	/home/skrieder/swift/c/sleep1ms			INSTALLED	INTEL32::LINUX	null
localhost	sleep10ms	/home/skrieder/swift/c/sleep10ms		INSTALLED	INTEL32::LINUX	null
localhost	sleep100ms	/home/skrieder/swift/c/sleep100ms			INSTALLED	INTEL32::LINUX	null
localhost	sleep1000ms	/home/skrieder/swift/c/sleep1000ms			INSTALLED	INTEL32::LINUX	null
localhost	sleep10000ms	/home/skrieder/swift/c/sleep10000ms			INSTALLED	INTEL32::LINUX	null
localhost	hello		/home/skrieder/swift/multi/hello			INSTALLED	INTEL32::LINUX	null


2012-06-08 09:20:56,303-0500 DEBUG textfiles END TC:
2012-06-08 09:20:56,332-0500 INFO  GridExec TASK_DEFINITION: Task(type=JOB_SUBMISSION, identity=urn:0-1-1-1-1-1339165255133) is /bin/bash shared/_swiftwrap a1sm10ms-l610ahsk -jobdir l -scratch  -e /home/skrieder/swift/cuda/1sm10ms -out 1.result -err stderr.txt -i -d  -if  -of 1.result -k  -cdmfile  -status files -a
2012-06-08 09:20:56,332-0500 INFO  GridExec TASK_DEFINITION: Task(type=JOB_SUBMISSION, identity=urn:0-1-2-1-1-1339165255132) is /bin/bash shared/_swiftwrap a1sm10ms-k610ahsk -jobdir k -scratch  -e /home/skrieder/swift/cuda/1sm10ms -out 2.result -err stderr.txt -i -d  -if  -of 2.result -k  -cdmfile  -status files -a
2012-06-08 09:20:56,340-0500 INFO  JobSubmissionTaskHandler Submit: in: /var/tmp/3inloop-20120608-0920-i4strs2h command: /bin/bash /var/tmp/3inloop-20120608-0920-i4strs2h/shared/_swiftwrap a1sm10ms-k610ahsk -jobdir k -scratch  -e /home/skrieder/swift/cuda/1sm10ms -out 2.result -err stderr.txt -i -d  -if  -of 2.result -k  -cdmfile  -status files -a
2012-06-08 09:20:56,340-0500 INFO  JobSubmissionTaskHandler Submit: in: /var/tmp/3inloop-20120608-0920-i4strs2h command: /bin/bash /var/tmp/3inloop-20120608-0920-i4strs2h/shared/_swiftwrap a1sm10ms-l610ahsk -jobdir l -scratch  -e /home/skrieder/swift/cuda/1sm10ms -out 1.result -err stderr.txt -i -d  -if  -of 1.result -k  -cdmfile  -status files -a
2012-06-08 09:20:56,632-0500 INFO  LateBindingScheduler JobQueue: 1
2012-06-08 09:20:56,638-0500 DEBUG vdl:checkjobstatus START jobid=a1sm10ms-k610ahsk
2012-06-08 09:20:56,651-0500 INFO  LateBindingScheduler JobQueue: 1
2012-06-08 09:20:56,652-0500 INFO  LateBindingScheduler JobQueue: 1
2012-06-08 09:20:56,653-0500 INFO  vdl:checkerrorfile FAILURE jobid=a1sm10ms-k610ahsk - Failure file found
2012-06-08 09:20:56,656-0500 DEBUG vdl:checkjobstatus START jobid=a1sm10ms-l610ahsk
2012-06-08 09:20:56,657-0500 INFO  LateBindingScheduler JobQueue: 1
2012-06-08 09:20:56,658-0500 INFO  LateBindingScheduler JobQueue: 1
2012-06-08 09:20:56,660-0500 INFO  vdl:checkjobstatus SUCCESS jobid=a1sm10ms-l610ahsk - Success file found
2012-06-08 09:20:56,662-0500 INFO  LateBindingScheduler JobQueue: 1
2012-06-08 09:20:56,663-0500 DEBUG vdl:execute2 STAGING_OUT jobid=a1sm10ms-l610ahsk
2012-06-08 09:20:56,663-0500 INFO  LateBindingScheduler JobQueue: 1
2012-06-08 09:20:56,666-0500 DEBUG vdl:execute2 STAGING_OUT jobid=a1sm10ms-k610ahsk
2012-06-08 09:20:56,667-0500 INFO  vdl:dostageout START jobid=a1sm10ms-l610ahsk - Staging out files
2012-06-08 09:20:56,668-0500 INFO  vdl:dostageout START jobid=a1sm10ms-k610ahsk - Staging out files
2012-06-08 09:20:56,669-0500 DEBUG vdl:dostageout stageouts: [[$, c:messagefile - Open]]
2012-06-08 09:20:56,669-0500 DEBUG vdl:dostageout stageouts: [[$, c:messagefile - Open]]
2012-06-08 09:20:56,688-0500 DEBUG vdl:dostageout FILE_STAGE_OUT_START srcname=2.result srcdir=3inloop-20120608-0920-i4strs2h/shared/ srchost=localhost destdir= desthost=localhost provider=file
2012-06-08 09:20:56,688-0500 DEBUG vdl:dostageout FILE_STAGE_OUT_START srcname=1.result srcdir=3inloop-20120608-0920-i4strs2h/shared/ srchost=localhost destdir= desthost=localhost provider=file
2012-06-08 09:20:56,691-0500 INFO  LateBindingScheduler JobQueue: 1
2012-06-08 09:20:56,691-0500 INFO  LateBindingScheduler JobQueue: 1
2012-06-08 09:20:56,711-0500 INFO  LateBindingScheduler JobQueue: 1
2012-06-08 09:20:56,713-0500 DEBUG vdl:dostageout FILE_STAGE_OUT_END srcname=1.result srcdir=3inloop-20120608-0920-i4strs2h/shared/ srchost=localhost destdir= desthost=localhost provider=file
2012-06-08 09:20:56,722-0500 INFO  LateBindingScheduler JobQueue: 1
2012-06-08 09:20:56,731-0500 INFO  LateBindingScheduler JobQueue: 1
2012-06-08 09:20:56,733-0500 INFO  vdl:checkerrorfile NO_STATUS_FILE jobid=a1sm10ms-k610ahsk - Error file missing
2012-06-08 09:20:56,737-0500 DEBUG vdl:execute2 APPLICATION_EXCEPTION jobid=a1sm10ms-k610ahsk - Application exception: null
Caused by: org.globus.cog.abstraction.impl.file.FileNotFoundException: File not found: /var/tmp/3inloop-20120608-0920-i4strs2h/shared/2.result
2012-06-08 09:20:56,739-0500 INFO  vdl:dostageout END jobid=a1sm10ms-l610ahsk - Staging out finished
2012-06-08 09:20:56,750-0500 DEBUG vdl:execute2 JOB_END jobid=a1sm10ms-l610ahsk
2012-06-08 09:20:56,753-0500 INFO  vdl:execute END_SUCCESS thread=0-1-1-1 tr=a1sm10ms
2012-06-08 09:20:56,756-0500 DEBUG countwords PROCEDURE_END line=4
2012-06-08 09:20:56,756-0500 INFO  WeightedHostScoreScheduler CONTACT_SELECTED host=localhost, score=99.854
2012-06-08 09:20:56,759-0500 DEBUG vdl:mains FOREACH_IT_END line=12 thread=0-1-1
2012-06-08 09:20:56,761-0500 INFO  LateBindingScheduler JobQueue: 0
2012-06-08 09:20:56,764-0500 DEBUG vdl:execute2 THREAD_ASSOCIATION jobid=a1sm10ms-m610ahsk thread=0-1-0-1-1 host=localhost replicationGroup=j610ahsk
2012-06-08 09:20:56,766-0500 INFO  LateBindingScheduler JobQueue: 0
2012-06-08 09:20:56,771-0500 INFO  LateBindingScheduler JobQueue: 0
2012-06-08 09:20:56,774-0500 INFO  vdl:createdirset START jobid=a1sm10ms-m610ahsk host=localhost - Initializing directory structure
2012-06-08 09:20:56,775-0500 INFO  LateBindingScheduler JobQueue: 0
2012-06-08 09:20:56,775-0500 INFO  vdl:createdirset END jobid=a1sm10ms-m610ahsk - Done initializing directory structure
2012-06-08 09:20:56,777-0500 INFO  vdl:dostagein START jobid=a1sm10ms-m610ahsk - Staging in files
2012-06-08 09:20:56,779-0500 INFO  vdl:dostagein END jobid=a1sm10ms-m610ahsk - Staging in finished
2012-06-08 09:20:56,781-0500 DEBUG vdl:execute2 JOB_START jobid=a1sm10ms-m610ahsk tr=a1sm10ms arguments=[] tmpdir=3inloop-20120608-0920-i4strs2h/jobs/m/a1sm10ms-m610ahsk host=localhost
2012-06-08 09:20:56,787-0500 INFO  LateBindingScheduler JobQueue: 0
2012-06-08 09:20:56,793-0500 INFO  GridExec TASK_DEFINITION: Task(type=JOB_SUBMISSION, identity=urn:0-1-0-1-1-1339165255182) is /bin/bash shared/_swiftwrap a1sm10ms-m610ahsk -jobdir m -scratch  -e /home/skrieder/swift/cuda/1sm10ms -out 0.result -err stderr.txt -i -d  -if  -of 0.result -k  -cdmfile  -status files -a
2012-06-08 09:20:56,794-0500 INFO  JobSubmissionTaskHandler Submit: in: /var/tmp/3inloop-20120608-0920-i4strs2h command: /bin/bash /var/tmp/3inloop-20120608-0920-i4strs2h/shared/_swiftwrap a1sm10ms-m610ahsk -jobdir m -scratch  -e /home/skrieder/swift/cuda/1sm10ms -out 0.result -err stderr.txt -i -d  -if  -of 0.result -k  -cdmfile  -status files -a
2012-06-08 09:20:56,808-0500 INFO  WeightedHostScoreScheduler CONTACT_SELECTED host=localhost, score=99.854
2012-06-08 09:20:56,814-0500 DEBUG vdl:execute2 THREAD_ASSOCIATION jobid=a1sm10ms-o610ahsk thread=0-1-2-1-1 host=localhost replicationGroup=n610ahsk
2012-06-08 09:20:56,823-0500 INFO  vdl:createdirset START jobid=a1sm10ms-o610ahsk host=localhost - Initializing directory structure
2012-06-08 09:20:56,824-0500 INFO  vdl:createdirset END jobid=a1sm10ms-o610ahsk - Done initializing directory structure
2012-06-08 09:20:56,826-0500 INFO  vdl:dostagein START jobid=a1sm10ms-o610ahsk - Staging in files
2012-06-08 09:20:56,828-0500 INFO  vdl:dostagein END jobid=a1sm10ms-o610ahsk - Staging in finished
2012-06-08 09:20:56,830-0500 DEBUG vdl:execute2 JOB_START jobid=a1sm10ms-o610ahsk tr=a1sm10ms arguments=[] tmpdir=3inloop-20120608-0920-i4strs2h/jobs/o/a1sm10ms-o610ahsk host=localhost
2012-06-08 09:20:56,843-0500 INFO  GridExec TASK_DEFINITION: Task(type=JOB_SUBMISSION, identity=urn:0-1-2-1-1-1339165255185) is /bin/bash shared/_swiftwrap a1sm10ms-o610ahsk -jobdir o -scratch  -e /home/skrieder/swift/cuda/1sm10ms -out 2.result -err stderr.txt -i -d  -if  -of 2.result -k  -cdmfile  -status files -a
2012-06-08 09:20:56,844-0500 INFO  JobSubmissionTaskHandler Submit: in: /var/tmp/3inloop-20120608-0920-i4strs2h command: /bin/bash /var/tmp/3inloop-20120608-0920-i4strs2h/shared/_swiftwrap a1sm10ms-o610ahsk -jobdir o -scratch  -e /home/skrieder/swift/cuda/1sm10ms -out 2.result -err stderr.txt -i -d  -if  -of 2.result -k  -cdmfile  -status files -a
2012-06-08 09:20:57,060-0500 INFO  LateBindingScheduler JobQueue: 0
2012-06-08 09:20:57,064-0500 DEBUG vdl:checkjobstatus START jobid=a1sm10ms-m610ahsk
2012-06-08 09:20:57,067-0500 INFO  LateBindingScheduler JobQueue: 0
2012-06-08 09:20:57,068-0500 INFO  vdl:checkjobstatus SUCCESS jobid=a1sm10ms-m610ahsk - Success file found
2012-06-08 09:20:57,069-0500 DEBUG vdl:execute2 STAGING_OUT jobid=a1sm10ms-m610ahsk
2012-06-08 09:20:57,072-0500 INFO  vdl:dostageout START jobid=a1sm10ms-m610ahsk - Staging out files
2012-06-08 09:20:57,075-0500 DEBUG vdl:dostageout stageouts: [[$, c:messagefile - Open]]
2012-06-08 09:20:57,102-0500 DEBUG vdl:dostageout FILE_STAGE_OUT_START srcname=0.result srcdir=3inloop-20120608-0920-i4strs2h/shared/ srchost=localhost destdir= desthost=localhost provider=file
2012-06-08 09:20:57,104-0500 INFO  LateBindingScheduler JobQueue: 0
2012-06-08 09:20:57,112-0500 INFO  LateBindingScheduler JobQueue: 0
2012-06-08 09:20:57,113-0500 DEBUG vdl:dostageout FILE_STAGE_OUT_END srcname=0.result srcdir=3inloop-20120608-0920-i4strs2h/shared/ srchost=localhost destdir= desthost=localhost provider=file
2012-06-08 09:20:57,116-0500 INFO  LateBindingScheduler JobQueue: 0
2012-06-08 09:20:57,120-0500 INFO  vdl:dostageout END jobid=a1sm10ms-m610ahsk - Staging out finished
2012-06-08 09:20:57,125-0500 DEBUG vdl:execute2 JOB_END jobid=a1sm10ms-m610ahsk
2012-06-08 09:20:57,126-0500 INFO  vdl:execute END_SUCCESS thread=0-1-0-1 tr=a1sm10ms
2012-06-08 09:20:57,128-0500 DEBUG countwords PROCEDURE_END line=4
2012-06-08 09:20:57,131-0500 DEBUG vdl:mains FOREACH_IT_END line=12 thread=0-1-0
2012-06-08 09:20:57,150-0500 INFO  LateBindingScheduler JobQueue: 0
2012-06-08 09:20:57,153-0500 DEBUG vdl:checkjobstatus START jobid=a1sm10ms-o610ahsk
2012-06-08 09:20:57,156-0500 INFO  LateBindingScheduler JobQueue: 0
2012-06-08 09:20:57,157-0500 INFO  vdl:checkjobstatus SUCCESS jobid=a1sm10ms-o610ahsk - Success file found
2012-06-08 09:20:57,158-0500 DEBUG vdl:execute2 STAGING_OUT jobid=a1sm10ms-o610ahsk
2012-06-08 09:20:57,160-0500 INFO  vdl:dostageout START jobid=a1sm10ms-o610ahsk - Staging out files
2012-06-08 09:20:57,161-0500 DEBUG vdl:dostageout stageouts: [[$, c:messagefile - Open]]
2012-06-08 09:20:57,169-0500 DEBUG vdl:dostageout FILE_STAGE_OUT_START srcname=2.result srcdir=3inloop-20120608-0920-i4strs2h/shared/ srchost=localhost destdir= desthost=localhost provider=file
2012-06-08 09:20:57,171-0500 INFO  LateBindingScheduler JobQueue: 0
2012-06-08 09:20:57,177-0500 INFO  LateBindingScheduler JobQueue: 0
2012-06-08 09:20:57,178-0500 DEBUG vdl:dostageout FILE_STAGE_OUT_END srcname=2.result srcdir=3inloop-20120608-0920-i4strs2h/shared/ srchost=localhost destdir= desthost=localhost provider=file
2012-06-08 09:20:57,181-0500 INFO  LateBindingScheduler JobQueue: 0
2012-06-08 09:20:57,185-0500 INFO  vdl:dostageout END jobid=a1sm10ms-o610ahsk - Staging out finished
2012-06-08 09:20:57,189-0500 DEBUG vdl:execute2 JOB_END jobid=a1sm10ms-o610ahsk
2012-06-08 09:20:57,190-0500 INFO  vdl:execute END_SUCCESS thread=0-1-2-1 tr=a1sm10ms
2012-06-08 09:20:57,192-0500 DEBUG countwords PROCEDURE_END line=4
2012-06-08 09:20:57,194-0500 DEBUG vdl:mains FOREACH_IT_END line=12 thread=0-1-2
2012-06-08 09:20:57,218-0500 DEBUG vdl:mains Starting cleanups
2012-06-08 09:20:57,219-0500 INFO  vdl:cleanups START cleanups=[[3inloop-20120608-0920-i4strs2h, localhost]]
2012-06-08 09:20:57,220-0500 INFO  vdl:cleanup START dir=3inloop-20120608-0920-i4strs2h host=localhost
2012-06-08 09:20:57,220-0500 DEBUG vdl:cleanup cdmfile 
2012-06-08 09:20:57,223-0500 INFO  GridExec TASK_DEFINITION: Task(type=JOB_SUBMISSION, identity=urn:0-1-1339165255205) is /bin/rm -rf 3inloop-20120608-0920-i4strs2h
2012-06-08 09:20:57,224-0500 INFO  JobSubmissionTaskHandler Submit: in: /var/tmp command: /bin/rm -rf 3inloop-20120608-0920-i4strs2h
2012-06-08 09:20:57,224-0500 INFO  LateBindingScheduler JobQueue: 0
2012-06-08 09:20:57,226-0500 INFO  vdl:cleanup END dir=3inloop-20120608-0920-i4strs2h host=localhost
2012-06-08 09:20:57,228-0500 INFO  vdl:cleanups END cleanups=[[3inloop-20120608-0920-i4strs2h, localhost]]
2012-06-08 09:20:57,229-0500 DEBUG vdl:mains Ending cleanups
2012-06-08 09:20:57,232-0500 INFO  Loader Swift finished with no errors
