2012-06-08 09:27:13,186-0500 DEBUG Loader arguments: [-tc.file, tc.data, -sites.file, 0-throttle-sites.xml, 3inloop.swift]
2012-06-08 09:27:13,186-0500 DEBUG Loader Max heap: 252248064
2012-06-08 09:27:13,187-0500 DEBUG textfiles BEGIN SWIFTSCRIPT:

type messagefile; 

app (messagefile t) countwords () {   
     hello stdout=@filename(t);
}

string outputNames = "test1 test2 test3";

messagefile outputfiles[] <fixed_array_mapper;files=outputNames>;

foreach f,i in outputfiles {
  messagefile c <single_file_mapper; file=@strcat(i, ".result")>;
  c = countwords();
}


2012-06-08 09:27:13,187-0500 DEBUG textfiles END SWIFTSCRIPT:
2012-06-08 09:27:13,187-0500 DEBUG Loader kmlversion is >239b8550-a5ff-44be-a124-5e7ecd70737d<
2012-06-08 09:27:13,187-0500 DEBUG Loader build version is >239b8550-a5ff-44be-a124-5e7ecd70737d<
2012-06-08 09:27:13,187-0500 DEBUG Loader Recompilation suppressed.
2012-06-08 09:27:13,333-0500 DEBUG Loader setting: sites.file to: 0-throttle-sites.xml
2012-06-08 09:27:13,333-0500 DEBUG Loader setting: tc.file to: tc.data
2012-06-08 09:27:13,334-0500 DEBUG textfiles BEGIN SITES:
<config>

  <pool handle="localhost">
    <filesystem provider="local" />
    <execution provider="local" />
    <workdirectory >/var/tmp</workdirectory>
    <profile namespace="karajan" key="jobThrottle">.01</profile>
    <profile namespace="karajan" key="initialScore">10000</profile>
  </pool>

</config>


2012-06-08 09:27:13,334-0500 DEBUG textfiles END SITES:
2012-06-08 09:27:13,338-0500 INFO  VDL2ExecutionContext Stack dump:
Level 1
[iA = 0, iB = 0, bA = false, bB = false]
	vdl:instanceconfig = Swift configuration []
	vdl:operation = run
	swift.home = /usr/local/swift/bin/..
	PATH_SEPARATOR = /


2012-06-08 09:27:14,012-0500 INFO  unknown Using sites file: 0-throttle-sites.xml
2012-06-08 09:27:14,052-0500 INFO  unknown Using tc.data: tc.data
2012-06-08 09:27:14,186-0500 INFO  AbstractScheduler Setting resources to: {localhost=localhost}
2012-06-08 09:27:14,998-0500 INFO  unknown Swift 0.93 swift-r5483 cog-r3339

2012-06-08 09:27:14,999-0500 INFO  unknown RUNID id=run:20120608-0927-9gvxqkbg
2012-06-08 09:27:15,068-0500 INFO  SetFieldValue Set: outputNames=test1 test2 test3
2012-06-08 09:27:15,094-0500 INFO  RootDataNode Found data outputfiles:messagefile[] - Open.[0]
2012-06-08 09:27:15,094-0500 INFO  RootDataNode Found data outputfiles:messagefile[] - Open.[1]
2012-06-08 09:27:15,095-0500 INFO  RootDataNode Found data outputfiles:messagefile[] - Open.[2]
2012-06-08 09:27:15,098-0500 DEBUG vdl:mains FOREACH_IT_START line=12 thread=0-1-1
2012-06-08 09:27:15,098-0500 DEBUG vdl:mains SCOPE thread=0-1-1
2012-06-08 09:27:15,098-0500 DEBUG vdl:mains FOREACH_IT_START line=12 thread=0-1-0
2012-06-08 09:27:15,099-0500 DEBUG vdl:mains SCOPE thread=0-1-0
2012-06-08 09:27:15,099-0500 DEBUG vdl:mains FOREACH_IT_START line=12 thread=0-1-2
2012-06-08 09:27:15,099-0500 DEBUG vdl:mains SCOPE thread=0-1-2
2012-06-08 09:27:15,107-0500 INFO  SetFieldValue Set: swift#mapper#17001=0.result
2012-06-08 09:27:15,107-0500 INFO  SetFieldValue Set: swift#mapper#17001=1.result
2012-06-08 09:27:15,109-0500 INFO  SetFieldValue Set: swift#mapper#17001=2.result
2012-06-08 09:27:15,110-0500 DEBUG countwords PROCEDURE line=4 thread=0-1-0-1 name=countwords
2012-06-08 09:27:15,110-0500 INFO  RootDataNode Found mapped data c:messagefile - Open.$
2012-06-08 09:27:15,110-0500 DEBUG countwords PROCEDURE line=4 thread=0-1-2-1 name=countwords
2012-06-08 09:27:15,110-0500 INFO  RootDataNode Found mapped data c:messagefile - Open.$
2012-06-08 09:27:15,110-0500 DEBUG countwords PROCEDURE line=4 thread=0-1-1-1 name=countwords
2012-06-08 09:27:15,110-0500 INFO  RootDataNode Found mapped data c:messagefile - Open.$
2012-06-08 09:27:15,121-0500 INFO  vdl:execute START thread=0-1-1-1 tr=hello
2012-06-08 09:27:15,121-0500 INFO  vdl:execute START thread=0-1-2-1 tr=hello
2012-06-08 09:27:15,121-0500 INFO  vdl:execute START thread=0-1-0-1 tr=hello
2012-06-08 09:27:15,146-0500 INFO  WeightedHostScoreScheduler CONTACT_SELECTED host=localhost, score=99.854
2012-06-08 09:27:15,149-0500 INFO  WeightedHostScoreScheduler CONTACT_SELECTED host=localhost, score=99.854
2012-06-08 09:27:15,154-0500 INFO  GlobalSubmitQueue No global submit throttle set. Using default (1024)
2012-06-08 09:27:15,159-0500 INFO  LateBindingScheduler JobQueue: 1
2012-06-08 09:27:15,162-0500 INFO  LateBindingScheduler JobQueue: 1
2012-06-08 09:27:15,168-0500 INFO  vdl:initshareddir START host=localhost - Initializing shared directory
2012-06-08 09:27:15,175-0500 INFO  LateBindingScheduler JobQueue: 1
2012-06-08 09:27:15,201-0500 INFO  LateBindingScheduler JobQueue: 1
2012-06-08 09:27:15,206-0500 INFO  LateBindingScheduler JobQueue: 1
2012-06-08 09:27:15,210-0500 INFO  LateBindingScheduler JobQueue: 1
2012-06-08 09:27:15,217-0500 INFO  LateBindingScheduler JobQueue: 1
2012-06-08 09:27:15,225-0500 INFO  LateBindingScheduler JobQueue: 1
2012-06-08 09:27:15,229-0500 INFO  vdl:initshareddir END host=localhost - Done initializing shared directory
2012-06-08 09:27:15,236-0500 DEBUG vdl:execute2 THREAD_ASSOCIATION jobid=hello-jhu8ahsk thread=0-1-1-1-1 host=localhost replicationGroup=fhu8ahsk
2012-06-08 09:27:15,236-0500 DEBUG vdl:execute2 THREAD_ASSOCIATION jobid=hello-ihu8ahsk thread=0-1-2-1-1 host=localhost replicationGroup=hhu8ahsk
2012-06-08 09:27:15,256-0500 INFO  vdl:createdirset START jobid=hello-ihu8ahsk host=localhost - Initializing directory structure
2012-06-08 09:27:15,256-0500 INFO  vdl:createdirset START jobid=hello-jhu8ahsk host=localhost - Initializing directory structure
2012-06-08 09:27:15,258-0500 INFO  vdl:createdirset END jobid=hello-ihu8ahsk - Done initializing directory structure
2012-06-08 09:27:15,258-0500 INFO  vdl:createdirset END jobid=hello-jhu8ahsk - Done initializing directory structure
2012-06-08 09:27:15,261-0500 INFO  vdl:dostagein START jobid=hello-jhu8ahsk - Staging in files
2012-06-08 09:27:15,261-0500 INFO  vdl:dostagein START jobid=hello-ihu8ahsk - Staging in files
2012-06-08 09:27:15,272-0500 INFO  vdl:dostagein END jobid=hello-ihu8ahsk - Staging in finished
2012-06-08 09:27:15,272-0500 INFO  vdl:dostagein END jobid=hello-jhu8ahsk - Staging in finished
2012-06-08 09:27:15,279-0500 DEBUG vdl:execute2 JOB_START jobid=hello-ihu8ahsk tr=hello arguments=[] tmpdir=3inloop-20120608-0927-9gvxqkbg/jobs/i/hello-ihu8ahsk host=localhost
2012-06-08 09:27:15,279-0500 DEBUG vdl:execute2 JOB_START jobid=hello-jhu8ahsk tr=hello arguments=[] tmpdir=3inloop-20120608-0927-9gvxqkbg/jobs/j/hello-jhu8ahsk host=localhost
2012-06-08 09:27:15,294-0500 DEBUG textfiles BEGIN TC:
#This is the transformation catalog.
#
#It comes pre-configured with a number of simple transformations with
#paths that are likely to work on a linux box. However, on some systems,
#the paths to these executables will be different (for example, sometimes
#some of these programs are found in /usr/bin rather than in /bin)
#
#NOTE WELL: fields in this file must be separated by tabs, not spaces; and
#there must be no trailing whitespace at the end of each line.
#
# sitename  transformation  path   INSTALLED  platform  profiles
localhost 	echo 		/bin/echo	INSTALLED	INTEL32::LINUX	null
localhost 	cat 		/bin/cat	INSTALLED	INTEL32::LINUX	null
localhost 	ls 		/bin/ls		INSTALLED	INTEL32::LINUX	null
localhost 	grep 		/bin/grep	INSTALLED	INTEL32::LINUX	null
localhost 	sort 		/bin/sort	INSTALLED	INTEL32::LINUX	null
localhost 	paste 		/bin/paste	INSTALLED	INTEL32::LINUX	null
localhost 	cp 		/bin/cp         INSTALLED	INTEL32::LINUX	null
localhost 	touch 		/bin/touch      INSTALLED	INTEL32::LINUX	null
localhost	wc		/usr/bin/wc	INSTALLED	INTEL32::LINUX	null
localhost	sh		/bin/wc		INSTALLED	INTEL32::LINUX	null
localhost	scott3a		/home/skrieder/swift/multi/scott3a.sh		INSTALLED	INTEL32::LINUX	null
localhost	scott3b		/home/skrieder/swift/multi/scott3b.sh		INSTALLED	INTEL32::LINUX	null
localhost	cka		/home/skrieder/swift/cuda/1sm1ms		INSTALLED	INTEL32::LINUX	null
localhost	a1sm0ms		/home/skrieder/swift/cuda/1sm0ms		INSTALLED	INTEL32::LINUX	null
localhost	a1sm1ms		/home/skrieder/swift/cuda/1sm1ms		INSTALLED	INTEL32::LINUX	null
localhost	a1sm10ms	/home/skrieder/swift/cuda/1sm10ms		INSTALLED	INTEL32::LINUX	null
localhost	a1sm100ms	/home/skrieder/swift/cuda/1sm100ms		INSTALLED	INTEL32::LINUX	null
localhost	a2sm0ms		/home/skrieder/swift/cuda/2sm0ms		INSTALLED	INTEL32::LINUX	null
localhost	a2sm1ms		/home/skrieder/swift/cuda/2sm1ms		INSTALLED	INTEL32::LINUX	null
localhost	a2sm10ms	/home/skrieder/swift/cuda/2sm10ms		INSTALLED	INTEL32::LINUX	null
localhost	a2sm100ms	/home/skrieder/swift/cuda/2sm100ms		INSTALLED	INTEL32::LINUX	null
localhost	a4sm0ms		/home/skrieder/swift/cuda/4sm0ms		INSTALLED	INTEL32::LINUX	null
localhost	a4sm1ms		/home/skrieder/swift/cuda/4sm1ms		INSTALLED	INTEL32::LINUX	null
localhost	a4sm10ms	/home/skrieder/swift/cuda/4sm10ms		INSTALLED	INTEL32::LINUX	null
localhost	a4sm100ms	/home/skrieder/swift/cuda/4sm100ms		INSTALLED	INTEL32::LINUX	null
localhost	a8sm0ms		/home/skrieder/swift/cuda/8sm0ms		INSTALLED	INTEL32::LINUX	null
localhost	a8sm1ms		/home/skrieder/swift/cuda/8sm1ms		INSTALLED	INTEL32::LINUX	null
localhost	a8sm10ms	/home/skrieder/swift/cuda/8sm10ms		INSTALLED	INTEL32::LINUX	null
localhost	a8sm100ms	/home/skrieder/swift/cuda/8sm100ms		INSTALLED	INTEL32::LINUX	null
localhost	a16sm0ms	/home/skrieder/swift/cuda/16sm0ms		INSTALLED	INTEL32::LINUX	null
localhost	a16sm1ms	/home/skrieder/swift/cuda/16sm1ms		INSTALLED	INTEL32::LINUX	null
localhost	a16sm10ms	/home/skrieder/swift/cuda/16sm10ms		INSTALLED	INTEL32::LINUX	null
localhost	a16sm100ms	/home/skrieder/swift/cuda/16sm100ms		INSTALLED	INTEL32::LINUX	null
localhost	sleep0ms	/home/skrieder/swift/c/sleep0ms			INSTALLED	INTEL32::LINUX	null
localhost	sleep1ms	/home/skrieder/swift/c/sleep1ms			INSTALLED	INTEL32::LINUX	null
localhost	sleep10ms	/home/skrieder/swift/c/sleep10ms		INSTALLED	INTEL32::LINUX	null
localhost	sleep100ms	/home/skrieder/swift/c/sleep100ms			INSTALLED	INTEL32::LINUX	null
localhost	sleep1000ms	/home/skrieder/swift/c/sleep1000ms			INSTALLED	INTEL32::LINUX	null
localhost	sleep10000ms	/home/skrieder/swift/c/sleep10000ms			INSTALLED	INTEL32::LINUX	null
localhost	hello		/home/skrieder/swift/multi/hello			INSTALLED	INTEL32::LINUX	null


2012-06-08 09:27:15,295-0500 DEBUG textfiles END TC:
2012-06-08 09:27:15,317-0500 INFO  GridExec TASK_DEFINITION: Task(type=JOB_SUBMISSION, identity=urn:0-1-1-1-1-1339165634046) is /bin/bash shared/_swiftwrap hello-jhu8ahsk -jobdir j -scratch  -e /home/skrieder/swift/multi/hello -out 1.result -err stderr.txt -i -d  -if  -of 1.result -k  -cdmfile  -status files -a
2012-06-08 09:27:15,317-0500 INFO  GridExec TASK_DEFINITION: Task(type=JOB_SUBMISSION, identity=urn:0-1-2-1-1-1339165634047) is /bin/bash shared/_swiftwrap hello-ihu8ahsk -jobdir i -scratch  -e /home/skrieder/swift/multi/hello -out 2.result -err stderr.txt -i -d  -if  -of 2.result -k  -cdmfile  -status files -a
2012-06-08 09:27:15,324-0500 INFO  JobSubmissionTaskHandler Submit: in: /var/tmp/3inloop-20120608-0927-9gvxqkbg command: /bin/bash /var/tmp/3inloop-20120608-0927-9gvxqkbg/shared/_swiftwrap hello-jhu8ahsk -jobdir j -scratch  -e /home/skrieder/swift/multi/hello -out 1.result -err stderr.txt -i -d  -if  -of 1.result -k  -cdmfile  -status files -a
2012-06-08 09:27:15,325-0500 INFO  JobSubmissionTaskHandler Submit: in: /var/tmp/3inloop-20120608-0927-9gvxqkbg command: /bin/bash /var/tmp/3inloop-20120608-0927-9gvxqkbg/shared/_swiftwrap hello-ihu8ahsk -jobdir i -scratch  -e /home/skrieder/swift/multi/hello -out 2.result -err stderr.txt -i -d  -if  -of 2.result -k  -cdmfile  -status files -a
2012-06-08 09:27:15,452-0500 INFO  LateBindingScheduler JobQueue: 1
2012-06-08 09:27:15,453-0500 INFO  LateBindingScheduler JobQueue: 1
2012-06-08 09:27:15,459-0500 DEBUG vdl:checkjobstatus START jobid=hello-ihu8ahsk
2012-06-08 09:27:15,459-0500 DEBUG vdl:checkjobstatus START jobid=hello-jhu8ahsk
2012-06-08 09:27:15,473-0500 INFO  LateBindingScheduler JobQueue: 1
2012-06-08 09:27:15,473-0500 INFO  LateBindingScheduler JobQueue: 1
2012-06-08 09:27:15,475-0500 INFO  vdl:checkerrorfile FAILURE jobid=hello-jhu8ahsk - Failure file found
2012-06-08 09:27:15,475-0500 INFO  vdl:checkerrorfile FAILURE jobid=hello-ihu8ahsk - Failure file found
2012-06-08 09:27:15,479-0500 INFO  LateBindingScheduler JobQueue: 1
2012-06-08 09:27:15,480-0500 INFO  LateBindingScheduler JobQueue: 1
2012-06-08 09:27:15,484-0500 INFO  LateBindingScheduler JobQueue: 1
2012-06-08 09:27:15,484-0500 INFO  LateBindingScheduler JobQueue: 1
2012-06-08 09:27:15,486-0500 INFO  LateBindingScheduler JobQueue: 1
2012-06-08 09:27:15,487-0500 INFO  LateBindingScheduler JobQueue: 1
2012-06-08 09:27:15,490-0500 DEBUG vdl:execute2 STAGING_OUT jobid=hello-ihu8ahsk
2012-06-08 09:27:15,490-0500 DEBUG vdl:execute2 STAGING_OUT jobid=hello-jhu8ahsk
2012-06-08 09:27:15,494-0500 INFO  vdl:dostageout START jobid=hello-jhu8ahsk - Staging out files
2012-06-08 09:27:15,494-0500 INFO  vdl:dostageout START jobid=hello-ihu8ahsk - Staging out files
2012-06-08 09:27:15,496-0500 DEBUG vdl:dostageout stageouts: [[$, c:messagefile - Open]]
2012-06-08 09:27:15,496-0500 DEBUG vdl:dostageout stageouts: [[$, c:messagefile - Open]]
2012-06-08 09:27:15,515-0500 DEBUG vdl:dostageout FILE_STAGE_OUT_START srcname=2.result srcdir=3inloop-20120608-0927-9gvxqkbg/shared/ srchost=localhost destdir= desthost=localhost provider=file
2012-06-08 09:27:15,515-0500 DEBUG vdl:dostageout FILE_STAGE_OUT_START srcname=1.result srcdir=3inloop-20120608-0927-9gvxqkbg/shared/ srchost=localhost destdir= desthost=localhost provider=file
2012-06-08 09:27:15,518-0500 INFO  LateBindingScheduler JobQueue: 1
2012-06-08 09:27:15,518-0500 INFO  LateBindingScheduler JobQueue: 1
2012-06-08 09:27:15,558-0500 INFO  LateBindingScheduler JobQueue: 1
2012-06-08 09:27:15,558-0500 INFO  LateBindingScheduler JobQueue: 1
2012-06-08 09:27:15,559-0500 INFO  vdl:checkerrorfile NO_STATUS_FILE jobid=hello-jhu8ahsk - Error file missing
2012-06-08 09:27:15,559-0500 INFO  vdl:checkerrorfile NO_STATUS_FILE jobid=hello-ihu8ahsk - Error file missing
2012-06-08 09:27:15,560-0500 DEBUG vdl:execute2 APPLICATION_EXCEPTION jobid=hello-jhu8ahsk - Application exception: null
Caused by: org.globus.cog.abstraction.impl.file.FileNotFoundException: File not found: /var/tmp/3inloop-20120608-0927-9gvxqkbg/shared/1.result
2012-06-08 09:27:15,561-0500 DEBUG vdl:execute2 APPLICATION_EXCEPTION jobid=hello-ihu8ahsk - Application exception: null
Caused by: org.globus.cog.abstraction.impl.file.FileNotFoundException: File not found: /var/tmp/3inloop-20120608-0927-9gvxqkbg/shared/2.result
2012-06-08 09:27:15,569-0500 INFO  LateBindingScheduler JobQueue: 1
2012-06-08 09:27:15,570-0500 INFO  LateBindingScheduler JobQueue: 1
2012-06-08 09:27:15,571-0500 INFO  LateBindingScheduler JobQueue: 1
2012-06-08 09:27:15,571-0500 INFO  LateBindingScheduler JobQueue: 1
2012-06-08 09:27:15,576-0500 INFO  LateBindingScheduler JobQueue: 1
2012-06-08 09:27:15,576-0500 INFO  LateBindingScheduler JobQueue: 1
2012-06-08 09:27:15,578-0500 INFO  LateBindingScheduler JobQueue: 1
2012-06-08 09:27:15,579-0500 INFO  LateBindingScheduler JobQueue: 1
2012-06-08 09:27:15,584-0500 INFO  LateBindingScheduler JobQueue: 1
2012-06-08 09:27:15,585-0500 INFO  LateBindingScheduler JobQueue: 1
2012-06-08 09:27:15,599-0500 INFO  WeightedHostScoreScheduler CONTACT_SELECTED host=localhost, score=99.853
2012-06-08 09:27:15,599-0500 INFO  WeightedHostScoreScheduler CONTACT_SELECTED host=localhost, score=99.853
2012-06-08 09:27:15,604-0500 DEBUG vdl:execute2 THREAD_ASSOCIATION jobid=hello-mhu8ahsk thread=0-1-0-1-1 host=localhost replicationGroup=ghu8ahsk
2012-06-08 09:27:15,604-0500 DEBUG vdl:execute2 THREAD_ASSOCIATION jobid=hello-nhu8ahsk thread=0-1-1-1-1 host=localhost replicationGroup=khu8ahsk
2012-06-08 09:27:15,611-0500 INFO  vdl:createdirset START jobid=hello-mhu8ahsk host=localhost - Initializing directory structure
2012-06-08 09:27:15,612-0500 INFO  vdl:createdirset END jobid=hello-mhu8ahsk - Done initializing directory structure
2012-06-08 09:27:15,613-0500 INFO  vdl:createdirset START jobid=hello-nhu8ahsk host=localhost - Initializing directory structure
2012-06-08 09:27:15,613-0500 INFO  vdl:dostagein START jobid=hello-mhu8ahsk - Staging in files
2012-06-08 09:27:15,614-0500 INFO  vdl:createdirset END jobid=hello-nhu8ahsk - Done initializing directory structure
2012-06-08 09:27:15,615-0500 INFO  vdl:dostagein START jobid=hello-nhu8ahsk - Staging in files
2012-06-08 09:27:15,615-0500 INFO  vdl:dostagein END jobid=hello-mhu8ahsk - Staging in finished
2012-06-08 09:27:15,616-0500 INFO  vdl:dostagein END jobid=hello-nhu8ahsk - Staging in finished
2012-06-08 09:27:15,617-0500 DEBUG vdl:execute2 JOB_START jobid=hello-mhu8ahsk tr=hello arguments=[] tmpdir=3inloop-20120608-0927-9gvxqkbg/jobs/m/hello-mhu8ahsk host=localhost
2012-06-08 09:27:15,618-0500 DEBUG vdl:execute2 JOB_START jobid=hello-nhu8ahsk tr=hello arguments=[] tmpdir=3inloop-20120608-0927-9gvxqkbg/jobs/n/hello-nhu8ahsk host=localhost
2012-06-08 09:27:15,625-0500 INFO  GridExec TASK_DEFINITION: Task(type=JOB_SUBMISSION, identity=urn:0-1-0-1-1-1339165634127) is /bin/bash shared/_swiftwrap hello-mhu8ahsk -jobdir m -scratch  -e /home/skrieder/swift/multi/hello -out 0.result -err stderr.txt -i -d  -if  -of 0.result -k  -cdmfile  -status files -a
2012-06-08 09:27:15,625-0500 INFO  JobSubmissionTaskHandler Submit: in: /var/tmp/3inloop-20120608-0927-9gvxqkbg command: /bin/bash /var/tmp/3inloop-20120608-0927-9gvxqkbg/shared/_swiftwrap hello-mhu8ahsk -jobdir m -scratch  -e /home/skrieder/swift/multi/hello -out 0.result -err stderr.txt -i -d  -if  -of 0.result -k  -cdmfile  -status files -a
2012-06-08 09:27:15,628-0500 INFO  GridExec TASK_DEFINITION: Task(type=JOB_SUBMISSION, identity=urn:0-1-1-1-1-1339165634129) is /bin/bash shared/_swiftwrap hello-nhu8ahsk -jobdir n -scratch  -e /home/skrieder/swift/multi/hello -out 1.result -err stderr.txt -i -d  -if  -of 1.result -k  -cdmfile  -status files -a
2012-06-08 09:27:15,628-0500 INFO  JobSubmissionTaskHandler Submit: in: /var/tmp/3inloop-20120608-0927-9gvxqkbg command: /bin/bash /var/tmp/3inloop-20120608-0927-9gvxqkbg/shared/_swiftwrap hello-nhu8ahsk -jobdir n -scratch  -e /home/skrieder/swift/multi/hello -out 1.result -err stderr.txt -i -d  -if  -of 1.result -k  -cdmfile  -status files -a
2012-06-08 09:27:15,749-0500 INFO  LateBindingScheduler JobQueue: 1
2012-06-08 09:27:15,752-0500 INFO  LateBindingScheduler JobQueue: 1
2012-06-08 09:27:15,752-0500 DEBUG vdl:checkjobstatus START jobid=hello-mhu8ahsk
2012-06-08 09:27:15,755-0500 DEBUG vdl:checkjobstatus START jobid=hello-nhu8ahsk
2012-06-08 09:27:15,760-0500 INFO  LateBindingScheduler JobQueue: 1
2012-06-08 09:27:15,761-0500 INFO  vdl:checkerrorfile FAILURE jobid=hello-mhu8ahsk - Failure file found
2012-06-08 09:27:15,762-0500 INFO  LateBindingScheduler JobQueue: 1
2012-06-08 09:27:15,764-0500 INFO  vdl:checkerrorfile FAILURE jobid=hello-nhu8ahsk - Failure file found
2012-06-08 09:27:15,764-0500 INFO  LateBindingScheduler JobQueue: 2
2012-06-08 09:27:15,767-0500 INFO  LateBindingScheduler JobQueue: 1
2012-06-08 09:27:15,768-0500 INFO  LateBindingScheduler JobQueue: 2
2012-06-08 09:27:15,769-0500 INFO  LateBindingScheduler JobQueue: 1
2012-06-08 09:27:15,771-0500 INFO  LateBindingScheduler JobQueue: 2
2012-06-08 09:27:15,771-0500 DEBUG vdl:execute2 STAGING_OUT jobid=hello-mhu8ahsk
2012-06-08 09:27:15,772-0500 INFO  LateBindingScheduler JobQueue: 1
2012-06-08 09:27:15,773-0500 INFO  vdl:dostageout START jobid=hello-mhu8ahsk - Staging out files
2012-06-08 09:27:15,774-0500 DEBUG vdl:execute2 STAGING_OUT jobid=hello-nhu8ahsk
2012-06-08 09:27:15,774-0500 DEBUG vdl:dostageout stageouts: [[$, c:messagefile - Open]]
2012-06-08 09:27:15,776-0500 INFO  vdl:dostageout START jobid=hello-nhu8ahsk - Staging out files
2012-06-08 09:27:15,777-0500 DEBUG vdl:dostageout stageouts: [[$, c:messagefile - Open]]
2012-06-08 09:27:15,782-0500 DEBUG vdl:dostageout FILE_STAGE_OUT_START srcname=0.result srcdir=3inloop-20120608-0927-9gvxqkbg/shared/ srchost=localhost destdir= desthost=localhost provider=file
2012-06-08 09:27:15,784-0500 DEBUG vdl:dostageout FILE_STAGE_OUT_START srcname=1.result srcdir=3inloop-20120608-0927-9gvxqkbg/shared/ srchost=localhost destdir= desthost=localhost provider=file
2012-06-08 09:27:15,784-0500 INFO  LateBindingScheduler JobQueue: 1
2012-06-08 09:27:15,786-0500 INFO  LateBindingScheduler JobQueue: 1
2012-06-08 09:27:15,805-0500 INFO  LateBindingScheduler JobQueue: 1
2012-06-08 09:27:15,806-0500 INFO  vdl:checkerrorfile NO_STATUS_FILE jobid=hello-mhu8ahsk - Error file missing
2012-06-08 09:27:15,807-0500 INFO  LateBindingScheduler JobQueue: 1
2012-06-08 09:27:15,808-0500 DEBUG vdl:execute2 APPLICATION_EXCEPTION jobid=hello-mhu8ahsk - Application exception: null
Caused by: org.globus.cog.abstraction.impl.file.FileNotFoundException: File not found: /var/tmp/3inloop-20120608-0927-9gvxqkbg/shared/0.result
2012-06-08 09:27:15,808-0500 INFO  vdl:checkerrorfile NO_STATUS_FILE jobid=hello-nhu8ahsk - Error file missing
2012-06-08 09:27:15,810-0500 DEBUG vdl:execute2 APPLICATION_EXCEPTION jobid=hello-nhu8ahsk - Application exception: null
Caused by: org.globus.cog.abstraction.impl.file.FileNotFoundException: File not found: /var/tmp/3inloop-20120608-0927-9gvxqkbg/shared/1.result
2012-06-08 09:27:15,819-0500 INFO  LateBindingScheduler JobQueue: 1
2012-06-08 09:27:15,822-0500 INFO  LateBindingScheduler JobQueue: 1
2012-06-08 09:27:15,822-0500 INFO  LateBindingScheduler JobQueue: 1
2012-06-08 09:27:15,826-0500 INFO  LateBindingScheduler JobQueue: 1
2012-06-08 09:27:15,828-0500 INFO  LateBindingScheduler JobQueue: 1
2012-06-08 09:27:15,832-0500 INFO  LateBindingScheduler JobQueue: 1
2012-06-08 09:27:15,832-0500 INFO  LateBindingScheduler JobQueue: 1
2012-06-08 09:27:15,836-0500 INFO  LateBindingScheduler JobQueue: 2
2012-06-08 09:27:15,838-0500 INFO  LateBindingScheduler JobQueue: 1
2012-06-08 09:27:15,842-0500 INFO  LateBindingScheduler JobQueue: 1
2012-06-08 09:27:15,852-0500 INFO  WeightedHostScoreScheduler CONTACT_SELECTED host=localhost, score=99.853
2012-06-08 09:27:15,853-0500 INFO  WeightedHostScoreScheduler CONTACT_SELECTED host=localhost, score=99.853
2012-06-08 09:27:15,859-0500 DEBUG vdl:execute2 THREAD_ASSOCIATION jobid=hello-qhu8ahsk thread=0-1-2-1-1 host=localhost replicationGroup=lhu8ahsk
2012-06-08 09:27:15,859-0500 DEBUG vdl:execute2 THREAD_ASSOCIATION jobid=hello-rhu8ahsk thread=0-1-0-1-1 host=localhost replicationGroup=ohu8ahsk
2012-06-08 09:27:15,868-0500 INFO  vdl:createdirset START jobid=hello-qhu8ahsk host=localhost - Initializing directory structure
2012-06-08 09:27:15,869-0500 INFO  vdl:createdirset END jobid=hello-qhu8ahsk - Done initializing directory structure
2012-06-08 09:27:15,869-0500 INFO  vdl:createdirset START jobid=hello-rhu8ahsk host=localhost - Initializing directory structure
2012-06-08 09:27:15,871-0500 INFO  vdl:createdirset END jobid=hello-rhu8ahsk - Done initializing directory structure
2012-06-08 09:27:15,871-0500 INFO  vdl:dostagein START jobid=hello-qhu8ahsk - Staging in files
2012-06-08 09:27:15,872-0500 INFO  vdl:dostagein START jobid=hello-rhu8ahsk - Staging in files
2012-06-08 09:27:15,873-0500 INFO  vdl:dostagein END jobid=hello-qhu8ahsk - Staging in finished
2012-06-08 09:27:15,875-0500 INFO  vdl:dostagein END jobid=hello-rhu8ahsk - Staging in finished
2012-06-08 09:27:15,875-0500 DEBUG vdl:execute2 JOB_START jobid=hello-qhu8ahsk tr=hello arguments=[] tmpdir=3inloop-20120608-0927-9gvxqkbg/jobs/q/hello-qhu8ahsk host=localhost
2012-06-08 09:27:15,877-0500 DEBUG vdl:execute2 JOB_START jobid=hello-rhu8ahsk tr=hello arguments=[] tmpdir=3inloop-20120608-0927-9gvxqkbg/jobs/r/hello-rhu8ahsk host=localhost
2012-06-08 09:27:15,886-0500 INFO  GridExec TASK_DEFINITION: Task(type=JOB_SUBMISSION, identity=urn:0-1-2-1-1-1339165634207) is /bin/bash shared/_swiftwrap hello-qhu8ahsk -jobdir q -scratch  -e /home/skrieder/swift/multi/hello -out 2.result -err stderr.txt -i -d  -if  -of 2.result -k  -cdmfile  -status files -a
2012-06-08 09:27:15,887-0500 INFO  JobSubmissionTaskHandler Submit: in: /var/tmp/3inloop-20120608-0927-9gvxqkbg command: /bin/bash /var/tmp/3inloop-20120608-0927-9gvxqkbg/shared/_swiftwrap hello-qhu8ahsk -jobdir q -scratch  -e /home/skrieder/swift/multi/hello -out 2.result -err stderr.txt -i -d  -if  -of 2.result -k  -cdmfile  -status files -a
2012-06-08 09:27:15,887-0500 INFO  GridExec TASK_DEFINITION: Task(type=JOB_SUBMISSION, identity=urn:0-1-0-1-1-1339165634209) is /bin/bash shared/_swiftwrap hello-rhu8ahsk -jobdir r -scratch  -e /home/skrieder/swift/multi/hello -out 0.result -err stderr.txt -i -d  -if  -of 0.result -k  -cdmfile  -status files -a
2012-06-08 09:27:15,888-0500 INFO  JobSubmissionTaskHandler Submit: in: /var/tmp/3inloop-20120608-0927-9gvxqkbg command: /bin/bash /var/tmp/3inloop-20120608-0927-9gvxqkbg/shared/_swiftwrap hello-rhu8ahsk -jobdir r -scratch  -e /home/skrieder/swift/multi/hello -out 0.result -err stderr.txt -i -d  -if  -of 0.result -k  -cdmfile  -status files -a
2012-06-08 09:27:16,032-0500 INFO  LateBindingScheduler JobQueue: 1
2012-06-08 09:27:16,032-0500 INFO  LateBindingScheduler JobQueue: 1
2012-06-08 09:27:16,035-0500 DEBUG vdl:checkjobstatus START jobid=hello-qhu8ahsk
2012-06-08 09:27:16,036-0500 DEBUG vdl:checkjobstatus START jobid=hello-rhu8ahsk
2012-06-08 09:27:16,043-0500 INFO  LateBindingScheduler JobQueue: 1
2012-06-08 09:27:16,043-0500 INFO  LateBindingScheduler JobQueue: 1
2012-06-08 09:27:16,044-0500 INFO  vdl:checkerrorfile FAILURE jobid=hello-qhu8ahsk - Failure file found
2012-06-08 09:27:16,044-0500 INFO  vdl:checkerrorfile FAILURE jobid=hello-rhu8ahsk - Failure file found
2012-06-08 09:27:16,048-0500 INFO  LateBindingScheduler JobQueue: 1
2012-06-08 09:27:16,048-0500 INFO  LateBindingScheduler JobQueue: 1
2012-06-08 09:27:16,051-0500 INFO  LateBindingScheduler JobQueue: 2
2012-06-08 09:27:16,052-0500 INFO  LateBindingScheduler JobQueue: 1
2012-06-08 09:27:16,052-0500 INFO  LateBindingScheduler JobQueue: 1
2012-06-08 09:27:16,054-0500 INFO  LateBindingScheduler JobQueue: 1
2012-06-08 09:27:16,055-0500 DEBUG vdl:execute2 STAGING_OUT jobid=hello-qhu8ahsk
2012-06-08 09:27:16,056-0500 DEBUG vdl:execute2 STAGING_OUT jobid=hello-rhu8ahsk
2012-06-08 09:27:16,057-0500 INFO  vdl:dostageout START jobid=hello-qhu8ahsk - Staging out files
2012-06-08 09:27:16,057-0500 DEBUG vdl:dostageout stageouts: [[$, c:messagefile - Open]]
2012-06-08 09:27:16,058-0500 INFO  vdl:dostageout START jobid=hello-rhu8ahsk - Staging out files
2012-06-08 09:27:16,059-0500 DEBUG vdl:dostageout stageouts: [[$, c:messagefile - Open]]
2012-06-08 09:27:16,065-0500 DEBUG vdl:dostageout FILE_STAGE_OUT_START srcname=2.result srcdir=3inloop-20120608-0927-9gvxqkbg/shared/ srchost=localhost destdir= desthost=localhost provider=file
2012-06-08 09:27:16,066-0500 DEBUG vdl:dostageout FILE_STAGE_OUT_START srcname=0.result srcdir=3inloop-20120608-0927-9gvxqkbg/shared/ srchost=localhost destdir= desthost=localhost provider=file
2012-06-08 09:27:16,067-0500 INFO  LateBindingScheduler JobQueue: 1
2012-06-08 09:27:16,068-0500 INFO  LateBindingScheduler JobQueue: 1
2012-06-08 09:27:16,088-0500 INFO  LateBindingScheduler JobQueue: 1
2012-06-08 09:27:16,089-0500 INFO  LateBindingScheduler JobQueue: 1
2012-06-08 09:27:16,089-0500 INFO  vdl:checkerrorfile NO_STATUS_FILE jobid=hello-rhu8ahsk - Error file missing
2012-06-08 09:27:16,090-0500 INFO  vdl:checkerrorfile NO_STATUS_FILE jobid=hello-qhu8ahsk - Error file missing
2012-06-08 09:27:16,091-0500 DEBUG vdl:execute2 APPLICATION_EXCEPTION jobid=hello-rhu8ahsk - Application exception: null
Caused by: org.globus.cog.abstraction.impl.file.FileNotFoundException: File not found: /var/tmp/3inloop-20120608-0927-9gvxqkbg/shared/0.result
2012-06-08 09:27:16,091-0500 DEBUG vdl:execute2 APPLICATION_EXCEPTION jobid=hello-qhu8ahsk - Application exception: null
Caused by: org.globus.cog.abstraction.impl.file.FileNotFoundException: File not found: /var/tmp/3inloop-20120608-0927-9gvxqkbg/shared/2.result
2012-06-08 09:27:16,102-0500 INFO  LateBindingScheduler JobQueue: 1
2012-06-08 09:27:16,103-0500 INFO  LateBindingScheduler JobQueue: 1
2012-06-08 09:27:16,106-0500 INFO  LateBindingScheduler JobQueue: 1
2012-06-08 09:27:16,106-0500 INFO  LateBindingScheduler JobQueue: 1
2012-06-08 09:27:16,112-0500 INFO  LateBindingScheduler JobQueue: 1
2012-06-08 09:27:16,112-0500 INFO  LateBindingScheduler JobQueue: 1
2012-06-08 09:27:16,115-0500 INFO  LateBindingScheduler JobQueue: 1
2012-06-08 09:27:16,116-0500 INFO  LateBindingScheduler JobQueue: 1
2012-06-08 09:27:16,122-0500 INFO  LateBindingScheduler JobQueue: 1
2012-06-08 09:27:16,123-0500 INFO  LateBindingScheduler JobQueue: 1
2012-06-08 09:27:16,136-0500 INFO  WeightedHostScoreScheduler CONTACT_SELECTED host=localhost, score=99.853
2012-06-08 09:27:16,137-0500 INFO  WeightedHostScoreScheduler CONTACT_SELECTED host=localhost, score=99.853
2012-06-08 09:27:16,143-0500 DEBUG vdl:execute2 THREAD_ASSOCIATION jobid=hello-uhu8ahsk thread=0-1-1-1-1 host=localhost replicationGroup=phu8ahsk
2012-06-08 09:27:16,144-0500 DEBUG vdl:execute2 THREAD_ASSOCIATION jobid=hello-vhu8ahsk thread=0-1-0-1-1 host=localhost replicationGroup=shu8ahsk
2012-06-08 09:27:16,152-0500 INFO  vdl:createdirset START jobid=hello-uhu8ahsk host=localhost - Initializing directory structure
2012-06-08 09:27:16,152-0500 INFO  vdl:createdirset START jobid=hello-vhu8ahsk host=localhost - Initializing directory structure
2012-06-08 09:27:16,153-0500 INFO  vdl:createdirset END jobid=hello-uhu8ahsk - Done initializing directory structure
2012-06-08 09:27:16,153-0500 INFO  vdl:createdirset END jobid=hello-vhu8ahsk - Done initializing directory structure
2012-06-08 09:27:16,155-0500 INFO  vdl:dostagein START jobid=hello-uhu8ahsk - Staging in files
2012-06-08 09:27:16,155-0500 INFO  vdl:dostagein START jobid=hello-vhu8ahsk - Staging in files
2012-06-08 09:27:16,157-0500 INFO  vdl:dostagein END jobid=hello-uhu8ahsk - Staging in finished
2012-06-08 09:27:16,157-0500 INFO  vdl:dostagein END jobid=hello-vhu8ahsk - Staging in finished
2012-06-08 09:27:16,159-0500 DEBUG vdl:execute2 JOB_START jobid=hello-uhu8ahsk tr=hello arguments=[] tmpdir=3inloop-20120608-0927-9gvxqkbg/jobs/u/hello-uhu8ahsk host=localhost
2012-06-08 09:27:16,159-0500 DEBUG vdl:execute2 JOB_START jobid=hello-vhu8ahsk tr=hello arguments=[] tmpdir=3inloop-20120608-0927-9gvxqkbg/jobs/v/hello-vhu8ahsk host=localhost
2012-06-08 09:27:16,169-0500 INFO  GridExec TASK_DEFINITION: Task(type=JOB_SUBMISSION, identity=urn:0-1-1-1-1-1339165634287) is /bin/bash shared/_swiftwrap hello-uhu8ahsk -jobdir u -scratch  -e /home/skrieder/swift/multi/hello -out 1.result -err stderr.txt -i -d  -if  -of 1.result -k  -cdmfile  -status files -a
2012-06-08 09:27:16,170-0500 INFO  JobSubmissionTaskHandler Submit: in: /var/tmp/3inloop-20120608-0927-9gvxqkbg command: /bin/bash /var/tmp/3inloop-20120608-0927-9gvxqkbg/shared/_swiftwrap hello-uhu8ahsk -jobdir u -scratch  -e /home/skrieder/swift/multi/hello -out 1.result -err stderr.txt -i -d  -if  -of 1.result -k  -cdmfile  -status files -a
2012-06-08 09:27:16,170-0500 INFO  GridExec TASK_DEFINITION: Task(type=JOB_SUBMISSION, identity=urn:0-1-0-1-1-1339165634289) is /bin/bash shared/_swiftwrap hello-vhu8ahsk -jobdir v -scratch  -e /home/skrieder/swift/multi/hello -out 0.result -err stderr.txt -i -d  -if  -of 0.result -k  -cdmfile  -status files -a
2012-06-08 09:27:16,171-0500 INFO  JobSubmissionTaskHandler Submit: in: /var/tmp/3inloop-20120608-0927-9gvxqkbg command: /bin/bash /var/tmp/3inloop-20120608-0927-9gvxqkbg/shared/_swiftwrap hello-vhu8ahsk -jobdir v -scratch  -e /home/skrieder/swift/multi/hello -out 0.result -err stderr.txt -i -d  -if  -of 0.result -k  -cdmfile  -status files -a
2012-06-08 09:27:16,294-0500 INFO  LateBindingScheduler JobQueue: 1
2012-06-08 09:27:16,297-0500 DEBUG vdl:checkjobstatus START jobid=hello-uhu8ahsk
2012-06-08 09:27:16,303-0500 INFO  LateBindingScheduler JobQueue: 1
2012-06-08 09:27:16,304-0500 INFO  vdl:checkerrorfile FAILURE jobid=hello-uhu8ahsk - Failure file found
2012-06-08 09:27:16,307-0500 INFO  LateBindingScheduler JobQueue: 1
2012-06-08 09:27:16,310-0500 INFO  LateBindingScheduler JobQueue: 1
2012-06-08 09:27:16,311-0500 INFO  LateBindingScheduler JobQueue: 1
2012-06-08 09:27:16,312-0500 DEBUG vdl:execute2 STAGING_OUT jobid=hello-uhu8ahsk
2012-06-08 09:27:16,313-0500 INFO  vdl:dostageout START jobid=hello-uhu8ahsk - Staging out files
2012-06-08 09:27:16,314-0500 DEBUG vdl:dostageout stageouts: [[$, c:messagefile - Open]]
2012-06-08 09:27:16,315-0500 INFO  LateBindingScheduler JobQueue: 1
2012-06-08 09:27:16,317-0500 DEBUG vdl:checkjobstatus START jobid=hello-vhu8ahsk
2012-06-08 09:27:16,318-0500 DEBUG vdl:dostageout FILE_STAGE_OUT_START srcname=1.result srcdir=3inloop-20120608-0927-9gvxqkbg/shared/ srchost=localhost destdir= desthost=localhost provider=file
2012-06-08 09:27:16,320-0500 INFO  LateBindingScheduler JobQueue: 1
2012-06-08 09:27:16,323-0500 INFO  LateBindingScheduler JobQueue: 1
2012-06-08 09:27:16,324-0500 INFO  vdl:checkerrorfile FAILURE jobid=hello-vhu8ahsk - Failure file found
2012-06-08 09:27:16,327-0500 INFO  LateBindingScheduler JobQueue: 1
2012-06-08 09:27:16,330-0500 INFO  LateBindingScheduler JobQueue: 2
2012-06-08 09:27:16,331-0500 INFO  LateBindingScheduler JobQueue: 1
2012-06-08 09:27:16,332-0500 DEBUG vdl:execute2 STAGING_OUT jobid=hello-vhu8ahsk
2012-06-08 09:27:16,334-0500 INFO  vdl:dostageout START jobid=hello-vhu8ahsk - Staging out files
2012-06-08 09:27:16,334-0500 DEBUG vdl:dostageout stageouts: [[$, c:messagefile - Open]]
2012-06-08 09:27:16,336-0500 INFO  LateBindingScheduler JobQueue: 1
2012-06-08 09:27:16,337-0500 INFO  vdl:checkerrorfile NO_STATUS_FILE jobid=hello-uhu8ahsk - Error file missing
2012-06-08 09:27:16,338-0500 DEBUG vdl:dostageout FILE_STAGE_OUT_START srcname=0.result srcdir=3inloop-20120608-0927-9gvxqkbg/shared/ srchost=localhost destdir= desthost=localhost provider=file
2012-06-08 09:27:16,338-0500 DEBUG vdl:execute2 APPLICATION_EXCEPTION jobid=hello-uhu8ahsk - Application exception: null
Caused by: org.globus.cog.abstraction.impl.file.FileNotFoundException: File not found: /var/tmp/3inloop-20120608-0927-9gvxqkbg/shared/1.result
2012-06-08 09:27:16,339-0500 INFO  LateBindingScheduler JobQueue: 1
2012-06-08 09:27:16,345-0500 INFO  LateBindingScheduler JobQueue: 2
2012-06-08 09:27:16,348-0500 INFO  LateBindingScheduler JobQueue: 1
2012-06-08 09:27:16,353-0500 INFO  LateBindingScheduler JobQueue: 1
2012-06-08 09:27:16,356-0500 INFO  LateBindingScheduler JobQueue: 1
2012-06-08 09:27:16,356-0500 INFO  LateBindingScheduler JobQueue: 1
2012-06-08 09:27:16,357-0500 INFO  vdl:checkerrorfile NO_STATUS_FILE jobid=hello-vhu8ahsk - Error file missing
2012-06-08 09:27:16,358-0500 DEBUG vdl:execute2 APPLICATION_EXCEPTION jobid=hello-vhu8ahsk - Application exception: null
Caused by: org.globus.cog.abstraction.impl.file.FileNotFoundException: File not found: /var/tmp/3inloop-20120608-0927-9gvxqkbg/shared/0.result
2012-06-08 09:27:16,361-0500 INFO  LateBindingScheduler JobQueue: 1
2012-06-08 09:27:16,364-0500 INFO  LateBindingScheduler JobQueue: 1
2012-06-08 09:27:16,366-0500 INFO  WeightedHostScoreScheduler CONTACT_SELECTED host=localhost, score=99.853
2012-06-08 09:27:16,367-0500 INFO  vdl:execute END_FAILURE thread=0-1-1-1 tr=hello
2012-06-08 09:27:16,367-0500 INFO  LateBindingScheduler JobQueue: 0
2012-06-08 09:27:16,369-0500 DEBUG vdl:execute2 THREAD_ASSOCIATION jobid=hello-xhu8ahsk thread=0-1-2-1-1 host=localhost replicationGroup=thu8ahsk
2012-06-08 09:27:16,371-0500 INFO  LateBindingScheduler JobQueue: 0
2012-06-08 09:27:16,372-0500 INFO  vdl:createdirset START jobid=hello-xhu8ahsk host=localhost - Initializing directory structure
2012-06-08 09:27:16,372-0500 INFO  vdl:createdirset END jobid=hello-xhu8ahsk - Done initializing directory structure
2012-06-08 09:27:16,372-0500 DEBUG VDL2ExecutionContext Exception in hello:
Arguments: []
Host: localhost
Directory: 3inloop-20120608-0927-9gvxqkbg/jobs/u/hello-uhu8ahsk
stderr.txt: 
stdout.txt: Hello World

----

Exception in hello:
Arguments: []
Host: localhost
Directory: 3inloop-20120608-0927-9gvxqkbg/jobs/u/hello-uhu8ahsk
stderr.txt: 
stdout.txt: Hello World

----

Caused by: null
Caused by: org.globus.cog.abstraction.impl.file.FileNotFoundException: File not found: /var/tmp/3inloop-20120608-0927-9gvxqkbg/shared/1.result
	at org.globus.cog.karajan.workflow.nodes.functions.KException.function(KException.java:29)
	at org.globus.cog.karajan.workflow.nodes.functions.AbstractFunction.post(AbstractFunction.java:27)
	at org.globus.cog.karajan.workflow.nodes.AbstractSequentialWithArguments.completed(AbstractSequentialWithArguments.java:194)
	at org.globus.cog.karajan.workflow.nodes.FlowNode.complete(FlowNode.java:214)
	at org.globus.cog.karajan.workflow.nodes.FlowContainer.post(FlowContainer.java:58)
	at org.globus.cog.karajan.workflow.nodes.functions.AbstractFunction.post(AbstractFunction.java:28)
	at org.globus.cog.karajan.workflow.nodes.Sequential.startNext(Sequential.java:29)
	at org.globus.cog.karajan.workflow.nodes.Sequential.executeChildren(Sequential.java:20)
	at org.globus.cog.karajan.workflow.nodes.FlowContainer.execute(FlowContainer.java:63)
	at org.globus.cog.karajan.workflow.nodes.FlowNode.restart(FlowNode.java:139)
	at org.globus.cog.karajan.workflow.nodes.FlowNode.start(FlowNode.java:197)
	at org.globus.cog.karajan.workflow.events.EventBus.start(EventBus.java:104)
	at org.globus.cog.karajan.workflow.events.EventTargetPair.run(EventTargetPair.java:40)
	at java.util.concurrent.Executors$RunnableAdapter.call(Executors.java:471)
	at java.util.concurrent.FutureTask$Sync.innerRun(FutureTask.java:334)
	at java.util.concurrent.FutureTask.run(FutureTask.java:166)
	at java.util.concurrent.ThreadPoolExecutor.runWorker(ThreadPoolExecutor.java:1110)
	at java.util.concurrent.ThreadPoolExecutor$Worker.run(ThreadPoolExecutor.java:603)
	at java.lang.Thread.run(Thread.java:722)
Caused by: null
Caused by: org.globus.cog.abstraction.impl.file.FileNotFoundException: File not found: /var/tmp/3inloop-20120608-0927-9gvxqkbg/shared/1.result
	at org.globus.cog.karajan.workflow.nodes.FlowNode.failImmediately(FlowNode.java:101)
	at org.globus.cog.karajan.workflow.nodes.grid.AbstractGridNode$1.run(AbstractGridNode.java:308)
	... 6 more
Caused by: org.globus.cog.abstraction.impl.file.FileNotFoundException: File not found: /var/tmp/3inloop-20120608-0927-9gvxqkbg/shared/1.result
	at org.globus.cog.abstraction.impl.file.local.FileResourceImpl.getFile(FileResourceImpl.java:225)
	at org.globus.cog.abstraction.impl.file.local.FileResourceImpl.putFile(FileResourceImpl.java:286)
	at org.globus.cog.abstraction.impl.file.AbstractFileResource.putFile(AbstractFileResource.java:152)
	at org.globus.cog.abstraction.impl.fileTransfer.DelegatedFileTransferHandler.doDestination(DelegatedFileTransferHandler.java:314)
	at org.globus.cog.abstraction.impl.fileTransfer.CachingDelegatedFileTransferHandler.doDestination(CachingDelegatedFileTransferHandler.java:46)
	at org.globus.cog.abstraction.impl.fileTransfer.DelegatedFileTransferHandler.run(DelegatedFileTransferHandler.java:487)
	... 1 more
2012-06-08 09:27:16,374-0500 INFO  LateBindingScheduler JobQueue: 0
2012-06-08 09:27:16,372-0500 INFO  vdl:dostagein START jobid=hello-xhu8ahsk - Staging in files
2012-06-08 09:27:16,383-0500 INFO  vdl:dostagein END jobid=hello-xhu8ahsk - Staging in finished
2012-06-08 09:27:16,384-0500 DEBUG vdl:execute2 JOB_START jobid=hello-xhu8ahsk tr=hello arguments=[] tmpdir=3inloop-20120608-0927-9gvxqkbg/jobs/x/hello-xhu8ahsk host=localhost
2012-06-08 09:27:16,386-0500 INFO  LateBindingScheduler JobQueue: 0
2012-06-08 09:27:16,390-0500 INFO  GridExec TASK_DEFINITION: Task(type=JOB_SUBMISSION, identity=urn:0-1-2-1-1-1339165634365) is /bin/bash shared/_swiftwrap hello-xhu8ahsk -jobdir x -scratch  -e /home/skrieder/swift/multi/hello -out 2.result -err stderr.txt -i -d  -if  -of 2.result -k  -cdmfile  -status files -a
2012-06-08 09:27:16,390-0500 INFO  JobSubmissionTaskHandler Submit: in: /var/tmp/3inloop-20120608-0927-9gvxqkbg command: /bin/bash /var/tmp/3inloop-20120608-0927-9gvxqkbg/shared/_swiftwrap hello-xhu8ahsk -jobdir x -scratch  -e /home/skrieder/swift/multi/hello -out 2.result -err stderr.txt -i -d  -if  -of 2.result -k  -cdmfile  -status files -a
2012-06-08 09:27:16,391-0500 INFO  vdl:execute END_FAILURE thread=0-1-0-1 tr=hello
2012-06-08 09:27:16,488-0500 INFO  ExecutionContext Detailed exception: 
Exception in hello:
Arguments: []
Host: localhost
Directory: 3inloop-20120608-0927-9gvxqkbg/jobs/u/hello-uhu8ahsk
stderr.txt: 
stdout.txt: Hello World

----

Caused by: null
Caused by: org.globus.cog.abstraction.impl.file.FileNotFoundException: File not found: /var/tmp/3inloop-20120608-0927-9gvxqkbg/shared/1.result
	at org.globus.cog.karajan.workflow.nodes.functions.KException.function(KException.java:29)
	at org.globus.cog.karajan.workflow.nodes.functions.AbstractFunction.post(AbstractFunction.java:27)
	at org.globus.cog.karajan.workflow.nodes.AbstractSequentialWithArguments.completed(AbstractSequentialWithArguments.java:194)
	at org.globus.cog.karajan.workflow.nodes.FlowNode.complete(FlowNode.java:214)
	at org.globus.cog.karajan.workflow.nodes.FlowContainer.post(FlowContainer.java:58)
	at org.globus.cog.karajan.workflow.nodes.functions.AbstractFunction.post(AbstractFunction.java:28)
	at org.globus.cog.karajan.workflow.nodes.Sequential.startNext(Sequential.java:29)
	at org.globus.cog.karajan.workflow.nodes.Sequential.executeChildren(Sequential.java:20)
	at org.globus.cog.karajan.workflow.nodes.FlowContainer.execute(FlowContainer.java:63)
	at org.globus.cog.karajan.workflow.nodes.FlowNode.restart(FlowNode.java:139)
	at org.globus.cog.karajan.workflow.nodes.FlowNode.start(FlowNode.java:197)
	at org.globus.cog.karajan.workflow.events.EventBus.start(EventBus.java:104)
	at org.globus.cog.karajan.workflow.events.EventTargetPair.run(EventTargetPair.java:40)
	at java.util.concurrent.Executors$RunnableAdapter.call(Executors.java:471)
	at java.util.concurrent.FutureTask$Sync.innerRun(FutureTask.java:334)
	at java.util.concurrent.FutureTask.run(FutureTask.java:166)
	at java.util.concurrent.ThreadPoolExecutor.runWorker(ThreadPoolExecutor.java:1110)
	at java.util.concurrent.ThreadPoolExecutor$Worker.run(ThreadPoolExecutor.java:603)
	at java.lang.Thread.run(Thread.java:722)
Caused by: null
Caused by: org.globus.cog.abstraction.impl.file.FileNotFoundException: File not found: /var/tmp/3inloop-20120608-0927-9gvxqkbg/shared/1.result
	at org.globus.cog.karajan.workflow.nodes.FlowNode.failImmediately(FlowNode.java:101)
	at org.globus.cog.karajan.workflow.nodes.grid.AbstractGridNode$1.run(AbstractGridNode.java:308)
	... 6 more
Caused by: org.globus.cog.abstraction.impl.file.FileNotFoundException: File not found: /var/tmp/3inloop-20120608-0927-9gvxqkbg/shared/1.result
	at org.globus.cog.abstraction.impl.file.local.FileResourceImpl.getFile(FileResourceImpl.java:225)
	at org.globus.cog.abstraction.impl.file.local.FileResourceImpl.putFile(FileResourceImpl.java:286)
	at org.globus.cog.abstraction.impl.file.AbstractFileResource.putFile(AbstractFileResource.java:152)
	at org.globus.cog.abstraction.impl.fileTransfer.DelegatedFileTransferHandler.doDestination(DelegatedFileTransferHandler.java:314)
	at org.globus.cog.abstraction.impl.fileTransfer.CachingDelegatedFileTransferHandler.doDestination(CachingDelegatedFileTransferHandler.java:46)
	at org.globus.cog.abstraction.impl.fileTransfer.DelegatedFileTransferHandler.run(DelegatedFileTransferHandler.java:487)
	... 1 more
2012-06-08 09:27:16,489-0500 INFO  Loader Swift finished with errors
