2012-06-08 12:05:21,326-0500 DEBUG Loader arguments: [-tc.file, tc.data, -sites.file, 0-throttle-sites.xml, 3inloop.swift]
2012-06-08 12:05:21,326-0500 DEBUG Loader Max heap: 252248064
2012-06-08 12:05:21,327-0500 DEBUG textfiles BEGIN SWIFTSCRIPT:
type messagefile; 

app (messagefile t) countwords (messagefile f) {   
    sh @filename(f) stdout=@filename(t);
}

string outputNames = "a1sm1ms b1sm1ms c1sm1ms";

messagefile outputfiles[] <fixed_array_mapper;files=outputNames>;

foreach f,i in outputfiles {
  //messagefile c <single_file_mapper; file=@strcat(i, ".result")>;
  messagefile c;
  c = countwords(f);
}


2012-06-08 12:05:21,328-0500 DEBUG textfiles END SWIFTSCRIPT:
2012-06-08 12:05:21,328-0500 INFO  Loader 3inloop.swift: source file is new. Recompiling.
2012-06-08 12:05:21,890-0500 INFO  Karajan Validation of XML intermediate file was successful
2012-06-08 12:05:22,077-0500 DEBUG Loader setting: sites.file to: 0-throttle-sites.xml
2012-06-08 12:05:22,078-0500 DEBUG Loader setting: tc.file to: tc.data
2012-06-08 12:05:22,078-0500 DEBUG textfiles BEGIN SITES:
<config>

  <pool handle="localhost">
    <filesystem provider="local" />
    <execution provider="local" />
    <workdirectory >/var/tmp</workdirectory>
    <profile namespace="karajan" key="jobThrottle">.01</profile>
    <profile namespace="karajan" key="initialScore">10000</profile>
  </pool>

</config>


2012-06-08 12:05:22,078-0500 DEBUG textfiles END SITES:
2012-06-08 12:05:22,082-0500 INFO  VDL2ExecutionContext Stack dump:
Level 1
[iA = 0, iB = 0, bA = false, bB = false]
	vdl:instanceconfig = Swift configuration []
	vdl:operation = run
	swift.home = /usr/local/swift/bin/..
	PATH_SEPARATOR = /


2012-06-08 12:05:22,704-0500 INFO  unknown Using sites file: 0-throttle-sites.xml
2012-06-08 12:05:22,742-0500 INFO  unknown Using tc.data: tc.data
2012-06-08 12:05:22,850-0500 INFO  AbstractScheduler Setting resources to: {localhost=localhost}
2012-06-08 12:05:23,428-0500 INFO  unknown Swift 0.93 swift-r5483 cog-r3339

2012-06-08 12:05:23,429-0500 INFO  unknown RUNID id=run:20120608-1205-ag6ro7o8
2012-06-08 12:05:23,493-0500 INFO  SetFieldValue Set: outputNames=a1sm1ms b1sm1ms c1sm1ms
2012-06-08 12:05:23,510-0500 INFO  RootDataNode Found data outputfiles:messagefile[] - Open.[0]
2012-06-08 12:05:23,510-0500 INFO  RootDataNode Found data outputfiles:messagefile[] - Open.[1]
2012-06-08 12:05:23,510-0500 INFO  RootDataNode Found data outputfiles:messagefile[] - Open.[2]
2012-06-08 12:05:23,514-0500 DEBUG vdl:mains FOREACH_IT_START line=11 thread=0-1-0
2012-06-08 12:05:23,514-0500 DEBUG vdl:mains FOREACH_IT_START line=11 thread=0-1-1
2012-06-08 12:05:23,514-0500 DEBUG vdl:mains FOREACH_IT_START line=11 thread=0-1-2
2012-06-08 12:05:23,515-0500 DEBUG vdl:mains SCOPE thread=0-1-0
2012-06-08 12:05:23,515-0500 DEBUG vdl:mains SCOPE thread=0-1-1
2012-06-08 12:05:23,515-0500 DEBUG vdl:mains SCOPE thread=0-1-2
2012-06-08 12:05:23,533-0500 DEBUG countwords PROCEDURE line=3 thread=0-1-0-1 name=countwords
2012-06-08 12:05:23,533-0500 DEBUG countwords PROCEDURE line=3 thread=0-1-1-1 name=countwords
2012-06-08 12:05:23,533-0500 DEBUG countwords PROCEDURE line=3 thread=0-1-2-1 name=countwords
2012-06-08 12:05:23,555-0500 INFO  vdl:execute START thread=0-1-0-1 tr=sh
2012-06-08 12:05:23,555-0500 INFO  vdl:execute START thread=0-1-2-1 tr=sh
2012-06-08 12:05:23,555-0500 INFO  vdl:execute START thread=0-1-1-1 tr=sh
2012-06-08 12:05:23,586-0500 INFO  WeightedHostScoreScheduler CONTACT_SELECTED host=localhost, score=99.854
2012-06-08 12:05:23,587-0500 INFO  WeightedHostScoreScheduler CONTACT_SELECTED host=localhost, score=99.854
2012-06-08 12:05:23,590-0500 INFO  GlobalSubmitQueue No global submit throttle set. Using default (1024)
2012-06-08 12:05:23,593-0500 INFO  LateBindingScheduler JobQueue: 1
2012-06-08 12:05:23,597-0500 INFO  LateBindingScheduler JobQueue: 1
2012-06-08 12:05:23,600-0500 INFO  vdl:initshareddir START host=localhost - Initializing shared directory
2012-06-08 12:05:23,603-0500 INFO  LateBindingScheduler JobQueue: 1
2012-06-08 12:05:23,624-0500 INFO  LateBindingScheduler JobQueue: 1
2012-06-08 12:05:23,628-0500 INFO  LateBindingScheduler JobQueue: 1
2012-06-08 12:05:23,631-0500 INFO  LateBindingScheduler JobQueue: 1
2012-06-08 12:05:23,637-0500 INFO  LateBindingScheduler JobQueue: 1
2012-06-08 12:05:23,641-0500 INFO  LateBindingScheduler JobQueue: 1
2012-06-08 12:05:23,643-0500 INFO  vdl:initshareddir END host=localhost - Done initializing shared directory
2012-06-08 12:05:23,645-0500 DEBUG vdl:execute2 THREAD_ASSOCIATION jobid=sh-5e6kghsk thread=0-1-1-1-1 host=localhost replicationGroup=3e6kghsk
2012-06-08 12:05:23,646-0500 DEBUG vdl:execute2 THREAD_ASSOCIATION jobid=sh-4e6kghsk thread=0-1-0-1-1 host=localhost replicationGroup=2e6kghsk
2012-06-08 12:05:23,656-0500 INFO  vdl:createdirset START jobid=sh-4e6kghsk host=localhost - Initializing directory structure
2012-06-08 12:05:23,656-0500 INFO  vdl:createdirset START jobid=sh-5e6kghsk host=localhost - Initializing directory structure
2012-06-08 12:05:23,659-0500 INFO  vdl:createdirs START path=_concurrent dir=3inloop-20120608-1205-ag6ro7o8/shared - Creating directory structure
2012-06-08 12:05:23,660-0500 INFO  LateBindingScheduler JobQueue: 1
2012-06-08 12:05:23,662-0500 INFO  vdl:createdirset END jobid=sh-4e6kghsk - Done initializing directory structure
2012-06-08 12:05:23,662-0500 INFO  vdl:createdirset END jobid=sh-5e6kghsk - Done initializing directory structure
2012-06-08 12:05:23,663-0500 INFO  vdl:dostagein START jobid=sh-5e6kghsk - Staging in files
2012-06-08 12:05:23,663-0500 INFO  vdl:dostagein START jobid=sh-4e6kghsk - Staging in files
2012-06-08 12:05:23,682-0500 INFO  LateBindingScheduler JobQueue: 1
2012-06-08 12:05:23,683-0500 INFO  LateBindingScheduler JobQueue: 1
2012-06-08 12:05:23,695-0500 DEBUG vdl:dostagein CDM: file://localhost/b1sm1ms : DEFAULT
2012-06-08 12:05:23,695-0500 DEBUG vdl:dostagein CDM: file://localhost/a1sm1ms : DEFAULT
2012-06-08 12:05:23,705-0500 DEBUG vdl:dostageinfile FILE_STAGE_IN_START file=b1sm1ms srchost=localhost srcdir= srcname=b1sm1ms desthost=localhost destdir=3inloop-20120608-1205-ag6ro7o8/shared/ provider=file policy=DEFAULT
2012-06-08 12:05:23,705-0500 DEBUG vdl:dostageinfile FILE_STAGE_IN_START file=a1sm1ms srchost=localhost srcdir= srcname=a1sm1ms desthost=localhost destdir=3inloop-20120608-1205-ag6ro7o8/shared/ provider=file policy=DEFAULT
2012-06-08 12:05:23,715-0500 INFO  LateBindingScheduler JobQueue: 1
2012-06-08 12:05:23,715-0500 INFO  LateBindingScheduler JobQueue: 1
2012-06-08 12:05:23,717-0500 DEBUG vdl:dostageinfile FILE_STAGE_IN_END file=b1sm1ms srchost=localhost srcdir= srcname=b1sm1ms desthost=localhost destdir=3inloop-20120608-1205-ag6ro7o8/shared/ provider=file
2012-06-08 12:05:23,717-0500 DEBUG vdl:dostageinfile FILE_STAGE_IN_END file=a1sm1ms srchost=localhost srcdir= srcname=a1sm1ms desthost=localhost destdir=3inloop-20120608-1205-ag6ro7o8/shared/ provider=file
2012-06-08 12:05:23,720-0500 INFO  vdl:dostagein END jobid=sh-5e6kghsk - Staging in finished
2012-06-08 12:05:23,720-0500 INFO  vdl:dostagein END jobid=sh-4e6kghsk - Staging in finished
2012-06-08 12:05:23,725-0500 DEBUG vdl:execute2 JOB_START jobid=sh-4e6kghsk tr=sh arguments=[a1sm1ms] tmpdir=3inloop-20120608-1205-ag6ro7o8/jobs/4/sh-4e6kghsk host=localhost
2012-06-08 12:05:23,725-0500 DEBUG vdl:execute2 JOB_START jobid=sh-5e6kghsk tr=sh arguments=[b1sm1ms] tmpdir=3inloop-20120608-1205-ag6ro7o8/jobs/5/sh-5e6kghsk host=localhost
2012-06-08 12:05:23,740-0500 DEBUG textfiles BEGIN TC:
#This is the transformation catalog.
#
#It comes pre-configured with a number of simple transformations with
#paths that are likely to work on a linux box. However, on some systems,
#the paths to these executables will be different (for example, sometimes
#some of these programs are found in /usr/bin rather than in /bin)
#
#NOTE WELL: fields in this file must be separated by tabs, not spaces; and
#there must be no trailing whitespace at the end of each line.
#
# sitename  transformation  path   INSTALLED  platform  profiles
localhost 	echo 		/bin/echo	INSTALLED	INTEL32::LINUX	null
localhost 	cat 		/bin/cat	INSTALLED	INTEL32::LINUX	null
localhost 	ls 		/bin/ls		INSTALLED	INTEL32::LINUX	null
localhost 	grep 		/bin/grep	INSTALLED	INTEL32::LINUX	null
localhost 	sort 		/bin/sort	INSTALLED	INTEL32::LINUX	null
localhost 	paste 		/bin/paste	INSTALLED	INTEL32::LINUX	null
localhost 	cp 		/bin/cp         INSTALLED	INTEL32::LINUX	null
localhost 	touch 		/bin/touch      INSTALLED	INTEL32::LINUX	null
localhost	wc		/usr/bin/wc	INSTALLED	INTEL32::LINUX	null
localhost	sh		/bin/wc		INSTALLED	INTEL32::LINUX	null
localhost	scott3a		/home/skrieder/swift/multi/scott3a.sh		INSTALLED	INTEL32::LINUX	null
localhost	scott3b		/home/skrieder/swift/multi/scott3b.sh		INSTALLED	INTEL32::LINUX	null
localhost	cka		/home/skrieder/swift/cuda/1sm1ms		INSTALLED	INTEL32::LINUX	null
localhost	a1sm0ms		/home/skrieder/swift/cuda/1sm0ms		INSTALLED	INTEL32::LINUX	null
localhost	a1sm1ms		/home/skrieder/swift/cuda/a1sm1ms.sh		INSTALLED	INTEL32::LINUX	null
localhost	b1sm1ms		/home/skrieder/swift/cuda/b1sm1ms.sh		INSTALLED	INTEL32::LINUX	null
localhost	c1sm1ms		/home/skrieder/swift/cuda/c1sm1ms.sh		INSTALLED	INTEL32::LINUX	null
localhost	a1sm10ms	/home/skrieder/swift/cuda/1sm10ms		INSTALLED	INTEL32::LINUX	null
localhost	a1sm100ms	/home/skrieder/swift/cuda/1sm100ms		INSTALLED	INTEL32::LINUX	null
localhost	a2sm0ms		/home/skrieder/swift/cuda/2sm0ms		INSTALLED	INTEL32::LINUX	null
localhost	a2sm1ms		/home/skrieder/swift/cuda/2sm1ms		INSTALLED	INTEL32::LINUX	null
localhost	a2sm10ms	/home/skrieder/swift/cuda/2sm10ms		INSTALLED	INTEL32::LINUX	null
localhost	a2sm100ms	/home/skrieder/swift/cuda/2sm100ms		INSTALLED	INTEL32::LINUX	null
localhost	a4sm0ms		/home/skrieder/swift/cuda/4sm0ms		INSTALLED	INTEL32::LINUX	null
localhost	a4sm1ms		/home/skrieder/swift/cuda/4sm1ms		INSTALLED	INTEL32::LINUX	null
localhost	a4sm10ms	/home/skrieder/swift/cuda/4sm10ms		INSTALLED	INTEL32::LINUX	null
localhost	a4sm100ms	/home/skrieder/swift/cuda/4sm100ms		INSTALLED	INTEL32::LINUX	null
localhost	a8sm0ms		/home/skrieder/swift/cuda/8sm0ms		INSTALLED	INTEL32::LINUX	null
localhost	a8sm1ms		/home/skrieder/swift/cuda/8sm1ms		INSTALLED	INTEL32::LINUX	null
localhost	a8sm10ms	/home/skrieder/swift/cuda/8sm10ms		INSTALLED	INTEL32::LINUX	null
localhost	a8sm100ms	/home/skrieder/swift/cuda/8sm100ms		INSTALLED	INTEL32::LINUX	null
localhost	a16sm0ms	/home/skrieder/swift/cuda/16sm0ms		INSTALLED	INTEL32::LINUX	null
localhost	a16sm1ms	/home/skrieder/swift/cuda/16sm1ms		INSTALLED	INTEL32::LINUX	null
localhost	a16sm10ms	/home/skrieder/swift/cuda/16sm10ms		INSTALLED	INTEL32::LINUX	null
localhost	a16sm100ms	/home/skrieder/swift/cuda/16sm100ms		INSTALLED	INTEL32::LINUX	null
localhost	sleep0ms	/home/skrieder/swift/c/sleep0ms			INSTALLED	INTEL32::LINUX	null
localhost	sleep1ms	/home/skrieder/swift/c/sleep1ms			INSTALLED	INTEL32::LINUX	null
localhost	sleep10ms	/home/skrieder/swift/c/sleep10ms		INSTALLED	INTEL32::LINUX	null
localhost	sleep100ms	/home/skrieder/swift/c/sleep100ms			INSTALLED	INTEL32::LINUX	null
localhost	sleep1000ms	/home/skrieder/swift/c/sleep1000ms			INSTALLED	INTEL32::LINUX	null
localhost	sleep10000ms	/home/skrieder/swift/c/sleep10000ms			INSTALLED	INTEL32::LINUX	null
localhost	hello		/home/skrieder/swift/multi/hello			INSTALLED	INTEL32::LINUX	null


2012-06-08 12:05:23,741-0500 DEBUG textfiles END TC:
2012-06-08 12:05:23,764-0500 INFO  GridExec TASK_DEFINITION: Task(type=JOB_SUBMISSION, identity=urn:0-1-0-1-1-1339175122747) is /bin/bash shared/_swiftwrap sh-4e6kghsk -jobdir 4 -scratch  -e /bin/wc -out _concurrent/c-6ce5f8ea-d839-45aa-a3da-0fa2100c7a37-1-0 -err stderr.txt -i -d _concurrent -if a1sm1ms -of _concurrent/c-6ce5f8ea-d839-45aa-a3da-0fa2100c7a37-1-0 -k  -cdmfile  -status files -a a1sm1ms
2012-06-08 12:05:23,764-0500 INFO  GridExec TASK_DEFINITION: Task(type=JOB_SUBMISSION, identity=urn:0-1-1-1-1-1339175122748) is /bin/bash shared/_swiftwrap sh-5e6kghsk -jobdir 5 -scratch  -e /bin/wc -out _concurrent/c-6ce5f8ea-d839-45aa-a3da-0fa2100c7a37-1-1 -err stderr.txt -i -d _concurrent -if b1sm1ms -of _concurrent/c-6ce5f8ea-d839-45aa-a3da-0fa2100c7a37-1-1 -k  -cdmfile  -status files -a b1sm1ms
2012-06-08 12:05:23,781-0500 INFO  JobSubmissionTaskHandler Submit: in: /var/tmp/3inloop-20120608-1205-ag6ro7o8 command: /bin/bash /var/tmp/3inloop-20120608-1205-ag6ro7o8/shared/_swiftwrap sh-5e6kghsk -jobdir 5 -scratch  -e /bin/wc -out _concurrent/c-6ce5f8ea-d839-45aa-a3da-0fa2100c7a37-1-1 -err stderr.txt -i -d _concurrent -if b1sm1ms -of _concurrent/c-6ce5f8ea-d839-45aa-a3da-0fa2100c7a37-1-1 -k  -cdmfile  -status files -a b1sm1ms
2012-06-08 12:05:23,781-0500 INFO  JobSubmissionTaskHandler Submit: in: /var/tmp/3inloop-20120608-1205-ag6ro7o8 command: /bin/bash /var/tmp/3inloop-20120608-1205-ag6ro7o8/shared/_swiftwrap sh-4e6kghsk -jobdir 4 -scratch  -e /bin/wc -out _concurrent/c-6ce5f8ea-d839-45aa-a3da-0fa2100c7a37-1-0 -err stderr.txt -i -d _concurrent -if a1sm1ms -of _concurrent/c-6ce5f8ea-d839-45aa-a3da-0fa2100c7a37-1-0 -k  -cdmfile  -status files -a a1sm1ms
2012-06-08 12:05:23,915-0500 INFO  LateBindingScheduler JobQueue: 1
2012-06-08 12:05:23,915-0500 INFO  LateBindingScheduler JobQueue: 1
2012-06-08 12:05:23,921-0500 DEBUG vdl:checkjobstatus START jobid=sh-4e6kghsk
2012-06-08 12:05:23,921-0500 DEBUG vdl:checkjobstatus START jobid=sh-5e6kghsk
2012-06-08 12:05:23,934-0500 INFO  LateBindingScheduler JobQueue: 1
2012-06-08 12:05:23,935-0500 INFO  LateBindingScheduler JobQueue: 1
2012-06-08 12:05:23,937-0500 INFO  vdl:checkerrorfile FAILURE jobid=sh-5e6kghsk - Failure file found
2012-06-08 12:05:23,937-0500 INFO  vdl:checkerrorfile FAILURE jobid=sh-4e6kghsk - Failure file found
2012-06-08 12:05:23,940-0500 INFO  LateBindingScheduler JobQueue: 1
2012-06-08 12:05:23,941-0500 INFO  LateBindingScheduler JobQueue: 1
2012-06-08 12:05:23,945-0500 INFO  LateBindingScheduler JobQueue: 1
2012-06-08 12:05:23,945-0500 INFO  LateBindingScheduler JobQueue: 1
2012-06-08 12:05:23,947-0500 INFO  LateBindingScheduler JobQueue: 1
2012-06-08 12:05:23,948-0500 INFO  LateBindingScheduler JobQueue: 1
2012-06-08 12:05:23,951-0500 DEBUG vdl:execute2 STAGING_OUT jobid=sh-4e6kghsk
2012-06-08 12:05:23,951-0500 DEBUG vdl:execute2 STAGING_OUT jobid=sh-5e6kghsk
2012-06-08 12:05:23,955-0500 INFO  vdl:dostageout START jobid=sh-5e6kghsk - Staging out files
2012-06-08 12:05:23,955-0500 INFO  vdl:dostageout START jobid=sh-4e6kghsk - Staging out files
2012-06-08 12:05:23,956-0500 DEBUG vdl:dostageout stageouts: [[$, c:messagefile - Open]]
2012-06-08 12:05:23,956-0500 DEBUG vdl:dostageout stageouts: [[$, c:messagefile - Open]]
2012-06-08 12:05:23,977-0500 DEBUG vdl:dostageout FILE_STAGE_OUT_START srcname=c-6ce5f8ea-d839-45aa-a3da-0fa2100c7a37-1-1 srcdir=3inloop-20120608-1205-ag6ro7o8/shared/_concurrent srchost=localhost destdir=_concurrent desthost=localhost provider=file
2012-06-08 12:05:23,977-0500 DEBUG vdl:dostageout FILE_STAGE_OUT_START srcname=c-6ce5f8ea-d839-45aa-a3da-0fa2100c7a37-1-0 srcdir=3inloop-20120608-1205-ag6ro7o8/shared/_concurrent srchost=localhost destdir=_concurrent desthost=localhost provider=file
2012-06-08 12:05:23,980-0500 INFO  LateBindingScheduler JobQueue: 1
2012-06-08 12:05:23,980-0500 INFO  LateBindingScheduler JobQueue: 1
2012-06-08 12:05:24,011-0500 INFO  LateBindingScheduler JobQueue: 1
2012-06-08 12:05:24,011-0500 INFO  LateBindingScheduler JobQueue: 1
2012-06-08 12:05:24,013-0500 INFO  vdl:checkerrorfile NO_STATUS_FILE jobid=sh-5e6kghsk - Error file missing
2012-06-08 12:05:24,013-0500 INFO  vdl:checkerrorfile NO_STATUS_FILE jobid=sh-4e6kghsk - Error file missing
2012-06-08 12:05:24,018-0500 DEBUG vdl:execute2 APPLICATION_EXCEPTION jobid=sh-5e6kghsk - Application exception: null
Caused by: org.globus.cog.abstraction.impl.file.FileNotFoundException: File not found: /var/tmp/3inloop-20120608-1205-ag6ro7o8/shared/_concurrent/c-6ce5f8ea-d839-45aa-a3da-0fa2100c7a37-1-1
2012-06-08 12:05:24,018-0500 DEBUG vdl:execute2 APPLICATION_EXCEPTION jobid=sh-4e6kghsk - Application exception: null
Caused by: org.globus.cog.abstraction.impl.file.FileNotFoundException: File not found: /var/tmp/3inloop-20120608-1205-ag6ro7o8/shared/_concurrent/c-6ce5f8ea-d839-45aa-a3da-0fa2100c7a37-1-0
2012-06-08 12:05:24,063-0500 INFO  LateBindingScheduler JobQueue: 1
2012-06-08 12:05:24,063-0500 INFO  LateBindingScheduler JobQueue: 1
2012-06-08 12:05:24,085-0500 INFO  WeightedHostScoreScheduler CONTACT_SELECTED host=localhost, score=99.853
2012-06-08 12:05:24,086-0500 INFO  WeightedHostScoreScheduler CONTACT_SELECTED host=localhost, score=99.853
2012-06-08 12:05:24,091-0500 DEBUG vdl:execute2 THREAD_ASSOCIATION jobid=sh-8e6kghsk thread=0-1-2-1-1 host=localhost replicationGroup=1e6kghsk
2012-06-08 12:05:24,092-0500 DEBUG vdl:execute2 THREAD_ASSOCIATION jobid=sh-9e6kghsk thread=0-1-1-1-1 host=localhost replicationGroup=6e6kghsk
2012-06-08 12:05:24,101-0500 INFO  vdl:createdirset START jobid=sh-8e6kghsk host=localhost - Initializing directory structure
2012-06-08 12:05:24,102-0500 INFO  vdl:createdirset END jobid=sh-8e6kghsk - Done initializing directory structure
2012-06-08 12:05:24,103-0500 INFO  vdl:createdirset START jobid=sh-9e6kghsk host=localhost - Initializing directory structure
2012-06-08 12:05:24,104-0500 INFO  vdl:dostagein START jobid=sh-8e6kghsk - Staging in files
2012-06-08 12:05:24,105-0500 INFO  vdl:createdirset END jobid=sh-9e6kghsk - Done initializing directory structure
2012-06-08 12:05:24,107-0500 INFO  vdl:dostagein START jobid=sh-9e6kghsk - Staging in files
2012-06-08 12:05:24,112-0500 INFO  LateBindingScheduler JobQueue: 1
2012-06-08 12:05:24,113-0500 DEBUG vdl:dostagein CDM: file://localhost/c1sm1ms : DEFAULT
2012-06-08 12:05:24,114-0500 INFO  LateBindingScheduler JobQueue: 1
2012-06-08 12:05:24,116-0500 DEBUG vdl:dostagein CDM: file://localhost/b1sm1ms : DEFAULT
2012-06-08 12:05:24,118-0500 DEBUG vdl:dostageinfile FILE_STAGE_IN_START file=c1sm1ms srchost=localhost srcdir= srcname=c1sm1ms desthost=localhost destdir=3inloop-20120608-1205-ag6ro7o8/shared/ provider=file policy=DEFAULT
2012-06-08 12:05:24,119-0500 INFO  vdl:dostagein END jobid=sh-9e6kghsk - Staging in finished
2012-06-08 12:05:24,121-0500 DEBUG vdl:execute2 JOB_START jobid=sh-9e6kghsk tr=sh arguments=[b1sm1ms] tmpdir=3inloop-20120608-1205-ag6ro7o8/jobs/9/sh-9e6kghsk host=localhost
2012-06-08 12:05:24,124-0500 INFO  LateBindingScheduler JobQueue: 1
2012-06-08 12:05:24,125-0500 DEBUG vdl:dostageinfile FILE_STAGE_IN_END file=c1sm1ms srchost=localhost srcdir= srcname=c1sm1ms desthost=localhost destdir=3inloop-20120608-1205-ag6ro7o8/shared/ provider=file
2012-06-08 12:05:24,126-0500 INFO  vdl:dostagein END jobid=sh-8e6kghsk - Staging in finished
2012-06-08 12:05:24,129-0500 DEBUG vdl:execute2 JOB_START jobid=sh-8e6kghsk tr=sh arguments=[c1sm1ms] tmpdir=3inloop-20120608-1205-ag6ro7o8/jobs/8/sh-8e6kghsk host=localhost
2012-06-08 12:05:24,133-0500 INFO  GridExec TASK_DEFINITION: Task(type=JOB_SUBMISSION, identity=urn:0-1-1-1-1-1339175122834) is /bin/bash shared/_swiftwrap sh-9e6kghsk -jobdir 9 -scratch  -e /bin/wc -out _concurrent/c-6ce5f8ea-d839-45aa-a3da-0fa2100c7a37-1-1 -err stderr.txt -i -d _concurrent -if b1sm1ms -of _concurrent/c-6ce5f8ea-d839-45aa-a3da-0fa2100c7a37-1-1 -k  -cdmfile  -status files -a b1sm1ms
2012-06-08 12:05:24,133-0500 INFO  JobSubmissionTaskHandler Submit: in: /var/tmp/3inloop-20120608-1205-ag6ro7o8 command: /bin/bash /var/tmp/3inloop-20120608-1205-ag6ro7o8/shared/_swiftwrap sh-9e6kghsk -jobdir 9 -scratch  -e /bin/wc -out _concurrent/c-6ce5f8ea-d839-45aa-a3da-0fa2100c7a37-1-1 -err stderr.txt -i -d _concurrent -if b1sm1ms -of _concurrent/c-6ce5f8ea-d839-45aa-a3da-0fa2100c7a37-1-1 -k  -cdmfile  -status files -a b1sm1ms
2012-06-08 12:05:24,142-0500 INFO  GridExec TASK_DEFINITION: Task(type=JOB_SUBMISSION, identity=urn:0-1-2-1-1-1339175122836) is /bin/bash shared/_swiftwrap sh-8e6kghsk -jobdir 8 -scratch  -e /bin/wc -out _concurrent/c-6ce5f8ea-d839-45aa-a3da-0fa2100c7a37-1-2 -err stderr.txt -i -d _concurrent -if c1sm1ms -of _concurrent/c-6ce5f8ea-d839-45aa-a3da-0fa2100c7a37-1-2 -k  -cdmfile  -status files -a c1sm1ms
2012-06-08 12:05:24,142-0500 INFO  JobSubmissionTaskHandler Submit: in: /var/tmp/3inloop-20120608-1205-ag6ro7o8 command: /bin/bash /var/tmp/3inloop-20120608-1205-ag6ro7o8/shared/_swiftwrap sh-8e6kghsk -jobdir 8 -scratch  -e /bin/wc -out _concurrent/c-6ce5f8ea-d839-45aa-a3da-0fa2100c7a37-1-2 -err stderr.txt -i -d _concurrent -if c1sm1ms -of _concurrent/c-6ce5f8ea-d839-45aa-a3da-0fa2100c7a37-1-2 -k  -cdmfile  -status files -a c1sm1ms
2012-06-08 12:05:24,257-0500 INFO  LateBindingScheduler JobQueue: 1
2012-06-08 12:05:24,261-0500 DEBUG vdl:checkjobstatus START jobid=sh-9e6kghsk
2012-06-08 12:05:24,266-0500 INFO  LateBindingScheduler JobQueue: 1
2012-06-08 12:05:24,268-0500 INFO  LateBindingScheduler JobQueue: 1
2012-06-08 12:05:24,269-0500 DEBUG vdl:checkjobstatus START jobid=sh-8e6kghsk
2012-06-08 12:05:24,269-0500 INFO  vdl:checkerrorfile FAILURE jobid=sh-9e6kghsk - Failure file found
2012-06-08 12:05:24,273-0500 INFO  LateBindingScheduler JobQueue: 1
2012-06-08 12:05:24,276-0500 INFO  LateBindingScheduler JobQueue: 2
2012-06-08 12:05:24,277-0500 INFO  LateBindingScheduler JobQueue: 1
2012-06-08 12:05:24,277-0500 INFO  LateBindingScheduler JobQueue: 1
2012-06-08 12:05:24,278-0500 INFO  vdl:checkerrorfile FAILURE jobid=sh-8e6kghsk - Failure file found
2012-06-08 12:05:24,280-0500 DEBUG vdl:execute2 STAGING_OUT jobid=sh-9e6kghsk
2012-06-08 12:05:24,281-0500 INFO  vdl:dostageout START jobid=sh-9e6kghsk - Staging out files
2012-06-08 12:05:24,282-0500 INFO  LateBindingScheduler JobQueue: 1
2012-06-08 12:05:24,282-0500 DEBUG vdl:dostageout stageouts: [[$, c:messagefile - Open]]
2012-06-08 12:05:24,286-0500 INFO  LateBindingScheduler JobQueue: 1
2012-06-08 12:05:24,286-0500 INFO  LateBindingScheduler JobQueue: 1
2012-06-08 12:05:24,289-0500 DEBUG vdl:execute2 STAGING_OUT jobid=sh-8e6kghsk
2012-06-08 12:05:24,290-0500 DEBUG vdl:dostageout FILE_STAGE_OUT_START srcname=c-6ce5f8ea-d839-45aa-a3da-0fa2100c7a37-1-1 srcdir=3inloop-20120608-1205-ag6ro7o8/shared/_concurrent srchost=localhost destdir=_concurrent desthost=localhost provider=file
2012-06-08 12:05:24,291-0500 INFO  vdl:dostageout START jobid=sh-8e6kghsk - Staging out files
2012-06-08 12:05:24,292-0500 DEBUG vdl:dostageout stageouts: [[$, c:messagefile - Open]]
2012-06-08 12:05:24,292-0500 INFO  LateBindingScheduler JobQueue: 1
2012-06-08 12:05:24,299-0500 DEBUG vdl:dostageout FILE_STAGE_OUT_START srcname=c-6ce5f8ea-d839-45aa-a3da-0fa2100c7a37-1-2 srcdir=3inloop-20120608-1205-ag6ro7o8/shared/_concurrent srchost=localhost destdir=_concurrent desthost=localhost provider=file
2012-06-08 12:05:24,301-0500 INFO  LateBindingScheduler JobQueue: 1
2012-06-08 12:05:24,313-0500 INFO  LateBindingScheduler JobQueue: 1
2012-06-08 12:05:24,315-0500 INFO  vdl:checkerrorfile NO_STATUS_FILE jobid=sh-9e6kghsk - Error file missing
2012-06-08 12:05:24,317-0500 DEBUG vdl:execute2 APPLICATION_EXCEPTION jobid=sh-9e6kghsk - Application exception: null
Caused by: org.globus.cog.abstraction.impl.file.FileNotFoundException: File not found: /var/tmp/3inloop-20120608-1205-ag6ro7o8/shared/_concurrent/c-6ce5f8ea-d839-45aa-a3da-0fa2100c7a37-1-1
2012-06-08 12:05:24,322-0500 INFO  LateBindingScheduler JobQueue: 1
2012-06-08 12:05:24,323-0500 INFO  vdl:checkerrorfile NO_STATUS_FILE jobid=sh-8e6kghsk - Error file missing
2012-06-08 12:05:24,325-0500 DEBUG vdl:execute2 APPLICATION_EXCEPTION jobid=sh-8e6kghsk - Application exception: null
Caused by: org.globus.cog.abstraction.impl.file.FileNotFoundException: File not found: /var/tmp/3inloop-20120608-1205-ag6ro7o8/shared/_concurrent/c-6ce5f8ea-d839-45aa-a3da-0fa2100c7a37-1-2
2012-06-08 12:05:24,350-0500 INFO  LateBindingScheduler JobQueue: 1
2012-06-08 12:05:24,356-0500 INFO  LateBindingScheduler JobQueue: 1
2012-06-08 12:05:24,356-0500 INFO  WeightedHostScoreScheduler CONTACT_SELECTED host=localhost, score=99.853
2012-06-08 12:05:24,363-0500 DEBUG vdl:execute2 THREAD_ASSOCIATION jobid=sh-be6kghsk thread=0-1-0-1-1 host=localhost replicationGroup=7e6kghsk
2012-06-08 12:05:24,365-0500 INFO  WeightedHostScoreScheduler CONTACT_SELECTED host=localhost, score=99.853
2012-06-08 12:05:24,371-0500 DEBUG vdl:execute2 THREAD_ASSOCIATION jobid=sh-de6kghsk thread=0-1-1-1-1 host=localhost replicationGroup=ae6kghsk
2012-06-08 12:05:24,373-0500 INFO  vdl:createdirset START jobid=sh-be6kghsk host=localhost - Initializing directory structure
2012-06-08 12:05:24,375-0500 INFO  vdl:createdirset END jobid=sh-be6kghsk - Done initializing directory structure
2012-06-08 12:05:24,377-0500 INFO  vdl:dostagein START jobid=sh-be6kghsk - Staging in files
2012-06-08 12:05:24,381-0500 INFO  vdl:createdirset START jobid=sh-de6kghsk host=localhost - Initializing directory structure
2012-06-08 12:05:24,383-0500 INFO  vdl:createdirset END jobid=sh-de6kghsk - Done initializing directory structure
2012-06-08 12:05:24,384-0500 INFO  LateBindingScheduler JobQueue: 1
2012-06-08 12:05:24,385-0500 INFO  vdl:dostagein START jobid=sh-de6kghsk - Staging in files
2012-06-08 12:05:24,385-0500 DEBUG vdl:dostagein CDM: file://localhost/a1sm1ms : DEFAULT
2012-06-08 12:05:24,389-0500 INFO  vdl:dostagein END jobid=sh-be6kghsk - Staging in finished
2012-06-08 12:05:24,391-0500 DEBUG vdl:execute2 JOB_START jobid=sh-be6kghsk tr=sh arguments=[a1sm1ms] tmpdir=3inloop-20120608-1205-ag6ro7o8/jobs/b/sh-be6kghsk host=localhost
2012-06-08 12:05:24,392-0500 INFO  LateBindingScheduler JobQueue: 1
2012-06-08 12:05:24,393-0500 DEBUG vdl:dostagein CDM: file://localhost/b1sm1ms : DEFAULT
2012-06-08 12:05:24,397-0500 INFO  vdl:dostagein END jobid=sh-de6kghsk - Staging in finished
2012-06-08 12:05:24,399-0500 DEBUG vdl:execute2 JOB_START jobid=sh-de6kghsk tr=sh arguments=[b1sm1ms] tmpdir=3inloop-20120608-1205-ag6ro7o8/jobs/d/sh-de6kghsk host=localhost
2012-06-08 12:05:24,401-0500 INFO  GridExec TASK_DEFINITION: Task(type=JOB_SUBMISSION, identity=urn:0-1-0-1-1-1339175122918) is /bin/bash shared/_swiftwrap sh-be6kghsk -jobdir b -scratch  -e /bin/wc -out _concurrent/c-6ce5f8ea-d839-45aa-a3da-0fa2100c7a37-1-0 -err stderr.txt -i -d _concurrent -if a1sm1ms -of _concurrent/c-6ce5f8ea-d839-45aa-a3da-0fa2100c7a37-1-0 -k  -cdmfile  -status files -a a1sm1ms
2012-06-08 12:05:24,402-0500 INFO  JobSubmissionTaskHandler Submit: in: /var/tmp/3inloop-20120608-1205-ag6ro7o8 command: /bin/bash /var/tmp/3inloop-20120608-1205-ag6ro7o8/shared/_swiftwrap sh-be6kghsk -jobdir b -scratch  -e /bin/wc -out _concurrent/c-6ce5f8ea-d839-45aa-a3da-0fa2100c7a37-1-0 -err stderr.txt -i -d _concurrent -if a1sm1ms -of _concurrent/c-6ce5f8ea-d839-45aa-a3da-0fa2100c7a37-1-0 -k  -cdmfile  -status files -a a1sm1ms
2012-06-08 12:05:24,410-0500 INFO  GridExec TASK_DEFINITION: Task(type=JOB_SUBMISSION, identity=urn:0-1-1-1-1-1339175122920) is /bin/bash shared/_swiftwrap sh-de6kghsk -jobdir d -scratch  -e /bin/wc -out _concurrent/c-6ce5f8ea-d839-45aa-a3da-0fa2100c7a37-1-1 -err stderr.txt -i -d _concurrent -if b1sm1ms -of _concurrent/c-6ce5f8ea-d839-45aa-a3da-0fa2100c7a37-1-1 -k  -cdmfile  -status files -a b1sm1ms
2012-06-08 12:05:24,411-0500 INFO  JobSubmissionTaskHandler Submit: in: /var/tmp/3inloop-20120608-1205-ag6ro7o8 command: /bin/bash /var/tmp/3inloop-20120608-1205-ag6ro7o8/shared/_swiftwrap sh-de6kghsk -jobdir d -scratch  -e /bin/wc -out _concurrent/c-6ce5f8ea-d839-45aa-a3da-0fa2100c7a37-1-1 -err stderr.txt -i -d _concurrent -if b1sm1ms -of _concurrent/c-6ce5f8ea-d839-45aa-a3da-0fa2100c7a37-1-1 -k  -cdmfile  -status files -a b1sm1ms
2012-06-08 12:05:24,535-0500 INFO  LateBindingScheduler JobQueue: 1
2012-06-08 12:05:24,539-0500 DEBUG vdl:checkjobstatus START jobid=sh-de6kghsk
2012-06-08 12:05:24,546-0500 INFO  LateBindingScheduler JobQueue: 1
2012-06-08 12:05:24,546-0500 INFO  LateBindingScheduler JobQueue: 1
2012-06-08 12:05:24,547-0500 INFO  vdl:checkerrorfile FAILURE jobid=sh-de6kghsk - Failure file found
2012-06-08 12:05:24,574-0500 DEBUG vdl:checkjobstatus START jobid=sh-be6kghsk
2012-06-08 12:05:24,575-0500 INFO  LateBindingScheduler JobQueue: 1
2012-06-08 12:05:24,576-0500 INFO  LateBindingScheduler JobQueue: 1
2012-06-08 12:05:24,577-0500 INFO  LateBindingScheduler JobQueue: 1
2012-06-08 12:05:24,577-0500 INFO  LateBindingScheduler JobQueue: 1
2012-06-08 12:05:24,578-0500 INFO  vdl:checkerrorfile FAILURE jobid=sh-be6kghsk - Failure file found
2012-06-08 12:05:24,578-0500 DEBUG vdl:execute2 STAGING_OUT jobid=sh-de6kghsk
2012-06-08 12:05:24,579-0500 INFO  vdl:dostageout START jobid=sh-de6kghsk - Staging out files
2012-06-08 12:05:24,579-0500 DEBUG vdl:dostageout stageouts: [[$, c:messagefile - Open]]
2012-06-08 12:05:24,579-0500 INFO  LateBindingScheduler JobQueue: 1
2012-06-08 12:05:24,580-0500 INFO  LateBindingScheduler JobQueue: 1
2012-06-08 12:05:24,581-0500 INFO  LateBindingScheduler JobQueue: 1
2012-06-08 12:05:24,581-0500 DEBUG vdl:dostageout FILE_STAGE_OUT_START srcname=c-6ce5f8ea-d839-45aa-a3da-0fa2100c7a37-1-1 srcdir=3inloop-20120608-1205-ag6ro7o8/shared/_concurrent srchost=localhost destdir=_concurrent desthost=localhost provider=file
2012-06-08 12:05:24,581-0500 DEBUG vdl:execute2 STAGING_OUT jobid=sh-be6kghsk
2012-06-08 12:05:24,582-0500 INFO  LateBindingScheduler JobQueue: 1
2012-06-08 12:05:24,582-0500 INFO  vdl:dostageout START jobid=sh-be6kghsk - Staging out files
2012-06-08 12:05:24,583-0500 DEBUG vdl:dostageout stageouts: [[$, c:messagefile - Open]]
2012-06-08 12:05:24,585-0500 DEBUG vdl:dostageout FILE_STAGE_OUT_START srcname=c-6ce5f8ea-d839-45aa-a3da-0fa2100c7a37-1-0 srcdir=3inloop-20120608-1205-ag6ro7o8/shared/_concurrent srchost=localhost destdir=_concurrent desthost=localhost provider=file
2012-06-08 12:05:24,585-0500 INFO  LateBindingScheduler JobQueue: 1
2012-06-08 12:05:24,591-0500 INFO  LateBindingScheduler JobQueue: 1
2012-06-08 12:05:24,592-0500 INFO  vdl:checkerrorfile NO_STATUS_FILE jobid=sh-de6kghsk - Error file missing
2012-06-08 12:05:24,593-0500 DEBUG vdl:execute2 APPLICATION_EXCEPTION jobid=sh-de6kghsk - Application exception: null
Caused by: org.globus.cog.abstraction.impl.file.FileNotFoundException: File not found: /var/tmp/3inloop-20120608-1205-ag6ro7o8/shared/_concurrent/c-6ce5f8ea-d839-45aa-a3da-0fa2100c7a37-1-1
2012-06-08 12:05:24,595-0500 INFO  LateBindingScheduler JobQueue: 1
2012-06-08 12:05:24,595-0500 INFO  vdl:checkerrorfile NO_STATUS_FILE jobid=sh-be6kghsk - Error file missing
2012-06-08 12:05:24,596-0500 DEBUG vdl:execute2 APPLICATION_EXCEPTION jobid=sh-be6kghsk - Application exception: null
Caused by: org.globus.cog.abstraction.impl.file.FileNotFoundException: File not found: /var/tmp/3inloop-20120608-1205-ag6ro7o8/shared/_concurrent/c-6ce5f8ea-d839-45aa-a3da-0fa2100c7a37-1-0
2012-06-08 12:05:24,608-0500 INFO  LateBindingScheduler JobQueue: 1
2012-06-08 12:05:24,610-0500 INFO  LateBindingScheduler JobQueue: 1
2012-06-08 12:05:24,611-0500 INFO  WeightedHostScoreScheduler CONTACT_SELECTED host=localhost, score=99.853
2012-06-08 12:05:24,612-0500 INFO  vdl:execute END_FAILURE thread=0-1-1-1 tr=sh
2012-06-08 12:05:24,613-0500 DEBUG vdl:execute2 THREAD_ASSOCIATION jobid=sh-ee6kghsk thread=0-1-2-1-1 host=localhost replicationGroup=ce6kghsk
2012-06-08 12:05:24,616-0500 INFO  WeightedHostScoreScheduler CONTACT_SELECTED host=localhost, score=99.853
2012-06-08 12:05:24,617-0500 INFO  vdl:createdirset START jobid=sh-ee6kghsk host=localhost - Initializing directory structure
2012-06-08 12:05:24,617-0500 INFO  vdl:createdirset END jobid=sh-ee6kghsk - Done initializing directory structure
2012-06-08 12:05:24,618-0500 DEBUG vdl:execute2 THREAD_ASSOCIATION jobid=sh-ge6kghsk thread=0-1-0-1-1 host=localhost replicationGroup=fe6kghsk
2012-06-08 12:05:24,618-0500 INFO  vdl:dostagein START jobid=sh-ee6kghsk - Staging in files
2012-06-08 12:05:24,618-0500 DEBUG VDL2ExecutionContext Exception in sh:
Arguments: [b1sm1ms]
Host: localhost
Directory: 3inloop-20120608-1205-ag6ro7o8/jobs/d/sh-de6kghsk
stderr.txt: 

stdout.txt: 

----

Exception in sh:
Arguments: [b1sm1ms]
Host: localhost
Directory: 3inloop-20120608-1205-ag6ro7o8/jobs/d/sh-de6kghsk
stderr.txt: 

stdout.txt: 

----

Caused by: null
Caused by: org.globus.cog.abstraction.impl.file.FileNotFoundException: File not found: /var/tmp/3inloop-20120608-1205-ag6ro7o8/shared/_concurrent/c-6ce5f8ea-d839-45aa-a3da-0fa2100c7a37-1-1
	at org.globus.cog.karajan.workflow.nodes.functions.KException.function(KException.java:29)
	at org.globus.cog.karajan.workflow.nodes.functions.AbstractFunction.post(AbstractFunction.java:27)
	at org.globus.cog.karajan.workflow.nodes.AbstractSequentialWithArguments.completed(AbstractSequentialWithArguments.java:194)
	at org.globus.cog.karajan.workflow.nodes.FlowNode.complete(FlowNode.java:214)
	at org.globus.cog.karajan.workflow.nodes.FlowContainer.post(FlowContainer.java:58)
	at org.globus.cog.karajan.workflow.nodes.functions.AbstractFunction.post(AbstractFunction.java:28)
	at org.globus.cog.karajan.workflow.nodes.Sequential.startNext(Sequential.java:29)
	at org.globus.cog.karajan.workflow.nodes.Sequential.executeChildren(Sequential.java:20)
	at org.globus.cog.karajan.workflow.nodes.FlowContainer.execute(FlowContainer.java:63)
	at org.globus.cog.karajan.workflow.nodes.FlowNode.restart(FlowNode.java:139)
	at org.globus.cog.karajan.workflow.nodes.FlowNode.start(FlowNode.java:197)
	at org.globus.cog.karajan.workflow.events.EventBus.start(EventBus.java:104)
	at org.globus.cog.karajan.workflow.events.EventTargetPair.run(EventTargetPair.java:40)
	at java.util.concurrent.Executors$RunnableAdapter.call(Executors.java:471)
	at java.util.concurrent.FutureTask$Sync.innerRun(FutureTask.java:334)
	at java.util.concurrent.FutureTask.run(FutureTask.java:166)
	at java.util.concurrent.ThreadPoolExecutor.runWorker(ThreadPoolExecutor.java:1110)
	at java.util.concurrent.ThreadPoolExecutor$Worker.run(ThreadPoolExecutor.java:603)
	at java.lang.Thread.run(Thread.java:722)
Caused by: null
Caused by: org.globus.cog.abstraction.impl.file.FileNotFoundException: File not found: /var/tmp/3inloop-20120608-1205-ag6ro7o8/shared/_concurrent/c-6ce5f8ea-d839-45aa-a3da-0fa2100c7a37-1-1
	at org.globus.cog.karajan.workflow.nodes.FlowNode.failImmediately(FlowNode.java:101)
	at org.globus.cog.karajan.workflow.nodes.grid.AbstractGridNode$1.run(AbstractGridNode.java:308)
	... 6 more
Caused by: org.globus.cog.abstraction.impl.file.FileNotFoundException: File not found: /var/tmp/3inloop-20120608-1205-ag6ro7o8/shared/_concurrent/c-6ce5f8ea-d839-45aa-a3da-0fa2100c7a37-1-1
	at org.globus.cog.abstraction.impl.file.local.FileResourceImpl.getFile(FileResourceImpl.java:225)
	at org.globus.cog.abstraction.impl.file.local.FileResourceImpl.putFile(FileResourceImpl.java:286)
	at org.globus.cog.abstraction.impl.file.AbstractFileResource.putFile(AbstractFileResource.java:152)
	at org.globus.cog.abstraction.impl.fileTransfer.DelegatedFileTransferHandler.doDestination(DelegatedFileTransferHandler.java:314)
	at org.globus.cog.abstraction.impl.fileTransfer.CachingDelegatedFileTransferHandler.doDestination(CachingDelegatedFileTransferHandler.java:46)
	at org.globus.cog.abstraction.impl.fileTransfer.DelegatedFileTransferHandler.run(DelegatedFileTransferHandler.java:487)
	... 1 more
2012-06-08 12:05:24,621-0500 INFO  vdl:createdirset START jobid=sh-ge6kghsk host=localhost - Initializing directory structure
2012-06-08 12:05:24,620-0500 INFO  LateBindingScheduler JobQueue: 0
2012-06-08 12:05:24,627-0500 INFO  vdl:createdirset END jobid=sh-ge6kghsk - Done initializing directory structure
2012-06-08 12:05:24,627-0500 DEBUG vdl:dostagein CDM: file://localhost/c1sm1ms : DEFAULT
2012-06-08 12:05:24,628-0500 INFO  vdl:dostagein START jobid=sh-ge6kghsk - Staging in files
2012-06-08 12:05:24,629-0500 INFO  vdl:dostagein END jobid=sh-ee6kghsk - Staging in finished
2012-06-08 12:05:24,629-0500 DEBUG vdl:execute2 JOB_START jobid=sh-ee6kghsk tr=sh arguments=[c1sm1ms] tmpdir=3inloop-20120608-1205-ag6ro7o8/jobs/e/sh-ee6kghsk host=localhost
2012-06-08 12:05:24,631-0500 INFO  LateBindingScheduler JobQueue: 0
2012-06-08 12:05:24,632-0500 INFO  GridExec TASK_DEFINITION: Task(type=JOB_SUBMISSION, identity=urn:0-1-2-1-1-1339175123001) is /bin/bash shared/_swiftwrap sh-ee6kghsk -jobdir e -scratch  -e /bin/wc -out _concurrent/c-6ce5f8ea-d839-45aa-a3da-0fa2100c7a37-1-2 -err stderr.txt -i -d _concurrent -if c1sm1ms -of _concurrent/c-6ce5f8ea-d839-45aa-a3da-0fa2100c7a37-1-2 -k  -cdmfile  -status files -a c1sm1ms
2012-06-08 12:05:24,632-0500 DEBUG vdl:dostagein CDM: file://localhost/a1sm1ms : DEFAULT
2012-06-08 12:05:24,633-0500 INFO  JobSubmissionTaskHandler Submit: in: /var/tmp/3inloop-20120608-1205-ag6ro7o8 command: /bin/bash /var/tmp/3inloop-20120608-1205-ag6ro7o8/shared/_swiftwrap sh-ee6kghsk -jobdir e -scratch  -e /bin/wc -out _concurrent/c-6ce5f8ea-d839-45aa-a3da-0fa2100c7a37-1-2 -err stderr.txt -i -d _concurrent -if c1sm1ms -of _concurrent/c-6ce5f8ea-d839-45aa-a3da-0fa2100c7a37-1-2 -k  -cdmfile  -status files -a c1sm1ms
2012-06-08 12:05:24,633-0500 INFO  vdl:dostagein END jobid=sh-ge6kghsk - Staging in finished
2012-06-08 12:05:24,634-0500 DEBUG vdl:execute2 JOB_START jobid=sh-ge6kghsk tr=sh arguments=[a1sm1ms] tmpdir=3inloop-20120608-1205-ag6ro7o8/jobs/g/sh-ge6kghsk host=localhost
2012-06-08 12:05:24,638-0500 INFO  GridExec TASK_DEFINITION: Task(type=JOB_SUBMISSION, identity=urn:0-1-0-1-1-1339175123003) is /bin/bash shared/_swiftwrap sh-ge6kghsk -jobdir g -scratch  -e /bin/wc -out _concurrent/c-6ce5f8ea-d839-45aa-a3da-0fa2100c7a37-1-0 -err stderr.txt -i -d _concurrent -if a1sm1ms -of _concurrent/c-6ce5f8ea-d839-45aa-a3da-0fa2100c7a37-1-0 -k  -cdmfile  -status files -a a1sm1ms
2012-06-08 12:05:24,638-0500 INFO  JobSubmissionTaskHandler Submit: in: /var/tmp/3inloop-20120608-1205-ag6ro7o8 command: /bin/bash /var/tmp/3inloop-20120608-1205-ag6ro7o8/shared/_swiftwrap sh-ge6kghsk -jobdir g -scratch  -e /bin/wc -out _concurrent/c-6ce5f8ea-d839-45aa-a3da-0fa2100c7a37-1-0 -err stderr.txt -i -d _concurrent -if a1sm1ms -of _concurrent/c-6ce5f8ea-d839-45aa-a3da-0fa2100c7a37-1-0 -k  -cdmfile  -status files -a a1sm1ms
2012-06-08 12:05:24,695-0500 INFO  LateBindingScheduler JobQueue: 0
2012-06-08 12:05:24,698-0500 DEBUG vdl:checkjobstatus START jobid=sh-ee6kghsk
2012-06-08 12:05:24,700-0500 INFO  LateBindingScheduler JobQueue: 0
2012-06-08 12:05:24,701-0500 DEBUG vdl:checkjobstatus START jobid=sh-ge6kghsk
2012-06-08 12:05:24,702-0500 INFO  LateBindingScheduler JobQueue: 0
2012-06-08 12:05:24,703-0500 INFO  vdl:checkerrorfile FAILURE jobid=sh-ee6kghsk - Failure file found
2012-06-08 12:05:24,706-0500 INFO  LateBindingScheduler JobQueue: 0
2012-06-08 12:05:24,706-0500 INFO  LateBindingScheduler JobQueue: 0
2012-06-08 12:05:24,707-0500 INFO  vdl:checkerrorfile FAILURE jobid=sh-ge6kghsk - Failure file found
2012-06-08 12:05:24,708-0500 INFO  LateBindingScheduler JobQueue: 2
2012-06-08 12:05:24,710-0500 INFO  LateBindingScheduler JobQueue: 0
2012-06-08 12:05:24,711-0500 INFO  LateBindingScheduler JobQueue: 0
2012-06-08 12:05:24,712-0500 DEBUG vdl:execute2 STAGING_OUT jobid=sh-ee6kghsk
2012-06-08 12:05:24,713-0500 INFO  vdl:dostageout START jobid=sh-ee6kghsk - Staging out files
2012-06-08 12:05:24,713-0500 DEBUG vdl:dostageout stageouts: [[$, c:messagefile - Open]]
2012-06-08 12:05:24,714-0500 INFO  LateBindingScheduler JobQueue: 0
2012-06-08 12:05:24,714-0500 INFO  LateBindingScheduler JobQueue: 0
2012-06-08 12:05:24,716-0500 DEBUG vdl:execute2 STAGING_OUT jobid=sh-ge6kghsk
2012-06-08 12:05:24,717-0500 INFO  vdl:dostageout START jobid=sh-ge6kghsk - Staging out files
2012-06-08 12:05:24,717-0500 DEBUG vdl:dostageout FILE_STAGE_OUT_START srcname=c-6ce5f8ea-d839-45aa-a3da-0fa2100c7a37-1-2 srcdir=3inloop-20120608-1205-ag6ro7o8/shared/_concurrent srchost=localhost destdir=_concurrent desthost=localhost provider=file
2012-06-08 12:05:24,717-0500 DEBUG vdl:dostageout stageouts: [[$, c:messagefile - Open]]
2012-06-08 12:05:24,718-0500 INFO  LateBindingScheduler JobQueue: 0
2012-06-08 12:05:24,721-0500 DEBUG vdl:dostageout FILE_STAGE_OUT_START srcname=c-6ce5f8ea-d839-45aa-a3da-0fa2100c7a37-1-0 srcdir=3inloop-20120608-1205-ag6ro7o8/shared/_concurrent srchost=localhost destdir=_concurrent desthost=localhost provider=file
2012-06-08 12:05:24,722-0500 INFO  LateBindingScheduler JobQueue: 0
2012-06-08 12:05:24,724-0500 INFO  LateBindingScheduler JobQueue: 1
2012-06-08 12:05:24,725-0500 INFO  vdl:checkerrorfile NO_STATUS_FILE jobid=sh-ee6kghsk - Error file missing
2012-06-08 12:05:24,726-0500 DEBUG vdl:execute2 APPLICATION_EXCEPTION jobid=sh-ee6kghsk - Application exception: null
Caused by: org.globus.cog.abstraction.impl.file.FileNotFoundException: File not found: /var/tmp/3inloop-20120608-1205-ag6ro7o8/shared/_concurrent/c-6ce5f8ea-d839-45aa-a3da-0fa2100c7a37-1-2
2012-06-08 12:05:24,730-0500 INFO  LateBindingScheduler JobQueue: 0
2012-06-08 12:05:24,731-0500 INFO  vdl:checkerrorfile NO_STATUS_FILE jobid=sh-ge6kghsk - Error file missing
2012-06-08 12:05:24,732-0500 DEBUG vdl:execute2 APPLICATION_EXCEPTION jobid=sh-ge6kghsk - Application exception: null
Caused by: org.globus.cog.abstraction.impl.file.FileNotFoundException: File not found: /var/tmp/3inloop-20120608-1205-ag6ro7o8/shared/_concurrent/c-6ce5f8ea-d839-45aa-a3da-0fa2100c7a37-1-0
2012-06-08 12:05:24,739-0500 INFO  LateBindingScheduler JobQueue: 0
2012-06-08 12:05:24,744-0500 INFO  WeightedHostScoreScheduler CONTACT_SELECTED host=localhost, score=99.853
2012-06-08 12:05:24,745-0500 INFO  ExecutionContext Detailed exception: 
Exception in sh:
Arguments: [b1sm1ms]
Host: localhost
Directory: 3inloop-20120608-1205-ag6ro7o8/jobs/d/sh-de6kghsk
stderr.txt: 

stdout.txt: 

----

Caused by: null
Caused by: org.globus.cog.abstraction.impl.file.FileNotFoundException: File not found: /var/tmp/3inloop-20120608-1205-ag6ro7o8/shared/_concurrent/c-6ce5f8ea-d839-45aa-a3da-0fa2100c7a37-1-1
	at org.globus.cog.karajan.workflow.nodes.functions.KException.function(KException.java:29)
	at org.globus.cog.karajan.workflow.nodes.functions.AbstractFunction.post(AbstractFunction.java:27)
	at org.globus.cog.karajan.workflow.nodes.AbstractSequentialWithArguments.completed(AbstractSequentialWithArguments.java:194)
	at org.globus.cog.karajan.workflow.nodes.FlowNode.complete(FlowNode.java:214)
	at org.globus.cog.karajan.workflow.nodes.FlowContainer.post(FlowContainer.java:58)
	at org.globus.cog.karajan.workflow.nodes.functions.AbstractFunction.post(AbstractFunction.java:28)
	at org.globus.cog.karajan.workflow.nodes.Sequential.startNext(Sequential.java:29)
	at org.globus.cog.karajan.workflow.nodes.Sequential.executeChildren(Sequential.java:20)
	at org.globus.cog.karajan.workflow.nodes.FlowContainer.execute(FlowContainer.java:63)
	at org.globus.cog.karajan.workflow.nodes.FlowNode.restart(FlowNode.java:139)
	at org.globus.cog.karajan.workflow.nodes.FlowNode.start(FlowNode.java:197)
	at org.globus.cog.karajan.workflow.events.EventBus.start(EventBus.java:104)
	at org.globus.cog.karajan.workflow.events.EventTargetPair.run(EventTargetPair.java:40)
	at java.util.concurrent.Executors$RunnableAdapter.call(Executors.java:471)
	at java.util.concurrent.FutureTask$Sync.innerRun(FutureTask.java:334)
	at java.util.concurrent.FutureTask.run(FutureTask.java:166)
	at java.util.concurrent.ThreadPoolExecutor.runWorker(ThreadPoolExecutor.java:1110)
	at java.util.concurrent.ThreadPoolExecutor$Worker.run(ThreadPoolExecutor.java:603)
	at java.lang.Thread.run(Thread.java:722)
Caused by: null
Caused by: org.globus.cog.abstraction.impl.file.FileNotFoundException: File not found: /var/tmp/3inloop-20120608-1205-ag6ro7o8/shared/_concurrent/c-6ce5f8ea-d839-45aa-a3da-0fa2100c7a37-1-1
	at org.globus.cog.karajan.workflow.nodes.FlowNode.failImmediately(FlowNode.java:101)
	at org.globus.cog.karajan.workflow.nodes.grid.AbstractGridNode$1.run(AbstractGridNode.java:308)
	... 6 more
Caused by: org.globus.cog.abstraction.impl.file.FileNotFoundException: File not found: /var/tmp/3inloop-20120608-1205-ag6ro7o8/shared/_concurrent/c-6ce5f8ea-d839-45aa-a3da-0fa2100c7a37-1-1
	at org.globus.cog.abstraction.impl.file.local.FileResourceImpl.getFile(FileResourceImpl.java:225)
	at org.globus.cog.abstraction.impl.file.local.FileResourceImpl.putFile(FileResourceImpl.java:286)
	at org.globus.cog.abstraction.impl.file.AbstractFileResource.putFile(AbstractFileResource.java:152)
	at org.globus.cog.abstraction.impl.fileTransfer.DelegatedFileTransferHandler.doDestination(DelegatedFileTransferHandler.java:314)
	at org.globus.cog.abstraction.impl.fileTransfer.CachingDelegatedFileTransferHandler.doDestination(CachingDelegatedFileTransferHandler.java:46)
	at org.globus.cog.abstraction.impl.fileTransfer.DelegatedFileTransferHandler.run(DelegatedFileTransferHandler.java:487)
	... 1 more
2012-06-08 12:05:24,746-0500 INFO  Loader Swift finished with errors
2012-06-08 12:05:24,747-0500 DEBUG vdl:execute2 THREAD_ASSOCIATION jobid=sh-ie6kghsk thread=0-1-2-1-1 host=localhost replicationGroup=he6kghsk
