2012-06-06 19:22:14,236-0500 DEBUG Loader arguments: [-tc.file, tc.data, -sites.file, 0-throttle-sites.xml, 3inloop.swift]
2012-06-06 19:22:14,236-0500 DEBUG Loader Max heap: 252248064
2012-06-06 19:22:14,237-0500 DEBUG textfiles BEGIN SWIFTSCRIPT:

type messagefile; 

app (messagefile t) countwords () {   
     a1sm10ms stdout=@filename(t);
}

string outputNames = "test1 test2 test3";

messagefile outputfiles[] <fixed_array_mapper;files=outputNames>;

foreach f,i in outputfiles {
  messagefile c <single_file_mapper; file=@strcat(i, ".result")>;
  c = countwords();
}


2012-06-06 19:22:14,237-0500 DEBUG textfiles END SWIFTSCRIPT:
2012-06-06 19:22:14,237-0500 DEBUG Loader kmlversion is >239b8550-a5ff-44be-a124-5e7ecd70737d<
2012-06-06 19:22:14,237-0500 DEBUG Loader build version is >239b8550-a5ff-44be-a124-5e7ecd70737d<
2012-06-06 19:22:14,238-0500 DEBUG Loader Recompilation suppressed.
2012-06-06 19:22:14,384-0500 DEBUG Loader setting: sites.file to: 0-throttle-sites.xml
2012-06-06 19:22:14,384-0500 DEBUG Loader setting: tc.file to: tc.data
2012-06-06 19:22:14,385-0500 DEBUG textfiles BEGIN SITES:
<config>

  <pool handle="localhost">
    <filesystem provider="local" />
    <execution provider="local" />
    <workdirectory >/var/tmp</workdirectory>
    <profile namespace="karajan" key="jobThrottle">.01</profile>
    <profile namespace="karajan" key="initialScore">10000</profile>
  </pool>

</config>


2012-06-06 19:22:14,385-0500 DEBUG textfiles END SITES:
2012-06-06 19:22:14,389-0500 INFO  VDL2ExecutionContext Stack dump:
Level 1
[iA = 0, iB = 0, bA = false, bB = false]
	vdl:instanceconfig = Swift configuration []
	vdl:operation = run
	swift.home = /usr/local/swift/bin/..
	PATH_SEPARATOR = /


2012-06-06 19:22:15,054-0500 INFO  unknown Using sites file: 0-throttle-sites.xml
2012-06-06 19:22:15,102-0500 INFO  unknown Using tc.data: tc.data
2012-06-06 19:22:15,222-0500 INFO  AbstractScheduler Setting resources to: {localhost=localhost}
2012-06-06 19:22:15,977-0500 INFO  unknown Swift 0.93 swift-r5483 cog-r3339

2012-06-06 19:22:15,978-0500 INFO  unknown RUNID id=run:20120606-1922-ktdob4e5
2012-06-06 19:22:16,026-0500 INFO  SetFieldValue Set: outputNames=test1 test2 test3
2012-06-06 19:22:16,047-0500 INFO  RootDataNode Found data outputfiles:messagefile[] - Open.[0]
2012-06-06 19:22:16,047-0500 INFO  RootDataNode Found data outputfiles:messagefile[] - Open.[1]
2012-06-06 19:22:16,047-0500 INFO  RootDataNode Found data outputfiles:messagefile[] - Open.[2]
2012-06-06 19:22:16,051-0500 DEBUG vdl:mains FOREACH_IT_START line=12 thread=0-1-1
2012-06-06 19:22:16,051-0500 DEBUG vdl:mains FOREACH_IT_START line=12 thread=0-1-0
2012-06-06 19:22:16,051-0500 DEBUG vdl:mains FOREACH_IT_START line=12 thread=0-1-2
2012-06-06 19:22:16,052-0500 DEBUG vdl:mains SCOPE thread=0-1-1
2012-06-06 19:22:16,052-0500 DEBUG vdl:mains SCOPE thread=0-1-2
2012-06-06 19:22:16,051-0500 DEBUG vdl:mains SCOPE thread=0-1-0
2012-06-06 19:22:16,062-0500 INFO  SetFieldValue Set: swift#mapper#17001=1.result
2012-06-06 19:22:16,062-0500 INFO  SetFieldValue Set: swift#mapper#17001=0.result
2012-06-06 19:22:16,062-0500 DEBUG countwords PROCEDURE line=4 thread=0-1-0-1 name=countwords
2012-06-06 19:22:16,062-0500 INFO  SetFieldValue Set: swift#mapper#17001=2.result
2012-06-06 19:22:16,063-0500 DEBUG countwords PROCEDURE line=4 thread=0-1-1-1 name=countwords
2012-06-06 19:22:16,063-0500 DEBUG countwords PROCEDURE line=4 thread=0-1-2-1 name=countwords
2012-06-06 19:22:16,065-0500 INFO  RootDataNode Found mapped data c:messagefile - Open.$
2012-06-06 19:22:16,065-0500 INFO  RootDataNode Found mapped data c:messagefile - Open.$
2012-06-06 19:22:16,065-0500 INFO  RootDataNode Found mapped data c:messagefile - Open.$
2012-06-06 19:22:16,071-0500 INFO  vdl:execute START thread=0-1-1-1 tr=a1sm10ms
2012-06-06 19:22:16,071-0500 INFO  vdl:execute START thread=0-1-2-1 tr=a1sm10ms
2012-06-06 19:22:16,071-0500 INFO  vdl:execute START thread=0-1-0-1 tr=a1sm10ms
2012-06-06 19:22:16,092-0500 INFO  WeightedHostScoreScheduler CONTACT_SELECTED host=localhost, score=99.854
2012-06-06 19:22:16,095-0500 INFO  WeightedHostScoreScheduler CONTACT_SELECTED host=localhost, score=99.854
2012-06-06 19:22:16,096-0500 INFO  GlobalSubmitQueue No global submit throttle set. Using default (1024)
2012-06-06 19:22:16,098-0500 INFO  LateBindingScheduler JobQueue: 1
2012-06-06 19:22:16,100-0500 INFO  LateBindingScheduler JobQueue: 1
2012-06-06 19:22:16,103-0500 INFO  vdl:initshareddir START host=localhost - Initializing shared directory
2012-06-06 19:22:16,105-0500 INFO  LateBindingScheduler JobQueue: 1
2012-06-06 19:22:16,116-0500 INFO  LateBindingScheduler JobQueue: 1
2012-06-06 19:22:16,119-0500 INFO  LateBindingScheduler JobQueue: 1
2012-06-06 19:22:16,121-0500 INFO  LateBindingScheduler JobQueue: 1
2012-06-06 19:22:16,125-0500 INFO  LateBindingScheduler JobQueue: 1
2012-06-06 19:22:16,128-0500 INFO  LateBindingScheduler JobQueue: 1
2012-06-06 19:22:16,130-0500 INFO  vdl:initshareddir END host=localhost - Done initializing shared directory
2012-06-06 19:22:16,134-0500 DEBUG vdl:execute2 THREAD_ASSOCIATION jobid=a1sm10ms-oz7vnesk thread=0-1-2-1-1 host=localhost replicationGroup=lz7vnesk
2012-06-06 19:22:16,134-0500 DEBUG vdl:execute2 THREAD_ASSOCIATION jobid=a1sm10ms-nz7vnesk thread=0-1-0-1-1 host=localhost replicationGroup=mz7vnesk
2012-06-06 19:22:16,149-0500 INFO  vdl:createdirset START jobid=a1sm10ms-nz7vnesk host=localhost - Initializing directory structure
2012-06-06 19:22:16,149-0500 INFO  vdl:createdirset START jobid=a1sm10ms-oz7vnesk host=localhost - Initializing directory structure
2012-06-06 19:22:16,151-0500 INFO  vdl:createdirset END jobid=a1sm10ms-nz7vnesk - Done initializing directory structure
2012-06-06 19:22:16,151-0500 INFO  vdl:createdirset END jobid=a1sm10ms-oz7vnesk - Done initializing directory structure
2012-06-06 19:22:16,152-0500 INFO  vdl:dostagein START jobid=a1sm10ms-oz7vnesk - Staging in files
2012-06-06 19:22:16,153-0500 INFO  vdl:dostagein START jobid=a1sm10ms-nz7vnesk - Staging in files
2012-06-06 19:22:16,159-0500 INFO  vdl:dostagein END jobid=a1sm10ms-oz7vnesk - Staging in finished
2012-06-06 19:22:16,159-0500 INFO  vdl:dostagein END jobid=a1sm10ms-nz7vnesk - Staging in finished
2012-06-06 19:22:16,163-0500 DEBUG vdl:execute2 JOB_START jobid=a1sm10ms-oz7vnesk tr=a1sm10ms arguments=[] tmpdir=3inloop-20120606-1922-ktdob4e5/jobs/o/a1sm10ms-oz7vnesk host=localhost
2012-06-06 19:22:16,163-0500 DEBUG vdl:execute2 JOB_START jobid=a1sm10ms-nz7vnesk tr=a1sm10ms arguments=[] tmpdir=3inloop-20120606-1922-ktdob4e5/jobs/n/a1sm10ms-nz7vnesk host=localhost
2012-06-06 19:22:16,173-0500 DEBUG textfiles BEGIN TC:
#This is the transformation catalog.
#
#It comes pre-configured with a number of simple transformations with
#paths that are likely to work on a linux box. However, on some systems,
#the paths to these executables will be different (for example, sometimes
#some of these programs are found in /usr/bin rather than in /bin)
#
#NOTE WELL: fields in this file must be separated by tabs, not spaces; and
#there must be no trailing whitespace at the end of each line.
#
# sitename  transformation  path   INSTALLED  platform  profiles
localhost 	echo 		/bin/echo	INSTALLED	INTEL32::LINUX	null
localhost 	cat 		/bin/cat	INSTALLED	INTEL32::LINUX	null
localhost 	ls 		/bin/ls		INSTALLED	INTEL32::LINUX	null
localhost 	grep 		/bin/grep	INSTALLED	INTEL32::LINUX	null
localhost 	sort 		/bin/sort	INSTALLED	INTEL32::LINUX	null
localhost 	paste 		/bin/paste	INSTALLED	INTEL32::LINUX	null
localhost 	cp 		/bin/cp         INSTALLED	INTEL32::LINUX	null
localhost 	touch 		/bin/touch      INSTALLED	INTEL32::LINUX	null
localhost	wc		/usr/bin/wc	INSTALLED	INTEL32::LINUX	null
localhost	sh		/bin/wc		INSTALLED	INTEL32::LINUX	null
localhost	scott3a		/home/skrieder/swift/multi/scott3a.sh		INSTALLED	INTEL32::LINUX	null
localhost	scott3b		/home/skrieder/swift/multi/scott3b.sh		INSTALLED	INTEL32::LINUX	null
localhost	cka		/home/skrieder/swift/cuda/1sm1ms		INSTALLED	INTEL32::LINUX	null
localhost	a1sm0ms		/home/skrieder/swift/cuda/1sm0ms		INSTALLED	INTEL32::LINUX	null
localhost	a1sm1ms		/home/skrieder/swift/cuda/1sm1ms		INSTALLED	INTEL32::LINUX	null
localhost	a1sm10ms	/home/skrieder/swift/cuda/1sm10ms		INSTALLED	INTEL32::LINUX	null
localhost	a1sm100ms	/home/skrieder/swift/cuda/1sm100ms		INSTALLED	INTEL32::LINUX	null
localhost	a2sm0ms		/home/skrieder/swift/cuda/2sm0ms		INSTALLED	INTEL32::LINUX	null
localhost	a2sm1ms		/home/skrieder/swift/cuda/2sm1ms		INSTALLED	INTEL32::LINUX	null
localhost	a2sm10ms	/home/skrieder/swift/cuda/2sm10ms		INSTALLED	INTEL32::LINUX	null
localhost	a2sm100ms	/home/skrieder/swift/cuda/2sm100ms		INSTALLED	INTEL32::LINUX	null
localhost	a4sm0ms		/home/skrieder/swift/cuda/4sm0ms		INSTALLED	INTEL32::LINUX	null
localhost	a4sm1ms		/home/skrieder/swift/cuda/4sm1ms		INSTALLED	INTEL32::LINUX	null
localhost	a4sm10ms	/home/skrieder/swift/cuda/4sm10ms		INSTALLED	INTEL32::LINUX	null
localhost	a4sm100ms	/home/skrieder/swift/cuda/4sm100ms		INSTALLED	INTEL32::LINUX	null
localhost	a8sm0ms		/home/skrieder/swift/cuda/8sm0ms		INSTALLED	INTEL32::LINUX	null
localhost	a8sm1ms		/home/skrieder/swift/cuda/8sm1ms		INSTALLED	INTEL32::LINUX	null
localhost	a8sm10ms	/home/skrieder/swift/cuda/8sm10ms		INSTALLED	INTEL32::LINUX	null
localhost	a8sm100ms	/home/skrieder/swift/cuda/8sm100ms		INSTALLED	INTEL32::LINUX	null
localhost	a16sm0ms	/home/skrieder/swift/cuda/16sm0ms		INSTALLED	INTEL32::LINUX	null
localhost	a16sm1ms	/home/skrieder/swift/cuda/16sm1ms		INSTALLED	INTEL32::LINUX	null
localhost	a16sm10ms	/home/skrieder/swift/cuda/16sm10ms		INSTALLED	INTEL32::LINUX	null
localhost	a16sm100ms	/home/skrieder/swift/cuda/16sm100ms		INSTALLED	INTEL32::LINUX	null
localhost	sleep0ms	/home/skrieder/swift/c/sleep0ms			INSTALLED	INTEL32::LINUX	null
localhost	sleep1ms	/home/skrieder/swift/c/sleep1ms			INSTALLED	INTEL32::LINUX	null
localhost	sleep10ms	/home/skrieder/swift/c/sleep10ms		INSTALLED	INTEL32::LINUX	null
localhost	sleep100ms	/home/skrieder/swift/c/sleep100ms			INSTALLED	INTEL32::LINUX	null
localhost	sleep1000ms	/home/skrieder/swift/c/sleep1000ms			INSTALLED	INTEL32::LINUX	null
localhost	sleep10000ms	/home/skrieder/swift/c/sleep10000ms			INSTALLED	INTEL32::LINUX	null
localhost	hello		/home/skrieder/swift/multi/hello			INSTALLED	INTEL32::LINUX	null


2012-06-06 19:22:16,173-0500 DEBUG textfiles END TC:
2012-06-06 19:22:16,193-0500 INFO  GridExec TASK_DEFINITION: Task(type=JOB_SUBMISSION, identity=urn:0-1-0-1-1-1339028535088) is /bin/bash shared/_swiftwrap a1sm10ms-nz7vnesk -jobdir n -scratch  -e /home/skrieder/swift/cuda/1sm10ms -out 0.result -err stderr.txt -i -d  -if  -of 0.result -k  -cdmfile  -status files -a
2012-06-06 19:22:16,193-0500 INFO  GridExec TASK_DEFINITION: Task(type=JOB_SUBMISSION, identity=urn:0-1-2-1-1-1339028535089) is /bin/bash shared/_swiftwrap a1sm10ms-oz7vnesk -jobdir o -scratch  -e /home/skrieder/swift/cuda/1sm10ms -out 2.result -err stderr.txt -i -d  -if  -of 2.result -k  -cdmfile  -status files -a
2012-06-06 19:22:16,206-0500 INFO  JobSubmissionTaskHandler Submit: in: /var/tmp/3inloop-20120606-1922-ktdob4e5 command: /bin/bash /var/tmp/3inloop-20120606-1922-ktdob4e5/shared/_swiftwrap a1sm10ms-nz7vnesk -jobdir n -scratch  -e /home/skrieder/swift/cuda/1sm10ms -out 0.result -err stderr.txt -i -d  -if  -of 0.result -k  -cdmfile  -status files -a
2012-06-06 19:22:16,206-0500 INFO  JobSubmissionTaskHandler Submit: in: /var/tmp/3inloop-20120606-1922-ktdob4e5 command: /bin/bash /var/tmp/3inloop-20120606-1922-ktdob4e5/shared/_swiftwrap a1sm10ms-oz7vnesk -jobdir o -scratch  -e /home/skrieder/swift/cuda/1sm10ms -out 2.result -err stderr.txt -i -d  -if  -of 2.result -k  -cdmfile  -status files -a
2012-06-06 19:22:16,542-0500 INFO  LateBindingScheduler JobQueue: 1
2012-06-06 19:22:16,548-0500 DEBUG vdl:checkjobstatus START jobid=a1sm10ms-nz7vnesk
2012-06-06 19:22:16,561-0500 INFO  LateBindingScheduler JobQueue: 1
2012-06-06 19:22:16,563-0500 INFO  vdl:checkerrorfile FAILURE jobid=a1sm10ms-nz7vnesk - Failure file found
2012-06-06 19:22:16,567-0500 INFO  LateBindingScheduler JobQueue: 1
2012-06-06 19:22:16,571-0500 INFO  LateBindingScheduler JobQueue: 1
2012-06-06 19:22:16,573-0500 INFO  LateBindingScheduler JobQueue: 1
2012-06-06 19:22:16,577-0500 DEBUG vdl:execute2 STAGING_OUT jobid=a1sm10ms-nz7vnesk
2012-06-06 19:22:16,580-0500 INFO  vdl:dostageout START jobid=a1sm10ms-nz7vnesk - Staging out files
2012-06-06 19:22:16,582-0500 INFO  LateBindingScheduler JobQueue: 1
2012-06-06 19:22:16,582-0500 DEBUG vdl:dostageout stageouts: [[$, c:messagefile - Open]]
2012-06-06 19:22:16,585-0500 DEBUG vdl:checkjobstatus START jobid=a1sm10ms-oz7vnesk
2012-06-06 19:22:16,587-0500 INFO  LateBindingScheduler JobQueue: 1
2012-06-06 19:22:16,589-0500 INFO  vdl:checkjobstatus SUCCESS jobid=a1sm10ms-oz7vnesk - Success file found
2012-06-06 19:22:16,590-0500 DEBUG vdl:execute2 STAGING_OUT jobid=a1sm10ms-oz7vnesk
2012-06-06 19:22:16,592-0500 INFO  vdl:dostageout START jobid=a1sm10ms-oz7vnesk - Staging out files
2012-06-06 19:22:16,593-0500 DEBUG vdl:dostageout stageouts: [[$, c:messagefile - Open]]
2012-06-06 19:22:16,602-0500 DEBUG vdl:dostageout FILE_STAGE_OUT_START srcname=2.result srcdir=3inloop-20120606-1922-ktdob4e5/shared/ srchost=localhost destdir= desthost=localhost provider=file
2012-06-06 19:22:16,602-0500 DEBUG vdl:dostageout FILE_STAGE_OUT_START srcname=0.result srcdir=3inloop-20120606-1922-ktdob4e5/shared/ srchost=localhost destdir= desthost=localhost provider=file
2012-06-06 19:22:16,605-0500 INFO  LateBindingScheduler JobQueue: 1
2012-06-06 19:22:16,605-0500 INFO  LateBindingScheduler JobQueue: 1
2012-06-06 19:22:16,626-0500 INFO  LateBindingScheduler JobQueue: 1
2012-06-06 19:22:16,628-0500 DEBUG vdl:dostageout FILE_STAGE_OUT_END srcname=2.result srcdir=3inloop-20120606-1922-ktdob4e5/shared/ srchost=localhost destdir= desthost=localhost provider=file
2012-06-06 19:22:16,637-0500 INFO  LateBindingScheduler JobQueue: 1
2012-06-06 19:22:16,644-0500 INFO  LateBindingScheduler JobQueue: 1
2012-06-06 19:22:16,646-0500 INFO  vdl:checkerrorfile NO_STATUS_FILE jobid=a1sm10ms-nz7vnesk - Error file missing
2012-06-06 19:22:16,651-0500 DEBUG vdl:execute2 APPLICATION_EXCEPTION jobid=a1sm10ms-nz7vnesk - Application exception: null
Caused by: org.globus.cog.abstraction.impl.file.FileNotFoundException: File not found: /var/tmp/3inloop-20120606-1922-ktdob4e5/shared/0.result
2012-06-06 19:22:16,653-0500 INFO  vdl:dostageout END jobid=a1sm10ms-oz7vnesk - Staging out finished
2012-06-06 19:22:16,664-0500 DEBUG vdl:execute2 JOB_END jobid=a1sm10ms-oz7vnesk
2012-06-06 19:22:16,667-0500 INFO  vdl:execute END_SUCCESS thread=0-1-2-1 tr=a1sm10ms
2012-06-06 19:22:16,670-0500 DEBUG countwords PROCEDURE_END line=4
2012-06-06 19:22:16,671-0500 INFO  WeightedHostScoreScheduler CONTACT_SELECTED host=localhost, score=99.854
2012-06-06 19:22:16,673-0500 DEBUG vdl:mains FOREACH_IT_END line=12 thread=0-1-2
2012-06-06 19:22:16,675-0500 INFO  LateBindingScheduler JobQueue: 0
2012-06-06 19:22:16,678-0500 DEBUG vdl:execute2 THREAD_ASSOCIATION jobid=a1sm10ms-pz7vnesk thread=0-1-1-1-1 host=localhost replicationGroup=kz7vnesk
2012-06-06 19:22:16,680-0500 INFO  LateBindingScheduler JobQueue: 0
2012-06-06 19:22:16,685-0500 INFO  LateBindingScheduler JobQueue: 0
2012-06-06 19:22:16,687-0500 INFO  vdl:createdirset START jobid=a1sm10ms-pz7vnesk host=localhost - Initializing directory structure
2012-06-06 19:22:16,688-0500 INFO  vdl:createdirset END jobid=a1sm10ms-pz7vnesk - Done initializing directory structure
2012-06-06 19:22:16,689-0500 INFO  LateBindingScheduler JobQueue: 0
2012-06-06 19:22:16,690-0500 INFO  vdl:dostagein START jobid=a1sm10ms-pz7vnesk - Staging in files
2012-06-06 19:22:16,692-0500 INFO  vdl:dostagein END jobid=a1sm10ms-pz7vnesk - Staging in finished
2012-06-06 19:22:16,694-0500 DEBUG vdl:execute2 JOB_START jobid=a1sm10ms-pz7vnesk tr=a1sm10ms arguments=[] tmpdir=3inloop-20120606-1922-ktdob4e5/jobs/p/a1sm10ms-pz7vnesk host=localhost
2012-06-06 19:22:16,702-0500 INFO  LateBindingScheduler JobQueue: 0
2012-06-06 19:22:16,706-0500 INFO  GridExec TASK_DEFINITION: Task(type=JOB_SUBMISSION, identity=urn:0-1-1-1-1-1339028535138) is /bin/bash shared/_swiftwrap a1sm10ms-pz7vnesk -jobdir p -scratch  -e /home/skrieder/swift/cuda/1sm10ms -out 1.result -err stderr.txt -i -d  -if  -of 1.result -k  -cdmfile  -status files -a
2012-06-06 19:22:16,707-0500 INFO  JobSubmissionTaskHandler Submit: in: /var/tmp/3inloop-20120606-1922-ktdob4e5 command: /bin/bash /var/tmp/3inloop-20120606-1922-ktdob4e5/shared/_swiftwrap a1sm10ms-pz7vnesk -jobdir p -scratch  -e /home/skrieder/swift/cuda/1sm10ms -out 1.result -err stderr.txt -i -d  -if  -of 1.result -k  -cdmfile  -status files -a
2012-06-06 19:22:16,723-0500 INFO  WeightedHostScoreScheduler CONTACT_SELECTED host=localhost, score=99.854
2012-06-06 19:22:16,729-0500 DEBUG vdl:execute2 THREAD_ASSOCIATION jobid=a1sm10ms-rz7vnesk thread=0-1-0-1-1 host=localhost replicationGroup=qz7vnesk
2012-06-06 19:22:16,739-0500 INFO  vdl:createdirset START jobid=a1sm10ms-rz7vnesk host=localhost - Initializing directory structure
2012-06-06 19:22:16,740-0500 INFO  vdl:createdirset END jobid=a1sm10ms-rz7vnesk - Done initializing directory structure
2012-06-06 19:22:16,742-0500 INFO  vdl:dostagein START jobid=a1sm10ms-rz7vnesk - Staging in files
2012-06-06 19:22:16,744-0500 INFO  vdl:dostagein END jobid=a1sm10ms-rz7vnesk - Staging in finished
2012-06-06 19:22:16,746-0500 DEBUG vdl:execute2 JOB_START jobid=a1sm10ms-rz7vnesk tr=a1sm10ms arguments=[] tmpdir=3inloop-20120606-1922-ktdob4e5/jobs/r/a1sm10ms-rz7vnesk host=localhost
2012-06-06 19:22:16,758-0500 INFO  GridExec TASK_DEFINITION: Task(type=JOB_SUBMISSION, identity=urn:0-1-0-1-1-1339028535141) is /bin/bash shared/_swiftwrap a1sm10ms-rz7vnesk -jobdir r -scratch  -e /home/skrieder/swift/cuda/1sm10ms -out 0.result -err stderr.txt -i -d  -if  -of 0.result -k  -cdmfile  -status files -a
2012-06-06 19:22:16,759-0500 INFO  JobSubmissionTaskHandler Submit: in: /var/tmp/3inloop-20120606-1922-ktdob4e5 command: /bin/bash /var/tmp/3inloop-20120606-1922-ktdob4e5/shared/_swiftwrap a1sm10ms-rz7vnesk -jobdir r -scratch  -e /home/skrieder/swift/cuda/1sm10ms -out 0.result -err stderr.txt -i -d  -if  -of 0.result -k  -cdmfile  -status files -a
2012-06-06 19:22:16,975-0500 INFO  LateBindingScheduler JobQueue: 0
2012-06-06 19:22:16,984-0500 DEBUG vdl:checkjobstatus START jobid=a1sm10ms-pz7vnesk
2012-06-06 19:22:16,995-0500 INFO  LateBindingScheduler JobQueue: 0
2012-06-06 19:22:16,998-0500 INFO  vdl:checkjobstatus SUCCESS jobid=a1sm10ms-pz7vnesk - Success file found
2012-06-06 19:22:17,006-0500 DEBUG vdl:execute2 STAGING_OUT jobid=a1sm10ms-pz7vnesk
2012-06-06 19:22:17,008-0500 INFO  vdl:dostageout START jobid=a1sm10ms-pz7vnesk - Staging out files
2012-06-06 19:22:17,008-0500 DEBUG vdl:dostageout stageouts: [[$, c:messagefile - Open]]
2012-06-06 19:22:17,016-0500 DEBUG vdl:dostageout FILE_STAGE_OUT_START srcname=1.result srcdir=3inloop-20120606-1922-ktdob4e5/shared/ srchost=localhost destdir= desthost=localhost provider=file
2012-06-06 19:22:17,018-0500 INFO  LateBindingScheduler JobQueue: 0
2012-06-06 19:22:17,025-0500 INFO  LateBindingScheduler JobQueue: 0
2012-06-06 19:22:17,026-0500 DEBUG vdl:dostageout FILE_STAGE_OUT_END srcname=1.result srcdir=3inloop-20120606-1922-ktdob4e5/shared/ srchost=localhost destdir= desthost=localhost provider=file
2012-06-06 19:22:17,028-0500 INFO  LateBindingScheduler JobQueue: 0
2012-06-06 19:22:17,032-0500 INFO  vdl:dostageout END jobid=a1sm10ms-pz7vnesk - Staging out finished
2012-06-06 19:22:17,037-0500 DEBUG vdl:execute2 JOB_END jobid=a1sm10ms-pz7vnesk
2012-06-06 19:22:17,038-0500 INFO  vdl:execute END_SUCCESS thread=0-1-1-1 tr=a1sm10ms
2012-06-06 19:22:17,040-0500 DEBUG countwords PROCEDURE_END line=4
2012-06-06 19:22:17,043-0500 DEBUG vdl:mains FOREACH_IT_END line=12 thread=0-1-1
2012-06-06 19:22:17,066-0500 INFO  LateBindingScheduler JobQueue: 0
2012-06-06 19:22:17,069-0500 DEBUG vdl:checkjobstatus START jobid=a1sm10ms-rz7vnesk
2012-06-06 19:22:17,071-0500 INFO  LateBindingScheduler JobQueue: 0
2012-06-06 19:22:17,073-0500 INFO  vdl:checkjobstatus SUCCESS jobid=a1sm10ms-rz7vnesk - Success file found
2012-06-06 19:22:17,074-0500 DEBUG vdl:execute2 STAGING_OUT jobid=a1sm10ms-rz7vnesk
2012-06-06 19:22:17,076-0500 INFO  vdl:dostageout START jobid=a1sm10ms-rz7vnesk - Staging out files
2012-06-06 19:22:17,077-0500 DEBUG vdl:dostageout stageouts: [[$, c:messagefile - Open]]
2012-06-06 19:22:17,084-0500 DEBUG vdl:dostageout FILE_STAGE_OUT_START srcname=0.result srcdir=3inloop-20120606-1922-ktdob4e5/shared/ srchost=localhost destdir= desthost=localhost provider=file
2012-06-06 19:22:17,086-0500 INFO  LateBindingScheduler JobQueue: 0
2012-06-06 19:22:17,092-0500 INFO  LateBindingScheduler JobQueue: 0
2012-06-06 19:22:17,093-0500 DEBUG vdl:dostageout FILE_STAGE_OUT_END srcname=0.result srcdir=3inloop-20120606-1922-ktdob4e5/shared/ srchost=localhost destdir= desthost=localhost provider=file
2012-06-06 19:22:17,096-0500 INFO  LateBindingScheduler JobQueue: 0
2012-06-06 19:22:17,100-0500 INFO  vdl:dostageout END jobid=a1sm10ms-rz7vnesk - Staging out finished
2012-06-06 19:22:17,104-0500 DEBUG vdl:execute2 JOB_END jobid=a1sm10ms-rz7vnesk
2012-06-06 19:22:17,106-0500 INFO  vdl:execute END_SUCCESS thread=0-1-0-1 tr=a1sm10ms
2012-06-06 19:22:17,107-0500 DEBUG countwords PROCEDURE_END line=4
2012-06-06 19:22:17,108-0500 DEBUG vdl:mains FOREACH_IT_END line=12 thread=0-1-0
2012-06-06 19:22:17,128-0500 DEBUG vdl:mains Starting cleanups
2012-06-06 19:22:17,129-0500 INFO  vdl:cleanups START cleanups=[[3inloop-20120606-1922-ktdob4e5, localhost]]
2012-06-06 19:22:17,130-0500 INFO  vdl:cleanup START dir=3inloop-20120606-1922-ktdob4e5 host=localhost
2012-06-06 19:22:17,131-0500 DEBUG vdl:cleanup cdmfile 
2012-06-06 19:22:17,133-0500 INFO  GridExec TASK_DEFINITION: Task(type=JOB_SUBMISSION, identity=urn:0-1-1339028535161) is /bin/rm -rf 3inloop-20120606-1922-ktdob4e5
2012-06-06 19:22:17,134-0500 INFO  JobSubmissionTaskHandler Submit: in: /var/tmp command: /bin/rm -rf 3inloop-20120606-1922-ktdob4e5
2012-06-06 19:22:17,134-0500 INFO  LateBindingScheduler JobQueue: 0
2012-06-06 19:22:17,134-0500 INFO  vdl:cleanup END dir=3inloop-20120606-1922-ktdob4e5 host=localhost
2012-06-06 19:22:17,135-0500 INFO  vdl:cleanups END cleanups=[[3inloop-20120606-1922-ktdob4e5, localhost]]
2012-06-06 19:22:17,135-0500 DEBUG vdl:mains Ending cleanups
2012-06-06 19:22:17,136-0500 INFO  Loader Swift finished with no errors
