2012-06-08 09:38:25,884-0500 DEBUG Loader arguments: [-tc.file, tc.data, -sites.file, 0-throttle-sites.xml, 3inloop.swift]
2012-06-08 09:38:25,885-0500 DEBUG Loader Max heap: 252248064
2012-06-08 09:38:25,886-0500 DEBUG textfiles BEGIN SWIFTSCRIPT:

type messagefile; 

app (messagefile t) countwords () {   
     a1sm1ms stdout=@filename(t);
}

string outputNames = "test1 test2 test3";

messagefile outputfiles[] <fixed_array_mapper;files=outputNames>;

foreach f,i in outputfiles {
  messagefile c <single_file_mapper; file=@strcat(i, ".result")>;
  c = countwords();
}


2012-06-08 09:38:25,886-0500 DEBUG textfiles END SWIFTSCRIPT:
2012-06-08 09:38:25,886-0500 DEBUG Loader kmlversion is >239b8550-a5ff-44be-a124-5e7ecd70737d<
2012-06-08 09:38:25,886-0500 DEBUG Loader build version is >239b8550-a5ff-44be-a124-5e7ecd70737d<
2012-06-08 09:38:25,886-0500 DEBUG Loader Recompilation suppressed.
2012-06-08 09:38:26,030-0500 DEBUG Loader setting: sites.file to: 0-throttle-sites.xml
2012-06-08 09:38:26,030-0500 DEBUG Loader setting: tc.file to: tc.data
2012-06-08 09:38:26,030-0500 DEBUG textfiles BEGIN SITES:
<config>

  <pool handle="localhost">
    <filesystem provider="local" />
    <execution provider="local" />
    <workdirectory >/var/tmp</workdirectory>
    <profile namespace="karajan" key="jobThrottle">.01</profile>
    <profile namespace="karajan" key="initialScore">10000</profile>
  </pool>

</config>


2012-06-08 09:38:26,030-0500 DEBUG textfiles END SITES:
2012-06-08 09:38:26,034-0500 INFO  VDL2ExecutionContext Stack dump:
Level 1
[iA = 0, iB = 0, bA = false, bB = false]
	vdl:instanceconfig = Swift configuration []
	vdl:operation = run
	swift.home = /usr/local/swift/bin/..
	PATH_SEPARATOR = /


2012-06-08 09:38:26,680-0500 INFO  unknown Using sites file: 0-throttle-sites.xml
2012-06-08 09:38:26,730-0500 INFO  unknown Using tc.data: tc.data
2012-06-08 09:38:26,854-0500 INFO  AbstractScheduler Setting resources to: {localhost=localhost}
2012-06-08 09:38:27,538-0500 INFO  unknown Swift 0.93 swift-r5483 cog-r3339

2012-06-08 09:38:27,539-0500 INFO  unknown RUNID id=run:20120608-0938-l46a1sa0
2012-06-08 09:38:27,582-0500 INFO  SetFieldValue Set: outputNames=test1 test2 test3
2012-06-08 09:38:27,597-0500 INFO  RootDataNode Found data outputfiles:messagefile[] - Open.[0]
2012-06-08 09:38:27,597-0500 INFO  RootDataNode Found data outputfiles:messagefile[] - Open.[1]
2012-06-08 09:38:27,597-0500 INFO  RootDataNode Found data outputfiles:messagefile[] - Open.[2]
2012-06-08 09:38:27,600-0500 DEBUG vdl:mains FOREACH_IT_START line=12 thread=0-1-2
2012-06-08 09:38:27,601-0500 DEBUG vdl:mains FOREACH_IT_START line=12 thread=0-1-1
2012-06-08 09:38:27,601-0500 DEBUG vdl:mains FOREACH_IT_START line=12 thread=0-1-0
2012-06-08 09:38:27,601-0500 DEBUG vdl:mains SCOPE thread=0-1-2
2012-06-08 09:38:27,601-0500 DEBUG vdl:mains SCOPE thread=0-1-0
2012-06-08 09:38:27,601-0500 DEBUG vdl:mains SCOPE thread=0-1-1
2012-06-08 09:38:27,610-0500 DEBUG countwords PROCEDURE line=4 thread=0-1-1-1 name=countwords
2012-06-08 09:38:27,610-0500 DEBUG countwords PROCEDURE line=4 thread=0-1-0-1 name=countwords
2012-06-08 09:38:27,610-0500 INFO  SetFieldValue Set: swift#mapper#17001=1.result
2012-06-08 09:38:27,610-0500 INFO  SetFieldValue Set: swift#mapper#17001=0.result
2012-06-08 09:38:27,611-0500 DEBUG countwords PROCEDURE line=4 thread=0-1-2-1 name=countwords
2012-06-08 09:38:27,614-0500 INFO  SetFieldValue Set: swift#mapper#17001=2.result
2012-06-08 09:38:27,617-0500 INFO  RootDataNode Found mapped data c:messagefile - Open.$
2012-06-08 09:38:27,617-0500 INFO  RootDataNode Found mapped data c:messagefile - Open.$
2012-06-08 09:38:27,617-0500 INFO  RootDataNode Found mapped data c:messagefile - Open.$
2012-06-08 09:38:27,624-0500 INFO  vdl:execute START thread=0-1-2-1 tr=a1sm1ms
2012-06-08 09:38:27,624-0500 INFO  vdl:execute START thread=0-1-1-1 tr=a1sm1ms
2012-06-08 09:38:27,624-0500 INFO  vdl:execute START thread=0-1-0-1 tr=a1sm1ms
2012-06-08 09:38:27,642-0500 INFO  WeightedHostScoreScheduler CONTACT_SELECTED host=localhost, score=99.854
2012-06-08 09:38:27,643-0500 INFO  WeightedHostScoreScheduler CONTACT_SELECTED host=localhost, score=99.854
2012-06-08 09:38:27,647-0500 INFO  GlobalSubmitQueue No global submit throttle set. Using default (1024)
2012-06-08 09:38:27,648-0500 INFO  LateBindingScheduler JobQueue: 1
2012-06-08 09:38:27,650-0500 INFO  LateBindingScheduler JobQueue: 1
2012-06-08 09:38:27,653-0500 INFO  vdl:initshareddir START host=localhost - Initializing shared directory
2012-06-08 09:38:27,655-0500 INFO  LateBindingScheduler JobQueue: 1
2012-06-08 09:38:27,680-0500 INFO  LateBindingScheduler JobQueue: 1
2012-06-08 09:38:27,685-0500 INFO  LateBindingScheduler JobQueue: 1
2012-06-08 09:38:27,688-0500 INFO  LateBindingScheduler JobQueue: 1
2012-06-08 09:38:27,696-0500 INFO  LateBindingScheduler JobQueue: 1
2012-06-08 09:38:27,700-0500 INFO  LateBindingScheduler JobQueue: 1
2012-06-08 09:38:27,704-0500 INFO  vdl:initshareddir END host=localhost - Done initializing shared directory
2012-06-08 09:38:27,710-0500 DEBUG vdl:execute2 THREAD_ASSOCIATION jobid=a1sm1ms-jmjoahsk thread=0-1-1-1-1 host=localhost replicationGroup=gmjoahsk
2012-06-08 09:38:27,710-0500 DEBUG vdl:execute2 THREAD_ASSOCIATION jobid=a1sm1ms-imjoahsk thread=0-1-0-1-1 host=localhost replicationGroup=hmjoahsk
2012-06-08 09:38:27,734-0500 INFO  vdl:createdirset START jobid=a1sm1ms-imjoahsk host=localhost - Initializing directory structure
2012-06-08 09:38:27,734-0500 INFO  vdl:createdirset START jobid=a1sm1ms-jmjoahsk host=localhost - Initializing directory structure
2012-06-08 09:38:27,736-0500 INFO  vdl:createdirset END jobid=a1sm1ms-jmjoahsk - Done initializing directory structure
2012-06-08 09:38:27,736-0500 INFO  vdl:createdirset END jobid=a1sm1ms-imjoahsk - Done initializing directory structure
2012-06-08 09:38:27,739-0500 INFO  vdl:dostagein START jobid=a1sm1ms-imjoahsk - Staging in files
2012-06-08 09:38:27,739-0500 INFO  vdl:dostagein START jobid=a1sm1ms-jmjoahsk - Staging in files
2012-06-08 09:38:27,750-0500 INFO  vdl:dostagein END jobid=a1sm1ms-imjoahsk - Staging in finished
2012-06-08 09:38:27,750-0500 INFO  vdl:dostagein END jobid=a1sm1ms-jmjoahsk - Staging in finished
2012-06-08 09:38:27,756-0500 DEBUG vdl:execute2 JOB_START jobid=a1sm1ms-imjoahsk tr=a1sm1ms arguments=[] tmpdir=3inloop-20120608-0938-l46a1sa0/jobs/i/a1sm1ms-imjoahsk host=localhost
2012-06-08 09:38:27,756-0500 DEBUG vdl:execute2 JOB_START jobid=a1sm1ms-jmjoahsk tr=a1sm1ms arguments=[] tmpdir=3inloop-20120608-0938-l46a1sa0/jobs/j/a1sm1ms-jmjoahsk host=localhost
2012-06-08 09:38:27,771-0500 DEBUG textfiles BEGIN TC:
#This is the transformation catalog.
#
#It comes pre-configured with a number of simple transformations with
#paths that are likely to work on a linux box. However, on some systems,
#the paths to these executables will be different (for example, sometimes
#some of these programs are found in /usr/bin rather than in /bin)
#
#NOTE WELL: fields in this file must be separated by tabs, not spaces; and
#there must be no trailing whitespace at the end of each line.
#
# sitename  transformation  path   INSTALLED  platform  profiles
localhost 	echo 		/bin/echo	INSTALLED	INTEL32::LINUX	null
localhost 	cat 		/bin/cat	INSTALLED	INTEL32::LINUX	null
localhost 	ls 		/bin/ls		INSTALLED	INTEL32::LINUX	null
localhost 	grep 		/bin/grep	INSTALLED	INTEL32::LINUX	null
localhost 	sort 		/bin/sort	INSTALLED	INTEL32::LINUX	null
localhost 	paste 		/bin/paste	INSTALLED	INTEL32::LINUX	null
localhost 	cp 		/bin/cp         INSTALLED	INTEL32::LINUX	null
localhost 	touch 		/bin/touch      INSTALLED	INTEL32::LINUX	null
localhost	wc		/usr/bin/wc	INSTALLED	INTEL32::LINUX	null
localhost	sh		/bin/wc		INSTALLED	INTEL32::LINUX	null
localhost	scott3a		/home/skrieder/swift/multi/scott3a.sh		INSTALLED	INTEL32::LINUX	null
localhost	scott3b		/home/skrieder/swift/multi/scott3b.sh		INSTALLED	INTEL32::LINUX	null
localhost	cka		/home/skrieder/swift/cuda/1sm1ms		INSTALLED	INTEL32::LINUX	null
localhost	a1sm0ms		/home/skrieder/swift/cuda/1sm0ms		INSTALLED	INTEL32::LINUX	null
localhost	a1sm1ms		/home/skrieder/swift/cuda/1sm1ms		INSTALLED	INTEL32::LINUX	null
localhost	a1sm10ms	/home/skrieder/swift/cuda/1sm10ms		INSTALLED	INTEL32::LINUX	null
localhost	a1sm100ms	/home/skrieder/swift/cuda/1sm100ms		INSTALLED	INTEL32::LINUX	null
localhost	a2sm0ms		/home/skrieder/swift/cuda/2sm0ms		INSTALLED	INTEL32::LINUX	null
localhost	a2sm1ms		/home/skrieder/swift/cuda/2sm1ms		INSTALLED	INTEL32::LINUX	null
localhost	a2sm10ms	/home/skrieder/swift/cuda/2sm10ms		INSTALLED	INTEL32::LINUX	null
localhost	a2sm100ms	/home/skrieder/swift/cuda/2sm100ms		INSTALLED	INTEL32::LINUX	null
localhost	a4sm0ms		/home/skrieder/swift/cuda/4sm0ms		INSTALLED	INTEL32::LINUX	null
localhost	a4sm1ms		/home/skrieder/swift/cuda/4sm1ms		INSTALLED	INTEL32::LINUX	null
localhost	a4sm10ms	/home/skrieder/swift/cuda/4sm10ms		INSTALLED	INTEL32::LINUX	null
localhost	a4sm100ms	/home/skrieder/swift/cuda/4sm100ms		INSTALLED	INTEL32::LINUX	null
localhost	a8sm0ms		/home/skrieder/swift/cuda/8sm0ms		INSTALLED	INTEL32::LINUX	null
localhost	a8sm1ms		/home/skrieder/swift/cuda/8sm1ms		INSTALLED	INTEL32::LINUX	null
localhost	a8sm10ms	/home/skrieder/swift/cuda/8sm10ms		INSTALLED	INTEL32::LINUX	null
localhost	a8sm100ms	/home/skrieder/swift/cuda/8sm100ms		INSTALLED	INTEL32::LINUX	null
localhost	a16sm0ms	/home/skrieder/swift/cuda/16sm0ms		INSTALLED	INTEL32::LINUX	null
localhost	a16sm1ms	/home/skrieder/swift/cuda/16sm1ms		INSTALLED	INTEL32::LINUX	null
localhost	a16sm10ms	/home/skrieder/swift/cuda/16sm10ms		INSTALLED	INTEL32::LINUX	null
localhost	a16sm100ms	/home/skrieder/swift/cuda/16sm100ms		INSTALLED	INTEL32::LINUX	null
localhost	sleep0ms	/home/skrieder/swift/c/sleep0ms			INSTALLED	INTEL32::LINUX	null
localhost	sleep1ms	/home/skrieder/swift/c/sleep1ms			INSTALLED	INTEL32::LINUX	null
localhost	sleep10ms	/home/skrieder/swift/c/sleep10ms		INSTALLED	INTEL32::LINUX	null
localhost	sleep100ms	/home/skrieder/swift/c/sleep100ms			INSTALLED	INTEL32::LINUX	null
localhost	sleep1000ms	/home/skrieder/swift/c/sleep1000ms			INSTALLED	INTEL32::LINUX	null
localhost	sleep10000ms	/home/skrieder/swift/c/sleep10000ms			INSTALLED	INTEL32::LINUX	null
localhost	hello		/home/skrieder/swift/multi/hello			INSTALLED	INTEL32::LINUX	null


2012-06-08 09:38:27,772-0500 DEBUG textfiles END TC:
2012-06-08 09:38:27,797-0500 INFO  GridExec TASK_DEFINITION: Task(type=JOB_SUBMISSION, identity=urn:0-1-1-1-1-1339166306718) is /bin/bash shared/_swiftwrap a1sm1ms-jmjoahsk -jobdir j -scratch  -e /home/skrieder/swift/cuda/1sm1ms -out 1.result -err stderr.txt -i -d  -if  -of 1.result -k  -cdmfile  -status files -a
2012-06-08 09:38:27,797-0500 INFO  GridExec TASK_DEFINITION: Task(type=JOB_SUBMISSION, identity=urn:0-1-0-1-1-1339166306719) is /bin/bash shared/_swiftwrap a1sm1ms-imjoahsk -jobdir i -scratch  -e /home/skrieder/swift/cuda/1sm1ms -out 0.result -err stderr.txt -i -d  -if  -of 0.result -k  -cdmfile  -status files -a
2012-06-08 09:38:27,805-0500 INFO  JobSubmissionTaskHandler Submit: in: /var/tmp/3inloop-20120608-0938-l46a1sa0 command: /bin/bash /var/tmp/3inloop-20120608-0938-l46a1sa0/shared/_swiftwrap a1sm1ms-jmjoahsk -jobdir j -scratch  -e /home/skrieder/swift/cuda/1sm1ms -out 1.result -err stderr.txt -i -d  -if  -of 1.result -k  -cdmfile  -status files -a
2012-06-08 09:38:27,805-0500 INFO  JobSubmissionTaskHandler Submit: in: /var/tmp/3inloop-20120608-0938-l46a1sa0 command: /bin/bash /var/tmp/3inloop-20120608-0938-l46a1sa0/shared/_swiftwrap a1sm1ms-imjoahsk -jobdir i -scratch  -e /home/skrieder/swift/cuda/1sm1ms -out 0.result -err stderr.txt -i -d  -if  -of 0.result -k  -cdmfile  -status files -a
2012-06-08 09:38:28,121-0500 INFO  LateBindingScheduler JobQueue: 1
2012-06-08 09:38:28,125-0500 DEBUG vdl:checkjobstatus START jobid=a1sm1ms-jmjoahsk
2012-06-08 09:38:28,127-0500 INFO  LateBindingScheduler JobQueue: 1
2012-06-08 09:38:28,129-0500 INFO  vdl:checkjobstatus SUCCESS jobid=a1sm1ms-jmjoahsk - Success file found
2012-06-08 09:38:28,132-0500 DEBUG vdl:execute2 STAGING_OUT jobid=a1sm1ms-jmjoahsk
2012-06-08 09:38:28,136-0500 INFO  vdl:dostageout START jobid=a1sm1ms-jmjoahsk - Staging out files
2012-06-08 09:38:28,137-0500 DEBUG vdl:dostageout stageouts: [[$, c:messagefile - Open]]
2012-06-08 09:38:28,156-0500 DEBUG vdl:dostageout FILE_STAGE_OUT_START srcname=1.result srcdir=3inloop-20120608-0938-l46a1sa0/shared/ srchost=localhost destdir= desthost=localhost provider=file
2012-06-08 09:38:28,158-0500 INFO  LateBindingScheduler JobQueue: 1
2012-06-08 09:38:28,159-0500 INFO  LateBindingScheduler JobQueue: 1
2012-06-08 09:38:28,161-0500 DEBUG vdl:checkjobstatus START jobid=a1sm1ms-imjoahsk
2012-06-08 09:38:28,164-0500 INFO  LateBindingScheduler JobQueue: 1
2012-06-08 09:38:28,165-0500 INFO  vdl:checkjobstatus SUCCESS jobid=a1sm1ms-imjoahsk - Success file found
2012-06-08 09:38:28,166-0500 DEBUG vdl:execute2 STAGING_OUT jobid=a1sm1ms-imjoahsk
2012-06-08 09:38:28,168-0500 INFO  vdl:dostageout START jobid=a1sm1ms-imjoahsk - Staging out files
2012-06-08 09:38:28,169-0500 DEBUG vdl:dostageout stageouts: [[$, c:messagefile - Open]]
2012-06-08 09:38:28,177-0500 DEBUG vdl:dostageout FILE_STAGE_OUT_START srcname=0.result srcdir=3inloop-20120608-0938-l46a1sa0/shared/ srchost=localhost destdir= desthost=localhost provider=file
2012-06-08 09:38:28,179-0500 INFO  LateBindingScheduler JobQueue: 1
2012-06-08 09:38:28,180-0500 INFO  LateBindingScheduler JobQueue: 1
2012-06-08 09:38:28,182-0500 DEBUG vdl:dostageout FILE_STAGE_OUT_END srcname=1.result srcdir=3inloop-20120608-0938-l46a1sa0/shared/ srchost=localhost destdir= desthost=localhost provider=file
2012-06-08 09:38:28,185-0500 INFO  LateBindingScheduler JobQueue: 2
2012-06-08 09:38:28,186-0500 DEBUG vdl:dostageout FILE_STAGE_OUT_END srcname=0.result srcdir=3inloop-20120608-0938-l46a1sa0/shared/ srchost=localhost destdir= desthost=localhost provider=file
2012-06-08 09:38:28,190-0500 INFO  LateBindingScheduler JobQueue: 1
2012-06-08 09:38:28,190-0500 INFO  LateBindingScheduler JobQueue: 1
2012-06-08 09:38:28,207-0500 INFO  vdl:dostageout END jobid=a1sm1ms-jmjoahsk - Staging out finished
2012-06-08 09:38:28,207-0500 INFO  vdl:dostageout END jobid=a1sm1ms-imjoahsk - Staging out finished
2012-06-08 09:38:28,218-0500 DEBUG vdl:execute2 JOB_END jobid=a1sm1ms-imjoahsk
2012-06-08 09:38:28,218-0500 DEBUG vdl:execute2 JOB_END jobid=a1sm1ms-jmjoahsk
2012-06-08 09:38:28,220-0500 INFO  vdl:execute END_SUCCESS thread=0-1-0-1 tr=a1sm1ms
2012-06-08 09:38:28,220-0500 INFO  vdl:execute END_SUCCESS thread=0-1-1-1 tr=a1sm1ms
2012-06-08 09:38:28,223-0500 DEBUG countwords PROCEDURE_END line=4
2012-06-08 09:38:28,223-0500 DEBUG countwords PROCEDURE_END line=4
2012-06-08 09:38:28,226-0500 DEBUG vdl:mains FOREACH_IT_END line=12 thread=0-1-1
2012-06-08 09:38:28,226-0500 DEBUG vdl:mains FOREACH_IT_END line=12 thread=0-1-0
2012-06-08 09:38:28,692-0500 INFO  WeightedHostScoreScheduler CONTACT_SELECTED host=localhost, score=99.854
2012-06-08 09:38:28,698-0500 DEBUG vdl:execute2 THREAD_ASSOCIATION jobid=a1sm1ms-kmjoahsk thread=0-1-2-1-1 host=localhost replicationGroup=fmjoahsk
2012-06-08 09:38:28,708-0500 INFO  vdl:createdirset START jobid=a1sm1ms-kmjoahsk host=localhost - Initializing directory structure
2012-06-08 09:38:28,709-0500 INFO  vdl:createdirset END jobid=a1sm1ms-kmjoahsk - Done initializing directory structure
2012-06-08 09:38:28,710-0500 INFO  vdl:dostagein START jobid=a1sm1ms-kmjoahsk - Staging in files
2012-06-08 09:38:28,712-0500 INFO  vdl:dostagein END jobid=a1sm1ms-kmjoahsk - Staging in finished
2012-06-08 09:38:28,715-0500 DEBUG vdl:execute2 JOB_START jobid=a1sm1ms-kmjoahsk tr=a1sm1ms arguments=[] tmpdir=3inloop-20120608-0938-l46a1sa0/jobs/k/a1sm1ms-kmjoahsk host=localhost
2012-06-08 09:38:28,722-0500 INFO  GridExec TASK_DEFINITION: Task(type=JOB_SUBMISSION, identity=urn:0-1-2-1-1-1339166306740) is /bin/bash shared/_swiftwrap a1sm1ms-kmjoahsk -jobdir k -scratch  -e /home/skrieder/swift/cuda/1sm1ms -out 2.result -err stderr.txt -i -d  -if  -of 2.result -k  -cdmfile  -status files -a
2012-06-08 09:38:28,723-0500 INFO  JobSubmissionTaskHandler Submit: in: /var/tmp/3inloop-20120608-0938-l46a1sa0 command: /bin/bash /var/tmp/3inloop-20120608-0938-l46a1sa0/shared/_swiftwrap a1sm1ms-kmjoahsk -jobdir k -scratch  -e /home/skrieder/swift/cuda/1sm1ms -out 2.result -err stderr.txt -i -d  -if  -of 2.result -k  -cdmfile  -status files -a
2012-06-08 09:38:28,929-0500 INFO  LateBindingScheduler JobQueue: 0
2012-06-08 09:38:28,931-0500 DEBUG vdl:checkjobstatus START jobid=a1sm1ms-kmjoahsk
2012-06-08 09:38:28,933-0500 INFO  LateBindingScheduler JobQueue: 0
2012-06-08 09:38:28,933-0500 INFO  vdl:checkjobstatus SUCCESS jobid=a1sm1ms-kmjoahsk - Success file found
2012-06-08 09:38:28,934-0500 DEBUG vdl:execute2 STAGING_OUT jobid=a1sm1ms-kmjoahsk
2012-06-08 09:38:28,935-0500 INFO  vdl:dostageout START jobid=a1sm1ms-kmjoahsk - Staging out files
2012-06-08 09:38:28,935-0500 DEBUG vdl:dostageout stageouts: [[$, c:messagefile - Open]]
2012-06-08 09:38:28,939-0500 DEBUG vdl:dostageout FILE_STAGE_OUT_START srcname=2.result srcdir=3inloop-20120608-0938-l46a1sa0/shared/ srchost=localhost destdir= desthost=localhost provider=file
2012-06-08 09:38:28,940-0500 INFO  LateBindingScheduler JobQueue: 0
2012-06-08 09:38:28,946-0500 INFO  LateBindingScheduler JobQueue: 0
2012-06-08 09:38:28,947-0500 DEBUG vdl:dostageout FILE_STAGE_OUT_END srcname=2.result srcdir=3inloop-20120608-0938-l46a1sa0/shared/ srchost=localhost destdir= desthost=localhost provider=file
2012-06-08 09:38:28,949-0500 INFO  LateBindingScheduler JobQueue: 0
2012-06-08 09:38:28,952-0500 INFO  vdl:dostageout END jobid=a1sm1ms-kmjoahsk - Staging out finished
2012-06-08 09:38:28,955-0500 DEBUG vdl:execute2 JOB_END jobid=a1sm1ms-kmjoahsk
2012-06-08 09:38:28,956-0500 INFO  vdl:execute END_SUCCESS thread=0-1-2-1 tr=a1sm1ms
2012-06-08 09:38:28,958-0500 DEBUG countwords PROCEDURE_END line=4
2012-06-08 09:38:28,959-0500 DEBUG vdl:mains FOREACH_IT_END line=12 thread=0-1-2
2012-06-08 09:38:28,978-0500 DEBUG vdl:mains Starting cleanups
2012-06-08 09:38:28,979-0500 INFO  vdl:cleanups START cleanups=[[3inloop-20120608-0938-l46a1sa0, localhost]]
2012-06-08 09:38:28,980-0500 INFO  vdl:cleanup START dir=3inloop-20120608-0938-l46a1sa0 host=localhost
2012-06-08 09:38:28,980-0500 DEBUG vdl:cleanup cdmfile 
2012-06-08 09:38:28,983-0500 INFO  GridExec TASK_DEFINITION: Task(type=JOB_SUBMISSION, identity=urn:0-1-1339166306751) is /bin/rm -rf 3inloop-20120608-0938-l46a1sa0
2012-06-08 09:38:28,983-0500 INFO  JobSubmissionTaskHandler Submit: in: /var/tmp command: /bin/rm -rf 3inloop-20120608-0938-l46a1sa0
2012-06-08 09:38:28,984-0500 INFO  LateBindingScheduler JobQueue: 0
2012-06-08 09:38:28,984-0500 INFO  vdl:cleanup END dir=3inloop-20120608-0938-l46a1sa0 host=localhost
2012-06-08 09:38:28,984-0500 INFO  vdl:cleanups END cleanups=[[3inloop-20120608-0938-l46a1sa0, localhost]]
2012-06-08 09:38:28,985-0500 DEBUG vdl:mains Ending cleanups
2012-06-08 09:38:28,986-0500 INFO  Loader Swift finished with no errors
