2012-06-08 09:21:00,918-0500 DEBUG Loader arguments: [-tc.file, tc.data, -sites.file, 0-throttle-sites.xml, 3inloop.swift]
2012-06-08 09:21:00,918-0500 DEBUG Loader Max heap: 252248064
2012-06-08 09:21:00,919-0500 DEBUG textfiles BEGIN SWIFTSCRIPT:

type messagefile; 

app (messagefile t) countwords () {   
     a1sm10ms stdout=@filename(t);
}

string outputNames = "test1 test2 test3";

messagefile outputfiles[] <fixed_array_mapper;files=outputNames>;

foreach f,i in outputfiles {
  messagefile c <single_file_mapper; file=@strcat(i, ".result")>;
  c = countwords();
}


2012-06-08 09:21:00,919-0500 DEBUG textfiles END SWIFTSCRIPT:
2012-06-08 09:21:00,919-0500 DEBUG Loader kmlversion is >239b8550-a5ff-44be-a124-5e7ecd70737d<
2012-06-08 09:21:00,920-0500 DEBUG Loader build version is >239b8550-a5ff-44be-a124-5e7ecd70737d<
2012-06-08 09:21:00,920-0500 DEBUG Loader Recompilation suppressed.
2012-06-08 09:21:01,067-0500 DEBUG Loader setting: sites.file to: 0-throttle-sites.xml
2012-06-08 09:21:01,067-0500 DEBUG Loader setting: tc.file to: tc.data
2012-06-08 09:21:01,067-0500 DEBUG textfiles BEGIN SITES:
<config>

  <pool handle="localhost">
    <filesystem provider="local" />
    <execution provider="local" />
    <workdirectory >/var/tmp</workdirectory>
    <profile namespace="karajan" key="jobThrottle">.01</profile>
    <profile namespace="karajan" key="initialScore">10000</profile>
  </pool>

</config>


2012-06-08 09:21:01,067-0500 DEBUG textfiles END SITES:
2012-06-08 09:21:01,072-0500 INFO  VDL2ExecutionContext Stack dump:
Level 1
[iA = 0, iB = 0, bA = false, bB = false]
	vdl:instanceconfig = Swift configuration []
	vdl:operation = run
	swift.home = /usr/local/swift/bin/..
	PATH_SEPARATOR = /


2012-06-08 09:21:01,744-0500 INFO  unknown Using sites file: 0-throttle-sites.xml
2012-06-08 09:21:01,783-0500 INFO  unknown Using tc.data: tc.data
2012-06-08 09:21:01,952-0500 INFO  AbstractScheduler Setting resources to: {localhost=localhost}
