2012-05-30 11:30:56,803-0500 DEBUG Loader arguments: [/home/skrieder/swift/multi/foreach.swift]
2012-05-30 11:30:56,803-0500 DEBUG Loader Max heap: 252248064
2012-05-30 11:30:56,804-0500 DEBUG textfiles BEGIN SWIFTSCRIPT:
type messagefile; 
type countfile; 

app (countfile t) countwords (messagefile f) {   
     sh @filename(f) stdout=@filename(t);
}

string inputNames = "scott3a.sh scott3b.sh";

messagefile inputfiles[] <fixed_array_mapper;files=inputNames>;

foreach f in inputfiles {
  countfile c;
  c = countwords(f);
}


2012-05-30 11:30:56,805-0500 DEBUG textfiles END SWIFTSCRIPT:
2012-05-30 11:30:56,805-0500 INFO  Loader /home/skrieder/swift/multi/foreach.swift: source file is new. Recompiling.
2012-05-30 11:30:56,805-0500 DEBUG Loader kmlversion is >239b8550-a5ff-44be-a124-5e7ecd70737d<
2012-05-30 11:30:56,805-0500 DEBUG Loader build version is >239b8550-a5ff-44be-a124-5e7ecd70737d<
2012-05-30 11:30:57,376-0500 INFO  Karajan Validation of XML intermediate file was successful
2012-05-30 11:30:57,563-0500 DEBUG textfiles using default sites file
2012-05-30 11:30:57,566-0500 INFO  VDL2ExecutionContext Stack dump:
Level 1
[iA = 0, iB = 0, bA = false, bB = false]
	vdl:instanceconfig = Swift configuration []
	vdl:operation = run
	swift.home = /usr/local/swift/bin/..
	PATH_SEPARATOR = /


2012-05-30 11:30:58,199-0500 INFO  unknown Using sites file: /usr/local/swift/bin/../etc/sites.xml
2012-05-30 11:30:58,235-0500 INFO  unknown Using tc.data: /usr/local/swift/bin/../etc/tc.data
2012-05-30 11:30:58,333-0500 WARN  File On line 24in File /usr/local/swift/bin/../etc/tc.data

java.lang.IllegalStateException: Error : Illegal TCType defined. Please specify one of the predefined types 
 [INSTALLED, SOURCE, STATIC_BINARY, DYNAMIC_BINARY, PACMAN_PACKAGE, SCRIPT]
	at org.globus.swift.catalog.types.TCType.fromValue(TCType.java:73)
	at org.globus.swift.catalog.types.TCType.fromString(TCType.java:85)
	at org.globus.swift.catalog.transformation.File.populateTC(File.java:1085)
	at org.globus.swift.catalog.transformation.File.populateTC(File.java:1034)
	at org.globus.swift.catalog.transformation.File.<init>(File.java:149)
	at org.globus.swift.catalog.transformation.File.getNonSingletonInstance(File.java:116)
	at org.griphyn.vdl.karajan.VDSAdaptiveScheduler.setProperty(VDSAdaptiveScheduler.java:71)
	at org.globus.cog.karajan.workflow.nodes.grid.SchedulerNode.newScheduler(SchedulerNode.java:104)
	at org.globus.cog.karajan.workflow.nodes.grid.SchedulerNode.post(SchedulerNode.java:63)
	at org.globus.cog.karajan.workflow.nodes.AbstractSequentialWithArguments.completed(AbstractSequentialWithArguments.java:194)
	at org.globus.cog.karajan.workflow.nodes.FlowNode.complete(FlowNode.java:214)
	at org.globus.cog.karajan.workflow.nodes.FlowContainer.post(FlowContainer.java:58)
	at org.globus.cog.karajan.workflow.nodes.AbstractSequentialWithArguments.completed(AbstractSequentialWithArguments.java:194)
	at org.globus.cog.karajan.workflow.nodes.user.UserDefinedElement.completed(UserDefinedElement.java:286)
	at org.globus.cog.karajan.workflow.nodes.user.SequentialImplicitExecutionUDE.completed(SequentialImplicitExecutionUDE.java:89)
	at org.globus.cog.karajan.workflow.nodes.FlowNode.complete(FlowNode.java:214)
	at org.globus.cog.karajan.workflow.nodes.FlowContainer.post(FlowContainer.java:58)
	at org.globus.cog.karajan.workflow.nodes.functions.AbstractFunction.post(AbstractFunction.java:28)
	at org.globus.cog.karajan.workflow.nodes.AbstractSequentialWithArguments.completed(AbstractSequentialWithArguments.java:194)
	at org.globus.cog.karajan.workflow.nodes.FlowNode.complete(FlowNode.java:214)
	at org.globus.cog.karajan.workflow.nodes.ExecuteFile.completed(ExecuteFile.java:158)
	at org.globus.cog.karajan.workflow.nodes.FlowNode.complete(FlowNode.java:214)
	at org.globus.cog.karajan.workflow.nodes.FlowContainer.post(FlowContainer.java:58)
	at org.globus.cog.karajan.workflow.nodes.Sequential.startNext(Sequential.java:29)
	at org.globus.cog.karajan.workflow.nodes.Sequential.completed(Sequential.java:24)
	at org.globus.cog.karajan.workflow.nodes.FlowNode.complete(FlowNode.java:214)
	at org.globus.cog.karajan.workflow.nodes.FlowContainer.post(FlowContainer.java:58)
	at org.globus.cog.karajan.workflow.nodes.AbstractSequentialWithArguments.completed(AbstractSequentialWithArguments.java:194)
	at org.globus.cog.karajan.workflow.nodes.user.UserDefinedElement.completed(UserDefinedElement.java:286)
	at org.globus.cog.karajan.workflow.nodes.user.SequentialImplicitExecutionUDE.completed(SequentialImplicitExecutionUDE.java:89)
	at org.globus.cog.karajan.workflow.nodes.FlowNode.complete(FlowNode.java:214)
	at org.globus.cog.karajan.workflow.nodes.FlowContainer.post(FlowContainer.java:58)
	at org.globus.cog.karajan.workflow.nodes.functions.AbstractFunction.post(AbstractFunction.java:28)
	at org.globus.cog.karajan.workflow.nodes.AbstractSequentialWithArguments.completed(AbstractSequentialWithArguments.java:194)
	at org.globus.cog.karajan.workflow.nodes.FlowNode.complete(FlowNode.java:214)
	at org.globus.cog.karajan.workflow.nodes.FlowContainer.post(FlowContainer.java:58)
	at org.globus.cog.karajan.workflow.nodes.AbstractSequentialWithArguments.completed(AbstractSequentialWithArguments.java:194)
	at org.globus.cog.karajan.workflow.nodes.PartialArgumentsContainer.nonArgChildCompleted(PartialArgumentsContainer.java:105)
	at org.globus.cog.karajan.workflow.nodes.PartialArgumentsContainer.completed(PartialArgumentsContainer.java:86)
	at org.globus.cog.karajan.workflow.nodes.FlowNode.complete(FlowNode.java:214)
	at org.globus.cog.karajan.workflow.nodes.Maybe.failed(Maybe.java:23)
	at org.globus.cog.karajan.workflow.nodes.FlowNode.failImmediately(FlowNode.java:89)
	at org.globus.cog.karajan.workflow.nodes.FlowNode.failed(FlowNode.java:245)
	at org.globus.cog.karajan.workflow.nodes.FlowNode.failImmediately(FlowNode.java:89)
	at org.globus.cog.karajan.workflow.nodes.FlowNode.restart(FlowNode.java:151)
	at org.globus.cog.karajan.workflow.nodes.FlowNode.start(FlowNode.java:197)
	at org.globus.cog.karajan.workflow.FlowElementWrapper.start(FlowElementWrapper.java:227)
	at org.globus.cog.karajan.workflow.events.EventBus.start(EventBus.java:104)
	at org.globus.cog.karajan.workflow.events.EventTargetPair.run(EventTargetPair.java:40)
	at java.util.concurrent.Executors$RunnableAdapter.call(Executors.java:471)
	at java.util.concurrent.FutureTask$Sync.innerRun(FutureTask.java:334)
	at java.util.concurrent.FutureTask.run(FutureTask.java:166)
	at java.util.concurrent.ThreadPoolExecutor.runWorker(ThreadPoolExecutor.java:1110)
	at java.util.concurrent.ThreadPoolExecutor$Worker.run(ThreadPoolExecutor.java:603)
	at java.lang.Thread.run(Thread.java:722)
2012-05-30 11:30:58,340-0500 INFO  AbstractScheduler Setting resources to: {localhost=localhost}
2012-05-30 11:30:59,038-0500 INFO  unknown Swift 0.93 swift-r5483 cog-r3339

2012-05-30 11:30:59,039-0500 INFO  unknown RUNID id=run:20120530-1130-70kq9k9e
2012-05-30 11:30:59,119-0500 INFO  SetFieldValue Set: inputNames=scott3a.sh scott3b.sh
2012-05-30 11:30:59,142-0500 INFO  RootDataNode Found data inputfiles:messagefile[] - Open.[0]
2012-05-30 11:30:59,142-0500 INFO  RootDataNode Found data inputfiles:messagefile[] - Open.[1]
2012-05-30 11:30:59,145-0500 DEBUG vdl:mains FOREACH_IT_START line=12 thread=0-1-1
2012-05-30 11:30:59,145-0500 DEBUG vdl:mains FOREACH_IT_START line=12 thread=0-1-0
2012-05-30 11:30:59,145-0500 DEBUG vdl:mains SCOPE thread=0-1-1
2012-05-30 11:30:59,146-0500 DEBUG vdl:mains SCOPE thread=0-1-0
2012-05-30 11:30:59,161-0500 DEBUG countwords PROCEDURE line=4 thread=0-1-0-1 name=countwords
2012-05-30 11:30:59,162-0500 DEBUG countwords PROCEDURE line=4 thread=0-1-1-1 name=countwords
2012-05-30 11:30:59,176-0500 INFO  vdl:execute START thread=0-1-0-1 tr=sh
2012-05-30 11:30:59,176-0500 INFO  vdl:execute START thread=0-1-1-1 tr=sh
2012-05-30 11:30:59,205-0500 INFO  WeightedHostScoreScheduler CONTACT_SELECTED host=localhost, score=1.000
2012-05-30 11:30:59,213-0500 INFO  GlobalSubmitQueue No global submit throttle set. Using default (1024)
2012-05-30 11:30:59,218-0500 INFO  LateBindingScheduler JobQueue: 1
2012-05-30 11:30:59,222-0500 INFO  LateBindingScheduler JobQueue: 1
2012-05-30 11:30:59,229-0500 INFO  vdl:initshareddir START host=localhost - Initializing shared directory
2012-05-30 11:30:59,235-0500 INFO  LateBindingScheduler JobQueue: 1
2012-05-30 11:30:59,266-0500 INFO  LateBindingScheduler JobQueue: 1
2012-05-30 11:30:59,271-0500 INFO  LateBindingScheduler JobQueue: 1
2012-05-30 11:30:59,274-0500 INFO  LateBindingScheduler JobQueue: 1
2012-05-30 11:30:59,282-0500 INFO  LateBindingScheduler JobQueue: 1
2012-05-30 11:30:59,290-0500 INFO  LateBindingScheduler JobQueue: 1
2012-05-30 11:30:59,293-0500 INFO  vdl:initshareddir END host=localhost - Done initializing shared directory
2012-05-30 11:30:59,299-0500 DEBUG vdl:execute2 THREAD_ASSOCIATION jobid=sh-sjk0m2sk thread=0-1-1-1-1 host=localhost replicationGroup=qjk0m2sk
2012-05-30 11:30:59,322-0500 INFO  vdl:createdirset START jobid=sh-sjk0m2sk host=localhost - Initializing directory structure
2012-05-30 11:30:59,329-0500 INFO  vdl:createdirs START path=_concurrent dir=foreach-20120530-1130-70kq9k9e/shared - Creating directory structure
2012-05-30 11:30:59,332-0500 INFO  LateBindingScheduler JobQueue: 1
2012-05-30 11:30:59,333-0500 INFO  vdl:createdirset END jobid=sh-sjk0m2sk - Done initializing directory structure
2012-05-30 11:30:59,336-0500 INFO  vdl:dostagein START jobid=sh-sjk0m2sk - Staging in files
2012-05-30 11:30:59,361-0500 INFO  LateBindingScheduler JobQueue: 1
2012-05-30 11:30:59,374-0500 DEBUG vdl:dostagein CDM: file://localhost/scott3b.sh : DEFAULT
2012-05-30 11:30:59,389-0500 DEBUG vdl:dostageinfile FILE_STAGE_IN_START file=scott3b.sh srchost=localhost srcdir= srcname=scott3b.sh desthost=localhost destdir=foreach-20120530-1130-70kq9k9e/shared/ provider=file policy=DEFAULT
2012-05-30 11:30:59,397-0500 INFO  LateBindingScheduler JobQueue: 1
2012-05-30 11:30:59,399-0500 DEBUG vdl:dostageinfile FILE_STAGE_IN_END file=scott3b.sh srchost=localhost srcdir= srcname=scott3b.sh desthost=localhost destdir=foreach-20120530-1130-70kq9k9e/shared/ provider=file
2012-05-30 11:30:59,401-0500 INFO  vdl:dostagein END jobid=sh-sjk0m2sk - Staging in finished
2012-05-30 11:30:59,406-0500 DEBUG vdl:execute2 JOB_START jobid=sh-sjk0m2sk tr=sh arguments=[scott3b.sh] tmpdir=foreach-20120530-1130-70kq9k9e/jobs/s/sh-sjk0m2sk host=localhost
2012-05-30 11:30:59,418-0500 DEBUG textfiles BEGIN TC:
#This is the transformation catalog.
#
#It comes pre-configured with a number of simple transformations with
#paths that are likely to work on a linux box. However, on some systems,
#the paths to these executables will be different (for example, sometimes
#some of these programs are found in /usr/bin rather than in /bin)
#
#NOTE WELL: fields in this file must be separated by tabs, not spaces; and
#there must be no trailing whitespace at the end of each line.
#
# sitename  transformation  path   INSTALLED  platform  profiles
localhost 	echo 		/bin/echo	INSTALLED	INTEL32::LINUX	null
localhost 	cat 		/bin/cat	INSTALLED	INTEL32::LINUX	null
localhost 	ls 		/bin/ls		INSTALLED	INTEL32::LINUX	null
localhost 	grep 		/bin/grep	INSTALLED	INTEL32::LINUX	null
localhost 	sort 		/bin/sort	INSTALLED	INTEL32::LINUX	null
localhost 	paste 		/bin/paste	INSTALLED	INTEL32::LINUX	null
localhost 	cp 		/bin/cp         INSTALLED	INTEL32::LINUX	null
localhost 	touch 		/bin/touch      INSTALLED	INTEL32::LINUX	null
localhost	wc		/usr/bin/wc	INSTALLED	INTEL32::LINUX	null
localhost	sh		/bin/sh		INSTALLED	INTEL32::LINUX	null
localhost	sleep		/bin/sleep	INSTALLED	INTEL32::LINUX	null
localhost	tr		/usr/bin/tr	INSTALLED	INTEL32::LINUX	null
localhost	scott.sh	/Users/scottkrieder/swift/examples/swift/tutorial/scott.sh	INTSALLED	INTEL32::LINUX	null


2012-05-30 11:30:59,419-0500 DEBUG textfiles END TC:
2012-05-30 11:30:59,426-0500 WARN  File On line 24in File /usr/local/swift/bin/../etc/tc.data

java.lang.IllegalStateException: Error : Illegal TCType defined. Please specify one of the predefined types 
 [INSTALLED, SOURCE, STATIC_BINARY, DYNAMIC_BINARY, PACMAN_PACKAGE, SCRIPT]
	at org.globus.swift.catalog.types.TCType.fromValue(TCType.java:73)
	at org.globus.swift.catalog.types.TCType.fromString(TCType.java:85)
	at org.globus.swift.catalog.transformation.File.populateTC(File.java:1085)
	at org.globus.swift.catalog.transformation.File.populateTC(File.java:1034)
	at org.globus.swift.catalog.transformation.File.<init>(File.java:149)
	at org.globus.swift.catalog.transformation.File.getNonSingletonInstance(File.java:116)
	at org.griphyn.vdl.karajan.lib.VDLFunction.getTC(VDLFunction.java:492)
	at org.griphyn.vdl.karajan.lib.Executable.function(Executable.java:24)
	at org.griphyn.vdl.karajan.lib.VDLFunction.post(VDLFunction.java:62)
	at org.globus.cog.karajan.workflow.nodes.AbstractSequentialWithArguments.completed(AbstractSequentialWithArguments.java:194)
	at org.globus.cog.karajan.workflow.nodes.FlowNode.complete(FlowNode.java:214)
	at org.globus.cog.karajan.workflow.nodes.FlowContainer.post(FlowContainer.java:58)
	at org.globus.cog.karajan.workflow.nodes.functions.AbstractFunction.post(AbstractFunction.java:28)
	at org.globus.cog.karajan.workflow.nodes.Sequential.startNext(Sequential.java:29)
	at org.globus.cog.karajan.workflow.nodes.Sequential.executeChildren(Sequential.java:20)
	at org.globus.cog.karajan.workflow.nodes.FlowContainer.execute(FlowContainer.java:63)
	at org.globus.cog.karajan.workflow.nodes.FlowNode.restart(FlowNode.java:139)
	at org.globus.cog.karajan.workflow.nodes.FlowNode.start(FlowNode.java:197)
	at org.globus.cog.karajan.workflow.FlowElementWrapper.start(FlowElementWrapper.java:227)
	at org.globus.cog.karajan.workflow.events.EventBus.start(EventBus.java:104)
	at org.globus.cog.karajan.workflow.events.EventTargetPair.run(EventTargetPair.java:40)
	at java.util.concurrent.Executors$RunnableAdapter.call(Executors.java:471)
	at java.util.concurrent.FutureTask$Sync.innerRun(FutureTask.java:334)
	at java.util.concurrent.FutureTask.run(FutureTask.java:166)
	at java.util.concurrent.ThreadPoolExecutor.runWorker(ThreadPoolExecutor.java:1110)
	at java.util.concurrent.ThreadPoolExecutor$Worker.run(ThreadPoolExecutor.java:603)
	at java.lang.Thread.run(Thread.java:722)
2012-05-30 11:30:59,450-0500 INFO  GridExec TASK_DEFINITION: Task(type=JOB_SUBMISSION, identity=urn:0-1-1-1-1-1338395458233) is /bin/bash shared/_swiftwrap sh-sjk0m2sk -jobdir s -scratch  -e /bin/sh -out _concurrent/c-e3bf9e4e-6ad7-4c16-99d8-79ef8a32889d-1-1 -err stderr.txt -i -d _concurrent -if scott3b.sh -of _concurrent/c-e3bf9e4e-6ad7-4c16-99d8-79ef8a32889d-1-1 -k  -cdmfile  -status files -a scott3b.sh
2012-05-30 11:30:59,457-0500 INFO  JobSubmissionTaskHandler Submit: in: /var/tmp/foreach-20120530-1130-70kq9k9e command: /bin/bash /var/tmp/foreach-20120530-1130-70kq9k9e/shared/_swiftwrap sh-sjk0m2sk -jobdir s -scratch  -e /bin/sh -out _concurrent/c-e3bf9e4e-6ad7-4c16-99d8-79ef8a32889d-1-1 -err stderr.txt -i -d _concurrent -if scott3b.sh -of _concurrent/c-e3bf9e4e-6ad7-4c16-99d8-79ef8a32889d-1-1 -k  -cdmfile  -status files -a scott3b.sh
2012-05-30 11:30:59,833-0500 INFO  LateBindingScheduler JobQueue: 1
2012-05-30 11:30:59,839-0500 DEBUG vdl:checkjobstatus START jobid=sh-sjk0m2sk
2012-05-30 11:30:59,843-0500 INFO  LateBindingScheduler JobQueue: 1
2012-05-30 11:30:59,844-0500 INFO  vdl:checkjobstatus SUCCESS jobid=sh-sjk0m2sk - Success file found
2012-05-30 11:30:59,847-0500 DEBUG vdl:execute2 STAGING_OUT jobid=sh-sjk0m2sk
2012-05-30 11:30:59,851-0500 INFO  vdl:dostageout START jobid=sh-sjk0m2sk - Staging out files
2012-05-30 11:30:59,852-0500 DEBUG vdl:dostageout stageouts: [[$, c:countfile - Open]]
2012-05-30 11:30:59,871-0500 DEBUG vdl:dostageout FILE_STAGE_OUT_START srcname=c-e3bf9e4e-6ad7-4c16-99d8-79ef8a32889d-1-1 srcdir=foreach-20120530-1130-70kq9k9e/shared/_concurrent srchost=localhost destdir=_concurrent desthost=localhost provider=file
2012-05-30 11:30:59,874-0500 INFO  LateBindingScheduler JobQueue: 1
2012-05-30 11:30:59,880-0500 INFO  LateBindingScheduler JobQueue: 1
2012-05-30 11:30:59,882-0500 DEBUG vdl:dostageout FILE_STAGE_OUT_END srcname=c-e3bf9e4e-6ad7-4c16-99d8-79ef8a32889d-1-1 srcdir=foreach-20120530-1130-70kq9k9e/shared/_concurrent srchost=localhost destdir=_concurrent desthost=localhost provider=file
2012-05-30 11:30:59,883-0500 INFO  LateBindingScheduler JobQueue: 1
2012-05-30 11:30:59,887-0500 INFO  vdl:dostageout END jobid=sh-sjk0m2sk - Staging out finished
2012-05-30 11:30:59,891-0500 DEBUG vdl:execute2 JOB_END jobid=sh-sjk0m2sk
2012-05-30 11:30:59,892-0500 INFO  vdl:execute END_SUCCESS thread=0-1-1-1 tr=sh
2012-05-30 11:30:59,894-0500 DEBUG countwords PROCEDURE_END line=4
2012-05-30 11:30:59,896-0500 DEBUG vdl:mains FOREACH_IT_END line=12 thread=0-1-1
2012-05-30 11:31:00,384-0500 INFO  WeightedHostScoreScheduler CONTACT_SELECTED host=localhost, score=1.995
2012-05-30 11:31:00,391-0500 DEBUG vdl:execute2 THREAD_ASSOCIATION jobid=sh-tjk0m2sk thread=0-1-0-1-1 host=localhost replicationGroup=rjk0m2sk
2012-05-30 11:31:00,401-0500 INFO  vdl:createdirset START jobid=sh-tjk0m2sk host=localhost - Initializing directory structure
2012-05-30 11:31:00,402-0500 INFO  vdl:createdirset END jobid=sh-tjk0m2sk - Done initializing directory structure
2012-05-30 11:31:00,404-0500 INFO  vdl:dostagein START jobid=sh-tjk0m2sk - Staging in files
2012-05-30 11:31:00,411-0500 INFO  LateBindingScheduler JobQueue: 0
2012-05-30 11:31:00,412-0500 DEBUG vdl:dostagein CDM: file://localhost/scott3a.sh : DEFAULT
2012-05-30 11:31:00,416-0500 DEBUG vdl:dostageinfile FILE_STAGE_IN_START file=scott3a.sh srchost=localhost srcdir= srcname=scott3a.sh desthost=localhost destdir=foreach-20120530-1130-70kq9k9e/shared/ provider=file policy=DEFAULT
2012-05-30 11:31:00,421-0500 INFO  LateBindingScheduler JobQueue: 0
2012-05-30 11:31:00,423-0500 DEBUG vdl:dostageinfile FILE_STAGE_IN_END file=scott3a.sh srchost=localhost srcdir= srcname=scott3a.sh desthost=localhost destdir=foreach-20120530-1130-70kq9k9e/shared/ provider=file
2012-05-30 11:31:00,424-0500 INFO  vdl:dostagein END jobid=sh-tjk0m2sk - Staging in finished
2012-05-30 11:31:00,426-0500 DEBUG vdl:execute2 JOB_START jobid=sh-tjk0m2sk tr=sh arguments=[scott3a.sh] tmpdir=foreach-20120530-1130-70kq9k9e/jobs/t/sh-tjk0m2sk host=localhost
2012-05-30 11:31:00,436-0500 INFO  GridExec TASK_DEFINITION: Task(type=JOB_SUBMISSION, identity=urn:0-1-0-1-1-1338395458249) is /bin/bash shared/_swiftwrap sh-tjk0m2sk -jobdir t -scratch  -e /bin/sh -out _concurrent/c-e3bf9e4e-6ad7-4c16-99d8-79ef8a32889d-1-0 -err stderr.txt -i -d _concurrent -if scott3a.sh -of _concurrent/c-e3bf9e4e-6ad7-4c16-99d8-79ef8a32889d-1-0 -k  -cdmfile  -status files -a scott3a.sh
2012-05-30 11:31:00,437-0500 INFO  JobSubmissionTaskHandler Submit: in: /var/tmp/foreach-20120530-1130-70kq9k9e command: /bin/bash /var/tmp/foreach-20120530-1130-70kq9k9e/shared/_swiftwrap sh-tjk0m2sk -jobdir t -scratch  -e /bin/sh -out _concurrent/c-e3bf9e4e-6ad7-4c16-99d8-79ef8a32889d-1-0 -err stderr.txt -i -d _concurrent -if scott3a.sh -of _concurrent/c-e3bf9e4e-6ad7-4c16-99d8-79ef8a32889d-1-0 -k  -cdmfile  -status files -a scott3a.sh
2012-05-30 11:31:00,784-0500 INFO  LateBindingScheduler JobQueue: 0
2012-05-30 11:31:00,789-0500 DEBUG vdl:checkjobstatus START jobid=sh-tjk0m2sk
2012-05-30 11:31:00,793-0500 INFO  LateBindingScheduler JobQueue: 0
2012-05-30 11:31:00,795-0500 INFO  vdl:checkjobstatus SUCCESS jobid=sh-tjk0m2sk - Success file found
2012-05-30 11:31:00,799-0500 DEBUG vdl:execute2 STAGING_OUT jobid=sh-tjk0m2sk
2012-05-30 11:31:00,802-0500 INFO  vdl:dostageout START jobid=sh-tjk0m2sk - Staging out files
2012-05-30 11:31:00,803-0500 DEBUG vdl:dostageout stageouts: [[$, c:countfile - Open]]
2012-05-30 11:31:00,820-0500 DEBUG vdl:dostageout FILE_STAGE_OUT_START srcname=c-e3bf9e4e-6ad7-4c16-99d8-79ef8a32889d-1-0 srcdir=foreach-20120530-1130-70kq9k9e/shared/_concurrent srchost=localhost destdir=_concurrent desthost=localhost provider=file
2012-05-30 11:31:00,823-0500 INFO  LateBindingScheduler JobQueue: 0
2012-05-30 11:31:00,832-0500 INFO  LateBindingScheduler JobQueue: 0
2012-05-30 11:31:00,836-0500 DEBUG vdl:dostageout FILE_STAGE_OUT_END srcname=c-e3bf9e4e-6ad7-4c16-99d8-79ef8a32889d-1-0 srcdir=foreach-20120530-1130-70kq9k9e/shared/_concurrent srchost=localhost destdir=_concurrent desthost=localhost provider=file
2012-05-30 11:31:00,840-0500 INFO  LateBindingScheduler JobQueue: 0
2012-05-30 11:31:00,847-0500 INFO  vdl:dostageout END jobid=sh-tjk0m2sk - Staging out finished
2012-05-30 11:31:00,853-0500 DEBUG vdl:execute2 JOB_END jobid=sh-tjk0m2sk
2012-05-30 11:31:00,855-0500 INFO  vdl:execute END_SUCCESS thread=0-1-0-1 tr=sh
2012-05-30 11:31:00,857-0500 DEBUG countwords PROCEDURE_END line=4
2012-05-30 11:31:00,859-0500 DEBUG vdl:mains FOREACH_IT_END line=12 thread=0-1-0
2012-05-30 11:31:00,881-0500 DEBUG vdl:mains Starting cleanups
2012-05-30 11:31:00,882-0500 INFO  vdl:cleanups START cleanups=[[foreach-20120530-1130-70kq9k9e, localhost]]
2012-05-30 11:31:00,883-0500 INFO  vdl:cleanup START dir=foreach-20120530-1130-70kq9k9e host=localhost
2012-05-30 11:31:00,883-0500 DEBUG vdl:cleanup cdmfile 
2012-05-30 11:31:00,886-0500 INFO  GridExec TASK_DEFINITION: Task(type=JOB_SUBMISSION, identity=urn:0-1-1338395458260) is /bin/rm -rf foreach-20120530-1130-70kq9k9e
2012-05-30 11:31:00,887-0500 INFO  JobSubmissionTaskHandler Submit: in: /var/tmp command: /bin/rm -rf foreach-20120530-1130-70kq9k9e
2012-05-30 11:31:00,888-0500 INFO  LateBindingScheduler JobQueue: 0
2012-05-30 11:31:00,890-0500 INFO  vdl:cleanup END dir=foreach-20120530-1130-70kq9k9e host=localhost
2012-05-30 11:31:00,891-0500 INFO  vdl:cleanups END cleanups=[[foreach-20120530-1130-70kq9k9e, localhost]]
2012-05-30 11:31:00,891-0500 DEBUG vdl:mains Ending cleanups
2012-05-30 11:31:00,893-0500 INFO  Loader Swift finished with no errors
