2012-05-30 13:27:27,033-0500 DEBUG Loader arguments: [/home/skrieder/swift/multi/foreach.swift]
2012-05-30 13:27:27,033-0500 DEBUG Loader Max heap: 252248064
2012-05-30 13:27:27,034-0500 DEBUG textfiles BEGIN SWIFTSCRIPT:
type messagefile; 
type countfile; 

app (countfile t) countwords (messagefile f) {   
     sh @filename(f) stdout=@filename(t);
}

string inputNames = "scott3a.sh scott3b.sh scott3c.sh";

messagefile inputfiles[] <fixed_array_mapper;files=inputNames>;

foreach f in inputfiles {
  countfile c;
  c = countwords(f);
}


2012-05-30 13:27:27,034-0500 DEBUG textfiles END SWIFTSCRIPT:
2012-05-30 13:27:27,034-0500 DEBUG Loader kmlversion is >239b8550-a5ff-44be-a124-5e7ecd70737d<
2012-05-30 13:27:27,034-0500 DEBUG Loader build version is >239b8550-a5ff-44be-a124-5e7ecd70737d<
2012-05-30 13:27:27,034-0500 DEBUG Loader Recompilation suppressed.
2012-05-30 13:27:27,182-0500 DEBUG textfiles using default sites file
2012-05-30 13:27:27,186-0500 INFO  VDL2ExecutionContext Stack dump:
Level 1
[iA = 0, iB = 0, bA = false, bB = false]
	vdl:instanceconfig = Swift configuration []
	vdl:operation = run
	swift.home = /usr/local/swift/bin/..
	PATH_SEPARATOR = /


2012-05-30 13:27:27,856-0500 INFO  unknown Using sites file: /usr/local/swift/bin/../etc/sites.xml
2012-05-30 13:27:27,895-0500 INFO  unknown Using tc.data: /usr/local/swift/bin/../etc/tc.data
2012-05-30 13:27:27,999-0500 WARN  File On line 24in File /usr/local/swift/bin/../etc/tc.data

java.lang.IllegalStateException: Error : Illegal TCType defined. Please specify one of the predefined types 
 [INSTALLED, SOURCE, STATIC_BINARY, DYNAMIC_BINARY, PACMAN_PACKAGE, SCRIPT]
	at org.globus.swift.catalog.types.TCType.fromValue(TCType.java:73)
	at org.globus.swift.catalog.types.TCType.fromString(TCType.java:85)
	at org.globus.swift.catalog.transformation.File.populateTC(File.java:1085)
	at org.globus.swift.catalog.transformation.File.populateTC(File.java:1034)
	at org.globus.swift.catalog.transformation.File.<init>(File.java:149)
	at org.globus.swift.catalog.transformation.File.getNonSingletonInstance(File.java:116)
	at org.griphyn.vdl.karajan.VDSAdaptiveScheduler.setProperty(VDSAdaptiveScheduler.java:71)
	at org.globus.cog.karajan.workflow.nodes.grid.SchedulerNode.newScheduler(SchedulerNode.java:104)
	at org.globus.cog.karajan.workflow.nodes.grid.SchedulerNode.post(SchedulerNode.java:63)
	at org.globus.cog.karajan.workflow.nodes.AbstractSequentialWithArguments.completed(AbstractSequentialWithArguments.java:194)
	at org.globus.cog.karajan.workflow.nodes.FlowNode.complete(FlowNode.java:214)
	at org.globus.cog.karajan.workflow.nodes.FlowContainer.post(FlowContainer.java:58)
	at org.globus.cog.karajan.workflow.nodes.AbstractSequentialWithArguments.completed(AbstractSequentialWithArguments.java:194)
	at org.globus.cog.karajan.workflow.nodes.user.UserDefinedElement.completed(UserDefinedElement.java:286)
	at org.globus.cog.karajan.workflow.nodes.user.SequentialImplicitExecutionUDE.completed(SequentialImplicitExecutionUDE.java:89)
	at org.globus.cog.karajan.workflow.nodes.FlowNode.complete(FlowNode.java:214)
	at org.globus.cog.karajan.workflow.nodes.FlowContainer.post(FlowContainer.java:58)
	at org.globus.cog.karajan.workflow.nodes.functions.AbstractFunction.post(AbstractFunction.java:28)
	at org.globus.cog.karajan.workflow.nodes.AbstractSequentialWithArguments.completed(AbstractSequentialWithArguments.java:194)
	at org.globus.cog.karajan.workflow.nodes.FlowNode.complete(FlowNode.java:214)
	at org.globus.cog.karajan.workflow.nodes.ExecuteFile.completed(ExecuteFile.java:158)
	at org.globus.cog.karajan.workflow.nodes.FlowNode.complete(FlowNode.java:214)
	at org.globus.cog.karajan.workflow.nodes.FlowContainer.post(FlowContainer.java:58)
	at org.globus.cog.karajan.workflow.nodes.Sequential.startNext(Sequential.java:29)
	at org.globus.cog.karajan.workflow.nodes.Sequential.completed(Sequential.java:24)
	at org.globus.cog.karajan.workflow.nodes.FlowNode.complete(FlowNode.java:214)
	at org.globus.cog.karajan.workflow.nodes.FlowContainer.post(FlowContainer.java:58)
	at org.globus.cog.karajan.workflow.nodes.AbstractSequentialWithArguments.completed(AbstractSequentialWithArguments.java:194)
	at org.globus.cog.karajan.workflow.nodes.user.UserDefinedElement.completed(UserDefinedElement.java:286)
	at org.globus.cog.karajan.workflow.nodes.user.SequentialImplicitExecutionUDE.completed(SequentialImplicitExecutionUDE.java:89)
	at org.globus.cog.karajan.workflow.nodes.FlowNode.complete(FlowNode.java:214)
	at org.globus.cog.karajan.workflow.nodes.FlowContainer.post(FlowContainer.java:58)
	at org.globus.cog.karajan.workflow.nodes.functions.AbstractFunction.post(AbstractFunction.java:28)
	at org.globus.cog.karajan.workflow.nodes.AbstractSequentialWithArguments.completed(AbstractSequentialWithArguments.java:194)
	at org.globus.cog.karajan.workflow.nodes.FlowNode.complete(FlowNode.java:214)
	at org.globus.cog.karajan.workflow.nodes.FlowContainer.post(FlowContainer.java:58)
	at org.globus.cog.karajan.workflow.nodes.AbstractSequentialWithArguments.completed(AbstractSequentialWithArguments.java:194)
	at org.globus.cog.karajan.workflow.nodes.PartialArgumentsContainer.nonArgChildCompleted(PartialArgumentsContainer.java:105)
	at org.globus.cog.karajan.workflow.nodes.PartialArgumentsContainer.completed(PartialArgumentsContainer.java:86)
	at org.globus.cog.karajan.workflow.nodes.FlowNode.complete(FlowNode.java:214)
	at org.globus.cog.karajan.workflow.nodes.Maybe.failed(Maybe.java:23)
	at org.globus.cog.karajan.workflow.nodes.FlowNode.failImmediately(FlowNode.java:89)
	at org.globus.cog.karajan.workflow.nodes.FlowNode.failed(FlowNode.java:245)
	at org.globus.cog.karajan.workflow.nodes.FlowNode.failImmediately(FlowNode.java:89)
	at org.globus.cog.karajan.workflow.nodes.FlowNode.restart(FlowNode.java:151)
	at org.globus.cog.karajan.workflow.nodes.FlowNode.start(FlowNode.java:197)
	at org.globus.cog.karajan.workflow.FlowElementWrapper.start(FlowElementWrapper.java:227)
	at org.globus.cog.karajan.workflow.events.EventBus.start(EventBus.java:104)
	at org.globus.cog.karajan.workflow.events.EventTargetPair.run(EventTargetPair.java:40)
	at java.util.concurrent.Executors$RunnableAdapter.call(Executors.java:471)
	at java.util.concurrent.FutureTask$Sync.innerRun(FutureTask.java:334)
	at java.util.concurrent.FutureTask.run(FutureTask.java:166)
	at java.util.concurrent.ThreadPoolExecutor.runWorker(ThreadPoolExecutor.java:1110)
	at java.util.concurrent.ThreadPoolExecutor$Worker.run(ThreadPoolExecutor.java:603)
	at java.lang.Thread.run(Thread.java:722)
2012-05-30 13:27:28,007-0500 INFO  AbstractScheduler Setting resources to: {localhost=localhost}
2012-05-30 13:27:28,772-0500 INFO  unknown Swift 0.93 swift-r5483 cog-r3339

2012-05-30 13:27:28,772-0500 INFO  unknown RUNID id=run:20120530-1327-j6qbm5g6
2012-05-30 13:27:28,820-0500 INFO  SetFieldValue Set: inputNames=scott3a.sh scott3b.sh scott3c.sh
2012-05-30 13:27:28,841-0500 INFO  RootDataNode Found data inputfiles:messagefile[] - Open.[0]
2012-05-30 13:27:28,842-0500 INFO  RootDataNode Found data inputfiles:messagefile[] - Open.[1]
2012-05-30 13:27:28,842-0500 INFO  RootDataNode Found data inputfiles:messagefile[] - Open.[2]
2012-05-30 13:27:28,845-0500 DEBUG vdl:mains FOREACH_IT_START line=12 thread=0-1-1
2012-05-30 13:27:28,845-0500 DEBUG vdl:mains FOREACH_IT_START line=12 thread=0-1-0
2012-05-30 13:27:28,845-0500 DEBUG vdl:mains FOREACH_IT_START line=12 thread=0-1-2
2012-05-30 13:27:28,846-0500 DEBUG vdl:mains SCOPE thread=0-1-1
2012-05-30 13:27:28,846-0500 DEBUG vdl:mains SCOPE thread=0-1-0
2012-05-30 13:27:28,846-0500 DEBUG vdl:mains SCOPE thread=0-1-2
2012-05-30 13:27:28,857-0500 DEBUG countwords PROCEDURE line=4 thread=0-1-0-1 name=countwords
2012-05-30 13:27:28,857-0500 DEBUG countwords PROCEDURE line=4 thread=0-1-2-1 name=countwords
2012-05-30 13:27:28,857-0500 DEBUG countwords PROCEDURE line=4 thread=0-1-1-1 name=countwords
2012-05-30 13:27:28,868-0500 INFO  vdl:execute START thread=0-1-2-1 tr=sh
2012-05-30 13:27:28,868-0500 INFO  vdl:execute START thread=0-1-0-1 tr=sh
2012-05-30 13:27:28,868-0500 INFO  vdl:execute START thread=0-1-1-1 tr=sh
2012-05-30 13:27:28,887-0500 INFO  WeightedHostScoreScheduler CONTACT_SELECTED host=localhost, score=1.000
2012-05-30 13:27:28,893-0500 INFO  GlobalSubmitQueue No global submit throttle set. Using default (1024)
2012-05-30 13:27:28,898-0500 INFO  LateBindingScheduler JobQueue: 2
2012-05-30 13:27:28,902-0500 INFO  LateBindingScheduler JobQueue: 2
2012-05-30 13:27:28,907-0500 INFO  vdl:initshareddir START host=localhost - Initializing shared directory
2012-05-30 13:27:28,912-0500 INFO  LateBindingScheduler JobQueue: 2
2012-05-30 13:27:28,941-0500 INFO  LateBindingScheduler JobQueue: 2
2012-05-30 13:27:28,944-0500 INFO  LateBindingScheduler JobQueue: 2
2012-05-30 13:27:28,947-0500 INFO  LateBindingScheduler JobQueue: 2
2012-05-30 13:27:28,952-0500 INFO  LateBindingScheduler JobQueue: 2
2012-05-30 13:27:28,956-0500 INFO  LateBindingScheduler JobQueue: 2
2012-05-30 13:27:28,958-0500 INFO  vdl:initshareddir END host=localhost - Done initializing shared directory
2012-05-30 13:27:28,961-0500 DEBUG vdl:execute2 THREAD_ASSOCIATION jobid=sh-ndlnq2sk thread=0-1-0-1-1 host=localhost replicationGroup=ldlnq2sk
2012-05-30 13:27:28,969-0500 INFO  vdl:createdirset START jobid=sh-ndlnq2sk host=localhost - Initializing directory structure
2012-05-30 13:27:28,971-0500 INFO  vdl:createdirs START path=_concurrent dir=foreach-20120530-1327-j6qbm5g6/shared - Creating directory structure
2012-05-30 13:27:28,972-0500 INFO  LateBindingScheduler JobQueue: 2
2012-05-30 13:27:28,973-0500 INFO  vdl:createdirset END jobid=sh-ndlnq2sk - Done initializing directory structure
2012-05-30 13:27:28,976-0500 INFO  vdl:dostagein START jobid=sh-ndlnq2sk - Staging in files
2012-05-30 13:27:28,992-0500 INFO  LateBindingScheduler JobQueue: 2
2012-05-30 13:27:29,004-0500 DEBUG vdl:dostagein CDM: file://localhost/scott3a.sh : DEFAULT
2012-05-30 13:27:29,014-0500 DEBUG vdl:dostageinfile FILE_STAGE_IN_START file=scott3a.sh srchost=localhost srcdir= srcname=scott3a.sh desthost=localhost destdir=foreach-20120530-1327-j6qbm5g6/shared/ provider=file policy=DEFAULT
2012-05-30 13:27:29,018-0500 INFO  LateBindingScheduler JobQueue: 2
2012-05-30 13:27:29,021-0500 DEBUG vdl:dostageinfile FILE_STAGE_IN_END file=scott3a.sh srchost=localhost srcdir= srcname=scott3a.sh desthost=localhost destdir=foreach-20120530-1327-j6qbm5g6/shared/ provider=file
2012-05-30 13:27:29,023-0500 INFO  vdl:dostagein END jobid=sh-ndlnq2sk - Staging in finished
2012-05-30 13:27:29,025-0500 DEBUG vdl:execute2 JOB_START jobid=sh-ndlnq2sk tr=sh arguments=[scott3a.sh] tmpdir=foreach-20120530-1327-j6qbm5g6/jobs/n/sh-ndlnq2sk host=localhost
2012-05-30 13:27:29,029-0500 DEBUG textfiles BEGIN TC:
#This is the transformation catalog.
#
#It comes pre-configured with a number of simple transformations with
#paths that are likely to work on a linux box. However, on some systems,
#the paths to these executables will be different (for example, sometimes
#some of these programs are found in /usr/bin rather than in /bin)
#
#NOTE WELL: fields in this file must be separated by tabs, not spaces; and
#there must be no trailing whitespace at the end of each line.
#
# sitename  transformation  path   INSTALLED  platform  profiles
localhost 	echo 		/bin/echo	INSTALLED	INTEL32::LINUX	null
localhost 	cat 		/bin/cat	INSTALLED	INTEL32::LINUX	null
localhost 	ls 		/bin/ls		INSTALLED	INTEL32::LINUX	null
localhost 	grep 		/bin/grep	INSTALLED	INTEL32::LINUX	null
localhost 	sort 		/bin/sort	INSTALLED	INTEL32::LINUX	null
localhost 	paste 		/bin/paste	INSTALLED	INTEL32::LINUX	null
localhost 	cp 		/bin/cp         INSTALLED	INTEL32::LINUX	null
localhost 	touch 		/bin/touch      INSTALLED	INTEL32::LINUX	null
localhost	wc		/usr/bin/wc	INSTALLED	INTEL32::LINUX	null
localhost	sh		/bin/sh		INSTALLED	INTEL32::LINUX	null
localhost	sleep		/bin/sleep	INSTALLED	INTEL32::LINUX	null
localhost	tr		/usr/bin/tr	INSTALLED	INTEL32::LINUX	null
localhost	scott.sh	/Users/scottkrieder/swift/examples/swift/tutorial/scott.sh	INTSALLED	INTEL32::LINUX	null


2012-05-30 13:27:29,029-0500 DEBUG textfiles END TC:
2012-05-30 13:27:29,031-0500 WARN  File On line 24in File /usr/local/swift/bin/../etc/tc.data

java.lang.IllegalStateException: Error : Illegal TCType defined. Please specify one of the predefined types 
 [INSTALLED, SOURCE, STATIC_BINARY, DYNAMIC_BINARY, PACMAN_PACKAGE, SCRIPT]
	at org.globus.swift.catalog.types.TCType.fromValue(TCType.java:73)
	at org.globus.swift.catalog.types.TCType.fromString(TCType.java:85)
	at org.globus.swift.catalog.transformation.File.populateTC(File.java:1085)
	at org.globus.swift.catalog.transformation.File.populateTC(File.java:1034)
	at org.globus.swift.catalog.transformation.File.<init>(File.java:149)
	at org.globus.swift.catalog.transformation.File.getNonSingletonInstance(File.java:116)
	at org.griphyn.vdl.karajan.lib.VDLFunction.getTC(VDLFunction.java:492)
	at org.griphyn.vdl.karajan.lib.Executable.function(Executable.java:24)
	at org.griphyn.vdl.karajan.lib.VDLFunction.post(VDLFunction.java:62)
	at org.globus.cog.karajan.workflow.nodes.AbstractSequentialWithArguments.completed(AbstractSequentialWithArguments.java:194)
	at org.globus.cog.karajan.workflow.nodes.FlowNode.complete(FlowNode.java:214)
	at org.globus.cog.karajan.workflow.nodes.FlowContainer.post(FlowContainer.java:58)
	at org.globus.cog.karajan.workflow.nodes.functions.AbstractFunction.post(AbstractFunction.java:28)
	at org.globus.cog.karajan.workflow.nodes.Sequential.startNext(Sequential.java:29)
	at org.globus.cog.karajan.workflow.nodes.Sequential.executeChildren(Sequential.java:20)
	at org.globus.cog.karajan.workflow.nodes.FlowContainer.execute(FlowContainer.java:63)
	at org.globus.cog.karajan.workflow.nodes.FlowNode.restart(FlowNode.java:139)
	at org.globus.cog.karajan.workflow.nodes.FlowNode.start(FlowNode.java:197)
	at org.globus.cog.karajan.workflow.FlowElementWrapper.start(FlowElementWrapper.java:227)
	at org.globus.cog.karajan.workflow.events.EventBus.start(EventBus.java:104)
	at org.globus.cog.karajan.workflow.events.EventTargetPair.run(EventTargetPair.java:40)
	at java.util.concurrent.Executors$RunnableAdapter.call(Executors.java:471)
	at java.util.concurrent.FutureTask$Sync.innerRun(FutureTask.java:334)
	at java.util.concurrent.FutureTask.run(FutureTask.java:166)
	at java.util.concurrent.ThreadPoolExecutor.runWorker(ThreadPoolExecutor.java:1110)
	at java.util.concurrent.ThreadPoolExecutor$Worker.run(ThreadPoolExecutor.java:603)
	at java.lang.Thread.run(Thread.java:722)
2012-05-30 13:27:29,040-0500 INFO  GridExec TASK_DEFINITION: Task(type=JOB_SUBMISSION, identity=urn:0-1-0-1-1-1338402447891) is /bin/bash shared/_swiftwrap sh-ndlnq2sk -jobdir n -scratch  -e /bin/sh -out _concurrent/c-a6c9405f-a858-4be4-a55b-443dfcc11a20-1-0 -err stderr.txt -i -d _concurrent -if scott3a.sh -of _concurrent/c-a6c9405f-a858-4be4-a55b-443dfcc11a20-1-0 -k  -cdmfile  -status files -a scott3a.sh
2012-05-30 13:27:29,057-0500 INFO  JobSubmissionTaskHandler Submit: in: /var/tmp/foreach-20120530-1327-j6qbm5g6 command: /bin/bash /var/tmp/foreach-20120530-1327-j6qbm5g6/shared/_swiftwrap sh-ndlnq2sk -jobdir n -scratch  -e /bin/sh -out _concurrent/c-a6c9405f-a858-4be4-a55b-443dfcc11a20-1-0 -err stderr.txt -i -d _concurrent -if scott3a.sh -of _concurrent/c-a6c9405f-a858-4be4-a55b-443dfcc11a20-1-0 -k  -cdmfile  -status files -a scott3a.sh
2012-05-30 13:27:29,432-0500 INFO  LateBindingScheduler JobQueue: 2
2012-05-30 13:27:29,438-0500 DEBUG vdl:checkjobstatus START jobid=sh-ndlnq2sk
2012-05-30 13:27:29,441-0500 INFO  LateBindingScheduler JobQueue: 2
2012-05-30 13:27:29,443-0500 INFO  vdl:checkjobstatus SUCCESS jobid=sh-ndlnq2sk - Success file found
2012-05-30 13:27:29,446-0500 DEBUG vdl:execute2 STAGING_OUT jobid=sh-ndlnq2sk
2012-05-30 13:27:29,450-0500 INFO  vdl:dostageout START jobid=sh-ndlnq2sk - Staging out files
2012-05-30 13:27:29,451-0500 DEBUG vdl:dostageout stageouts: [[$, c:countfile - Open]]
2012-05-30 13:27:29,469-0500 DEBUG vdl:dostageout FILE_STAGE_OUT_START srcname=c-a6c9405f-a858-4be4-a55b-443dfcc11a20-1-0 srcdir=foreach-20120530-1327-j6qbm5g6/shared/_concurrent srchost=localhost destdir=_concurrent desthost=localhost provider=file
2012-05-30 13:27:29,472-0500 INFO  LateBindingScheduler JobQueue: 2
2012-05-30 13:27:29,481-0500 INFO  LateBindingScheduler JobQueue: 2
2012-05-30 13:27:29,483-0500 DEBUG vdl:dostageout FILE_STAGE_OUT_END srcname=c-a6c9405f-a858-4be4-a55b-443dfcc11a20-1-0 srcdir=foreach-20120530-1327-j6qbm5g6/shared/_concurrent srchost=localhost destdir=_concurrent desthost=localhost provider=file
2012-05-30 13:27:29,487-0500 INFO  LateBindingScheduler JobQueue: 2
2012-05-30 13:27:29,489-0500 INFO  vdl:dostageout END jobid=sh-ndlnq2sk - Staging out finished
2012-05-30 13:27:29,492-0500 DEBUG vdl:execute2 JOB_END jobid=sh-ndlnq2sk
2012-05-30 13:27:29,493-0500 INFO  vdl:execute END_SUCCESS thread=0-1-0-1 tr=sh
2012-05-30 13:27:29,494-0500 DEBUG countwords PROCEDURE_END line=4
2012-05-30 13:27:29,494-0500 DEBUG vdl:mains FOREACH_IT_END line=12 thread=0-1-0
2012-05-30 13:27:29,988-0500 INFO  WeightedHostScoreScheduler CONTACT_SELECTED host=localhost, score=1.995
2012-05-30 13:27:29,994-0500 DEBUG vdl:execute2 THREAD_ASSOCIATION jobid=sh-odlnq2sk thread=0-1-1-1-1 host=localhost replicationGroup=mdlnq2sk
2012-05-30 13:27:30,004-0500 INFO  vdl:createdirset START jobid=sh-odlnq2sk host=localhost - Initializing directory structure
2012-05-30 13:27:30,006-0500 INFO  vdl:createdirset END jobid=sh-odlnq2sk - Done initializing directory structure
2012-05-30 13:27:30,008-0500 INFO  vdl:dostagein START jobid=sh-odlnq2sk - Staging in files
2012-05-30 13:27:30,014-0500 INFO  LateBindingScheduler JobQueue: 1
2012-05-30 13:27:30,016-0500 DEBUG vdl:dostagein CDM: file://localhost/scott3b.sh : DEFAULT
2012-05-30 13:27:30,020-0500 DEBUG vdl:dostageinfile FILE_STAGE_IN_START file=scott3b.sh srchost=localhost srcdir= srcname=scott3b.sh desthost=localhost destdir=foreach-20120530-1327-j6qbm5g6/shared/ provider=file policy=DEFAULT
2012-05-30 13:27:30,025-0500 INFO  LateBindingScheduler JobQueue: 1
2012-05-30 13:27:30,026-0500 DEBUG vdl:dostageinfile FILE_STAGE_IN_END file=scott3b.sh srchost=localhost srcdir= srcname=scott3b.sh desthost=localhost destdir=foreach-20120530-1327-j6qbm5g6/shared/ provider=file
2012-05-30 13:27:30,027-0500 INFO  vdl:dostagein END jobid=sh-odlnq2sk - Staging in finished
2012-05-30 13:27:30,029-0500 DEBUG vdl:execute2 JOB_START jobid=sh-odlnq2sk tr=sh arguments=[scott3b.sh] tmpdir=foreach-20120530-1327-j6qbm5g6/jobs/o/sh-odlnq2sk host=localhost
2012-05-30 13:27:30,039-0500 INFO  GridExec TASK_DEFINITION: Task(type=JOB_SUBMISSION, identity=urn:0-1-1-1-1-1338402447907) is /bin/bash shared/_swiftwrap sh-odlnq2sk -jobdir o -scratch  -e /bin/sh -out _concurrent/c-a6c9405f-a858-4be4-a55b-443dfcc11a20-1-1 -err stderr.txt -i -d _concurrent -if scott3b.sh -of _concurrent/c-a6c9405f-a858-4be4-a55b-443dfcc11a20-1-1 -k  -cdmfile  -status files -a scott3b.sh
2012-05-30 13:27:30,040-0500 INFO  JobSubmissionTaskHandler Submit: in: /var/tmp/foreach-20120530-1327-j6qbm5g6 command: /bin/bash /var/tmp/foreach-20120530-1327-j6qbm5g6/shared/_swiftwrap sh-odlnq2sk -jobdir o -scratch  -e /bin/sh -out _concurrent/c-a6c9405f-a858-4be4-a55b-443dfcc11a20-1-1 -err stderr.txt -i -d _concurrent -if scott3b.sh -of _concurrent/c-a6c9405f-a858-4be4-a55b-443dfcc11a20-1-1 -k  -cdmfile  -status files -a scott3b.sh
2012-05-30 13:27:30,388-0500 INFO  LateBindingScheduler JobQueue: 1
2012-05-30 13:27:30,390-0500 DEBUG vdl:checkjobstatus START jobid=sh-odlnq2sk
2012-05-30 13:27:30,391-0500 INFO  LateBindingScheduler JobQueue: 1
2012-05-30 13:27:30,392-0500 INFO  vdl:checkjobstatus SUCCESS jobid=sh-odlnq2sk - Success file found
2012-05-30 13:27:30,392-0500 DEBUG vdl:execute2 STAGING_OUT jobid=sh-odlnq2sk
2012-05-30 13:27:30,394-0500 INFO  vdl:dostageout START jobid=sh-odlnq2sk - Staging out files
2012-05-30 13:27:30,394-0500 DEBUG vdl:dostageout stageouts: [[$, c:countfile - Open]]
2012-05-30 13:27:30,396-0500 DEBUG vdl:dostageout FILE_STAGE_OUT_START srcname=c-a6c9405f-a858-4be4-a55b-443dfcc11a20-1-1 srcdir=foreach-20120530-1327-j6qbm5g6/shared/_concurrent srchost=localhost destdir=_concurrent desthost=localhost provider=file
2012-05-30 13:27:30,397-0500 INFO  LateBindingScheduler JobQueue: 1
2012-05-30 13:27:30,402-0500 INFO  LateBindingScheduler JobQueue: 1
2012-05-30 13:27:30,403-0500 DEBUG vdl:dostageout FILE_STAGE_OUT_END srcname=c-a6c9405f-a858-4be4-a55b-443dfcc11a20-1-1 srcdir=foreach-20120530-1327-j6qbm5g6/shared/_concurrent srchost=localhost destdir=_concurrent desthost=localhost provider=file
2012-05-30 13:27:30,405-0500 INFO  LateBindingScheduler JobQueue: 1
2012-05-30 13:27:30,410-0500 INFO  vdl:dostageout END jobid=sh-odlnq2sk - Staging out finished
2012-05-30 13:27:30,414-0500 DEBUG vdl:execute2 JOB_END jobid=sh-odlnq2sk
2012-05-30 13:27:30,415-0500 INFO  vdl:execute END_SUCCESS thread=0-1-1-1 tr=sh
2012-05-30 13:27:30,417-0500 DEBUG countwords PROCEDURE_END line=4
2012-05-30 13:27:30,419-0500 DEBUG vdl:mains FOREACH_IT_END line=12 thread=0-1-1
2012-05-30 13:27:30,906-0500 INFO  WeightedHostScoreScheduler CONTACT_SELECTED host=localhost, score=2.615
2012-05-30 13:27:30,917-0500 DEBUG vdl:execute2 THREAD_ASSOCIATION jobid=sh-pdlnq2sk thread=0-1-2-1-1 host=localhost replicationGroup=kdlnq2sk
2012-05-30 13:27:30,935-0500 INFO  vdl:createdirset START jobid=sh-pdlnq2sk host=localhost - Initializing directory structure
2012-05-30 13:27:30,940-0500 INFO  vdl:createdirset END jobid=sh-pdlnq2sk - Done initializing directory structure
2012-05-30 13:27:30,943-0500 INFO  vdl:dostagein START jobid=sh-pdlnq2sk - Staging in files
2012-05-30 13:27:30,954-0500 INFO  LateBindingScheduler JobQueue: 0
2012-05-30 13:27:30,956-0500 DEBUG vdl:dostagein CDM: file://localhost/scott3c.sh : DEFAULT
2012-05-30 13:27:30,962-0500 DEBUG vdl:dostageinfile FILE_STAGE_IN_START file=scott3c.sh srchost=localhost srcdir= srcname=scott3c.sh desthost=localhost destdir=foreach-20120530-1327-j6qbm5g6/shared/ provider=file policy=DEFAULT
2012-05-30 13:27:30,968-0500 INFO  LateBindingScheduler JobQueue: 0
2012-05-30 13:27:30,970-0500 DEBUG vdl:dostageinfile FILE_STAGE_IN_END file=scott3c.sh srchost=localhost srcdir= srcname=scott3c.sh desthost=localhost destdir=foreach-20120530-1327-j6qbm5g6/shared/ provider=file
2012-05-30 13:27:30,971-0500 INFO  vdl:dostagein END jobid=sh-pdlnq2sk - Staging in finished
2012-05-30 13:27:30,975-0500 DEBUG vdl:execute2 JOB_START jobid=sh-pdlnq2sk tr=sh arguments=[scott3c.sh] tmpdir=foreach-20120530-1327-j6qbm5g6/jobs/p/sh-pdlnq2sk host=localhost
2012-05-30 13:27:30,988-0500 INFO  GridExec TASK_DEFINITION: Task(type=JOB_SUBMISSION, identity=urn:0-1-2-1-1-1338402447923) is /bin/bash shared/_swiftwrap sh-pdlnq2sk -jobdir p -scratch  -e /bin/sh -out _concurrent/c-a6c9405f-a858-4be4-a55b-443dfcc11a20-1-2 -err stderr.txt -i -d _concurrent -if scott3c.sh -of _concurrent/c-a6c9405f-a858-4be4-a55b-443dfcc11a20-1-2 -k  -cdmfile  -status files -a scott3c.sh
2012-05-30 13:27:30,989-0500 INFO  JobSubmissionTaskHandler Submit: in: /var/tmp/foreach-20120530-1327-j6qbm5g6 command: /bin/bash /var/tmp/foreach-20120530-1327-j6qbm5g6/shared/_swiftwrap sh-pdlnq2sk -jobdir p -scratch  -e /bin/sh -out _concurrent/c-a6c9405f-a858-4be4-a55b-443dfcc11a20-1-2 -err stderr.txt -i -d _concurrent -if scott3c.sh -of _concurrent/c-a6c9405f-a858-4be4-a55b-443dfcc11a20-1-2 -k  -cdmfile  -status files -a scott3c.sh
2012-05-30 13:27:40,958-0500 INFO  LateBindingScheduler JobQueue: 0
2012-05-30 13:27:40,963-0500 DEBUG vdl:checkjobstatus START jobid=sh-pdlnq2sk
2012-05-30 13:27:40,975-0500 INFO  LateBindingScheduler JobQueue: 0
2012-05-30 13:27:40,977-0500 INFO  vdl:checkerrorfile FAILURE jobid=sh-pdlnq2sk - Failure file found
2012-05-30 13:27:40,982-0500 INFO  LateBindingScheduler JobQueue: 0
2012-05-30 13:27:40,987-0500 INFO  LateBindingScheduler JobQueue: 0
2012-05-30 13:27:40,990-0500 INFO  LateBindingScheduler JobQueue: 0
2012-05-30 13:27:40,994-0500 DEBUG vdl:execute2 STAGING_OUT jobid=sh-pdlnq2sk
2012-05-30 13:27:40,996-0500 INFO  vdl:dostageout START jobid=sh-pdlnq2sk - Staging out files
2012-05-30 13:27:40,997-0500 DEBUG vdl:dostageout stageouts: [[$, c:countfile - Open]]
2012-05-30 13:27:41,007-0500 DEBUG vdl:dostageout FILE_STAGE_OUT_START srcname=c-a6c9405f-a858-4be4-a55b-443dfcc11a20-1-2 srcdir=foreach-20120530-1327-j6qbm5g6/shared/_concurrent srchost=localhost destdir=_concurrent desthost=localhost provider=file
2012-05-30 13:27:41,009-0500 INFO  LateBindingScheduler JobQueue: 0
2012-05-30 13:27:41,040-0500 INFO  LateBindingScheduler JobQueue: 0
2012-05-30 13:27:41,042-0500 INFO  vdl:checkerrorfile NO_STATUS_FILE jobid=sh-pdlnq2sk - Error file missing
2012-05-30 13:27:41,049-0500 DEBUG vdl:execute2 APPLICATION_EXCEPTION jobid=sh-pdlnq2sk - Application exception: null
Caused by: org.globus.cog.abstraction.impl.file.FileNotFoundException: File not found: /var/tmp/foreach-20120530-1327-j6qbm5g6/shared/_concurrent/c-a6c9405f-a858-4be4-a55b-443dfcc11a20-1-2
2012-05-30 13:27:41,071-0500 INFO  LateBindingScheduler JobQueue: 0
2012-05-30 13:27:41,077-0500 INFO  LateBindingScheduler JobQueue: 0
2012-05-30 13:27:41,103-0500 INFO  LateBindingScheduler JobQueue: 0
2012-05-30 13:27:41,125-0500 INFO  WeightedHostScoreScheduler CONTACT_SELECTED host=localhost, score=0.000
2012-05-30 13:27:41,132-0500 DEBUG vdl:execute2 THREAD_ASSOCIATION jobid=sh-rdlnq2sk thread=0-1-2-1-1 host=localhost replicationGroup=qdlnq2sk
2012-05-30 13:27:41,141-0500 INFO  vdl:createdirset START jobid=sh-rdlnq2sk host=localhost - Initializing directory structure
2012-05-30 13:27:41,143-0500 INFO  vdl:createdirset END jobid=sh-rdlnq2sk - Done initializing directory structure
2012-05-30 13:27:41,145-0500 INFO  vdl:dostagein START jobid=sh-rdlnq2sk - Staging in files
2012-05-30 13:27:41,153-0500 INFO  LateBindingScheduler JobQueue: 0
2012-05-30 13:27:41,154-0500 DEBUG vdl:dostagein CDM: file://localhost/scott3c.sh : DEFAULT
2012-05-30 13:27:41,158-0500 INFO  vdl:dostagein END jobid=sh-rdlnq2sk - Staging in finished
2012-05-30 13:27:41,160-0500 DEBUG vdl:execute2 JOB_START jobid=sh-rdlnq2sk tr=sh arguments=[scott3c.sh] tmpdir=foreach-20120530-1327-j6qbm5g6/jobs/r/sh-rdlnq2sk host=localhost
2012-05-30 13:27:41,172-0500 INFO  GridExec TASK_DEFINITION: Task(type=JOB_SUBMISSION, identity=urn:0-1-2-1-1-1338402447965) is /bin/bash shared/_swiftwrap sh-rdlnq2sk -jobdir r -scratch  -e /bin/sh -out _concurrent/c-a6c9405f-a858-4be4-a55b-443dfcc11a20-1-2 -err stderr.txt -i -d _concurrent -if scott3c.sh -of _concurrent/c-a6c9405f-a858-4be4-a55b-443dfcc11a20-1-2 -k  -cdmfile  -status files -a scott3c.sh
2012-05-30 13:27:41,173-0500 INFO  JobSubmissionTaskHandler Submit: in: /var/tmp/foreach-20120530-1327-j6qbm5g6 command: /bin/bash /var/tmp/foreach-20120530-1327-j6qbm5g6/shared/_swiftwrap sh-rdlnq2sk -jobdir r -scratch  -e /bin/sh -out _concurrent/c-a6c9405f-a858-4be4-a55b-443dfcc11a20-1-2 -err stderr.txt -i -d _concurrent -if scott3c.sh -of _concurrent/c-a6c9405f-a858-4be4-a55b-443dfcc11a20-1-2 -k  -cdmfile  -status files -a scott3c.sh
2012-05-30 13:27:41,521-0500 INFO  LateBindingScheduler JobQueue: 0
2012-05-30 13:27:41,525-0500 DEBUG vdl:checkjobstatus START jobid=sh-rdlnq2sk
2012-05-30 13:27:41,528-0500 INFO  LateBindingScheduler JobQueue: 0
2012-05-30 13:27:41,529-0500 INFO  vdl:checkjobstatus SUCCESS jobid=sh-rdlnq2sk - Success file found
2012-05-30 13:27:41,530-0500 DEBUG vdl:execute2 STAGING_OUT jobid=sh-rdlnq2sk
2012-05-30 13:27:41,533-0500 INFO  vdl:dostageout START jobid=sh-rdlnq2sk - Staging out files
2012-05-30 13:27:41,533-0500 DEBUG vdl:dostageout stageouts: [[$, c:countfile - Open]]
2012-05-30 13:27:41,541-0500 DEBUG vdl:dostageout FILE_STAGE_OUT_START srcname=c-a6c9405f-a858-4be4-a55b-443dfcc11a20-1-2 srcdir=foreach-20120530-1327-j6qbm5g6/shared/_concurrent srchost=localhost destdir=_concurrent desthost=localhost provider=file
2012-05-30 13:27:41,543-0500 INFO  LateBindingScheduler JobQueue: 0
2012-05-30 13:27:41,550-0500 INFO  LateBindingScheduler JobQueue: 0
2012-05-30 13:27:41,552-0500 DEBUG vdl:dostageout FILE_STAGE_OUT_END srcname=c-a6c9405f-a858-4be4-a55b-443dfcc11a20-1-2 srcdir=foreach-20120530-1327-j6qbm5g6/shared/_concurrent srchost=localhost destdir=_concurrent desthost=localhost provider=file
2012-05-30 13:27:41,555-0500 INFO  LateBindingScheduler JobQueue: 0
2012-05-30 13:27:41,559-0500 INFO  vdl:dostageout END jobid=sh-rdlnq2sk - Staging out finished
2012-05-30 13:27:41,563-0500 DEBUG vdl:execute2 JOB_END jobid=sh-rdlnq2sk
2012-05-30 13:27:41,564-0500 INFO  vdl:execute END_SUCCESS thread=0-1-2-1 tr=sh
2012-05-30 13:27:41,566-0500 DEBUG countwords PROCEDURE_END line=4
2012-05-30 13:27:41,568-0500 DEBUG vdl:mains FOREACH_IT_END line=12 thread=0-1-2
2012-05-30 13:27:41,591-0500 DEBUG vdl:mains Starting cleanups
2012-05-30 13:27:41,591-0500 INFO  vdl:cleanups START cleanups=[[foreach-20120530-1327-j6qbm5g6, localhost]]
2012-05-30 13:27:41,593-0500 INFO  vdl:cleanup START dir=foreach-20120530-1327-j6qbm5g6 host=localhost
2012-05-30 13:27:41,593-0500 DEBUG vdl:cleanup cdmfile 
2012-05-30 13:27:41,596-0500 INFO  GridExec TASK_DEFINITION: Task(type=JOB_SUBMISSION, identity=urn:0-1-1338402447976) is /bin/rm -rf foreach-20120530-1327-j6qbm5g6
2012-05-30 13:27:41,597-0500 INFO  JobSubmissionTaskHandler Submit: in: /var/tmp command: /bin/rm -rf foreach-20120530-1327-j6qbm5g6
2012-05-30 13:27:41,598-0500 INFO  LateBindingScheduler JobQueue: 0
2012-05-30 13:27:41,598-0500 INFO  vdl:cleanup END dir=foreach-20120530-1327-j6qbm5g6 host=localhost
2012-05-30 13:27:41,600-0500 INFO  vdl:cleanups END cleanups=[[foreach-20120530-1327-j6qbm5g6, localhost]]
2012-05-30 13:27:41,600-0500 DEBUG vdl:mains Ending cleanups
2012-05-30 13:27:41,603-0500 INFO  Loader Swift finished with no errors
