2012-05-30 13:27:51,231-0500 DEBUG Loader arguments: [/home/skrieder/swift/multi/foreach.swift]
2012-05-30 13:27:51,231-0500 DEBUG Loader Max heap: 252248064
2012-05-30 13:27:51,232-0500 DEBUG textfiles BEGIN SWIFTSCRIPT:
type messagefile; 
type countfile; 

app (countfile t) countwords (messagefile f) {   
     sh @filename(f) stdout=@filename(t);
}

string inputNames = "scott3a.sh scott3b.sh scott3c.sh";

messagefile inputfiles[] <fixed_array_mapper;files=inputNames>;

foreach f in inputfiles {
  countfile c;
  c = countwords(f);
}


2012-05-30 13:27:51,232-0500 DEBUG textfiles END SWIFTSCRIPT:
2012-05-30 13:27:51,232-0500 DEBUG Loader kmlversion is >239b8550-a5ff-44be-a124-5e7ecd70737d<
2012-05-30 13:27:51,233-0500 DEBUG Loader build version is >239b8550-a5ff-44be-a124-5e7ecd70737d<
2012-05-30 13:27:51,233-0500 DEBUG Loader Recompilation suppressed.
2012-05-30 13:27:51,380-0500 DEBUG textfiles using default sites file
2012-05-30 13:27:51,384-0500 INFO  VDL2ExecutionContext Stack dump:
Level 1
[iA = 0, iB = 0, bA = false, bB = false]
	vdl:instanceconfig = Swift configuration []
	vdl:operation = run
	swift.home = /usr/local/swift/bin/..
	PATH_SEPARATOR = /


2012-05-30 13:27:52,099-0500 INFO  unknown Using sites file: /usr/local/swift/bin/../etc/sites.xml
2012-05-30 13:27:52,136-0500 INFO  unknown Using tc.data: /usr/local/swift/bin/../etc/tc.data
2012-05-30 13:27:52,262-0500 WARN  File On line 24in File /usr/local/swift/bin/../etc/tc.data

java.lang.IllegalStateException: Error : Illegal TCType defined. Please specify one of the predefined types 
 [INSTALLED, SOURCE, STATIC_BINARY, DYNAMIC_BINARY, PACMAN_PACKAGE, SCRIPT]
	at org.globus.swift.catalog.types.TCType.fromValue(TCType.java:73)
	at org.globus.swift.catalog.types.TCType.fromString(TCType.java:85)
	at org.globus.swift.catalog.transformation.File.populateTC(File.java:1085)
	at org.globus.swift.catalog.transformation.File.populateTC(File.java:1034)
	at org.globus.swift.catalog.transformation.File.<init>(File.java:149)
	at org.globus.swift.catalog.transformation.File.getNonSingletonInstance(File.java:116)
	at org.griphyn.vdl.karajan.VDSAdaptiveScheduler.setProperty(VDSAdaptiveScheduler.java:71)
	at org.globus.cog.karajan.workflow.nodes.grid.SchedulerNode.newScheduler(SchedulerNode.java:104)
	at org.globus.cog.karajan.workflow.nodes.grid.SchedulerNode.post(SchedulerNode.java:63)
	at org.globus.cog.karajan.workflow.nodes.AbstractSequentialWithArguments.completed(AbstractSequentialWithArguments.java:194)
	at org.globus.cog.karajan.workflow.nodes.FlowNode.complete(FlowNode.java:214)
	at org.globus.cog.karajan.workflow.nodes.FlowContainer.post(FlowContainer.java:58)
	at org.globus.cog.karajan.workflow.nodes.AbstractSequentialWithArguments.completed(AbstractSequentialWithArguments.java:194)
	at org.globus.cog.karajan.workflow.nodes.user.UserDefinedElement.completed(UserDefinedElement.java:286)
	at org.globus.cog.karajan.workflow.nodes.user.SequentialImplicitExecutionUDE.completed(SequentialImplicitExecutionUDE.java:89)
	at org.globus.cog.karajan.workflow.nodes.FlowNode.complete(FlowNode.java:214)
	at org.globus.cog.karajan.workflow.nodes.FlowContainer.post(FlowContainer.java:58)
	at org.globus.cog.karajan.workflow.nodes.functions.AbstractFunction.post(AbstractFunction.java:28)
	at org.globus.cog.karajan.workflow.nodes.AbstractSequentialWithArguments.completed(AbstractSequentialWithArguments.java:194)
	at org.globus.cog.karajan.workflow.nodes.FlowNode.complete(FlowNode.java:214)
	at org.globus.cog.karajan.workflow.nodes.ExecuteFile.completed(ExecuteFile.java:158)
	at org.globus.cog.karajan.workflow.nodes.FlowNode.complete(FlowNode.java:214)
	at org.globus.cog.karajan.workflow.nodes.FlowContainer.post(FlowContainer.java:58)
	at org.globus.cog.karajan.workflow.nodes.Sequential.startNext(Sequential.java:29)
	at org.globus.cog.karajan.workflow.nodes.Sequential.completed(Sequential.java:24)
	at org.globus.cog.karajan.workflow.nodes.FlowNode.complete(FlowNode.java:214)
	at org.globus.cog.karajan.workflow.nodes.FlowContainer.post(FlowContainer.java:58)
	at org.globus.cog.karajan.workflow.nodes.AbstractSequentialWithArguments.completed(AbstractSequentialWithArguments.java:194)
	at org.globus.cog.karajan.workflow.nodes.user.UserDefinedElement.completed(UserDefinedElement.java:286)
	at org.globus.cog.karajan.workflow.nodes.user.SequentialImplicitExecutionUDE.completed(SequentialImplicitExecutionUDE.java:89)
	at org.globus.cog.karajan.workflow.nodes.FlowNode.complete(FlowNode.java:214)
	at org.globus.cog.karajan.workflow.nodes.FlowContainer.post(FlowContainer.java:58)
	at org.globus.cog.karajan.workflow.nodes.functions.AbstractFunction.post(AbstractFunction.java:28)
	at org.globus.cog.karajan.workflow.nodes.AbstractSequentialWithArguments.completed(AbstractSequentialWithArguments.java:194)
	at org.globus.cog.karajan.workflow.nodes.FlowNode.complete(FlowNode.java:214)
	at org.globus.cog.karajan.workflow.nodes.FlowContainer.post(FlowContainer.java:58)
	at org.globus.cog.karajan.workflow.nodes.AbstractSequentialWithArguments.completed(AbstractSequentialWithArguments.java:194)
	at org.globus.cog.karajan.workflow.nodes.PartialArgumentsContainer.nonArgChildCompleted(PartialArgumentsContainer.java:105)
	at org.globus.cog.karajan.workflow.nodes.PartialArgumentsContainer.completed(PartialArgumentsContainer.java:86)
	at org.globus.cog.karajan.workflow.nodes.FlowNode.complete(FlowNode.java:214)
	at org.globus.cog.karajan.workflow.nodes.Maybe.failed(Maybe.java:23)
	at org.globus.cog.karajan.workflow.nodes.FlowNode.failImmediately(FlowNode.java:89)
	at org.globus.cog.karajan.workflow.nodes.FlowNode.failed(FlowNode.java:245)
	at org.globus.cog.karajan.workflow.nodes.FlowNode.failImmediately(FlowNode.java:89)
	at org.globus.cog.karajan.workflow.nodes.FlowNode.restart(FlowNode.java:151)
	at org.globus.cog.karajan.workflow.nodes.FlowNode.start(FlowNode.java:197)
	at org.globus.cog.karajan.workflow.FlowElementWrapper.start(FlowElementWrapper.java:227)
	at org.globus.cog.karajan.workflow.events.EventBus.start(EventBus.java:104)
	at org.globus.cog.karajan.workflow.events.EventTargetPair.run(EventTargetPair.java:40)
	at java.util.concurrent.Executors$RunnableAdapter.call(Executors.java:471)
	at java.util.concurrent.FutureTask$Sync.innerRun(FutureTask.java:334)
	at java.util.concurrent.FutureTask.run(FutureTask.java:166)
	at java.util.concurrent.ThreadPoolExecutor.runWorker(ThreadPoolExecutor.java:1110)
	at java.util.concurrent.ThreadPoolExecutor$Worker.run(ThreadPoolExecutor.java:603)
	at java.lang.Thread.run(Thread.java:722)
2012-05-30 13:27:52,269-0500 INFO  AbstractScheduler Setting resources to: {localhost=localhost}
2012-05-30 13:27:52,966-0500 INFO  unknown Swift 0.93 swift-r5483 cog-r3339

2012-05-30 13:27:52,968-0500 INFO  unknown RUNID id=run:20120530-1327-hcgi81b7
2012-05-30 13:27:53,028-0500 INFO  SetFieldValue Set: inputNames=scott3a.sh scott3b.sh scott3c.sh
2012-05-30 13:27:53,051-0500 INFO  RootDataNode Found data inputfiles:messagefile[] - Open.[0]
2012-05-30 13:27:53,051-0500 INFO  RootDataNode Found data inputfiles:messagefile[] - Open.[1]
2012-05-30 13:27:53,051-0500 INFO  RootDataNode Found data inputfiles:messagefile[] - Open.[2]
2012-05-30 13:27:53,055-0500 DEBUG vdl:mains FOREACH_IT_START line=12 thread=0-1-0
2012-05-30 13:27:53,055-0500 DEBUG vdl:mains FOREACH_IT_START line=12 thread=0-1-1
2012-05-30 13:27:53,055-0500 DEBUG vdl:mains SCOPE thread=0-1-0
2012-05-30 13:27:53,055-0500 DEBUG vdl:mains FOREACH_IT_START line=12 thread=0-1-2
2012-05-30 13:27:53,056-0500 DEBUG vdl:mains SCOPE thread=0-1-1
2012-05-30 13:27:53,056-0500 DEBUG vdl:mains SCOPE thread=0-1-2
2012-05-30 13:27:53,063-0500 DEBUG countwords PROCEDURE line=4 thread=0-1-1-1 name=countwords
2012-05-30 13:27:53,063-0500 DEBUG countwords PROCEDURE line=4 thread=0-1-2-1 name=countwords
2012-05-30 13:27:53,064-0500 DEBUG countwords PROCEDURE line=4 thread=0-1-0-1 name=countwords
2012-05-30 13:27:53,072-0500 INFO  vdl:execute START thread=0-1-0-1 tr=sh
2012-05-30 13:27:53,072-0500 INFO  vdl:execute START thread=0-1-2-1 tr=sh
2012-05-30 13:27:53,073-0500 INFO  vdl:execute START thread=0-1-1-1 tr=sh
2012-05-30 13:27:53,089-0500 INFO  WeightedHostScoreScheduler CONTACT_SELECTED host=localhost, score=1.000
2012-05-30 13:27:53,093-0500 INFO  GlobalSubmitQueue No global submit throttle set. Using default (1024)
2012-05-30 13:27:53,099-0500 INFO  LateBindingScheduler JobQueue: 2
2012-05-30 13:27:53,102-0500 INFO  LateBindingScheduler JobQueue: 2
2012-05-30 13:27:53,104-0500 INFO  vdl:initshareddir START host=localhost - Initializing shared directory
2012-05-30 13:27:53,107-0500 INFO  LateBindingScheduler JobQueue: 2
2012-05-30 13:27:53,131-0500 INFO  LateBindingScheduler JobQueue: 2
2012-05-30 13:27:53,135-0500 INFO  LateBindingScheduler JobQueue: 2
2012-05-30 13:27:53,138-0500 INFO  LateBindingScheduler JobQueue: 2
2012-05-30 13:27:53,143-0500 INFO  LateBindingScheduler JobQueue: 2
2012-05-30 13:27:53,147-0500 INFO  LateBindingScheduler JobQueue: 2
2012-05-30 13:27:53,148-0500 INFO  vdl:initshareddir END host=localhost - Done initializing shared directory
2012-05-30 13:27:53,150-0500 DEBUG vdl:execute2 THREAD_ASSOCIATION jobid=sh-h56oq2sk thread=0-1-1-1-1 host=localhost replicationGroup=e56oq2sk
2012-05-30 13:27:53,155-0500 INFO  vdl:createdirset START jobid=sh-h56oq2sk host=localhost - Initializing directory structure
2012-05-30 13:27:53,157-0500 INFO  vdl:createdirs START path=_concurrent dir=foreach-20120530-1327-hcgi81b7/shared - Creating directory structure
2012-05-30 13:27:53,160-0500 INFO  LateBindingScheduler JobQueue: 2
2012-05-30 13:27:53,161-0500 INFO  vdl:createdirset END jobid=sh-h56oq2sk - Done initializing directory structure
2012-05-30 13:27:53,162-0500 INFO  vdl:dostagein START jobid=sh-h56oq2sk - Staging in files
2012-05-30 13:27:53,178-0500 INFO  LateBindingScheduler JobQueue: 2
2012-05-30 13:27:53,184-0500 DEBUG vdl:dostagein CDM: file://localhost/scott3b.sh : DEFAULT
2012-05-30 13:27:53,199-0500 DEBUG vdl:dostageinfile FILE_STAGE_IN_START file=scott3b.sh srchost=localhost srcdir= srcname=scott3b.sh desthost=localhost destdir=foreach-20120530-1327-hcgi81b7/shared/ provider=file policy=DEFAULT
2012-05-30 13:27:53,207-0500 INFO  LateBindingScheduler JobQueue: 2
2012-05-30 13:27:53,209-0500 DEBUG vdl:dostageinfile FILE_STAGE_IN_END file=scott3b.sh srchost=localhost srcdir= srcname=scott3b.sh desthost=localhost destdir=foreach-20120530-1327-hcgi81b7/shared/ provider=file
2012-05-30 13:27:53,211-0500 INFO  vdl:dostagein END jobid=sh-h56oq2sk - Staging in finished
2012-05-30 13:27:53,217-0500 DEBUG vdl:execute2 JOB_START jobid=sh-h56oq2sk tr=sh arguments=[scott3b.sh] tmpdir=foreach-20120530-1327-hcgi81b7/jobs/h/sh-h56oq2sk host=localhost
2012-05-30 13:27:53,230-0500 DEBUG textfiles BEGIN TC:
#This is the transformation catalog.
#
#It comes pre-configured with a number of simple transformations with
#paths that are likely to work on a linux box. However, on some systems,
#the paths to these executables will be different (for example, sometimes
#some of these programs are found in /usr/bin rather than in /bin)
#
#NOTE WELL: fields in this file must be separated by tabs, not spaces; and
#there must be no trailing whitespace at the end of each line.
#
# sitename  transformation  path   INSTALLED  platform  profiles
localhost 	echo 		/bin/echo	INSTALLED	INTEL32::LINUX	null
localhost 	cat 		/bin/cat	INSTALLED	INTEL32::LINUX	null
localhost 	ls 		/bin/ls		INSTALLED	INTEL32::LINUX	null
localhost 	grep 		/bin/grep	INSTALLED	INTEL32::LINUX	null
localhost 	sort 		/bin/sort	INSTALLED	INTEL32::LINUX	null
localhost 	paste 		/bin/paste	INSTALLED	INTEL32::LINUX	null
localhost 	cp 		/bin/cp         INSTALLED	INTEL32::LINUX	null
localhost 	touch 		/bin/touch      INSTALLED	INTEL32::LINUX	null
localhost	wc		/usr/bin/wc	INSTALLED	INTEL32::LINUX	null
localhost	sh		/bin/sh		INSTALLED	INTEL32::LINUX	null
localhost	sleep		/bin/sleep	INSTALLED	INTEL32::LINUX	null
localhost	tr		/usr/bin/tr	INSTALLED	INTEL32::LINUX	null
localhost	scott.sh	/Users/scottkrieder/swift/examples/swift/tutorial/scott.sh	INTSALLED	INTEL32::LINUX	null


2012-05-30 13:27:53,230-0500 DEBUG textfiles END TC:
2012-05-30 13:27:53,238-0500 WARN  File On line 24in File /usr/local/swift/bin/../etc/tc.data

java.lang.IllegalStateException: Error : Illegal TCType defined. Please specify one of the predefined types 
 [INSTALLED, SOURCE, STATIC_BINARY, DYNAMIC_BINARY, PACMAN_PACKAGE, SCRIPT]
	at org.globus.swift.catalog.types.TCType.fromValue(TCType.java:73)
	at org.globus.swift.catalog.types.TCType.fromString(TCType.java:85)
	at org.globus.swift.catalog.transformation.File.populateTC(File.java:1085)
	at org.globus.swift.catalog.transformation.File.populateTC(File.java:1034)
	at org.globus.swift.catalog.transformation.File.<init>(File.java:149)
	at org.globus.swift.catalog.transformation.File.getNonSingletonInstance(File.java:116)
	at org.griphyn.vdl.karajan.lib.VDLFunction.getTC(VDLFunction.java:492)
	at org.griphyn.vdl.karajan.lib.Executable.function(Executable.java:24)
	at org.griphyn.vdl.karajan.lib.VDLFunction.post(VDLFunction.java:62)
	at org.globus.cog.karajan.workflow.nodes.AbstractSequentialWithArguments.completed(AbstractSequentialWithArguments.java:194)
	at org.globus.cog.karajan.workflow.nodes.FlowNode.complete(FlowNode.java:214)
	at org.globus.cog.karajan.workflow.nodes.FlowContainer.post(FlowContainer.java:58)
	at org.globus.cog.karajan.workflow.nodes.functions.AbstractFunction.post(AbstractFunction.java:28)
	at org.globus.cog.karajan.workflow.nodes.Sequential.startNext(Sequential.java:29)
	at org.globus.cog.karajan.workflow.nodes.Sequential.executeChildren(Sequential.java:20)
	at org.globus.cog.karajan.workflow.nodes.FlowContainer.execute(FlowContainer.java:63)
	at org.globus.cog.karajan.workflow.nodes.FlowNode.restart(FlowNode.java:139)
	at org.globus.cog.karajan.workflow.nodes.FlowNode.start(FlowNode.java:197)
	at org.globus.cog.karajan.workflow.FlowElementWrapper.start(FlowElementWrapper.java:227)
	at org.globus.cog.karajan.workflow.events.EventBus.start(EventBus.java:104)
	at org.globus.cog.karajan.workflow.events.EventTargetPair.run(EventTargetPair.java:40)
	at java.util.concurrent.Executors$RunnableAdapter.call(Executors.java:471)
	at java.util.concurrent.FutureTask$Sync.innerRun(FutureTask.java:334)
	at java.util.concurrent.FutureTask.run(FutureTask.java:166)
	at java.util.concurrent.ThreadPoolExecutor.runWorker(ThreadPoolExecutor.java:1110)
	at java.util.concurrent.ThreadPoolExecutor$Worker.run(ThreadPoolExecutor.java:603)
	at java.lang.Thread.run(Thread.java:722)
2012-05-30 13:27:53,267-0500 INFO  GridExec TASK_DEFINITION: Task(type=JOB_SUBMISSION, identity=urn:0-1-1-1-1-1338402472134) is /bin/bash shared/_swiftwrap sh-h56oq2sk -jobdir h -scratch  -e /bin/sh -out _concurrent/c-a6c9405f-a858-4be4-a55b-443dfcc11a20-1-1 -err stderr.txt -i -d _concurrent -if scott3b.sh -of _concurrent/c-a6c9405f-a858-4be4-a55b-443dfcc11a20-1-1 -k  -cdmfile  -status files -a scott3b.sh
2012-05-30 13:27:53,276-0500 INFO  JobSubmissionTaskHandler Submit: in: /var/tmp/foreach-20120530-1327-hcgi81b7 command: /bin/bash /var/tmp/foreach-20120530-1327-hcgi81b7/shared/_swiftwrap sh-h56oq2sk -jobdir h -scratch  -e /bin/sh -out _concurrent/c-a6c9405f-a858-4be4-a55b-443dfcc11a20-1-1 -err stderr.txt -i -d _concurrent -if scott3b.sh -of _concurrent/c-a6c9405f-a858-4be4-a55b-443dfcc11a20-1-1 -k  -cdmfile  -status files -a scott3b.sh
2012-05-30 13:27:53,651-0500 INFO  LateBindingScheduler JobQueue: 2
2012-05-30 13:27:53,657-0500 DEBUG vdl:checkjobstatus START jobid=sh-h56oq2sk
2012-05-30 13:27:53,661-0500 INFO  LateBindingScheduler JobQueue: 2
2012-05-30 13:27:53,663-0500 INFO  vdl:checkjobstatus SUCCESS jobid=sh-h56oq2sk - Success file found
2012-05-30 13:27:53,665-0500 DEBUG vdl:execute2 STAGING_OUT jobid=sh-h56oq2sk
2012-05-30 13:27:53,669-0500 INFO  vdl:dostageout START jobid=sh-h56oq2sk - Staging out files
2012-05-30 13:27:53,670-0500 DEBUG vdl:dostageout stageouts: [[$, c:countfile - Open]]
2012-05-30 13:27:53,689-0500 DEBUG vdl:dostageout FILE_STAGE_OUT_START srcname=c-a6c9405f-a858-4be4-a55b-443dfcc11a20-1-1 srcdir=foreach-20120530-1327-hcgi81b7/shared/_concurrent srchost=localhost destdir=_concurrent desthost=localhost provider=file
2012-05-30 13:27:53,691-0500 INFO  LateBindingScheduler JobQueue: 2
2012-05-30 13:27:53,702-0500 INFO  LateBindingScheduler JobQueue: 2
2012-05-30 13:27:53,704-0500 DEBUG vdl:dostageout FILE_STAGE_OUT_END srcname=c-a6c9405f-a858-4be4-a55b-443dfcc11a20-1-1 srcdir=foreach-20120530-1327-hcgi81b7/shared/_concurrent srchost=localhost destdir=_concurrent desthost=localhost provider=file
2012-05-30 13:27:53,708-0500 INFO  LateBindingScheduler JobQueue: 2
2012-05-30 13:27:53,716-0500 INFO  vdl:dostageout END jobid=sh-h56oq2sk - Staging out finished
2012-05-30 13:27:53,726-0500 DEBUG vdl:execute2 JOB_END jobid=sh-h56oq2sk
2012-05-30 13:27:53,729-0500 INFO  vdl:execute END_SUCCESS thread=0-1-1-1 tr=sh
2012-05-30 13:27:53,731-0500 DEBUG countwords PROCEDURE_END line=4
2012-05-30 13:27:53,739-0500 DEBUG vdl:mains FOREACH_IT_END line=12 thread=0-1-1
2012-05-30 13:27:54,209-0500 INFO  WeightedHostScoreScheduler CONTACT_SELECTED host=localhost, score=1.995
2012-05-30 13:27:54,216-0500 DEBUG vdl:execute2 THREAD_ASSOCIATION jobid=sh-i56oq2sk thread=0-1-0-1-1 host=localhost replicationGroup=g56oq2sk
2012-05-30 13:27:54,226-0500 INFO  vdl:createdirset START jobid=sh-i56oq2sk host=localhost - Initializing directory structure
2012-05-30 13:27:54,228-0500 INFO  vdl:createdirset END jobid=sh-i56oq2sk - Done initializing directory structure
2012-05-30 13:27:54,229-0500 INFO  vdl:dostagein START jobid=sh-i56oq2sk - Staging in files
2012-05-30 13:27:54,236-0500 INFO  LateBindingScheduler JobQueue: 1
2012-05-30 13:27:54,238-0500 DEBUG vdl:dostagein CDM: file://localhost/scott3a.sh : DEFAULT
2012-05-30 13:27:54,243-0500 DEBUG vdl:dostageinfile FILE_STAGE_IN_START file=scott3a.sh srchost=localhost srcdir= srcname=scott3a.sh desthost=localhost destdir=foreach-20120530-1327-hcgi81b7/shared/ provider=file policy=DEFAULT
2012-05-30 13:27:54,248-0500 INFO  LateBindingScheduler JobQueue: 1
2012-05-30 13:27:54,249-0500 DEBUG vdl:dostageinfile FILE_STAGE_IN_END file=scott3a.sh srchost=localhost srcdir= srcname=scott3a.sh desthost=localhost destdir=foreach-20120530-1327-hcgi81b7/shared/ provider=file
2012-05-30 13:27:54,250-0500 INFO  vdl:dostagein END jobid=sh-i56oq2sk - Staging in finished
2012-05-30 13:27:54,252-0500 DEBUG vdl:execute2 JOB_START jobid=sh-i56oq2sk tr=sh arguments=[scott3a.sh] tmpdir=foreach-20120530-1327-hcgi81b7/jobs/i/sh-i56oq2sk host=localhost
2012-05-30 13:27:54,264-0500 INFO  GridExec TASK_DEFINITION: Task(type=JOB_SUBMISSION, identity=urn:0-1-0-1-1-1338402472150) is /bin/bash shared/_swiftwrap sh-i56oq2sk -jobdir i -scratch  -e /bin/sh -out _concurrent/c-a6c9405f-a858-4be4-a55b-443dfcc11a20-1-0 -err stderr.txt -i -d _concurrent -if scott3a.sh -of _concurrent/c-a6c9405f-a858-4be4-a55b-443dfcc11a20-1-0 -k  -cdmfile  -status files -a scott3a.sh
2012-05-30 13:27:54,265-0500 INFO  JobSubmissionTaskHandler Submit: in: /var/tmp/foreach-20120530-1327-hcgi81b7 command: /bin/bash /var/tmp/foreach-20120530-1327-hcgi81b7/shared/_swiftwrap sh-i56oq2sk -jobdir i -scratch  -e /bin/sh -out _concurrent/c-a6c9405f-a858-4be4-a55b-443dfcc11a20-1-0 -err stderr.txt -i -d _concurrent -if scott3a.sh -of _concurrent/c-a6c9405f-a858-4be4-a55b-443dfcc11a20-1-0 -k  -cdmfile  -status files -a scott3a.sh
2012-05-30 13:27:54,611-0500 INFO  LateBindingScheduler JobQueue: 1
2012-05-30 13:27:54,614-0500 DEBUG vdl:checkjobstatus START jobid=sh-i56oq2sk
2012-05-30 13:27:54,617-0500 INFO  LateBindingScheduler JobQueue: 1
2012-05-30 13:27:54,618-0500 INFO  vdl:checkjobstatus SUCCESS jobid=sh-i56oq2sk - Success file found
2012-05-30 13:27:54,619-0500 DEBUG vdl:execute2 STAGING_OUT jobid=sh-i56oq2sk
2012-05-30 13:27:54,621-0500 INFO  vdl:dostageout START jobid=sh-i56oq2sk - Staging out files
2012-05-30 13:27:54,622-0500 DEBUG vdl:dostageout stageouts: [[$, c:countfile - Open]]
2012-05-30 13:27:54,630-0500 DEBUG vdl:dostageout FILE_STAGE_OUT_START srcname=c-a6c9405f-a858-4be4-a55b-443dfcc11a20-1-0 srcdir=foreach-20120530-1327-hcgi81b7/shared/_concurrent srchost=localhost destdir=_concurrent desthost=localhost provider=file
2012-05-30 13:27:54,632-0500 INFO  LateBindingScheduler JobQueue: 1
2012-05-30 13:27:54,638-0500 INFO  LateBindingScheduler JobQueue: 1
2012-05-30 13:27:54,640-0500 DEBUG vdl:dostageout FILE_STAGE_OUT_END srcname=c-a6c9405f-a858-4be4-a55b-443dfcc11a20-1-0 srcdir=foreach-20120530-1327-hcgi81b7/shared/_concurrent srchost=localhost destdir=_concurrent desthost=localhost provider=file
2012-05-30 13:27:54,643-0500 INFO  LateBindingScheduler JobQueue: 1
2012-05-30 13:27:54,647-0500 INFO  vdl:dostageout END jobid=sh-i56oq2sk - Staging out finished
2012-05-30 13:27:54,651-0500 DEBUG vdl:execute2 JOB_END jobid=sh-i56oq2sk
2012-05-30 13:27:54,652-0500 INFO  vdl:execute END_SUCCESS thread=0-1-0-1 tr=sh
2012-05-30 13:27:54,654-0500 DEBUG countwords PROCEDURE_END line=4
2012-05-30 13:27:54,656-0500 DEBUG vdl:mains FOREACH_IT_END line=12 thread=0-1-0
2012-05-30 13:27:55,144-0500 INFO  WeightedHostScoreScheduler CONTACT_SELECTED host=localhost, score=2.615
2012-05-30 13:27:55,156-0500 DEBUG vdl:execute2 THREAD_ASSOCIATION jobid=sh-j56oq2sk thread=0-1-2-1-1 host=localhost replicationGroup=f56oq2sk
2012-05-30 13:27:55,181-0500 INFO  vdl:createdirset START jobid=sh-j56oq2sk host=localhost - Initializing directory structure
2012-05-30 13:27:55,186-0500 INFO  vdl:createdirset END jobid=sh-j56oq2sk - Done initializing directory structure
2012-05-30 13:27:55,190-0500 INFO  vdl:dostagein START jobid=sh-j56oq2sk - Staging in files
2012-05-30 13:27:55,200-0500 INFO  LateBindingScheduler JobQueue: 0
2012-05-30 13:27:55,201-0500 DEBUG vdl:dostagein CDM: file://localhost/scott3c.sh : DEFAULT
2012-05-30 13:27:55,207-0500 DEBUG vdl:dostageinfile FILE_STAGE_IN_START file=scott3c.sh srchost=localhost srcdir= srcname=scott3c.sh desthost=localhost destdir=foreach-20120530-1327-hcgi81b7/shared/ provider=file policy=DEFAULT
2012-05-30 13:27:55,213-0500 INFO  LateBindingScheduler JobQueue: 0
2012-05-30 13:27:55,215-0500 DEBUG vdl:dostageinfile FILE_STAGE_IN_END file=scott3c.sh srchost=localhost srcdir= srcname=scott3c.sh desthost=localhost destdir=foreach-20120530-1327-hcgi81b7/shared/ provider=file
2012-05-30 13:27:55,216-0500 INFO  vdl:dostagein END jobid=sh-j56oq2sk - Staging in finished
2012-05-30 13:27:55,219-0500 DEBUG vdl:execute2 JOB_START jobid=sh-j56oq2sk tr=sh arguments=[scott3c.sh] tmpdir=foreach-20120530-1327-hcgi81b7/jobs/j/sh-j56oq2sk host=localhost
2012-05-30 13:27:55,233-0500 INFO  GridExec TASK_DEFINITION: Task(type=JOB_SUBMISSION, identity=urn:0-1-2-1-1-1338402472166) is /bin/bash shared/_swiftwrap sh-j56oq2sk -jobdir j -scratch  -e /bin/sh -out _concurrent/c-a6c9405f-a858-4be4-a55b-443dfcc11a20-1-2 -err stderr.txt -i -d _concurrent -if scott3c.sh -of _concurrent/c-a6c9405f-a858-4be4-a55b-443dfcc11a20-1-2 -k  -cdmfile  -status files -a scott3c.sh
2012-05-30 13:27:55,234-0500 INFO  JobSubmissionTaskHandler Submit: in: /var/tmp/foreach-20120530-1327-hcgi81b7 command: /bin/bash /var/tmp/foreach-20120530-1327-hcgi81b7/shared/_swiftwrap sh-j56oq2sk -jobdir j -scratch  -e /bin/sh -out _concurrent/c-a6c9405f-a858-4be4-a55b-443dfcc11a20-1-2 -err stderr.txt -i -d _concurrent -if scott3c.sh -of _concurrent/c-a6c9405f-a858-4be4-a55b-443dfcc11a20-1-2 -k  -cdmfile  -status files -a scott3c.sh
2012-05-30 13:27:55,581-0500 INFO  LateBindingScheduler JobQueue: 0
2012-05-30 13:27:55,586-0500 DEBUG vdl:checkjobstatus START jobid=sh-j56oq2sk
2012-05-30 13:27:55,589-0500 INFO  LateBindingScheduler JobQueue: 0
2012-05-30 13:27:55,590-0500 INFO  vdl:checkjobstatus SUCCESS jobid=sh-j56oq2sk - Success file found
2012-05-30 13:27:55,592-0500 DEBUG vdl:execute2 STAGING_OUT jobid=sh-j56oq2sk
2012-05-30 13:27:55,594-0500 INFO  vdl:dostageout START jobid=sh-j56oq2sk - Staging out files
2012-05-30 13:27:55,595-0500 DEBUG vdl:dostageout stageouts: [[$, c:countfile - Open]]
2012-05-30 13:27:55,606-0500 DEBUG vdl:dostageout FILE_STAGE_OUT_START srcname=c-a6c9405f-a858-4be4-a55b-443dfcc11a20-1-2 srcdir=foreach-20120530-1327-hcgi81b7/shared/_concurrent srchost=localhost destdir=_concurrent desthost=localhost provider=file
2012-05-30 13:27:55,608-0500 INFO  LateBindingScheduler JobQueue: 0
2012-05-30 13:27:55,616-0500 INFO  LateBindingScheduler JobQueue: 0
2012-05-30 13:27:55,618-0500 DEBUG vdl:dostageout FILE_STAGE_OUT_END srcname=c-a6c9405f-a858-4be4-a55b-443dfcc11a20-1-2 srcdir=foreach-20120530-1327-hcgi81b7/shared/_concurrent srchost=localhost destdir=_concurrent desthost=localhost provider=file
2012-05-30 13:27:55,621-0500 INFO  LateBindingScheduler JobQueue: 0
2012-05-30 13:27:55,627-0500 INFO  vdl:dostageout END jobid=sh-j56oq2sk - Staging out finished
2012-05-30 13:27:55,633-0500 DEBUG vdl:execute2 JOB_END jobid=sh-j56oq2sk
2012-05-30 13:27:55,635-0500 INFO  vdl:execute END_SUCCESS thread=0-1-2-1 tr=sh
2012-05-30 13:27:55,637-0500 DEBUG countwords PROCEDURE_END line=4
2012-05-30 13:27:55,639-0500 DEBUG vdl:mains FOREACH_IT_END line=12 thread=0-1-2
2012-05-30 13:27:55,661-0500 DEBUG vdl:mains Starting cleanups
2012-05-30 13:27:55,662-0500 INFO  vdl:cleanups START cleanups=[[foreach-20120530-1327-hcgi81b7, localhost]]
2012-05-30 13:27:55,664-0500 INFO  vdl:cleanup START dir=foreach-20120530-1327-hcgi81b7 host=localhost
2012-05-30 13:27:55,664-0500 DEBUG vdl:cleanup cdmfile 
2012-05-30 13:27:55,667-0500 INFO  GridExec TASK_DEFINITION: Task(type=JOB_SUBMISSION, identity=urn:0-1-1338402472177) is /bin/rm -rf foreach-20120530-1327-hcgi81b7
2012-05-30 13:27:55,668-0500 INFO  JobSubmissionTaskHandler Submit: in: /var/tmp command: /bin/rm -rf foreach-20120530-1327-hcgi81b7
2012-05-30 13:27:55,669-0500 INFO  LateBindingScheduler JobQueue: 0
2012-05-30 13:27:55,671-0500 INFO  vdl:cleanup END dir=foreach-20120530-1327-hcgi81b7 host=localhost
2012-05-30 13:27:55,671-0500 INFO  vdl:cleanups END cleanups=[[foreach-20120530-1327-hcgi81b7, localhost]]
2012-05-30 13:27:55,672-0500 DEBUG vdl:mains Ending cleanups
2012-05-30 13:27:55,673-0500 INFO  Loader Swift finished with no errors
