2012-05-30 13:22:40,622-0500 DEBUG Loader arguments: [/home/skrieder/swift/multi/foreach.swift]
2012-05-30 13:22:40,622-0500 DEBUG Loader Max heap: 252248064
2012-05-30 13:22:40,623-0500 DEBUG textfiles BEGIN SWIFTSCRIPT:
type messagefile; 
type countfile; 

app (countfile t) countwords (messagefile f) {   
     sh @filename(f) stdout=@filename(t);
}

string inputNames = "scott3a.sh scott3b.sh scott3c.sh";

messagefile inputfiles[] <fixed_array_mapper;files=inputNames>;

foreach f in inputfiles {
  countfile c;
  c = countwords(f);
}


2012-05-30 13:22:40,624-0500 DEBUG textfiles END SWIFTSCRIPT:
2012-05-30 13:22:40,624-0500 DEBUG Loader kmlversion is >239b8550-a5ff-44be-a124-5e7ecd70737d<
2012-05-30 13:22:40,624-0500 DEBUG Loader build version is >239b8550-a5ff-44be-a124-5e7ecd70737d<
2012-05-30 13:22:40,624-0500 DEBUG Loader Recompilation suppressed.
2012-05-30 13:22:40,772-0500 DEBUG textfiles using default sites file
2012-05-30 13:22:40,777-0500 INFO  VDL2ExecutionContext Stack dump:
Level 1
[iA = 0, iB = 0, bA = false, bB = false]
	vdl:instanceconfig = Swift configuration []
	vdl:operation = run
	swift.home = /usr/local/swift/bin/..
	PATH_SEPARATOR = /


2012-05-30 13:22:41,473-0500 INFO  unknown Using sites file: /usr/local/swift/bin/../etc/sites.xml
2012-05-30 13:22:41,516-0500 INFO  unknown Using tc.data: /usr/local/swift/bin/../etc/tc.data
2012-05-30 13:22:41,637-0500 WARN  File On line 24in File /usr/local/swift/bin/../etc/tc.data

java.lang.IllegalStateException: Error : Illegal TCType defined. Please specify one of the predefined types 
 [INSTALLED, SOURCE, STATIC_BINARY, DYNAMIC_BINARY, PACMAN_PACKAGE, SCRIPT]
	at org.globus.swift.catalog.types.TCType.fromValue(TCType.java:73)
	at org.globus.swift.catalog.types.TCType.fromString(TCType.java:85)
	at org.globus.swift.catalog.transformation.File.populateTC(File.java:1085)
	at org.globus.swift.catalog.transformation.File.populateTC(File.java:1034)
	at org.globus.swift.catalog.transformation.File.<init>(File.java:149)
	at org.globus.swift.catalog.transformation.File.getNonSingletonInstance(File.java:116)
	at org.griphyn.vdl.karajan.VDSAdaptiveScheduler.setProperty(VDSAdaptiveScheduler.java:71)
	at org.globus.cog.karajan.workflow.nodes.grid.SchedulerNode.newScheduler(SchedulerNode.java:104)
	at org.globus.cog.karajan.workflow.nodes.grid.SchedulerNode.post(SchedulerNode.java:63)
	at org.globus.cog.karajan.workflow.nodes.AbstractSequentialWithArguments.completed(AbstractSequentialWithArguments.java:194)
	at org.globus.cog.karajan.workflow.nodes.FlowNode.complete(FlowNode.java:214)
	at org.globus.cog.karajan.workflow.nodes.FlowContainer.post(FlowContainer.java:58)
	at org.globus.cog.karajan.workflow.nodes.AbstractSequentialWithArguments.completed(AbstractSequentialWithArguments.java:194)
	at org.globus.cog.karajan.workflow.nodes.user.UserDefinedElement.completed(UserDefinedElement.java:286)
	at org.globus.cog.karajan.workflow.nodes.user.SequentialImplicitExecutionUDE.completed(SequentialImplicitExecutionUDE.java:89)
	at org.globus.cog.karajan.workflow.nodes.FlowNode.complete(FlowNode.java:214)
	at org.globus.cog.karajan.workflow.nodes.FlowContainer.post(FlowContainer.java:58)
	at org.globus.cog.karajan.workflow.nodes.functions.AbstractFunction.post(AbstractFunction.java:28)
	at org.globus.cog.karajan.workflow.nodes.AbstractSequentialWithArguments.completed(AbstractSequentialWithArguments.java:194)
	at org.globus.cog.karajan.workflow.nodes.FlowNode.complete(FlowNode.java:214)
	at org.globus.cog.karajan.workflow.nodes.ExecuteFile.completed(ExecuteFile.java:158)
	at org.globus.cog.karajan.workflow.nodes.FlowNode.complete(FlowNode.java:214)
	at org.globus.cog.karajan.workflow.nodes.FlowContainer.post(FlowContainer.java:58)
	at org.globus.cog.karajan.workflow.nodes.Sequential.startNext(Sequential.java:29)
	at org.globus.cog.karajan.workflow.nodes.Sequential.completed(Sequential.java:24)
	at org.globus.cog.karajan.workflow.nodes.FlowNode.complete(FlowNode.java:214)
	at org.globus.cog.karajan.workflow.nodes.FlowContainer.post(FlowContainer.java:58)
	at org.globus.cog.karajan.workflow.nodes.AbstractSequentialWithArguments.completed(AbstractSequentialWithArguments.java:194)
	at org.globus.cog.karajan.workflow.nodes.user.UserDefinedElement.completed(UserDefinedElement.java:286)
	at org.globus.cog.karajan.workflow.nodes.user.SequentialImplicitExecutionUDE.completed(SequentialImplicitExecutionUDE.java:89)
	at org.globus.cog.karajan.workflow.nodes.FlowNode.complete(FlowNode.java:214)
	at org.globus.cog.karajan.workflow.nodes.FlowContainer.post(FlowContainer.java:58)
	at org.globus.cog.karajan.workflow.nodes.functions.AbstractFunction.post(AbstractFunction.java:28)
	at org.globus.cog.karajan.workflow.nodes.AbstractSequentialWithArguments.completed(AbstractSequentialWithArguments.java:194)
	at org.globus.cog.karajan.workflow.nodes.FlowNode.complete(FlowNode.java:214)
	at org.globus.cog.karajan.workflow.nodes.FlowContainer.post(FlowContainer.java:58)
	at org.globus.cog.karajan.workflow.nodes.AbstractSequentialWithArguments.completed(AbstractSequentialWithArguments.java:194)
	at org.globus.cog.karajan.workflow.nodes.PartialArgumentsContainer.nonArgChildCompleted(PartialArgumentsContainer.java:105)
	at org.globus.cog.karajan.workflow.nodes.PartialArgumentsContainer.completed(PartialArgumentsContainer.java:86)
	at org.globus.cog.karajan.workflow.nodes.FlowNode.complete(FlowNode.java:214)
	at org.globus.cog.karajan.workflow.nodes.Maybe.failed(Maybe.java:23)
	at org.globus.cog.karajan.workflow.nodes.FlowNode.failImmediately(FlowNode.java:89)
	at org.globus.cog.karajan.workflow.nodes.FlowNode.failed(FlowNode.java:245)
	at org.globus.cog.karajan.workflow.nodes.FlowNode.failImmediately(FlowNode.java:89)
	at org.globus.cog.karajan.workflow.nodes.FlowNode.restart(FlowNode.java:151)
	at org.globus.cog.karajan.workflow.nodes.FlowNode.start(FlowNode.java:197)
	at org.globus.cog.karajan.workflow.FlowElementWrapper.start(FlowElementWrapper.java:227)
	at org.globus.cog.karajan.workflow.events.EventBus.start(EventBus.java:104)
	at org.globus.cog.karajan.workflow.events.EventTargetPair.run(EventTargetPair.java:40)
	at java.util.concurrent.Executors$RunnableAdapter.call(Executors.java:471)
	at java.util.concurrent.FutureTask$Sync.innerRun(FutureTask.java:334)
	at java.util.concurrent.FutureTask.run(FutureTask.java:166)
	at java.util.concurrent.ThreadPoolExecutor.runWorker(ThreadPoolExecutor.java:1110)
	at java.util.concurrent.ThreadPoolExecutor$Worker.run(ThreadPoolExecutor.java:603)
	at java.lang.Thread.run(Thread.java:722)
2012-05-30 13:22:41,644-0500 INFO  AbstractScheduler Setting resources to: {localhost=localhost}
2012-05-30 13:22:42,443-0500 INFO  unknown Swift 0.93 swift-r5483 cog-r3339

2012-05-30 13:22:42,444-0500 INFO  unknown RUNID id=run:20120530-1322-4j22y0m8
2012-05-30 13:22:42,491-0500 INFO  SetFieldValue Set: inputNames=scott3a.sh scott3b.sh scott3c.sh
2012-05-30 13:22:42,501-0500 INFO  RootDataNode Found data inputfiles:messagefile[] - Open.[0]
2012-05-30 13:22:42,501-0500 INFO  RootDataNode Found data inputfiles:messagefile[] - Open.[1]
2012-05-30 13:22:42,501-0500 INFO  RootDataNode Found data inputfiles:messagefile[] - Open.[2]
2012-05-30 13:22:42,504-0500 DEBUG vdl:mains FOREACH_IT_START line=12 thread=0-1-2
2012-05-30 13:22:42,504-0500 DEBUG vdl:mains FOREACH_IT_START line=12 thread=0-1-0
2012-05-30 13:22:42,504-0500 DEBUG vdl:mains FOREACH_IT_START line=12 thread=0-1-1
2012-05-30 13:22:42,504-0500 DEBUG vdl:mains SCOPE thread=0-1-2
2012-05-30 13:22:42,505-0500 DEBUG vdl:mains SCOPE thread=0-1-0
2012-05-30 13:22:42,505-0500 DEBUG vdl:mains SCOPE thread=0-1-1
2012-05-30 13:22:42,522-0500 DEBUG countwords PROCEDURE line=4 thread=0-1-2-1 name=countwords
2012-05-30 13:22:42,523-0500 DEBUG countwords PROCEDURE line=4 thread=0-1-0-1 name=countwords
2012-05-30 13:22:42,524-0500 DEBUG countwords PROCEDURE line=4 thread=0-1-1-1 name=countwords
2012-05-30 13:22:42,534-0500 INFO  vdl:execute START thread=0-1-0-1 tr=sh
2012-05-30 13:22:42,535-0500 INFO  vdl:execute START thread=0-1-1-1 tr=sh
2012-05-30 13:22:42,535-0500 INFO  vdl:execute START thread=0-1-2-1 tr=sh
2012-05-30 13:22:42,563-0500 INFO  WeightedHostScoreScheduler CONTACT_SELECTED host=localhost, score=1.000
2012-05-30 13:22:42,570-0500 INFO  GlobalSubmitQueue No global submit throttle set. Using default (1024)
2012-05-30 13:22:42,575-0500 INFO  LateBindingScheduler JobQueue: 2
2012-05-30 13:22:42,579-0500 INFO  LateBindingScheduler JobQueue: 2
2012-05-30 13:22:42,585-0500 INFO  vdl:initshareddir START host=localhost - Initializing shared directory
2012-05-30 13:22:42,592-0500 INFO  LateBindingScheduler JobQueue: 2
2012-05-30 13:22:42,621-0500 INFO  LateBindingScheduler JobQueue: 2
2012-05-30 13:22:42,626-0500 INFO  LateBindingScheduler JobQueue: 2
2012-05-30 13:22:42,629-0500 INFO  LateBindingScheduler JobQueue: 2
2012-05-30 13:22:42,634-0500 INFO  LateBindingScheduler JobQueue: 2
2012-05-30 13:22:42,637-0500 INFO  LateBindingScheduler JobQueue: 2
2012-05-30 13:22:42,639-0500 INFO  vdl:initshareddir END host=localhost - Done initializing shared directory
2012-05-30 13:22:42,642-0500 DEBUG vdl:execute2 THREAD_ASSOCIATION jobid=sh-qkxgq2sk thread=0-1-1-1-1 host=localhost replicationGroup=nkxgq2sk
2012-05-30 13:22:42,651-0500 INFO  vdl:createdirset START jobid=sh-qkxgq2sk host=localhost - Initializing directory structure
2012-05-30 13:22:42,655-0500 INFO  vdl:createdirs START path=_concurrent dir=foreach-20120530-1322-4j22y0m8/shared - Creating directory structure
2012-05-30 13:22:42,657-0500 INFO  LateBindingScheduler JobQueue: 2
2012-05-30 13:22:42,659-0500 INFO  vdl:createdirset END jobid=sh-qkxgq2sk - Done initializing directory structure
2012-05-30 13:22:42,660-0500 INFO  vdl:dostagein START jobid=sh-qkxgq2sk - Staging in files
2012-05-30 13:22:42,675-0500 INFO  LateBindingScheduler JobQueue: 2
2012-05-30 13:22:42,688-0500 DEBUG vdl:dostagein CDM: file://localhost/scott3b.sh : DEFAULT
2012-05-30 13:22:42,704-0500 DEBUG vdl:dostageinfile FILE_STAGE_IN_START file=scott3b.sh srchost=localhost srcdir= srcname=scott3b.sh desthost=localhost destdir=foreach-20120530-1322-4j22y0m8/shared/ provider=file policy=DEFAULT
2012-05-30 13:22:42,709-0500 INFO  LateBindingScheduler JobQueue: 2
2012-05-30 13:22:42,712-0500 DEBUG vdl:dostageinfile FILE_STAGE_IN_END file=scott3b.sh srchost=localhost srcdir= srcname=scott3b.sh desthost=localhost destdir=foreach-20120530-1322-4j22y0m8/shared/ provider=file
2012-05-30 13:22:42,714-0500 INFO  vdl:dostagein END jobid=sh-qkxgq2sk - Staging in finished
2012-05-30 13:22:42,716-0500 DEBUG vdl:execute2 JOB_START jobid=sh-qkxgq2sk tr=sh arguments=[scott3b.sh] tmpdir=foreach-20120530-1322-4j22y0m8/jobs/q/sh-qkxgq2sk host=localhost
2012-05-30 13:22:42,720-0500 DEBUG textfiles BEGIN TC:
#This is the transformation catalog.
#
#It comes pre-configured with a number of simple transformations with
#paths that are likely to work on a linux box. However, on some systems,
#the paths to these executables will be different (for example, sometimes
#some of these programs are found in /usr/bin rather than in /bin)
#
#NOTE WELL: fields in this file must be separated by tabs, not spaces; and
#there must be no trailing whitespace at the end of each line.
#
# sitename  transformation  path   INSTALLED  platform  profiles
localhost 	echo 		/bin/echo	INSTALLED	INTEL32::LINUX	null
localhost 	cat 		/bin/cat	INSTALLED	INTEL32::LINUX	null
localhost 	ls 		/bin/ls		INSTALLED	INTEL32::LINUX	null
localhost 	grep 		/bin/grep	INSTALLED	INTEL32::LINUX	null
localhost 	sort 		/bin/sort	INSTALLED	INTEL32::LINUX	null
localhost 	paste 		/bin/paste	INSTALLED	INTEL32::LINUX	null
localhost 	cp 		/bin/cp         INSTALLED	INTEL32::LINUX	null
localhost 	touch 		/bin/touch      INSTALLED	INTEL32::LINUX	null
localhost	wc		/usr/bin/wc	INSTALLED	INTEL32::LINUX	null
localhost	sh		/bin/sh		INSTALLED	INTEL32::LINUX	null
localhost	sleep		/bin/sleep	INSTALLED	INTEL32::LINUX	null
localhost	tr		/usr/bin/tr	INSTALLED	INTEL32::LINUX	null
localhost	scott.sh	/Users/scottkrieder/swift/examples/swift/tutorial/scott.sh	INTSALLED	INTEL32::LINUX	null


2012-05-30 13:22:42,720-0500 DEBUG textfiles END TC:
2012-05-30 13:22:42,723-0500 WARN  File On line 24in File /usr/local/swift/bin/../etc/tc.data

java.lang.IllegalStateException: Error : Illegal TCType defined. Please specify one of the predefined types 
 [INSTALLED, SOURCE, STATIC_BINARY, DYNAMIC_BINARY, PACMAN_PACKAGE, SCRIPT]
	at org.globus.swift.catalog.types.TCType.fromValue(TCType.java:73)
	at org.globus.swift.catalog.types.TCType.fromString(TCType.java:85)
	at org.globus.swift.catalog.transformation.File.populateTC(File.java:1085)
	at org.globus.swift.catalog.transformation.File.populateTC(File.java:1034)
	at org.globus.swift.catalog.transformation.File.<init>(File.java:149)
	at org.globus.swift.catalog.transformation.File.getNonSingletonInstance(File.java:116)
	at org.griphyn.vdl.karajan.lib.VDLFunction.getTC(VDLFunction.java:492)
	at org.griphyn.vdl.karajan.lib.Executable.function(Executable.java:24)
	at org.griphyn.vdl.karajan.lib.VDLFunction.post(VDLFunction.java:62)
	at org.globus.cog.karajan.workflow.nodes.AbstractSequentialWithArguments.completed(AbstractSequentialWithArguments.java:194)
	at org.globus.cog.karajan.workflow.nodes.FlowNode.complete(FlowNode.java:214)
	at org.globus.cog.karajan.workflow.nodes.FlowContainer.post(FlowContainer.java:58)
	at org.globus.cog.karajan.workflow.nodes.functions.AbstractFunction.post(AbstractFunction.java:28)
	at org.globus.cog.karajan.workflow.nodes.Sequential.startNext(Sequential.java:29)
	at org.globus.cog.karajan.workflow.nodes.Sequential.executeChildren(Sequential.java:20)
	at org.globus.cog.karajan.workflow.nodes.FlowContainer.execute(FlowContainer.java:63)
	at org.globus.cog.karajan.workflow.nodes.FlowNode.restart(FlowNode.java:139)
	at org.globus.cog.karajan.workflow.nodes.FlowNode.start(FlowNode.java:197)
	at org.globus.cog.karajan.workflow.FlowElementWrapper.start(FlowElementWrapper.java:227)
	at org.globus.cog.karajan.workflow.events.EventBus.start(EventBus.java:104)
	at org.globus.cog.karajan.workflow.events.EventTargetPair.run(EventTargetPair.java:40)
	at java.util.concurrent.Executors$RunnableAdapter.call(Executors.java:471)
	at java.util.concurrent.FutureTask$Sync.innerRun(FutureTask.java:334)
	at java.util.concurrent.FutureTask.run(FutureTask.java:166)
	at java.util.concurrent.ThreadPoolExecutor.runWorker(ThreadPoolExecutor.java:1110)
	at java.util.concurrent.ThreadPoolExecutor$Worker.run(ThreadPoolExecutor.java:603)
	at java.lang.Thread.run(Thread.java:722)
2012-05-30 13:22:42,736-0500 INFO  GridExec TASK_DEFINITION: Task(type=JOB_SUBMISSION, identity=urn:0-1-1-1-1-1338402161508) is /bin/bash shared/_swiftwrap sh-qkxgq2sk -jobdir q -scratch  -e /bin/sh -out _concurrent/c-a6c9405f-a858-4be4-a55b-443dfcc11a20-1-1 -err stderr.txt -i -d _concurrent -if scott3b.sh -of _concurrent/c-a6c9405f-a858-4be4-a55b-443dfcc11a20-1-1 -k  -cdmfile  -status files -a scott3b.sh
2012-05-30 13:22:42,753-0500 INFO  JobSubmissionTaskHandler Submit: in: /var/tmp/foreach-20120530-1322-4j22y0m8 command: /bin/bash /var/tmp/foreach-20120530-1322-4j22y0m8/shared/_swiftwrap sh-qkxgq2sk -jobdir q -scratch  -e /bin/sh -out _concurrent/c-a6c9405f-a858-4be4-a55b-443dfcc11a20-1-1 -err stderr.txt -i -d _concurrent -if scott3b.sh -of _concurrent/c-a6c9405f-a858-4be4-a55b-443dfcc11a20-1-1 -k  -cdmfile  -status files -a scott3b.sh
2012-05-30 13:22:43,109-0500 INFO  LateBindingScheduler JobQueue: 2
2012-05-30 13:22:43,115-0500 DEBUG vdl:checkjobstatus START jobid=sh-qkxgq2sk
2012-05-30 13:22:43,118-0500 INFO  LateBindingScheduler JobQueue: 2
2012-05-30 13:22:43,120-0500 INFO  vdl:checkjobstatus SUCCESS jobid=sh-qkxgq2sk - Success file found
2012-05-30 13:22:43,123-0500 DEBUG vdl:execute2 STAGING_OUT jobid=sh-qkxgq2sk
2012-05-30 13:22:43,127-0500 INFO  vdl:dostageout START jobid=sh-qkxgq2sk - Staging out files
2012-05-30 13:22:43,128-0500 DEBUG vdl:dostageout stageouts: [[$, c:countfile - Open]]
2012-05-30 13:22:43,148-0500 DEBUG vdl:dostageout FILE_STAGE_OUT_START srcname=c-a6c9405f-a858-4be4-a55b-443dfcc11a20-1-1 srcdir=foreach-20120530-1322-4j22y0m8/shared/_concurrent srchost=localhost destdir=_concurrent desthost=localhost provider=file
2012-05-30 13:22:43,150-0500 INFO  LateBindingScheduler JobQueue: 2
2012-05-30 13:22:43,161-0500 INFO  LateBindingScheduler JobQueue: 2
2012-05-30 13:22:43,163-0500 DEBUG vdl:dostageout FILE_STAGE_OUT_END srcname=c-a6c9405f-a858-4be4-a55b-443dfcc11a20-1-1 srcdir=foreach-20120530-1322-4j22y0m8/shared/_concurrent srchost=localhost destdir=_concurrent desthost=localhost provider=file
2012-05-30 13:22:43,167-0500 INFO  LateBindingScheduler JobQueue: 2
2012-05-30 13:22:43,175-0500 INFO  vdl:dostageout END jobid=sh-qkxgq2sk - Staging out finished
2012-05-30 13:22:43,186-0500 DEBUG vdl:execute2 JOB_END jobid=sh-qkxgq2sk
2012-05-30 13:22:43,188-0500 INFO  vdl:execute END_SUCCESS thread=0-1-1-1 tr=sh
2012-05-30 13:22:43,191-0500 DEBUG countwords PROCEDURE_END line=4
2012-05-30 13:22:43,193-0500 DEBUG vdl:mains FOREACH_IT_END line=12 thread=0-1-1
2012-05-30 13:22:43,668-0500 INFO  WeightedHostScoreScheduler CONTACT_SELECTED host=localhost, score=1.995
2012-05-30 13:22:43,675-0500 DEBUG vdl:execute2 THREAD_ASSOCIATION jobid=sh-rkxgq2sk thread=0-1-0-1-1 host=localhost replicationGroup=okxgq2sk
2012-05-30 13:22:43,685-0500 INFO  vdl:createdirset START jobid=sh-rkxgq2sk host=localhost - Initializing directory structure
2012-05-30 13:22:43,688-0500 INFO  vdl:createdirset END jobid=sh-rkxgq2sk - Done initializing directory structure
2012-05-30 13:22:43,690-0500 INFO  vdl:dostagein START jobid=sh-rkxgq2sk - Staging in files
2012-05-30 13:22:43,696-0500 INFO  LateBindingScheduler JobQueue: 1
2012-05-30 13:22:43,698-0500 DEBUG vdl:dostagein CDM: file://localhost/scott3a.sh : DEFAULT
2012-05-30 13:22:43,702-0500 DEBUG vdl:dostageinfile FILE_STAGE_IN_START file=scott3a.sh srchost=localhost srcdir= srcname=scott3a.sh desthost=localhost destdir=foreach-20120530-1322-4j22y0m8/shared/ provider=file policy=DEFAULT
2012-05-30 13:22:43,707-0500 INFO  LateBindingScheduler JobQueue: 1
2012-05-30 13:22:43,709-0500 DEBUG vdl:dostageinfile FILE_STAGE_IN_END file=scott3a.sh srchost=localhost srcdir= srcname=scott3a.sh desthost=localhost destdir=foreach-20120530-1322-4j22y0m8/shared/ provider=file
2012-05-30 13:22:43,710-0500 INFO  vdl:dostagein END jobid=sh-rkxgq2sk - Staging in finished
2012-05-30 13:22:43,712-0500 DEBUG vdl:execute2 JOB_START jobid=sh-rkxgq2sk tr=sh arguments=[scott3a.sh] tmpdir=foreach-20120530-1322-4j22y0m8/jobs/r/sh-rkxgq2sk host=localhost
2012-05-30 13:22:43,722-0500 INFO  GridExec TASK_DEFINITION: Task(type=JOB_SUBMISSION, identity=urn:0-1-0-1-1-1338402161524) is /bin/bash shared/_swiftwrap sh-rkxgq2sk -jobdir r -scratch  -e /bin/sh -out _concurrent/c-a6c9405f-a858-4be4-a55b-443dfcc11a20-1-0 -err stderr.txt -i -d _concurrent -if scott3a.sh -of _concurrent/c-a6c9405f-a858-4be4-a55b-443dfcc11a20-1-0 -k  -cdmfile  -status files -a scott3a.sh
2012-05-30 13:22:43,723-0500 INFO  JobSubmissionTaskHandler Submit: in: /var/tmp/foreach-20120530-1322-4j22y0m8 command: /bin/bash /var/tmp/foreach-20120530-1322-4j22y0m8/shared/_swiftwrap sh-rkxgq2sk -jobdir r -scratch  -e /bin/sh -out _concurrent/c-a6c9405f-a858-4be4-a55b-443dfcc11a20-1-0 -err stderr.txt -i -d _concurrent -if scott3a.sh -of _concurrent/c-a6c9405f-a858-4be4-a55b-443dfcc11a20-1-0 -k  -cdmfile  -status files -a scott3a.sh
2012-05-30 13:22:44,070-0500 INFO  LateBindingScheduler JobQueue: 1
2012-05-30 13:22:44,074-0500 DEBUG vdl:checkjobstatus START jobid=sh-rkxgq2sk
2012-05-30 13:22:44,076-0500 INFO  LateBindingScheduler JobQueue: 1
2012-05-30 13:22:44,077-0500 INFO  vdl:checkjobstatus SUCCESS jobid=sh-rkxgq2sk - Success file found
2012-05-30 13:22:44,079-0500 DEBUG vdl:execute2 STAGING_OUT jobid=sh-rkxgq2sk
2012-05-30 13:22:44,081-0500 INFO  vdl:dostageout START jobid=sh-rkxgq2sk - Staging out files
2012-05-30 13:22:44,081-0500 DEBUG vdl:dostageout stageouts: [[$, c:countfile - Open]]
2012-05-30 13:22:44,086-0500 DEBUG vdl:dostageout FILE_STAGE_OUT_START srcname=c-a6c9405f-a858-4be4-a55b-443dfcc11a20-1-0 srcdir=foreach-20120530-1322-4j22y0m8/shared/_concurrent srchost=localhost destdir=_concurrent desthost=localhost provider=file
2012-05-30 13:22:44,087-0500 INFO  LateBindingScheduler JobQueue: 1
2012-05-30 13:22:44,092-0500 INFO  LateBindingScheduler JobQueue: 1
2012-05-30 13:22:44,093-0500 DEBUG vdl:dostageout FILE_STAGE_OUT_END srcname=c-a6c9405f-a858-4be4-a55b-443dfcc11a20-1-0 srcdir=foreach-20120530-1322-4j22y0m8/shared/_concurrent srchost=localhost destdir=_concurrent desthost=localhost provider=file
2012-05-30 13:22:44,096-0500 INFO  LateBindingScheduler JobQueue: 1
2012-05-30 13:22:44,100-0500 INFO  vdl:dostageout END jobid=sh-rkxgq2sk - Staging out finished
2012-05-30 13:22:44,104-0500 DEBUG vdl:execute2 JOB_END jobid=sh-rkxgq2sk
2012-05-30 13:22:44,106-0500 INFO  vdl:execute END_SUCCESS thread=0-1-0-1 tr=sh
2012-05-30 13:22:44,107-0500 DEBUG countwords PROCEDURE_END line=4
2012-05-30 13:22:44,109-0500 DEBUG vdl:mains FOREACH_IT_END line=12 thread=0-1-0
2012-05-30 13:22:44,597-0500 INFO  WeightedHostScoreScheduler CONTACT_SELECTED host=localhost, score=2.615
2012-05-30 13:22:44,609-0500 DEBUG vdl:execute2 THREAD_ASSOCIATION jobid=sh-skxgq2sk thread=0-1-2-1-1 host=localhost replicationGroup=pkxgq2sk
2012-05-30 13:22:44,628-0500 INFO  vdl:createdirset START jobid=sh-skxgq2sk host=localhost - Initializing directory structure
2012-05-30 13:22:44,632-0500 INFO  vdl:createdirset END jobid=sh-skxgq2sk - Done initializing directory structure
2012-05-30 13:22:44,635-0500 INFO  vdl:dostagein START jobid=sh-skxgq2sk - Staging in files
2012-05-30 13:22:44,647-0500 INFO  LateBindingScheduler JobQueue: 0
2012-05-30 13:22:44,651-0500 DEBUG vdl:dostagein CDM: file://localhost/scott3c.sh : DEFAULT
2012-05-30 13:22:44,656-0500 DEBUG vdl:dostageinfile FILE_STAGE_IN_START file=scott3c.sh srchost=localhost srcdir= srcname=scott3c.sh desthost=localhost destdir=foreach-20120530-1322-4j22y0m8/shared/ provider=file policy=DEFAULT
2012-05-30 13:22:44,662-0500 INFO  LateBindingScheduler JobQueue: 0
2012-05-30 13:22:44,664-0500 DEBUG vdl:dostageinfile FILE_STAGE_IN_END file=scott3c.sh srchost=localhost srcdir= srcname=scott3c.sh desthost=localhost destdir=foreach-20120530-1322-4j22y0m8/shared/ provider=file
2012-05-30 13:22:44,666-0500 INFO  vdl:dostagein END jobid=sh-skxgq2sk - Staging in finished
2012-05-30 13:22:44,669-0500 DEBUG vdl:execute2 JOB_START jobid=sh-skxgq2sk tr=sh arguments=[scott3c.sh] tmpdir=foreach-20120530-1322-4j22y0m8/jobs/s/sh-skxgq2sk host=localhost
2012-05-30 13:22:44,683-0500 INFO  GridExec TASK_DEFINITION: Task(type=JOB_SUBMISSION, identity=urn:0-1-2-1-1-1338402161540) is /bin/bash shared/_swiftwrap sh-skxgq2sk -jobdir s -scratch  -e /bin/sh -out _concurrent/c-a6c9405f-a858-4be4-a55b-443dfcc11a20-1-2 -err stderr.txt -i -d _concurrent -if scott3c.sh -of _concurrent/c-a6c9405f-a858-4be4-a55b-443dfcc11a20-1-2 -k  -cdmfile  -status files -a scott3c.sh
2012-05-30 13:22:44,684-0500 INFO  JobSubmissionTaskHandler Submit: in: /var/tmp/foreach-20120530-1322-4j22y0m8 command: /bin/bash /var/tmp/foreach-20120530-1322-4j22y0m8/shared/_swiftwrap sh-skxgq2sk -jobdir s -scratch  -e /bin/sh -out _concurrent/c-a6c9405f-a858-4be4-a55b-443dfcc11a20-1-2 -err stderr.txt -i -d _concurrent -if scott3c.sh -of _concurrent/c-a6c9405f-a858-4be4-a55b-443dfcc11a20-1-2 -k  -cdmfile  -status files -a scott3c.sh
2012-05-30 13:22:56,932-0500 INFO  LateBindingScheduler JobQueue: 0
2012-05-30 13:22:56,937-0500 DEBUG vdl:checkjobstatus START jobid=sh-skxgq2sk
2012-05-30 13:22:56,949-0500 INFO  LateBindingScheduler JobQueue: 0
2012-05-30 13:22:56,953-0500 INFO  vdl:checkerrorfile FAILURE jobid=sh-skxgq2sk - Failure file found
2012-05-30 13:22:56,957-0500 INFO  LateBindingScheduler JobQueue: 0
2012-05-30 13:22:56,963-0500 INFO  LateBindingScheduler JobQueue: 0
2012-05-30 13:22:56,966-0500 INFO  LateBindingScheduler JobQueue: 0
2012-05-30 13:22:56,969-0500 DEBUG vdl:execute2 STAGING_OUT jobid=sh-skxgq2sk
2012-05-30 13:22:56,972-0500 INFO  vdl:dostageout START jobid=sh-skxgq2sk - Staging out files
2012-05-30 13:22:56,972-0500 DEBUG vdl:dostageout stageouts: [[$, c:countfile - Open]]
2012-05-30 13:22:56,983-0500 DEBUG vdl:dostageout FILE_STAGE_OUT_START srcname=c-a6c9405f-a858-4be4-a55b-443dfcc11a20-1-2 srcdir=foreach-20120530-1322-4j22y0m8/shared/_concurrent srchost=localhost destdir=_concurrent desthost=localhost provider=file
2012-05-30 13:22:56,985-0500 INFO  LateBindingScheduler JobQueue: 0
2012-05-30 13:22:57,014-0500 INFO  LateBindingScheduler JobQueue: 0
2012-05-30 13:22:57,017-0500 INFO  vdl:checkerrorfile NO_STATUS_FILE jobid=sh-skxgq2sk - Error file missing
2012-05-30 13:22:57,023-0500 DEBUG vdl:execute2 APPLICATION_EXCEPTION jobid=sh-skxgq2sk - Application exception: null
Caused by: org.globus.cog.abstraction.impl.file.FileNotFoundException: File not found: /var/tmp/foreach-20120530-1322-4j22y0m8/shared/_concurrent/c-a6c9405f-a858-4be4-a55b-443dfcc11a20-1-2
2012-05-30 13:22:57,044-0500 INFO  LateBindingScheduler JobQueue: 0
2012-05-30 13:22:57,050-0500 INFO  LateBindingScheduler JobQueue: 0
2012-05-30 13:22:57,076-0500 INFO  LateBindingScheduler JobQueue: 0
2012-05-30 13:22:57,098-0500 INFO  WeightedHostScoreScheduler CONTACT_SELECTED host=localhost, score=0.000
2012-05-30 13:22:57,104-0500 DEBUG vdl:execute2 THREAD_ASSOCIATION jobid=sh-ukxgq2sk thread=0-1-2-1-1 host=localhost replicationGroup=tkxgq2sk
2012-05-30 13:22:57,113-0500 INFO  vdl:createdirset START jobid=sh-ukxgq2sk host=localhost - Initializing directory structure
2012-05-30 13:22:57,115-0500 INFO  vdl:createdirset END jobid=sh-ukxgq2sk - Done initializing directory structure
2012-05-30 13:22:57,117-0500 INFO  vdl:dostagein START jobid=sh-ukxgq2sk - Staging in files
2012-05-30 13:22:57,124-0500 INFO  LateBindingScheduler JobQueue: 0
2012-05-30 13:22:57,126-0500 DEBUG vdl:dostagein CDM: file://localhost/scott3c.sh : DEFAULT
2012-05-30 13:22:57,129-0500 INFO  vdl:dostagein END jobid=sh-ukxgq2sk - Staging in finished
2012-05-30 13:22:57,131-0500 DEBUG vdl:execute2 JOB_START jobid=sh-ukxgq2sk tr=sh arguments=[scott3c.sh] tmpdir=foreach-20120530-1322-4j22y0m8/jobs/u/sh-ukxgq2sk host=localhost
2012-05-30 13:22:57,142-0500 INFO  GridExec TASK_DEFINITION: Task(type=JOB_SUBMISSION, identity=urn:0-1-2-1-1-1338402161582) is /bin/bash shared/_swiftwrap sh-ukxgq2sk -jobdir u -scratch  -e /bin/sh -out _concurrent/c-a6c9405f-a858-4be4-a55b-443dfcc11a20-1-2 -err stderr.txt -i -d _concurrent -if scott3c.sh -of _concurrent/c-a6c9405f-a858-4be4-a55b-443dfcc11a20-1-2 -k  -cdmfile  -status files -a scott3c.sh
2012-05-30 13:22:57,144-0500 INFO  JobSubmissionTaskHandler Submit: in: /var/tmp/foreach-20120530-1322-4j22y0m8 command: /bin/bash /var/tmp/foreach-20120530-1322-4j22y0m8/shared/_swiftwrap sh-ukxgq2sk -jobdir u -scratch  -e /bin/sh -out _concurrent/c-a6c9405f-a858-4be4-a55b-443dfcc11a20-1-2 -err stderr.txt -i -d _concurrent -if scott3c.sh -of _concurrent/c-a6c9405f-a858-4be4-a55b-443dfcc11a20-1-2 -k  -cdmfile  -status files -a scott3c.sh
2012-05-30 13:22:57,471-0500 INFO  LateBindingScheduler JobQueue: 0
2012-05-30 13:22:57,474-0500 DEBUG vdl:checkjobstatus START jobid=sh-ukxgq2sk
2012-05-30 13:22:57,477-0500 INFO  LateBindingScheduler JobQueue: 0
2012-05-30 13:22:57,478-0500 INFO  vdl:checkjobstatus SUCCESS jobid=sh-ukxgq2sk - Success file found
2012-05-30 13:22:57,480-0500 DEBUG vdl:execute2 STAGING_OUT jobid=sh-ukxgq2sk
2012-05-30 13:22:57,481-0500 INFO  vdl:dostageout START jobid=sh-ukxgq2sk - Staging out files
2012-05-30 13:22:57,482-0500 DEBUG vdl:dostageout stageouts: [[$, c:countfile - Open]]
2012-05-30 13:22:57,490-0500 DEBUG vdl:dostageout FILE_STAGE_OUT_START srcname=c-a6c9405f-a858-4be4-a55b-443dfcc11a20-1-2 srcdir=foreach-20120530-1322-4j22y0m8/shared/_concurrent srchost=localhost destdir=_concurrent desthost=localhost provider=file
2012-05-30 13:22:57,492-0500 INFO  LateBindingScheduler JobQueue: 0
2012-05-30 13:22:57,499-0500 INFO  LateBindingScheduler JobQueue: 0
2012-05-30 13:22:57,501-0500 DEBUG vdl:dostageout FILE_STAGE_OUT_END srcname=c-a6c9405f-a858-4be4-a55b-443dfcc11a20-1-2 srcdir=foreach-20120530-1322-4j22y0m8/shared/_concurrent srchost=localhost destdir=_concurrent desthost=localhost provider=file
2012-05-30 13:22:57,504-0500 INFO  LateBindingScheduler JobQueue: 0
2012-05-30 13:22:57,508-0500 INFO  vdl:dostageout END jobid=sh-ukxgq2sk - Staging out finished
2012-05-30 13:22:57,512-0500 DEBUG vdl:execute2 JOB_END jobid=sh-ukxgq2sk
2012-05-30 13:22:57,513-0500 INFO  vdl:execute END_SUCCESS thread=0-1-2-1 tr=sh
2012-05-30 13:22:57,515-0500 DEBUG countwords PROCEDURE_END line=4
2012-05-30 13:22:57,518-0500 DEBUG vdl:mains FOREACH_IT_END line=12 thread=0-1-2
2012-05-30 13:22:57,540-0500 DEBUG vdl:mains Starting cleanups
2012-05-30 13:22:57,541-0500 INFO  vdl:cleanups START cleanups=[[foreach-20120530-1322-4j22y0m8, localhost]]
2012-05-30 13:22:57,543-0500 INFO  vdl:cleanup START dir=foreach-20120530-1322-4j22y0m8 host=localhost
2012-05-30 13:22:57,543-0500 DEBUG vdl:cleanup cdmfile 
2012-05-30 13:22:57,546-0500 INFO  GridExec TASK_DEFINITION: Task(type=JOB_SUBMISSION, identity=urn:0-1-1338402161593) is /bin/rm -rf foreach-20120530-1322-4j22y0m8
2012-05-30 13:22:57,547-0500 INFO  JobSubmissionTaskHandler Submit: in: /var/tmp command: /bin/rm -rf foreach-20120530-1322-4j22y0m8
2012-05-30 13:22:57,547-0500 INFO  LateBindingScheduler JobQueue: 0
2012-05-30 13:22:57,549-0500 INFO  vdl:cleanup END dir=foreach-20120530-1322-4j22y0m8 host=localhost
2012-05-30 13:22:57,550-0500 INFO  vdl:cleanups END cleanups=[[foreach-20120530-1322-4j22y0m8, localhost]]
2012-05-30 13:22:57,550-0500 DEBUG vdl:mains Ending cleanups
2012-05-30 13:22:57,555-0500 INFO  Loader Swift finished with no errors
