2012-05-30 11:31:06,992-0500 DEBUG Loader arguments: [/home/skrieder/swift/multi/foreach.swift]
2012-05-30 11:31:06,992-0500 DEBUG Loader Max heap: 252248064
2012-05-30 11:31:06,993-0500 DEBUG textfiles BEGIN SWIFTSCRIPT:
type messagefile; 
type countfile; 

app (countfile t) countwords (messagefile f) {   
     sh @filename(f) stdout=@filename(t);
}

string inputNames = "scott3a.sh scott3b.sh";

messagefile inputfiles[] <fixed_array_mapper;files=inputNames>;

foreach f in inputfiles {
  countfile c;
  c = countwords(f);
}


2012-05-30 11:31:06,993-0500 DEBUG textfiles END SWIFTSCRIPT:
2012-05-30 11:31:06,994-0500 DEBUG Loader kmlversion is >239b8550-a5ff-44be-a124-5e7ecd70737d<
2012-05-30 11:31:06,994-0500 DEBUG Loader build version is >239b8550-a5ff-44be-a124-5e7ecd70737d<
2012-05-30 11:31:06,994-0500 DEBUG Loader Recompilation suppressed.
2012-05-30 11:31:07,142-0500 DEBUG textfiles using default sites file
2012-05-30 11:31:07,146-0500 INFO  VDL2ExecutionContext Stack dump:
Level 1
[iA = 0, iB = 0, bA = false, bB = false]
	vdl:instanceconfig = Swift configuration []
	vdl:operation = run
	swift.home = /usr/local/swift/bin/..
	PATH_SEPARATOR = /


2012-05-30 11:31:07,812-0500 INFO  unknown Using sites file: /usr/local/swift/bin/../etc/sites.xml
2012-05-30 11:31:07,847-0500 INFO  unknown Using tc.data: /usr/local/swift/bin/../etc/tc.data
2012-05-30 11:31:07,954-0500 WARN  File On line 24in File /usr/local/swift/bin/../etc/tc.data

java.lang.IllegalStateException: Error : Illegal TCType defined. Please specify one of the predefined types 
 [INSTALLED, SOURCE, STATIC_BINARY, DYNAMIC_BINARY, PACMAN_PACKAGE, SCRIPT]
	at org.globus.swift.catalog.types.TCType.fromValue(TCType.java:73)
	at org.globus.swift.catalog.types.TCType.fromString(TCType.java:85)
	at org.globus.swift.catalog.transformation.File.populateTC(File.java:1085)
	at org.globus.swift.catalog.transformation.File.populateTC(File.java:1034)
	at org.globus.swift.catalog.transformation.File.<init>(File.java:149)
	at org.globus.swift.catalog.transformation.File.getNonSingletonInstance(File.java:116)
	at org.griphyn.vdl.karajan.VDSAdaptiveScheduler.setProperty(VDSAdaptiveScheduler.java:71)
	at org.globus.cog.karajan.workflow.nodes.grid.SchedulerNode.newScheduler(SchedulerNode.java:104)
	at org.globus.cog.karajan.workflow.nodes.grid.SchedulerNode.post(SchedulerNode.java:63)
	at org.globus.cog.karajan.workflow.nodes.AbstractSequentialWithArguments.completed(AbstractSequentialWithArguments.java:194)
	at org.globus.cog.karajan.workflow.nodes.FlowNode.complete(FlowNode.java:214)
	at org.globus.cog.karajan.workflow.nodes.FlowContainer.post(FlowContainer.java:58)
	at org.globus.cog.karajan.workflow.nodes.AbstractSequentialWithArguments.completed(AbstractSequentialWithArguments.java:194)
	at org.globus.cog.karajan.workflow.nodes.user.UserDefinedElement.completed(UserDefinedElement.java:286)
	at org.globus.cog.karajan.workflow.nodes.user.SequentialImplicitExecutionUDE.completed(SequentialImplicitExecutionUDE.java:89)
	at org.globus.cog.karajan.workflow.nodes.FlowNode.complete(FlowNode.java:214)
	at org.globus.cog.karajan.workflow.nodes.FlowContainer.post(FlowContainer.java:58)
	at org.globus.cog.karajan.workflow.nodes.functions.AbstractFunction.post(AbstractFunction.java:28)
	at org.globus.cog.karajan.workflow.nodes.AbstractSequentialWithArguments.completed(AbstractSequentialWithArguments.java:194)
	at org.globus.cog.karajan.workflow.nodes.FlowNode.complete(FlowNode.java:214)
	at org.globus.cog.karajan.workflow.nodes.ExecuteFile.completed(ExecuteFile.java:158)
	at org.globus.cog.karajan.workflow.nodes.FlowNode.complete(FlowNode.java:214)
	at org.globus.cog.karajan.workflow.nodes.FlowContainer.post(FlowContainer.java:58)
	at org.globus.cog.karajan.workflow.nodes.Sequential.startNext(Sequential.java:29)
	at org.globus.cog.karajan.workflow.nodes.Sequential.completed(Sequential.java:24)
	at org.globus.cog.karajan.workflow.nodes.FlowNode.complete(FlowNode.java:214)
	at org.globus.cog.karajan.workflow.nodes.FlowContainer.post(FlowContainer.java:58)
	at org.globus.cog.karajan.workflow.nodes.AbstractSequentialWithArguments.completed(AbstractSequentialWithArguments.java:194)
	at org.globus.cog.karajan.workflow.nodes.user.UserDefinedElement.completed(UserDefinedElement.java:286)
	at org.globus.cog.karajan.workflow.nodes.user.SequentialImplicitExecutionUDE.completed(SequentialImplicitExecutionUDE.java:89)
	at org.globus.cog.karajan.workflow.nodes.FlowNode.complete(FlowNode.java:214)
	at org.globus.cog.karajan.workflow.nodes.FlowContainer.post(FlowContainer.java:58)
	at org.globus.cog.karajan.workflow.nodes.functions.AbstractFunction.post(AbstractFunction.java:28)
	at org.globus.cog.karajan.workflow.nodes.AbstractSequentialWithArguments.completed(AbstractSequentialWithArguments.java:194)
	at org.globus.cog.karajan.workflow.nodes.FlowNode.complete(FlowNode.java:214)
	at org.globus.cog.karajan.workflow.nodes.FlowContainer.post(FlowContainer.java:58)
	at org.globus.cog.karajan.workflow.nodes.AbstractSequentialWithArguments.completed(AbstractSequentialWithArguments.java:194)
	at org.globus.cog.karajan.workflow.nodes.PartialArgumentsContainer.nonArgChildCompleted(PartialArgumentsContainer.java:105)
	at org.globus.cog.karajan.workflow.nodes.PartialArgumentsContainer.completed(PartialArgumentsContainer.java:86)
	at org.globus.cog.karajan.workflow.nodes.FlowNode.complete(FlowNode.java:214)
	at org.globus.cog.karajan.workflow.nodes.Maybe.failed(Maybe.java:23)
	at org.globus.cog.karajan.workflow.nodes.FlowNode.failImmediately(FlowNode.java:89)
	at org.globus.cog.karajan.workflow.nodes.FlowNode.failed(FlowNode.java:245)
	at org.globus.cog.karajan.workflow.nodes.FlowNode.failImmediately(FlowNode.java:89)
	at org.globus.cog.karajan.workflow.nodes.FlowNode.restart(FlowNode.java:151)
	at org.globus.cog.karajan.workflow.nodes.FlowNode.start(FlowNode.java:197)
	at org.globus.cog.karajan.workflow.FlowElementWrapper.start(FlowElementWrapper.java:227)
	at org.globus.cog.karajan.workflow.events.EventBus.start(EventBus.java:104)
	at org.globus.cog.karajan.workflow.events.EventTargetPair.run(EventTargetPair.java:40)
	at java.util.concurrent.Executors$RunnableAdapter.call(Executors.java:471)
	at java.util.concurrent.FutureTask$Sync.innerRun(FutureTask.java:334)
	at java.util.concurrent.FutureTask.run(FutureTask.java:166)
	at java.util.concurrent.ThreadPoolExecutor.runWorker(ThreadPoolExecutor.java:1110)
	at java.util.concurrent.ThreadPoolExecutor$Worker.run(ThreadPoolExecutor.java:603)
	at java.lang.Thread.run(Thread.java:722)
2012-05-30 11:31:07,962-0500 INFO  AbstractScheduler Setting resources to: {localhost=localhost}
2012-05-30 11:31:08,668-0500 INFO  unknown Swift 0.93 swift-r5483 cog-r3339

2012-05-30 11:31:08,669-0500 INFO  unknown RUNID id=run:20120530-1131-4g5d4aae
2012-05-30 11:31:08,747-0500 INFO  SetFieldValue Set: inputNames=scott3a.sh scott3b.sh
2012-05-30 11:31:08,758-0500 INFO  RootDataNode Found data inputfiles:messagefile[] - Open.[0]
2012-05-30 11:31:08,758-0500 INFO  RootDataNode Found data inputfiles:messagefile[] - Open.[1]
2012-05-30 11:31:08,762-0500 DEBUG vdl:mains FOREACH_IT_START line=12 thread=0-1-0
2012-05-30 11:31:08,762-0500 DEBUG vdl:mains FOREACH_IT_START line=12 thread=0-1-1
2012-05-30 11:31:08,763-0500 DEBUG vdl:mains SCOPE thread=0-1-0
2012-05-30 11:31:08,763-0500 DEBUG vdl:mains SCOPE thread=0-1-1
2012-05-30 11:31:08,773-0500 DEBUG countwords PROCEDURE line=4 thread=0-1-1-1 name=countwords
2012-05-30 11:31:08,774-0500 DEBUG countwords PROCEDURE line=4 thread=0-1-0-1 name=countwords
2012-05-30 11:31:08,784-0500 INFO  vdl:execute START thread=0-1-0-1 tr=sh
2012-05-30 11:31:08,784-0500 INFO  vdl:execute START thread=0-1-1-1 tr=sh
2012-05-30 11:31:08,804-0500 INFO  WeightedHostScoreScheduler CONTACT_SELECTED host=localhost, score=1.000
2012-05-30 11:31:08,812-0500 INFO  GlobalSubmitQueue No global submit throttle set. Using default (1024)
2012-05-30 11:31:08,817-0500 INFO  LateBindingScheduler JobQueue: 1
2012-05-30 11:31:08,819-0500 INFO  LateBindingScheduler JobQueue: 1
2012-05-30 11:31:08,826-0500 INFO  vdl:initshareddir START host=localhost - Initializing shared directory
2012-05-30 11:31:08,832-0500 INFO  LateBindingScheduler JobQueue: 1
2012-05-30 11:31:08,859-0500 INFO  LateBindingScheduler JobQueue: 1
2012-05-30 11:31:08,865-0500 INFO  LateBindingScheduler JobQueue: 1
2012-05-30 11:31:08,869-0500 INFO  LateBindingScheduler JobQueue: 1
2012-05-30 11:31:08,877-0500 INFO  LateBindingScheduler JobQueue: 1
2012-05-30 11:31:08,884-0500 INFO  LateBindingScheduler JobQueue: 1
2012-05-30 11:31:08,888-0500 INFO  vdl:initshareddir END host=localhost - Done initializing shared directory
2012-05-30 11:31:08,895-0500 DEBUG vdl:execute2 THREAD_ASSOCIATION jobid=sh-yds0m2sk thread=0-1-1-1-1 host=localhost replicationGroup=vds0m2sk
2012-05-30 11:31:08,918-0500 INFO  vdl:createdirset START jobid=sh-yds0m2sk host=localhost - Initializing directory structure
2012-05-30 11:31:08,925-0500 INFO  vdl:createdirs START path=_concurrent dir=foreach-20120530-1131-4g5d4aae/shared - Creating directory structure
2012-05-30 11:31:08,928-0500 INFO  LateBindingScheduler JobQueue: 1
2012-05-30 11:31:08,929-0500 INFO  vdl:createdirset END jobid=sh-yds0m2sk - Done initializing directory structure
2012-05-30 11:31:08,932-0500 INFO  vdl:dostagein START jobid=sh-yds0m2sk - Staging in files
2012-05-30 11:31:08,958-0500 INFO  LateBindingScheduler JobQueue: 1
2012-05-30 11:31:08,971-0500 DEBUG vdl:dostagein CDM: file://localhost/scott3b.sh : DEFAULT
2012-05-30 11:31:08,987-0500 DEBUG vdl:dostageinfile FILE_STAGE_IN_START file=scott3b.sh srchost=localhost srcdir= srcname=scott3b.sh desthost=localhost destdir=foreach-20120530-1131-4g5d4aae/shared/ provider=file policy=DEFAULT
2012-05-30 11:31:08,995-0500 INFO  LateBindingScheduler JobQueue: 1
2012-05-30 11:31:08,998-0500 DEBUG vdl:dostageinfile FILE_STAGE_IN_END file=scott3b.sh srchost=localhost srcdir= srcname=scott3b.sh desthost=localhost destdir=foreach-20120530-1131-4g5d4aae/shared/ provider=file
2012-05-30 11:31:09,000-0500 INFO  vdl:dostagein END jobid=sh-yds0m2sk - Staging in finished
2012-05-30 11:31:09,005-0500 DEBUG vdl:execute2 JOB_START jobid=sh-yds0m2sk tr=sh arguments=[scott3b.sh] tmpdir=foreach-20120530-1131-4g5d4aae/jobs/y/sh-yds0m2sk host=localhost
2012-05-30 11:31:09,019-0500 DEBUG textfiles BEGIN TC:
#This is the transformation catalog.
#
#It comes pre-configured with a number of simple transformations with
#paths that are likely to work on a linux box. However, on some systems,
#the paths to these executables will be different (for example, sometimes
#some of these programs are found in /usr/bin rather than in /bin)
#
#NOTE WELL: fields in this file must be separated by tabs, not spaces; and
#there must be no trailing whitespace at the end of each line.
#
# sitename  transformation  path   INSTALLED  platform  profiles
localhost 	echo 		/bin/echo	INSTALLED	INTEL32::LINUX	null
localhost 	cat 		/bin/cat	INSTALLED	INTEL32::LINUX	null
localhost 	ls 		/bin/ls		INSTALLED	INTEL32::LINUX	null
localhost 	grep 		/bin/grep	INSTALLED	INTEL32::LINUX	null
localhost 	sort 		/bin/sort	INSTALLED	INTEL32::LINUX	null
localhost 	paste 		/bin/paste	INSTALLED	INTEL32::LINUX	null
localhost 	cp 		/bin/cp         INSTALLED	INTEL32::LINUX	null
localhost 	touch 		/bin/touch      INSTALLED	INTEL32::LINUX	null
localhost	wc		/usr/bin/wc	INSTALLED	INTEL32::LINUX	null
localhost	sh		/bin/sh		INSTALLED	INTEL32::LINUX	null
localhost	sleep		/bin/sleep	INSTALLED	INTEL32::LINUX	null
localhost	tr		/usr/bin/tr	INSTALLED	INTEL32::LINUX	null
localhost	scott.sh	/Users/scottkrieder/swift/examples/swift/tutorial/scott.sh	INTSALLED	INTEL32::LINUX	null


2012-05-30 11:31:09,020-0500 DEBUG textfiles END TC:
2012-05-30 11:31:09,027-0500 WARN  File On line 24in File /usr/local/swift/bin/../etc/tc.data

java.lang.IllegalStateException: Error : Illegal TCType defined. Please specify one of the predefined types 
 [INSTALLED, SOURCE, STATIC_BINARY, DYNAMIC_BINARY, PACMAN_PACKAGE, SCRIPT]
	at org.globus.swift.catalog.types.TCType.fromValue(TCType.java:73)
	at org.globus.swift.catalog.types.TCType.fromString(TCType.java:85)
	at org.globus.swift.catalog.transformation.File.populateTC(File.java:1085)
	at org.globus.swift.catalog.transformation.File.populateTC(File.java:1034)
	at org.globus.swift.catalog.transformation.File.<init>(File.java:149)
	at org.globus.swift.catalog.transformation.File.getNonSingletonInstance(File.java:116)
	at org.griphyn.vdl.karajan.lib.VDLFunction.getTC(VDLFunction.java:492)
	at org.griphyn.vdl.karajan.lib.Executable.function(Executable.java:24)
	at org.griphyn.vdl.karajan.lib.VDLFunction.post(VDLFunction.java:62)
	at org.globus.cog.karajan.workflow.nodes.AbstractSequentialWithArguments.completed(AbstractSequentialWithArguments.java:194)
	at org.globus.cog.karajan.workflow.nodes.FlowNode.complete(FlowNode.java:214)
	at org.globus.cog.karajan.workflow.nodes.FlowContainer.post(FlowContainer.java:58)
	at org.globus.cog.karajan.workflow.nodes.functions.AbstractFunction.post(AbstractFunction.java:28)
	at org.globus.cog.karajan.workflow.nodes.Sequential.startNext(Sequential.java:29)
	at org.globus.cog.karajan.workflow.nodes.Sequential.executeChildren(Sequential.java:20)
	at org.globus.cog.karajan.workflow.nodes.FlowContainer.execute(FlowContainer.java:63)
	at org.globus.cog.karajan.workflow.nodes.FlowNode.restart(FlowNode.java:139)
	at org.globus.cog.karajan.workflow.nodes.FlowNode.start(FlowNode.java:197)
	at org.globus.cog.karajan.workflow.FlowElementWrapper.start(FlowElementWrapper.java:227)
	at org.globus.cog.karajan.workflow.events.EventBus.start(EventBus.java:104)
	at org.globus.cog.karajan.workflow.events.EventTargetPair.run(EventTargetPair.java:40)
	at java.util.concurrent.Executors$RunnableAdapter.call(Executors.java:471)
	at java.util.concurrent.FutureTask$Sync.innerRun(FutureTask.java:334)
	at java.util.concurrent.FutureTask.run(FutureTask.java:166)
	at java.util.concurrent.ThreadPoolExecutor.runWorker(ThreadPoolExecutor.java:1110)
	at java.util.concurrent.ThreadPoolExecutor$Worker.run(ThreadPoolExecutor.java:603)
	at java.lang.Thread.run(Thread.java:722)
2012-05-30 11:31:09,056-0500 INFO  GridExec TASK_DEFINITION: Task(type=JOB_SUBMISSION, identity=urn:0-1-1-1-1-1338395467847) is /bin/bash shared/_swiftwrap sh-yds0m2sk -jobdir y -scratch  -e /bin/sh -out _concurrent/c-e3bf9e4e-6ad7-4c16-99d8-79ef8a32889d-1-1 -err stderr.txt -i -d _concurrent -if scott3b.sh -of _concurrent/c-e3bf9e4e-6ad7-4c16-99d8-79ef8a32889d-1-1 -k  -cdmfile  -status files -a scott3b.sh
2012-05-30 11:31:09,074-0500 INFO  JobSubmissionTaskHandler Submit: in: /var/tmp/foreach-20120530-1131-4g5d4aae command: /bin/bash /var/tmp/foreach-20120530-1131-4g5d4aae/shared/_swiftwrap sh-yds0m2sk -jobdir y -scratch  -e /bin/sh -out _concurrent/c-e3bf9e4e-6ad7-4c16-99d8-79ef8a32889d-1-1 -err stderr.txt -i -d _concurrent -if scott3b.sh -of _concurrent/c-e3bf9e4e-6ad7-4c16-99d8-79ef8a32889d-1-1 -k  -cdmfile  -status files -a scott3b.sh
2012-05-30 11:31:09,429-0500 INFO  LateBindingScheduler JobQueue: 1
2012-05-30 11:31:09,436-0500 DEBUG vdl:checkjobstatus START jobid=sh-yds0m2sk
2012-05-30 11:31:09,439-0500 INFO  LateBindingScheduler JobQueue: 1
2012-05-30 11:31:09,441-0500 INFO  vdl:checkjobstatus SUCCESS jobid=sh-yds0m2sk - Success file found
2012-05-30 11:31:09,444-0500 DEBUG vdl:execute2 STAGING_OUT jobid=sh-yds0m2sk
2012-05-30 11:31:09,448-0500 INFO  vdl:dostageout START jobid=sh-yds0m2sk - Staging out files
2012-05-30 11:31:09,449-0500 DEBUG vdl:dostageout stageouts: [[$, c:countfile - Open]]
2012-05-30 11:31:09,469-0500 DEBUG vdl:dostageout FILE_STAGE_OUT_START srcname=c-e3bf9e4e-6ad7-4c16-99d8-79ef8a32889d-1-1 srcdir=foreach-20120530-1131-4g5d4aae/shared/_concurrent srchost=localhost destdir=_concurrent desthost=localhost provider=file
2012-05-30 11:31:09,472-0500 INFO  LateBindingScheduler JobQueue: 1
2012-05-30 11:31:09,483-0500 INFO  LateBindingScheduler JobQueue: 1
2012-05-30 11:31:09,485-0500 DEBUG vdl:dostageout FILE_STAGE_OUT_END srcname=c-e3bf9e4e-6ad7-4c16-99d8-79ef8a32889d-1-1 srcdir=foreach-20120530-1131-4g5d4aae/shared/_concurrent srchost=localhost destdir=_concurrent desthost=localhost provider=file
2012-05-30 11:31:09,489-0500 INFO  LateBindingScheduler JobQueue: 1
2012-05-30 11:31:09,498-0500 INFO  vdl:dostageout END jobid=sh-yds0m2sk - Staging out finished
2012-05-30 11:31:09,509-0500 DEBUG vdl:execute2 JOB_END jobid=sh-yds0m2sk
2012-05-30 11:31:09,511-0500 INFO  vdl:execute END_SUCCESS thread=0-1-1-1 tr=sh
2012-05-30 11:31:09,512-0500 DEBUG countwords PROCEDURE_END line=4
2012-05-30 11:31:09,512-0500 DEBUG vdl:mains FOREACH_IT_END line=12 thread=0-1-1
2012-05-30 11:31:09,991-0500 INFO  WeightedHostScoreScheduler CONTACT_SELECTED host=localhost, score=1.995
2012-05-30 11:31:09,998-0500 DEBUG vdl:execute2 THREAD_ASSOCIATION jobid=sh-zds0m2sk thread=0-1-0-1-1 host=localhost replicationGroup=xds0m2sk
2012-05-30 11:31:10,008-0500 INFO  vdl:createdirset START jobid=sh-zds0m2sk host=localhost - Initializing directory structure
2012-05-30 11:31:10,010-0500 INFO  vdl:createdirset END jobid=sh-zds0m2sk - Done initializing directory structure
2012-05-30 11:31:10,011-0500 INFO  vdl:dostagein START jobid=sh-zds0m2sk - Staging in files
2012-05-30 11:31:10,018-0500 INFO  LateBindingScheduler JobQueue: 0
2012-05-30 11:31:10,019-0500 DEBUG vdl:dostagein CDM: file://localhost/scott3a.sh : DEFAULT
2012-05-30 11:31:10,024-0500 DEBUG vdl:dostageinfile FILE_STAGE_IN_START file=scott3a.sh srchost=localhost srcdir= srcname=scott3a.sh desthost=localhost destdir=foreach-20120530-1131-4g5d4aae/shared/ provider=file policy=DEFAULT
2012-05-30 11:31:10,029-0500 INFO  LateBindingScheduler JobQueue: 0
2012-05-30 11:31:10,030-0500 DEBUG vdl:dostageinfile FILE_STAGE_IN_END file=scott3a.sh srchost=localhost srcdir= srcname=scott3a.sh desthost=localhost destdir=foreach-20120530-1131-4g5d4aae/shared/ provider=file
2012-05-30 11:31:10,031-0500 INFO  vdl:dostagein END jobid=sh-zds0m2sk - Staging in finished
2012-05-30 11:31:10,033-0500 DEBUG vdl:execute2 JOB_START jobid=sh-zds0m2sk tr=sh arguments=[scott3a.sh] tmpdir=foreach-20120530-1131-4g5d4aae/jobs/z/sh-zds0m2sk host=localhost
2012-05-30 11:31:10,044-0500 INFO  GridExec TASK_DEFINITION: Task(type=JOB_SUBMISSION, identity=urn:0-1-0-1-1-1338395467863) is /bin/bash shared/_swiftwrap sh-zds0m2sk -jobdir z -scratch  -e /bin/sh -out _concurrent/c-e3bf9e4e-6ad7-4c16-99d8-79ef8a32889d-1-0 -err stderr.txt -i -d _concurrent -if scott3a.sh -of _concurrent/c-e3bf9e4e-6ad7-4c16-99d8-79ef8a32889d-1-0 -k  -cdmfile  -status files -a scott3a.sh
2012-05-30 11:31:10,045-0500 INFO  JobSubmissionTaskHandler Submit: in: /var/tmp/foreach-20120530-1131-4g5d4aae command: /bin/bash /var/tmp/foreach-20120530-1131-4g5d4aae/shared/_swiftwrap sh-zds0m2sk -jobdir z -scratch  -e /bin/sh -out _concurrent/c-e3bf9e4e-6ad7-4c16-99d8-79ef8a32889d-1-0 -err stderr.txt -i -d _concurrent -if scott3a.sh -of _concurrent/c-e3bf9e4e-6ad7-4c16-99d8-79ef8a32889d-1-0 -k  -cdmfile  -status files -a scott3a.sh
2012-05-30 11:31:24,916-0500 INFO  LateBindingScheduler JobQueue: 0
2012-05-30 11:31:24,922-0500 DEBUG vdl:checkjobstatus START jobid=sh-zds0m2sk
2012-05-30 11:31:24,938-0500 INFO  LateBindingScheduler JobQueue: 0
2012-05-30 11:31:24,941-0500 INFO  vdl:checkerrorfile FAILURE jobid=sh-zds0m2sk - Failure file found
2012-05-30 11:31:24,946-0500 INFO  LateBindingScheduler JobQueue: 0
2012-05-30 11:31:24,955-0500 INFO  LateBindingScheduler JobQueue: 0
2012-05-30 11:31:24,957-0500 INFO  LateBindingScheduler JobQueue: 0
2012-05-30 11:31:24,963-0500 DEBUG vdl:execute2 STAGING_OUT jobid=sh-zds0m2sk
2012-05-30 11:31:24,967-0500 INFO  vdl:dostageout START jobid=sh-zds0m2sk - Staging out files
2012-05-30 11:31:24,967-0500 DEBUG vdl:dostageout stageouts: [[$, c:countfile - Open]]
2012-05-30 11:31:24,984-0500 DEBUG vdl:dostageout FILE_STAGE_OUT_START srcname=c-e3bf9e4e-6ad7-4c16-99d8-79ef8a32889d-1-0 srcdir=foreach-20120530-1131-4g5d4aae/shared/_concurrent srchost=localhost destdir=_concurrent desthost=localhost provider=file
2012-05-30 11:31:24,988-0500 INFO  LateBindingScheduler JobQueue: 0
2012-05-30 11:31:25,020-0500 INFO  LateBindingScheduler JobQueue: 0
2012-05-30 11:31:25,022-0500 INFO  vdl:checkerrorfile NO_STATUS_FILE jobid=sh-zds0m2sk - Error file missing
2012-05-30 11:31:25,030-0500 DEBUG vdl:execute2 APPLICATION_EXCEPTION jobid=sh-zds0m2sk - Application exception: null
Caused by: org.globus.cog.abstraction.impl.file.FileNotFoundException: File not found: /var/tmp/foreach-20120530-1131-4g5d4aae/shared/_concurrent/c-e3bf9e4e-6ad7-4c16-99d8-79ef8a32889d-1-0
2012-05-30 11:31:25,052-0500 INFO  LateBindingScheduler JobQueue: 0
2012-05-30 11:31:25,059-0500 INFO  LateBindingScheduler JobQueue: 0
2012-05-30 11:31:25,086-0500 INFO  LateBindingScheduler JobQueue: 0
2012-05-30 11:31:25,112-0500 INFO  WeightedHostScoreScheduler CONTACT_SELECTED host=localhost, score=0.000
2012-05-30 11:31:25,119-0500 DEBUG vdl:execute2 THREAD_ASSOCIATION jobid=sh-1es0m2sk thread=0-1-0-1-1 host=localhost replicationGroup=0es0m2sk
2012-05-30 11:31:25,131-0500 INFO  vdl:createdirset START jobid=sh-1es0m2sk host=localhost - Initializing directory structure
2012-05-30 11:31:25,133-0500 INFO  vdl:createdirset END jobid=sh-1es0m2sk - Done initializing directory structure
2012-05-30 11:31:25,135-0500 INFO  vdl:dostagein START jobid=sh-1es0m2sk - Staging in files
2012-05-30 11:31:25,142-0500 INFO  LateBindingScheduler JobQueue: 0
2012-05-30 11:31:25,143-0500 DEBUG vdl:dostagein CDM: file://localhost/scott3a.sh : DEFAULT
2012-05-30 11:31:25,147-0500 INFO  vdl:dostagein END jobid=sh-1es0m2sk - Staging in finished
2012-05-30 11:31:25,149-0500 DEBUG vdl:execute2 JOB_START jobid=sh-1es0m2sk tr=sh arguments=[scott3a.sh] tmpdir=foreach-20120530-1131-4g5d4aae/jobs/1/sh-1es0m2sk host=localhost
2012-05-30 11:31:25,159-0500 INFO  GridExec TASK_DEFINITION: Task(type=JOB_SUBMISSION, identity=urn:0-1-0-1-1-1338395467905) is /bin/bash shared/_swiftwrap sh-1es0m2sk -jobdir 1 -scratch  -e /bin/sh -out _concurrent/c-e3bf9e4e-6ad7-4c16-99d8-79ef8a32889d-1-0 -err stderr.txt -i -d _concurrent -if scott3a.sh -of _concurrent/c-e3bf9e4e-6ad7-4c16-99d8-79ef8a32889d-1-0 -k  -cdmfile  -status files -a scott3a.sh
2012-05-30 11:31:25,161-0500 INFO  JobSubmissionTaskHandler Submit: in: /var/tmp/foreach-20120530-1131-4g5d4aae command: /bin/bash /var/tmp/foreach-20120530-1131-4g5d4aae/shared/_swiftwrap sh-1es0m2sk -jobdir 1 -scratch  -e /bin/sh -out _concurrent/c-e3bf9e4e-6ad7-4c16-99d8-79ef8a32889d-1-0 -err stderr.txt -i -d _concurrent -if scott3a.sh -of _concurrent/c-e3bf9e4e-6ad7-4c16-99d8-79ef8a32889d-1-0 -k  -cdmfile  -status files -a scott3a.sh
2012-05-30 11:31:25,509-0500 INFO  LateBindingScheduler JobQueue: 0
2012-05-30 11:31:25,513-0500 DEBUG vdl:checkjobstatus START jobid=sh-1es0m2sk
2012-05-30 11:31:25,516-0500 INFO  LateBindingScheduler JobQueue: 0
2012-05-30 11:31:25,517-0500 INFO  vdl:checkjobstatus SUCCESS jobid=sh-1es0m2sk - Success file found
2012-05-30 11:31:25,519-0500 DEBUG vdl:execute2 STAGING_OUT jobid=sh-1es0m2sk
2012-05-30 11:31:25,521-0500 INFO  vdl:dostageout START jobid=sh-1es0m2sk - Staging out files
2012-05-30 11:31:25,521-0500 DEBUG vdl:dostageout stageouts: [[$, c:countfile - Open]]
2012-05-30 11:31:25,529-0500 DEBUG vdl:dostageout FILE_STAGE_OUT_START srcname=c-e3bf9e4e-6ad7-4c16-99d8-79ef8a32889d-1-0 srcdir=foreach-20120530-1131-4g5d4aae/shared/_concurrent srchost=localhost destdir=_concurrent desthost=localhost provider=file
2012-05-30 11:31:25,532-0500 INFO  LateBindingScheduler JobQueue: 0
2012-05-30 11:31:25,540-0500 INFO  LateBindingScheduler JobQueue: 0
2012-05-30 11:31:25,542-0500 DEBUG vdl:dostageout FILE_STAGE_OUT_END srcname=c-e3bf9e4e-6ad7-4c16-99d8-79ef8a32889d-1-0 srcdir=foreach-20120530-1131-4g5d4aae/shared/_concurrent srchost=localhost destdir=_concurrent desthost=localhost provider=file
2012-05-30 11:31:25,544-0500 INFO  LateBindingScheduler JobQueue: 0
2012-05-30 11:31:25,549-0500 INFO  vdl:dostageout END jobid=sh-1es0m2sk - Staging out finished
2012-05-30 11:31:25,554-0500 DEBUG vdl:execute2 JOB_END jobid=sh-1es0m2sk
2012-05-30 11:31:25,555-0500 INFO  vdl:execute END_SUCCESS thread=0-1-0-1 tr=sh
2012-05-30 11:31:25,556-0500 DEBUG countwords PROCEDURE_END line=4
2012-05-30 11:31:25,561-0500 DEBUG vdl:mains FOREACH_IT_END line=12 thread=0-1-0
2012-05-30 11:31:25,588-0500 DEBUG vdl:mains Starting cleanups
2012-05-30 11:31:25,589-0500 INFO  vdl:cleanups START cleanups=[[foreach-20120530-1131-4g5d4aae, localhost]]
2012-05-30 11:31:25,590-0500 INFO  vdl:cleanup START dir=foreach-20120530-1131-4g5d4aae host=localhost
2012-05-30 11:31:25,591-0500 DEBUG vdl:cleanup cdmfile 
2012-05-30 11:31:25,594-0500 INFO  GridExec TASK_DEFINITION: Task(type=JOB_SUBMISSION, identity=urn:0-1-1338395467916) is /bin/rm -rf foreach-20120530-1131-4g5d4aae
2012-05-30 11:31:25,595-0500 INFO  JobSubmissionTaskHandler Submit: in: /var/tmp command: /bin/rm -rf foreach-20120530-1131-4g5d4aae
2012-05-30 11:31:25,596-0500 INFO  LateBindingScheduler JobQueue: 0
2012-05-30 11:31:25,599-0500 INFO  vdl:cleanup END dir=foreach-20120530-1131-4g5d4aae host=localhost
2012-05-30 11:31:25,601-0500 INFO  vdl:cleanups END cleanups=[[foreach-20120530-1131-4g5d4aae, localhost]]
2012-05-30 11:31:25,602-0500 DEBUG vdl:mains Ending cleanups
2012-05-30 11:31:25,606-0500 INFO  Loader Swift finished with no errors
