2012-05-30 13:22:20,650-0500 DEBUG Loader arguments: [/home/skrieder/swift/multi/foreach.swift]
2012-05-30 13:22:20,650-0500 DEBUG Loader Max heap: 252248064
2012-05-30 13:22:20,651-0500 DEBUG textfiles BEGIN SWIFTSCRIPT:
type messagefile; 
type countfile; 

app (countfile t) countwords (messagefile f) {   
     sh @filename(f) stdout=@filename(t);
}

string inputNames = "scott3a.sh scott3b.sh scott3c.sh";

messagefile inputfiles[] <fixed_array_mapper;files=inputNames>;

foreach f in inputfiles {
  countfile c;
  c = countwords(f);
}


2012-05-30 13:22:20,651-0500 DEBUG textfiles END SWIFTSCRIPT:
2012-05-30 13:22:20,651-0500 DEBUG Loader kmlversion is >239b8550-a5ff-44be-a124-5e7ecd70737d<
2012-05-30 13:22:20,652-0500 DEBUG Loader build version is >239b8550-a5ff-44be-a124-5e7ecd70737d<
2012-05-30 13:22:20,652-0500 DEBUG Loader Recompilation suppressed.
2012-05-30 13:22:20,799-0500 DEBUG textfiles using default sites file
2012-05-30 13:22:20,804-0500 INFO  VDL2ExecutionContext Stack dump:
Level 1
[iA = 0, iB = 0, bA = false, bB = false]
	vdl:instanceconfig = Swift configuration []
	vdl:operation = run
	swift.home = /usr/local/swift/bin/..
	PATH_SEPARATOR = /


2012-05-30 13:22:21,542-0500 INFO  unknown Using sites file: /usr/local/swift/bin/../etc/sites.xml
2012-05-30 13:22:21,584-0500 INFO  unknown Using tc.data: /usr/local/swift/bin/../etc/tc.data
2012-05-30 13:22:21,692-0500 WARN  File On line 24in File /usr/local/swift/bin/../etc/tc.data

java.lang.IllegalStateException: Error : Illegal TCType defined. Please specify one of the predefined types 
 [INSTALLED, SOURCE, STATIC_BINARY, DYNAMIC_BINARY, PACMAN_PACKAGE, SCRIPT]
	at org.globus.swift.catalog.types.TCType.fromValue(TCType.java:73)
	at org.globus.swift.catalog.types.TCType.fromString(TCType.java:85)
	at org.globus.swift.catalog.transformation.File.populateTC(File.java:1085)
	at org.globus.swift.catalog.transformation.File.populateTC(File.java:1034)
	at org.globus.swift.catalog.transformation.File.<init>(File.java:149)
	at org.globus.swift.catalog.transformation.File.getNonSingletonInstance(File.java:116)
	at org.griphyn.vdl.karajan.VDSAdaptiveScheduler.setProperty(VDSAdaptiveScheduler.java:71)
	at org.globus.cog.karajan.workflow.nodes.grid.SchedulerNode.newScheduler(SchedulerNode.java:104)
	at org.globus.cog.karajan.workflow.nodes.grid.SchedulerNode.post(SchedulerNode.java:63)
	at org.globus.cog.karajan.workflow.nodes.AbstractSequentialWithArguments.completed(AbstractSequentialWithArguments.java:194)
	at org.globus.cog.karajan.workflow.nodes.FlowNode.complete(FlowNode.java:214)
	at org.globus.cog.karajan.workflow.nodes.FlowContainer.post(FlowContainer.java:58)
	at org.globus.cog.karajan.workflow.nodes.AbstractSequentialWithArguments.completed(AbstractSequentialWithArguments.java:194)
	at org.globus.cog.karajan.workflow.nodes.user.UserDefinedElement.completed(UserDefinedElement.java:286)
	at org.globus.cog.karajan.workflow.nodes.user.SequentialImplicitExecutionUDE.completed(SequentialImplicitExecutionUDE.java:89)
	at org.globus.cog.karajan.workflow.nodes.FlowNode.complete(FlowNode.java:214)
	at org.globus.cog.karajan.workflow.nodes.FlowContainer.post(FlowContainer.java:58)
	at org.globus.cog.karajan.workflow.nodes.functions.AbstractFunction.post(AbstractFunction.java:28)
	at org.globus.cog.karajan.workflow.nodes.AbstractSequentialWithArguments.completed(AbstractSequentialWithArguments.java:194)
	at org.globus.cog.karajan.workflow.nodes.FlowNode.complete(FlowNode.java:214)
	at org.globus.cog.karajan.workflow.nodes.ExecuteFile.completed(ExecuteFile.java:158)
	at org.globus.cog.karajan.workflow.nodes.FlowNode.complete(FlowNode.java:214)
	at org.globus.cog.karajan.workflow.nodes.FlowContainer.post(FlowContainer.java:58)
	at org.globus.cog.karajan.workflow.nodes.Sequential.startNext(Sequential.java:29)
	at org.globus.cog.karajan.workflow.nodes.Sequential.completed(Sequential.java:24)
	at org.globus.cog.karajan.workflow.nodes.FlowNode.complete(FlowNode.java:214)
	at org.globus.cog.karajan.workflow.nodes.FlowContainer.post(FlowContainer.java:58)
	at org.globus.cog.karajan.workflow.nodes.AbstractSequentialWithArguments.completed(AbstractSequentialWithArguments.java:194)
	at org.globus.cog.karajan.workflow.nodes.user.UserDefinedElement.completed(UserDefinedElement.java:286)
	at org.globus.cog.karajan.workflow.nodes.user.SequentialImplicitExecutionUDE.completed(SequentialImplicitExecutionUDE.java:89)
	at org.globus.cog.karajan.workflow.nodes.FlowNode.complete(FlowNode.java:214)
	at org.globus.cog.karajan.workflow.nodes.FlowContainer.post(FlowContainer.java:58)
	at org.globus.cog.karajan.workflow.nodes.functions.AbstractFunction.post(AbstractFunction.java:28)
	at org.globus.cog.karajan.workflow.nodes.AbstractSequentialWithArguments.completed(AbstractSequentialWithArguments.java:194)
	at org.globus.cog.karajan.workflow.nodes.FlowNode.complete(FlowNode.java:214)
	at org.globus.cog.karajan.workflow.nodes.FlowContainer.post(FlowContainer.java:58)
	at org.globus.cog.karajan.workflow.nodes.AbstractSequentialWithArguments.completed(AbstractSequentialWithArguments.java:194)
	at org.globus.cog.karajan.workflow.nodes.PartialArgumentsContainer.nonArgChildCompleted(PartialArgumentsContainer.java:105)
	at org.globus.cog.karajan.workflow.nodes.PartialArgumentsContainer.completed(PartialArgumentsContainer.java:86)
	at org.globus.cog.karajan.workflow.nodes.FlowNode.complete(FlowNode.java:214)
	at org.globus.cog.karajan.workflow.nodes.Maybe.failed(Maybe.java:23)
	at org.globus.cog.karajan.workflow.nodes.FlowNode.failImmediately(FlowNode.java:89)
	at org.globus.cog.karajan.workflow.nodes.FlowNode.failed(FlowNode.java:245)
	at org.globus.cog.karajan.workflow.nodes.FlowNode.failImmediately(FlowNode.java:89)
	at org.globus.cog.karajan.workflow.nodes.FlowNode.restart(FlowNode.java:151)
	at org.globus.cog.karajan.workflow.nodes.FlowNode.start(FlowNode.java:197)
	at org.globus.cog.karajan.workflow.FlowElementWrapper.start(FlowElementWrapper.java:227)
	at org.globus.cog.karajan.workflow.events.EventBus.start(EventBus.java:104)
	at org.globus.cog.karajan.workflow.events.EventTargetPair.run(EventTargetPair.java:40)
	at java.util.concurrent.Executors$RunnableAdapter.call(Executors.java:471)
	at java.util.concurrent.FutureTask$Sync.innerRun(FutureTask.java:334)
	at java.util.concurrent.FutureTask.run(FutureTask.java:166)
	at java.util.concurrent.ThreadPoolExecutor.runWorker(ThreadPoolExecutor.java:1110)
	at java.util.concurrent.ThreadPoolExecutor$Worker.run(ThreadPoolExecutor.java:603)
	at java.lang.Thread.run(Thread.java:722)
2012-05-30 13:22:21,699-0500 INFO  AbstractScheduler Setting resources to: {localhost=localhost}
2012-05-30 13:22:22,495-0500 INFO  unknown Swift 0.93 swift-r5483 cog-r3339

2012-05-30 13:22:22,495-0500 INFO  unknown RUNID id=run:20120530-1322-pleuipxc
2012-05-30 13:22:22,555-0500 INFO  SetFieldValue Set: inputNames=scott3a.sh scott3b.sh scott3c.sh
2012-05-30 13:22:22,579-0500 INFO  RootDataNode Found data inputfiles:messagefile[] - Open.[0]
2012-05-30 13:22:22,579-0500 INFO  RootDataNode Found data inputfiles:messagefile[] - Open.[1]
2012-05-30 13:22:22,579-0500 INFO  RootDataNode Found data inputfiles:messagefile[] - Open.[2]
2012-05-30 13:22:22,582-0500 DEBUG vdl:mains FOREACH_IT_START line=12 thread=0-1-0
2012-05-30 13:22:22,583-0500 DEBUG vdl:mains FOREACH_IT_START line=12 thread=0-1-2
2012-05-30 13:22:22,583-0500 DEBUG vdl:mains FOREACH_IT_START line=12 thread=0-1-1
2012-05-30 13:22:22,583-0500 DEBUG vdl:mains SCOPE thread=0-1-2
2012-05-30 13:22:22,583-0500 DEBUG vdl:mains SCOPE thread=0-1-0
2012-05-30 13:22:22,583-0500 DEBUG vdl:mains SCOPE thread=0-1-1
2012-05-30 13:22:22,593-0500 DEBUG countwords PROCEDURE line=4 thread=0-1-2-1 name=countwords
2012-05-30 13:22:22,593-0500 DEBUG countwords PROCEDURE line=4 thread=0-1-0-1 name=countwords
2012-05-30 13:22:22,593-0500 DEBUG countwords PROCEDURE line=4 thread=0-1-1-1 name=countwords
2012-05-30 13:22:22,605-0500 INFO  vdl:execute START thread=0-1-0-1 tr=sh
2012-05-30 13:22:22,605-0500 INFO  vdl:execute START thread=0-1-2-1 tr=sh
2012-05-30 13:22:22,605-0500 INFO  vdl:execute START thread=0-1-1-1 tr=sh
2012-05-30 13:22:22,626-0500 INFO  WeightedHostScoreScheduler CONTACT_SELECTED host=localhost, score=1.000
2012-05-30 13:22:22,635-0500 INFO  GlobalSubmitQueue No global submit throttle set. Using default (1024)
2012-05-30 13:22:22,639-0500 INFO  LateBindingScheduler JobQueue: 2
2012-05-30 13:22:22,641-0500 INFO  LateBindingScheduler JobQueue: 2
2012-05-30 13:22:22,648-0500 INFO  vdl:initshareddir START host=localhost - Initializing shared directory
2012-05-30 13:22:22,652-0500 INFO  LateBindingScheduler JobQueue: 2
2012-05-30 13:22:22,678-0500 INFO  LateBindingScheduler JobQueue: 2
2012-05-30 13:22:22,684-0500 INFO  LateBindingScheduler JobQueue: 2
2012-05-30 13:22:22,688-0500 INFO  LateBindingScheduler JobQueue: 2
2012-05-30 13:22:22,696-0500 INFO  LateBindingScheduler JobQueue: 2
2012-05-30 13:22:22,703-0500 INFO  LateBindingScheduler JobQueue: 2
2012-05-30 13:22:22,707-0500 INFO  vdl:initshareddir END host=localhost - Done initializing shared directory
2012-05-30 13:22:22,713-0500 DEBUG vdl:execute2 THREAD_ASSOCIATION jobid=sh-x9ggq2sk thread=0-1-2-1-1 host=localhost replicationGroup=u9ggq2sk
2012-05-30 13:22:22,736-0500 INFO  vdl:createdirset START jobid=sh-x9ggq2sk host=localhost - Initializing directory structure
2012-05-30 13:22:22,743-0500 INFO  vdl:createdirs START path=_concurrent dir=foreach-20120530-1322-pleuipxc/shared - Creating directory structure
2012-05-30 13:22:22,746-0500 INFO  LateBindingScheduler JobQueue: 2
2012-05-30 13:22:22,748-0500 INFO  vdl:createdirset END jobid=sh-x9ggq2sk - Done initializing directory structure
2012-05-30 13:22:22,751-0500 INFO  vdl:dostagein START jobid=sh-x9ggq2sk - Staging in files
2012-05-30 13:22:22,777-0500 INFO  LateBindingScheduler JobQueue: 2
2012-05-30 13:22:22,791-0500 DEBUG vdl:dostagein CDM: file://localhost/scott3c.sh : DEFAULT
2012-05-30 13:22:22,806-0500 DEBUG vdl:dostageinfile FILE_STAGE_IN_START file=scott3c.sh srchost=localhost srcdir= srcname=scott3c.sh desthost=localhost destdir=foreach-20120530-1322-pleuipxc/shared/ provider=file policy=DEFAULT
2012-05-30 13:22:22,815-0500 INFO  LateBindingScheduler JobQueue: 2
2012-05-30 13:22:22,817-0500 DEBUG vdl:dostageinfile FILE_STAGE_IN_END file=scott3c.sh srchost=localhost srcdir= srcname=scott3c.sh desthost=localhost destdir=foreach-20120530-1322-pleuipxc/shared/ provider=file
2012-05-30 13:22:22,819-0500 INFO  vdl:dostagein END jobid=sh-x9ggq2sk - Staging in finished
2012-05-30 13:22:22,824-0500 DEBUG vdl:execute2 JOB_START jobid=sh-x9ggq2sk tr=sh arguments=[scott3c.sh] tmpdir=foreach-20120530-1322-pleuipxc/jobs/x/sh-x9ggq2sk host=localhost
2012-05-30 13:22:22,838-0500 DEBUG textfiles BEGIN TC:
#This is the transformation catalog.
#
#It comes pre-configured with a number of simple transformations with
#paths that are likely to work on a linux box. However, on some systems,
#the paths to these executables will be different (for example, sometimes
#some of these programs are found in /usr/bin rather than in /bin)
#
#NOTE WELL: fields in this file must be separated by tabs, not spaces; and
#there must be no trailing whitespace at the end of each line.
#
# sitename  transformation  path   INSTALLED  platform  profiles
localhost 	echo 		/bin/echo	INSTALLED	INTEL32::LINUX	null
localhost 	cat 		/bin/cat	INSTALLED	INTEL32::LINUX	null
localhost 	ls 		/bin/ls		INSTALLED	INTEL32::LINUX	null
localhost 	grep 		/bin/grep	INSTALLED	INTEL32::LINUX	null
localhost 	sort 		/bin/sort	INSTALLED	INTEL32::LINUX	null
localhost 	paste 		/bin/paste	INSTALLED	INTEL32::LINUX	null
localhost 	cp 		/bin/cp         INSTALLED	INTEL32::LINUX	null
localhost 	touch 		/bin/touch      INSTALLED	INTEL32::LINUX	null
localhost	wc		/usr/bin/wc	INSTALLED	INTEL32::LINUX	null
localhost	sh		/bin/sh		INSTALLED	INTEL32::LINUX	null
localhost	sleep		/bin/sleep	INSTALLED	INTEL32::LINUX	null
localhost	tr		/usr/bin/tr	INSTALLED	INTEL32::LINUX	null
localhost	scott.sh	/Users/scottkrieder/swift/examples/swift/tutorial/scott.sh	INTSALLED	INTEL32::LINUX	null


2012-05-30 13:22:22,838-0500 DEBUG textfiles END TC:
2012-05-30 13:22:22,846-0500 WARN  File On line 24in File /usr/local/swift/bin/../etc/tc.data

java.lang.IllegalStateException: Error : Illegal TCType defined. Please specify one of the predefined types 
 [INSTALLED, SOURCE, STATIC_BINARY, DYNAMIC_BINARY, PACMAN_PACKAGE, SCRIPT]
	at org.globus.swift.catalog.types.TCType.fromValue(TCType.java:73)
	at org.globus.swift.catalog.types.TCType.fromString(TCType.java:85)
	at org.globus.swift.catalog.transformation.File.populateTC(File.java:1085)
	at org.globus.swift.catalog.transformation.File.populateTC(File.java:1034)
	at org.globus.swift.catalog.transformation.File.<init>(File.java:149)
	at org.globus.swift.catalog.transformation.File.getNonSingletonInstance(File.java:116)
	at org.griphyn.vdl.karajan.lib.VDLFunction.getTC(VDLFunction.java:492)
	at org.griphyn.vdl.karajan.lib.Executable.function(Executable.java:24)
	at org.griphyn.vdl.karajan.lib.VDLFunction.post(VDLFunction.java:62)
	at org.globus.cog.karajan.workflow.nodes.AbstractSequentialWithArguments.completed(AbstractSequentialWithArguments.java:194)
	at org.globus.cog.karajan.workflow.nodes.FlowNode.complete(FlowNode.java:214)
	at org.globus.cog.karajan.workflow.nodes.FlowContainer.post(FlowContainer.java:58)
	at org.globus.cog.karajan.workflow.nodes.functions.AbstractFunction.post(AbstractFunction.java:28)
	at org.globus.cog.karajan.workflow.nodes.Sequential.startNext(Sequential.java:29)
	at org.globus.cog.karajan.workflow.nodes.Sequential.executeChildren(Sequential.java:20)
	at org.globus.cog.karajan.workflow.nodes.FlowContainer.execute(FlowContainer.java:63)
	at org.globus.cog.karajan.workflow.nodes.FlowNode.restart(FlowNode.java:139)
	at org.globus.cog.karajan.workflow.nodes.FlowNode.start(FlowNode.java:197)
	at org.globus.cog.karajan.workflow.FlowElementWrapper.start(FlowElementWrapper.java:227)
	at org.globus.cog.karajan.workflow.events.EventBus.start(EventBus.java:104)
	at org.globus.cog.karajan.workflow.events.EventTargetPair.run(EventTargetPair.java:40)
	at java.util.concurrent.Executors$RunnableAdapter.call(Executors.java:471)
	at java.util.concurrent.FutureTask$Sync.innerRun(FutureTask.java:334)
	at java.util.concurrent.FutureTask.run(FutureTask.java:166)
	at java.util.concurrent.ThreadPoolExecutor.runWorker(ThreadPoolExecutor.java:1110)
	at java.util.concurrent.ThreadPoolExecutor$Worker.run(ThreadPoolExecutor.java:603)
	at java.lang.Thread.run(Thread.java:722)
2012-05-30 13:22:22,876-0500 INFO  GridExec TASK_DEFINITION: Task(type=JOB_SUBMISSION, identity=urn:0-1-2-1-1-1338402141579) is /bin/bash shared/_swiftwrap sh-x9ggq2sk -jobdir x -scratch  -e /bin/sh -out _concurrent/c-a6c9405f-a858-4be4-a55b-443dfcc11a20-1-2 -err stderr.txt -i -d _concurrent -if scott3c.sh -of _concurrent/c-a6c9405f-a858-4be4-a55b-443dfcc11a20-1-2 -k  -cdmfile  -status files -a scott3c.sh
2012-05-30 13:22:22,893-0500 INFO  JobSubmissionTaskHandler Submit: in: /var/tmp/foreach-20120530-1322-pleuipxc command: /bin/bash /var/tmp/foreach-20120530-1322-pleuipxc/shared/_swiftwrap sh-x9ggq2sk -jobdir x -scratch  -e /bin/sh -out _concurrent/c-a6c9405f-a858-4be4-a55b-443dfcc11a20-1-2 -err stderr.txt -i -d _concurrent -if scott3c.sh -of _concurrent/c-a6c9405f-a858-4be4-a55b-443dfcc11a20-1-2 -k  -cdmfile  -status files -a scott3c.sh
2012-05-30 13:22:23,248-0500 INFO  LateBindingScheduler JobQueue: 2
2012-05-30 13:22:23,254-0500 DEBUG vdl:checkjobstatus START jobid=sh-x9ggq2sk
2012-05-30 13:22:23,258-0500 INFO  LateBindingScheduler JobQueue: 2
2012-05-30 13:22:23,260-0500 INFO  vdl:checkjobstatus SUCCESS jobid=sh-x9ggq2sk - Success file found
2012-05-30 13:22:23,263-0500 DEBUG vdl:execute2 STAGING_OUT jobid=sh-x9ggq2sk
2012-05-30 13:22:23,267-0500 INFO  vdl:dostageout START jobid=sh-x9ggq2sk - Staging out files
2012-05-30 13:22:23,268-0500 DEBUG vdl:dostageout stageouts: [[$, c:countfile - Open]]
2012-05-30 13:22:23,289-0500 DEBUG vdl:dostageout FILE_STAGE_OUT_START srcname=c-a6c9405f-a858-4be4-a55b-443dfcc11a20-1-2 srcdir=foreach-20120530-1322-pleuipxc/shared/_concurrent srchost=localhost destdir=_concurrent desthost=localhost provider=file
2012-05-30 13:22:23,291-0500 INFO  LateBindingScheduler JobQueue: 2
2012-05-30 13:22:23,303-0500 INFO  LateBindingScheduler JobQueue: 2
2012-05-30 13:22:23,306-0500 DEBUG vdl:dostageout FILE_STAGE_OUT_END srcname=c-a6c9405f-a858-4be4-a55b-443dfcc11a20-1-2 srcdir=foreach-20120530-1322-pleuipxc/shared/_concurrent srchost=localhost destdir=_concurrent desthost=localhost provider=file
2012-05-30 13:22:23,310-0500 INFO  LateBindingScheduler JobQueue: 2
2012-05-30 13:22:23,319-0500 INFO  vdl:dostageout END jobid=sh-x9ggq2sk - Staging out finished
2012-05-30 13:22:23,322-0500 DEBUG vdl:execute2 JOB_END jobid=sh-x9ggq2sk
2012-05-30 13:22:23,322-0500 INFO  vdl:execute END_SUCCESS thread=0-1-2-1 tr=sh
2012-05-30 13:22:23,323-0500 DEBUG countwords PROCEDURE_END line=4
2012-05-30 13:22:23,323-0500 DEBUG vdl:mains FOREACH_IT_END line=12 thread=0-1-2
2012-05-30 13:22:23,811-0500 INFO  WeightedHostScoreScheduler CONTACT_SELECTED host=localhost, score=1.995
2012-05-30 13:22:23,819-0500 DEBUG vdl:execute2 THREAD_ASSOCIATION jobid=sh-y9ggq2sk thread=0-1-0-1-1 host=localhost replicationGroup=v9ggq2sk
2012-05-30 13:22:23,829-0500 INFO  vdl:createdirset START jobid=sh-y9ggq2sk host=localhost - Initializing directory structure
2012-05-30 13:22:23,832-0500 INFO  vdl:createdirset END jobid=sh-y9ggq2sk - Done initializing directory structure
2012-05-30 13:22:23,833-0500 INFO  vdl:dostagein START jobid=sh-y9ggq2sk - Staging in files
2012-05-30 13:22:23,840-0500 INFO  LateBindingScheduler JobQueue: 1
2012-05-30 13:22:23,841-0500 DEBUG vdl:dostagein CDM: file://localhost/scott3a.sh : DEFAULT
2012-05-30 13:22:23,846-0500 DEBUG vdl:dostageinfile FILE_STAGE_IN_START file=scott3a.sh srchost=localhost srcdir= srcname=scott3a.sh desthost=localhost destdir=foreach-20120530-1322-pleuipxc/shared/ provider=file policy=DEFAULT
2012-05-30 13:22:23,850-0500 INFO  LateBindingScheduler JobQueue: 1
2012-05-30 13:22:23,852-0500 DEBUG vdl:dostageinfile FILE_STAGE_IN_END file=scott3a.sh srchost=localhost srcdir= srcname=scott3a.sh desthost=localhost destdir=foreach-20120530-1322-pleuipxc/shared/ provider=file
2012-05-30 13:22:23,853-0500 INFO  vdl:dostagein END jobid=sh-y9ggq2sk - Staging in finished
2012-05-30 13:22:23,855-0500 DEBUG vdl:execute2 JOB_START jobid=sh-y9ggq2sk tr=sh arguments=[scott3a.sh] tmpdir=foreach-20120530-1322-pleuipxc/jobs/y/sh-y9ggq2sk host=localhost
2012-05-30 13:22:23,865-0500 INFO  GridExec TASK_DEFINITION: Task(type=JOB_SUBMISSION, identity=urn:0-1-0-1-1-1338402141595) is /bin/bash shared/_swiftwrap sh-y9ggq2sk -jobdir y -scratch  -e /bin/sh -out _concurrent/c-a6c9405f-a858-4be4-a55b-443dfcc11a20-1-0 -err stderr.txt -i -d _concurrent -if scott3a.sh -of _concurrent/c-a6c9405f-a858-4be4-a55b-443dfcc11a20-1-0 -k  -cdmfile  -status files -a scott3a.sh
2012-05-30 13:22:23,866-0500 INFO  JobSubmissionTaskHandler Submit: in: /var/tmp/foreach-20120530-1322-pleuipxc command: /bin/bash /var/tmp/foreach-20120530-1322-pleuipxc/shared/_swiftwrap sh-y9ggq2sk -jobdir y -scratch  -e /bin/sh -out _concurrent/c-a6c9405f-a858-4be4-a55b-443dfcc11a20-1-0 -err stderr.txt -i -d _concurrent -if scott3a.sh -of _concurrent/c-a6c9405f-a858-4be4-a55b-443dfcc11a20-1-0 -k  -cdmfile  -status files -a scott3a.sh
2012-05-30 13:22:24,215-0500 INFO  LateBindingScheduler JobQueue: 1
2012-05-30 13:22:24,218-0500 DEBUG vdl:checkjobstatus START jobid=sh-y9ggq2sk
2012-05-30 13:22:24,221-0500 INFO  LateBindingScheduler JobQueue: 1
2012-05-30 13:22:24,222-0500 INFO  vdl:checkjobstatus SUCCESS jobid=sh-y9ggq2sk - Success file found
2012-05-30 13:22:24,224-0500 DEBUG vdl:execute2 STAGING_OUT jobid=sh-y9ggq2sk
2012-05-30 13:22:24,225-0500 INFO  vdl:dostageout START jobid=sh-y9ggq2sk - Staging out files
2012-05-30 13:22:24,226-0500 DEBUG vdl:dostageout stageouts: [[$, c:countfile - Open]]
2012-05-30 13:22:24,234-0500 DEBUG vdl:dostageout FILE_STAGE_OUT_START srcname=c-a6c9405f-a858-4be4-a55b-443dfcc11a20-1-0 srcdir=foreach-20120530-1322-pleuipxc/shared/_concurrent srchost=localhost destdir=_concurrent desthost=localhost provider=file
2012-05-30 13:22:24,236-0500 INFO  LateBindingScheduler JobQueue: 1
2012-05-30 13:22:24,242-0500 INFO  LateBindingScheduler JobQueue: 1
2012-05-30 13:22:24,244-0500 DEBUG vdl:dostageout FILE_STAGE_OUT_END srcname=c-a6c9405f-a858-4be4-a55b-443dfcc11a20-1-0 srcdir=foreach-20120530-1322-pleuipxc/shared/_concurrent srchost=localhost destdir=_concurrent desthost=localhost provider=file
2012-05-30 13:22:24,246-0500 INFO  LateBindingScheduler JobQueue: 1
2012-05-30 13:22:24,251-0500 INFO  vdl:dostageout END jobid=sh-y9ggq2sk - Staging out finished
2012-05-30 13:22:24,255-0500 DEBUG vdl:execute2 JOB_END jobid=sh-y9ggq2sk
2012-05-30 13:22:24,256-0500 INFO  vdl:execute END_SUCCESS thread=0-1-0-1 tr=sh
2012-05-30 13:22:24,258-0500 DEBUG countwords PROCEDURE_END line=4
2012-05-30 13:22:24,261-0500 DEBUG vdl:mains FOREACH_IT_END line=12 thread=0-1-0
2012-05-30 13:22:24,748-0500 INFO  WeightedHostScoreScheduler CONTACT_SELECTED host=localhost, score=2.615
2012-05-30 13:22:24,757-0500 DEBUG vdl:execute2 THREAD_ASSOCIATION jobid=sh-z9ggq2sk thread=0-1-1-1-1 host=localhost replicationGroup=t9ggq2sk
2012-05-30 13:22:24,777-0500 INFO  vdl:createdirset START jobid=sh-z9ggq2sk host=localhost - Initializing directory structure
2012-05-30 13:22:24,782-0500 INFO  vdl:createdirset END jobid=sh-z9ggq2sk - Done initializing directory structure
2012-05-30 13:22:24,785-0500 INFO  vdl:dostagein START jobid=sh-z9ggq2sk - Staging in files
2012-05-30 13:22:24,798-0500 INFO  LateBindingScheduler JobQueue: 0
2012-05-30 13:22:24,800-0500 DEBUG vdl:dostagein CDM: file://localhost/scott3b.sh : DEFAULT
2012-05-30 13:22:24,806-0500 DEBUG vdl:dostageinfile FILE_STAGE_IN_START file=scott3b.sh srchost=localhost srcdir= srcname=scott3b.sh desthost=localhost destdir=foreach-20120530-1322-pleuipxc/shared/ provider=file policy=DEFAULT
2012-05-30 13:22:24,812-0500 INFO  LateBindingScheduler JobQueue: 0
2012-05-30 13:22:24,814-0500 DEBUG vdl:dostageinfile FILE_STAGE_IN_END file=scott3b.sh srchost=localhost srcdir= srcname=scott3b.sh desthost=localhost destdir=foreach-20120530-1322-pleuipxc/shared/ provider=file
2012-05-30 13:22:24,816-0500 INFO  vdl:dostagein END jobid=sh-z9ggq2sk - Staging in finished
2012-05-30 13:22:24,819-0500 DEBUG vdl:execute2 JOB_START jobid=sh-z9ggq2sk tr=sh arguments=[scott3b.sh] tmpdir=foreach-20120530-1322-pleuipxc/jobs/z/sh-z9ggq2sk host=localhost
2012-05-30 13:22:24,832-0500 INFO  GridExec TASK_DEFINITION: Task(type=JOB_SUBMISSION, identity=urn:0-1-1-1-1-1338402141611) is /bin/bash shared/_swiftwrap sh-z9ggq2sk -jobdir z -scratch  -e /bin/sh -out _concurrent/c-a6c9405f-a858-4be4-a55b-443dfcc11a20-1-1 -err stderr.txt -i -d _concurrent -if scott3b.sh -of _concurrent/c-a6c9405f-a858-4be4-a55b-443dfcc11a20-1-1 -k  -cdmfile  -status files -a scott3b.sh
2012-05-30 13:22:24,833-0500 INFO  JobSubmissionTaskHandler Submit: in: /var/tmp/foreach-20120530-1322-pleuipxc command: /bin/bash /var/tmp/foreach-20120530-1322-pleuipxc/shared/_swiftwrap sh-z9ggq2sk -jobdir z -scratch  -e /bin/sh -out _concurrent/c-a6c9405f-a858-4be4-a55b-443dfcc11a20-1-1 -err stderr.txt -i -d _concurrent -if scott3b.sh -of _concurrent/c-a6c9405f-a858-4be4-a55b-443dfcc11a20-1-1 -k  -cdmfile  -status files -a scott3b.sh
2012-05-30 13:22:25,200-0500 INFO  LateBindingScheduler JobQueue: 0
2012-05-30 13:22:25,203-0500 DEBUG vdl:checkjobstatus START jobid=sh-z9ggq2sk
2012-05-30 13:22:25,206-0500 INFO  LateBindingScheduler JobQueue: 0
2012-05-30 13:22:25,207-0500 INFO  vdl:checkjobstatus SUCCESS jobid=sh-z9ggq2sk - Success file found
2012-05-30 13:22:25,209-0500 DEBUG vdl:execute2 STAGING_OUT jobid=sh-z9ggq2sk
2012-05-30 13:22:25,211-0500 INFO  vdl:dostageout START jobid=sh-z9ggq2sk - Staging out files
2012-05-30 13:22:25,212-0500 DEBUG vdl:dostageout stageouts: [[$, c:countfile - Open]]
2012-05-30 13:22:25,222-0500 DEBUG vdl:dostageout FILE_STAGE_OUT_START srcname=c-a6c9405f-a858-4be4-a55b-443dfcc11a20-1-1 srcdir=foreach-20120530-1322-pleuipxc/shared/_concurrent srchost=localhost destdir=_concurrent desthost=localhost provider=file
2012-05-30 13:22:25,224-0500 INFO  LateBindingScheduler JobQueue: 0
2012-05-30 13:22:25,232-0500 INFO  LateBindingScheduler JobQueue: 0
2012-05-30 13:22:25,234-0500 DEBUG vdl:dostageout FILE_STAGE_OUT_END srcname=c-a6c9405f-a858-4be4-a55b-443dfcc11a20-1-1 srcdir=foreach-20120530-1322-pleuipxc/shared/_concurrent srchost=localhost destdir=_concurrent desthost=localhost provider=file
2012-05-30 13:22:25,238-0500 INFO  LateBindingScheduler JobQueue: 0
2012-05-30 13:22:25,242-0500 INFO  vdl:dostageout END jobid=sh-z9ggq2sk - Staging out finished
2012-05-30 13:22:25,248-0500 DEBUG vdl:execute2 JOB_END jobid=sh-z9ggq2sk
2012-05-30 13:22:25,249-0500 INFO  vdl:execute END_SUCCESS thread=0-1-1-1 tr=sh
2012-05-30 13:22:25,251-0500 DEBUG countwords PROCEDURE_END line=4
2012-05-30 13:22:25,253-0500 DEBUG vdl:mains FOREACH_IT_END line=12 thread=0-1-1
2012-05-30 13:22:25,272-0500 DEBUG vdl:mains Starting cleanups
2012-05-30 13:22:25,273-0500 INFO  vdl:cleanups START cleanups=[[foreach-20120530-1322-pleuipxc, localhost]]
2012-05-30 13:22:25,274-0500 INFO  vdl:cleanup START dir=foreach-20120530-1322-pleuipxc host=localhost
2012-05-30 13:22:25,275-0500 DEBUG vdl:cleanup cdmfile 
2012-05-30 13:22:25,277-0500 INFO  GridExec TASK_DEFINITION: Task(type=JOB_SUBMISSION, identity=urn:0-1-1338402141622) is /bin/rm -rf foreach-20120530-1322-pleuipxc
2012-05-30 13:22:25,278-0500 INFO  JobSubmissionTaskHandler Submit: in: /var/tmp command: /bin/rm -rf foreach-20120530-1322-pleuipxc
2012-05-30 13:22:25,279-0500 INFO  LateBindingScheduler JobQueue: 0
2012-05-30 13:22:25,281-0500 INFO  vdl:cleanup END dir=foreach-20120530-1322-pleuipxc host=localhost
2012-05-30 13:22:25,282-0500 INFO  vdl:cleanups END cleanups=[[foreach-20120530-1322-pleuipxc, localhost]]
2012-05-30 13:22:25,282-0500 DEBUG vdl:mains Ending cleanups
2012-05-30 13:22:25,284-0500 INFO  Loader Swift finished with no errors
