2012-05-30 13:23:42,781-0500 DEBUG Loader arguments: [/home/skrieder/swift/multi/foreach.swift]
2012-05-30 13:23:42,781-0500 DEBUG Loader Max heap: 252248064
2012-05-30 13:23:42,782-0500 DEBUG textfiles BEGIN SWIFTSCRIPT:
type messagefile; 
type countfile; 

app (countfile t) countwords (messagefile f) {   
     sh @filename(f) stdout=@filename(t);
}

string inputNames = "scott3a.sh scott3b.sh scott3c.sh";

messagefile inputfiles[] <fixed_array_mapper;files=inputNames>;

foreach f in inputfiles {
  countfile c;
  c = countwords(f);
}


2012-05-30 13:23:42,782-0500 DEBUG textfiles END SWIFTSCRIPT:
2012-05-30 13:23:42,783-0500 DEBUG Loader kmlversion is >239b8550-a5ff-44be-a124-5e7ecd70737d<
2012-05-30 13:23:42,783-0500 DEBUG Loader build version is >239b8550-a5ff-44be-a124-5e7ecd70737d<
2012-05-30 13:23:42,783-0500 DEBUG Loader Recompilation suppressed.
2012-05-30 13:23:42,930-0500 DEBUG textfiles using default sites file
2012-05-30 13:23:42,935-0500 INFO  VDL2ExecutionContext Stack dump:
Level 1
[iA = 0, iB = 0, bA = false, bB = false]
	vdl:instanceconfig = Swift configuration []
	vdl:operation = run
	swift.home = /usr/local/swift/bin/..
	PATH_SEPARATOR = /


2012-05-30 13:23:43,635-0500 INFO  unknown Using sites file: /usr/local/swift/bin/../etc/sites.xml
2012-05-30 13:23:43,676-0500 INFO  unknown Using tc.data: /usr/local/swift/bin/../etc/tc.data
2012-05-30 13:23:43,798-0500 WARN  File On line 24in File /usr/local/swift/bin/../etc/tc.data

java.lang.IllegalStateException: Error : Illegal TCType defined. Please specify one of the predefined types 
 [INSTALLED, SOURCE, STATIC_BINARY, DYNAMIC_BINARY, PACMAN_PACKAGE, SCRIPT]
	at org.globus.swift.catalog.types.TCType.fromValue(TCType.java:73)
	at org.globus.swift.catalog.types.TCType.fromString(TCType.java:85)
	at org.globus.swift.catalog.transformation.File.populateTC(File.java:1085)
	at org.globus.swift.catalog.transformation.File.populateTC(File.java:1034)
	at org.globus.swift.catalog.transformation.File.<init>(File.java:149)
	at org.globus.swift.catalog.transformation.File.getNonSingletonInstance(File.java:116)
	at org.griphyn.vdl.karajan.VDSAdaptiveScheduler.setProperty(VDSAdaptiveScheduler.java:71)
	at org.globus.cog.karajan.workflow.nodes.grid.SchedulerNode.newScheduler(SchedulerNode.java:104)
	at org.globus.cog.karajan.workflow.nodes.grid.SchedulerNode.post(SchedulerNode.java:63)
	at org.globus.cog.karajan.workflow.nodes.AbstractSequentialWithArguments.completed(AbstractSequentialWithArguments.java:194)
	at org.globus.cog.karajan.workflow.nodes.FlowNode.complete(FlowNode.java:214)
	at org.globus.cog.karajan.workflow.nodes.FlowContainer.post(FlowContainer.java:58)
	at org.globus.cog.karajan.workflow.nodes.AbstractSequentialWithArguments.completed(AbstractSequentialWithArguments.java:194)
	at org.globus.cog.karajan.workflow.nodes.user.UserDefinedElement.completed(UserDefinedElement.java:286)
	at org.globus.cog.karajan.workflow.nodes.user.SequentialImplicitExecutionUDE.completed(SequentialImplicitExecutionUDE.java:89)
	at org.globus.cog.karajan.workflow.nodes.FlowNode.complete(FlowNode.java:214)
	at org.globus.cog.karajan.workflow.nodes.FlowContainer.post(FlowContainer.java:58)
	at org.globus.cog.karajan.workflow.nodes.functions.AbstractFunction.post(AbstractFunction.java:28)
	at org.globus.cog.karajan.workflow.nodes.AbstractSequentialWithArguments.completed(AbstractSequentialWithArguments.java:194)
	at org.globus.cog.karajan.workflow.nodes.FlowNode.complete(FlowNode.java:214)
	at org.globus.cog.karajan.workflow.nodes.ExecuteFile.completed(ExecuteFile.java:158)
	at org.globus.cog.karajan.workflow.nodes.FlowNode.complete(FlowNode.java:214)
	at org.globus.cog.karajan.workflow.nodes.FlowContainer.post(FlowContainer.java:58)
	at org.globus.cog.karajan.workflow.nodes.Sequential.startNext(Sequential.java:29)
	at org.globus.cog.karajan.workflow.nodes.Sequential.completed(Sequential.java:24)
	at org.globus.cog.karajan.workflow.nodes.FlowNode.complete(FlowNode.java:214)
	at org.globus.cog.karajan.workflow.nodes.FlowContainer.post(FlowContainer.java:58)
	at org.globus.cog.karajan.workflow.nodes.AbstractSequentialWithArguments.completed(AbstractSequentialWithArguments.java:194)
	at org.globus.cog.karajan.workflow.nodes.user.UserDefinedElement.completed(UserDefinedElement.java:286)
	at org.globus.cog.karajan.workflow.nodes.user.SequentialImplicitExecutionUDE.completed(SequentialImplicitExecutionUDE.java:89)
	at org.globus.cog.karajan.workflow.nodes.FlowNode.complete(FlowNode.java:214)
	at org.globus.cog.karajan.workflow.nodes.FlowContainer.post(FlowContainer.java:58)
	at org.globus.cog.karajan.workflow.nodes.functions.AbstractFunction.post(AbstractFunction.java:28)
	at org.globus.cog.karajan.workflow.nodes.AbstractSequentialWithArguments.completed(AbstractSequentialWithArguments.java:194)
	at org.globus.cog.karajan.workflow.nodes.FlowNode.complete(FlowNode.java:214)
	at org.globus.cog.karajan.workflow.nodes.FlowContainer.post(FlowContainer.java:58)
	at org.globus.cog.karajan.workflow.nodes.AbstractSequentialWithArguments.completed(AbstractSequentialWithArguments.java:194)
	at org.globus.cog.karajan.workflow.nodes.PartialArgumentsContainer.nonArgChildCompleted(PartialArgumentsContainer.java:105)
	at org.globus.cog.karajan.workflow.nodes.PartialArgumentsContainer.completed(PartialArgumentsContainer.java:86)
	at org.globus.cog.karajan.workflow.nodes.FlowNode.complete(FlowNode.java:214)
	at org.globus.cog.karajan.workflow.nodes.Maybe.failed(Maybe.java:23)
	at org.globus.cog.karajan.workflow.nodes.FlowNode.failImmediately(FlowNode.java:89)
	at org.globus.cog.karajan.workflow.nodes.FlowNode.failed(FlowNode.java:245)
	at org.globus.cog.karajan.workflow.nodes.FlowNode.failImmediately(FlowNode.java:89)
	at org.globus.cog.karajan.workflow.nodes.FlowNode.restart(FlowNode.java:151)
	at org.globus.cog.karajan.workflow.nodes.FlowNode.start(FlowNode.java:197)
	at org.globus.cog.karajan.workflow.FlowElementWrapper.start(FlowElementWrapper.java:227)
	at org.globus.cog.karajan.workflow.events.EventBus.start(EventBus.java:104)
	at org.globus.cog.karajan.workflow.events.EventTargetPair.run(EventTargetPair.java:40)
	at java.util.concurrent.Executors$RunnableAdapter.call(Executors.java:471)
	at java.util.concurrent.FutureTask$Sync.innerRun(FutureTask.java:334)
	at java.util.concurrent.FutureTask.run(FutureTask.java:166)
	at java.util.concurrent.ThreadPoolExecutor.runWorker(ThreadPoolExecutor.java:1110)
	at java.util.concurrent.ThreadPoolExecutor$Worker.run(ThreadPoolExecutor.java:603)
	at java.lang.Thread.run(Thread.java:722)
2012-05-30 13:23:43,805-0500 INFO  AbstractScheduler Setting resources to: {localhost=localhost}
2012-05-30 13:23:44,512-0500 INFO  unknown Swift 0.93 swift-r5483 cog-r3339

2012-05-30 13:23:44,513-0500 INFO  unknown RUNID id=run:20120530-1323-uqfm5ti6
2012-05-30 13:23:44,560-0500 INFO  SetFieldValue Set: inputNames=scott3a.sh scott3b.sh scott3c.sh
2012-05-30 13:23:44,576-0500 INFO  RootDataNode Found data inputfiles:messagefile[] - Open.[0]
2012-05-30 13:23:44,576-0500 INFO  RootDataNode Found data inputfiles:messagefile[] - Open.[1]
2012-05-30 13:23:44,577-0500 INFO  RootDataNode Found data inputfiles:messagefile[] - Open.[2]
2012-05-30 13:23:44,580-0500 DEBUG vdl:mains FOREACH_IT_START line=12 thread=0-1-0
2012-05-30 13:23:44,580-0500 DEBUG vdl:mains FOREACH_IT_START line=12 thread=0-1-2
2012-05-30 13:23:44,581-0500 DEBUG vdl:mains SCOPE thread=0-1-0
2012-05-30 13:23:44,581-0500 DEBUG vdl:mains FOREACH_IT_START line=12 thread=0-1-1
2012-05-30 13:23:44,581-0500 DEBUG vdl:mains SCOPE thread=0-1-2
2012-05-30 13:23:44,582-0500 DEBUG vdl:mains SCOPE thread=0-1-1
2012-05-30 13:23:44,597-0500 DEBUG countwords PROCEDURE line=4 thread=0-1-0-1 name=countwords
2012-05-30 13:23:44,597-0500 DEBUG countwords PROCEDURE line=4 thread=0-1-2-1 name=countwords
2012-05-30 13:23:44,597-0500 DEBUG countwords PROCEDURE line=4 thread=0-1-1-1 name=countwords
2012-05-30 13:23:44,608-0500 INFO  vdl:execute START thread=0-1-2-1 tr=sh
2012-05-30 13:23:44,608-0500 INFO  vdl:execute START thread=0-1-0-1 tr=sh
2012-05-30 13:23:44,608-0500 INFO  vdl:execute START thread=0-1-1-1 tr=sh
2012-05-30 13:23:44,633-0500 INFO  WeightedHostScoreScheduler CONTACT_SELECTED host=localhost, score=1.000
2012-05-30 13:23:44,640-0500 INFO  GlobalSubmitQueue No global submit throttle set. Using default (1024)
2012-05-30 13:23:44,645-0500 INFO  LateBindingScheduler JobQueue: 2
2012-05-30 13:23:44,648-0500 INFO  LateBindingScheduler JobQueue: 2
2012-05-30 13:23:44,651-0500 INFO  vdl:initshareddir START host=localhost - Initializing shared directory
2012-05-30 13:23:44,654-0500 INFO  LateBindingScheduler JobQueue: 2
2012-05-30 13:23:44,681-0500 INFO  LateBindingScheduler JobQueue: 2
2012-05-30 13:23:44,687-0500 INFO  LateBindingScheduler JobQueue: 2
2012-05-30 13:23:44,691-0500 INFO  LateBindingScheduler JobQueue: 2
2012-05-30 13:23:44,698-0500 INFO  LateBindingScheduler JobQueue: 2
2012-05-30 13:23:44,706-0500 INFO  LateBindingScheduler JobQueue: 2
2012-05-30 13:23:44,710-0500 INFO  vdl:initshareddir END host=localhost - Done initializing shared directory
2012-05-30 13:23:44,716-0500 DEBUG vdl:execute2 THREAD_ASSOCIATION jobid=sh-ybdiq2sk thread=0-1-1-1-1 host=localhost replicationGroup=xbdiq2sk
2012-05-30 13:23:44,739-0500 INFO  vdl:createdirset START jobid=sh-ybdiq2sk host=localhost - Initializing directory structure
2012-05-30 13:23:44,741-0500 INFO  vdl:createdirs START path=_concurrent dir=foreach-20120530-1323-uqfm5ti6/shared - Creating directory structure
2012-05-30 13:23:44,743-0500 INFO  LateBindingScheduler JobQueue: 2
2012-05-30 13:23:44,744-0500 INFO  vdl:createdirset END jobid=sh-ybdiq2sk - Done initializing directory structure
2012-05-30 13:23:44,745-0500 INFO  vdl:dostagein START jobid=sh-ybdiq2sk - Staging in files
2012-05-30 13:23:44,766-0500 INFO  LateBindingScheduler JobQueue: 2
2012-05-30 13:23:44,777-0500 DEBUG vdl:dostagein CDM: file://localhost/scott3b.sh : DEFAULT
2012-05-30 13:23:44,781-0500 DEBUG vdl:dostageinfile FILE_STAGE_IN_START file=scott3b.sh srchost=localhost srcdir= srcname=scott3b.sh desthost=localhost destdir=foreach-20120530-1323-uqfm5ti6/shared/ provider=file policy=DEFAULT
2012-05-30 13:23:44,785-0500 INFO  LateBindingScheduler JobQueue: 2
2012-05-30 13:23:44,786-0500 DEBUG vdl:dostageinfile FILE_STAGE_IN_END file=scott3b.sh srchost=localhost srcdir= srcname=scott3b.sh desthost=localhost destdir=foreach-20120530-1323-uqfm5ti6/shared/ provider=file
2012-05-30 13:23:44,787-0500 INFO  vdl:dostagein END jobid=sh-ybdiq2sk - Staging in finished
2012-05-30 13:23:44,788-0500 DEBUG vdl:execute2 JOB_START jobid=sh-ybdiq2sk tr=sh arguments=[scott3b.sh] tmpdir=foreach-20120530-1323-uqfm5ti6/jobs/y/sh-ybdiq2sk host=localhost
2012-05-30 13:23:44,791-0500 DEBUG textfiles BEGIN TC:
#This is the transformation catalog.
#
#It comes pre-configured with a number of simple transformations with
#paths that are likely to work on a linux box. However, on some systems,
#the paths to these executables will be different (for example, sometimes
#some of these programs are found in /usr/bin rather than in /bin)
#
#NOTE WELL: fields in this file must be separated by tabs, not spaces; and
#there must be no trailing whitespace at the end of each line.
#
# sitename  transformation  path   INSTALLED  platform  profiles
localhost 	echo 		/bin/echo	INSTALLED	INTEL32::LINUX	null
localhost 	cat 		/bin/cat	INSTALLED	INTEL32::LINUX	null
localhost 	ls 		/bin/ls		INSTALLED	INTEL32::LINUX	null
localhost 	grep 		/bin/grep	INSTALLED	INTEL32::LINUX	null
localhost 	sort 		/bin/sort	INSTALLED	INTEL32::LINUX	null
localhost 	paste 		/bin/paste	INSTALLED	INTEL32::LINUX	null
localhost 	cp 		/bin/cp         INSTALLED	INTEL32::LINUX	null
localhost 	touch 		/bin/touch      INSTALLED	INTEL32::LINUX	null
localhost	wc		/usr/bin/wc	INSTALLED	INTEL32::LINUX	null
localhost	sh		/bin/sh		INSTALLED	INTEL32::LINUX	null
localhost	sleep		/bin/sleep	INSTALLED	INTEL32::LINUX	null
localhost	tr		/usr/bin/tr	INSTALLED	INTEL32::LINUX	null
localhost	scott.sh	/Users/scottkrieder/swift/examples/swift/tutorial/scott.sh	INTSALLED	INTEL32::LINUX	null


2012-05-30 13:23:44,792-0500 DEBUG textfiles END TC:
2012-05-30 13:23:44,793-0500 WARN  File On line 24in File /usr/local/swift/bin/../etc/tc.data

java.lang.IllegalStateException: Error : Illegal TCType defined. Please specify one of the predefined types 
 [INSTALLED, SOURCE, STATIC_BINARY, DYNAMIC_BINARY, PACMAN_PACKAGE, SCRIPT]
	at org.globus.swift.catalog.types.TCType.fromValue(TCType.java:73)
	at org.globus.swift.catalog.types.TCType.fromString(TCType.java:85)
	at org.globus.swift.catalog.transformation.File.populateTC(File.java:1085)
	at org.globus.swift.catalog.transformation.File.populateTC(File.java:1034)
	at org.globus.swift.catalog.transformation.File.<init>(File.java:149)
	at org.globus.swift.catalog.transformation.File.getNonSingletonInstance(File.java:116)
	at org.griphyn.vdl.karajan.lib.VDLFunction.getTC(VDLFunction.java:492)
	at org.griphyn.vdl.karajan.lib.Executable.function(Executable.java:24)
	at org.griphyn.vdl.karajan.lib.VDLFunction.post(VDLFunction.java:62)
	at org.globus.cog.karajan.workflow.nodes.AbstractSequentialWithArguments.completed(AbstractSequentialWithArguments.java:194)
	at org.globus.cog.karajan.workflow.nodes.FlowNode.complete(FlowNode.java:214)
	at org.globus.cog.karajan.workflow.nodes.FlowContainer.post(FlowContainer.java:58)
	at org.globus.cog.karajan.workflow.nodes.functions.AbstractFunction.post(AbstractFunction.java:28)
	at org.globus.cog.karajan.workflow.nodes.Sequential.startNext(Sequential.java:29)
	at org.globus.cog.karajan.workflow.nodes.Sequential.executeChildren(Sequential.java:20)
	at org.globus.cog.karajan.workflow.nodes.FlowContainer.execute(FlowContainer.java:63)
	at org.globus.cog.karajan.workflow.nodes.FlowNode.restart(FlowNode.java:139)
	at org.globus.cog.karajan.workflow.nodes.FlowNode.start(FlowNode.java:197)
	at org.globus.cog.karajan.workflow.FlowElementWrapper.start(FlowElementWrapper.java:227)
	at org.globus.cog.karajan.workflow.events.EventBus.start(EventBus.java:104)
	at org.globus.cog.karajan.workflow.events.EventTargetPair.run(EventTargetPair.java:40)
	at java.util.concurrent.Executors$RunnableAdapter.call(Executors.java:471)
	at java.util.concurrent.FutureTask$Sync.innerRun(FutureTask.java:334)
	at java.util.concurrent.FutureTask.run(FutureTask.java:166)
	at java.util.concurrent.ThreadPoolExecutor.runWorker(ThreadPoolExecutor.java:1110)
	at java.util.concurrent.ThreadPoolExecutor$Worker.run(ThreadPoolExecutor.java:603)
	at java.lang.Thread.run(Thread.java:722)
2012-05-30 13:23:44,801-0500 INFO  GridExec TASK_DEFINITION: Task(type=JOB_SUBMISSION, identity=urn:0-1-1-1-1-1338402223670) is /bin/bash shared/_swiftwrap sh-ybdiq2sk -jobdir y -scratch  -e /bin/sh -out _concurrent/c-a6c9405f-a858-4be4-a55b-443dfcc11a20-1-1 -err stderr.txt -i -d _concurrent -if scott3b.sh -of _concurrent/c-a6c9405f-a858-4be4-a55b-443dfcc11a20-1-1 -k  -cdmfile  -status files -a scott3b.sh
2012-05-30 13:23:44,818-0500 INFO  JobSubmissionTaskHandler Submit: in: /var/tmp/foreach-20120530-1323-uqfm5ti6 command: /bin/bash /var/tmp/foreach-20120530-1323-uqfm5ti6/shared/_swiftwrap sh-ybdiq2sk -jobdir y -scratch  -e /bin/sh -out _concurrent/c-a6c9405f-a858-4be4-a55b-443dfcc11a20-1-1 -err stderr.txt -i -d _concurrent -if scott3b.sh -of _concurrent/c-a6c9405f-a858-4be4-a55b-443dfcc11a20-1-1 -k  -cdmfile  -status files -a scott3b.sh
2012-05-30 13:23:45,174-0500 INFO  LateBindingScheduler JobQueue: 2
2012-05-30 13:23:45,181-0500 DEBUG vdl:checkjobstatus START jobid=sh-ybdiq2sk
2012-05-30 13:23:45,185-0500 INFO  LateBindingScheduler JobQueue: 2
2012-05-30 13:23:45,187-0500 INFO  vdl:checkjobstatus SUCCESS jobid=sh-ybdiq2sk - Success file found
2012-05-30 13:23:45,190-0500 DEBUG vdl:execute2 STAGING_OUT jobid=sh-ybdiq2sk
2012-05-30 13:23:45,193-0500 INFO  vdl:dostageout START jobid=sh-ybdiq2sk - Staging out files
2012-05-30 13:23:45,194-0500 DEBUG vdl:dostageout stageouts: [[$, c:countfile - Open]]
2012-05-30 13:23:45,199-0500 DEBUG vdl:dostageout FILE_STAGE_OUT_START srcname=c-a6c9405f-a858-4be4-a55b-443dfcc11a20-1-1 srcdir=foreach-20120530-1323-uqfm5ti6/shared/_concurrent srchost=localhost destdir=_concurrent desthost=localhost provider=file
2012-05-30 13:23:45,200-0500 INFO  LateBindingScheduler JobQueue: 2
2012-05-30 13:23:45,204-0500 INFO  LateBindingScheduler JobQueue: 2
2012-05-30 13:23:45,205-0500 DEBUG vdl:dostageout FILE_STAGE_OUT_END srcname=c-a6c9405f-a858-4be4-a55b-443dfcc11a20-1-1 srcdir=foreach-20120530-1323-uqfm5ti6/shared/_concurrent srchost=localhost destdir=_concurrent desthost=localhost provider=file
2012-05-30 13:23:45,208-0500 INFO  LateBindingScheduler JobQueue: 2
2012-05-30 13:23:45,212-0500 INFO  vdl:dostageout END jobid=sh-ybdiq2sk - Staging out finished
2012-05-30 13:23:45,215-0500 DEBUG vdl:execute2 JOB_END jobid=sh-ybdiq2sk
2012-05-30 13:23:45,216-0500 INFO  vdl:execute END_SUCCESS thread=0-1-1-1 tr=sh
2012-05-30 13:23:45,217-0500 DEBUG countwords PROCEDURE_END line=4
2012-05-30 13:23:45,220-0500 DEBUG vdl:mains FOREACH_IT_END line=12 thread=0-1-1
2012-05-30 13:23:45,709-0500 INFO  WeightedHostScoreScheduler CONTACT_SELECTED host=localhost, score=1.995
2012-05-30 13:23:45,716-0500 DEBUG vdl:execute2 THREAD_ASSOCIATION jobid=sh-zbdiq2sk thread=0-1-2-1-1 host=localhost replicationGroup=vbdiq2sk
2012-05-30 13:23:45,725-0500 INFO  vdl:createdirset START jobid=sh-zbdiq2sk host=localhost - Initializing directory structure
2012-05-30 13:23:45,727-0500 INFO  vdl:createdirset END jobid=sh-zbdiq2sk - Done initializing directory structure
2012-05-30 13:23:45,729-0500 INFO  vdl:dostagein START jobid=sh-zbdiq2sk - Staging in files
2012-05-30 13:23:45,735-0500 INFO  LateBindingScheduler JobQueue: 1
2012-05-30 13:23:45,737-0500 DEBUG vdl:dostagein CDM: file://localhost/scott3c.sh : DEFAULT
2012-05-30 13:23:45,741-0500 DEBUG vdl:dostageinfile FILE_STAGE_IN_START file=scott3c.sh srchost=localhost srcdir= srcname=scott3c.sh desthost=localhost destdir=foreach-20120530-1323-uqfm5ti6/shared/ provider=file policy=DEFAULT
2012-05-30 13:23:45,746-0500 INFO  LateBindingScheduler JobQueue: 1
2012-05-30 13:23:45,747-0500 DEBUG vdl:dostageinfile FILE_STAGE_IN_END file=scott3c.sh srchost=localhost srcdir= srcname=scott3c.sh desthost=localhost destdir=foreach-20120530-1323-uqfm5ti6/shared/ provider=file
2012-05-30 13:23:45,748-0500 INFO  vdl:dostagein END jobid=sh-zbdiq2sk - Staging in finished
2012-05-30 13:23:45,750-0500 DEBUG vdl:execute2 JOB_START jobid=sh-zbdiq2sk tr=sh arguments=[scott3c.sh] tmpdir=foreach-20120530-1323-uqfm5ti6/jobs/z/sh-zbdiq2sk host=localhost
2012-05-30 13:23:45,762-0500 INFO  GridExec TASK_DEFINITION: Task(type=JOB_SUBMISSION, identity=urn:0-1-2-1-1-1338402223686) is /bin/bash shared/_swiftwrap sh-zbdiq2sk -jobdir z -scratch  -e /bin/sh -out _concurrent/c-a6c9405f-a858-4be4-a55b-443dfcc11a20-1-2 -err stderr.txt -i -d _concurrent -if scott3c.sh -of _concurrent/c-a6c9405f-a858-4be4-a55b-443dfcc11a20-1-2 -k  -cdmfile  -status files -a scott3c.sh
2012-05-30 13:23:45,762-0500 INFO  JobSubmissionTaskHandler Submit: in: /var/tmp/foreach-20120530-1323-uqfm5ti6 command: /bin/bash /var/tmp/foreach-20120530-1323-uqfm5ti6/shared/_swiftwrap sh-zbdiq2sk -jobdir z -scratch  -e /bin/sh -out _concurrent/c-a6c9405f-a858-4be4-a55b-443dfcc11a20-1-2 -err stderr.txt -i -d _concurrent -if scott3c.sh -of _concurrent/c-a6c9405f-a858-4be4-a55b-443dfcc11a20-1-2 -k  -cdmfile  -status files -a scott3c.sh
2012-05-30 13:23:46,130-0500 INFO  LateBindingScheduler JobQueue: 1
2012-05-30 13:23:46,133-0500 DEBUG vdl:checkjobstatus START jobid=sh-zbdiq2sk
2012-05-30 13:23:46,136-0500 INFO  LateBindingScheduler JobQueue: 1
2012-05-30 13:23:46,137-0500 INFO  vdl:checkjobstatus SUCCESS jobid=sh-zbdiq2sk - Success file found
2012-05-30 13:23:46,138-0500 DEBUG vdl:execute2 STAGING_OUT jobid=sh-zbdiq2sk
2012-05-30 13:23:46,140-0500 INFO  vdl:dostageout START jobid=sh-zbdiq2sk - Staging out files
2012-05-30 13:23:46,141-0500 DEBUG vdl:dostageout stageouts: [[$, c:countfile - Open]]
2012-05-30 13:23:46,149-0500 DEBUG vdl:dostageout FILE_STAGE_OUT_START srcname=c-a6c9405f-a858-4be4-a55b-443dfcc11a20-1-2 srcdir=foreach-20120530-1323-uqfm5ti6/shared/_concurrent srchost=localhost destdir=_concurrent desthost=localhost provider=file
2012-05-30 13:23:46,151-0500 INFO  LateBindingScheduler JobQueue: 1
2012-05-30 13:23:46,157-0500 INFO  LateBindingScheduler JobQueue: 1
2012-05-30 13:23:46,158-0500 DEBUG vdl:dostageout FILE_STAGE_OUT_END srcname=c-a6c9405f-a858-4be4-a55b-443dfcc11a20-1-2 srcdir=foreach-20120530-1323-uqfm5ti6/shared/_concurrent srchost=localhost destdir=_concurrent desthost=localhost provider=file
2012-05-30 13:23:46,161-0500 INFO  LateBindingScheduler JobQueue: 1
2012-05-30 13:23:46,165-0500 INFO  vdl:dostageout END jobid=sh-zbdiq2sk - Staging out finished
2012-05-30 13:23:46,170-0500 DEBUG vdl:execute2 JOB_END jobid=sh-zbdiq2sk
2012-05-30 13:23:46,171-0500 INFO  vdl:execute END_SUCCESS thread=0-1-2-1 tr=sh
2012-05-30 13:23:46,172-0500 DEBUG countwords PROCEDURE_END line=4
2012-05-30 13:23:46,173-0500 DEBUG vdl:mains FOREACH_IT_END line=12 thread=0-1-2
2012-05-30 13:23:46,662-0500 INFO  WeightedHostScoreScheduler CONTACT_SELECTED host=localhost, score=2.615
2012-05-30 13:23:46,673-0500 DEBUG vdl:execute2 THREAD_ASSOCIATION jobid=sh-0cdiq2sk thread=0-1-0-1-1 host=localhost replicationGroup=ubdiq2sk
2012-05-30 13:23:46,690-0500 INFO  vdl:createdirset START jobid=sh-0cdiq2sk host=localhost - Initializing directory structure
2012-05-30 13:23:46,693-0500 INFO  vdl:createdirset END jobid=sh-0cdiq2sk - Done initializing directory structure
2012-05-30 13:23:46,697-0500 INFO  vdl:dostagein START jobid=sh-0cdiq2sk - Staging in files
2012-05-30 13:23:46,710-0500 INFO  LateBindingScheduler JobQueue: 0
2012-05-30 13:23:46,712-0500 DEBUG vdl:dostagein CDM: file://localhost/scott3a.sh : DEFAULT
2012-05-30 13:23:46,718-0500 DEBUG vdl:dostageinfile FILE_STAGE_IN_START file=scott3a.sh srchost=localhost srcdir= srcname=scott3a.sh desthost=localhost destdir=foreach-20120530-1323-uqfm5ti6/shared/ provider=file policy=DEFAULT
2012-05-30 13:23:46,724-0500 INFO  LateBindingScheduler JobQueue: 0
2012-05-30 13:23:46,727-0500 DEBUG vdl:dostageinfile FILE_STAGE_IN_END file=scott3a.sh srchost=localhost srcdir= srcname=scott3a.sh desthost=localhost destdir=foreach-20120530-1323-uqfm5ti6/shared/ provider=file
2012-05-30 13:23:46,729-0500 INFO  vdl:dostagein END jobid=sh-0cdiq2sk - Staging in finished
2012-05-30 13:23:46,731-0500 DEBUG vdl:execute2 JOB_START jobid=sh-0cdiq2sk tr=sh arguments=[scott3a.sh] tmpdir=foreach-20120530-1323-uqfm5ti6/jobs/0/sh-0cdiq2sk host=localhost
2012-05-30 13:23:46,745-0500 INFO  GridExec TASK_DEFINITION: Task(type=JOB_SUBMISSION, identity=urn:0-1-0-1-1-1338402223702) is /bin/bash shared/_swiftwrap sh-0cdiq2sk -jobdir 0 -scratch  -e /bin/sh -out _concurrent/c-a6c9405f-a858-4be4-a55b-443dfcc11a20-1-0 -err stderr.txt -i -d _concurrent -if scott3a.sh -of _concurrent/c-a6c9405f-a858-4be4-a55b-443dfcc11a20-1-0 -k  -cdmfile  -status files -a scott3a.sh
2012-05-30 13:23:46,746-0500 INFO  JobSubmissionTaskHandler Submit: in: /var/tmp/foreach-20120530-1323-uqfm5ti6 command: /bin/bash /var/tmp/foreach-20120530-1323-uqfm5ti6/shared/_swiftwrap sh-0cdiq2sk -jobdir 0 -scratch  -e /bin/sh -out _concurrent/c-a6c9405f-a858-4be4-a55b-443dfcc11a20-1-0 -err stderr.txt -i -d _concurrent -if scott3a.sh -of _concurrent/c-a6c9405f-a858-4be4-a55b-443dfcc11a20-1-0 -k  -cdmfile  -status files -a scott3a.sh
2012-05-30 13:23:47,093-0500 INFO  LateBindingScheduler JobQueue: 0
2012-05-30 13:23:47,097-0500 DEBUG vdl:checkjobstatus START jobid=sh-0cdiq2sk
2012-05-30 13:23:47,101-0500 INFO  LateBindingScheduler JobQueue: 0
2012-05-30 13:23:47,102-0500 INFO  vdl:checkjobstatus SUCCESS jobid=sh-0cdiq2sk - Success file found
2012-05-30 13:23:47,104-0500 DEBUG vdl:execute2 STAGING_OUT jobid=sh-0cdiq2sk
2012-05-30 13:23:47,106-0500 INFO  vdl:dostageout START jobid=sh-0cdiq2sk - Staging out files
2012-05-30 13:23:47,107-0500 DEBUG vdl:dostageout stageouts: [[$, c:countfile - Open]]
2012-05-30 13:23:47,116-0500 DEBUG vdl:dostageout FILE_STAGE_OUT_START srcname=c-a6c9405f-a858-4be4-a55b-443dfcc11a20-1-0 srcdir=foreach-20120530-1323-uqfm5ti6/shared/_concurrent srchost=localhost destdir=_concurrent desthost=localhost provider=file
2012-05-30 13:23:47,118-0500 INFO  LateBindingScheduler JobQueue: 0
2012-05-30 13:23:47,126-0500 INFO  LateBindingScheduler JobQueue: 0
2012-05-30 13:23:47,128-0500 DEBUG vdl:dostageout FILE_STAGE_OUT_END srcname=c-a6c9405f-a858-4be4-a55b-443dfcc11a20-1-0 srcdir=foreach-20120530-1323-uqfm5ti6/shared/_concurrent srchost=localhost destdir=_concurrent desthost=localhost provider=file
2012-05-30 13:23:47,132-0500 INFO  LateBindingScheduler JobQueue: 0
2012-05-30 13:23:47,137-0500 INFO  vdl:dostageout END jobid=sh-0cdiq2sk - Staging out finished
2012-05-30 13:23:47,143-0500 DEBUG vdl:execute2 JOB_END jobid=sh-0cdiq2sk
2012-05-30 13:23:47,144-0500 INFO  vdl:execute END_SUCCESS thread=0-1-0-1 tr=sh
2012-05-30 13:23:47,146-0500 DEBUG countwords PROCEDURE_END line=4
2012-05-30 13:23:47,148-0500 DEBUG vdl:mains FOREACH_IT_END line=12 thread=0-1-0
2012-05-30 13:23:47,170-0500 DEBUG vdl:mains Starting cleanups
2012-05-30 13:23:47,171-0500 INFO  vdl:cleanups START cleanups=[[foreach-20120530-1323-uqfm5ti6, localhost]]
2012-05-30 13:23:47,172-0500 INFO  vdl:cleanup START dir=foreach-20120530-1323-uqfm5ti6 host=localhost
2012-05-30 13:23:47,173-0500 DEBUG vdl:cleanup cdmfile 
2012-05-30 13:23:47,175-0500 INFO  GridExec TASK_DEFINITION: Task(type=JOB_SUBMISSION, identity=urn:0-1-1338402223713) is /bin/rm -rf foreach-20120530-1323-uqfm5ti6
2012-05-30 13:23:47,176-0500 INFO  JobSubmissionTaskHandler Submit: in: /var/tmp command: /bin/rm -rf foreach-20120530-1323-uqfm5ti6
2012-05-30 13:23:47,177-0500 INFO  LateBindingScheduler JobQueue: 0
2012-05-30 13:23:47,179-0500 INFO  vdl:cleanup END dir=foreach-20120530-1323-uqfm5ti6 host=localhost
2012-05-30 13:23:47,180-0500 INFO  vdl:cleanups END cleanups=[[foreach-20120530-1323-uqfm5ti6, localhost]]
2012-05-30 13:23:47,180-0500 DEBUG vdl:mains Ending cleanups
2012-05-30 13:23:47,181-0500 INFO  Loader Swift finished with no errors
