2012-05-30 12:20:58,342-0500 DEBUG Loader arguments: [/home/skrieder/swift/multi/foreach.swift]
2012-05-30 12:20:58,342-0500 DEBUG Loader Max heap: 252248064
2012-05-30 12:20:58,343-0500 DEBUG textfiles BEGIN SWIFTSCRIPT:
type messagefile; 
type countfile; 

app (countfile t) countwords (messagefile f) {   
     sh @filename(f) stdout=@filename(t);
}

string inputNames = "scott3a.sh scott3b.sh";

messagefile inputfiles[] <fixed_array_mapper;files=inputNames>;

foreach f in inputfiles {
  countfile c;
  c = countwords(f);
}


2012-05-30 12:20:58,343-0500 DEBUG textfiles END SWIFTSCRIPT:
2012-05-30 12:20:58,344-0500 DEBUG Loader kmlversion is >239b8550-a5ff-44be-a124-5e7ecd70737d<
2012-05-30 12:20:58,344-0500 DEBUG Loader build version is >239b8550-a5ff-44be-a124-5e7ecd70737d<
2012-05-30 12:20:58,344-0500 DEBUG Loader Recompilation suppressed.
2012-05-30 12:20:58,491-0500 DEBUG textfiles using default sites file
2012-05-30 12:20:58,495-0500 INFO  VDL2ExecutionContext Stack dump:
Level 1
[iA = 0, iB = 0, bA = false, bB = false]
	vdl:instanceconfig = Swift configuration []
	vdl:operation = run
	swift.home = /usr/local/swift/bin/..
	PATH_SEPARATOR = /


2012-05-30 12:20:59,153-0500 INFO  unknown Using sites file: /usr/local/swift/bin/../etc/sites.xml
2012-05-30 12:20:59,194-0500 INFO  unknown Using tc.data: /usr/local/swift/bin/../etc/tc.data
2012-05-30 12:20:59,305-0500 WARN  File On line 24in File /usr/local/swift/bin/../etc/tc.data

java.lang.IllegalStateException: Error : Illegal TCType defined. Please specify one of the predefined types 
 [INSTALLED, SOURCE, STATIC_BINARY, DYNAMIC_BINARY, PACMAN_PACKAGE, SCRIPT]
	at org.globus.swift.catalog.types.TCType.fromValue(TCType.java:73)
	at org.globus.swift.catalog.types.TCType.fromString(TCType.java:85)
	at org.globus.swift.catalog.transformation.File.populateTC(File.java:1085)
	at org.globus.swift.catalog.transformation.File.populateTC(File.java:1034)
	at org.globus.swift.catalog.transformation.File.<init>(File.java:149)
	at org.globus.swift.catalog.transformation.File.getNonSingletonInstance(File.java:116)
	at org.griphyn.vdl.karajan.VDSAdaptiveScheduler.setProperty(VDSAdaptiveScheduler.java:71)
	at org.globus.cog.karajan.workflow.nodes.grid.SchedulerNode.newScheduler(SchedulerNode.java:104)
	at org.globus.cog.karajan.workflow.nodes.grid.SchedulerNode.post(SchedulerNode.java:63)
	at org.globus.cog.karajan.workflow.nodes.AbstractSequentialWithArguments.completed(AbstractSequentialWithArguments.java:194)
	at org.globus.cog.karajan.workflow.nodes.FlowNode.complete(FlowNode.java:214)
	at org.globus.cog.karajan.workflow.nodes.FlowContainer.post(FlowContainer.java:58)
	at org.globus.cog.karajan.workflow.nodes.AbstractSequentialWithArguments.completed(AbstractSequentialWithArguments.java:194)
	at org.globus.cog.karajan.workflow.nodes.user.UserDefinedElement.completed(UserDefinedElement.java:286)
	at org.globus.cog.karajan.workflow.nodes.user.SequentialImplicitExecutionUDE.completed(SequentialImplicitExecutionUDE.java:89)
	at org.globus.cog.karajan.workflow.nodes.FlowNode.complete(FlowNode.java:214)
	at org.globus.cog.karajan.workflow.nodes.FlowContainer.post(FlowContainer.java:58)
	at org.globus.cog.karajan.workflow.nodes.functions.AbstractFunction.post(AbstractFunction.java:28)
	at org.globus.cog.karajan.workflow.nodes.AbstractSequentialWithArguments.completed(AbstractSequentialWithArguments.java:194)
	at org.globus.cog.karajan.workflow.nodes.FlowNode.complete(FlowNode.java:214)
	at org.globus.cog.karajan.workflow.nodes.ExecuteFile.completed(ExecuteFile.java:158)
	at org.globus.cog.karajan.workflow.nodes.FlowNode.complete(FlowNode.java:214)
	at org.globus.cog.karajan.workflow.nodes.FlowContainer.post(FlowContainer.java:58)
	at org.globus.cog.karajan.workflow.nodes.Sequential.startNext(Sequential.java:29)
	at org.globus.cog.karajan.workflow.nodes.Sequential.completed(Sequential.java:24)
	at org.globus.cog.karajan.workflow.nodes.FlowNode.complete(FlowNode.java:214)
	at org.globus.cog.karajan.workflow.nodes.FlowContainer.post(FlowContainer.java:58)
	at org.globus.cog.karajan.workflow.nodes.AbstractSequentialWithArguments.completed(AbstractSequentialWithArguments.java:194)
	at org.globus.cog.karajan.workflow.nodes.user.UserDefinedElement.completed(UserDefinedElement.java:286)
	at org.globus.cog.karajan.workflow.nodes.user.SequentialImplicitExecutionUDE.completed(SequentialImplicitExecutionUDE.java:89)
	at org.globus.cog.karajan.workflow.nodes.FlowNode.complete(FlowNode.java:214)
	at org.globus.cog.karajan.workflow.nodes.FlowContainer.post(FlowContainer.java:58)
	at org.globus.cog.karajan.workflow.nodes.functions.AbstractFunction.post(AbstractFunction.java:28)
	at org.globus.cog.karajan.workflow.nodes.AbstractSequentialWithArguments.completed(AbstractSequentialWithArguments.java:194)
	at org.globus.cog.karajan.workflow.nodes.FlowNode.complete(FlowNode.java:214)
	at org.globus.cog.karajan.workflow.nodes.FlowContainer.post(FlowContainer.java:58)
	at org.globus.cog.karajan.workflow.nodes.AbstractSequentialWithArguments.completed(AbstractSequentialWithArguments.java:194)
	at org.globus.cog.karajan.workflow.nodes.PartialArgumentsContainer.nonArgChildCompleted(PartialArgumentsContainer.java:105)
	at org.globus.cog.karajan.workflow.nodes.PartialArgumentsContainer.completed(PartialArgumentsContainer.java:86)
	at org.globus.cog.karajan.workflow.nodes.FlowNode.complete(FlowNode.java:214)
	at org.globus.cog.karajan.workflow.nodes.Maybe.failed(Maybe.java:23)
	at org.globus.cog.karajan.workflow.nodes.FlowNode.failImmediately(FlowNode.java:89)
	at org.globus.cog.karajan.workflow.nodes.FlowNode.failed(FlowNode.java:245)
	at org.globus.cog.karajan.workflow.nodes.FlowNode.failImmediately(FlowNode.java:89)
	at org.globus.cog.karajan.workflow.nodes.FlowNode.restart(FlowNode.java:151)
	at org.globus.cog.karajan.workflow.nodes.FlowNode.start(FlowNode.java:197)
	at org.globus.cog.karajan.workflow.FlowElementWrapper.start(FlowElementWrapper.java:227)
	at org.globus.cog.karajan.workflow.events.EventBus.start(EventBus.java:104)
	at org.globus.cog.karajan.workflow.events.EventTargetPair.run(EventTargetPair.java:40)
	at java.util.concurrent.Executors$RunnableAdapter.call(Executors.java:471)
	at java.util.concurrent.FutureTask$Sync.innerRun(FutureTask.java:334)
	at java.util.concurrent.FutureTask.run(FutureTask.java:166)
	at java.util.concurrent.ThreadPoolExecutor.runWorker(ThreadPoolExecutor.java:1110)
	at java.util.concurrent.ThreadPoolExecutor$Worker.run(ThreadPoolExecutor.java:603)
	at java.lang.Thread.run(Thread.java:722)
2012-05-30 12:20:59,312-0500 INFO  AbstractScheduler Setting resources to: {localhost=localhost}
2012-05-30 12:21:00,237-0500 INFO  unknown Swift 0.93 swift-r5483 cog-r3339

2012-05-30 12:21:00,240-0500 INFO  unknown RUNID id=run:20120530-1220-r7syc11d
2012-05-30 12:21:00,345-0500 INFO  SetFieldValue Set: inputNames=scott3a.sh scott3b.sh
2012-05-30 12:21:00,360-0500 INFO  RootDataNode Found data inputfiles:messagefile[] - Open.[0]
2012-05-30 12:21:00,360-0500 INFO  RootDataNode Found data inputfiles:messagefile[] - Open.[1]
2012-05-30 12:21:00,362-0500 DEBUG vdl:mains FOREACH_IT_START line=12 thread=0-1-0
2012-05-30 12:21:00,362-0500 DEBUG vdl:mains FOREACH_IT_START line=12 thread=0-1-1
2012-05-30 12:21:00,362-0500 DEBUG vdl:mains SCOPE thread=0-1-0
2012-05-30 12:21:00,363-0500 DEBUG vdl:mains SCOPE thread=0-1-1
2012-05-30 12:21:00,370-0500 DEBUG countwords PROCEDURE line=4 thread=0-1-0-1 name=countwords
2012-05-30 12:21:00,370-0500 DEBUG countwords PROCEDURE line=4 thread=0-1-1-1 name=countwords
2012-05-30 12:21:00,378-0500 INFO  vdl:execute START thread=0-1-1-1 tr=sh
2012-05-30 12:21:00,378-0500 INFO  vdl:execute START thread=0-1-0-1 tr=sh
2012-05-30 12:21:00,394-0500 INFO  WeightedHostScoreScheduler CONTACT_SELECTED host=localhost, score=1.000
2012-05-30 12:21:00,400-0500 INFO  GlobalSubmitQueue No global submit throttle set. Using default (1024)
2012-05-30 12:21:00,405-0500 INFO  LateBindingScheduler JobQueue: 1
2012-05-30 12:21:00,409-0500 INFO  LateBindingScheduler JobQueue: 1
2012-05-30 12:21:00,412-0500 INFO  vdl:initshareddir START host=localhost - Initializing shared directory
2012-05-30 12:21:00,415-0500 INFO  LateBindingScheduler JobQueue: 1
2012-05-30 12:21:00,441-0500 INFO  LateBindingScheduler JobQueue: 1
2012-05-30 12:21:00,446-0500 INFO  LateBindingScheduler JobQueue: 1
2012-05-30 12:21:00,451-0500 INFO  LateBindingScheduler JobQueue: 1
2012-05-30 12:21:00,458-0500 INFO  LateBindingScheduler JobQueue: 1
2012-05-30 12:21:00,463-0500 INFO  LateBindingScheduler JobQueue: 1
2012-05-30 12:21:00,468-0500 INFO  vdl:initshareddir END host=localhost - Done initializing shared directory
2012-05-30 12:21:00,474-0500 DEBUG vdl:execute2 THREAD_ASSOCIATION jobid=sh-3bk0o2sk thread=0-1-0-1-1 host=localhost replicationGroup=1bk0o2sk
2012-05-30 12:21:00,497-0500 INFO  vdl:createdirset START jobid=sh-3bk0o2sk host=localhost - Initializing directory structure
2012-05-30 12:21:00,503-0500 INFO  vdl:createdirs START path=_concurrent dir=foreach-20120530-1220-r7syc11d/shared - Creating directory structure
2012-05-30 12:21:00,506-0500 INFO  LateBindingScheduler JobQueue: 1
2012-05-30 12:21:00,508-0500 INFO  vdl:createdirset END jobid=sh-3bk0o2sk - Done initializing directory structure
2012-05-30 12:21:00,511-0500 INFO  vdl:dostagein START jobid=sh-3bk0o2sk - Staging in files
2012-05-30 12:21:00,537-0500 INFO  LateBindingScheduler JobQueue: 1
2012-05-30 12:21:00,550-0500 DEBUG vdl:dostagein CDM: file://localhost/scott3a.sh : DEFAULT
2012-05-30 12:21:00,565-0500 DEBUG vdl:dostageinfile FILE_STAGE_IN_START file=scott3a.sh srchost=localhost srcdir= srcname=scott3a.sh desthost=localhost destdir=foreach-20120530-1220-r7syc11d/shared/ provider=file policy=DEFAULT
2012-05-30 12:21:00,574-0500 INFO  LateBindingScheduler JobQueue: 1
2012-05-30 12:21:00,576-0500 DEBUG vdl:dostageinfile FILE_STAGE_IN_END file=scott3a.sh srchost=localhost srcdir= srcname=scott3a.sh desthost=localhost destdir=foreach-20120530-1220-r7syc11d/shared/ provider=file
2012-05-30 12:21:00,578-0500 INFO  vdl:dostagein END jobid=sh-3bk0o2sk - Staging in finished
2012-05-30 12:21:00,583-0500 DEBUG vdl:execute2 JOB_START jobid=sh-3bk0o2sk tr=sh arguments=[scott3a.sh] tmpdir=foreach-20120530-1220-r7syc11d/jobs/3/sh-3bk0o2sk host=localhost
2012-05-30 12:21:00,596-0500 DEBUG textfiles BEGIN TC:
#This is the transformation catalog.
#
#It comes pre-configured with a number of simple transformations with
#paths that are likely to work on a linux box. However, on some systems,
#the paths to these executables will be different (for example, sometimes
#some of these programs are found in /usr/bin rather than in /bin)
#
#NOTE WELL: fields in this file must be separated by tabs, not spaces; and
#there must be no trailing whitespace at the end of each line.
#
# sitename  transformation  path   INSTALLED  platform  profiles
localhost 	echo 		/bin/echo	INSTALLED	INTEL32::LINUX	null
localhost 	cat 		/bin/cat	INSTALLED	INTEL32::LINUX	null
localhost 	ls 		/bin/ls		INSTALLED	INTEL32::LINUX	null
localhost 	grep 		/bin/grep	INSTALLED	INTEL32::LINUX	null
localhost 	sort 		/bin/sort	INSTALLED	INTEL32::LINUX	null
localhost 	paste 		/bin/paste	INSTALLED	INTEL32::LINUX	null
localhost 	cp 		/bin/cp         INSTALLED	INTEL32::LINUX	null
localhost 	touch 		/bin/touch      INSTALLED	INTEL32::LINUX	null
localhost	wc		/usr/bin/wc	INSTALLED	INTEL32::LINUX	null
localhost	sh		/bin/sh		INSTALLED	INTEL32::LINUX	null
localhost	sleep		/bin/sleep	INSTALLED	INTEL32::LINUX	null
localhost	tr		/usr/bin/tr	INSTALLED	INTEL32::LINUX	null
localhost	scott.sh	/Users/scottkrieder/swift/examples/swift/tutorial/scott.sh	INTSALLED	INTEL32::LINUX	null


2012-05-30 12:21:00,596-0500 DEBUG textfiles END TC:
2012-05-30 12:21:00,604-0500 WARN  File On line 24in File /usr/local/swift/bin/../etc/tc.data

java.lang.IllegalStateException: Error : Illegal TCType defined. Please specify one of the predefined types 
 [INSTALLED, SOURCE, STATIC_BINARY, DYNAMIC_BINARY, PACMAN_PACKAGE, SCRIPT]
	at org.globus.swift.catalog.types.TCType.fromValue(TCType.java:73)
	at org.globus.swift.catalog.types.TCType.fromString(TCType.java:85)
	at org.globus.swift.catalog.transformation.File.populateTC(File.java:1085)
	at org.globus.swift.catalog.transformation.File.populateTC(File.java:1034)
	at org.globus.swift.catalog.transformation.File.<init>(File.java:149)
	at org.globus.swift.catalog.transformation.File.getNonSingletonInstance(File.java:116)
	at org.griphyn.vdl.karajan.lib.VDLFunction.getTC(VDLFunction.java:492)
	at org.griphyn.vdl.karajan.lib.Executable.function(Executable.java:24)
	at org.griphyn.vdl.karajan.lib.VDLFunction.post(VDLFunction.java:62)
	at org.globus.cog.karajan.workflow.nodes.AbstractSequentialWithArguments.completed(AbstractSequentialWithArguments.java:194)
	at org.globus.cog.karajan.workflow.nodes.FlowNode.complete(FlowNode.java:214)
	at org.globus.cog.karajan.workflow.nodes.FlowContainer.post(FlowContainer.java:58)
	at org.globus.cog.karajan.workflow.nodes.functions.AbstractFunction.post(AbstractFunction.java:28)
	at org.globus.cog.karajan.workflow.nodes.Sequential.startNext(Sequential.java:29)
	at org.globus.cog.karajan.workflow.nodes.Sequential.executeChildren(Sequential.java:20)
	at org.globus.cog.karajan.workflow.nodes.FlowContainer.execute(FlowContainer.java:63)
	at org.globus.cog.karajan.workflow.nodes.FlowNode.restart(FlowNode.java:139)
	at org.globus.cog.karajan.workflow.nodes.FlowNode.start(FlowNode.java:197)
	at org.globus.cog.karajan.workflow.FlowElementWrapper.start(FlowElementWrapper.java:227)
	at org.globus.cog.karajan.workflow.events.EventBus.start(EventBus.java:104)
	at org.globus.cog.karajan.workflow.events.EventTargetPair.run(EventTargetPair.java:40)
	at java.util.concurrent.Executors$RunnableAdapter.call(Executors.java:471)
	at java.util.concurrent.FutureTask$Sync.innerRun(FutureTask.java:334)
	at java.util.concurrent.FutureTask.run(FutureTask.java:166)
	at java.util.concurrent.ThreadPoolExecutor.runWorker(ThreadPoolExecutor.java:1110)
	at java.util.concurrent.ThreadPoolExecutor$Worker.run(ThreadPoolExecutor.java:603)
	at java.lang.Thread.run(Thread.java:722)
2012-05-30 12:21:00,634-0500 INFO  GridExec TASK_DEFINITION: Task(type=JOB_SUBMISSION, identity=urn:0-1-0-1-1-1338398459187) is /bin/bash shared/_swiftwrap sh-3bk0o2sk -jobdir 3 -scratch  -e /bin/sh -out _concurrent/c-e3bf9e4e-6ad7-4c16-99d8-79ef8a32889d-1-0 -err stderr.txt -i -d _concurrent -if scott3a.sh -of _concurrent/c-e3bf9e4e-6ad7-4c16-99d8-79ef8a32889d-1-0 -k  -cdmfile  -status files -a scott3a.sh
2012-05-30 12:21:00,652-0500 INFO  JobSubmissionTaskHandler Submit: in: /var/tmp/foreach-20120530-1220-r7syc11d command: /bin/bash /var/tmp/foreach-20120530-1220-r7syc11d/shared/_swiftwrap sh-3bk0o2sk -jobdir 3 -scratch  -e /bin/sh -out _concurrent/c-e3bf9e4e-6ad7-4c16-99d8-79ef8a32889d-1-0 -err stderr.txt -i -d _concurrent -if scott3a.sh -of _concurrent/c-e3bf9e4e-6ad7-4c16-99d8-79ef8a32889d-1-0 -k  -cdmfile  -status files -a scott3a.sh
2012-05-30 12:21:01,029-0500 INFO  LateBindingScheduler JobQueue: 1
2012-05-30 12:21:01,035-0500 DEBUG vdl:checkjobstatus START jobid=sh-3bk0o2sk
2012-05-30 12:21:01,039-0500 INFO  LateBindingScheduler JobQueue: 1
2012-05-30 12:21:01,040-0500 INFO  vdl:checkjobstatus SUCCESS jobid=sh-3bk0o2sk - Success file found
2012-05-30 12:21:01,043-0500 DEBUG vdl:execute2 STAGING_OUT jobid=sh-3bk0o2sk
2012-05-30 12:21:01,047-0500 INFO  vdl:dostageout START jobid=sh-3bk0o2sk - Staging out files
2012-05-30 12:21:01,048-0500 DEBUG vdl:dostageout stageouts: [[$, c:countfile - Open]]
2012-05-30 12:21:01,067-0500 DEBUG vdl:dostageout FILE_STAGE_OUT_START srcname=c-e3bf9e4e-6ad7-4c16-99d8-79ef8a32889d-1-0 srcdir=foreach-20120530-1220-r7syc11d/shared/_concurrent srchost=localhost destdir=_concurrent desthost=localhost provider=file
2012-05-30 12:21:01,069-0500 INFO  LateBindingScheduler JobQueue: 1
2012-05-30 12:21:01,080-0500 INFO  LateBindingScheduler JobQueue: 1
2012-05-30 12:21:01,082-0500 DEBUG vdl:dostageout FILE_STAGE_OUT_END srcname=c-e3bf9e4e-6ad7-4c16-99d8-79ef8a32889d-1-0 srcdir=foreach-20120530-1220-r7syc11d/shared/_concurrent srchost=localhost destdir=_concurrent desthost=localhost provider=file
2012-05-30 12:21:01,086-0500 INFO  LateBindingScheduler JobQueue: 1
2012-05-30 12:21:01,094-0500 INFO  vdl:dostageout END jobid=sh-3bk0o2sk - Staging out finished
2012-05-30 12:21:01,104-0500 DEBUG vdl:execute2 JOB_END jobid=sh-3bk0o2sk
2012-05-30 12:21:01,106-0500 INFO  vdl:execute END_SUCCESS thread=0-1-0-1 tr=sh
2012-05-30 12:21:01,109-0500 DEBUG countwords PROCEDURE_END line=4
2012-05-30 12:21:01,113-0500 DEBUG vdl:mains FOREACH_IT_END line=12 thread=0-1-0
2012-05-30 12:21:01,587-0500 INFO  WeightedHostScoreScheduler CONTACT_SELECTED host=localhost, score=1.995
2012-05-30 12:21:01,594-0500 DEBUG vdl:execute2 THREAD_ASSOCIATION jobid=sh-4bk0o2sk thread=0-1-1-1-1 host=localhost replicationGroup=2bk0o2sk
2012-05-30 12:21:01,603-0500 INFO  vdl:createdirset START jobid=sh-4bk0o2sk host=localhost - Initializing directory structure
2012-05-30 12:21:01,605-0500 INFO  vdl:createdirset END jobid=sh-4bk0o2sk - Done initializing directory structure
2012-05-30 12:21:01,606-0500 INFO  vdl:dostagein START jobid=sh-4bk0o2sk - Staging in files
2012-05-30 12:21:01,613-0500 INFO  LateBindingScheduler JobQueue: 0
2012-05-30 12:21:01,614-0500 DEBUG vdl:dostagein CDM: file://localhost/scott3b.sh : DEFAULT
2012-05-30 12:21:01,619-0500 DEBUG vdl:dostageinfile FILE_STAGE_IN_START file=scott3b.sh srchost=localhost srcdir= srcname=scott3b.sh desthost=localhost destdir=foreach-20120530-1220-r7syc11d/shared/ provider=file policy=DEFAULT
2012-05-30 12:21:01,624-0500 INFO  LateBindingScheduler JobQueue: 0
2012-05-30 12:21:01,625-0500 DEBUG vdl:dostageinfile FILE_STAGE_IN_END file=scott3b.sh srchost=localhost srcdir= srcname=scott3b.sh desthost=localhost destdir=foreach-20120530-1220-r7syc11d/shared/ provider=file
2012-05-30 12:21:01,626-0500 INFO  vdl:dostagein END jobid=sh-4bk0o2sk - Staging in finished
2012-05-30 12:21:01,628-0500 DEBUG vdl:execute2 JOB_START jobid=sh-4bk0o2sk tr=sh arguments=[scott3b.sh] tmpdir=foreach-20120530-1220-r7syc11d/jobs/4/sh-4bk0o2sk host=localhost
2012-05-30 12:21:01,639-0500 INFO  GridExec TASK_DEFINITION: Task(type=JOB_SUBMISSION, identity=urn:0-1-1-1-1-1338398459203) is /bin/bash shared/_swiftwrap sh-4bk0o2sk -jobdir 4 -scratch  -e /bin/sh -out _concurrent/c-e3bf9e4e-6ad7-4c16-99d8-79ef8a32889d-1-1 -err stderr.txt -i -d _concurrent -if scott3b.sh -of _concurrent/c-e3bf9e4e-6ad7-4c16-99d8-79ef8a32889d-1-1 -k  -cdmfile  -status files -a scott3b.sh
2012-05-30 12:21:01,639-0500 INFO  JobSubmissionTaskHandler Submit: in: /var/tmp/foreach-20120530-1220-r7syc11d command: /bin/bash /var/tmp/foreach-20120530-1220-r7syc11d/shared/_swiftwrap sh-4bk0o2sk -jobdir 4 -scratch  -e /bin/sh -out _concurrent/c-e3bf9e4e-6ad7-4c16-99d8-79ef8a32889d-1-1 -err stderr.txt -i -d _concurrent -if scott3b.sh -of _concurrent/c-e3bf9e4e-6ad7-4c16-99d8-79ef8a32889d-1-1 -k  -cdmfile  -status files -a scott3b.sh
2012-05-30 12:21:02,006-0500 INFO  LateBindingScheduler JobQueue: 0
2012-05-30 12:21:02,009-0500 DEBUG vdl:checkjobstatus START jobid=sh-4bk0o2sk
2012-05-30 12:21:02,012-0500 INFO  LateBindingScheduler JobQueue: 0
2012-05-30 12:21:02,013-0500 INFO  vdl:checkjobstatus SUCCESS jobid=sh-4bk0o2sk - Success file found
2012-05-30 12:21:02,014-0500 DEBUG vdl:execute2 STAGING_OUT jobid=sh-4bk0o2sk
2012-05-30 12:21:02,016-0500 INFO  vdl:dostageout START jobid=sh-4bk0o2sk - Staging out files
2012-05-30 12:21:02,017-0500 DEBUG vdl:dostageout stageouts: [[$, c:countfile - Open]]
2012-05-30 12:21:02,024-0500 DEBUG vdl:dostageout FILE_STAGE_OUT_START srcname=c-e3bf9e4e-6ad7-4c16-99d8-79ef8a32889d-1-1 srcdir=foreach-20120530-1220-r7syc11d/shared/_concurrent srchost=localhost destdir=_concurrent desthost=localhost provider=file
2012-05-30 12:21:02,026-0500 INFO  LateBindingScheduler JobQueue: 0
2012-05-30 12:21:02,033-0500 INFO  LateBindingScheduler JobQueue: 0
2012-05-30 12:21:02,034-0500 DEBUG vdl:dostageout FILE_STAGE_OUT_END srcname=c-e3bf9e4e-6ad7-4c16-99d8-79ef8a32889d-1-1 srcdir=foreach-20120530-1220-r7syc11d/shared/_concurrent srchost=localhost destdir=_concurrent desthost=localhost provider=file
2012-05-30 12:21:02,037-0500 INFO  LateBindingScheduler JobQueue: 0
2012-05-30 12:21:02,042-0500 INFO  vdl:dostageout END jobid=sh-4bk0o2sk - Staging out finished
2012-05-30 12:21:02,046-0500 DEBUG vdl:execute2 JOB_END jobid=sh-4bk0o2sk
2012-05-30 12:21:02,047-0500 INFO  vdl:execute END_SUCCESS thread=0-1-1-1 tr=sh
2012-05-30 12:21:02,048-0500 DEBUG countwords PROCEDURE_END line=4
2012-05-30 12:21:02,050-0500 DEBUG vdl:mains FOREACH_IT_END line=12 thread=0-1-1
2012-05-30 12:21:02,071-0500 DEBUG vdl:mains Starting cleanups
2012-05-30 12:21:02,072-0500 INFO  vdl:cleanups START cleanups=[[foreach-20120530-1220-r7syc11d, localhost]]
2012-05-30 12:21:02,073-0500 INFO  vdl:cleanup START dir=foreach-20120530-1220-r7syc11d host=localhost
2012-05-30 12:21:02,074-0500 DEBUG vdl:cleanup cdmfile 
2012-05-30 12:21:02,076-0500 INFO  GridExec TASK_DEFINITION: Task(type=JOB_SUBMISSION, identity=urn:0-1-1338398459214) is /bin/rm -rf foreach-20120530-1220-r7syc11d
2012-05-30 12:21:02,077-0500 INFO  JobSubmissionTaskHandler Submit: in: /var/tmp command: /bin/rm -rf foreach-20120530-1220-r7syc11d
2012-05-30 12:21:02,077-0500 INFO  LateBindingScheduler JobQueue: 0
2012-05-30 12:21:02,078-0500 INFO  vdl:cleanup END dir=foreach-20120530-1220-r7syc11d host=localhost
2012-05-30 12:21:02,079-0500 INFO  vdl:cleanups END cleanups=[[foreach-20120530-1220-r7syc11d, localhost]]
2012-05-30 12:21:02,079-0500 DEBUG vdl:mains Ending cleanups
2012-05-30 12:21:02,080-0500 INFO  Loader Swift finished with no errors
