2012-05-30 13:23:56,020-0500 DEBUG Loader arguments: [/home/skrieder/swift/multi/foreach.swift]
2012-05-30 13:23:56,020-0500 DEBUG Loader Max heap: 252248064
2012-05-30 13:23:56,021-0500 DEBUG textfiles BEGIN SWIFTSCRIPT:
type messagefile; 
type countfile; 

app (countfile t) countwords (messagefile f) {   
     sh @filename(f) stdout=@filename(t);
}

string inputNames = "scott3a.sh scott3b.sh scott3c.sh";

messagefile inputfiles[] <fixed_array_mapper;files=inputNames>;

foreach f in inputfiles {
  countfile c;
  c = countwords(f);
}


2012-05-30 13:23:56,021-0500 DEBUG textfiles END SWIFTSCRIPT:
2012-05-30 13:23:56,022-0500 DEBUG Loader kmlversion is >239b8550-a5ff-44be-a124-5e7ecd70737d<
2012-05-30 13:23:56,022-0500 DEBUG Loader build version is >239b8550-a5ff-44be-a124-5e7ecd70737d<
2012-05-30 13:23:56,022-0500 DEBUG Loader Recompilation suppressed.
2012-05-30 13:23:56,170-0500 DEBUG textfiles using default sites file
2012-05-30 13:23:56,174-0500 INFO  VDL2ExecutionContext Stack dump:
Level 1
[iA = 0, iB = 0, bA = false, bB = false]
	vdl:instanceconfig = Swift configuration []
	vdl:operation = run
	swift.home = /usr/local/swift/bin/..
	PATH_SEPARATOR = /


2012-05-30 13:23:56,875-0500 INFO  unknown Using sites file: /usr/local/swift/bin/../etc/sites.xml
2012-05-30 13:23:56,915-0500 INFO  unknown Using tc.data: /usr/local/swift/bin/../etc/tc.data
2012-05-30 13:23:57,043-0500 WARN  File On line 24in File /usr/local/swift/bin/../etc/tc.data

java.lang.IllegalStateException: Error : Illegal TCType defined. Please specify one of the predefined types 
 [INSTALLED, SOURCE, STATIC_BINARY, DYNAMIC_BINARY, PACMAN_PACKAGE, SCRIPT]
	at org.globus.swift.catalog.types.TCType.fromValue(TCType.java:73)
	at org.globus.swift.catalog.types.TCType.fromString(TCType.java:85)
	at org.globus.swift.catalog.transformation.File.populateTC(File.java:1085)
	at org.globus.swift.catalog.transformation.File.populateTC(File.java:1034)
	at org.globus.swift.catalog.transformation.File.<init>(File.java:149)
	at org.globus.swift.catalog.transformation.File.getNonSingletonInstance(File.java:116)
	at org.griphyn.vdl.karajan.VDSAdaptiveScheduler.setProperty(VDSAdaptiveScheduler.java:71)
	at org.globus.cog.karajan.workflow.nodes.grid.SchedulerNode.newScheduler(SchedulerNode.java:104)
	at org.globus.cog.karajan.workflow.nodes.grid.SchedulerNode.post(SchedulerNode.java:63)
	at org.globus.cog.karajan.workflow.nodes.AbstractSequentialWithArguments.completed(AbstractSequentialWithArguments.java:194)
	at org.globus.cog.karajan.workflow.nodes.FlowNode.complete(FlowNode.java:214)
	at org.globus.cog.karajan.workflow.nodes.FlowContainer.post(FlowContainer.java:58)
	at org.globus.cog.karajan.workflow.nodes.AbstractSequentialWithArguments.completed(AbstractSequentialWithArguments.java:194)
	at org.globus.cog.karajan.workflow.nodes.user.UserDefinedElement.completed(UserDefinedElement.java:286)
	at org.globus.cog.karajan.workflow.nodes.user.SequentialImplicitExecutionUDE.completed(SequentialImplicitExecutionUDE.java:89)
	at org.globus.cog.karajan.workflow.nodes.FlowNode.complete(FlowNode.java:214)
	at org.globus.cog.karajan.workflow.nodes.FlowContainer.post(FlowContainer.java:58)
	at org.globus.cog.karajan.workflow.nodes.functions.AbstractFunction.post(AbstractFunction.java:28)
	at org.globus.cog.karajan.workflow.nodes.AbstractSequentialWithArguments.completed(AbstractSequentialWithArguments.java:194)
	at org.globus.cog.karajan.workflow.nodes.FlowNode.complete(FlowNode.java:214)
	at org.globus.cog.karajan.workflow.nodes.ExecuteFile.completed(ExecuteFile.java:158)
	at org.globus.cog.karajan.workflow.nodes.FlowNode.complete(FlowNode.java:214)
	at org.globus.cog.karajan.workflow.nodes.FlowContainer.post(FlowContainer.java:58)
	at org.globus.cog.karajan.workflow.nodes.Sequential.startNext(Sequential.java:29)
	at org.globus.cog.karajan.workflow.nodes.Sequential.completed(Sequential.java:24)
	at org.globus.cog.karajan.workflow.nodes.FlowNode.complete(FlowNode.java:214)
	at org.globus.cog.karajan.workflow.nodes.FlowContainer.post(FlowContainer.java:58)
	at org.globus.cog.karajan.workflow.nodes.AbstractSequentialWithArguments.completed(AbstractSequentialWithArguments.java:194)
	at org.globus.cog.karajan.workflow.nodes.user.UserDefinedElement.completed(UserDefinedElement.java:286)
	at org.globus.cog.karajan.workflow.nodes.user.SequentialImplicitExecutionUDE.completed(SequentialImplicitExecutionUDE.java:89)
	at org.globus.cog.karajan.workflow.nodes.FlowNode.complete(FlowNode.java:214)
	at org.globus.cog.karajan.workflow.nodes.FlowContainer.post(FlowContainer.java:58)
	at org.globus.cog.karajan.workflow.nodes.functions.AbstractFunction.post(AbstractFunction.java:28)
	at org.globus.cog.karajan.workflow.nodes.AbstractSequentialWithArguments.completed(AbstractSequentialWithArguments.java:194)
	at org.globus.cog.karajan.workflow.nodes.FlowNode.complete(FlowNode.java:214)
	at org.globus.cog.karajan.workflow.nodes.FlowContainer.post(FlowContainer.java:58)
	at org.globus.cog.karajan.workflow.nodes.AbstractSequentialWithArguments.completed(AbstractSequentialWithArguments.java:194)
	at org.globus.cog.karajan.workflow.nodes.PartialArgumentsContainer.nonArgChildCompleted(PartialArgumentsContainer.java:105)
	at org.globus.cog.karajan.workflow.nodes.PartialArgumentsContainer.completed(PartialArgumentsContainer.java:86)
	at org.globus.cog.karajan.workflow.nodes.FlowNode.complete(FlowNode.java:214)
	at org.globus.cog.karajan.workflow.nodes.Maybe.failed(Maybe.java:23)
	at org.globus.cog.karajan.workflow.nodes.FlowNode.failImmediately(FlowNode.java:89)
	at org.globus.cog.karajan.workflow.nodes.FlowNode.failed(FlowNode.java:245)
	at org.globus.cog.karajan.workflow.nodes.FlowNode.failImmediately(FlowNode.java:89)
	at org.globus.cog.karajan.workflow.nodes.FlowNode.restart(FlowNode.java:151)
	at org.globus.cog.karajan.workflow.nodes.FlowNode.start(FlowNode.java:197)
	at org.globus.cog.karajan.workflow.FlowElementWrapper.start(FlowElementWrapper.java:227)
	at org.globus.cog.karajan.workflow.events.EventBus.start(EventBus.java:104)
	at org.globus.cog.karajan.workflow.events.EventTargetPair.run(EventTargetPair.java:40)
	at java.util.concurrent.Executors$RunnableAdapter.call(Executors.java:471)
	at java.util.concurrent.FutureTask$Sync.innerRun(FutureTask.java:334)
	at java.util.concurrent.FutureTask.run(FutureTask.java:166)
	at java.util.concurrent.ThreadPoolExecutor.runWorker(ThreadPoolExecutor.java:1110)
	at java.util.concurrent.ThreadPoolExecutor$Worker.run(ThreadPoolExecutor.java:603)
	at java.lang.Thread.run(Thread.java:722)
2012-05-30 13:23:57,051-0500 INFO  AbstractScheduler Setting resources to: {localhost=localhost}
2012-05-30 13:23:57,771-0500 INFO  unknown Swift 0.93 swift-r5483 cog-r3339

2012-05-30 13:23:57,771-0500 INFO  unknown RUNID id=run:20120530-1323-onq4dbf9
2012-05-30 13:23:57,835-0500 INFO  SetFieldValue Set: inputNames=scott3a.sh scott3b.sh scott3c.sh
2012-05-30 13:23:57,851-0500 INFO  RootDataNode Found data inputfiles:messagefile[] - Open.[0]
2012-05-30 13:23:57,851-0500 INFO  RootDataNode Found data inputfiles:messagefile[] - Open.[1]
2012-05-30 13:23:57,852-0500 INFO  RootDataNode Found data inputfiles:messagefile[] - Open.[2]
2012-05-30 13:23:57,855-0500 DEBUG vdl:mains FOREACH_IT_START line=12 thread=0-1-1
2012-05-30 13:23:57,855-0500 DEBUG vdl:mains FOREACH_IT_START line=12 thread=0-1-2
2012-05-30 13:23:57,855-0500 DEBUG vdl:mains FOREACH_IT_START line=12 thread=0-1-0
2012-05-30 13:23:57,855-0500 DEBUG vdl:mains SCOPE thread=0-1-1
2012-05-30 13:23:57,855-0500 DEBUG vdl:mains SCOPE thread=0-1-2
2012-05-30 13:23:57,855-0500 DEBUG vdl:mains SCOPE thread=0-1-0
2012-05-30 13:23:57,865-0500 DEBUG countwords PROCEDURE line=4 thread=0-1-0-1 name=countwords
2012-05-30 13:23:57,865-0500 DEBUG countwords PROCEDURE line=4 thread=0-1-1-1 name=countwords
2012-05-30 13:23:57,865-0500 DEBUG countwords PROCEDURE line=4 thread=0-1-2-1 name=countwords
2012-05-30 13:23:57,874-0500 INFO  vdl:execute START thread=0-1-0-1 tr=sh
2012-05-30 13:23:57,874-0500 INFO  vdl:execute START thread=0-1-1-1 tr=sh
2012-05-30 13:23:57,875-0500 INFO  vdl:execute START thread=0-1-2-1 tr=sh
2012-05-30 13:23:57,893-0500 INFO  WeightedHostScoreScheduler CONTACT_SELECTED host=localhost, score=1.000
2012-05-30 13:23:57,899-0500 INFO  GlobalSubmitQueue No global submit throttle set. Using default (1024)
2012-05-30 13:23:57,904-0500 INFO  LateBindingScheduler JobQueue: 2
2012-05-30 13:23:57,907-0500 INFO  LateBindingScheduler JobQueue: 2
2012-05-30 13:23:57,910-0500 INFO  vdl:initshareddir START host=localhost - Initializing shared directory
2012-05-30 13:23:57,914-0500 INFO  LateBindingScheduler JobQueue: 2
2012-05-30 13:23:57,939-0500 INFO  LateBindingScheduler JobQueue: 2
2012-05-30 13:23:57,945-0500 INFO  LateBindingScheduler JobQueue: 2
2012-05-30 13:23:57,949-0500 INFO  LateBindingScheduler JobQueue: 2
2012-05-30 13:23:57,956-0500 INFO  LateBindingScheduler JobQueue: 2
2012-05-30 13:23:57,964-0500 INFO  LateBindingScheduler JobQueue: 2
2012-05-30 13:23:57,968-0500 INFO  vdl:initshareddir END host=localhost - Done initializing shared directory
2012-05-30 13:23:57,974-0500 DEBUG vdl:execute2 THREAD_ASSOCIATION jobid=sh-g5oiq2sk thread=0-1-0-1-1 host=localhost replicationGroup=e5oiq2sk
2012-05-30 13:23:57,998-0500 INFO  vdl:createdirset START jobid=sh-g5oiq2sk host=localhost - Initializing directory structure
2012-05-30 13:23:58,006-0500 INFO  vdl:createdirs START path=_concurrent dir=foreach-20120530-1323-onq4dbf9/shared - Creating directory structure
2012-05-30 13:23:58,009-0500 INFO  LateBindingScheduler JobQueue: 2
2012-05-30 13:23:58,011-0500 INFO  vdl:createdirset END jobid=sh-g5oiq2sk - Done initializing directory structure
2012-05-30 13:23:58,014-0500 INFO  vdl:dostagein START jobid=sh-g5oiq2sk - Staging in files
2012-05-30 13:23:58,037-0500 INFO  LateBindingScheduler JobQueue: 2
2012-05-30 13:23:58,050-0500 DEBUG vdl:dostagein CDM: file://localhost/scott3a.sh : DEFAULT
2012-05-30 13:23:58,054-0500 DEBUG vdl:dostageinfile FILE_STAGE_IN_START file=scott3a.sh srchost=localhost srcdir= srcname=scott3a.sh desthost=localhost destdir=foreach-20120530-1323-onq4dbf9/shared/ provider=file policy=DEFAULT
2012-05-30 13:23:58,057-0500 INFO  LateBindingScheduler JobQueue: 2
2012-05-30 13:23:58,059-0500 DEBUG vdl:dostageinfile FILE_STAGE_IN_END file=scott3a.sh srchost=localhost srcdir= srcname=scott3a.sh desthost=localhost destdir=foreach-20120530-1323-onq4dbf9/shared/ provider=file
2012-05-30 13:23:58,061-0500 INFO  vdl:dostagein END jobid=sh-g5oiq2sk - Staging in finished
2012-05-30 13:23:58,063-0500 DEBUG vdl:execute2 JOB_START jobid=sh-g5oiq2sk tr=sh arguments=[scott3a.sh] tmpdir=foreach-20120530-1323-onq4dbf9/jobs/g/sh-g5oiq2sk host=localhost
2012-05-30 13:23:58,067-0500 DEBUG textfiles BEGIN TC:
#This is the transformation catalog.
#
#It comes pre-configured with a number of simple transformations with
#paths that are likely to work on a linux box. However, on some systems,
#the paths to these executables will be different (for example, sometimes
#some of these programs are found in /usr/bin rather than in /bin)
#
#NOTE WELL: fields in this file must be separated by tabs, not spaces; and
#there must be no trailing whitespace at the end of each line.
#
# sitename  transformation  path   INSTALLED  platform  profiles
localhost 	echo 		/bin/echo	INSTALLED	INTEL32::LINUX	null
localhost 	cat 		/bin/cat	INSTALLED	INTEL32::LINUX	null
localhost 	ls 		/bin/ls		INSTALLED	INTEL32::LINUX	null
localhost 	grep 		/bin/grep	INSTALLED	INTEL32::LINUX	null
localhost 	sort 		/bin/sort	INSTALLED	INTEL32::LINUX	null
localhost 	paste 		/bin/paste	INSTALLED	INTEL32::LINUX	null
localhost 	cp 		/bin/cp         INSTALLED	INTEL32::LINUX	null
localhost 	touch 		/bin/touch      INSTALLED	INTEL32::LINUX	null
localhost	wc		/usr/bin/wc	INSTALLED	INTEL32::LINUX	null
localhost	sh		/bin/sh		INSTALLED	INTEL32::LINUX	null
localhost	sleep		/bin/sleep	INSTALLED	INTEL32::LINUX	null
localhost	tr		/usr/bin/tr	INSTALLED	INTEL32::LINUX	null
localhost	scott.sh	/Users/scottkrieder/swift/examples/swift/tutorial/scott.sh	INTSALLED	INTEL32::LINUX	null


2012-05-30 13:23:58,067-0500 DEBUG textfiles END TC:
2012-05-30 13:23:58,071-0500 WARN  File On line 24in File /usr/local/swift/bin/../etc/tc.data

java.lang.IllegalStateException: Error : Illegal TCType defined. Please specify one of the predefined types 
 [INSTALLED, SOURCE, STATIC_BINARY, DYNAMIC_BINARY, PACMAN_PACKAGE, SCRIPT]
	at org.globus.swift.catalog.types.TCType.fromValue(TCType.java:73)
	at org.globus.swift.catalog.types.TCType.fromString(TCType.java:85)
	at org.globus.swift.catalog.transformation.File.populateTC(File.java:1085)
	at org.globus.swift.catalog.transformation.File.populateTC(File.java:1034)
	at org.globus.swift.catalog.transformation.File.<init>(File.java:149)
	at org.globus.swift.catalog.transformation.File.getNonSingletonInstance(File.java:116)
	at org.griphyn.vdl.karajan.lib.VDLFunction.getTC(VDLFunction.java:492)
	at org.griphyn.vdl.karajan.lib.Executable.function(Executable.java:24)
	at org.griphyn.vdl.karajan.lib.VDLFunction.post(VDLFunction.java:62)
	at org.globus.cog.karajan.workflow.nodes.AbstractSequentialWithArguments.completed(AbstractSequentialWithArguments.java:194)
	at org.globus.cog.karajan.workflow.nodes.FlowNode.complete(FlowNode.java:214)
	at org.globus.cog.karajan.workflow.nodes.FlowContainer.post(FlowContainer.java:58)
	at org.globus.cog.karajan.workflow.nodes.functions.AbstractFunction.post(AbstractFunction.java:28)
	at org.globus.cog.karajan.workflow.nodes.Sequential.startNext(Sequential.java:29)
	at org.globus.cog.karajan.workflow.nodes.Sequential.executeChildren(Sequential.java:20)
	at org.globus.cog.karajan.workflow.nodes.FlowContainer.execute(FlowContainer.java:63)
	at org.globus.cog.karajan.workflow.nodes.FlowNode.restart(FlowNode.java:139)
	at org.globus.cog.karajan.workflow.nodes.FlowNode.start(FlowNode.java:197)
	at org.globus.cog.karajan.workflow.FlowElementWrapper.start(FlowElementWrapper.java:227)
	at org.globus.cog.karajan.workflow.events.EventBus.start(EventBus.java:104)
	at org.globus.cog.karajan.workflow.events.EventTargetPair.run(EventTargetPair.java:40)
	at java.util.concurrent.Executors$RunnableAdapter.call(Executors.java:471)
	at java.util.concurrent.FutureTask$Sync.innerRun(FutureTask.java:334)
	at java.util.concurrent.FutureTask.run(FutureTask.java:166)
	at java.util.concurrent.ThreadPoolExecutor.runWorker(ThreadPoolExecutor.java:1110)
	at java.util.concurrent.ThreadPoolExecutor$Worker.run(ThreadPoolExecutor.java:603)
	at java.lang.Thread.run(Thread.java:722)
2012-05-30 13:23:58,080-0500 INFO  GridExec TASK_DEFINITION: Task(type=JOB_SUBMISSION, identity=urn:0-1-0-1-1-1338402236911) is /bin/bash shared/_swiftwrap sh-g5oiq2sk -jobdir g -scratch  -e /bin/sh -out _concurrent/c-a6c9405f-a858-4be4-a55b-443dfcc11a20-1-0 -err stderr.txt -i -d _concurrent -if scott3a.sh -of _concurrent/c-a6c9405f-a858-4be4-a55b-443dfcc11a20-1-0 -k  -cdmfile  -status files -a scott3a.sh
2012-05-30 13:23:58,088-0500 INFO  JobSubmissionTaskHandler Submit: in: /var/tmp/foreach-20120530-1323-onq4dbf9 command: /bin/bash /var/tmp/foreach-20120530-1323-onq4dbf9/shared/_swiftwrap sh-g5oiq2sk -jobdir g -scratch  -e /bin/sh -out _concurrent/c-a6c9405f-a858-4be4-a55b-443dfcc11a20-1-0 -err stderr.txt -i -d _concurrent -if scott3a.sh -of _concurrent/c-a6c9405f-a858-4be4-a55b-443dfcc11a20-1-0 -k  -cdmfile  -status files -a scott3a.sh
2012-05-30 13:23:58,464-0500 INFO  LateBindingScheduler JobQueue: 2
2012-05-30 13:23:58,470-0500 DEBUG vdl:checkjobstatus START jobid=sh-g5oiq2sk
2012-05-30 13:23:58,473-0500 INFO  LateBindingScheduler JobQueue: 2
2012-05-30 13:23:58,475-0500 INFO  vdl:checkjobstatus SUCCESS jobid=sh-g5oiq2sk - Success file found
2012-05-30 13:23:58,478-0500 DEBUG vdl:execute2 STAGING_OUT jobid=sh-g5oiq2sk
2012-05-30 13:23:58,481-0500 INFO  vdl:dostageout START jobid=sh-g5oiq2sk - Staging out files
2012-05-30 13:23:58,482-0500 DEBUG vdl:dostageout stageouts: [[$, c:countfile - Open]]
2012-05-30 13:23:58,501-0500 DEBUG vdl:dostageout FILE_STAGE_OUT_START srcname=c-a6c9405f-a858-4be4-a55b-443dfcc11a20-1-0 srcdir=foreach-20120530-1323-onq4dbf9/shared/_concurrent srchost=localhost destdir=_concurrent desthost=localhost provider=file
2012-05-30 13:23:58,503-0500 INFO  LateBindingScheduler JobQueue: 2
2012-05-30 13:23:58,515-0500 INFO  LateBindingScheduler JobQueue: 2
2012-05-30 13:23:58,517-0500 DEBUG vdl:dostageout FILE_STAGE_OUT_END srcname=c-a6c9405f-a858-4be4-a55b-443dfcc11a20-1-0 srcdir=foreach-20120530-1323-onq4dbf9/shared/_concurrent srchost=localhost destdir=_concurrent desthost=localhost provider=file
2012-05-30 13:23:58,521-0500 INFO  LateBindingScheduler JobQueue: 2
2012-05-30 13:23:58,529-0500 INFO  vdl:dostageout END jobid=sh-g5oiq2sk - Staging out finished
2012-05-30 13:23:58,540-0500 DEBUG vdl:execute2 JOB_END jobid=sh-g5oiq2sk
2012-05-30 13:23:58,543-0500 INFO  vdl:execute END_SUCCESS thread=0-1-0-1 tr=sh
2012-05-30 13:23:58,545-0500 DEBUG countwords PROCEDURE_END line=4
2012-05-30 13:23:58,548-0500 DEBUG vdl:mains FOREACH_IT_END line=12 thread=0-1-0
2012-05-30 13:23:59,022-0500 INFO  WeightedHostScoreScheduler CONTACT_SELECTED host=localhost, score=1.995
2012-05-30 13:23:59,029-0500 DEBUG vdl:execute2 THREAD_ASSOCIATION jobid=sh-h5oiq2sk thread=0-1-1-1-1 host=localhost replicationGroup=f5oiq2sk
2012-05-30 13:23:59,038-0500 INFO  vdl:createdirset START jobid=sh-h5oiq2sk host=localhost - Initializing directory structure
2012-05-30 13:23:59,040-0500 INFO  vdl:createdirset END jobid=sh-h5oiq2sk - Done initializing directory structure
2012-05-30 13:23:59,042-0500 INFO  vdl:dostagein START jobid=sh-h5oiq2sk - Staging in files
2012-05-30 13:23:59,049-0500 INFO  LateBindingScheduler JobQueue: 1
2012-05-30 13:23:59,050-0500 DEBUG vdl:dostagein CDM: file://localhost/scott3b.sh : DEFAULT
2012-05-30 13:23:59,054-0500 DEBUG vdl:dostageinfile FILE_STAGE_IN_START file=scott3b.sh srchost=localhost srcdir= srcname=scott3b.sh desthost=localhost destdir=foreach-20120530-1323-onq4dbf9/shared/ provider=file policy=DEFAULT
2012-05-30 13:23:59,059-0500 INFO  LateBindingScheduler JobQueue: 1
2012-05-30 13:23:59,061-0500 DEBUG vdl:dostageinfile FILE_STAGE_IN_END file=scott3b.sh srchost=localhost srcdir= srcname=scott3b.sh desthost=localhost destdir=foreach-20120530-1323-onq4dbf9/shared/ provider=file
2012-05-30 13:23:59,062-0500 INFO  vdl:dostagein END jobid=sh-h5oiq2sk - Staging in finished
2012-05-30 13:23:59,064-0500 DEBUG vdl:execute2 JOB_START jobid=sh-h5oiq2sk tr=sh arguments=[scott3b.sh] tmpdir=foreach-20120530-1323-onq4dbf9/jobs/h/sh-h5oiq2sk host=localhost
2012-05-30 13:23:59,076-0500 INFO  GridExec TASK_DEFINITION: Task(type=JOB_SUBMISSION, identity=urn:0-1-1-1-1-1338402236927) is /bin/bash shared/_swiftwrap sh-h5oiq2sk -jobdir h -scratch  -e /bin/sh -out _concurrent/c-a6c9405f-a858-4be4-a55b-443dfcc11a20-1-1 -err stderr.txt -i -d _concurrent -if scott3b.sh -of _concurrent/c-a6c9405f-a858-4be4-a55b-443dfcc11a20-1-1 -k  -cdmfile  -status files -a scott3b.sh
2012-05-30 13:23:59,076-0500 INFO  JobSubmissionTaskHandler Submit: in: /var/tmp/foreach-20120530-1323-onq4dbf9 command: /bin/bash /var/tmp/foreach-20120530-1323-onq4dbf9/shared/_swiftwrap sh-h5oiq2sk -jobdir h -scratch  -e /bin/sh -out _concurrent/c-a6c9405f-a858-4be4-a55b-443dfcc11a20-1-1 -err stderr.txt -i -d _concurrent -if scott3b.sh -of _concurrent/c-a6c9405f-a858-4be4-a55b-443dfcc11a20-1-1 -k  -cdmfile  -status files -a scott3b.sh
2012-05-30 13:23:59,423-0500 INFO  LateBindingScheduler JobQueue: 1
2012-05-30 13:23:59,426-0500 DEBUG vdl:checkjobstatus START jobid=sh-h5oiq2sk
2012-05-30 13:23:59,429-0500 INFO  LateBindingScheduler JobQueue: 1
2012-05-30 13:23:59,430-0500 INFO  vdl:checkjobstatus SUCCESS jobid=sh-h5oiq2sk - Success file found
2012-05-30 13:23:59,431-0500 DEBUG vdl:execute2 STAGING_OUT jobid=sh-h5oiq2sk
2012-05-30 13:23:59,433-0500 INFO  vdl:dostageout START jobid=sh-h5oiq2sk - Staging out files
2012-05-30 13:23:59,434-0500 DEBUG vdl:dostageout stageouts: [[$, c:countfile - Open]]
2012-05-30 13:23:59,442-0500 DEBUG vdl:dostageout FILE_STAGE_OUT_START srcname=c-a6c9405f-a858-4be4-a55b-443dfcc11a20-1-1 srcdir=foreach-20120530-1323-onq4dbf9/shared/_concurrent srchost=localhost destdir=_concurrent desthost=localhost provider=file
2012-05-30 13:23:59,444-0500 INFO  LateBindingScheduler JobQueue: 1
2012-05-30 13:23:59,450-0500 INFO  LateBindingScheduler JobQueue: 1
2012-05-30 13:23:59,451-0500 DEBUG vdl:dostageout FILE_STAGE_OUT_END srcname=c-a6c9405f-a858-4be4-a55b-443dfcc11a20-1-1 srcdir=foreach-20120530-1323-onq4dbf9/shared/_concurrent srchost=localhost destdir=_concurrent desthost=localhost provider=file
2012-05-30 13:23:59,454-0500 INFO  LateBindingScheduler JobQueue: 1
2012-05-30 13:23:59,458-0500 INFO  vdl:dostageout END jobid=sh-h5oiq2sk - Staging out finished
2012-05-30 13:23:59,463-0500 DEBUG vdl:execute2 JOB_END jobid=sh-h5oiq2sk
2012-05-30 13:23:59,464-0500 INFO  vdl:execute END_SUCCESS thread=0-1-1-1 tr=sh
2012-05-30 13:23:59,466-0500 DEBUG countwords PROCEDURE_END line=4
2012-05-30 13:23:59,468-0500 DEBUG vdl:mains FOREACH_IT_END line=12 thread=0-1-1
2012-05-30 13:23:59,955-0500 INFO  WeightedHostScoreScheduler CONTACT_SELECTED host=localhost, score=2.615
2012-05-30 13:23:59,966-0500 DEBUG vdl:execute2 THREAD_ASSOCIATION jobid=sh-i5oiq2sk thread=0-1-2-1-1 host=localhost replicationGroup=d5oiq2sk
2012-05-30 13:23:59,984-0500 INFO  vdl:createdirset START jobid=sh-i5oiq2sk host=localhost - Initializing directory structure
2012-05-30 13:23:59,989-0500 INFO  vdl:createdirset END jobid=sh-i5oiq2sk - Done initializing directory structure
2012-05-30 13:23:59,992-0500 INFO  vdl:dostagein START jobid=sh-i5oiq2sk - Staging in files
2012-05-30 13:24:00,007-0500 INFO  LateBindingScheduler JobQueue: 0
2012-05-30 13:24:00,009-0500 DEBUG vdl:dostagein CDM: file://localhost/scott3c.sh : DEFAULT
2012-05-30 13:24:00,014-0500 DEBUG vdl:dostageinfile FILE_STAGE_IN_START file=scott3c.sh srchost=localhost srcdir= srcname=scott3c.sh desthost=localhost destdir=foreach-20120530-1323-onq4dbf9/shared/ provider=file policy=DEFAULT
2012-05-30 13:24:00,020-0500 INFO  LateBindingScheduler JobQueue: 0
2012-05-30 13:24:00,022-0500 DEBUG vdl:dostageinfile FILE_STAGE_IN_END file=scott3c.sh srchost=localhost srcdir= srcname=scott3c.sh desthost=localhost destdir=foreach-20120530-1323-onq4dbf9/shared/ provider=file
2012-05-30 13:24:00,024-0500 INFO  vdl:dostagein END jobid=sh-i5oiq2sk - Staging in finished
2012-05-30 13:24:00,027-0500 DEBUG vdl:execute2 JOB_START jobid=sh-i5oiq2sk tr=sh arguments=[scott3c.sh] tmpdir=foreach-20120530-1323-onq4dbf9/jobs/i/sh-i5oiq2sk host=localhost
2012-05-30 13:24:00,040-0500 INFO  GridExec TASK_DEFINITION: Task(type=JOB_SUBMISSION, identity=urn:0-1-2-1-1-1338402236943) is /bin/bash shared/_swiftwrap sh-i5oiq2sk -jobdir i -scratch  -e /bin/sh -out _concurrent/c-a6c9405f-a858-4be4-a55b-443dfcc11a20-1-2 -err stderr.txt -i -d _concurrent -if scott3c.sh -of _concurrent/c-a6c9405f-a858-4be4-a55b-443dfcc11a20-1-2 -k  -cdmfile  -status files -a scott3c.sh
2012-05-30 13:24:00,041-0500 INFO  JobSubmissionTaskHandler Submit: in: /var/tmp/foreach-20120530-1323-onq4dbf9 command: /bin/bash /var/tmp/foreach-20120530-1323-onq4dbf9/shared/_swiftwrap sh-i5oiq2sk -jobdir i -scratch  -e /bin/sh -out _concurrent/c-a6c9405f-a858-4be4-a55b-443dfcc11a20-1-2 -err stderr.txt -i -d _concurrent -if scott3c.sh -of _concurrent/c-a6c9405f-a858-4be4-a55b-443dfcc11a20-1-2 -k  -cdmfile  -status files -a scott3c.sh
2012-05-30 13:24:15,959-0500 INFO  LateBindingScheduler JobQueue: 0
2012-05-30 13:24:15,964-0500 DEBUG vdl:checkjobstatus START jobid=sh-i5oiq2sk
2012-05-30 13:24:15,976-0500 INFO  LateBindingScheduler JobQueue: 0
2012-05-30 13:24:15,978-0500 INFO  vdl:checkerrorfile FAILURE jobid=sh-i5oiq2sk - Failure file found
2012-05-30 13:24:15,983-0500 INFO  LateBindingScheduler JobQueue: 0
2012-05-30 13:24:15,989-0500 INFO  LateBindingScheduler JobQueue: 0
2012-05-30 13:24:15,992-0500 INFO  LateBindingScheduler JobQueue: 0
2012-05-30 13:24:15,995-0500 DEBUG vdl:execute2 STAGING_OUT jobid=sh-i5oiq2sk
2012-05-30 13:24:15,998-0500 INFO  vdl:dostageout START jobid=sh-i5oiq2sk - Staging out files
2012-05-30 13:24:15,999-0500 DEBUG vdl:dostageout stageouts: [[$, c:countfile - Open]]
2012-05-30 13:24:16,009-0500 DEBUG vdl:dostageout FILE_STAGE_OUT_START srcname=c-a6c9405f-a858-4be4-a55b-443dfcc11a20-1-2 srcdir=foreach-20120530-1323-onq4dbf9/shared/_concurrent srchost=localhost destdir=_concurrent desthost=localhost provider=file
2012-05-30 13:24:16,012-0500 INFO  LateBindingScheduler JobQueue: 0
2012-05-30 13:24:16,042-0500 INFO  LateBindingScheduler JobQueue: 0
2012-05-30 13:24:16,044-0500 INFO  vdl:checkerrorfile NO_STATUS_FILE jobid=sh-i5oiq2sk - Error file missing
2012-05-30 13:24:16,050-0500 DEBUG vdl:execute2 APPLICATION_EXCEPTION jobid=sh-i5oiq2sk - Application exception: null
Caused by: org.globus.cog.abstraction.impl.file.FileNotFoundException: File not found: /var/tmp/foreach-20120530-1323-onq4dbf9/shared/_concurrent/c-a6c9405f-a858-4be4-a55b-443dfcc11a20-1-2
2012-05-30 13:24:16,073-0500 INFO  LateBindingScheduler JobQueue: 0
2012-05-30 13:24:16,080-0500 INFO  LateBindingScheduler JobQueue: 0
2012-05-30 13:24:16,106-0500 INFO  LateBindingScheduler JobQueue: 0
2012-05-30 13:24:16,129-0500 INFO  WeightedHostScoreScheduler CONTACT_SELECTED host=localhost, score=0.000
2012-05-30 13:24:16,135-0500 DEBUG vdl:execute2 THREAD_ASSOCIATION jobid=sh-k5oiq2sk thread=0-1-2-1-1 host=localhost replicationGroup=j5oiq2sk
2012-05-30 13:24:16,144-0500 INFO  vdl:createdirset START jobid=sh-k5oiq2sk host=localhost - Initializing directory structure
2012-05-30 13:24:16,146-0500 INFO  vdl:createdirset END jobid=sh-k5oiq2sk - Done initializing directory structure
2012-05-30 13:24:16,148-0500 INFO  vdl:dostagein START jobid=sh-k5oiq2sk - Staging in files
2012-05-30 13:24:16,156-0500 INFO  LateBindingScheduler JobQueue: 0
2012-05-30 13:24:16,157-0500 DEBUG vdl:dostagein CDM: file://localhost/scott3c.sh : DEFAULT
2012-05-30 13:24:16,161-0500 INFO  vdl:dostagein END jobid=sh-k5oiq2sk - Staging in finished
2012-05-30 13:24:16,163-0500 DEBUG vdl:execute2 JOB_START jobid=sh-k5oiq2sk tr=sh arguments=[scott3c.sh] tmpdir=foreach-20120530-1323-onq4dbf9/jobs/k/sh-k5oiq2sk host=localhost
2012-05-30 13:24:16,175-0500 INFO  GridExec TASK_DEFINITION: Task(type=JOB_SUBMISSION, identity=urn:0-1-2-1-1-1338402236985) is /bin/bash shared/_swiftwrap sh-k5oiq2sk -jobdir k -scratch  -e /bin/sh -out _concurrent/c-a6c9405f-a858-4be4-a55b-443dfcc11a20-1-2 -err stderr.txt -i -d _concurrent -if scott3c.sh -of _concurrent/c-a6c9405f-a858-4be4-a55b-443dfcc11a20-1-2 -k  -cdmfile  -status files -a scott3c.sh
2012-05-30 13:24:16,177-0500 INFO  JobSubmissionTaskHandler Submit: in: /var/tmp/foreach-20120530-1323-onq4dbf9 command: /bin/bash /var/tmp/foreach-20120530-1323-onq4dbf9/shared/_swiftwrap sh-k5oiq2sk -jobdir k -scratch  -e /bin/sh -out _concurrent/c-a6c9405f-a858-4be4-a55b-443dfcc11a20-1-2 -err stderr.txt -i -d _concurrent -if scott3c.sh -of _concurrent/c-a6c9405f-a858-4be4-a55b-443dfcc11a20-1-2 -k  -cdmfile  -status files -a scott3c.sh
2012-05-30 13:24:16,545-0500 INFO  LateBindingScheduler JobQueue: 0
2012-05-30 13:24:16,549-0500 DEBUG vdl:checkjobstatus START jobid=sh-k5oiq2sk
2012-05-30 13:24:16,552-0500 INFO  LateBindingScheduler JobQueue: 0
2012-05-30 13:24:16,553-0500 INFO  vdl:checkjobstatus SUCCESS jobid=sh-k5oiq2sk - Success file found
2012-05-30 13:24:16,554-0500 DEBUG vdl:execute2 STAGING_OUT jobid=sh-k5oiq2sk
2012-05-30 13:24:16,556-0500 INFO  vdl:dostageout START jobid=sh-k5oiq2sk - Staging out files
2012-05-30 13:24:16,557-0500 DEBUG vdl:dostageout stageouts: [[$, c:countfile - Open]]
2012-05-30 13:24:16,564-0500 DEBUG vdl:dostageout FILE_STAGE_OUT_START srcname=c-a6c9405f-a858-4be4-a55b-443dfcc11a20-1-2 srcdir=foreach-20120530-1323-onq4dbf9/shared/_concurrent srchost=localhost destdir=_concurrent desthost=localhost provider=file
2012-05-30 13:24:16,567-0500 INFO  LateBindingScheduler JobQueue: 0
2012-05-30 13:24:16,574-0500 INFO  LateBindingScheduler JobQueue: 0
2012-05-30 13:24:16,575-0500 DEBUG vdl:dostageout FILE_STAGE_OUT_END srcname=c-a6c9405f-a858-4be4-a55b-443dfcc11a20-1-2 srcdir=foreach-20120530-1323-onq4dbf9/shared/_concurrent srchost=localhost destdir=_concurrent desthost=localhost provider=file
2012-05-30 13:24:16,578-0500 INFO  LateBindingScheduler JobQueue: 0
2012-05-30 13:24:16,582-0500 INFO  vdl:dostageout END jobid=sh-k5oiq2sk - Staging out finished
2012-05-30 13:24:16,586-0500 DEBUG vdl:execute2 JOB_END jobid=sh-k5oiq2sk
2012-05-30 13:24:16,588-0500 INFO  vdl:execute END_SUCCESS thread=0-1-2-1 tr=sh
2012-05-30 13:24:16,589-0500 DEBUG countwords PROCEDURE_END line=4
2012-05-30 13:24:16,593-0500 DEBUG vdl:mains FOREACH_IT_END line=12 thread=0-1-2
2012-05-30 13:24:16,612-0500 DEBUG vdl:mains Starting cleanups
2012-05-30 13:24:16,613-0500 INFO  vdl:cleanups START cleanups=[[foreach-20120530-1323-onq4dbf9, localhost]]
2012-05-30 13:24:16,615-0500 INFO  vdl:cleanup START dir=foreach-20120530-1323-onq4dbf9 host=localhost
2012-05-30 13:24:16,615-0500 DEBUG vdl:cleanup cdmfile 
2012-05-30 13:24:16,618-0500 INFO  GridExec TASK_DEFINITION: Task(type=JOB_SUBMISSION, identity=urn:0-1-1338402236996) is /bin/rm -rf foreach-20120530-1323-onq4dbf9
2012-05-30 13:24:16,619-0500 INFO  JobSubmissionTaskHandler Submit: in: /var/tmp command: /bin/rm -rf foreach-20120530-1323-onq4dbf9
2012-05-30 13:24:16,620-0500 INFO  LateBindingScheduler JobQueue: 0
2012-05-30 13:24:16,621-0500 INFO  vdl:cleanup END dir=foreach-20120530-1323-onq4dbf9 host=localhost
2012-05-30 13:24:16,622-0500 INFO  vdl:cleanups END cleanups=[[foreach-20120530-1323-onq4dbf9, localhost]]
2012-05-30 13:24:16,622-0500 DEBUG vdl:mains Ending cleanups
2012-05-30 13:24:16,624-0500 INFO  Loader Swift finished with no errors
