2012-05-30 13:21:37,621-0500 DEBUG Loader arguments: [/home/skrieder/swift/multi/foreach.swift]
2012-05-30 13:21:37,621-0500 DEBUG Loader Max heap: 252248064
2012-05-30 13:21:37,622-0500 DEBUG textfiles BEGIN SWIFTSCRIPT:
type messagefile; 
type countfile; 

app (countfile t) countwords (messagefile f) {   
     sh @filename(f) stdout=@filename(t);
}

string inputNames = "scott3a.sh scott3b.sh scott3c.sh";

messagefile inputfiles[] <fixed_array_mapper;files=inputNames>;

foreach f in inputfiles {
  countfile c;
  c = countwords(f);
}


2012-05-30 13:21:37,622-0500 DEBUG textfiles END SWIFTSCRIPT:
2012-05-30 13:21:37,623-0500 DEBUG Loader kmlversion is >239b8550-a5ff-44be-a124-5e7ecd70737d<
2012-05-30 13:21:37,623-0500 DEBUG Loader build version is >239b8550-a5ff-44be-a124-5e7ecd70737d<
2012-05-30 13:21:37,623-0500 DEBUG Loader Recompilation suppressed.
2012-05-30 13:21:37,770-0500 DEBUG textfiles using default sites file
2012-05-30 13:21:37,774-0500 INFO  VDL2ExecutionContext Stack dump:
Level 1
[iA = 0, iB = 0, bA = false, bB = false]
	vdl:instanceconfig = Swift configuration []
	vdl:operation = run
	swift.home = /usr/local/swift/bin/..
	PATH_SEPARATOR = /


2012-05-30 13:21:38,448-0500 INFO  unknown Using sites file: /usr/local/swift/bin/../etc/sites.xml
2012-05-30 13:21:38,495-0500 INFO  unknown Using tc.data: /usr/local/swift/bin/../etc/tc.data
2012-05-30 13:21:38,666-0500 WARN  File On line 24in File /usr/local/swift/bin/../etc/tc.data

java.lang.IllegalStateException: Error : Illegal TCType defined. Please specify one of the predefined types 
 [INSTALLED, SOURCE, STATIC_BINARY, DYNAMIC_BINARY, PACMAN_PACKAGE, SCRIPT]
	at org.globus.swift.catalog.types.TCType.fromValue(TCType.java:73)
	at org.globus.swift.catalog.types.TCType.fromString(TCType.java:85)
	at org.globus.swift.catalog.transformation.File.populateTC(File.java:1085)
	at org.globus.swift.catalog.transformation.File.populateTC(File.java:1034)
	at org.globus.swift.catalog.transformation.File.<init>(File.java:149)
	at org.globus.swift.catalog.transformation.File.getNonSingletonInstance(File.java:116)
	at org.griphyn.vdl.karajan.VDSAdaptiveScheduler.setProperty(VDSAdaptiveScheduler.java:71)
	at org.globus.cog.karajan.workflow.nodes.grid.SchedulerNode.newScheduler(SchedulerNode.java:104)
	at org.globus.cog.karajan.workflow.nodes.grid.SchedulerNode.post(SchedulerNode.java:63)
	at org.globus.cog.karajan.workflow.nodes.AbstractSequentialWithArguments.completed(AbstractSequentialWithArguments.java:194)
	at org.globus.cog.karajan.workflow.nodes.FlowNode.complete(FlowNode.java:214)
	at org.globus.cog.karajan.workflow.nodes.FlowContainer.post(FlowContainer.java:58)
	at org.globus.cog.karajan.workflow.nodes.AbstractSequentialWithArguments.completed(AbstractSequentialWithArguments.java:194)
	at org.globus.cog.karajan.workflow.nodes.user.UserDefinedElement.completed(UserDefinedElement.java:286)
	at org.globus.cog.karajan.workflow.nodes.user.SequentialImplicitExecutionUDE.completed(SequentialImplicitExecutionUDE.java:89)
	at org.globus.cog.karajan.workflow.nodes.FlowNode.complete(FlowNode.java:214)
	at org.globus.cog.karajan.workflow.nodes.FlowContainer.post(FlowContainer.java:58)
	at org.globus.cog.karajan.workflow.nodes.functions.AbstractFunction.post(AbstractFunction.java:28)
	at org.globus.cog.karajan.workflow.nodes.AbstractSequentialWithArguments.completed(AbstractSequentialWithArguments.java:194)
	at org.globus.cog.karajan.workflow.nodes.FlowNode.complete(FlowNode.java:214)
	at org.globus.cog.karajan.workflow.nodes.ExecuteFile.completed(ExecuteFile.java:158)
	at org.globus.cog.karajan.workflow.nodes.FlowNode.complete(FlowNode.java:214)
	at org.globus.cog.karajan.workflow.nodes.FlowContainer.post(FlowContainer.java:58)
	at org.globus.cog.karajan.workflow.nodes.Sequential.startNext(Sequential.java:29)
	at org.globus.cog.karajan.workflow.nodes.Sequential.completed(Sequential.java:24)
	at org.globus.cog.karajan.workflow.nodes.FlowNode.complete(FlowNode.java:214)
	at org.globus.cog.karajan.workflow.nodes.FlowContainer.post(FlowContainer.java:58)
	at org.globus.cog.karajan.workflow.nodes.AbstractSequentialWithArguments.completed(AbstractSequentialWithArguments.java:194)
	at org.globus.cog.karajan.workflow.nodes.user.UserDefinedElement.completed(UserDefinedElement.java:286)
	at org.globus.cog.karajan.workflow.nodes.user.SequentialImplicitExecutionUDE.completed(SequentialImplicitExecutionUDE.java:89)
	at org.globus.cog.karajan.workflow.nodes.FlowNode.complete(FlowNode.java:214)
	at org.globus.cog.karajan.workflow.nodes.FlowContainer.post(FlowContainer.java:58)
	at org.globus.cog.karajan.workflow.nodes.functions.AbstractFunction.post(AbstractFunction.java:28)
	at org.globus.cog.karajan.workflow.nodes.AbstractSequentialWithArguments.completed(AbstractSequentialWithArguments.java:194)
	at org.globus.cog.karajan.workflow.nodes.FlowNode.complete(FlowNode.java:214)
	at org.globus.cog.karajan.workflow.nodes.FlowContainer.post(FlowContainer.java:58)
	at org.globus.cog.karajan.workflow.nodes.AbstractSequentialWithArguments.completed(AbstractSequentialWithArguments.java:194)
	at org.globus.cog.karajan.workflow.nodes.PartialArgumentsContainer.nonArgChildCompleted(PartialArgumentsContainer.java:105)
	at org.globus.cog.karajan.workflow.nodes.PartialArgumentsContainer.completed(PartialArgumentsContainer.java:86)
	at org.globus.cog.karajan.workflow.nodes.FlowNode.complete(FlowNode.java:214)
	at org.globus.cog.karajan.workflow.nodes.Maybe.failed(Maybe.java:23)
	at org.globus.cog.karajan.workflow.nodes.FlowNode.failImmediately(FlowNode.java:89)
	at org.globus.cog.karajan.workflow.nodes.FlowNode.failed(FlowNode.java:245)
	at org.globus.cog.karajan.workflow.nodes.FlowNode.failImmediately(FlowNode.java:89)
	at org.globus.cog.karajan.workflow.nodes.FlowNode.restart(FlowNode.java:151)
	at org.globus.cog.karajan.workflow.nodes.FlowNode.start(FlowNode.java:197)
	at org.globus.cog.karajan.workflow.FlowElementWrapper.start(FlowElementWrapper.java:227)
	at org.globus.cog.karajan.workflow.events.EventBus.start(EventBus.java:104)
	at org.globus.cog.karajan.workflow.events.EventTargetPair.run(EventTargetPair.java:40)
	at java.util.concurrent.Executors$RunnableAdapter.call(Executors.java:471)
	at java.util.concurrent.FutureTask$Sync.innerRun(FutureTask.java:334)
	at java.util.concurrent.FutureTask.run(FutureTask.java:166)
	at java.util.concurrent.ThreadPoolExecutor.runWorker(ThreadPoolExecutor.java:1110)
	at java.util.concurrent.ThreadPoolExecutor$Worker.run(ThreadPoolExecutor.java:603)
	at java.lang.Thread.run(Thread.java:722)
2012-05-30 13:21:38,673-0500 INFO  AbstractScheduler Setting resources to: {localhost=localhost}
2012-05-30 13:21:39,331-0500 INFO  unknown Swift 0.93 swift-r5483 cog-r3339

2012-05-30 13:21:39,332-0500 INFO  unknown RUNID id=run:20120530-1321-h5lkx090
2012-05-30 13:21:39,383-0500 INFO  SetFieldValue Set: inputNames=scott3a.sh scott3b.sh scott3c.sh
2012-05-30 13:21:39,400-0500 INFO  RootDataNode Found data inputfiles:messagefile[] - Open.[0]
2012-05-30 13:21:39,400-0500 INFO  RootDataNode Found data inputfiles:messagefile[] - Open.[1]
2012-05-30 13:21:39,400-0500 INFO  RootDataNode Found data inputfiles:messagefile[] - Open.[2]
2012-05-30 13:21:39,403-0500 DEBUG vdl:mains FOREACH_IT_START line=12 thread=0-1-2
2012-05-30 13:21:39,404-0500 DEBUG vdl:mains FOREACH_IT_START line=12 thread=0-1-0
2012-05-30 13:21:39,404-0500 DEBUG vdl:mains FOREACH_IT_START line=12 thread=0-1-1
2012-05-30 13:21:39,404-0500 DEBUG vdl:mains SCOPE thread=0-1-2
2012-05-30 13:21:39,405-0500 DEBUG vdl:mains SCOPE thread=0-1-0
2012-05-30 13:21:39,405-0500 DEBUG vdl:mains SCOPE thread=0-1-1
2012-05-30 13:21:39,414-0500 DEBUG countwords PROCEDURE line=4 thread=0-1-0-1 name=countwords
2012-05-30 13:21:39,414-0500 DEBUG countwords PROCEDURE line=4 thread=0-1-2-1 name=countwords
2012-05-30 13:21:39,416-0500 DEBUG countwords PROCEDURE line=4 thread=0-1-1-1 name=countwords
2012-05-30 13:21:39,424-0500 INFO  vdl:execute START thread=0-1-2-1 tr=sh
2012-05-30 13:21:39,424-0500 INFO  vdl:execute START thread=0-1-0-1 tr=sh
2012-05-30 13:21:39,424-0500 INFO  vdl:execute START thread=0-1-1-1 tr=sh
2012-05-30 13:21:39,440-0500 INFO  WeightedHostScoreScheduler CONTACT_SELECTED host=localhost, score=1.000
2012-05-30 13:21:39,448-0500 INFO  GlobalSubmitQueue No global submit throttle set. Using default (1024)
2012-05-30 13:21:39,453-0500 INFO  LateBindingScheduler JobQueue: 2
2012-05-30 13:21:39,457-0500 INFO  LateBindingScheduler JobQueue: 2
2012-05-30 13:21:39,464-0500 INFO  vdl:initshareddir START host=localhost - Initializing shared directory
2012-05-30 13:21:39,468-0500 INFO  LateBindingScheduler JobQueue: 2
2012-05-30 13:21:39,491-0500 INFO  LateBindingScheduler JobQueue: 2
2012-05-30 13:21:39,497-0500 INFO  LateBindingScheduler JobQueue: 2
2012-05-30 13:21:39,500-0500 INFO  LateBindingScheduler JobQueue: 2
2012-05-30 13:21:39,507-0500 INFO  LateBindingScheduler JobQueue: 2
2012-05-30 13:21:39,514-0500 INFO  LateBindingScheduler JobQueue: 2
2012-05-30 13:21:39,516-0500 INFO  vdl:initshareddir END host=localhost - Done initializing shared directory
2012-05-30 13:21:39,520-0500 DEBUG vdl:execute2 THREAD_ASSOCIATION jobid=sh-95gfq2sk thread=0-1-2-1-1 host=localhost replicationGroup=75gfq2sk
2012-05-30 13:21:39,543-0500 INFO  vdl:createdirset START jobid=sh-95gfq2sk host=localhost - Initializing directory structure
2012-05-30 13:21:39,551-0500 INFO  vdl:createdirs START path=_concurrent dir=foreach-20120530-1321-h5lkx090/shared - Creating directory structure
2012-05-30 13:21:39,554-0500 INFO  LateBindingScheduler JobQueue: 2
2012-05-30 13:21:39,555-0500 INFO  vdl:createdirset END jobid=sh-95gfq2sk - Done initializing directory structure
2012-05-30 13:21:39,558-0500 INFO  vdl:dostagein START jobid=sh-95gfq2sk - Staging in files
2012-05-30 13:21:39,584-0500 INFO  LateBindingScheduler JobQueue: 2
2012-05-30 13:21:39,597-0500 DEBUG vdl:dostagein CDM: file://localhost/scott3c.sh : DEFAULT
2012-05-30 13:21:39,612-0500 DEBUG vdl:dostageinfile FILE_STAGE_IN_START file=scott3c.sh srchost=localhost srcdir= srcname=scott3c.sh desthost=localhost destdir=foreach-20120530-1321-h5lkx090/shared/ provider=file policy=DEFAULT
2012-05-30 13:21:39,621-0500 INFO  LateBindingScheduler JobQueue: 2
2012-05-30 13:21:39,623-0500 DEBUG vdl:dostageinfile FILE_STAGE_IN_END file=scott3c.sh srchost=localhost srcdir= srcname=scott3c.sh desthost=localhost destdir=foreach-20120530-1321-h5lkx090/shared/ provider=file
2012-05-30 13:21:39,625-0500 INFO  vdl:dostagein END jobid=sh-95gfq2sk - Staging in finished
2012-05-30 13:21:39,630-0500 DEBUG vdl:execute2 JOB_START jobid=sh-95gfq2sk tr=sh arguments=[scott3c.sh] tmpdir=foreach-20120530-1321-h5lkx090/jobs/9/sh-95gfq2sk host=localhost
2012-05-30 13:21:39,643-0500 DEBUG textfiles BEGIN TC:
#This is the transformation catalog.
#
#It comes pre-configured with a number of simple transformations with
#paths that are likely to work on a linux box. However, on some systems,
#the paths to these executables will be different (for example, sometimes
#some of these programs are found in /usr/bin rather than in /bin)
#
#NOTE WELL: fields in this file must be separated by tabs, not spaces; and
#there must be no trailing whitespace at the end of each line.
#
# sitename  transformation  path   INSTALLED  platform  profiles
localhost 	echo 		/bin/echo	INSTALLED	INTEL32::LINUX	null
localhost 	cat 		/bin/cat	INSTALLED	INTEL32::LINUX	null
localhost 	ls 		/bin/ls		INSTALLED	INTEL32::LINUX	null
localhost 	grep 		/bin/grep	INSTALLED	INTEL32::LINUX	null
localhost 	sort 		/bin/sort	INSTALLED	INTEL32::LINUX	null
localhost 	paste 		/bin/paste	INSTALLED	INTEL32::LINUX	null
localhost 	cp 		/bin/cp         INSTALLED	INTEL32::LINUX	null
localhost 	touch 		/bin/touch      INSTALLED	INTEL32::LINUX	null
localhost	wc		/usr/bin/wc	INSTALLED	INTEL32::LINUX	null
localhost	sh		/bin/sh		INSTALLED	INTEL32::LINUX	null
localhost	sleep		/bin/sleep	INSTALLED	INTEL32::LINUX	null
localhost	tr		/usr/bin/tr	INSTALLED	INTEL32::LINUX	null
localhost	scott.sh	/Users/scottkrieder/swift/examples/swift/tutorial/scott.sh	INTSALLED	INTEL32::LINUX	null


2012-05-30 13:21:39,643-0500 DEBUG textfiles END TC:
2012-05-30 13:21:39,651-0500 WARN  File On line 24in File /usr/local/swift/bin/../etc/tc.data

java.lang.IllegalStateException: Error : Illegal TCType defined. Please specify one of the predefined types 
 [INSTALLED, SOURCE, STATIC_BINARY, DYNAMIC_BINARY, PACMAN_PACKAGE, SCRIPT]
	at org.globus.swift.catalog.types.TCType.fromValue(TCType.java:73)
	at org.globus.swift.catalog.types.TCType.fromString(TCType.java:85)
	at org.globus.swift.catalog.transformation.File.populateTC(File.java:1085)
	at org.globus.swift.catalog.transformation.File.populateTC(File.java:1034)
	at org.globus.swift.catalog.transformation.File.<init>(File.java:149)
	at org.globus.swift.catalog.transformation.File.getNonSingletonInstance(File.java:116)
	at org.griphyn.vdl.karajan.lib.VDLFunction.getTC(VDLFunction.java:492)
	at org.griphyn.vdl.karajan.lib.Executable.function(Executable.java:24)
	at org.griphyn.vdl.karajan.lib.VDLFunction.post(VDLFunction.java:62)
	at org.globus.cog.karajan.workflow.nodes.AbstractSequentialWithArguments.completed(AbstractSequentialWithArguments.java:194)
	at org.globus.cog.karajan.workflow.nodes.FlowNode.complete(FlowNode.java:214)
	at org.globus.cog.karajan.workflow.nodes.FlowContainer.post(FlowContainer.java:58)
	at org.globus.cog.karajan.workflow.nodes.functions.AbstractFunction.post(AbstractFunction.java:28)
	at org.globus.cog.karajan.workflow.nodes.Sequential.startNext(Sequential.java:29)
	at org.globus.cog.karajan.workflow.nodes.Sequential.executeChildren(Sequential.java:20)
	at org.globus.cog.karajan.workflow.nodes.FlowContainer.execute(FlowContainer.java:63)
	at org.globus.cog.karajan.workflow.nodes.FlowNode.restart(FlowNode.java:139)
	at org.globus.cog.karajan.workflow.nodes.FlowNode.start(FlowNode.java:197)
	at org.globus.cog.karajan.workflow.FlowElementWrapper.start(FlowElementWrapper.java:227)
	at org.globus.cog.karajan.workflow.events.EventBus.start(EventBus.java:104)
	at org.globus.cog.karajan.workflow.events.EventTargetPair.run(EventTargetPair.java:40)
	at java.util.concurrent.Executors$RunnableAdapter.call(Executors.java:471)
	at java.util.concurrent.FutureTask$Sync.innerRun(FutureTask.java:334)
	at java.util.concurrent.FutureTask.run(FutureTask.java:166)
	at java.util.concurrent.ThreadPoolExecutor.runWorker(ThreadPoolExecutor.java:1110)
	at java.util.concurrent.ThreadPoolExecutor$Worker.run(ThreadPoolExecutor.java:603)
	at java.lang.Thread.run(Thread.java:722)
2012-05-30 13:21:39,681-0500 INFO  GridExec TASK_DEFINITION: Task(type=JOB_SUBMISSION, identity=urn:0-1-2-1-1-1338402098484) is /bin/bash shared/_swiftwrap sh-95gfq2sk -jobdir 9 -scratch  -e /bin/sh -out _concurrent/c-a6c9405f-a858-4be4-a55b-443dfcc11a20-1-2 -err stderr.txt -i -d _concurrent -if scott3c.sh -of _concurrent/c-a6c9405f-a858-4be4-a55b-443dfcc11a20-1-2 -k  -cdmfile  -status files -a scott3c.sh
2012-05-30 13:21:39,697-0500 INFO  JobSubmissionTaskHandler Submit: in: /var/tmp/foreach-20120530-1321-h5lkx090 command: /bin/bash /var/tmp/foreach-20120530-1321-h5lkx090/shared/_swiftwrap sh-95gfq2sk -jobdir 9 -scratch  -e /bin/sh -out _concurrent/c-a6c9405f-a858-4be4-a55b-443dfcc11a20-1-2 -err stderr.txt -i -d _concurrent -if scott3c.sh -of _concurrent/c-a6c9405f-a858-4be4-a55b-443dfcc11a20-1-2 -k  -cdmfile  -status files -a scott3c.sh
2012-05-30 13:21:40,073-0500 INFO  LateBindingScheduler JobQueue: 2
2012-05-30 13:21:40,079-0500 DEBUG vdl:checkjobstatus START jobid=sh-95gfq2sk
2012-05-30 13:21:40,083-0500 INFO  LateBindingScheduler JobQueue: 2
2012-05-30 13:21:40,084-0500 INFO  vdl:checkjobstatus SUCCESS jobid=sh-95gfq2sk - Success file found
2012-05-30 13:21:40,087-0500 DEBUG vdl:execute2 STAGING_OUT jobid=sh-95gfq2sk
2012-05-30 13:21:40,091-0500 INFO  vdl:dostageout START jobid=sh-95gfq2sk - Staging out files
2012-05-30 13:21:40,092-0500 DEBUG vdl:dostageout stageouts: [[$, c:countfile - Open]]
2012-05-30 13:21:40,111-0500 DEBUG vdl:dostageout FILE_STAGE_OUT_START srcname=c-a6c9405f-a858-4be4-a55b-443dfcc11a20-1-2 srcdir=foreach-20120530-1321-h5lkx090/shared/_concurrent srchost=localhost destdir=_concurrent desthost=localhost provider=file
2012-05-30 13:21:40,114-0500 INFO  LateBindingScheduler JobQueue: 2
2012-05-30 13:21:40,125-0500 INFO  LateBindingScheduler JobQueue: 2
2012-05-30 13:21:40,127-0500 DEBUG vdl:dostageout FILE_STAGE_OUT_END srcname=c-a6c9405f-a858-4be4-a55b-443dfcc11a20-1-2 srcdir=foreach-20120530-1321-h5lkx090/shared/_concurrent srchost=localhost destdir=_concurrent desthost=localhost provider=file
2012-05-30 13:21:40,131-0500 INFO  LateBindingScheduler JobQueue: 2
2012-05-30 13:21:40,137-0500 INFO  vdl:dostageout END jobid=sh-95gfq2sk - Staging out finished
2012-05-30 13:21:40,139-0500 DEBUG vdl:execute2 JOB_END jobid=sh-95gfq2sk
2012-05-30 13:21:40,140-0500 INFO  vdl:execute END_SUCCESS thread=0-1-2-1 tr=sh
2012-05-30 13:21:40,140-0500 DEBUG countwords PROCEDURE_END line=4
2012-05-30 13:21:40,141-0500 DEBUG vdl:mains FOREACH_IT_END line=12 thread=0-1-2
2012-05-30 13:21:40,632-0500 INFO  WeightedHostScoreScheduler CONTACT_SELECTED host=localhost, score=1.995
2012-05-30 13:21:40,639-0500 DEBUG vdl:execute2 THREAD_ASSOCIATION jobid=sh-a5gfq2sk thread=0-1-1-1-1 host=localhost replicationGroup=65gfq2sk
2012-05-30 13:21:40,649-0500 INFO  vdl:createdirset START jobid=sh-a5gfq2sk host=localhost - Initializing directory structure
2012-05-30 13:21:40,652-0500 INFO  vdl:createdirset END jobid=sh-a5gfq2sk - Done initializing directory structure
2012-05-30 13:21:40,654-0500 INFO  vdl:dostagein START jobid=sh-a5gfq2sk - Staging in files
2012-05-30 13:21:40,661-0500 INFO  LateBindingScheduler JobQueue: 1
2012-05-30 13:21:40,663-0500 DEBUG vdl:dostagein CDM: file://localhost/scott3b.sh : DEFAULT
2012-05-30 13:21:40,668-0500 DEBUG vdl:dostageinfile FILE_STAGE_IN_START file=scott3b.sh srchost=localhost srcdir= srcname=scott3b.sh desthost=localhost destdir=foreach-20120530-1321-h5lkx090/shared/ provider=file policy=DEFAULT
2012-05-30 13:21:40,673-0500 INFO  LateBindingScheduler JobQueue: 1
2012-05-30 13:21:40,674-0500 DEBUG vdl:dostageinfile FILE_STAGE_IN_END file=scott3b.sh srchost=localhost srcdir= srcname=scott3b.sh desthost=localhost destdir=foreach-20120530-1321-h5lkx090/shared/ provider=file
2012-05-30 13:21:40,675-0500 INFO  vdl:dostagein END jobid=sh-a5gfq2sk - Staging in finished
2012-05-30 13:21:40,677-0500 DEBUG vdl:execute2 JOB_START jobid=sh-a5gfq2sk tr=sh arguments=[scott3b.sh] tmpdir=foreach-20120530-1321-h5lkx090/jobs/a/sh-a5gfq2sk host=localhost
2012-05-30 13:21:40,688-0500 INFO  GridExec TASK_DEFINITION: Task(type=JOB_SUBMISSION, identity=urn:0-1-1-1-1-1338402098500) is /bin/bash shared/_swiftwrap sh-a5gfq2sk -jobdir a -scratch  -e /bin/sh -out _concurrent/c-a6c9405f-a858-4be4-a55b-443dfcc11a20-1-1 -err stderr.txt -i -d _concurrent -if scott3b.sh -of _concurrent/c-a6c9405f-a858-4be4-a55b-443dfcc11a20-1-1 -k  -cdmfile  -status files -a scott3b.sh
2012-05-30 13:21:40,688-0500 INFO  JobSubmissionTaskHandler Submit: in: /var/tmp/foreach-20120530-1321-h5lkx090 command: /bin/bash /var/tmp/foreach-20120530-1321-h5lkx090/shared/_swiftwrap sh-a5gfq2sk -jobdir a -scratch  -e /bin/sh -out _concurrent/c-a6c9405f-a858-4be4-a55b-443dfcc11a20-1-1 -err stderr.txt -i -d _concurrent -if scott3b.sh -of _concurrent/c-a6c9405f-a858-4be4-a55b-443dfcc11a20-1-1 -k  -cdmfile  -status files -a scott3b.sh
2012-05-30 13:21:41,036-0500 INFO  LateBindingScheduler JobQueue: 1
2012-05-30 13:21:41,039-0500 DEBUG vdl:checkjobstatus START jobid=sh-a5gfq2sk
2012-05-30 13:21:41,042-0500 INFO  LateBindingScheduler JobQueue: 1
2012-05-30 13:21:41,043-0500 INFO  vdl:checkjobstatus SUCCESS jobid=sh-a5gfq2sk - Success file found
2012-05-30 13:21:41,044-0500 DEBUG vdl:execute2 STAGING_OUT jobid=sh-a5gfq2sk
2012-05-30 13:21:41,046-0500 INFO  vdl:dostageout START jobid=sh-a5gfq2sk - Staging out files
2012-05-30 13:21:41,047-0500 DEBUG vdl:dostageout stageouts: [[$, c:countfile - Open]]
2012-05-30 13:21:41,055-0500 DEBUG vdl:dostageout FILE_STAGE_OUT_START srcname=c-a6c9405f-a858-4be4-a55b-443dfcc11a20-1-1 srcdir=foreach-20120530-1321-h5lkx090/shared/_concurrent srchost=localhost destdir=_concurrent desthost=localhost provider=file
2012-05-30 13:21:41,057-0500 INFO  LateBindingScheduler JobQueue: 1
2012-05-30 13:21:41,064-0500 INFO  LateBindingScheduler JobQueue: 1
2012-05-30 13:21:41,065-0500 DEBUG vdl:dostageout FILE_STAGE_OUT_END srcname=c-a6c9405f-a858-4be4-a55b-443dfcc11a20-1-1 srcdir=foreach-20120530-1321-h5lkx090/shared/_concurrent srchost=localhost destdir=_concurrent desthost=localhost provider=file
2012-05-30 13:21:41,068-0500 INFO  LateBindingScheduler JobQueue: 1
2012-05-30 13:21:41,072-0500 INFO  vdl:dostageout END jobid=sh-a5gfq2sk - Staging out finished
2012-05-30 13:21:41,076-0500 DEBUG vdl:execute2 JOB_END jobid=sh-a5gfq2sk
2012-05-30 13:21:41,078-0500 INFO  vdl:execute END_SUCCESS thread=0-1-1-1 tr=sh
2012-05-30 13:21:41,079-0500 DEBUG countwords PROCEDURE_END line=4
2012-05-30 13:21:41,081-0500 DEBUG vdl:mains FOREACH_IT_END line=12 thread=0-1-1
2012-05-30 13:21:41,569-0500 INFO  WeightedHostScoreScheduler CONTACT_SELECTED host=localhost, score=2.615
2012-05-30 13:21:41,582-0500 DEBUG vdl:execute2 THREAD_ASSOCIATION jobid=sh-b5gfq2sk thread=0-1-0-1-1 host=localhost replicationGroup=85gfq2sk
2012-05-30 13:21:41,600-0500 INFO  vdl:createdirset START jobid=sh-b5gfq2sk host=localhost - Initializing directory structure
2012-05-30 13:21:41,603-0500 INFO  vdl:createdirset END jobid=sh-b5gfq2sk - Done initializing directory structure
2012-05-30 13:21:41,607-0500 INFO  vdl:dostagein START jobid=sh-b5gfq2sk - Staging in files
2012-05-30 13:21:41,620-0500 INFO  LateBindingScheduler JobQueue: 0
2012-05-30 13:21:41,621-0500 DEBUG vdl:dostagein CDM: file://localhost/scott3a.sh : DEFAULT
2012-05-30 13:21:41,627-0500 DEBUG vdl:dostageinfile FILE_STAGE_IN_START file=scott3a.sh srchost=localhost srcdir= srcname=scott3a.sh desthost=localhost destdir=foreach-20120530-1321-h5lkx090/shared/ provider=file policy=DEFAULT
2012-05-30 13:21:41,633-0500 INFO  LateBindingScheduler JobQueue: 0
2012-05-30 13:21:41,635-0500 DEBUG vdl:dostageinfile FILE_STAGE_IN_END file=scott3a.sh srchost=localhost srcdir= srcname=scott3a.sh desthost=localhost destdir=foreach-20120530-1321-h5lkx090/shared/ provider=file
2012-05-30 13:21:41,636-0500 INFO  vdl:dostagein END jobid=sh-b5gfq2sk - Staging in finished
2012-05-30 13:21:41,640-0500 DEBUG vdl:execute2 JOB_START jobid=sh-b5gfq2sk tr=sh arguments=[scott3a.sh] tmpdir=foreach-20120530-1321-h5lkx090/jobs/b/sh-b5gfq2sk host=localhost
2012-05-30 13:21:41,653-0500 INFO  GridExec TASK_DEFINITION: Task(type=JOB_SUBMISSION, identity=urn:0-1-0-1-1-1338402098516) is /bin/bash shared/_swiftwrap sh-b5gfq2sk -jobdir b -scratch  -e /bin/sh -out _concurrent/c-a6c9405f-a858-4be4-a55b-443dfcc11a20-1-0 -err stderr.txt -i -d _concurrent -if scott3a.sh -of _concurrent/c-a6c9405f-a858-4be4-a55b-443dfcc11a20-1-0 -k  -cdmfile  -status files -a scott3a.sh
2012-05-30 13:21:41,654-0500 INFO  JobSubmissionTaskHandler Submit: in: /var/tmp/foreach-20120530-1321-h5lkx090 command: /bin/bash /var/tmp/foreach-20120530-1321-h5lkx090/shared/_swiftwrap sh-b5gfq2sk -jobdir b -scratch  -e /bin/sh -out _concurrent/c-a6c9405f-a858-4be4-a55b-443dfcc11a20-1-0 -err stderr.txt -i -d _concurrent -if scott3a.sh -of _concurrent/c-a6c9405f-a858-4be4-a55b-443dfcc11a20-1-0 -k  -cdmfile  -status files -a scott3a.sh
2012-05-30 13:21:42,021-0500 INFO  LateBindingScheduler JobQueue: 0
2012-05-30 13:21:42,025-0500 DEBUG vdl:checkjobstatus START jobid=sh-b5gfq2sk
2012-05-30 13:21:42,028-0500 INFO  LateBindingScheduler JobQueue: 0
2012-05-30 13:21:42,029-0500 INFO  vdl:checkjobstatus SUCCESS jobid=sh-b5gfq2sk - Success file found
2012-05-30 13:21:42,030-0500 DEBUG vdl:execute2 STAGING_OUT jobid=sh-b5gfq2sk
2012-05-30 13:21:42,033-0500 INFO  vdl:dostageout START jobid=sh-b5gfq2sk - Staging out files
2012-05-30 13:21:42,033-0500 DEBUG vdl:dostageout stageouts: [[$, c:countfile - Open]]
2012-05-30 13:21:42,044-0500 DEBUG vdl:dostageout FILE_STAGE_OUT_START srcname=c-a6c9405f-a858-4be4-a55b-443dfcc11a20-1-0 srcdir=foreach-20120530-1321-h5lkx090/shared/_concurrent srchost=localhost destdir=_concurrent desthost=localhost provider=file
2012-05-30 13:21:42,046-0500 INFO  LateBindingScheduler JobQueue: 0
2012-05-30 13:21:42,053-0500 INFO  LateBindingScheduler JobQueue: 0
2012-05-30 13:21:42,055-0500 DEBUG vdl:dostageout FILE_STAGE_OUT_END srcname=c-a6c9405f-a858-4be4-a55b-443dfcc11a20-1-0 srcdir=foreach-20120530-1321-h5lkx090/shared/_concurrent srchost=localhost destdir=_concurrent desthost=localhost provider=file
2012-05-30 13:21:42,059-0500 INFO  LateBindingScheduler JobQueue: 0
2012-05-30 13:21:42,064-0500 INFO  vdl:dostageout END jobid=sh-b5gfq2sk - Staging out finished
2012-05-30 13:21:42,070-0500 DEBUG vdl:execute2 JOB_END jobid=sh-b5gfq2sk
2012-05-30 13:21:42,071-0500 INFO  vdl:execute END_SUCCESS thread=0-1-0-1 tr=sh
2012-05-30 13:21:42,073-0500 DEBUG countwords PROCEDURE_END line=4
2012-05-30 13:21:42,075-0500 DEBUG vdl:mains FOREACH_IT_END line=12 thread=0-1-0
2012-05-30 13:21:42,108-0500 DEBUG vdl:mains Starting cleanups
2012-05-30 13:21:42,108-0500 INFO  vdl:cleanups START cleanups=[[foreach-20120530-1321-h5lkx090, localhost]]
2012-05-30 13:21:42,110-0500 INFO  vdl:cleanup START dir=foreach-20120530-1321-h5lkx090 host=localhost
2012-05-30 13:21:42,110-0500 DEBUG vdl:cleanup cdmfile 
2012-05-30 13:21:42,112-0500 INFO  GridExec TASK_DEFINITION: Task(type=JOB_SUBMISSION, identity=urn:0-1-1338402098527) is /bin/rm -rf foreach-20120530-1321-h5lkx090
2012-05-30 13:21:42,114-0500 INFO  JobSubmissionTaskHandler Submit: in: /var/tmp command: /bin/rm -rf foreach-20120530-1321-h5lkx090
2012-05-30 13:21:42,114-0500 INFO  LateBindingScheduler JobQueue: 0
2012-05-30 13:21:42,116-0500 INFO  vdl:cleanup END dir=foreach-20120530-1321-h5lkx090 host=localhost
2012-05-30 13:21:42,117-0500 INFO  vdl:cleanups END cleanups=[[foreach-20120530-1321-h5lkx090, localhost]]
2012-05-30 13:21:42,117-0500 DEBUG vdl:mains Ending cleanups
2012-05-30 13:21:42,118-0500 INFO  Loader Swift finished with no errors
