2012-05-30 13:22:10,410-0500 DEBUG Loader arguments: [/home/skrieder/swift/multi/foreach.swift]
2012-05-30 13:22:10,410-0500 DEBUG Loader Max heap: 252248064
2012-05-30 13:22:10,411-0500 DEBUG textfiles BEGIN SWIFTSCRIPT:
type messagefile; 
type countfile; 

app (countfile t) countwords (messagefile f) {   
     sh @filename(f) stdout=@filename(t);
}

string inputNames = "scott3a.sh scott3b.sh scott3c.sh";

messagefile inputfiles[] <fixed_array_mapper;files=inputNames>;

foreach f in inputfiles {
  countfile c;
  c = countwords(f);
}


2012-05-30 13:22:10,411-0500 DEBUG textfiles END SWIFTSCRIPT:
2012-05-30 13:22:10,412-0500 DEBUG Loader kmlversion is >239b8550-a5ff-44be-a124-5e7ecd70737d<
2012-05-30 13:22:10,412-0500 DEBUG Loader build version is >239b8550-a5ff-44be-a124-5e7ecd70737d<
2012-05-30 13:22:10,412-0500 DEBUG Loader Recompilation suppressed.
2012-05-30 13:22:10,560-0500 DEBUG textfiles using default sites file
2012-05-30 13:22:10,564-0500 INFO  VDL2ExecutionContext Stack dump:
Level 1
[iA = 0, iB = 0, bA = false, bB = false]
	vdl:instanceconfig = Swift configuration []
	vdl:operation = run
	swift.home = /usr/local/swift/bin/..
	PATH_SEPARATOR = /


2012-05-30 13:22:11,246-0500 INFO  unknown Using sites file: /usr/local/swift/bin/../etc/sites.xml
2012-05-30 13:22:11,286-0500 INFO  unknown Using tc.data: /usr/local/swift/bin/../etc/tc.data
2012-05-30 13:22:11,408-0500 WARN  File On line 24in File /usr/local/swift/bin/../etc/tc.data

java.lang.IllegalStateException: Error : Illegal TCType defined. Please specify one of the predefined types 
 [INSTALLED, SOURCE, STATIC_BINARY, DYNAMIC_BINARY, PACMAN_PACKAGE, SCRIPT]
	at org.globus.swift.catalog.types.TCType.fromValue(TCType.java:73)
	at org.globus.swift.catalog.types.TCType.fromString(TCType.java:85)
	at org.globus.swift.catalog.transformation.File.populateTC(File.java:1085)
	at org.globus.swift.catalog.transformation.File.populateTC(File.java:1034)
	at org.globus.swift.catalog.transformation.File.<init>(File.java:149)
	at org.globus.swift.catalog.transformation.File.getNonSingletonInstance(File.java:116)
	at org.griphyn.vdl.karajan.VDSAdaptiveScheduler.setProperty(VDSAdaptiveScheduler.java:71)
	at org.globus.cog.karajan.workflow.nodes.grid.SchedulerNode.newScheduler(SchedulerNode.java:104)
	at org.globus.cog.karajan.workflow.nodes.grid.SchedulerNode.post(SchedulerNode.java:63)
	at org.globus.cog.karajan.workflow.nodes.AbstractSequentialWithArguments.completed(AbstractSequentialWithArguments.java:194)
	at org.globus.cog.karajan.workflow.nodes.FlowNode.complete(FlowNode.java:214)
	at org.globus.cog.karajan.workflow.nodes.FlowContainer.post(FlowContainer.java:58)
	at org.globus.cog.karajan.workflow.nodes.AbstractSequentialWithArguments.completed(AbstractSequentialWithArguments.java:194)
	at org.globus.cog.karajan.workflow.nodes.user.UserDefinedElement.completed(UserDefinedElement.java:286)
	at org.globus.cog.karajan.workflow.nodes.user.SequentialImplicitExecutionUDE.completed(SequentialImplicitExecutionUDE.java:89)
	at org.globus.cog.karajan.workflow.nodes.FlowNode.complete(FlowNode.java:214)
	at org.globus.cog.karajan.workflow.nodes.FlowContainer.post(FlowContainer.java:58)
	at org.globus.cog.karajan.workflow.nodes.functions.AbstractFunction.post(AbstractFunction.java:28)
	at org.globus.cog.karajan.workflow.nodes.AbstractSequentialWithArguments.completed(AbstractSequentialWithArguments.java:194)
	at org.globus.cog.karajan.workflow.nodes.FlowNode.complete(FlowNode.java:214)
	at org.globus.cog.karajan.workflow.nodes.ExecuteFile.completed(ExecuteFile.java:158)
	at org.globus.cog.karajan.workflow.nodes.FlowNode.complete(FlowNode.java:214)
	at org.globus.cog.karajan.workflow.nodes.FlowContainer.post(FlowContainer.java:58)
	at org.globus.cog.karajan.workflow.nodes.Sequential.startNext(Sequential.java:29)
	at org.globus.cog.karajan.workflow.nodes.Sequential.completed(Sequential.java:24)
	at org.globus.cog.karajan.workflow.nodes.FlowNode.complete(FlowNode.java:214)
	at org.globus.cog.karajan.workflow.nodes.FlowContainer.post(FlowContainer.java:58)
	at org.globus.cog.karajan.workflow.nodes.AbstractSequentialWithArguments.completed(AbstractSequentialWithArguments.java:194)
	at org.globus.cog.karajan.workflow.nodes.user.UserDefinedElement.completed(UserDefinedElement.java:286)
	at org.globus.cog.karajan.workflow.nodes.user.SequentialImplicitExecutionUDE.completed(SequentialImplicitExecutionUDE.java:89)
	at org.globus.cog.karajan.workflow.nodes.FlowNode.complete(FlowNode.java:214)
	at org.globus.cog.karajan.workflow.nodes.FlowContainer.post(FlowContainer.java:58)
	at org.globus.cog.karajan.workflow.nodes.functions.AbstractFunction.post(AbstractFunction.java:28)
	at org.globus.cog.karajan.workflow.nodes.AbstractSequentialWithArguments.completed(AbstractSequentialWithArguments.java:194)
	at org.globus.cog.karajan.workflow.nodes.FlowNode.complete(FlowNode.java:214)
	at org.globus.cog.karajan.workflow.nodes.FlowContainer.post(FlowContainer.java:58)
	at org.globus.cog.karajan.workflow.nodes.AbstractSequentialWithArguments.completed(AbstractSequentialWithArguments.java:194)
	at org.globus.cog.karajan.workflow.nodes.PartialArgumentsContainer.nonArgChildCompleted(PartialArgumentsContainer.java:105)
	at org.globus.cog.karajan.workflow.nodes.PartialArgumentsContainer.completed(PartialArgumentsContainer.java:86)
	at org.globus.cog.karajan.workflow.nodes.FlowNode.complete(FlowNode.java:214)
	at org.globus.cog.karajan.workflow.nodes.Maybe.failed(Maybe.java:23)
	at org.globus.cog.karajan.workflow.nodes.FlowNode.failImmediately(FlowNode.java:89)
	at org.globus.cog.karajan.workflow.nodes.FlowNode.failed(FlowNode.java:245)
	at org.globus.cog.karajan.workflow.nodes.FlowNode.failImmediately(FlowNode.java:89)
	at org.globus.cog.karajan.workflow.nodes.FlowNode.restart(FlowNode.java:151)
	at org.globus.cog.karajan.workflow.nodes.FlowNode.start(FlowNode.java:197)
	at org.globus.cog.karajan.workflow.FlowElementWrapper.start(FlowElementWrapper.java:227)
	at org.globus.cog.karajan.workflow.events.EventBus.start(EventBus.java:104)
	at org.globus.cog.karajan.workflow.events.EventTargetPair.run(EventTargetPair.java:40)
	at java.util.concurrent.Executors$RunnableAdapter.call(Executors.java:471)
	at java.util.concurrent.FutureTask$Sync.innerRun(FutureTask.java:334)
	at java.util.concurrent.FutureTask.run(FutureTask.java:166)
	at java.util.concurrent.ThreadPoolExecutor.runWorker(ThreadPoolExecutor.java:1110)
	at java.util.concurrent.ThreadPoolExecutor$Worker.run(ThreadPoolExecutor.java:603)
	at java.lang.Thread.run(Thread.java:722)
2012-05-30 13:22:11,415-0500 INFO  AbstractScheduler Setting resources to: {localhost=localhost}
2012-05-30 13:22:12,202-0500 INFO  unknown Swift 0.93 swift-r5483 cog-r3339

2012-05-30 13:22:12,202-0500 INFO  unknown RUNID id=run:20120530-1322-glr8kt77
2012-05-30 13:22:12,253-0500 INFO  SetFieldValue Set: inputNames=scott3a.sh scott3b.sh scott3c.sh
2012-05-30 13:22:12,270-0500 INFO  RootDataNode Found data inputfiles:messagefile[] - Open.[0]
2012-05-30 13:22:12,271-0500 INFO  RootDataNode Found data inputfiles:messagefile[] - Open.[1]
2012-05-30 13:22:12,271-0500 INFO  RootDataNode Found data inputfiles:messagefile[] - Open.[2]
2012-05-30 13:22:12,275-0500 DEBUG vdl:mains FOREACH_IT_START line=12 thread=0-1-0
2012-05-30 13:22:12,275-0500 DEBUG vdl:mains FOREACH_IT_START line=12 thread=0-1-2
2012-05-30 13:22:12,275-0500 DEBUG vdl:mains FOREACH_IT_START line=12 thread=0-1-1
2012-05-30 13:22:12,276-0500 DEBUG vdl:mains SCOPE thread=0-1-0
2012-05-30 13:22:12,276-0500 DEBUG vdl:mains SCOPE thread=0-1-2
2012-05-30 13:22:12,276-0500 DEBUG vdl:mains SCOPE thread=0-1-1
2012-05-30 13:22:12,293-0500 DEBUG countwords PROCEDURE line=4 thread=0-1-2-1 name=countwords
2012-05-30 13:22:12,293-0500 DEBUG countwords PROCEDURE line=4 thread=0-1-0-1 name=countwords
2012-05-30 13:22:12,293-0500 DEBUG countwords PROCEDURE line=4 thread=0-1-1-1 name=countwords
2012-05-30 13:22:12,305-0500 INFO  vdl:execute START thread=0-1-0-1 tr=sh
2012-05-30 13:22:12,305-0500 INFO  vdl:execute START thread=0-1-1-1 tr=sh
2012-05-30 13:22:12,305-0500 INFO  vdl:execute START thread=0-1-2-1 tr=sh
2012-05-30 13:22:12,331-0500 INFO  WeightedHostScoreScheduler CONTACT_SELECTED host=localhost, score=1.000
2012-05-30 13:22:12,337-0500 INFO  GlobalSubmitQueue No global submit throttle set. Using default (1024)
2012-05-30 13:22:12,343-0500 INFO  LateBindingScheduler JobQueue: 2
2012-05-30 13:22:12,346-0500 INFO  LateBindingScheduler JobQueue: 2
2012-05-30 13:22:12,353-0500 INFO  vdl:initshareddir START host=localhost - Initializing shared directory
2012-05-30 13:22:12,360-0500 INFO  LateBindingScheduler JobQueue: 2
2012-05-30 13:22:12,390-0500 INFO  LateBindingScheduler JobQueue: 2
2012-05-30 13:22:12,395-0500 INFO  LateBindingScheduler JobQueue: 2
2012-05-30 13:22:12,399-0500 INFO  LateBindingScheduler JobQueue: 2
2012-05-30 13:22:12,407-0500 INFO  LateBindingScheduler JobQueue: 2
2012-05-30 13:22:12,415-0500 INFO  LateBindingScheduler JobQueue: 2
2012-05-30 13:22:12,418-0500 INFO  vdl:initshareddir END host=localhost - Done initializing shared directory
2012-05-30 13:22:12,425-0500 DEBUG vdl:execute2 THREAD_ASSOCIATION jobid=sh-ex7gq2sk thread=0-1-2-1-1 host=localhost replicationGroup=dx7gq2sk
2012-05-30 13:22:12,447-0500 INFO  vdl:createdirset START jobid=sh-ex7gq2sk host=localhost - Initializing directory structure
2012-05-30 13:22:12,454-0500 INFO  vdl:createdirs START path=_concurrent dir=foreach-20120530-1322-glr8kt77/shared - Creating directory structure
2012-05-30 13:22:12,457-0500 INFO  LateBindingScheduler JobQueue: 2
2012-05-30 13:22:12,459-0500 INFO  vdl:createdirset END jobid=sh-ex7gq2sk - Done initializing directory structure
2012-05-30 13:22:12,461-0500 INFO  vdl:dostagein START jobid=sh-ex7gq2sk - Staging in files
2012-05-30 13:22:12,486-0500 INFO  LateBindingScheduler JobQueue: 2
2012-05-30 13:22:12,499-0500 DEBUG vdl:dostagein CDM: file://localhost/scott3c.sh : DEFAULT
2012-05-30 13:22:12,505-0500 DEBUG vdl:dostageinfile FILE_STAGE_IN_START file=scott3c.sh srchost=localhost srcdir= srcname=scott3c.sh desthost=localhost destdir=foreach-20120530-1322-glr8kt77/shared/ provider=file policy=DEFAULT
2012-05-30 13:22:12,508-0500 INFO  LateBindingScheduler JobQueue: 2
2012-05-30 13:22:12,510-0500 DEBUG vdl:dostageinfile FILE_STAGE_IN_END file=scott3c.sh srchost=localhost srcdir= srcname=scott3c.sh desthost=localhost destdir=foreach-20120530-1322-glr8kt77/shared/ provider=file
2012-05-30 13:22:12,512-0500 INFO  vdl:dostagein END jobid=sh-ex7gq2sk - Staging in finished
2012-05-30 13:22:12,517-0500 DEBUG vdl:execute2 JOB_START jobid=sh-ex7gq2sk tr=sh arguments=[scott3c.sh] tmpdir=foreach-20120530-1322-glr8kt77/jobs/e/sh-ex7gq2sk host=localhost
2012-05-30 13:22:12,523-0500 DEBUG textfiles BEGIN TC:
#This is the transformation catalog.
#
#It comes pre-configured with a number of simple transformations with
#paths that are likely to work on a linux box. However, on some systems,
#the paths to these executables will be different (for example, sometimes
#some of these programs are found in /usr/bin rather than in /bin)
#
#NOTE WELL: fields in this file must be separated by tabs, not spaces; and
#there must be no trailing whitespace at the end of each line.
#
# sitename  transformation  path   INSTALLED  platform  profiles
localhost 	echo 		/bin/echo	INSTALLED	INTEL32::LINUX	null
localhost 	cat 		/bin/cat	INSTALLED	INTEL32::LINUX	null
localhost 	ls 		/bin/ls		INSTALLED	INTEL32::LINUX	null
localhost 	grep 		/bin/grep	INSTALLED	INTEL32::LINUX	null
localhost 	sort 		/bin/sort	INSTALLED	INTEL32::LINUX	null
localhost 	paste 		/bin/paste	INSTALLED	INTEL32::LINUX	null
localhost 	cp 		/bin/cp         INSTALLED	INTEL32::LINUX	null
localhost 	touch 		/bin/touch      INSTALLED	INTEL32::LINUX	null
localhost	wc		/usr/bin/wc	INSTALLED	INTEL32::LINUX	null
localhost	sh		/bin/sh		INSTALLED	INTEL32::LINUX	null
localhost	sleep		/bin/sleep	INSTALLED	INTEL32::LINUX	null
localhost	tr		/usr/bin/tr	INSTALLED	INTEL32::LINUX	null
localhost	scott.sh	/Users/scottkrieder/swift/examples/swift/tutorial/scott.sh	INTSALLED	INTEL32::LINUX	null


2012-05-30 13:22:12,523-0500 DEBUG textfiles END TC:
2012-05-30 13:22:12,527-0500 WARN  File On line 24in File /usr/local/swift/bin/../etc/tc.data

java.lang.IllegalStateException: Error : Illegal TCType defined. Please specify one of the predefined types 
 [INSTALLED, SOURCE, STATIC_BINARY, DYNAMIC_BINARY, PACMAN_PACKAGE, SCRIPT]
	at org.globus.swift.catalog.types.TCType.fromValue(TCType.java:73)
	at org.globus.swift.catalog.types.TCType.fromString(TCType.java:85)
	at org.globus.swift.catalog.transformation.File.populateTC(File.java:1085)
	at org.globus.swift.catalog.transformation.File.populateTC(File.java:1034)
	at org.globus.swift.catalog.transformation.File.<init>(File.java:149)
	at org.globus.swift.catalog.transformation.File.getNonSingletonInstance(File.java:116)
	at org.griphyn.vdl.karajan.lib.VDLFunction.getTC(VDLFunction.java:492)
	at org.griphyn.vdl.karajan.lib.Executable.function(Executable.java:24)
	at org.griphyn.vdl.karajan.lib.VDLFunction.post(VDLFunction.java:62)
	at org.globus.cog.karajan.workflow.nodes.AbstractSequentialWithArguments.completed(AbstractSequentialWithArguments.java:194)
	at org.globus.cog.karajan.workflow.nodes.FlowNode.complete(FlowNode.java:214)
	at org.globus.cog.karajan.workflow.nodes.FlowContainer.post(FlowContainer.java:58)
	at org.globus.cog.karajan.workflow.nodes.functions.AbstractFunction.post(AbstractFunction.java:28)
	at org.globus.cog.karajan.workflow.nodes.Sequential.startNext(Sequential.java:29)
	at org.globus.cog.karajan.workflow.nodes.Sequential.executeChildren(Sequential.java:20)
	at org.globus.cog.karajan.workflow.nodes.FlowContainer.execute(FlowContainer.java:63)
	at org.globus.cog.karajan.workflow.nodes.FlowNode.restart(FlowNode.java:139)
	at org.globus.cog.karajan.workflow.nodes.FlowNode.start(FlowNode.java:197)
	at org.globus.cog.karajan.workflow.FlowElementWrapper.start(FlowElementWrapper.java:227)
	at org.globus.cog.karajan.workflow.events.EventBus.start(EventBus.java:104)
	at org.globus.cog.karajan.workflow.events.EventTargetPair.run(EventTargetPair.java:40)
	at java.util.concurrent.Executors$RunnableAdapter.call(Executors.java:471)
	at java.util.concurrent.FutureTask$Sync.innerRun(FutureTask.java:334)
	at java.util.concurrent.FutureTask.run(FutureTask.java:166)
	at java.util.concurrent.ThreadPoolExecutor.runWorker(ThreadPoolExecutor.java:1110)
	at java.util.concurrent.ThreadPoolExecutor$Worker.run(ThreadPoolExecutor.java:603)
	at java.lang.Thread.run(Thread.java:722)
2012-05-30 13:22:12,535-0500 INFO  GridExec TASK_DEFINITION: Task(type=JOB_SUBMISSION, identity=urn:0-1-2-1-1-1338402131281) is /bin/bash shared/_swiftwrap sh-ex7gq2sk -jobdir e -scratch  -e /bin/sh -out _concurrent/c-a6c9405f-a858-4be4-a55b-443dfcc11a20-1-2 -err stderr.txt -i -d _concurrent -if scott3c.sh -of _concurrent/c-a6c9405f-a858-4be4-a55b-443dfcc11a20-1-2 -k  -cdmfile  -status files -a scott3c.sh
2012-05-30 13:22:12,552-0500 INFO  JobSubmissionTaskHandler Submit: in: /var/tmp/foreach-20120530-1322-glr8kt77 command: /bin/bash /var/tmp/foreach-20120530-1322-glr8kt77/shared/_swiftwrap sh-ex7gq2sk -jobdir e -scratch  -e /bin/sh -out _concurrent/c-a6c9405f-a858-4be4-a55b-443dfcc11a20-1-2 -err stderr.txt -i -d _concurrent -if scott3c.sh -of _concurrent/c-a6c9405f-a858-4be4-a55b-443dfcc11a20-1-2 -k  -cdmfile  -status files -a scott3c.sh
2012-05-30 13:22:12,907-0500 INFO  LateBindingScheduler JobQueue: 2
2012-05-30 13:22:12,913-0500 DEBUG vdl:checkjobstatus START jobid=sh-ex7gq2sk
2012-05-30 13:22:12,917-0500 INFO  LateBindingScheduler JobQueue: 2
2012-05-30 13:22:12,918-0500 INFO  vdl:checkjobstatus SUCCESS jobid=sh-ex7gq2sk - Success file found
2012-05-30 13:22:12,921-0500 DEBUG vdl:execute2 STAGING_OUT jobid=sh-ex7gq2sk
2012-05-30 13:22:12,925-0500 INFO  vdl:dostageout START jobid=sh-ex7gq2sk - Staging out files
2012-05-30 13:22:12,926-0500 DEBUG vdl:dostageout stageouts: [[$, c:countfile - Open]]
2012-05-30 13:22:12,946-0500 DEBUG vdl:dostageout FILE_STAGE_OUT_START srcname=c-a6c9405f-a858-4be4-a55b-443dfcc11a20-1-2 srcdir=foreach-20120530-1322-glr8kt77/shared/_concurrent srchost=localhost destdir=_concurrent desthost=localhost provider=file
2012-05-30 13:22:12,949-0500 INFO  LateBindingScheduler JobQueue: 2
2012-05-30 13:22:12,960-0500 INFO  LateBindingScheduler JobQueue: 2
2012-05-30 13:22:12,962-0500 DEBUG vdl:dostageout FILE_STAGE_OUT_END srcname=c-a6c9405f-a858-4be4-a55b-443dfcc11a20-1-2 srcdir=foreach-20120530-1322-glr8kt77/shared/_concurrent srchost=localhost destdir=_concurrent desthost=localhost provider=file
2012-05-30 13:22:12,966-0500 INFO  LateBindingScheduler JobQueue: 2
2012-05-30 13:22:12,974-0500 INFO  vdl:dostageout END jobid=sh-ex7gq2sk - Staging out finished
2012-05-30 13:22:12,984-0500 DEBUG vdl:execute2 JOB_END jobid=sh-ex7gq2sk
2012-05-30 13:22:12,987-0500 INFO  vdl:execute END_SUCCESS thread=0-1-2-1 tr=sh
2012-05-30 13:22:12,990-0500 DEBUG countwords PROCEDURE_END line=4
2012-05-30 13:22:12,993-0500 DEBUG vdl:mains FOREACH_IT_END line=12 thread=0-1-2
2012-05-30 13:22:13,467-0500 INFO  WeightedHostScoreScheduler CONTACT_SELECTED host=localhost, score=1.995
2012-05-30 13:22:13,474-0500 DEBUG vdl:execute2 THREAD_ASSOCIATION jobid=sh-fx7gq2sk thread=0-1-0-1-1 host=localhost replicationGroup=bx7gq2sk
2012-05-30 13:22:13,484-0500 INFO  vdl:createdirset START jobid=sh-fx7gq2sk host=localhost - Initializing directory structure
2012-05-30 13:22:13,487-0500 INFO  vdl:createdirset END jobid=sh-fx7gq2sk - Done initializing directory structure
2012-05-30 13:22:13,489-0500 INFO  vdl:dostagein START jobid=sh-fx7gq2sk - Staging in files
2012-05-30 13:22:13,495-0500 INFO  LateBindingScheduler JobQueue: 1
2012-05-30 13:22:13,497-0500 DEBUG vdl:dostagein CDM: file://localhost/scott3a.sh : DEFAULT
2012-05-30 13:22:13,501-0500 DEBUG vdl:dostageinfile FILE_STAGE_IN_START file=scott3a.sh srchost=localhost srcdir= srcname=scott3a.sh desthost=localhost destdir=foreach-20120530-1322-glr8kt77/shared/ provider=file policy=DEFAULT
2012-05-30 13:22:13,506-0500 INFO  LateBindingScheduler JobQueue: 1
2012-05-30 13:22:13,508-0500 DEBUG vdl:dostageinfile FILE_STAGE_IN_END file=scott3a.sh srchost=localhost srcdir= srcname=scott3a.sh desthost=localhost destdir=foreach-20120530-1322-glr8kt77/shared/ provider=file
2012-05-30 13:22:13,509-0500 INFO  vdl:dostagein END jobid=sh-fx7gq2sk - Staging in finished
2012-05-30 13:22:13,511-0500 DEBUG vdl:execute2 JOB_START jobid=sh-fx7gq2sk tr=sh arguments=[scott3a.sh] tmpdir=foreach-20120530-1322-glr8kt77/jobs/f/sh-fx7gq2sk host=localhost
2012-05-30 13:22:13,522-0500 INFO  GridExec TASK_DEFINITION: Task(type=JOB_SUBMISSION, identity=urn:0-1-0-1-1-1338402131297) is /bin/bash shared/_swiftwrap sh-fx7gq2sk -jobdir f -scratch  -e /bin/sh -out _concurrent/c-a6c9405f-a858-4be4-a55b-443dfcc11a20-1-0 -err stderr.txt -i -d _concurrent -if scott3a.sh -of _concurrent/c-a6c9405f-a858-4be4-a55b-443dfcc11a20-1-0 -k  -cdmfile  -status files -a scott3a.sh
2012-05-30 13:22:13,522-0500 INFO  JobSubmissionTaskHandler Submit: in: /var/tmp/foreach-20120530-1322-glr8kt77 command: /bin/bash /var/tmp/foreach-20120530-1322-glr8kt77/shared/_swiftwrap sh-fx7gq2sk -jobdir f -scratch  -e /bin/sh -out _concurrent/c-a6c9405f-a858-4be4-a55b-443dfcc11a20-1-0 -err stderr.txt -i -d _concurrent -if scott3a.sh -of _concurrent/c-a6c9405f-a858-4be4-a55b-443dfcc11a20-1-0 -k  -cdmfile  -status files -a scott3a.sh
2012-05-30 13:22:13,869-0500 INFO  LateBindingScheduler JobQueue: 1
2012-05-30 13:22:13,873-0500 DEBUG vdl:checkjobstatus START jobid=sh-fx7gq2sk
2012-05-30 13:22:13,875-0500 INFO  LateBindingScheduler JobQueue: 1
2012-05-30 13:22:13,876-0500 INFO  vdl:checkjobstatus SUCCESS jobid=sh-fx7gq2sk - Success file found
2012-05-30 13:22:13,878-0500 DEBUG vdl:execute2 STAGING_OUT jobid=sh-fx7gq2sk
2012-05-30 13:22:13,879-0500 INFO  vdl:dostageout START jobid=sh-fx7gq2sk - Staging out files
2012-05-30 13:22:13,880-0500 DEBUG vdl:dostageout stageouts: [[$, c:countfile - Open]]
2012-05-30 13:22:13,889-0500 DEBUG vdl:dostageout FILE_STAGE_OUT_START srcname=c-a6c9405f-a858-4be4-a55b-443dfcc11a20-1-0 srcdir=foreach-20120530-1322-glr8kt77/shared/_concurrent srchost=localhost destdir=_concurrent desthost=localhost provider=file
2012-05-30 13:22:13,891-0500 INFO  LateBindingScheduler JobQueue: 1
2012-05-30 13:22:13,897-0500 INFO  LateBindingScheduler JobQueue: 1
2012-05-30 13:22:13,898-0500 DEBUG vdl:dostageout FILE_STAGE_OUT_END srcname=c-a6c9405f-a858-4be4-a55b-443dfcc11a20-1-0 srcdir=foreach-20120530-1322-glr8kt77/shared/_concurrent srchost=localhost destdir=_concurrent desthost=localhost provider=file
2012-05-30 13:22:13,901-0500 INFO  LateBindingScheduler JobQueue: 1
2012-05-30 13:22:13,905-0500 INFO  vdl:dostageout END jobid=sh-fx7gq2sk - Staging out finished
2012-05-30 13:22:13,910-0500 DEBUG vdl:execute2 JOB_END jobid=sh-fx7gq2sk
2012-05-30 13:22:13,911-0500 INFO  vdl:execute END_SUCCESS thread=0-1-0-1 tr=sh
2012-05-30 13:22:13,912-0500 DEBUG countwords PROCEDURE_END line=4
2012-05-30 13:22:13,914-0500 DEBUG vdl:mains FOREACH_IT_END line=12 thread=0-1-0
2012-05-30 13:22:14,402-0500 INFO  WeightedHostScoreScheduler CONTACT_SELECTED host=localhost, score=2.615
2012-05-30 13:22:14,412-0500 DEBUG vdl:execute2 THREAD_ASSOCIATION jobid=sh-gx7gq2sk thread=0-1-1-1-1 host=localhost replicationGroup=cx7gq2sk
2012-05-30 13:22:14,430-0500 INFO  vdl:createdirset START jobid=sh-gx7gq2sk host=localhost - Initializing directory structure
2012-05-30 13:22:14,434-0500 INFO  vdl:createdirset END jobid=sh-gx7gq2sk - Done initializing directory structure
2012-05-30 13:22:14,437-0500 INFO  vdl:dostagein START jobid=sh-gx7gq2sk - Staging in files
2012-05-30 13:22:14,451-0500 INFO  LateBindingScheduler JobQueue: 0
2012-05-30 13:22:14,453-0500 DEBUG vdl:dostagein CDM: file://localhost/scott3b.sh : DEFAULT
2012-05-30 13:22:14,460-0500 DEBUG vdl:dostageinfile FILE_STAGE_IN_START file=scott3b.sh srchost=localhost srcdir= srcname=scott3b.sh desthost=localhost destdir=foreach-20120530-1322-glr8kt77/shared/ provider=file policy=DEFAULT
2012-05-30 13:22:14,466-0500 INFO  LateBindingScheduler JobQueue: 0
2012-05-30 13:22:14,468-0500 DEBUG vdl:dostageinfile FILE_STAGE_IN_END file=scott3b.sh srchost=localhost srcdir= srcname=scott3b.sh desthost=localhost destdir=foreach-20120530-1322-glr8kt77/shared/ provider=file
2012-05-30 13:22:14,470-0500 INFO  vdl:dostagein END jobid=sh-gx7gq2sk - Staging in finished
2012-05-30 13:22:14,473-0500 DEBUG vdl:execute2 JOB_START jobid=sh-gx7gq2sk tr=sh arguments=[scott3b.sh] tmpdir=foreach-20120530-1322-glr8kt77/jobs/g/sh-gx7gq2sk host=localhost
2012-05-30 13:22:14,486-0500 INFO  GridExec TASK_DEFINITION: Task(type=JOB_SUBMISSION, identity=urn:0-1-1-1-1-1338402131313) is /bin/bash shared/_swiftwrap sh-gx7gq2sk -jobdir g -scratch  -e /bin/sh -out _concurrent/c-a6c9405f-a858-4be4-a55b-443dfcc11a20-1-1 -err stderr.txt -i -d _concurrent -if scott3b.sh -of _concurrent/c-a6c9405f-a858-4be4-a55b-443dfcc11a20-1-1 -k  -cdmfile  -status files -a scott3b.sh
2012-05-30 13:22:14,487-0500 INFO  JobSubmissionTaskHandler Submit: in: /var/tmp/foreach-20120530-1322-glr8kt77 command: /bin/bash /var/tmp/foreach-20120530-1322-glr8kt77/shared/_swiftwrap sh-gx7gq2sk -jobdir g -scratch  -e /bin/sh -out _concurrent/c-a6c9405f-a858-4be4-a55b-443dfcc11a20-1-1 -err stderr.txt -i -d _concurrent -if scott3b.sh -of _concurrent/c-a6c9405f-a858-4be4-a55b-443dfcc11a20-1-1 -k  -cdmfile  -status files -a scott3b.sh
2012-05-30 13:22:14,835-0500 INFO  LateBindingScheduler JobQueue: 0
2012-05-30 13:22:14,839-0500 DEBUG vdl:checkjobstatus START jobid=sh-gx7gq2sk
2012-05-30 13:22:14,842-0500 INFO  LateBindingScheduler JobQueue: 0
2012-05-30 13:22:14,843-0500 INFO  vdl:checkjobstatus SUCCESS jobid=sh-gx7gq2sk - Success file found
2012-05-30 13:22:14,845-0500 DEBUG vdl:execute2 STAGING_OUT jobid=sh-gx7gq2sk
2012-05-30 13:22:14,847-0500 INFO  vdl:dostageout START jobid=sh-gx7gq2sk - Staging out files
2012-05-30 13:22:14,848-0500 DEBUG vdl:dostageout stageouts: [[$, c:countfile - Open]]
2012-05-30 13:22:14,858-0500 DEBUG vdl:dostageout FILE_STAGE_OUT_START srcname=c-a6c9405f-a858-4be4-a55b-443dfcc11a20-1-1 srcdir=foreach-20120530-1322-glr8kt77/shared/_concurrent srchost=localhost destdir=_concurrent desthost=localhost provider=file
2012-05-30 13:22:14,861-0500 INFO  LateBindingScheduler JobQueue: 0
2012-05-30 13:22:14,868-0500 INFO  LateBindingScheduler JobQueue: 0
2012-05-30 13:22:14,871-0500 DEBUG vdl:dostageout FILE_STAGE_OUT_END srcname=c-a6c9405f-a858-4be4-a55b-443dfcc11a20-1-1 srcdir=foreach-20120530-1322-glr8kt77/shared/_concurrent srchost=localhost destdir=_concurrent desthost=localhost provider=file
2012-05-30 13:22:14,874-0500 INFO  LateBindingScheduler JobQueue: 0
2012-05-30 13:22:14,880-0500 INFO  vdl:dostageout END jobid=sh-gx7gq2sk - Staging out finished
2012-05-30 13:22:14,885-0500 DEBUG vdl:execute2 JOB_END jobid=sh-gx7gq2sk
2012-05-30 13:22:14,887-0500 INFO  vdl:execute END_SUCCESS thread=0-1-1-1 tr=sh
2012-05-30 13:22:14,888-0500 DEBUG countwords PROCEDURE_END line=4
2012-05-30 13:22:14,891-0500 DEBUG vdl:mains FOREACH_IT_END line=12 thread=0-1-1
2012-05-30 13:22:14,919-0500 DEBUG vdl:mains Starting cleanups
2012-05-30 13:22:14,920-0500 INFO  vdl:cleanups START cleanups=[[foreach-20120530-1322-glr8kt77, localhost]]
2012-05-30 13:22:14,921-0500 INFO  vdl:cleanup START dir=foreach-20120530-1322-glr8kt77 host=localhost
2012-05-30 13:22:14,922-0500 DEBUG vdl:cleanup cdmfile 
2012-05-30 13:22:14,924-0500 INFO  GridExec TASK_DEFINITION: Task(type=JOB_SUBMISSION, identity=urn:0-1-1338402131324) is /bin/rm -rf foreach-20120530-1322-glr8kt77
2012-05-30 13:22:14,925-0500 INFO  JobSubmissionTaskHandler Submit: in: /var/tmp command: /bin/rm -rf foreach-20120530-1322-glr8kt77
2012-05-30 13:22:14,925-0500 INFO  LateBindingScheduler JobQueue: 0
2012-05-30 13:22:14,927-0500 INFO  vdl:cleanup END dir=foreach-20120530-1322-glr8kt77 host=localhost
2012-05-30 13:22:14,927-0500 INFO  vdl:cleanups END cleanups=[[foreach-20120530-1322-glr8kt77, localhost]]
2012-05-30 13:22:14,928-0500 DEBUG vdl:mains Ending cleanups
2012-05-30 13:22:14,929-0500 INFO  Loader Swift finished with no errors
