2012-05-30 13:21:59,681-0500 DEBUG Loader arguments: [/home/skrieder/swift/multi/foreach.swift]
2012-05-30 13:21:59,681-0500 DEBUG Loader Max heap: 252248064
2012-05-30 13:21:59,682-0500 DEBUG textfiles BEGIN SWIFTSCRIPT:
type messagefile; 
type countfile; 

app (countfile t) countwords (messagefile f) {   
     sh @filename(f) stdout=@filename(t);
}

string inputNames = "scott3a.sh scott3b.sh scott3c.sh";

messagefile inputfiles[] <fixed_array_mapper;files=inputNames>;

foreach f in inputfiles {
  countfile c;
  c = countwords(f);
}


2012-05-30 13:21:59,682-0500 DEBUG textfiles END SWIFTSCRIPT:
2012-05-30 13:21:59,682-0500 DEBUG Loader kmlversion is >239b8550-a5ff-44be-a124-5e7ecd70737d<
2012-05-30 13:21:59,683-0500 DEBUG Loader build version is >239b8550-a5ff-44be-a124-5e7ecd70737d<
2012-05-30 13:21:59,683-0500 DEBUG Loader Recompilation suppressed.
2012-05-30 13:21:59,827-0500 DEBUG textfiles using default sites file
2012-05-30 13:21:59,831-0500 INFO  VDL2ExecutionContext Stack dump:
Level 1
[iA = 0, iB = 0, bA = false, bB = false]
	vdl:instanceconfig = Swift configuration []
	vdl:operation = run
	swift.home = /usr/local/swift/bin/..
	PATH_SEPARATOR = /


2012-05-30 13:22:00,483-0500 INFO  unknown Using sites file: /usr/local/swift/bin/../etc/sites.xml
2012-05-30 13:22:00,517-0500 INFO  unknown Using tc.data: /usr/local/swift/bin/../etc/tc.data
2012-05-30 13:22:00,642-0500 WARN  File On line 24in File /usr/local/swift/bin/../etc/tc.data

java.lang.IllegalStateException: Error : Illegal TCType defined. Please specify one of the predefined types 
 [INSTALLED, SOURCE, STATIC_BINARY, DYNAMIC_BINARY, PACMAN_PACKAGE, SCRIPT]
	at org.globus.swift.catalog.types.TCType.fromValue(TCType.java:73)
	at org.globus.swift.catalog.types.TCType.fromString(TCType.java:85)
	at org.globus.swift.catalog.transformation.File.populateTC(File.java:1085)
	at org.globus.swift.catalog.transformation.File.populateTC(File.java:1034)
	at org.globus.swift.catalog.transformation.File.<init>(File.java:149)
	at org.globus.swift.catalog.transformation.File.getNonSingletonInstance(File.java:116)
	at org.griphyn.vdl.karajan.VDSAdaptiveScheduler.setProperty(VDSAdaptiveScheduler.java:71)
	at org.globus.cog.karajan.workflow.nodes.grid.SchedulerNode.newScheduler(SchedulerNode.java:104)
	at org.globus.cog.karajan.workflow.nodes.grid.SchedulerNode.post(SchedulerNode.java:63)
	at org.globus.cog.karajan.workflow.nodes.AbstractSequentialWithArguments.completed(AbstractSequentialWithArguments.java:194)
	at org.globus.cog.karajan.workflow.nodes.FlowNode.complete(FlowNode.java:214)
	at org.globus.cog.karajan.workflow.nodes.FlowContainer.post(FlowContainer.java:58)
	at org.globus.cog.karajan.workflow.nodes.AbstractSequentialWithArguments.completed(AbstractSequentialWithArguments.java:194)
	at org.globus.cog.karajan.workflow.nodes.user.UserDefinedElement.completed(UserDefinedElement.java:286)
	at org.globus.cog.karajan.workflow.nodes.user.SequentialImplicitExecutionUDE.completed(SequentialImplicitExecutionUDE.java:89)
	at org.globus.cog.karajan.workflow.nodes.FlowNode.complete(FlowNode.java:214)
	at org.globus.cog.karajan.workflow.nodes.FlowContainer.post(FlowContainer.java:58)
	at org.globus.cog.karajan.workflow.nodes.functions.AbstractFunction.post(AbstractFunction.java:28)
	at org.globus.cog.karajan.workflow.nodes.AbstractSequentialWithArguments.completed(AbstractSequentialWithArguments.java:194)
	at org.globus.cog.karajan.workflow.nodes.FlowNode.complete(FlowNode.java:214)
	at org.globus.cog.karajan.workflow.nodes.ExecuteFile.completed(ExecuteFile.java:158)
	at org.globus.cog.karajan.workflow.nodes.FlowNode.complete(FlowNode.java:214)
	at org.globus.cog.karajan.workflow.nodes.FlowContainer.post(FlowContainer.java:58)
	at org.globus.cog.karajan.workflow.nodes.Sequential.startNext(Sequential.java:29)
	at org.globus.cog.karajan.workflow.nodes.Sequential.completed(Sequential.java:24)
	at org.globus.cog.karajan.workflow.nodes.FlowNode.complete(FlowNode.java:214)
	at org.globus.cog.karajan.workflow.nodes.FlowContainer.post(FlowContainer.java:58)
	at org.globus.cog.karajan.workflow.nodes.AbstractSequentialWithArguments.completed(AbstractSequentialWithArguments.java:194)
	at org.globus.cog.karajan.workflow.nodes.user.UserDefinedElement.completed(UserDefinedElement.java:286)
	at org.globus.cog.karajan.workflow.nodes.user.SequentialImplicitExecutionUDE.completed(SequentialImplicitExecutionUDE.java:89)
	at org.globus.cog.karajan.workflow.nodes.FlowNode.complete(FlowNode.java:214)
	at org.globus.cog.karajan.workflow.nodes.FlowContainer.post(FlowContainer.java:58)
	at org.globus.cog.karajan.workflow.nodes.functions.AbstractFunction.post(AbstractFunction.java:28)
	at org.globus.cog.karajan.workflow.nodes.AbstractSequentialWithArguments.completed(AbstractSequentialWithArguments.java:194)
	at org.globus.cog.karajan.workflow.nodes.FlowNode.complete(FlowNode.java:214)
	at org.globus.cog.karajan.workflow.nodes.FlowContainer.post(FlowContainer.java:58)
	at org.globus.cog.karajan.workflow.nodes.AbstractSequentialWithArguments.completed(AbstractSequentialWithArguments.java:194)
	at org.globus.cog.karajan.workflow.nodes.PartialArgumentsContainer.nonArgChildCompleted(PartialArgumentsContainer.java:105)
	at org.globus.cog.karajan.workflow.nodes.PartialArgumentsContainer.completed(PartialArgumentsContainer.java:86)
	at org.globus.cog.karajan.workflow.nodes.FlowNode.complete(FlowNode.java:214)
	at org.globus.cog.karajan.workflow.nodes.Maybe.failed(Maybe.java:23)
	at org.globus.cog.karajan.workflow.nodes.FlowNode.failImmediately(FlowNode.java:89)
	at org.globus.cog.karajan.workflow.nodes.FlowNode.failed(FlowNode.java:245)
	at org.globus.cog.karajan.workflow.nodes.FlowNode.failImmediately(FlowNode.java:89)
	at org.globus.cog.karajan.workflow.nodes.FlowNode.restart(FlowNode.java:151)
	at org.globus.cog.karajan.workflow.nodes.FlowNode.start(FlowNode.java:197)
	at org.globus.cog.karajan.workflow.FlowElementWrapper.start(FlowElementWrapper.java:227)
	at org.globus.cog.karajan.workflow.events.EventBus.start(EventBus.java:104)
	at org.globus.cog.karajan.workflow.events.EventTargetPair.run(EventTargetPair.java:40)
	at java.util.concurrent.Executors$RunnableAdapter.call(Executors.java:471)
	at java.util.concurrent.FutureTask$Sync.innerRun(FutureTask.java:334)
	at java.util.concurrent.FutureTask.run(FutureTask.java:166)
	at java.util.concurrent.ThreadPoolExecutor.runWorker(ThreadPoolExecutor.java:1110)
	at java.util.concurrent.ThreadPoolExecutor$Worker.run(ThreadPoolExecutor.java:603)
	at java.lang.Thread.run(Thread.java:722)
2012-05-30 13:22:00,649-0500 INFO  AbstractScheduler Setting resources to: {localhost=localhost}
2012-05-30 13:22:01,388-0500 INFO  unknown Swift 0.93 swift-r5483 cog-r3339

2012-05-30 13:22:01,389-0500 INFO  unknown RUNID id=run:20120530-1321-sekm5xj1
2012-05-30 13:22:01,442-0500 INFO  SetFieldValue Set: inputNames=scott3a.sh scott3b.sh scott3c.sh
2012-05-30 13:22:01,474-0500 INFO  RootDataNode Found data inputfiles:messagefile[] - Open.[0]
2012-05-30 13:22:01,474-0500 INFO  RootDataNode Found data inputfiles:messagefile[] - Open.[1]
2012-05-30 13:22:01,475-0500 INFO  RootDataNode Found data inputfiles:messagefile[] - Open.[2]
2012-05-30 13:22:01,479-0500 DEBUG vdl:mains FOREACH_IT_START line=12 thread=0-1-2
2012-05-30 13:22:01,479-0500 DEBUG vdl:mains FOREACH_IT_START line=12 thread=0-1-0
2012-05-30 13:22:01,479-0500 DEBUG vdl:mains FOREACH_IT_START line=12 thread=0-1-1
2012-05-30 13:22:01,480-0500 DEBUG vdl:mains SCOPE thread=0-1-2
2012-05-30 13:22:01,480-0500 DEBUG vdl:mains SCOPE thread=0-1-0
2012-05-30 13:22:01,480-0500 DEBUG vdl:mains SCOPE thread=0-1-1
2012-05-30 13:22:01,500-0500 DEBUG countwords PROCEDURE line=4 thread=0-1-2-1 name=countwords
2012-05-30 13:22:01,500-0500 DEBUG countwords PROCEDURE line=4 thread=0-1-0-1 name=countwords
2012-05-30 13:22:01,500-0500 DEBUG countwords PROCEDURE line=4 thread=0-1-1-1 name=countwords
2012-05-30 13:22:01,524-0500 INFO  vdl:execute START thread=0-1-2-1 tr=sh
2012-05-30 13:22:01,524-0500 INFO  vdl:execute START thread=0-1-1-1 tr=sh
2012-05-30 13:22:01,524-0500 INFO  vdl:execute START thread=0-1-0-1 tr=sh
2012-05-30 13:22:01,565-0500 INFO  WeightedHostScoreScheduler CONTACT_SELECTED host=localhost, score=1.000
2012-05-30 13:22:01,574-0500 INFO  GlobalSubmitQueue No global submit throttle set. Using default (1024)
2012-05-30 13:22:01,579-0500 INFO  LateBindingScheduler JobQueue: 2
2012-05-30 13:22:01,583-0500 INFO  LateBindingScheduler JobQueue: 2
2012-05-30 13:22:01,589-0500 INFO  vdl:initshareddir START host=localhost - Initializing shared directory
2012-05-30 13:22:01,596-0500 INFO  LateBindingScheduler JobQueue: 2
2012-05-30 13:22:01,626-0500 INFO  LateBindingScheduler JobQueue: 2
2012-05-30 13:22:01,631-0500 INFO  LateBindingScheduler JobQueue: 2
2012-05-30 13:22:01,635-0500 INFO  LateBindingScheduler JobQueue: 2
2012-05-30 13:22:01,643-0500 INFO  LateBindingScheduler JobQueue: 2
2012-05-30 13:22:01,651-0500 INFO  LateBindingScheduler JobQueue: 2
2012-05-30 13:22:01,654-0500 INFO  vdl:initshareddir END host=localhost - Done initializing shared directory
2012-05-30 13:22:01,661-0500 DEBUG vdl:execute2 THREAD_ASSOCIATION jobid=sh-p5zfq2sk thread=0-1-0-1-1 host=localhost replicationGroup=o5zfq2sk
2012-05-30 13:22:01,682-0500 INFO  vdl:createdirset START jobid=sh-p5zfq2sk host=localhost - Initializing directory structure
2012-05-30 13:22:01,690-0500 INFO  vdl:createdirs START path=_concurrent dir=foreach-20120530-1321-sekm5xj1/shared - Creating directory structure
2012-05-30 13:22:01,693-0500 INFO  LateBindingScheduler JobQueue: 2
2012-05-30 13:22:01,695-0500 INFO  vdl:createdirset END jobid=sh-p5zfq2sk - Done initializing directory structure
2012-05-30 13:22:01,698-0500 INFO  vdl:dostagein START jobid=sh-p5zfq2sk - Staging in files
2012-05-30 13:22:01,724-0500 INFO  LateBindingScheduler JobQueue: 2
2012-05-30 13:22:01,736-0500 DEBUG vdl:dostagein CDM: file://localhost/scott3a.sh : DEFAULT
2012-05-30 13:22:01,740-0500 DEBUG vdl:dostageinfile FILE_STAGE_IN_START file=scott3a.sh srchost=localhost srcdir= srcname=scott3a.sh desthost=localhost destdir=foreach-20120530-1321-sekm5xj1/shared/ provider=file policy=DEFAULT
2012-05-30 13:22:01,744-0500 INFO  LateBindingScheduler JobQueue: 2
2012-05-30 13:22:01,747-0500 DEBUG vdl:dostageinfile FILE_STAGE_IN_END file=scott3a.sh srchost=localhost srcdir= srcname=scott3a.sh desthost=localhost destdir=foreach-20120530-1321-sekm5xj1/shared/ provider=file
2012-05-30 13:22:01,747-0500 INFO  vdl:dostagein END jobid=sh-p5zfq2sk - Staging in finished
2012-05-30 13:22:01,748-0500 DEBUG vdl:execute2 JOB_START jobid=sh-p5zfq2sk tr=sh arguments=[scott3a.sh] tmpdir=foreach-20120530-1321-sekm5xj1/jobs/p/sh-p5zfq2sk host=localhost
2012-05-30 13:22:01,752-0500 DEBUG textfiles BEGIN TC:
#This is the transformation catalog.
#
#It comes pre-configured with a number of simple transformations with
#paths that are likely to work on a linux box. However, on some systems,
#the paths to these executables will be different (for example, sometimes
#some of these programs are found in /usr/bin rather than in /bin)
#
#NOTE WELL: fields in this file must be separated by tabs, not spaces; and
#there must be no trailing whitespace at the end of each line.
#
# sitename  transformation  path   INSTALLED  platform  profiles
localhost 	echo 		/bin/echo	INSTALLED	INTEL32::LINUX	null
localhost 	cat 		/bin/cat	INSTALLED	INTEL32::LINUX	null
localhost 	ls 		/bin/ls		INSTALLED	INTEL32::LINUX	null
localhost 	grep 		/bin/grep	INSTALLED	INTEL32::LINUX	null
localhost 	sort 		/bin/sort	INSTALLED	INTEL32::LINUX	null
localhost 	paste 		/bin/paste	INSTALLED	INTEL32::LINUX	null
localhost 	cp 		/bin/cp         INSTALLED	INTEL32::LINUX	null
localhost 	touch 		/bin/touch      INSTALLED	INTEL32::LINUX	null
localhost	wc		/usr/bin/wc	INSTALLED	INTEL32::LINUX	null
localhost	sh		/bin/sh		INSTALLED	INTEL32::LINUX	null
localhost	sleep		/bin/sleep	INSTALLED	INTEL32::LINUX	null
localhost	tr		/usr/bin/tr	INSTALLED	INTEL32::LINUX	null
localhost	scott.sh	/Users/scottkrieder/swift/examples/swift/tutorial/scott.sh	INTSALLED	INTEL32::LINUX	null


2012-05-30 13:22:01,752-0500 DEBUG textfiles END TC:
2012-05-30 13:22:01,753-0500 WARN  File On line 24in File /usr/local/swift/bin/../etc/tc.data

java.lang.IllegalStateException: Error : Illegal TCType defined. Please specify one of the predefined types 
 [INSTALLED, SOURCE, STATIC_BINARY, DYNAMIC_BINARY, PACMAN_PACKAGE, SCRIPT]
	at org.globus.swift.catalog.types.TCType.fromValue(TCType.java:73)
	at org.globus.swift.catalog.types.TCType.fromString(TCType.java:85)
	at org.globus.swift.catalog.transformation.File.populateTC(File.java:1085)
	at org.globus.swift.catalog.transformation.File.populateTC(File.java:1034)
	at org.globus.swift.catalog.transformation.File.<init>(File.java:149)
	at org.globus.swift.catalog.transformation.File.getNonSingletonInstance(File.java:116)
	at org.griphyn.vdl.karajan.lib.VDLFunction.getTC(VDLFunction.java:492)
	at org.griphyn.vdl.karajan.lib.Executable.function(Executable.java:24)
	at org.griphyn.vdl.karajan.lib.VDLFunction.post(VDLFunction.java:62)
	at org.globus.cog.karajan.workflow.nodes.AbstractSequentialWithArguments.completed(AbstractSequentialWithArguments.java:194)
	at org.globus.cog.karajan.workflow.nodes.FlowNode.complete(FlowNode.java:214)
	at org.globus.cog.karajan.workflow.nodes.FlowContainer.post(FlowContainer.java:58)
	at org.globus.cog.karajan.workflow.nodes.functions.AbstractFunction.post(AbstractFunction.java:28)
	at org.globus.cog.karajan.workflow.nodes.Sequential.startNext(Sequential.java:29)
	at org.globus.cog.karajan.workflow.nodes.Sequential.executeChildren(Sequential.java:20)
	at org.globus.cog.karajan.workflow.nodes.FlowContainer.execute(FlowContainer.java:63)
	at org.globus.cog.karajan.workflow.nodes.FlowNode.restart(FlowNode.java:139)
	at org.globus.cog.karajan.workflow.nodes.FlowNode.start(FlowNode.java:197)
	at org.globus.cog.karajan.workflow.FlowElementWrapper.start(FlowElementWrapper.java:227)
	at org.globus.cog.karajan.workflow.events.EventBus.start(EventBus.java:104)
	at org.globus.cog.karajan.workflow.events.EventTargetPair.run(EventTargetPair.java:40)
	at java.util.concurrent.Executors$RunnableAdapter.call(Executors.java:471)
	at java.util.concurrent.FutureTask$Sync.innerRun(FutureTask.java:334)
	at java.util.concurrent.FutureTask.run(FutureTask.java:166)
	at java.util.concurrent.ThreadPoolExecutor.runWorker(ThreadPoolExecutor.java:1110)
	at java.util.concurrent.ThreadPoolExecutor$Worker.run(ThreadPoolExecutor.java:603)
	at java.lang.Thread.run(Thread.java:722)
2012-05-30 13:22:01,761-0500 INFO  GridExec TASK_DEFINITION: Task(type=JOB_SUBMISSION, identity=urn:0-1-0-1-1-1338402120518) is /bin/bash shared/_swiftwrap sh-p5zfq2sk -jobdir p -scratch  -e /bin/sh -out _concurrent/c-a6c9405f-a858-4be4-a55b-443dfcc11a20-1-0 -err stderr.txt -i -d _concurrent -if scott3a.sh -of _concurrent/c-a6c9405f-a858-4be4-a55b-443dfcc11a20-1-0 -k  -cdmfile  -status files -a scott3a.sh
2012-05-30 13:22:01,778-0500 INFO  JobSubmissionTaskHandler Submit: in: /var/tmp/foreach-20120530-1321-sekm5xj1 command: /bin/bash /var/tmp/foreach-20120530-1321-sekm5xj1/shared/_swiftwrap sh-p5zfq2sk -jobdir p -scratch  -e /bin/sh -out _concurrent/c-a6c9405f-a858-4be4-a55b-443dfcc11a20-1-0 -err stderr.txt -i -d _concurrent -if scott3a.sh -of _concurrent/c-a6c9405f-a858-4be4-a55b-443dfcc11a20-1-0 -k  -cdmfile  -status files -a scott3a.sh
2012-05-30 13:22:02,134-0500 INFO  LateBindingScheduler JobQueue: 2
2012-05-30 13:22:02,140-0500 DEBUG vdl:checkjobstatus START jobid=sh-p5zfq2sk
2012-05-30 13:22:02,144-0500 INFO  LateBindingScheduler JobQueue: 2
2012-05-30 13:22:02,145-0500 INFO  vdl:checkjobstatus SUCCESS jobid=sh-p5zfq2sk - Success file found
2012-05-30 13:22:02,148-0500 DEBUG vdl:execute2 STAGING_OUT jobid=sh-p5zfq2sk
2012-05-30 13:22:02,152-0500 INFO  vdl:dostageout START jobid=sh-p5zfq2sk - Staging out files
2012-05-30 13:22:02,153-0500 DEBUG vdl:dostageout stageouts: [[$, c:countfile - Open]]
2012-05-30 13:22:02,173-0500 DEBUG vdl:dostageout FILE_STAGE_OUT_START srcname=c-a6c9405f-a858-4be4-a55b-443dfcc11a20-1-0 srcdir=foreach-20120530-1321-sekm5xj1/shared/_concurrent srchost=localhost destdir=_concurrent desthost=localhost provider=file
2012-05-30 13:22:02,175-0500 INFO  LateBindingScheduler JobQueue: 2
2012-05-30 13:22:02,187-0500 INFO  LateBindingScheduler JobQueue: 2
2012-05-30 13:22:02,189-0500 DEBUG vdl:dostageout FILE_STAGE_OUT_END srcname=c-a6c9405f-a858-4be4-a55b-443dfcc11a20-1-0 srcdir=foreach-20120530-1321-sekm5xj1/shared/_concurrent srchost=localhost destdir=_concurrent desthost=localhost provider=file
2012-05-30 13:22:02,193-0500 INFO  LateBindingScheduler JobQueue: 2
2012-05-30 13:22:02,201-0500 INFO  vdl:dostageout END jobid=sh-p5zfq2sk - Staging out finished
2012-05-30 13:22:02,211-0500 DEBUG vdl:execute2 JOB_END jobid=sh-p5zfq2sk
2012-05-30 13:22:02,213-0500 INFO  vdl:execute END_SUCCESS thread=0-1-0-1 tr=sh
2012-05-30 13:22:02,216-0500 DEBUG countwords PROCEDURE_END line=4
2012-05-30 13:22:02,219-0500 DEBUG vdl:mains FOREACH_IT_END line=12 thread=0-1-0
2012-05-30 13:22:02,694-0500 INFO  WeightedHostScoreScheduler CONTACT_SELECTED host=localhost, score=1.995
2012-05-30 13:22:02,701-0500 DEBUG vdl:execute2 THREAD_ASSOCIATION jobid=sh-q5zfq2sk thread=0-1-2-1-1 host=localhost replicationGroup=n5zfq2sk
2012-05-30 13:22:02,711-0500 INFO  vdl:createdirset START jobid=sh-q5zfq2sk host=localhost - Initializing directory structure
2012-05-30 13:22:02,713-0500 INFO  vdl:createdirset END jobid=sh-q5zfq2sk - Done initializing directory structure
2012-05-30 13:22:02,714-0500 INFO  vdl:dostagein START jobid=sh-q5zfq2sk - Staging in files
2012-05-30 13:22:02,722-0500 INFO  LateBindingScheduler JobQueue: 1
2012-05-30 13:22:02,723-0500 DEBUG vdl:dostagein CDM: file://localhost/scott3c.sh : DEFAULT
2012-05-30 13:22:02,728-0500 DEBUG vdl:dostageinfile FILE_STAGE_IN_START file=scott3c.sh srchost=localhost srcdir= srcname=scott3c.sh desthost=localhost destdir=foreach-20120530-1321-sekm5xj1/shared/ provider=file policy=DEFAULT
2012-05-30 13:22:02,733-0500 INFO  LateBindingScheduler JobQueue: 1
2012-05-30 13:22:02,734-0500 DEBUG vdl:dostageinfile FILE_STAGE_IN_END file=scott3c.sh srchost=localhost srcdir= srcname=scott3c.sh desthost=localhost destdir=foreach-20120530-1321-sekm5xj1/shared/ provider=file
2012-05-30 13:22:02,735-0500 INFO  vdl:dostagein END jobid=sh-q5zfq2sk - Staging in finished
2012-05-30 13:22:02,737-0500 DEBUG vdl:execute2 JOB_START jobid=sh-q5zfq2sk tr=sh arguments=[scott3c.sh] tmpdir=foreach-20120530-1321-sekm5xj1/jobs/q/sh-q5zfq2sk host=localhost
2012-05-30 13:22:02,748-0500 INFO  GridExec TASK_DEFINITION: Task(type=JOB_SUBMISSION, identity=urn:0-1-2-1-1-1338402120534) is /bin/bash shared/_swiftwrap sh-q5zfq2sk -jobdir q -scratch  -e /bin/sh -out _concurrent/c-a6c9405f-a858-4be4-a55b-443dfcc11a20-1-2 -err stderr.txt -i -d _concurrent -if scott3c.sh -of _concurrent/c-a6c9405f-a858-4be4-a55b-443dfcc11a20-1-2 -k  -cdmfile  -status files -a scott3c.sh
2012-05-30 13:22:02,748-0500 INFO  JobSubmissionTaskHandler Submit: in: /var/tmp/foreach-20120530-1321-sekm5xj1 command: /bin/bash /var/tmp/foreach-20120530-1321-sekm5xj1/shared/_swiftwrap sh-q5zfq2sk -jobdir q -scratch  -e /bin/sh -out _concurrent/c-a6c9405f-a858-4be4-a55b-443dfcc11a20-1-2 -err stderr.txt -i -d _concurrent -if scott3c.sh -of _concurrent/c-a6c9405f-a858-4be4-a55b-443dfcc11a20-1-2 -k  -cdmfile  -status files -a scott3c.sh
2012-05-30 13:22:03,076-0500 INFO  LateBindingScheduler JobQueue: 1
2012-05-30 13:22:03,079-0500 DEBUG vdl:checkjobstatus START jobid=sh-q5zfq2sk
2012-05-30 13:22:03,081-0500 INFO  LateBindingScheduler JobQueue: 1
2012-05-30 13:22:03,082-0500 INFO  vdl:checkjobstatus SUCCESS jobid=sh-q5zfq2sk - Success file found
2012-05-30 13:22:03,084-0500 DEBUG vdl:execute2 STAGING_OUT jobid=sh-q5zfq2sk
2012-05-30 13:22:03,086-0500 INFO  vdl:dostageout START jobid=sh-q5zfq2sk - Staging out files
2012-05-30 13:22:03,086-0500 DEBUG vdl:dostageout stageouts: [[$, c:countfile - Open]]
2012-05-30 13:22:03,094-0500 DEBUG vdl:dostageout FILE_STAGE_OUT_START srcname=c-a6c9405f-a858-4be4-a55b-443dfcc11a20-1-2 srcdir=foreach-20120530-1321-sekm5xj1/shared/_concurrent srchost=localhost destdir=_concurrent desthost=localhost provider=file
2012-05-30 13:22:03,096-0500 INFO  LateBindingScheduler JobQueue: 1
2012-05-30 13:22:03,102-0500 INFO  LateBindingScheduler JobQueue: 1
2012-05-30 13:22:03,104-0500 DEBUG vdl:dostageout FILE_STAGE_OUT_END srcname=c-a6c9405f-a858-4be4-a55b-443dfcc11a20-1-2 srcdir=foreach-20120530-1321-sekm5xj1/shared/_concurrent srchost=localhost destdir=_concurrent desthost=localhost provider=file
2012-05-30 13:22:03,106-0500 INFO  LateBindingScheduler JobQueue: 1
2012-05-30 13:22:03,111-0500 INFO  vdl:dostageout END jobid=sh-q5zfq2sk - Staging out finished
2012-05-30 13:22:03,116-0500 DEBUG vdl:execute2 JOB_END jobid=sh-q5zfq2sk
2012-05-30 13:22:03,117-0500 INFO  vdl:execute END_SUCCESS thread=0-1-2-1 tr=sh
2012-05-30 13:22:03,118-0500 DEBUG countwords PROCEDURE_END line=4
2012-05-30 13:22:03,121-0500 DEBUG vdl:mains FOREACH_IT_END line=12 thread=0-1-2
2012-05-30 13:22:03,608-0500 INFO  WeightedHostScoreScheduler CONTACT_SELECTED host=localhost, score=2.615
2012-05-30 13:22:03,621-0500 DEBUG vdl:execute2 THREAD_ASSOCIATION jobid=sh-r5zfq2sk thread=0-1-1-1-1 host=localhost replicationGroup=m5zfq2sk
2012-05-30 13:22:03,642-0500 INFO  vdl:createdirset START jobid=sh-r5zfq2sk host=localhost - Initializing directory structure
2012-05-30 13:22:03,646-0500 INFO  vdl:createdirset END jobid=sh-r5zfq2sk - Done initializing directory structure
2012-05-30 13:22:03,649-0500 INFO  vdl:dostagein START jobid=sh-r5zfq2sk - Staging in files
2012-05-30 13:22:03,659-0500 INFO  LateBindingScheduler JobQueue: 0
2012-05-30 13:22:03,661-0500 DEBUG vdl:dostagein CDM: file://localhost/scott3b.sh : DEFAULT
2012-05-30 13:22:03,667-0500 DEBUG vdl:dostageinfile FILE_STAGE_IN_START file=scott3b.sh srchost=localhost srcdir= srcname=scott3b.sh desthost=localhost destdir=foreach-20120530-1321-sekm5xj1/shared/ provider=file policy=DEFAULT
2012-05-30 13:22:03,672-0500 INFO  LateBindingScheduler JobQueue: 0
2012-05-30 13:22:03,674-0500 DEBUG vdl:dostageinfile FILE_STAGE_IN_END file=scott3b.sh srchost=localhost srcdir= srcname=scott3b.sh desthost=localhost destdir=foreach-20120530-1321-sekm5xj1/shared/ provider=file
2012-05-30 13:22:03,676-0500 INFO  vdl:dostagein END jobid=sh-r5zfq2sk - Staging in finished
2012-05-30 13:22:03,679-0500 DEBUG vdl:execute2 JOB_START jobid=sh-r5zfq2sk tr=sh arguments=[scott3b.sh] tmpdir=foreach-20120530-1321-sekm5xj1/jobs/r/sh-r5zfq2sk host=localhost
2012-05-30 13:22:03,692-0500 INFO  GridExec TASK_DEFINITION: Task(type=JOB_SUBMISSION, identity=urn:0-1-1-1-1-1338402120550) is /bin/bash shared/_swiftwrap sh-r5zfq2sk -jobdir r -scratch  -e /bin/sh -out _concurrent/c-a6c9405f-a858-4be4-a55b-443dfcc11a20-1-1 -err stderr.txt -i -d _concurrent -if scott3b.sh -of _concurrent/c-a6c9405f-a858-4be4-a55b-443dfcc11a20-1-1 -k  -cdmfile  -status files -a scott3b.sh
2012-05-30 13:22:03,693-0500 INFO  JobSubmissionTaskHandler Submit: in: /var/tmp/foreach-20120530-1321-sekm5xj1 command: /bin/bash /var/tmp/foreach-20120530-1321-sekm5xj1/shared/_swiftwrap sh-r5zfq2sk -jobdir r -scratch  -e /bin/sh -out _concurrent/c-a6c9405f-a858-4be4-a55b-443dfcc11a20-1-1 -err stderr.txt -i -d _concurrent -if scott3b.sh -of _concurrent/c-a6c9405f-a858-4be4-a55b-443dfcc11a20-1-1 -k  -cdmfile  -status files -a scott3b.sh
2012-05-30 13:22:04,041-0500 INFO  LateBindingScheduler JobQueue: 0
2012-05-30 13:22:04,045-0500 DEBUG vdl:checkjobstatus START jobid=sh-r5zfq2sk
2012-05-30 13:22:04,049-0500 INFO  LateBindingScheduler JobQueue: 0
2012-05-30 13:22:04,050-0500 INFO  vdl:checkjobstatus SUCCESS jobid=sh-r5zfq2sk - Success file found
2012-05-30 13:22:04,052-0500 DEBUG vdl:execute2 STAGING_OUT jobid=sh-r5zfq2sk
2012-05-30 13:22:04,054-0500 INFO  vdl:dostageout START jobid=sh-r5zfq2sk - Staging out files
2012-05-30 13:22:04,055-0500 DEBUG vdl:dostageout stageouts: [[$, c:countfile - Open]]
2012-05-30 13:22:04,065-0500 DEBUG vdl:dostageout FILE_STAGE_OUT_START srcname=c-a6c9405f-a858-4be4-a55b-443dfcc11a20-1-1 srcdir=foreach-20120530-1321-sekm5xj1/shared/_concurrent srchost=localhost destdir=_concurrent desthost=localhost provider=file
2012-05-30 13:22:04,068-0500 INFO  LateBindingScheduler JobQueue: 0
2012-05-30 13:22:04,076-0500 INFO  LateBindingScheduler JobQueue: 0
2012-05-30 13:22:04,078-0500 DEBUG vdl:dostageout FILE_STAGE_OUT_END srcname=c-a6c9405f-a858-4be4-a55b-443dfcc11a20-1-1 srcdir=foreach-20120530-1321-sekm5xj1/shared/_concurrent srchost=localhost destdir=_concurrent desthost=localhost provider=file
2012-05-30 13:22:04,081-0500 INFO  LateBindingScheduler JobQueue: 0
2012-05-30 13:22:04,087-0500 INFO  vdl:dostageout END jobid=sh-r5zfq2sk - Staging out finished
2012-05-30 13:22:04,092-0500 DEBUG vdl:execute2 JOB_END jobid=sh-r5zfq2sk
2012-05-30 13:22:04,094-0500 INFO  vdl:execute END_SUCCESS thread=0-1-1-1 tr=sh
2012-05-30 13:22:04,095-0500 DEBUG countwords PROCEDURE_END line=4
2012-05-30 13:22:04,098-0500 DEBUG vdl:mains FOREACH_IT_END line=12 thread=0-1-1
2012-05-30 13:22:04,128-0500 DEBUG vdl:mains Starting cleanups
2012-05-30 13:22:04,129-0500 INFO  vdl:cleanups START cleanups=[[foreach-20120530-1321-sekm5xj1, localhost]]
2012-05-30 13:22:04,130-0500 INFO  vdl:cleanup START dir=foreach-20120530-1321-sekm5xj1 host=localhost
2012-05-30 13:22:04,131-0500 DEBUG vdl:cleanup cdmfile 
2012-05-30 13:22:04,133-0500 INFO  GridExec TASK_DEFINITION: Task(type=JOB_SUBMISSION, identity=urn:0-1-1338402120561) is /bin/rm -rf foreach-20120530-1321-sekm5xj1
2012-05-30 13:22:04,135-0500 INFO  JobSubmissionTaskHandler Submit: in: /var/tmp command: /bin/rm -rf foreach-20120530-1321-sekm5xj1
2012-05-30 13:22:04,136-0500 INFO  LateBindingScheduler JobQueue: 0
2012-05-30 13:22:04,137-0500 INFO  vdl:cleanup END dir=foreach-20120530-1321-sekm5xj1 host=localhost
2012-05-30 13:22:04,138-0500 INFO  vdl:cleanups END cleanups=[[foreach-20120530-1321-sekm5xj1, localhost]]
2012-05-30 13:22:04,138-0500 DEBUG vdl:mains Ending cleanups
2012-05-30 13:22:04,139-0500 INFO  Loader Swift finished with no errors
