2012-06-06 15:31:38,579-0500 DEBUG Loader arguments: [-tc.file, tc.data, hello16.swift]
2012-06-06 15:31:38,579-0500 DEBUG Loader Max heap: 252248064
2012-06-06 15:31:38,580-0500 DEBUG textfiles BEGIN SWIFTSCRIPT:

type messagefile; 
type countfile; 

app (countfile t) countwords (messagefile f) {   
     hello stdout=@filename(t);
}

string inputNames = "1 2 3 4 5 6 7 8 9 10 11 12 13 14 15 16";

messagefile inputfiles[] <fixed_array_mapper;files=inputNames>;

foreach f, i in inputfiles {
  countfile c <single_file_mapper; file=@strcat(i, ".result")>;
  c = countwords(f);
}


2012-06-06 15:31:38,580-0500 DEBUG textfiles END SWIFTSCRIPT:
2012-06-06 15:31:38,580-0500 INFO  Loader hello16.swift: source file is new. Recompiling.
2012-06-06 15:31:38,581-0500 DEBUG Loader kmlversion is >239b8550-a5ff-44be-a124-5e7ecd70737d<
2012-06-06 15:31:38,581-0500 DEBUG Loader build version is >239b8550-a5ff-44be-a124-5e7ecd70737d<
2012-06-06 15:31:39,155-0500 INFO  Karajan Validation of XML intermediate file was successful
2012-06-06 15:31:39,349-0500 DEBUG Loader setting: tc.file to: tc.data
2012-06-06 15:31:39,349-0500 DEBUG textfiles using default sites file
2012-06-06 15:31:39,353-0500 INFO  VDL2ExecutionContext Stack dump:
Level 1
[iA = 0, iB = 0, bA = false, bB = false]
	vdl:instanceconfig = Swift configuration []
	vdl:operation = run
	swift.home = /usr/local/swift/bin/..
	PATH_SEPARATOR = /


2012-06-06 15:31:39,972-0500 INFO  unknown Using sites file: /usr/local/swift/bin/../etc/sites.xml
2012-06-06 15:31:40,011-0500 INFO  unknown Using tc.data: tc.data
2012-06-06 15:31:40,112-0500 INFO  AbstractScheduler Setting resources to: {localhost=localhost}
2012-06-06 15:31:40,795-0500 INFO  unknown Swift 0.93 swift-r5483 cog-r3339

2012-06-06 15:31:40,797-0500 INFO  unknown RUNID id=run:20120606-1531-rt2ip6jb
2012-06-06 15:31:40,873-0500 INFO  SetFieldValue Set: inputNames=1 2 3 4 5 6 7 8 9 10 11 12 13 14 15 16
2012-06-06 15:31:40,883-0500 INFO  RootDataNode Found data inputfiles:messagefile[] - Open.[0]
2012-06-06 15:31:40,883-0500 INFO  RootDataNode Found data inputfiles:messagefile[] - Open.[1]
2012-06-06 15:31:40,883-0500 INFO  RootDataNode Found data inputfiles:messagefile[] - Open.[2]
2012-06-06 15:31:40,883-0500 INFO  RootDataNode Found data inputfiles:messagefile[] - Open.[3]
2012-06-06 15:31:40,883-0500 INFO  RootDataNode Found data inputfiles:messagefile[] - Open.[4]
2012-06-06 15:31:40,884-0500 INFO  RootDataNode Found data inputfiles:messagefile[] - Open.[5]
2012-06-06 15:31:40,884-0500 INFO  RootDataNode Found data inputfiles:messagefile[] - Open.[6]
2012-06-06 15:31:40,884-0500 INFO  RootDataNode Found data inputfiles:messagefile[] - Open.[7]
2012-06-06 15:31:40,884-0500 INFO  RootDataNode Found data inputfiles:messagefile[] - Open.[8]
2012-06-06 15:31:40,884-0500 INFO  RootDataNode Found data inputfiles:messagefile[] - Open.[9]
2012-06-06 15:31:40,884-0500 INFO  RootDataNode Found data inputfiles:messagefile[] - Open.[10]
2012-06-06 15:31:40,884-0500 INFO  RootDataNode Found data inputfiles:messagefile[] - Open.[11]
2012-06-06 15:31:40,884-0500 INFO  RootDataNode Found data inputfiles:messagefile[] - Open.[12]
2012-06-06 15:31:40,884-0500 INFO  RootDataNode Found data inputfiles:messagefile[] - Open.[13]
2012-06-06 15:31:40,884-0500 INFO  RootDataNode Found data inputfiles:messagefile[] - Open.[14]
2012-06-06 15:31:40,884-0500 INFO  RootDataNode Found data inputfiles:messagefile[] - Open.[15]
2012-06-06 15:31:40,890-0500 DEBUG vdl:mains FOREACH_IT_START line=13 thread=0-1-4
2012-06-06 15:31:40,890-0500 DEBUG vdl:mains FOREACH_IT_START line=13 thread=0-1-1
2012-06-06 15:31:40,890-0500 DEBUG vdl:mains FOREACH_IT_START line=13 thread=0-1-5
2012-06-06 15:31:40,891-0500 DEBUG vdl:mains FOREACH_IT_START line=13 thread=0-1-2
2012-06-06 15:31:40,892-0500 DEBUG vdl:mains SCOPE thread=0-1-1
2012-06-06 15:31:40,892-0500 DEBUG vdl:mains FOREACH_IT_START line=13 thread=0-1-11
2012-06-06 15:31:40,890-0500 DEBUG vdl:mains FOREACH_IT_START line=13 thread=0-1-9
2012-06-06 15:31:40,891-0500 DEBUG vdl:mains FOREACH_IT_START line=13 thread=0-1-3
2012-06-06 15:31:40,890-0500 DEBUG vdl:mains FOREACH_IT_START line=13 thread=0-1-6
2012-06-06 15:31:40,893-0500 DEBUG vdl:mains FOREACH_IT_START line=13 thread=0-1-13
2012-06-06 15:31:40,893-0500 DEBUG vdl:mains FOREACH_IT_START line=13 thread=0-1-10
2012-06-06 15:31:40,894-0500 DEBUG vdl:mains FOREACH_IT_START line=13 thread=0-1-15
2012-06-06 15:31:40,892-0500 DEBUG vdl:mains SCOPE thread=0-1-2
2012-06-06 15:31:40,892-0500 DEBUG vdl:mains FOREACH_IT_START line=13 thread=0-1-8
2012-06-06 15:31:40,892-0500 DEBUG vdl:mains FOREACH_IT_START line=13 thread=0-1-7
2012-06-06 15:31:40,895-0500 DEBUG vdl:mains SCOPE thread=0-1-15
2012-06-06 15:31:40,895-0500 DEBUG vdl:mains SCOPE thread=0-1-4
2012-06-06 15:31:40,895-0500 DEBUG vdl:mains SCOPE thread=0-1-5
2012-06-06 15:31:40,895-0500 DEBUG vdl:mains SCOPE thread=0-1-13
2012-06-06 15:31:40,894-0500 DEBUG vdl:mains FOREACH_IT_START line=13 thread=0-1-12
2012-06-06 15:31:40,894-0500 DEBUG vdl:mains SCOPE thread=0-1-9
2012-06-06 15:31:40,894-0500 DEBUG vdl:mains SCOPE thread=0-1-3
2012-06-06 15:31:40,894-0500 DEBUG vdl:mains SCOPE thread=0-1-6
2012-06-06 15:31:40,894-0500 DEBUG vdl:mains FOREACH_IT_START line=13 thread=0-1-14
2012-06-06 15:31:40,898-0500 DEBUG vdl:mains SCOPE thread=0-1-14
2012-06-06 15:31:40,893-0500 DEBUG vdl:mains SCOPE thread=0-1-11
2012-06-06 15:31:40,897-0500 DEBUG vdl:mains SCOPE thread=0-1-12
2012-06-06 15:31:40,896-0500 DEBUG vdl:mains FOREACH_IT_START line=13 thread=0-1-0
2012-06-06 15:31:40,896-0500 DEBUG vdl:mains SCOPE thread=0-1-7
2012-06-06 15:31:40,896-0500 DEBUG vdl:mains SCOPE thread=0-1-8
2012-06-06 15:31:40,896-0500 DEBUG vdl:mains SCOPE thread=0-1-10
2012-06-06 15:31:40,902-0500 DEBUG vdl:mains SCOPE thread=0-1-0
2012-06-06 15:31:40,907-0500 INFO  SetFieldValue Set: swift#mapper#17001=3.result
2012-06-06 15:31:40,910-0500 INFO  SetFieldValue Set: swift#mapper#17001=2.result
2012-06-06 15:31:40,911-0500 INFO  SetFieldValue Set: swift#mapper#17001=6.result
2012-06-06 15:31:40,911-0500 INFO  SetFieldValue Set: swift#mapper#17001=15.result
2012-06-06 15:31:40,914-0500 DEBUG countwords PROCEDURE line=5 thread=0-1-3-1 name=countwords
2012-06-06 15:31:40,914-0500 INFO  SetFieldValue Set: swift#mapper#17001=13.result
2012-06-06 15:31:40,915-0500 INFO  SetFieldValue Set: swift#mapper#17001=9.result
2012-06-06 15:31:40,915-0500 INFO  SetFieldValue Set: swift#mapper#17001=12.result
2012-06-06 15:31:40,914-0500 INFO  SetFieldValue Set: swift#mapper#17001=5.result
2012-06-06 15:31:40,915-0500 DEBUG countwords PROCEDURE line=5 thread=0-1-2-1 name=countwords
2012-06-06 15:31:40,916-0500 DEBUG countwords PROCEDURE line=5 thread=0-1-15-1 name=countwords
2012-06-06 15:31:40,917-0500 INFO  SetFieldValue Set: swift#mapper#17001=4.result
2012-06-06 15:31:40,917-0500 INFO  SetFieldValue Set: swift#mapper#17001=11.result
2012-06-06 15:31:40,917-0500 INFO  SetFieldValue Set: swift#mapper#17001=14.result
2012-06-06 15:31:40,917-0500 DEBUG countwords PROCEDURE line=5 thread=0-1-6-1 name=countwords
2012-06-06 15:31:40,917-0500 INFO  SetFieldValue Set: swift#mapper#17001=10.result
2012-06-06 15:31:40,918-0500 DEBUG countwords PROCEDURE line=5 thread=0-1-13-1 name=countwords
2012-06-06 15:31:40,918-0500 DEBUG countwords PROCEDURE line=5 thread=0-1-9-1 name=countwords
2012-06-06 15:31:40,918-0500 INFO  SetFieldValue Set: swift#mapper#17001=0.result
2012-06-06 15:31:40,918-0500 DEBUG countwords PROCEDURE line=5 thread=0-1-12-1 name=countwords
2012-06-06 15:31:40,919-0500 INFO  SetFieldValue Set: swift#mapper#17001=8.result
2012-06-06 15:31:40,920-0500 DEBUG countwords PROCEDURE line=5 thread=0-1-4-1 name=countwords
2012-06-06 15:31:40,914-0500 INFO  SetFieldValue Set: swift#mapper#17001=1.result
2012-06-06 15:31:40,920-0500 DEBUG countwords PROCEDURE line=5 thread=0-1-14-1 name=countwords
2012-06-06 15:31:40,920-0500 DEBUG countwords PROCEDURE line=5 thread=0-1-10-1 name=countwords
2012-06-06 15:31:40,921-0500 DEBUG countwords PROCEDURE line=5 thread=0-1-8-1 name=countwords
2012-06-06 15:31:40,921-0500 DEBUG countwords PROCEDURE line=5 thread=0-1-7-1 name=countwords
2012-06-06 15:31:40,920-0500 INFO  SetFieldValue Set: swift#mapper#17001=7.result
2012-06-06 15:31:40,920-0500 DEBUG countwords PROCEDURE line=5 thread=0-1-11-1 name=countwords
2012-06-06 15:31:40,919-0500 DEBUG countwords PROCEDURE line=5 thread=0-1-1-1 name=countwords
2012-06-06 15:31:40,918-0500 DEBUG countwords PROCEDURE line=5 thread=0-1-5-1 name=countwords
2012-06-06 15:31:40,921-0500 DEBUG countwords PROCEDURE line=5 thread=0-1-0-1 name=countwords
2012-06-06 15:31:40,925-0500 INFO  vdl:execute START thread=0-1-7-1 tr=hello
2012-06-06 15:31:40,925-0500 INFO  vdl:execute START thread=0-1-4-1 tr=hello
2012-06-06 15:31:40,925-0500 INFO  vdl:execute START thread=0-1-2-1 tr=hello
2012-06-06 15:31:40,925-0500 INFO  vdl:execute START thread=0-1-14-1 tr=hello
2012-06-06 15:31:40,926-0500 INFO  vdl:execute START thread=0-1-6-1 tr=hello
2012-06-06 15:31:40,926-0500 INFO  vdl:execute START thread=0-1-13-1 tr=hello
2012-06-06 15:31:40,926-0500 INFO  vdl:execute START thread=0-1-10-1 tr=hello
2012-06-06 15:31:40,926-0500 INFO  vdl:execute START thread=0-1-8-1 tr=hello
2012-06-06 15:31:40,927-0500 INFO  vdl:execute START thread=0-1-9-1 tr=hello
2012-06-06 15:31:40,927-0500 INFO  vdl:execute START thread=0-1-12-1 tr=hello
2012-06-06 15:31:40,927-0500 INFO  vdl:execute START thread=0-1-15-1 tr=hello
2012-06-06 15:31:40,927-0500 INFO  vdl:execute START thread=0-1-1-1 tr=hello
2012-06-06 15:31:40,928-0500 INFO  vdl:execute START thread=0-1-11-1 tr=hello
2012-06-06 15:31:40,928-0500 INFO  vdl:execute START thread=0-1-3-1 tr=hello
2012-06-06 15:31:40,929-0500 INFO  vdl:execute START thread=0-1-5-1 tr=hello
2012-06-06 15:31:40,929-0500 INFO  vdl:execute START thread=0-1-0-1 tr=hello
2012-06-06 15:31:40,941-0500 INFO  WeightedHostScoreScheduler CONTACT_SELECTED host=localhost, score=1.000
2012-06-06 15:31:40,942-0500 INFO  WeightedHostScoreScheduler CONTACT_SELECTED host=localhost, score=1.000
2012-06-06 15:31:40,942-0500 INFO  WeightedHostScoreScheduler CONTACT_SELECTED host=localhost, score=1.000
2012-06-06 15:31:40,942-0500 INFO  WeightedHostScoreScheduler CONTACT_SELECTED host=localhost, score=1.000
2012-06-06 15:31:40,942-0500 INFO  WeightedHostScoreScheduler CONTACT_SELECTED host=localhost, score=1.000
2012-06-06 15:31:40,942-0500 INFO  WeightedHostScoreScheduler CONTACT_SELECTED host=localhost, score=1.000
2012-06-06 15:31:40,943-0500 INFO  WeightedHostScoreScheduler CONTACT_SELECTED host=localhost, score=1.000
2012-06-06 15:31:40,943-0500 INFO  WeightedHostScoreScheduler CONTACT_SELECTED host=localhost, score=1.000
2012-06-06 15:31:40,943-0500 INFO  WeightedHostScoreScheduler CONTACT_SELECTED host=localhost, score=1.000
2012-06-06 15:31:40,943-0500 INFO  WeightedHostScoreScheduler CONTACT_SELECTED host=localhost, score=1.000
2012-06-06 15:31:40,943-0500 INFO  WeightedHostScoreScheduler CONTACT_SELECTED host=localhost, score=1.000
2012-06-06 15:31:40,943-0500 INFO  WeightedHostScoreScheduler CONTACT_SELECTED host=localhost, score=1.000
2012-06-06 15:31:40,944-0500 INFO  WeightedHostScoreScheduler CONTACT_SELECTED host=localhost, score=1.000
2012-06-06 15:31:40,944-0500 INFO  WeightedHostScoreScheduler CONTACT_SELECTED host=localhost, score=1.000
2012-06-06 15:31:40,944-0500 INFO  WeightedHostScoreScheduler CONTACT_SELECTED host=localhost, score=1.000
2012-06-06 15:31:40,944-0500 INFO  WeightedHostScoreScheduler CONTACT_SELECTED host=localhost, score=1.000
2012-06-06 15:31:40,945-0500 INFO  GlobalSubmitQueue No global submit throttle set. Using default (1024)
2012-06-06 15:31:40,946-0500 INFO  LateBindingScheduler JobQueue: 0
2012-06-06 15:31:40,947-0500 INFO  LateBindingScheduler JobQueue: 0
2012-06-06 15:31:40,950-0500 INFO  vdl:initshareddir START host=localhost - Initializing shared directory
2012-06-06 15:31:40,953-0500 INFO  LateBindingScheduler JobQueue: 0
2012-06-06 15:31:40,961-0500 INFO  LateBindingScheduler JobQueue: 0
2012-06-06 15:31:40,963-0500 INFO  LateBindingScheduler JobQueue: 0
2012-06-06 15:31:40,964-0500 INFO  LateBindingScheduler JobQueue: 0
2012-06-06 15:31:40,967-0500 INFO  LateBindingScheduler JobQueue: 0
2012-06-06 15:31:40,969-0500 INFO  LateBindingScheduler JobQueue: 0
2012-06-06 15:31:40,971-0500 INFO  vdl:initshareddir END host=localhost - Done initializing shared directory
2012-06-06 15:31:40,976-0500 DEBUG vdl:execute2 THREAD_ASSOCIATION jobid=hello-43jneesk thread=0-1-14-1-1 host=localhost replicationGroup=c2jneesk
2012-06-06 15:31:40,976-0500 DEBUG vdl:execute2 THREAD_ASSOCIATION jobid=hello-63jneesk thread=0-1-2-1-1 host=localhost replicationGroup=e2jneesk
2012-06-06 15:31:40,976-0500 DEBUG vdl:execute2 THREAD_ASSOCIATION jobid=hello-z2jneesk thread=0-1-7-1-1 host=localhost replicationGroup=q2jneesk
2012-06-06 15:31:40,977-0500 DEBUG vdl:execute2 THREAD_ASSOCIATION jobid=hello-23jneesk thread=0-1-4-1-1 host=localhost replicationGroup=l2jneesk
2012-06-06 15:31:40,977-0500 DEBUG vdl:execute2 THREAD_ASSOCIATION jobid=hello-x2jneesk thread=0-1-1-1-1 host=localhost replicationGroup=d2jneesk
2012-06-06 15:31:40,977-0500 DEBUG vdl:execute2 THREAD_ASSOCIATION jobid=hello-53jneesk thread=0-1-13-1-1 host=localhost replicationGroup=m2jneesk
2012-06-06 15:31:40,978-0500 DEBUG vdl:execute2 THREAD_ASSOCIATION jobid=hello-y2jneesk thread=0-1-0-1-1 host=localhost replicationGroup=o2jneesk
2012-06-06 15:31:40,976-0500 DEBUG vdl:execute2 THREAD_ASSOCIATION jobid=hello-73jneesk thread=0-1-8-1-1 host=localhost replicationGroup=g2jneesk
2012-06-06 15:31:40,976-0500 DEBUG vdl:execute2 THREAD_ASSOCIATION jobid=hello-83jneesk thread=0-1-10-1-1 host=localhost replicationGroup=j2jneesk
2012-06-06 15:31:40,978-0500 DEBUG vdl:execute2 THREAD_ASSOCIATION jobid=hello-13jneesk thread=0-1-15-1-1 host=localhost replicationGroup=f2jneesk
2012-06-06 15:31:40,981-0500 DEBUG vdl:execute2 THREAD_ASSOCIATION jobid=hello-33jneesk thread=0-1-6-1-1 host=localhost replicationGroup=k2jneesk
2012-06-06 15:31:40,976-0500 DEBUG vdl:execute2 THREAD_ASSOCIATION jobid=hello-s2jneesk thread=0-1-3-1-1 host=localhost replicationGroup=r2jneesk
2012-06-06 15:31:40,976-0500 DEBUG vdl:execute2 THREAD_ASSOCIATION jobid=hello-t2jneesk thread=0-1-9-1-1 host=localhost replicationGroup=h2jneesk
2012-06-06 15:31:40,976-0500 DEBUG vdl:execute2 THREAD_ASSOCIATION jobid=hello-03jneesk thread=0-1-5-1-1 host=localhost replicationGroup=p2jneesk
2012-06-06 15:31:40,986-0500 DEBUG vdl:execute2 THREAD_ASSOCIATION jobid=hello-u2jneesk thread=0-1-12-1-1 host=localhost replicationGroup=i2jneesk
2012-06-06 15:31:40,989-0500 DEBUG vdl:execute2 THREAD_ASSOCIATION jobid=hello-v2jneesk thread=0-1-11-1-1 host=localhost replicationGroup=n2jneesk
2012-06-06 15:31:40,993-0500 INFO  vdl:createdirset START jobid=hello-43jneesk host=localhost - Initializing directory structure
2012-06-06 15:31:40,994-0500 INFO  vdl:createdirset START jobid=hello-03jneesk host=localhost - Initializing directory structure
2012-06-06 15:31:40,994-0500 INFO  vdl:createdirset START jobid=hello-73jneesk host=localhost - Initializing directory structure
2012-06-06 15:31:40,994-0500 INFO  vdl:createdirset START jobid=hello-83jneesk host=localhost - Initializing directory structure
2012-06-06 15:31:40,995-0500 INFO  vdl:createdirset END jobid=hello-03jneesk - Done initializing directory structure
2012-06-06 15:31:40,994-0500 INFO  vdl:createdirset START jobid=hello-y2jneesk host=localhost - Initializing directory structure
2012-06-06 15:31:40,995-0500 INFO  vdl:createdirset END jobid=hello-43jneesk - Done initializing directory structure
2012-06-06 15:31:40,995-0500 INFO  vdl:createdirset START jobid=hello-u2jneesk host=localhost - Initializing directory structure
2012-06-06 15:31:40,996-0500 INFO  vdl:createdirset END jobid=hello-y2jneesk - Done initializing directory structure
2012-06-06 15:31:40,996-0500 INFO  vdl:createdirset START jobid=hello-23jneesk host=localhost - Initializing directory structure
2012-06-06 15:31:40,996-0500 INFO  vdl:createdirset START jobid=hello-13jneesk host=localhost - Initializing directory structure
2012-06-06 15:31:40,996-0500 INFO  vdl:createdirset END jobid=hello-73jneesk - Done initializing directory structure
2012-06-06 15:31:40,996-0500 INFO  vdl:createdirset START jobid=hello-63jneesk host=localhost - Initializing directory structure
2012-06-06 15:31:40,996-0500 INFO  vdl:createdirset END jobid=hello-23jneesk - Done initializing directory structure
2012-06-06 15:31:40,996-0500 INFO  vdl:dostagein START jobid=hello-y2jneesk - Staging in files
2012-06-06 15:31:40,997-0500 INFO  vdl:createdirset START jobid=hello-53jneesk host=localhost - Initializing directory structure
2012-06-06 15:31:40,995-0500 INFO  vdl:createdirset END jobid=hello-83jneesk - Done initializing directory structure
2012-06-06 15:31:40,997-0500 INFO  vdl:createdirset START jobid=hello-t2jneesk host=localhost - Initializing directory structure
2012-06-06 15:31:40,997-0500 INFO  vdl:createdirset END jobid=hello-63jneesk - Done initializing directory structure
2012-06-06 15:31:40,997-0500 INFO  vdl:createdirset START jobid=hello-x2jneesk host=localhost - Initializing directory structure
2012-06-06 15:31:40,997-0500 INFO  vdl:createdirset END jobid=hello-53jneesk - Done initializing directory structure
2012-06-06 15:31:40,997-0500 INFO  vdl:dostagein START jobid=hello-23jneesk - Staging in files
2012-06-06 15:31:40,998-0500 INFO  vdl:createdirset END jobid=hello-t2jneesk - Done initializing directory structure
2012-06-06 15:31:40,998-0500 INFO  vdl:createdirset END jobid=hello-x2jneesk - Done initializing directory structure
2012-06-06 15:31:40,996-0500 INFO  vdl:dostagein START jobid=hello-03jneesk - Staging in files
2012-06-06 15:31:40,998-0500 INFO  vdl:dostagein START jobid=hello-83jneesk - Staging in files
2012-06-06 15:31:40,996-0500 INFO  vdl:createdirset END jobid=hello-u2jneesk - Done initializing directory structure
2012-06-06 15:31:40,995-0500 INFO  vdl:createdirset START jobid=hello-s2jneesk host=localhost - Initializing directory structure
2012-06-06 15:31:40,998-0500 INFO  vdl:createdirset START jobid=hello-33jneesk host=localhost - Initializing directory structure
2012-06-06 15:31:40,998-0500 INFO  vdl:dostagein START jobid=hello-63jneesk - Staging in files
2012-06-06 15:31:40,999-0500 INFO  vdl:dostagein START jobid=hello-x2jneesk - Staging in files
2012-06-06 15:31:40,999-0500 INFO  vdl:dostagein START jobid=hello-43jneesk - Staging in files
2012-06-06 15:31:40,999-0500 INFO  vdl:dostagein START jobid=hello-53jneesk - Staging in files
2012-06-06 15:31:40,997-0500 INFO  vdl:createdirset END jobid=hello-13jneesk - Done initializing directory structure
2012-06-06 15:31:41,000-0500 INFO  vdl:dostagein START jobid=hello-u2jneesk - Staging in files
2012-06-06 15:31:41,001-0500 INFO  vdl:dostagein START jobid=hello-13jneesk - Staging in files
2012-06-06 15:31:40,997-0500 INFO  vdl:dostagein START jobid=hello-73jneesk - Staging in files
2012-06-06 15:31:40,999-0500 INFO  vdl:dostagein START jobid=hello-t2jneesk - Staging in files
2012-06-06 15:31:40,999-0500 INFO  vdl:createdirset END jobid=hello-33jneesk - Done initializing directory structure
2012-06-06 15:31:40,999-0500 INFO  vdl:createdirset START jobid=hello-v2jneesk host=localhost - Initializing directory structure
2012-06-06 15:31:40,999-0500 INFO  vdl:createdirset END jobid=hello-s2jneesk - Done initializing directory structure
2012-06-06 15:31:40,998-0500 INFO  vdl:createdirset START jobid=hello-z2jneesk host=localhost - Initializing directory structure
2012-06-06 15:31:41,003-0500 INFO  vdl:createdirset END jobid=hello-z2jneesk - Done initializing directory structure
2012-06-06 15:31:41,003-0500 INFO  vdl:createdirset END jobid=hello-v2jneesk - Done initializing directory structure
2012-06-06 15:31:41,003-0500 INFO  vdl:dostagein START jobid=hello-s2jneesk - Staging in files
2012-06-06 15:31:41,004-0500 INFO  vdl:dostagein START jobid=hello-z2jneesk - Staging in files
2012-06-06 15:31:41,005-0500 INFO  vdl:dostagein START jobid=hello-33jneesk - Staging in files
2012-06-06 15:31:41,006-0500 INFO  vdl:dostagein START jobid=hello-v2jneesk - Staging in files
2012-06-06 15:31:41,010-0500 INFO  LateBindingScheduler JobQueue: 8
2012-06-06 15:31:41,010-0500 INFO  LateBindingScheduler JobQueue: 8
2012-06-06 15:31:41,010-0500 INFO  LateBindingScheduler JobQueue: 6
2012-06-06 15:31:41,010-0500 INFO  LateBindingScheduler JobQueue: 6
2012-06-06 15:31:41,011-0500 INFO  LateBindingScheduler JobQueue: 4
2012-06-06 15:31:41,011-0500 INFO  LateBindingScheduler JobQueue: 4
2012-06-06 15:31:41,011-0500 INFO  LateBindingScheduler JobQueue: 2
2012-06-06 15:31:41,012-0500 INFO  LateBindingScheduler JobQueue: 2
2012-06-06 15:31:41,012-0500 INFO  LateBindingScheduler JobQueue: 0
2012-06-06 15:31:41,012-0500 INFO  LateBindingScheduler JobQueue: 0
2012-06-06 15:31:41,013-0500 INFO  LateBindingScheduler JobQueue: 0
2012-06-06 15:31:41,013-0500 INFO  LateBindingScheduler JobQueue: 0
2012-06-06 15:31:41,013-0500 INFO  LateBindingScheduler JobQueue: 0
2012-06-06 15:31:41,013-0500 INFO  LateBindingScheduler JobQueue: 0
2012-06-06 15:31:41,013-0500 DEBUG vdl:dostagein CDM: file://localhost/15 : DEFAULT
2012-06-06 15:31:41,013-0500 DEBUG vdl:dostagein CDM: file://localhost/3 : DEFAULT
2012-06-06 15:31:41,014-0500 INFO  LateBindingScheduler JobQueue: 0
2012-06-06 15:31:41,014-0500 INFO  LateBindingScheduler JobQueue: 0
2012-06-06 15:31:41,014-0500 DEBUG vdl:dostagein CDM: file://localhost/6 : DEFAULT
2012-06-06 15:31:41,014-0500 DEBUG vdl:dostagein CDM: file://localhost/11 : DEFAULT
2012-06-06 15:31:41,014-0500 DEBUG vdl:dostagein CDM: file://localhost/14 : DEFAULT
2012-06-06 15:31:41,014-0500 DEBUG vdl:dostagein CDM: file://localhost/8 : DEFAULT
2012-06-06 15:31:41,015-0500 DEBUG vdl:dostagein CDM: file://localhost/12 : DEFAULT
2012-06-06 15:31:41,015-0500 DEBUG vdl:dostagein CDM: file://localhost/4 : DEFAULT
2012-06-06 15:31:41,013-0500 DEBUG vdl:dostagein CDM: file://localhost/9 : DEFAULT
2012-06-06 15:31:41,014-0500 DEBUG vdl:dostagein CDM: file://localhost/13 : DEFAULT
2012-06-06 15:31:41,014-0500 DEBUG vdl:dostagein CDM: file://localhost/2 : DEFAULT
2012-06-06 15:31:41,014-0500 DEBUG vdl:dostagein CDM: file://localhost/5 : DEFAULT
2012-06-06 15:31:41,014-0500 DEBUG vdl:dostagein CDM: file://localhost/16 : DEFAULT
2012-06-06 15:31:41,014-0500 DEBUG vdl:dostagein CDM: file://localhost/7 : DEFAULT
2012-06-06 15:31:41,020-0500 DEBUG vdl:dostageinfile FILE_STAGE_IN_START file=14 srchost=localhost srcdir= srcname=14 desthost=localhost destdir=hello16-20120606-1531-rt2ip6jb/shared/ provider=file policy=DEFAULT
2012-06-06 15:31:41,014-0500 DEBUG vdl:dostagein CDM: file://localhost/1 : DEFAULT
2012-06-06 15:31:41,020-0500 DEBUG vdl:dostageinfile FILE_STAGE_IN_START file=11 srchost=localhost srcdir= srcname=11 desthost=localhost destdir=hello16-20120606-1531-rt2ip6jb/shared/ provider=file policy=DEFAULT
2012-06-06 15:31:41,020-0500 DEBUG vdl:dostageinfile FILE_STAGE_IN_START file=8 srchost=localhost srcdir= srcname=8 desthost=localhost destdir=hello16-20120606-1531-rt2ip6jb/shared/ provider=file policy=DEFAULT
2012-06-06 15:31:41,021-0500 DEBUG vdl:dostageinfile FILE_STAGE_IN_START file=12 srchost=localhost srcdir= srcname=12 desthost=localhost destdir=hello16-20120606-1531-rt2ip6jb/shared/ provider=file policy=DEFAULT
2012-06-06 15:31:41,021-0500 DEBUG vdl:dostageinfile FILE_STAGE_IN_START file=13 srchost=localhost srcdir= srcname=13 desthost=localhost destdir=hello16-20120606-1531-rt2ip6jb/shared/ provider=file policy=DEFAULT
2012-06-06 15:31:41,021-0500 DEBUG vdl:dostageinfile FILE_STAGE_IN_START file=2 srchost=localhost srcdir= srcname=2 desthost=localhost destdir=hello16-20120606-1531-rt2ip6jb/shared/ provider=file policy=DEFAULT
2012-06-06 15:31:41,021-0500 DEBUG vdl:dostageinfile FILE_STAGE_IN_START file=3 srchost=localhost srcdir= srcname=3 desthost=localhost destdir=hello16-20120606-1531-rt2ip6jb/shared/ provider=file policy=DEFAULT
2012-06-06 15:31:41,022-0500 DEBUG vdl:dostageinfile FILE_STAGE_IN_START file=7 srchost=localhost srcdir= srcname=7 desthost=localhost destdir=hello16-20120606-1531-rt2ip6jb/shared/ provider=file policy=DEFAULT
2012-06-06 15:31:41,020-0500 DEBUG vdl:dostageinfile FILE_STAGE_IN_START file=16 srchost=localhost srcdir= srcname=16 desthost=localhost destdir=hello16-20120606-1531-rt2ip6jb/shared/ provider=file policy=DEFAULT
2012-06-06 15:31:41,020-0500 DEBUG vdl:dostageinfile FILE_STAGE_IN_START file=15 srchost=localhost srcdir= srcname=15 desthost=localhost destdir=hello16-20120606-1531-rt2ip6jb/shared/ provider=file policy=DEFAULT
2012-06-06 15:31:41,017-0500 DEBUG vdl:dostagein CDM: file://localhost/10 : DEFAULT
2012-06-06 15:31:41,021-0500 DEBUG vdl:dostageinfile FILE_STAGE_IN_START file=4 srchost=localhost srcdir= srcname=4 desthost=localhost destdir=hello16-20120606-1531-rt2ip6jb/shared/ provider=file policy=DEFAULT
2012-06-06 15:31:41,023-0500 DEBUG vdl:dostageinfile FILE_STAGE_IN_START file=6 srchost=localhost srcdir= srcname=6 desthost=localhost destdir=hello16-20120606-1531-rt2ip6jb/shared/ provider=file policy=DEFAULT
2012-06-06 15:31:41,024-0500 DEBUG vdl:dostageinfile FILE_STAGE_IN_START file=1 srchost=localhost srcdir= srcname=1 desthost=localhost destdir=hello16-20120606-1531-rt2ip6jb/shared/ provider=file policy=DEFAULT
2012-06-06 15:31:41,024-0500 DEBUG vdl:dostageinfile FILE_STAGE_IN_START file=9 srchost=localhost srcdir= srcname=9 desthost=localhost destdir=hello16-20120606-1531-rt2ip6jb/shared/ provider=file policy=DEFAULT
2012-06-06 15:31:41,024-0500 DEBUG vdl:dostageinfile FILE_STAGE_IN_START file=5 srchost=localhost srcdir= srcname=5 desthost=localhost destdir=hello16-20120606-1531-rt2ip6jb/shared/ provider=file policy=DEFAULT
2012-06-06 15:31:41,024-0500 DEBUG vdl:dostageinfile FILE_STAGE_IN_START file=10 srchost=localhost srcdir= srcname=10 desthost=localhost destdir=hello16-20120606-1531-rt2ip6jb/shared/ provider=file policy=DEFAULT
2012-06-06 15:31:41,043-0500 INFO  LateBindingScheduler JobQueue: 10
2012-06-06 15:31:41,043-0500 DEBUG vdl:dostageinfile FILE_STAGE_IN_END file=3 srchost=localhost srcdir= srcname=3 desthost=localhost destdir=hello16-20120606-1531-rt2ip6jb/shared/ provider=file
2012-06-06 15:31:41,044-0500 INFO  vdl:dostagein END jobid=hello-63jneesk - Staging in finished
2012-06-06 15:31:41,045-0500 INFO  LateBindingScheduler JobQueue: 9
2012-06-06 15:31:41,045-0500 INFO  LateBindingScheduler JobQueue: 9
2012-06-06 15:31:41,046-0500 INFO  vdl:checkerrorfile NO_STATUS_FILE jobid=hello-13jneesk - Error file missing
2012-06-06 15:31:41,046-0500 INFO  vdl:checkerrorfile NO_STATUS_FILE jobid=hello-v2jneesk - Error file missing
2012-06-06 15:31:41,062-0500 DEBUG vdl:execute2 APPLICATION_EXCEPTION jobid=hello-v2jneesk - Application exception: null
Caused by: org.globus.cog.abstraction.impl.file.FileNotFoundException: File not found: /home/skrieder/swift/multi/./12
2012-06-06 15:31:41,063-0500 DEBUG vdl:execute2 JOB_START jobid=hello-63jneesk tr=hello arguments=[] tmpdir=hello16-20120606-1531-rt2ip6jb/jobs/6/hello-63jneesk host=localhost
2012-06-06 15:31:41,064-0500 INFO  LateBindingScheduler JobQueue: 5
2012-06-06 15:31:41,064-0500 DEBUG vdl:execute2 APPLICATION_EXCEPTION jobid=hello-13jneesk - Application exception: null
Caused by: org.globus.cog.abstraction.impl.file.FileNotFoundException: File not found: /home/skrieder/swift/multi/./16
2012-06-06 15:31:41,064-0500 INFO  vdl:checkerrorfile NO_STATUS_FILE jobid=hello-s2jneesk - Error file missing
2012-06-06 15:31:41,064-0500 INFO  LateBindingScheduler JobQueue: 7
2012-06-06 15:31:41,064-0500 DEBUG vdl:execute2 APPLICATION_EXCEPTION jobid=hello-s2jneesk - Application exception: null
Caused by: org.globus.cog.abstraction.impl.file.FileNotFoundException: File not found: /home/skrieder/swift/multi/./4
2012-06-06 15:31:41,065-0500 INFO  vdl:checkerrorfile NO_STATUS_FILE jobid=hello-03jneesk - Error file missing
2012-06-06 15:31:41,065-0500 INFO  LateBindingScheduler JobQueue: 5
2012-06-06 15:31:41,065-0500 DEBUG vdl:execute2 APPLICATION_EXCEPTION jobid=hello-03jneesk - Application exception: null
Caused by: org.globus.cog.abstraction.impl.file.FileNotFoundException: File not found: /home/skrieder/swift/multi/./6
2012-06-06 15:31:41,065-0500 INFO  LateBindingScheduler JobQueue: 5
2012-06-06 15:31:41,065-0500 INFO  vdl:checkerrorfile NO_STATUS_FILE jobid=hello-33jneesk - Error file missing
2012-06-06 15:31:41,066-0500 INFO  vdl:checkerrorfile NO_STATUS_FILE jobid=hello-43jneesk - Error file missing
2012-06-06 15:31:41,066-0500 DEBUG vdl:execute2 APPLICATION_EXCEPTION jobid=hello-33jneesk - Application exception: null
Caused by: org.globus.cog.abstraction.impl.file.FileNotFoundException: File not found: /home/skrieder/swift/multi/./7
2012-06-06 15:31:41,066-0500 DEBUG vdl:execute2 APPLICATION_EXCEPTION jobid=hello-43jneesk - Application exception: null
Caused by: org.globus.cog.abstraction.impl.file.FileNotFoundException: File not found: /home/skrieder/swift/multi/./15
2012-06-06 15:31:41,067-0500 DEBUG textfiles BEGIN TC:
#This is the transformation catalog.
#
#It comes pre-configured with a number of simple transformations with
#paths that are likely to work on a linux box. However, on some systems,
#the paths to these executables will be different (for example, sometimes
#some of these programs are found in /usr/bin rather than in /bin)
#
#NOTE WELL: fields in this file must be separated by tabs, not spaces; and
#there must be no trailing whitespace at the end of each line.
#
# sitename  transformation  path   INSTALLED  platform  profiles
localhost 	echo 		/bin/echo	INSTALLED	INTEL32::LINUX	null
localhost 	cat 		/bin/cat	INSTALLED	INTEL32::LINUX	null
localhost 	ls 		/bin/ls		INSTALLED	INTEL32::LINUX	null
localhost 	grep 		/bin/grep	INSTALLED	INTEL32::LINUX	null
localhost 	sort 		/bin/sort	INSTALLED	INTEL32::LINUX	null
localhost 	paste 		/bin/paste	INSTALLED	INTEL32::LINUX	null
localhost 	cp 		/bin/cp         INSTALLED	INTEL32::LINUX	null
localhost 	touch 		/bin/touch      INSTALLED	INTEL32::LINUX	null
localhost	wc		/usr/bin/wc	INSTALLED	INTEL32::LINUX	null
localhost	sh		/bin/wc		INSTALLED	INTEL32::LINUX	null
localhost	scott3a		/home/skrieder/swift/multi/scott3a.sh		INSTALLED	INTEL32::LINUX	null
localhost	scott3b		/home/skrieder/swift/multi/scott3b.sh		INSTALLED	INTEL32::LINUX	null
localhost	cka		/home/skrieder/swift/cuda/1sm1ms		INSTALLED	INTEL32::LINUX	null
localhost	a1sm0ms		/home/skrieder/swift/cuda/1sm0ms		INSTALLED	INTEL32::LINUX	null
localhost	a1sm1ms		/home/skrieder/swift/cuda/1sm1ms		INSTALLED	INTEL32::LINUX	null
localhost	a1sm10ms	/home/skrieder/swift/cuda/1sm10ms		INSTALLED	INTEL32::LINUX	null
localhost	a1sm100ms	/home/skrieder/swift/cuda/1sm100ms		INSTALLED	INTEL32::LINUX	null
localhost	a2sm0ms		/home/skrieder/swift/cuda/2sm0ms		INSTALLED	INTEL32::LINUX	null
localhost	a2sm1ms		/home/skrieder/swift/cuda/2sm1ms		INSTALLED	INTEL32::LINUX	null
localhost	a2sm10ms	/home/skrieder/swift/cuda/2sm10ms		INSTALLED	INTEL32::LINUX	null
localhost	a2sm100ms	/home/skrieder/swift/cuda/2sm100ms		INSTALLED	INTEL32::LINUX	null
localhost	a4sm0ms		/home/skrieder/swift/cuda/4sm0ms		INSTALLED	INTEL32::LINUX	null
localhost	a4sm1ms		/home/skrieder/swift/cuda/4sm1ms		INSTALLED	INTEL32::LINUX	null
localhost	a4sm10ms	/home/skrieder/swift/cuda/4sm10ms		INSTALLED	INTEL32::LINUX	null
localhost	a4sm100ms	/home/skrieder/swift/cuda/4sm100ms		INSTALLED	INTEL32::LINUX	null
localhost	a8sm0ms		/home/skrieder/swift/cuda/8sm0ms		INSTALLED	INTEL32::LINUX	null
localhost	a8sm1ms		/home/skrieder/swift/cuda/8sm1ms		INSTALLED	INTEL32::LINUX	null
localhost	a8sm10ms	/home/skrieder/swift/cuda/8sm10ms		INSTALLED	INTEL32::LINUX	null
localhost	a8sm100ms	/home/skrieder/swift/cuda/8sm100ms		INSTALLED	INTEL32::LINUX	null
localhost	a16sm0ms	/home/skrieder/swift/cuda/16sm0ms		INSTALLED	INTEL32::LINUX	null
localhost	a16sm1ms	/home/skrieder/swift/cuda/16sm1ms		INSTALLED	INTEL32::LINUX	null
localhost	a16sm10ms	/home/skrieder/swift/cuda/16sm10ms		INSTALLED	INTEL32::LINUX	null
localhost	a16sm100ms	/home/skrieder/swift/cuda/16sm100ms		INSTALLED	INTEL32::LINUX	null
localhost	sleep0ms	/home/skrieder/swift/c/sleep0ms			INSTALLED	INTEL32::LINUX	null
localhost	sleep1ms	/home/skrieder/swift/c/sleep1ms			INSTALLED	INTEL32::LINUX	null
localhost	sleep10ms	/home/skrieder/swift/c/sleep10ms		INSTALLED	INTEL32::LINUX	null
localhost	sleep100ms	/home/skrieder/swift/c/sleep100ms			INSTALLED	INTEL32::LINUX	null
localhost	sleep1000ms	/home/skrieder/swift/c/sleep1000ms			INSTALLED	INTEL32::LINUX	null
localhost	sleep10000ms	/home/skrieder/swift/c/sleep10000ms			INSTALLED	INTEL32::LINUX	null
localhost	hello		/home/skrieder/swift/multi/hello			INSTALLED	INTEL32::LINUX	null


2012-06-06 15:31:41,067-0500 DEBUG textfiles END TC:
2012-06-06 15:31:41,069-0500 INFO  LateBindingScheduler JobQueue: 8
2012-06-06 15:31:41,069-0500 INFO  vdl:checkerrorfile NO_STATUS_FILE jobid=hello-x2jneesk - Error file missing
2012-06-06 15:31:41,070-0500 INFO  LateBindingScheduler JobQueue: 8
2012-06-06 15:31:41,070-0500 INFO  LateBindingScheduler JobQueue: 8
2012-06-06 15:31:41,070-0500 INFO  vdl:checkerrorfile NO_STATUS_FILE jobid=hello-83jneesk - Error file missing
2012-06-06 15:31:41,070-0500 INFO  vdl:checkerrorfile NO_STATUS_FILE jobid=hello-23jneesk - Error file missing
2012-06-06 15:31:41,072-0500 INFO  LateBindingScheduler JobQueue: 5
2012-06-06 15:31:41,072-0500 INFO  vdl:checkerrorfile NO_STATUS_FILE jobid=hello-y2jneesk - Error file missing
2012-06-06 15:31:41,075-0500 INFO  LateBindingScheduler JobQueue: 2
2012-06-06 15:31:41,076-0500 INFO  vdl:checkerrorfile NO_STATUS_FILE jobid=hello-53jneesk - Error file missing
2012-06-06 15:31:41,076-0500 INFO  LateBindingScheduler JobQueue: 3
2012-06-06 15:31:41,076-0500 INFO  vdl:checkerrorfile NO_STATUS_FILE jobid=hello-73jneesk - Error file missing
2012-06-06 15:31:41,076-0500 DEBUG vdl:execute2 APPLICATION_EXCEPTION jobid=hello-53jneesk - Application exception: null
Caused by: org.globus.cog.abstraction.impl.file.FileNotFoundException: File not found: /home/skrieder/swift/multi/./14
2012-06-06 15:31:41,076-0500 DEBUG vdl:execute2 APPLICATION_EXCEPTION jobid=hello-73jneesk - Application exception: null
Caused by: org.globus.cog.abstraction.impl.file.FileNotFoundException: File not found: /home/skrieder/swift/multi/./9
2012-06-06 15:31:41,076-0500 INFO  LateBindingScheduler JobQueue: 1
2012-06-06 15:31:41,077-0500 INFO  vdl:checkerrorfile NO_STATUS_FILE jobid=hello-z2jneesk - Error file missing
2012-06-06 15:31:41,077-0500 DEBUG vdl:execute2 APPLICATION_EXCEPTION jobid=hello-y2jneesk - Application exception: null
Caused by: org.globus.cog.abstraction.impl.file.FileNotFoundException: File not found: /home/skrieder/swift/multi/./1
2012-06-06 15:31:41,077-0500 DEBUG vdl:execute2 APPLICATION_EXCEPTION jobid=hello-z2jneesk - Application exception: null
Caused by: org.globus.cog.abstraction.impl.file.FileNotFoundException: File not found: /home/skrieder/swift/multi/./8
2012-06-06 15:31:41,077-0500 DEBUG vdl:execute2 APPLICATION_EXCEPTION jobid=hello-23jneesk - Application exception: null
Caused by: org.globus.cog.abstraction.impl.file.FileNotFoundException: File not found: /home/skrieder/swift/multi/./5
2012-06-06 15:31:41,077-0500 DEBUG vdl:execute2 APPLICATION_EXCEPTION jobid=hello-83jneesk - Application exception: null
Caused by: org.globus.cog.abstraction.impl.file.FileNotFoundException: File not found: /home/skrieder/swift/multi/./11
2012-06-06 15:31:41,078-0500 DEBUG vdl:execute2 APPLICATION_EXCEPTION jobid=hello-x2jneesk - Application exception: null
Caused by: org.globus.cog.abstraction.impl.file.FileNotFoundException: File not found: /home/skrieder/swift/multi/./2
2012-06-06 15:31:41,077-0500 INFO  LateBindingScheduler JobQueue: 2
2012-06-06 15:31:41,079-0500 INFO  vdl:checkerrorfile NO_STATUS_FILE jobid=hello-u2jneesk - Error file missing
2012-06-06 15:31:41,080-0500 DEBUG vdl:execute2 APPLICATION_EXCEPTION jobid=hello-u2jneesk - Application exception: null
Caused by: org.globus.cog.abstraction.impl.file.FileNotFoundException: File not found: /home/skrieder/swift/multi/./13
2012-06-06 15:31:41,081-0500 INFO  LateBindingScheduler JobQueue: 8
2012-06-06 15:31:41,081-0500 INFO  vdl:checkerrorfile NO_STATUS_FILE jobid=hello-t2jneesk - Error file missing
2012-06-06 15:31:41,081-0500 DEBUG vdl:execute2 APPLICATION_EXCEPTION jobid=hello-t2jneesk - Application exception: null
Caused by: org.globus.cog.abstraction.impl.file.FileNotFoundException: File not found: /home/skrieder/swift/multi/./10
2012-06-06 15:31:41,086-0500 INFO  GridExec TASK_DEFINITION: Task(type=JOB_SUBMISSION, identity=urn:0-1-2-1-1-1339014700275) is /bin/bash shared/_swiftwrap hello-63jneesk -jobdir 6 -scratch  -e /home/skrieder/swift/multi/hello -out 2.result -err stderr.txt -i -d  -if 3 -of 2.result -k  -cdmfile  -status files -a
2012-06-06 15:31:41,092-0500 INFO  JobSubmissionTaskHandler Submit: in: /var/tmp/hello16-20120606-1531-rt2ip6jb command: /bin/bash /var/tmp/hello16-20120606-1531-rt2ip6jb/shared/_swiftwrap hello-63jneesk -jobdir 6 -scratch  -e /home/skrieder/swift/multi/hello -out 2.result -err stderr.txt -i -d  -if 3 -of 2.result -k  -cdmfile  -status files -a
2012-06-06 15:31:41,107-0500 WARN  vdl:transferwrapperlog Failed to transfer wrapper log for job hello-v2jneesk
2012-06-06 15:31:41,107-0500 WARN  vdl:transferwrapperlog Failed to transfer wrapper log for job hello-y2jneesk
2012-06-06 15:31:41,108-0500 DEBUG vdl:transferwrapperlog Exception for wrapper log failure from hello16-20120606-1531-rt2ip6jb/info/v on localhost: null
Caused by: org.globus.cog.abstraction.impl.file.FileNotFoundException: File not found: /var/tmp/hello16-20120606-1531-rt2ip6jb/info/v/hello-v2jneesk-info
2012-06-06 15:31:41,108-0500 DEBUG vdl:transferwrapperlog Exception for wrapper log failure from hello16-20120606-1531-rt2ip6jb/info/y on localhost: null
Caused by: org.globus.cog.abstraction.impl.file.FileNotFoundException: File not found: /var/tmp/hello16-20120606-1531-rt2ip6jb/info/y/hello-y2jneesk-info
2012-06-06 15:31:41,108-0500 WARN  vdl:transferwrapperlog Failed to transfer wrapper log for job hello-03jneesk
2012-06-06 15:31:41,108-0500 DEBUG vdl:transferwrapperlog Exception for wrapper log failure from hello16-20120606-1531-rt2ip6jb/info/0 on localhost: null
Caused by: org.globus.cog.abstraction.impl.file.FileNotFoundException: File not found: /var/tmp/hello16-20120606-1531-rt2ip6jb/info/0/hello-03jneesk-info
2012-06-06 15:31:41,110-0500 WARN  vdl:transferwrapperlog Failed to transfer wrapper log for job hello-73jneesk
2012-06-06 15:31:41,111-0500 WARN  vdl:transferwrapperlog Failed to transfer wrapper log for job hello-43jneesk
2012-06-06 15:31:41,111-0500 DEBUG vdl:transferwrapperlog Exception for wrapper log failure from hello16-20120606-1531-rt2ip6jb/info/7 on localhost: null
Caused by: org.globus.cog.abstraction.impl.file.FileNotFoundException: File not found: /var/tmp/hello16-20120606-1531-rt2ip6jb/info/7/hello-73jneesk-info
2012-06-06 15:31:41,111-0500 DEBUG vdl:transferwrapperlog Exception for wrapper log failure from hello16-20120606-1531-rt2ip6jb/info/4 on localhost: null
Caused by: org.globus.cog.abstraction.impl.file.FileNotFoundException: File not found: /var/tmp/hello16-20120606-1531-rt2ip6jb/info/4/hello-43jneesk-info
2012-06-06 15:31:41,114-0500 WARN  vdl:transferwrapperlog Failed to transfer wrapper log for job hello-z2jneesk
2012-06-06 15:31:41,114-0500 DEBUG vdl:transferwrapperlog Exception for wrapper log failure from hello16-20120606-1531-rt2ip6jb/info/z on localhost: null
Caused by: org.globus.cog.abstraction.impl.file.FileNotFoundException: File not found: /var/tmp/hello16-20120606-1531-rt2ip6jb/info/z/hello-z2jneesk-info
2012-06-06 15:31:41,115-0500 WARN  vdl:transferwrapperlog Failed to transfer wrapper log for job hello-s2jneesk
2012-06-06 15:31:41,115-0500 WARN  vdl:transferwrapperlog Failed to transfer wrapper log for job hello-53jneesk
2012-06-06 15:31:41,115-0500 DEBUG vdl:transferwrapperlog Exception for wrapper log failure from hello16-20120606-1531-rt2ip6jb/info/s on localhost: null
Caused by: org.globus.cog.abstraction.impl.file.FileNotFoundException: File not found: /var/tmp/hello16-20120606-1531-rt2ip6jb/info/s/hello-s2jneesk-info
2012-06-06 15:31:41,115-0500 DEBUG vdl:transferwrapperlog Exception for wrapper log failure from hello16-20120606-1531-rt2ip6jb/info/5 on localhost: null
Caused by: org.globus.cog.abstraction.impl.file.FileNotFoundException: File not found: /var/tmp/hello16-20120606-1531-rt2ip6jb/info/5/hello-53jneesk-info
2012-06-06 15:31:41,119-0500 WARN  vdl:transferwrapperlog Failed to transfer wrapper log for job hello-23jneesk
2012-06-06 15:31:41,119-0500 WARN  vdl:transferwrapperlog Failed to transfer wrapper log for job hello-33jneesk
2012-06-06 15:31:41,119-0500 WARN  vdl:transferwrapperlog Failed to transfer wrapper log for job hello-13jneesk
2012-06-06 15:31:41,120-0500 DEBUG vdl:transferwrapperlog Exception for wrapper log failure from hello16-20120606-1531-rt2ip6jb/info/2 on localhost: null
Caused by: org.globus.cog.abstraction.impl.file.FileNotFoundException: File not found: /var/tmp/hello16-20120606-1531-rt2ip6jb/info/2/hello-23jneesk-info
2012-06-06 15:31:41,120-0500 DEBUG vdl:transferwrapperlog Exception for wrapper log failure from hello16-20120606-1531-rt2ip6jb/info/3 on localhost: null
Caused by: org.globus.cog.abstraction.impl.file.FileNotFoundException: File not found: /var/tmp/hello16-20120606-1531-rt2ip6jb/info/3/hello-33jneesk-info
2012-06-06 15:31:41,120-0500 DEBUG vdl:transferwrapperlog Exception for wrapper log failure from hello16-20120606-1531-rt2ip6jb/info/1 on localhost: null
Caused by: org.globus.cog.abstraction.impl.file.FileNotFoundException: File not found: /var/tmp/hello16-20120606-1531-rt2ip6jb/info/1/hello-13jneesk-info
2012-06-06 15:31:41,120-0500 WARN  vdl:transferwrapperlog Failed to transfer wrapper log for job hello-x2jneesk
2012-06-06 15:31:41,122-0500 DEBUG vdl:transferwrapperlog Exception for wrapper log failure from hello16-20120606-1531-rt2ip6jb/info/x on localhost: null
Caused by: org.globus.cog.abstraction.impl.file.FileNotFoundException: File not found: /var/tmp/hello16-20120606-1531-rt2ip6jb/info/x/hello-x2jneesk-info
2012-06-06 15:31:41,122-0500 WARN  vdl:transferwrapperlog Failed to transfer wrapper log for job hello-83jneesk
2012-06-06 15:31:41,123-0500 WARN  vdl:transferwrapperlog Failed to transfer wrapper log for job hello-u2jneesk
2012-06-06 15:31:41,123-0500 DEBUG vdl:transferwrapperlog Exception for wrapper log failure from hello16-20120606-1531-rt2ip6jb/info/u on localhost: null
Caused by: org.globus.cog.abstraction.impl.file.FileNotFoundException: File not found: /var/tmp/hello16-20120606-1531-rt2ip6jb/info/u/hello-u2jneesk-info
2012-06-06 15:31:41,123-0500 DEBUG vdl:transferwrapperlog Exception for wrapper log failure from hello16-20120606-1531-rt2ip6jb/info/8 on localhost: null
Caused by: org.globus.cog.abstraction.impl.file.FileNotFoundException: File not found: /var/tmp/hello16-20120606-1531-rt2ip6jb/info/8/hello-83jneesk-info
2012-06-06 15:31:41,124-0500 WARN  vdl:transferwrapperlog Failed to transfer wrapper log for job hello-t2jneesk
2012-06-06 15:31:41,124-0500 DEBUG vdl:transferwrapperlog Exception for wrapper log failure from hello16-20120606-1531-rt2ip6jb/info/t on localhost: null
Caused by: org.globus.cog.abstraction.impl.file.FileNotFoundException: File not found: /var/tmp/hello16-20120606-1531-rt2ip6jb/info/t/hello-t2jneesk-info
2012-06-06 15:31:41,140-0500 INFO  LateBindingScheduler JobQueue: 15
2012-06-06 15:31:41,144-0500 DEBUG vdl:checkjobstatus START jobid=hello-63jneesk
2012-06-06 15:31:41,149-0500 INFO  LateBindingScheduler JobQueue: 15
2012-06-06 15:31:41,150-0500 INFO  vdl:checkerrorfile FAILURE jobid=hello-63jneesk - Failure file found
2012-06-06 15:31:41,152-0500 INFO  LateBindingScheduler JobQueue: 15
2012-06-06 15:31:41,154-0500 INFO  LateBindingScheduler JobQueue: 16
2012-06-06 15:31:41,155-0500 INFO  LateBindingScheduler JobQueue: 15
2012-06-06 15:31:41,158-0500 DEBUG vdl:execute2 STAGING_OUT jobid=hello-63jneesk
2012-06-06 15:31:41,160-0500 INFO  vdl:dostageout START jobid=hello-63jneesk - Staging out files
2012-06-06 15:31:41,161-0500 DEBUG vdl:dostageout stageouts: [[$, c:countfile - Open]]
2012-06-06 15:31:41,173-0500 DEBUG vdl:dostageout FILE_STAGE_OUT_START srcname=2.result srcdir=hello16-20120606-1531-rt2ip6jb/shared/ srchost=localhost destdir= desthost=localhost provider=file
2012-06-06 15:31:41,174-0500 INFO  LateBindingScheduler JobQueue: 15
2012-06-06 15:31:41,189-0500 INFO  LateBindingScheduler JobQueue: 15
2012-06-06 15:31:41,190-0500 INFO  vdl:checkerrorfile NO_STATUS_FILE jobid=hello-63jneesk - Error file missing
2012-06-06 15:31:41,191-0500 DEBUG vdl:execute2 APPLICATION_EXCEPTION jobid=hello-63jneesk - Application exception: null
Caused by: org.globus.cog.abstraction.impl.file.FileNotFoundException: File not found: /var/tmp/hello16-20120606-1531-rt2ip6jb/shared/2.result
2012-06-06 15:31:41,209-0500 INFO  LateBindingScheduler JobQueue: 15
2012-06-06 15:32:59,233-0500 INFO  WeightedHostScoreScheduler CONTACT_SELECTED host=localhost, score=0.000
2012-06-06 15:32:59,242-0500 DEBUG vdl:execute2 THREAD_ASSOCIATION jobid=hello-p3jneesk thread=0-1-5-1-1 host=localhost replicationGroup=93jneesk
2012-06-06 15:32:59,258-0500 INFO  vdl:createdirset START jobid=hello-p3jneesk host=localhost - Initializing directory structure
2012-06-06 15:32:59,259-0500 INFO  vdl:createdirset END jobid=hello-p3jneesk - Done initializing directory structure
2012-06-06 15:32:59,261-0500 INFO  vdl:dostagein START jobid=hello-p3jneesk - Staging in files
2012-06-06 15:32:59,274-0500 INFO  LateBindingScheduler JobQueue: 15
2012-06-06 15:32:59,277-0500 DEBUG vdl:dostagein CDM: file://localhost/6 : DEFAULT
2012-06-06 15:32:59,280-0500 DEBUG vdl:dostageinfile FILE_STAGE_IN_START file=6 srchost=localhost srcdir= srcname=6 desthost=localhost destdir=hello16-20120606-1531-rt2ip6jb/shared/ provider=file policy=DEFAULT
2012-06-06 15:32:59,304-0500 INFO  LateBindingScheduler JobQueue: 15
2012-06-06 15:32:59,305-0500 INFO  vdl:checkerrorfile NO_STATUS_FILE jobid=hello-p3jneesk - Error file missing
2012-06-06 15:32:59,306-0500 DEBUG vdl:execute2 APPLICATION_EXCEPTION jobid=hello-p3jneesk - Application exception: null
Caused by: org.globus.cog.abstraction.impl.file.FileNotFoundException: File not found: /home/skrieder/swift/multi/./6
2012-06-06 15:32:59,336-0500 WARN  vdl:transferwrapperlog Failed to transfer wrapper log for job hello-p3jneesk
2012-06-06 15:32:59,337-0500 DEBUG vdl:transferwrapperlog Exception for wrapper log failure from hello16-20120606-1531-rt2ip6jb/info/p on localhost: null
Caused by: org.globus.cog.abstraction.impl.file.FileNotFoundException: File not found: /var/tmp/hello16-20120606-1531-rt2ip6jb/info/p/hello-p3jneesk-info
2012-06-06 15:34:35,367-0500 INFO  WeightedHostScoreScheduler CONTACT_SELECTED host=localhost, score=0.000
2012-06-06 15:34:35,372-0500 DEBUG vdl:execute2 THREAD_ASSOCIATION jobid=hello-r3jneesk thread=0-1-0-1-1 host=localhost replicationGroup=a3jneesk
2012-06-06 15:34:35,379-0500 INFO  vdl:createdirset START jobid=hello-r3jneesk host=localhost - Initializing directory structure
2012-06-06 15:34:35,380-0500 INFO  vdl:createdirset END jobid=hello-r3jneesk - Done initializing directory structure
2012-06-06 15:34:35,381-0500 INFO  vdl:dostagein START jobid=hello-r3jneesk - Staging in files
2012-06-06 15:34:35,387-0500 INFO  LateBindingScheduler JobQueue: 15
2012-06-06 15:34:35,389-0500 DEBUG vdl:dostagein CDM: file://localhost/1 : DEFAULT
2012-06-06 15:34:35,392-0500 DEBUG vdl:dostageinfile FILE_STAGE_IN_START file=1 srchost=localhost srcdir= srcname=1 desthost=localhost destdir=hello16-20120606-1531-rt2ip6jb/shared/ provider=file policy=DEFAULT
2012-06-06 15:34:35,413-0500 INFO  LateBindingScheduler JobQueue: 15
2012-06-06 15:34:35,414-0500 INFO  vdl:checkerrorfile NO_STATUS_FILE jobid=hello-r3jneesk - Error file missing
2012-06-06 15:34:35,416-0500 DEBUG vdl:execute2 APPLICATION_EXCEPTION jobid=hello-r3jneesk - Application exception: null
Caused by: org.globus.cog.abstraction.impl.file.FileNotFoundException: File not found: /home/skrieder/swift/multi/./1
2012-06-06 15:34:35,445-0500 WARN  vdl:transferwrapperlog Failed to transfer wrapper log for job hello-r3jneesk
2012-06-06 15:34:35,446-0500 DEBUG vdl:transferwrapperlog Exception for wrapper log failure from hello16-20120606-1531-rt2ip6jb/info/r on localhost: null
Caused by: org.globus.cog.abstraction.impl.file.FileNotFoundException: File not found: /var/tmp/hello16-20120606-1531-rt2ip6jb/info/r/hello-r3jneesk-info
2012-06-06 15:36:11,471-0500 INFO  WeightedHostScoreScheduler CONTACT_SELECTED host=localhost, score=0.000
2012-06-06 15:36:11,476-0500 DEBUG vdl:execute2 THREAD_ASSOCIATION jobid=hello-t3jneesk thread=0-1-11-1-1 host=localhost replicationGroup=b3jneesk
2012-06-06 15:36:11,483-0500 INFO  vdl:createdirset START jobid=hello-t3jneesk host=localhost - Initializing directory structure
2012-06-06 15:36:11,484-0500 INFO  vdl:createdirset END jobid=hello-t3jneesk - Done initializing directory structure
2012-06-06 15:36:11,485-0500 INFO  vdl:dostagein START jobid=hello-t3jneesk - Staging in files
2012-06-06 15:36:11,491-0500 INFO  LateBindingScheduler JobQueue: 15
2012-06-06 15:36:11,492-0500 DEBUG vdl:dostagein CDM: file://localhost/12 : DEFAULT
2012-06-06 15:36:11,495-0500 DEBUG vdl:dostageinfile FILE_STAGE_IN_START file=12 srchost=localhost srcdir= srcname=12 desthost=localhost destdir=hello16-20120606-1531-rt2ip6jb/shared/ provider=file policy=DEFAULT
2012-06-06 15:36:11,516-0500 INFO  LateBindingScheduler JobQueue: 15
2012-06-06 15:36:11,517-0500 INFO  vdl:checkerrorfile NO_STATUS_FILE jobid=hello-t3jneesk - Error file missing
2012-06-06 15:36:11,519-0500 DEBUG vdl:execute2 APPLICATION_EXCEPTION jobid=hello-t3jneesk - Application exception: null
Caused by: org.globus.cog.abstraction.impl.file.FileNotFoundException: File not found: /home/skrieder/swift/multi/./12
2012-06-06 15:36:11,547-0500 WARN  vdl:transferwrapperlog Failed to transfer wrapper log for job hello-t3jneesk
2012-06-06 15:36:11,548-0500 DEBUG vdl:transferwrapperlog Exception for wrapper log failure from hello16-20120606-1531-rt2ip6jb/info/t on localhost: null
Caused by: org.globus.cog.abstraction.impl.file.FileNotFoundException: File not found: /var/tmp/hello16-20120606-1531-rt2ip6jb/info/t/hello-t3jneesk-info
