2012-06-01 14:31:10,732-0500 DEBUG Loader arguments: [hello.swift]
2012-06-01 14:31:10,732-0500 DEBUG Loader Max heap: 252248064
2012-06-01 14:31:10,733-0500 DEBUG textfiles BEGIN SWIFTSCRIPT:
type messagefile;

app (messagefile t) greeting() { 
    scott3a stdout=@filename(t);
}

messagefile outfile <"hello.txt">;

outfile = greeting();



2012-06-01 14:31:10,733-0500 DEBUG textfiles END SWIFTSCRIPT:
2012-06-01 14:31:10,733-0500 INFO  Loader hello.swift: source file is new. Recompiling.
2012-06-01 14:31:10,734-0500 DEBUG Loader kmlversion is >239b8550-a5ff-44be-a124-5e7ecd70737d<
2012-06-01 14:31:10,734-0500 DEBUG Loader build version is >239b8550-a5ff-44be-a124-5e7ecd70737d<
2012-06-01 14:31:11,279-0500 INFO  Karajan Validation of XML intermediate file was successful
2012-06-01 14:31:11,445-0500 DEBUG textfiles using default sites file
2012-06-01 14:31:11,449-0500 INFO  VDL2ExecutionContext Stack dump:
Level 1
[iA = 0, iB = 0, bA = false, bB = false]
	vdl:instanceconfig = Swift configuration []
	vdl:operation = run
	swift.home = /usr/local/swift/bin/..
	PATH_SEPARATOR = /


2012-06-01 14:31:12,102-0500 INFO  unknown Using sites file: /usr/local/swift/bin/../etc/sites.xml
2012-06-01 14:31:12,138-0500 INFO  unknown Using tc.data: /usr/local/swift/bin/../etc/tc.data
2012-06-01 14:31:12,246-0500 INFO  AbstractScheduler Setting resources to: {localhost=localhost}
2012-06-01 14:31:12,819-0500 INFO  unknown Swift 0.93 swift-r5483 cog-r3339

2012-06-01 14:31:12,820-0500 INFO  unknown RUNID id=run:20120601-1431-y1zvz9e4
2012-06-01 14:31:12,878-0500 DEBUG greeting PROCEDURE line=3 thread=0-1 name=greeting
2012-06-01 14:31:12,885-0500 INFO  vdl:execute START thread=0-1 tr=scott3a
2012-06-01 14:31:12,899-0500 INFO  WeightedHostScoreScheduler CONTACT_SELECTED host=localhost, score=1.000
2012-06-01 14:31:12,906-0500 INFO  GlobalSubmitQueue No global submit throttle set. Using default (1024)
2012-06-01 14:31:12,911-0500 INFO  LateBindingScheduler JobQueue: 0
2012-06-01 14:31:12,915-0500 INFO  LateBindingScheduler JobQueue: 0
2012-06-01 14:31:12,921-0500 INFO  vdl:initshareddir START host=localhost - Initializing shared directory
2012-06-01 14:31:12,928-0500 INFO  LateBindingScheduler JobQueue: 0
2012-06-01 14:31:12,957-0500 INFO  LateBindingScheduler JobQueue: 0
2012-06-01 14:31:12,961-0500 INFO  LateBindingScheduler JobQueue: 0
2012-06-01 14:31:12,965-0500 INFO  LateBindingScheduler JobQueue: 0
2012-06-01 14:31:12,972-0500 INFO  LateBindingScheduler JobQueue: 0
2012-06-01 14:31:12,981-0500 INFO  LateBindingScheduler JobQueue: 0
2012-06-01 14:31:12,985-0500 INFO  vdl:initshareddir END host=localhost - Done initializing shared directory
2012-06-01 14:31:12,991-0500 DEBUG vdl:execute2 THREAD_ASSOCIATION jobid=scott3a-tf4d46sk thread=0-1-1 host=localhost replicationGroup=sf4d46sk
2012-06-01 14:31:13,012-0500 INFO  vdl:createdirset START jobid=scott3a-tf4d46sk host=localhost - Initializing directory structure
2012-06-01 14:31:13,014-0500 INFO  vdl:createdirset END jobid=scott3a-tf4d46sk - Done initializing directory structure
2012-06-01 14:31:13,017-0500 INFO  vdl:dostagein START jobid=scott3a-tf4d46sk - Staging in files
2012-06-01 14:31:13,027-0500 INFO  vdl:dostagein END jobid=scott3a-tf4d46sk - Staging in finished
2012-06-01 14:31:13,032-0500 DEBUG vdl:execute2 JOB_START jobid=scott3a-tf4d46sk tr=scott3a arguments=[] tmpdir=hello-20120601-1431-y1zvz9e4/jobs/t/scott3a-tf4d46sk host=localhost
2012-06-01 14:31:13,045-0500 DEBUG textfiles BEGIN TC:
#This is the transformation catalog.
#
#It comes pre-configured with a number of simple transformations with
#paths that are likely to work on a linux box. However, on some systems,
#the paths to these executables will be different (for example, sometimes
#some of these programs are found in /usr/bin rather than in /bin)
#
#NOTE WELL: fields in this file must be separated by tabs, not spaces; and
#there must be no trailing whitespace at the end of each line.
#
# sitename  transformation  path   INSTALLED  platform  profiles
localhost 	echo 		/bin/echo	INSTALLED	INTEL32::LINUX	null
localhost 	cat 		/bin/cat	INSTALLED	INTEL32::LINUX	null
localhost 	ls 		/bin/ls		INSTALLED	INTEL32::LINUX	null
localhost 	grep 		/bin/grep	INSTALLED	INTEL32::LINUX	null
localhost 	sort 		/bin/sort	INSTALLED	INTEL32::LINUX	null
localhost 	paste 		/bin/paste	INSTALLED	INTEL32::LINUX	null
localhost 	cp 		/bin/cp         INSTALLED	INTEL32::LINUX	null
localhost 	touch 		/bin/touch      INSTALLED	INTEL32::LINUX	null
localhost	wc		/usr/bin/wc	INSTALLED	INTEL32::LINUX	null
localhost	sh		/bin/wc		INSTALLED	INTEL32::LINUX	null
localhost	scott3a		/home/skrieder/swift/multi/scott3a.sh		INSTALLED	INTEL32::LINUX	null


2012-06-01 14:31:13,046-0500 DEBUG textfiles END TC:
2012-06-01 14:31:13,079-0500 INFO  GridExec TASK_DEFINITION: Task(type=JOB_SUBMISSION, identity=urn:0-1-1-1338579072129) is /bin/bash shared/_swiftwrap scott3a-tf4d46sk -jobdir t -scratch  -e /home/skrieder/swift/multi/scott3a.sh -out hello.txt -err stderr.txt -i -d  -if  -of hello.txt -k  -cdmfile  -status files -a
2012-06-01 14:31:13,097-0500 INFO  JobSubmissionTaskHandler Submit: in: /var/tmp/hello-20120601-1431-y1zvz9e4 command: /bin/bash /var/tmp/hello-20120601-1431-y1zvz9e4/shared/_swiftwrap scott3a-tf4d46sk -jobdir t -scratch  -e /home/skrieder/swift/multi/scott3a.sh -out hello.txt -err stderr.txt -i -d  -if  -of hello.txt -k  -cdmfile  -status files -a
2012-06-01 14:31:13,229-0500 INFO  LateBindingScheduler JobQueue: 0
2012-06-01 14:31:13,235-0500 DEBUG vdl:checkjobstatus START jobid=scott3a-tf4d46sk
2012-06-01 14:31:13,247-0500 INFO  LateBindingScheduler JobQueue: 0
2012-06-01 14:31:13,250-0500 INFO  vdl:checkerrorfile FAILURE jobid=scott3a-tf4d46sk - Failure file found
2012-06-01 14:31:13,254-0500 INFO  LateBindingScheduler JobQueue: 0
2012-06-01 14:31:13,258-0500 INFO  LateBindingScheduler JobQueue: 0
2012-06-01 14:31:13,260-0500 INFO  LateBindingScheduler JobQueue: 0
2012-06-01 14:31:13,264-0500 DEBUG vdl:execute2 STAGING_OUT jobid=scott3a-tf4d46sk
2012-06-01 14:31:13,267-0500 INFO  vdl:dostageout START jobid=scott3a-tf4d46sk - Staging out files
2012-06-01 14:31:13,269-0500 DEBUG vdl:dostageout stageouts: [[$, outfile:messagefile - Open]]
2012-06-01 14:31:13,286-0500 DEBUG vdl:dostageout FILE_STAGE_OUT_START srcname=hello.txt srcdir=hello-20120601-1431-y1zvz9e4/shared/ srchost=localhost destdir= desthost=localhost provider=file
2012-06-01 14:31:13,289-0500 INFO  LateBindingScheduler JobQueue: 0
2012-06-01 14:31:13,328-0500 INFO  LateBindingScheduler JobQueue: 0
2012-06-01 14:31:13,330-0500 INFO  vdl:checkerrorfile NO_STATUS_FILE jobid=scott3a-tf4d46sk - Error file missing
2012-06-01 14:31:13,335-0500 DEBUG vdl:execute2 APPLICATION_EXCEPTION jobid=scott3a-tf4d46sk - Application exception: null
Caused by: org.globus.cog.abstraction.impl.file.FileNotFoundException: File not found: /var/tmp/hello-20120601-1431-y1zvz9e4/shared/hello.txt
2012-06-01 14:31:13,379-0500 INFO  LateBindingScheduler JobQueue: 0
2012-06-01 14:31:14,399-0500 INFO  WeightedHostScoreScheduler CONTACT_SELECTED host=localhost, score=0.000
2012-06-01 14:31:14,405-0500 DEBUG vdl:execute2 THREAD_ASSOCIATION jobid=scott3a-vf4d46sk thread=0-1-1 host=localhost replicationGroup=uf4d46sk
2012-06-01 14:31:14,415-0500 INFO  vdl:createdirset START jobid=scott3a-vf4d46sk host=localhost - Initializing directory structure
2012-06-01 14:31:14,416-0500 INFO  vdl:createdirset END jobid=scott3a-vf4d46sk - Done initializing directory structure
2012-06-01 14:31:14,418-0500 INFO  vdl:dostagein START jobid=scott3a-vf4d46sk - Staging in files
2012-06-01 14:31:14,420-0500 INFO  vdl:dostagein END jobid=scott3a-vf4d46sk - Staging in finished
2012-06-01 14:31:14,422-0500 DEBUG vdl:execute2 JOB_START jobid=scott3a-vf4d46sk tr=scott3a arguments=[] tmpdir=hello-20120601-1431-y1zvz9e4/jobs/v/scott3a-vf4d46sk host=localhost
2012-06-01 14:31:14,431-0500 INFO  GridExec TASK_DEFINITION: Task(type=JOB_SUBMISSION, identity=urn:0-1-1-1338579072169) is /bin/bash shared/_swiftwrap scott3a-vf4d46sk -jobdir v -scratch  -e /home/skrieder/swift/multi/scott3a.sh -out hello.txt -err stderr.txt -i -d  -if  -of hello.txt -k  -cdmfile  -status files -a
2012-06-01 14:31:14,432-0500 INFO  JobSubmissionTaskHandler Submit: in: /var/tmp/hello-20120601-1431-y1zvz9e4 command: /bin/bash /var/tmp/hello-20120601-1431-y1zvz9e4/shared/_swiftwrap scott3a-vf4d46sk -jobdir v -scratch  -e /home/skrieder/swift/multi/scott3a.sh -out hello.txt -err stderr.txt -i -d  -if  -of hello.txt -k  -cdmfile  -status files -a
2012-06-01 14:31:14,556-0500 INFO  LateBindingScheduler JobQueue: 0
2012-06-01 14:31:14,561-0500 DEBUG vdl:checkjobstatus START jobid=scott3a-vf4d46sk
2012-06-01 14:31:14,572-0500 INFO  LateBindingScheduler JobQueue: 0
2012-06-01 14:31:14,574-0500 INFO  vdl:checkerrorfile FAILURE jobid=scott3a-vf4d46sk - Failure file found
2012-06-01 14:31:14,578-0500 INFO  LateBindingScheduler JobQueue: 0
2012-06-01 14:31:14,584-0500 INFO  LateBindingScheduler JobQueue: 0
2012-06-01 14:31:14,586-0500 INFO  LateBindingScheduler JobQueue: 0
2012-06-01 14:31:14,591-0500 DEBUG vdl:execute2 STAGING_OUT jobid=scott3a-vf4d46sk
2012-06-01 14:31:14,594-0500 INFO  vdl:dostageout START jobid=scott3a-vf4d46sk - Staging out files
2012-06-01 14:31:14,595-0500 DEBUG vdl:dostageout stageouts: [[$, outfile:messagefile - Open]]
2012-06-01 14:31:14,612-0500 DEBUG vdl:dostageout FILE_STAGE_OUT_START srcname=hello.txt srcdir=hello-20120601-1431-y1zvz9e4/shared/ srchost=localhost destdir= desthost=localhost provider=file
2012-06-01 14:31:14,615-0500 INFO  LateBindingScheduler JobQueue: 0
2012-06-01 14:31:14,642-0500 INFO  LateBindingScheduler JobQueue: 0
2012-06-01 14:31:14,643-0500 INFO  vdl:checkerrorfile NO_STATUS_FILE jobid=scott3a-vf4d46sk - Error file missing
2012-06-01 14:31:14,645-0500 DEBUG vdl:execute2 APPLICATION_EXCEPTION jobid=scott3a-vf4d46sk - Application exception: null
Caused by: org.globus.cog.abstraction.impl.file.FileNotFoundException: File not found: /var/tmp/hello-20120601-1431-y1zvz9e4/shared/hello.txt
2012-06-01 14:31:14,684-0500 INFO  LateBindingScheduler JobQueue: 0
2012-06-01 14:31:21,703-0500 INFO  WeightedHostScoreScheduler CONTACT_SELECTED host=localhost, score=0.000
2012-06-01 14:31:21,711-0500 DEBUG vdl:execute2 THREAD_ASSOCIATION jobid=scott3a-yf4d46sk thread=0-1-1 host=localhost replicationGroup=xf4d46sk
2012-06-01 14:31:21,722-0500 INFO  vdl:createdirset START jobid=scott3a-yf4d46sk host=localhost - Initializing directory structure
2012-06-01 14:31:21,723-0500 INFO  vdl:createdirset END jobid=scott3a-yf4d46sk - Done initializing directory structure
2012-06-01 14:31:21,725-0500 INFO  vdl:dostagein START jobid=scott3a-yf4d46sk - Staging in files
2012-06-01 14:31:21,727-0500 INFO  vdl:dostagein END jobid=scott3a-yf4d46sk - Staging in finished
2012-06-01 14:31:21,729-0500 DEBUG vdl:execute2 JOB_START jobid=scott3a-yf4d46sk tr=scott3a arguments=[] tmpdir=hello-20120601-1431-y1zvz9e4/jobs/y/scott3a-yf4d46sk host=localhost
2012-06-01 14:31:21,741-0500 INFO  GridExec TASK_DEFINITION: Task(type=JOB_SUBMISSION, identity=urn:0-1-1-1338579072209) is /bin/bash shared/_swiftwrap scott3a-yf4d46sk -jobdir y -scratch  -e /home/skrieder/swift/multi/scott3a.sh -out hello.txt -err stderr.txt -i -d  -if  -of hello.txt -k  -cdmfile  -status files -a
2012-06-01 14:31:21,743-0500 INFO  JobSubmissionTaskHandler Submit: in: /var/tmp/hello-20120601-1431-y1zvz9e4 command: /bin/bash /var/tmp/hello-20120601-1431-y1zvz9e4/shared/_swiftwrap scott3a-yf4d46sk -jobdir y -scratch  -e /home/skrieder/swift/multi/scott3a.sh -out hello.txt -err stderr.txt -i -d  -if  -of hello.txt -k  -cdmfile  -status files -a
2012-06-01 14:31:21,866-0500 INFO  LateBindingScheduler JobQueue: 0
2012-06-01 14:31:21,870-0500 DEBUG vdl:checkjobstatus START jobid=scott3a-yf4d46sk
2012-06-01 14:31:21,878-0500 INFO  LateBindingScheduler JobQueue: 0
2012-06-01 14:31:21,879-0500 INFO  vdl:checkerrorfile FAILURE jobid=scott3a-yf4d46sk - Failure file found
2012-06-01 14:31:21,884-0500 INFO  LateBindingScheduler JobQueue: 0
2012-06-01 14:31:21,888-0500 INFO  LateBindingScheduler JobQueue: 1
2012-06-01 14:31:21,890-0500 INFO  LateBindingScheduler JobQueue: 0
2012-06-01 14:31:21,892-0500 DEBUG vdl:execute2 STAGING_OUT jobid=scott3a-yf4d46sk
2012-06-01 14:31:21,896-0500 INFO  vdl:dostageout START jobid=scott3a-yf4d46sk - Staging out files
2012-06-01 14:31:21,897-0500 DEBUG vdl:dostageout stageouts: [[$, outfile:messagefile - Open]]
2012-06-01 14:31:21,904-0500 DEBUG vdl:dostageout FILE_STAGE_OUT_START srcname=hello.txt srcdir=hello-20120601-1431-y1zvz9e4/shared/ srchost=localhost destdir= desthost=localhost provider=file
2012-06-01 14:31:21,906-0500 INFO  LateBindingScheduler JobQueue: 0
2012-06-01 14:31:21,929-0500 INFO  LateBindingScheduler JobQueue: 0
2012-06-01 14:31:21,930-0500 INFO  vdl:checkerrorfile NO_STATUS_FILE jobid=scott3a-yf4d46sk - Error file missing
2012-06-01 14:31:21,932-0500 DEBUG vdl:execute2 APPLICATION_EXCEPTION jobid=scott3a-yf4d46sk - Application exception: null
Caused by: org.globus.cog.abstraction.impl.file.FileNotFoundException: File not found: /var/tmp/hello-20120601-1431-y1zvz9e4/shared/hello.txt
2012-06-01 14:31:21,964-0500 INFO  LateBindingScheduler JobQueue: 0
2012-06-01 14:31:21,972-0500 INFO  vdl:execute END_FAILURE thread=0-1 tr=scott3a
2012-06-01 14:31:21,977-0500 DEBUG VDL2ExecutionContext Exception in scott3a:
Arguments: []
Host: localhost
Directory: hello-20120601-1431-y1zvz9e4/jobs/y/scott3a-yf4d46sk
stderr.txt: 

stdout.txt: 

----

Exception in scott3a:
Arguments: []
Host: localhost
Directory: hello-20120601-1431-y1zvz9e4/jobs/y/scott3a-yf4d46sk
stderr.txt: 

stdout.txt: 

----

Caused by: null
Caused by: org.globus.cog.abstraction.impl.file.FileNotFoundException: File not found: /var/tmp/hello-20120601-1431-y1zvz9e4/shared/hello.txt
	at org.globus.cog.karajan.workflow.nodes.functions.KException.function(KException.java:29)
	at org.globus.cog.karajan.workflow.nodes.functions.AbstractFunction.post(AbstractFunction.java:27)
	at org.globus.cog.karajan.workflow.nodes.AbstractSequentialWithArguments.completed(AbstractSequentialWithArguments.java:194)
	at org.globus.cog.karajan.workflow.nodes.FlowNode.complete(FlowNode.java:214)
	at org.globus.cog.karajan.workflow.nodes.FlowContainer.post(FlowContainer.java:58)
	at org.globus.cog.karajan.workflow.nodes.functions.AbstractFunction.post(AbstractFunction.java:28)
	at org.globus.cog.karajan.workflow.nodes.Sequential.startNext(Sequential.java:29)
	at org.globus.cog.karajan.workflow.nodes.Sequential.executeChildren(Sequential.java:20)
	at org.globus.cog.karajan.workflow.nodes.FlowContainer.execute(FlowContainer.java:63)
	at org.globus.cog.karajan.workflow.nodes.FlowNode.restart(FlowNode.java:139)
	at org.globus.cog.karajan.workflow.nodes.FlowNode.start(FlowNode.java:197)
	at org.globus.cog.karajan.workflow.events.EventBus.start(EventBus.java:104)
	at org.globus.cog.karajan.workflow.events.EventTargetPair.run(EventTargetPair.java:40)
	at java.util.concurrent.Executors$RunnableAdapter.call(Executors.java:471)
	at java.util.concurrent.FutureTask$Sync.innerRun(FutureTask.java:334)
	at java.util.concurrent.FutureTask.run(FutureTask.java:166)
	at java.util.concurrent.ThreadPoolExecutor.runWorker(ThreadPoolExecutor.java:1110)
	at java.util.concurrent.ThreadPoolExecutor$Worker.run(ThreadPoolExecutor.java:603)
	at java.lang.Thread.run(Thread.java:722)
Caused by: null
Caused by: org.globus.cog.abstraction.impl.file.FileNotFoundException: File not found: /var/tmp/hello-20120601-1431-y1zvz9e4/shared/hello.txt
	at org.globus.cog.karajan.workflow.nodes.FlowNode.failImmediately(FlowNode.java:101)
	at org.globus.cog.karajan.workflow.nodes.grid.AbstractGridNode$1.run(AbstractGridNode.java:308)
	... 6 more
Caused by: org.globus.cog.abstraction.impl.file.FileNotFoundException: File not found: /var/tmp/hello-20120601-1431-y1zvz9e4/shared/hello.txt
	at org.globus.cog.abstraction.impl.file.local.FileResourceImpl.getFile(FileResourceImpl.java:225)
	at org.globus.cog.abstraction.impl.file.local.FileResourceImpl.putFile(FileResourceImpl.java:286)
	at org.globus.cog.abstraction.impl.file.AbstractFileResource.putFile(AbstractFileResource.java:152)
	at org.globus.cog.abstraction.impl.fileTransfer.DelegatedFileTransferHandler.doDestination(DelegatedFileTransferHandler.java:314)
	at org.globus.cog.abstraction.impl.fileTransfer.CachingDelegatedFileTransferHandler.doDestination(CachingDelegatedFileTransferHandler.java:46)
	at org.globus.cog.abstraction.impl.fileTransfer.DelegatedFileTransferHandler.run(DelegatedFileTransferHandler.java:487)
	... 1 more
2012-06-01 14:31:22,094-0500 INFO  ExecutionContext Detailed exception: 
Exception in scott3a:
Arguments: []
Host: localhost
Directory: hello-20120601-1431-y1zvz9e4/jobs/y/scott3a-yf4d46sk
stderr.txt: 

stdout.txt: 

----

Caused by: null
Caused by: org.globus.cog.abstraction.impl.file.FileNotFoundException: File not found: /var/tmp/hello-20120601-1431-y1zvz9e4/shared/hello.txt
	at org.globus.cog.karajan.workflow.nodes.functions.KException.function(KException.java:29)
	at org.globus.cog.karajan.workflow.nodes.functions.AbstractFunction.post(AbstractFunction.java:27)
	at org.globus.cog.karajan.workflow.nodes.AbstractSequentialWithArguments.completed(AbstractSequentialWithArguments.java:194)
	at org.globus.cog.karajan.workflow.nodes.FlowNode.complete(FlowNode.java:214)
	at org.globus.cog.karajan.workflow.nodes.FlowContainer.post(FlowContainer.java:58)
	at org.globus.cog.karajan.workflow.nodes.functions.AbstractFunction.post(AbstractFunction.java:28)
	at org.globus.cog.karajan.workflow.nodes.Sequential.startNext(Sequential.java:29)
	at org.globus.cog.karajan.workflow.nodes.Sequential.executeChildren(Sequential.java:20)
	at org.globus.cog.karajan.workflow.nodes.FlowContainer.execute(FlowContainer.java:63)
	at org.globus.cog.karajan.workflow.nodes.FlowNode.restart(FlowNode.java:139)
	at org.globus.cog.karajan.workflow.nodes.FlowNode.start(FlowNode.java:197)
	at org.globus.cog.karajan.workflow.events.EventBus.start(EventBus.java:104)
	at org.globus.cog.karajan.workflow.events.EventTargetPair.run(EventTargetPair.java:40)
	at java.util.concurrent.Executors$RunnableAdapter.call(Executors.java:471)
	at java.util.concurrent.FutureTask$Sync.innerRun(FutureTask.java:334)
	at java.util.concurrent.FutureTask.run(FutureTask.java:166)
	at java.util.concurrent.ThreadPoolExecutor.runWorker(ThreadPoolExecutor.java:1110)
	at java.util.concurrent.ThreadPoolExecutor$Worker.run(ThreadPoolExecutor.java:603)
	at java.lang.Thread.run(Thread.java:722)
Caused by: null
Caused by: org.globus.cog.abstraction.impl.file.FileNotFoundException: File not found: /var/tmp/hello-20120601-1431-y1zvz9e4/shared/hello.txt
	at org.globus.cog.karajan.workflow.nodes.FlowNode.failImmediately(FlowNode.java:101)
	at org.globus.cog.karajan.workflow.nodes.grid.AbstractGridNode$1.run(AbstractGridNode.java:308)
	... 6 more
Caused by: org.globus.cog.abstraction.impl.file.FileNotFoundException: File not found: /var/tmp/hello-20120601-1431-y1zvz9e4/shared/hello.txt
	at org.globus.cog.abstraction.impl.file.local.FileResourceImpl.getFile(FileResourceImpl.java:225)
	at org.globus.cog.abstraction.impl.file.local.FileResourceImpl.putFile(FileResourceImpl.java:286)
	at org.globus.cog.abstraction.impl.file.AbstractFileResource.putFile(AbstractFileResource.java:152)
	at org.globus.cog.abstraction.impl.fileTransfer.DelegatedFileTransferHandler.doDestination(DelegatedFileTransferHandler.java:314)
	at org.globus.cog.abstraction.impl.fileTransfer.CachingDelegatedFileTransferHandler.doDestination(CachingDelegatedFileTransferHandler.java:46)
	at org.globus.cog.abstraction.impl.fileTransfer.DelegatedFileTransferHandler.run(DelegatedFileTransferHandler.java:487)
	... 1 more
2012-06-01 14:31:22,095-0500 INFO  Loader Swift finished with errors
