2012-06-06 15:39:39,695-0500 DEBUG Loader arguments: [-tc.file, tc.data, hello16.swift]
2012-06-06 15:39:39,696-0500 DEBUG Loader Max heap: 252248064
2012-06-06 15:39:39,697-0500 DEBUG textfiles BEGIN SWIFTSCRIPT:

type messagefile; 
type countfile; 

app (countfile t) countwords (messagefile f) {   
     hello stdout=@filename(t);
}

//string inputNames = "1 2 3 4 5 6 7 8 9 10 11 12 13 14 15 16";
string inputNames = "a";

messagefile inputfiles[] <fixed_array_mapper;files=inputNames>;

foreach f, i in inputfiles {
  countfile c <single_file_mapper; file=@strcat(i, ".result")>;
  c = countwords(f);
}


2012-06-06 15:39:39,697-0500 DEBUG textfiles END SWIFTSCRIPT:
2012-06-06 15:39:39,697-0500 INFO  Loader hello16.swift: source file is new. Recompiling.
2012-06-06 15:39:39,697-0500 DEBUG Loader kmlversion is >239b8550-a5ff-44be-a124-5e7ecd70737d<
2012-06-06 15:39:39,697-0500 DEBUG Loader build version is >239b8550-a5ff-44be-a124-5e7ecd70737d<
2012-06-06 15:39:40,269-0500 INFO  Karajan Validation of XML intermediate file was successful
2012-06-06 15:39:40,457-0500 DEBUG Loader setting: tc.file to: tc.data
2012-06-06 15:39:40,457-0500 DEBUG textfiles using default sites file
2012-06-06 15:39:40,461-0500 INFO  VDL2ExecutionContext Stack dump:
Level 1
[iA = 0, iB = 0, bA = false, bB = false]
	vdl:instanceconfig = Swift configuration []
	vdl:operation = run
	swift.home = /usr/local/swift/bin/..
	PATH_SEPARATOR = /


2012-06-06 15:39:41,067-0500 INFO  unknown Using sites file: /usr/local/swift/bin/../etc/sites.xml
2012-06-06 15:39:41,102-0500 INFO  unknown Using tc.data: tc.data
2012-06-06 15:39:41,221-0500 INFO  AbstractScheduler Setting resources to: {localhost=localhost}
2012-06-06 15:39:41,714-0500 INFO  unknown Swift 0.93 swift-r5483 cog-r3339

2012-06-06 15:39:41,715-0500 INFO  unknown RUNID id=run:20120606-1539-dnt35sa1
2012-06-06 15:39:41,767-0500 INFO  SetFieldValue Set: inputNames=a
2012-06-06 15:39:41,795-0500 INFO  RootDataNode Found data inputfiles:messagefile[] - Open.[0]
2012-06-06 15:39:41,800-0500 DEBUG vdl:mains FOREACH_IT_START line=14 thread=0-1-0
2012-06-06 15:39:41,800-0500 DEBUG vdl:mains SCOPE thread=0-1-0
2012-06-06 15:39:41,807-0500 INFO  SetFieldValue Set: swift#mapper#17001=0.result
2012-06-06 15:39:41,809-0500 DEBUG countwords PROCEDURE line=5 thread=0-1-0-1 name=countwords
2012-06-06 15:39:41,813-0500 INFO  vdl:execute START thread=0-1-0-1 tr=hello
2012-06-06 15:39:41,828-0500 INFO  WeightedHostScoreScheduler CONTACT_SELECTED host=localhost, score=1.000
2012-06-06 15:39:41,836-0500 INFO  GlobalSubmitQueue No global submit throttle set. Using default (1024)
2012-06-06 15:39:41,841-0500 INFO  LateBindingScheduler JobQueue: 0
2012-06-06 15:39:41,843-0500 INFO  LateBindingScheduler JobQueue: 0
2012-06-06 15:39:41,846-0500 INFO  vdl:initshareddir START host=localhost - Initializing shared directory
2012-06-06 15:39:41,849-0500 INFO  LateBindingScheduler JobQueue: 0
2012-06-06 15:39:41,866-0500 INFO  LateBindingScheduler JobQueue: 0
2012-06-06 15:39:41,870-0500 INFO  LateBindingScheduler JobQueue: 0
2012-06-06 15:39:41,874-0500 INFO  LateBindingScheduler JobQueue: 0
2012-06-06 15:39:41,877-0500 INFO  LateBindingScheduler JobQueue: 0
2012-06-06 15:39:41,880-0500 INFO  LateBindingScheduler JobQueue: 0
2012-06-06 15:39:41,882-0500 INFO  vdl:initshareddir END host=localhost - Done initializing shared directory
2012-06-06 15:39:41,883-0500 DEBUG vdl:execute2 THREAD_ASSOCIATION jobid=hello-csqzeesk thread=0-1-0-1-1 host=localhost replicationGroup=bsqzeesk
2012-06-06 15:39:41,890-0500 INFO  vdl:createdirset START jobid=hello-csqzeesk host=localhost - Initializing directory structure
2012-06-06 15:39:41,891-0500 INFO  vdl:createdirset END jobid=hello-csqzeesk - Done initializing directory structure
2012-06-06 15:39:41,891-0500 INFO  vdl:dostagein START jobid=hello-csqzeesk - Staging in files
2012-06-06 15:39:41,902-0500 INFO  LateBindingScheduler JobQueue: 0
2012-06-06 15:39:41,908-0500 DEBUG vdl:dostagein CDM: file://localhost/a : DEFAULT
2012-06-06 15:39:41,917-0500 DEBUG vdl:dostageinfile FILE_STAGE_IN_START file=a srchost=localhost srcdir= srcname=a desthost=localhost destdir=hello16-20120606-1539-dnt35sa1/shared/ provider=file policy=DEFAULT
2012-06-06 15:39:41,937-0500 INFO  LateBindingScheduler JobQueue: 0
2012-06-06 15:39:41,938-0500 INFO  vdl:checkerrorfile NO_STATUS_FILE jobid=hello-csqzeesk - Error file missing
2012-06-06 15:39:41,940-0500 DEBUG vdl:execute2 APPLICATION_EXCEPTION jobid=hello-csqzeesk - Application exception: null
Caused by: org.globus.cog.abstraction.impl.file.FileNotFoundException: File not found: /home/skrieder/swift/multi/./a
2012-06-06 15:39:41,970-0500 WARN  vdl:transferwrapperlog Failed to transfer wrapper log for job hello-csqzeesk
2012-06-06 15:39:41,970-0500 DEBUG vdl:transferwrapperlog Exception for wrapper log failure from hello16-20120606-1539-dnt35sa1/info/c on localhost: null
Caused by: org.globus.cog.abstraction.impl.file.FileNotFoundException: File not found: /var/tmp/hello16-20120606-1539-dnt35sa1/info/c/hello-csqzeesk-info
2012-06-06 15:39:43,480-0500 INFO  WeightedHostScoreScheduler CONTACT_SELECTED host=localhost, score=0.000
2012-06-06 15:39:43,488-0500 DEBUG vdl:execute2 THREAD_ASSOCIATION jobid=hello-esqzeesk thread=0-1-0-1-1 host=localhost replicationGroup=dsqzeesk
2012-06-06 15:39:43,497-0500 INFO  vdl:createdirset START jobid=hello-esqzeesk host=localhost - Initializing directory structure
2012-06-06 15:39:43,498-0500 INFO  vdl:createdirset END jobid=hello-esqzeesk - Done initializing directory structure
2012-06-06 15:39:43,500-0500 INFO  vdl:dostagein START jobid=hello-esqzeesk - Staging in files
2012-06-06 15:39:43,506-0500 INFO  LateBindingScheduler JobQueue: 0
2012-06-06 15:39:43,508-0500 DEBUG vdl:dostagein CDM: file://localhost/a : DEFAULT
2012-06-06 15:39:43,516-0500 DEBUG vdl:dostageinfile FILE_STAGE_IN_START file=a srchost=localhost srcdir= srcname=a desthost=localhost destdir=hello16-20120606-1539-dnt35sa1/shared/ provider=file policy=DEFAULT
2012-06-06 15:39:43,547-0500 INFO  LateBindingScheduler JobQueue: 0
2012-06-06 15:39:43,549-0500 INFO  vdl:checkerrorfile NO_STATUS_FILE jobid=hello-esqzeesk - Error file missing
2012-06-06 15:39:43,552-0500 DEBUG vdl:execute2 APPLICATION_EXCEPTION jobid=hello-esqzeesk - Application exception: null
Caused by: org.globus.cog.abstraction.impl.file.FileNotFoundException: File not found: /home/skrieder/swift/multi/./a
2012-06-06 15:39:43,603-0500 WARN  vdl:transferwrapperlog Failed to transfer wrapper log for job hello-esqzeesk
2012-06-06 15:39:43,604-0500 DEBUG vdl:transferwrapperlog Exception for wrapper log failure from hello16-20120606-1539-dnt35sa1/info/e on localhost: null
Caused by: org.globus.cog.abstraction.impl.file.FileNotFoundException: File not found: /var/tmp/hello16-20120606-1539-dnt35sa1/info/e/hello-esqzeesk-info
