2012-06-06 15:11:52,040-0500 DEBUG Loader arguments: [hello.swift]
2012-06-06 15:11:52,041-0500 DEBUG Loader Max heap: 252248064
2012-06-06 15:11:52,042-0500 DEBUG textfiles BEGIN SWIFTSCRIPT:
type messagefile;

app (messagefile t) greeting() { 
    echo "TEST TEST TEST" stdout=@filename(t);
}

messagefile outfile <"hello1.txt">;

outfile = greeting();



2012-06-06 15:11:52,042-0500 DEBUG textfiles END SWIFTSCRIPT:
2012-06-06 15:11:52,042-0500 DEBUG Loader kmlversion is >239b8550-a5ff-44be-a124-5e7ecd70737d<
2012-06-06 15:11:52,042-0500 DEBUG Loader build version is >239b8550-a5ff-44be-a124-5e7ecd70737d<
2012-06-06 15:11:52,042-0500 DEBUG Loader Recompilation suppressed.
2012-06-06 15:11:52,193-0500 DEBUG textfiles using default sites file
2012-06-06 15:11:52,197-0500 INFO  VDL2ExecutionContext Stack dump:
Level 1
[iA = 0, iB = 0, bA = false, bB = false]
	vdl:instanceconfig = Swift configuration []
	vdl:operation = run
	swift.home = /usr/local/swift/bin/..
	PATH_SEPARATOR = /


2012-06-06 15:11:52,860-0500 INFO  unknown Using sites file: /usr/local/swift/bin/../etc/sites.xml
2012-06-06 15:11:52,902-0500 INFO  unknown Using tc.data: /usr/local/swift/bin/../etc/tc.data
2012-06-06 15:11:53,021-0500 INFO  AbstractScheduler Setting resources to: {localhost=localhost}
2012-06-06 15:11:53,674-0500 INFO  unknown Swift 0.93 swift-r5483 cog-r3339

2012-06-06 15:11:53,675-0500 INFO  unknown RUNID id=run:20120606-1511-gm446e1c
2012-06-06 15:11:53,720-0500 INFO  RootDataNode Found mapped data outfile:messagefile - Open.$
2012-06-06 15:11:53,732-0500 DEBUG greeting PROCEDURE line=3 thread=0-1 name=greeting
2012-06-06 15:11:53,737-0500 INFO  vdl:execute START thread=0-1 tr=echo
2012-06-06 15:11:53,756-0500 INFO  WeightedHostScoreScheduler CONTACT_SELECTED host=localhost, score=1.000
2012-06-06 15:11:53,765-0500 INFO  GlobalSubmitQueue No global submit throttle set. Using default (1024)
2012-06-06 15:11:53,771-0500 INFO  LateBindingScheduler JobQueue: 0
2012-06-06 15:11:53,774-0500 INFO  LateBindingScheduler JobQueue: 0
2012-06-06 15:11:53,779-0500 INFO  vdl:initshareddir START host=localhost - Initializing shared directory
2012-06-06 15:11:53,783-0500 INFO  LateBindingScheduler JobQueue: 0
2012-06-06 15:11:53,815-0500 INFO  LateBindingScheduler JobQueue: 0
2012-06-06 15:11:53,820-0500 INFO  LateBindingScheduler JobQueue: 0
2012-06-06 15:11:53,824-0500 INFO  LateBindingScheduler JobQueue: 0
2012-06-06 15:11:53,832-0500 INFO  LateBindingScheduler JobQueue: 0
2012-06-06 15:11:53,841-0500 INFO  LateBindingScheduler JobQueue: 0
2012-06-06 15:11:53,845-0500 INFO  vdl:initshareddir END host=localhost - Done initializing shared directory
2012-06-06 15:11:53,851-0500 DEBUG vdl:execute2 THREAD_ASSOCIATION jobid=echo-yytudesk thread=0-1-1 host=localhost replicationGroup=xytudesk
2012-06-06 15:11:53,874-0500 INFO  vdl:createdirset START jobid=echo-yytudesk host=localhost - Initializing directory structure
2012-06-06 15:11:53,876-0500 INFO  vdl:createdirset END jobid=echo-yytudesk - Done initializing directory structure
2012-06-06 15:11:53,879-0500 INFO  vdl:dostagein START jobid=echo-yytudesk - Staging in files
2012-06-06 15:11:53,890-0500 INFO  vdl:dostagein END jobid=echo-yytudesk - Staging in finished
2012-06-06 15:11:53,895-0500 DEBUG vdl:execute2 JOB_START jobid=echo-yytudesk tr=echo arguments=[TEST TEST TEST] tmpdir=hello-20120606-1511-gm446e1c/jobs/y/echo-yytudesk host=localhost
2012-06-06 15:11:53,908-0500 DEBUG textfiles BEGIN TC:
#This is the transformation catalog.
#
#It comes pre-configured with a number of simple transformations with
#paths that are likely to work on a linux box. However, on some systems,
#the paths to these executables will be different (for example, sometimes
#some of these programs are found in /usr/bin rather than in /bin)
#
#NOTE WELL: fields in this file must be separated by tabs, not spaces; and
#there must be no trailing whitespace at the end of each line.
#
# sitename  transformation  path   INSTALLED  platform  profiles
localhost 	echo 		/bin/echo	INSTALLED	INTEL32::LINUX	null
localhost 	cat 		/bin/cat	INSTALLED	INTEL32::LINUX	null
localhost 	ls 		/bin/ls		INSTALLED	INTEL32::LINUX	null
localhost 	grep 		/bin/grep	INSTALLED	INTEL32::LINUX	null
localhost 	sort 		/bin/sort	INSTALLED	INTEL32::LINUX	null
localhost 	paste 		/bin/paste	INSTALLED	INTEL32::LINUX	null
localhost 	cp 		/bin/cp         INSTALLED	INTEL32::LINUX	null
localhost 	touch 		/bin/touch      INSTALLED	INTEL32::LINUX	null
localhost	wc		/usr/bin/wc	INSTALLED	INTEL32::LINUX	null
localhost	sh		/bin/wc		INSTALLED	INTEL32::LINUX	null
localhost	scott3a		/home/skrieder/swift/multi/scott3a.sh		INSTALLED	INTEL32::LINUX	null
localhost	scott3b		/home/skrieder/swift/multi/scott3b.sh		INSTALLED	INTEL32::LINUX	null


2012-06-06 15:11:53,909-0500 DEBUG textfiles END TC:
2012-06-06 15:11:53,943-0500 INFO  GridExec TASK_DEFINITION: Task(type=JOB_SUBMISSION, identity=urn:0-1-1-1339013512887) is /bin/bash shared/_swiftwrap echo-yytudesk -jobdir y -scratch  -e /bin/echo -out hello1.txt -err stderr.txt -i -d  -if  -of hello1.txt -k  -cdmfile  -status files -a TEST TEST TEST
2012-06-06 15:11:53,961-0500 INFO  JobSubmissionTaskHandler Submit: in: /var/tmp/hello-20120606-1511-gm446e1c command: /bin/bash /var/tmp/hello-20120606-1511-gm446e1c/shared/_swiftwrap echo-yytudesk -jobdir y -scratch  -e /bin/echo -out hello1.txt -err stderr.txt -i -d  -if  -of hello1.txt -k  -cdmfile  -status files -a TEST TEST TEST
2012-06-06 15:11:54,093-0500 INFO  LateBindingScheduler JobQueue: 0
2012-06-06 15:11:54,099-0500 DEBUG vdl:checkjobstatus START jobid=echo-yytudesk
2012-06-06 15:11:54,103-0500 INFO  LateBindingScheduler JobQueue: 0
2012-06-06 15:11:54,106-0500 INFO  vdl:checkjobstatus SUCCESS jobid=echo-yytudesk - Success file found
2012-06-06 15:11:54,109-0500 DEBUG vdl:execute2 STAGING_OUT jobid=echo-yytudesk
2012-06-06 15:11:54,112-0500 INFO  vdl:dostageout START jobid=echo-yytudesk - Staging out files
2012-06-06 15:11:54,114-0500 DEBUG vdl:dostageout stageouts: [[$, outfile:messagefile - Open]]
2012-06-06 15:11:54,132-0500 DEBUG vdl:dostageout FILE_STAGE_OUT_START srcname=hello1.txt srcdir=hello-20120606-1511-gm446e1c/shared/ srchost=localhost destdir= desthost=localhost provider=file
2012-06-06 15:11:54,135-0500 INFO  LateBindingScheduler JobQueue: 0
2012-06-06 15:11:54,155-0500 INFO  LateBindingScheduler JobQueue: 0
2012-06-06 15:11:54,157-0500 DEBUG vdl:dostageout FILE_STAGE_OUT_END srcname=hello1.txt srcdir=hello-20120606-1511-gm446e1c/shared/ srchost=localhost destdir= desthost=localhost provider=file
2012-06-06 15:11:54,165-0500 INFO  LateBindingScheduler JobQueue: 0
2012-06-06 15:11:54,181-0500 INFO  vdl:dostageout END jobid=echo-yytudesk - Staging out finished
2012-06-06 15:11:54,192-0500 DEBUG vdl:execute2 JOB_END jobid=echo-yytudesk
2012-06-06 15:11:54,195-0500 INFO  vdl:execute END_SUCCESS thread=0-1 tr=echo
2012-06-06 15:11:54,198-0500 DEBUG greeting PROCEDURE_END line=3
2012-06-06 15:11:54,220-0500 DEBUG vdl:mains Starting cleanups
2012-06-06 15:11:54,221-0500 INFO  vdl:cleanups START cleanups=[[hello-20120606-1511-gm446e1c, localhost]]
2012-06-06 15:11:54,222-0500 INFO  vdl:cleanup START dir=hello-20120606-1511-gm446e1c host=localhost
2012-06-06 15:11:54,223-0500 DEBUG vdl:cleanup cdmfile 
2012-06-06 15:11:54,225-0500 INFO  GridExec TASK_DEFINITION: Task(type=JOB_SUBMISSION, identity=urn:0-1-1339013512898) is /bin/rm -rf hello-20120606-1511-gm446e1c
2012-06-06 15:11:54,226-0500 INFO  JobSubmissionTaskHandler Submit: in: /var/tmp command: /bin/rm -rf hello-20120606-1511-gm446e1c
2012-06-06 15:11:54,227-0500 INFO  LateBindingScheduler JobQueue: 0
2012-06-06 15:11:54,229-0500 INFO  vdl:cleanup END dir=hello-20120606-1511-gm446e1c host=localhost
2012-06-06 15:11:54,230-0500 INFO  vdl:cleanups END cleanups=[[hello-20120606-1511-gm446e1c, localhost]]
2012-06-06 15:11:54,232-0500 DEBUG vdl:mains Ending cleanups
2012-06-06 15:11:54,235-0500 INFO  Loader Swift finished with no errors
