2012-06-04 11:09:26,404-0500 DEBUG Loader arguments: [hello.swift]
2012-06-04 11:09:26,404-0500 DEBUG Loader Max heap: 252248064
2012-06-04 11:09:26,405-0500 DEBUG textfiles BEGIN SWIFTSCRIPT:
type messagefile;

app (messagefile t) greeting() { 
    echo "TEST TEST TEST" stdout=@filename(t);
}

messagefile outfile <"hello1.txt">;

outfile = greeting();



2012-06-04 11:09:26,405-0500 DEBUG textfiles END SWIFTSCRIPT:
2012-06-04 11:09:26,405-0500 INFO  Loader hello.swift: source file is new. Recompiling.
2012-06-04 11:09:26,405-0500 DEBUG Loader kmlversion is >239b8550-a5ff-44be-a124-5e7ecd70737d<
2012-06-04 11:09:26,406-0500 DEBUG Loader build version is >239b8550-a5ff-44be-a124-5e7ecd70737d<
2012-06-04 11:09:26,964-0500 INFO  Karajan Validation of XML intermediate file was successful
2012-06-04 11:09:27,133-0500 DEBUG textfiles using default sites file
2012-06-04 11:09:27,136-0500 INFO  VDL2ExecutionContext Stack dump:
Level 1
[iA = 0, iB = 0, bA = false, bB = false]
	vdl:instanceconfig = Swift configuration []
	vdl:operation = run
	swift.home = /usr/local/swift/bin/..
	PATH_SEPARATOR = /


2012-06-04 11:09:27,799-0500 INFO  unknown Using sites file: /usr/local/swift/bin/../etc/sites.xml
2012-06-04 11:09:27,838-0500 INFO  unknown Using tc.data: /usr/local/swift/bin/../etc/tc.data
2012-06-04 11:09:27,939-0500 INFO  AbstractScheduler Setting resources to: {localhost=localhost}
2012-06-04 11:09:28,517-0500 INFO  unknown Swift 0.93 swift-r5483 cog-r3339

2012-06-04 11:09:28,518-0500 INFO  unknown RUNID id=run:20120604-1109-xj39kv11
2012-06-04 11:09:28,571-0500 DEBUG greeting PROCEDURE line=3 thread=0-1 name=greeting
2012-06-04 11:09:28,579-0500 INFO  vdl:execute START thread=0-1 tr=echo
2012-06-04 11:09:28,594-0500 INFO  WeightedHostScoreScheduler CONTACT_SELECTED host=localhost, score=1.000
2012-06-04 11:09:28,599-0500 INFO  GlobalSubmitQueue No global submit throttle set. Using default (1024)
2012-06-04 11:09:28,604-0500 INFO  LateBindingScheduler JobQueue: 0
2012-06-04 11:09:28,608-0500 INFO  LateBindingScheduler JobQueue: 0
2012-06-04 11:09:28,615-0500 INFO  vdl:initshareddir START host=localhost - Initializing shared directory
2012-06-04 11:09:28,620-0500 INFO  LateBindingScheduler JobQueue: 0
2012-06-04 11:09:28,644-0500 INFO  LateBindingScheduler JobQueue: 0
2012-06-04 11:09:28,647-0500 INFO  LateBindingScheduler JobQueue: 0
2012-06-04 11:09:28,650-0500 INFO  LateBindingScheduler JobQueue: 0
2012-06-04 11:09:28,658-0500 INFO  LateBindingScheduler JobQueue: 0
2012-06-04 11:09:28,666-0500 INFO  LateBindingScheduler JobQueue: 0
2012-06-04 11:09:28,668-0500 INFO  vdl:initshareddir END host=localhost - Done initializing shared directory
2012-06-04 11:09:28,671-0500 DEBUG vdl:execute2 THREAD_ASSOCIATION jobid=echo-n7a1task thread=0-1-1 host=localhost replicationGroup=m7a1task
2012-06-04 11:09:28,680-0500 INFO  vdl:createdirset START jobid=echo-n7a1task host=localhost - Initializing directory structure
2012-06-04 11:09:28,681-0500 INFO  vdl:createdirset END jobid=echo-n7a1task - Done initializing directory structure
2012-06-04 11:09:28,682-0500 INFO  vdl:dostagein START jobid=echo-n7a1task - Staging in files
2012-06-04 11:09:28,685-0500 INFO  vdl:dostagein END jobid=echo-n7a1task - Staging in finished
2012-06-04 11:09:28,686-0500 DEBUG vdl:execute2 JOB_START jobid=echo-n7a1task tr=echo arguments=[TEST TEST TEST] tmpdir=hello-20120604-1109-xj39kv11/jobs/n/echo-n7a1task host=localhost
2012-06-04 11:09:28,689-0500 DEBUG textfiles BEGIN TC:
#This is the transformation catalog.
#
#It comes pre-configured with a number of simple transformations with
#paths that are likely to work on a linux box. However, on some systems,
#the paths to these executables will be different (for example, sometimes
#some of these programs are found in /usr/bin rather than in /bin)
#
#NOTE WELL: fields in this file must be separated by tabs, not spaces; and
#there must be no trailing whitespace at the end of each line.
#
# sitename  transformation  path   INSTALLED  platform  profiles
localhost 	echo 		/bin/echo	INSTALLED	INTEL32::LINUX	null
localhost 	cat 		/bin/cat	INSTALLED	INTEL32::LINUX	null
localhost 	ls 		/bin/ls		INSTALLED	INTEL32::LINUX	null
localhost 	grep 		/bin/grep	INSTALLED	INTEL32::LINUX	null
localhost 	sort 		/bin/sort	INSTALLED	INTEL32::LINUX	null
localhost 	paste 		/bin/paste	INSTALLED	INTEL32::LINUX	null
localhost 	cp 		/bin/cp         INSTALLED	INTEL32::LINUX	null
localhost 	touch 		/bin/touch      INSTALLED	INTEL32::LINUX	null
localhost	wc		/usr/bin/wc	INSTALLED	INTEL32::LINUX	null
localhost	sh		/bin/wc		INSTALLED	INTEL32::LINUX	null
localhost	scott3a		/home/skrieder/swift/multi/scott3a.sh		INSTALLED	INTEL32::LINUX	null
localhost	scott3b		/home/skrieder/swift/multi/scott3b.sh		INSTALLED	INTEL32::LINUX	null


2012-06-04 11:09:28,689-0500 DEBUG textfiles END TC:
2012-06-04 11:09:28,698-0500 INFO  GridExec TASK_DEFINITION: Task(type=JOB_SUBMISSION, identity=urn:0-1-1-1338826167826) is /bin/bash shared/_swiftwrap echo-n7a1task -jobdir n -scratch  -e /bin/echo -out hello1.txt -err stderr.txt -i -d  -if  -of hello1.txt -k  -cdmfile  -status files -a TEST TEST TEST
2012-06-04 11:09:28,704-0500 INFO  JobSubmissionTaskHandler Submit: in: /var/tmp/hello-20120604-1109-xj39kv11 command: /bin/bash /var/tmp/hello-20120604-1109-xj39kv11/shared/_swiftwrap echo-n7a1task -jobdir n -scratch  -e /bin/echo -out hello1.txt -err stderr.txt -i -d  -if  -of hello1.txt -k  -cdmfile  -status files -a TEST TEST TEST
2012-06-04 11:09:28,815-0500 INFO  LateBindingScheduler JobQueue: 0
2012-06-04 11:09:28,822-0500 DEBUG vdl:checkjobstatus START jobid=echo-n7a1task
2012-06-04 11:09:28,826-0500 INFO  LateBindingScheduler JobQueue: 0
2012-06-04 11:09:28,828-0500 INFO  vdl:checkjobstatus SUCCESS jobid=echo-n7a1task - Success file found
2012-06-04 11:09:28,831-0500 DEBUG vdl:execute2 STAGING_OUT jobid=echo-n7a1task
2012-06-04 11:09:28,835-0500 INFO  vdl:dostageout START jobid=echo-n7a1task - Staging out files
2012-06-04 11:09:28,836-0500 DEBUG vdl:dostageout stageouts: [[$, outfile:messagefile - Open]]
2012-06-04 11:09:28,855-0500 DEBUG vdl:dostageout FILE_STAGE_OUT_START srcname=hello1.txt srcdir=hello-20120604-1109-xj39kv11/shared/ srchost=localhost destdir= desthost=localhost provider=file
2012-06-04 11:09:28,857-0500 INFO  LateBindingScheduler JobQueue: 0
2012-06-04 11:09:28,872-0500 INFO  LateBindingScheduler JobQueue: 0
2012-06-04 11:09:28,873-0500 DEBUG vdl:dostageout FILE_STAGE_OUT_END srcname=hello1.txt srcdir=hello-20120604-1109-xj39kv11/shared/ srchost=localhost destdir= desthost=localhost provider=file
2012-06-04 11:09:28,875-0500 INFO  LateBindingScheduler JobQueue: 0
2012-06-04 11:09:28,879-0500 INFO  vdl:dostageout END jobid=echo-n7a1task - Staging out finished
2012-06-04 11:09:28,882-0500 DEBUG vdl:execute2 JOB_END jobid=echo-n7a1task
2012-06-04 11:09:28,882-0500 INFO  vdl:execute END_SUCCESS thread=0-1 tr=echo
2012-06-04 11:09:28,883-0500 DEBUG greeting PROCEDURE_END line=3
2012-06-04 11:09:28,892-0500 DEBUG vdl:mains Starting cleanups
2012-06-04 11:09:28,893-0500 INFO  vdl:cleanups START cleanups=[[hello-20120604-1109-xj39kv11, localhost]]
2012-06-04 11:09:28,894-0500 INFO  vdl:cleanup START dir=hello-20120604-1109-xj39kv11 host=localhost
2012-06-04 11:09:28,895-0500 DEBUG vdl:cleanup cdmfile 
2012-06-04 11:09:28,897-0500 INFO  GridExec TASK_DEFINITION: Task(type=JOB_SUBMISSION, identity=urn:0-1-1338826167837) is /bin/rm -rf hello-20120604-1109-xj39kv11
2012-06-04 11:09:28,898-0500 INFO  JobSubmissionTaskHandler Submit: in: /var/tmp command: /bin/rm -rf hello-20120604-1109-xj39kv11
2012-06-04 11:09:28,899-0500 INFO  LateBindingScheduler JobQueue: 0
2012-06-04 11:09:28,900-0500 INFO  vdl:cleanup END dir=hello-20120604-1109-xj39kv11 host=localhost
2012-06-04 11:09:28,900-0500 INFO  vdl:cleanups END cleanups=[[hello-20120604-1109-xj39kv11, localhost]]
2012-06-04 11:09:28,901-0500 DEBUG vdl:mains Ending cleanups
2012-06-04 11:09:28,902-0500 INFO  Loader Swift finished with no errors
