2012-06-06 15:21:23,503-0500 DEBUG Loader arguments: [hello.swift]
2012-06-06 15:21:23,503-0500 DEBUG Loader Max heap: 252248064
2012-06-06 15:21:23,504-0500 DEBUG textfiles BEGIN SWIFTSCRIPT:
type messagefile;

app (messagefile t) greeting() { 
    echo "TEST TEST TEST" stdout=@filename(t);
}

messagefile outfile <"hello1.txt">;

outfile = greeting();



2012-06-06 15:21:23,504-0500 DEBUG textfiles END SWIFTSCRIPT:
2012-06-06 15:21:23,505-0500 DEBUG Loader kmlversion is >239b8550-a5ff-44be-a124-5e7ecd70737d<
2012-06-06 15:21:23,505-0500 DEBUG Loader build version is >239b8550-a5ff-44be-a124-5e7ecd70737d<
2012-06-06 15:21:23,505-0500 DEBUG Loader Recompilation suppressed.
2012-06-06 15:21:23,647-0500 DEBUG textfiles using default sites file
2012-06-06 15:21:23,652-0500 INFO  VDL2ExecutionContext Stack dump:
Level 1
[iA = 0, iB = 0, bA = false, bB = false]
	vdl:instanceconfig = Swift configuration []
	vdl:operation = run
	swift.home = /usr/local/swift/bin/..
	PATH_SEPARATOR = /


2012-06-06 15:21:24,352-0500 INFO  unknown Using sites file: /usr/local/swift/bin/../etc/sites.xml
2012-06-06 15:21:24,392-0500 INFO  unknown Using tc.data: /usr/local/swift/bin/../etc/tc.data
2012-06-06 15:21:24,500-0500 INFO  AbstractScheduler Setting resources to: {localhost=localhost}
2012-06-06 15:21:25,163-0500 INFO  unknown Swift 0.93 swift-r5483 cog-r3339

2012-06-06 15:21:25,164-0500 INFO  unknown RUNID id=run:20120606-1521-9r2lkp43
2012-06-06 15:21:25,206-0500 INFO  RootDataNode Found mapped data outfile:messagefile - Open.$
2012-06-06 15:21:25,220-0500 DEBUG greeting PROCEDURE line=3 thread=0-1 name=greeting
2012-06-06 15:21:25,225-0500 INFO  vdl:execute START thread=0-1 tr=echo
2012-06-06 15:21:25,241-0500 INFO  WeightedHostScoreScheduler CONTACT_SELECTED host=localhost, score=1.000
2012-06-06 15:21:25,248-0500 INFO  GlobalSubmitQueue No global submit throttle set. Using default (1024)
2012-06-06 15:21:25,253-0500 INFO  LateBindingScheduler JobQueue: 0
2012-06-06 15:21:25,255-0500 INFO  LateBindingScheduler JobQueue: 0
2012-06-06 15:21:25,258-0500 INFO  vdl:initshareddir START host=localhost - Initializing shared directory
2012-06-06 15:21:25,261-0500 INFO  LateBindingScheduler JobQueue: 0
2012-06-06 15:21:25,277-0500 INFO  LateBindingScheduler JobQueue: 0
2012-06-06 15:21:25,281-0500 INFO  LateBindingScheduler JobQueue: 0
2012-06-06 15:21:25,284-0500 INFO  LateBindingScheduler JobQueue: 0
2012-06-06 15:21:25,292-0500 INFO  LateBindingScheduler JobQueue: 0
2012-06-06 15:21:25,301-0500 INFO  LateBindingScheduler JobQueue: 0
2012-06-06 15:21:25,305-0500 INFO  vdl:initshareddir END host=localhost - Done initializing shared directory
2012-06-06 15:21:25,311-0500 DEBUG vdl:execute2 THREAD_ASSOCIATION jobid=echo-dg69eesk thread=0-1-1 host=localhost replicationGroup=cg69eesk
2012-06-06 15:21:25,335-0500 INFO  vdl:createdirset START jobid=echo-dg69eesk host=localhost - Initializing directory structure
2012-06-06 15:21:25,337-0500 INFO  vdl:createdirset END jobid=echo-dg69eesk - Done initializing directory structure
2012-06-06 15:21:25,340-0500 INFO  vdl:dostagein START jobid=echo-dg69eesk - Staging in files
2012-06-06 15:21:25,351-0500 INFO  vdl:dostagein END jobid=echo-dg69eesk - Staging in finished
2012-06-06 15:21:25,356-0500 DEBUG vdl:execute2 JOB_START jobid=echo-dg69eesk tr=echo arguments=[TEST TEST TEST] tmpdir=hello-20120606-1521-9r2lkp43/jobs/d/echo-dg69eesk host=localhost
2012-06-06 15:21:25,370-0500 DEBUG textfiles BEGIN TC:
#This is the transformation catalog.
#
#It comes pre-configured with a number of simple transformations with
#paths that are likely to work on a linux box. However, on some systems,
#the paths to these executables will be different (for example, sometimes
#some of these programs are found in /usr/bin rather than in /bin)
#
#NOTE WELL: fields in this file must be separated by tabs, not spaces; and
#there must be no trailing whitespace at the end of each line.
#
# sitename  transformation  path   INSTALLED  platform  profiles
localhost 	echo 		/bin/echo	INSTALLED	INTEL32::LINUX	null
localhost 	cat 		/bin/cat	INSTALLED	INTEL32::LINUX	null
localhost 	ls 		/bin/ls		INSTALLED	INTEL32::LINUX	null
localhost 	grep 		/bin/grep	INSTALLED	INTEL32::LINUX	null
localhost 	sort 		/bin/sort	INSTALLED	INTEL32::LINUX	null
localhost 	paste 		/bin/paste	INSTALLED	INTEL32::LINUX	null
localhost 	cp 		/bin/cp         INSTALLED	INTEL32::LINUX	null
localhost 	touch 		/bin/touch      INSTALLED	INTEL32::LINUX	null
localhost	wc		/usr/bin/wc	INSTALLED	INTEL32::LINUX	null
localhost	sh		/bin/wc		INSTALLED	INTEL32::LINUX	null
localhost	scott3a		/home/skrieder/swift/multi/scott3a.sh		INSTALLED	INTEL32::LINUX	null
localhost	scott3b		/home/skrieder/swift/multi/scott3b.sh		INSTALLED	INTEL32::LINUX	null


2012-06-06 15:21:25,370-0500 DEBUG textfiles END TC:
2012-06-06 15:21:25,404-0500 INFO  GridExec TASK_DEFINITION: Task(type=JOB_SUBMISSION, identity=urn:0-1-1-1339014084380) is /bin/bash shared/_swiftwrap echo-dg69eesk -jobdir d -scratch  -e /bin/echo -out hello1.txt -err stderr.txt -i -d  -if  -of hello1.txt -k  -cdmfile  -status files -a TEST TEST TEST
2012-06-06 15:21:25,411-0500 INFO  JobSubmissionTaskHandler Submit: in: /var/tmp/hello-20120606-1521-9r2lkp43 command: /bin/bash /var/tmp/hello-20120606-1521-9r2lkp43/shared/_swiftwrap echo-dg69eesk -jobdir d -scratch  -e /bin/echo -out hello1.txt -err stderr.txt -i -d  -if  -of hello1.txt -k  -cdmfile  -status files -a TEST TEST TEST
2012-06-06 15:21:25,543-0500 INFO  LateBindingScheduler JobQueue: 0
2012-06-06 15:21:25,549-0500 DEBUG vdl:checkjobstatus START jobid=echo-dg69eesk
2012-06-06 15:21:25,553-0500 INFO  LateBindingScheduler JobQueue: 0
2012-06-06 15:21:25,556-0500 INFO  vdl:checkjobstatus SUCCESS jobid=echo-dg69eesk - Success file found
2012-06-06 15:21:25,559-0500 DEBUG vdl:execute2 STAGING_OUT jobid=echo-dg69eesk
2012-06-06 15:21:25,563-0500 INFO  vdl:dostageout START jobid=echo-dg69eesk - Staging out files
2012-06-06 15:21:25,564-0500 DEBUG vdl:dostageout stageouts: [[$, outfile:messagefile - Open]]
2012-06-06 15:21:25,582-0500 DEBUG vdl:dostageout FILE_STAGE_OUT_START srcname=hello1.txt srcdir=hello-20120606-1521-9r2lkp43/shared/ srchost=localhost destdir= desthost=localhost provider=file
2012-06-06 15:21:25,585-0500 INFO  LateBindingScheduler JobQueue: 0
2012-06-06 15:21:25,605-0500 INFO  LateBindingScheduler JobQueue: 0
2012-06-06 15:21:25,607-0500 DEBUG vdl:dostageout FILE_STAGE_OUT_END srcname=hello1.txt srcdir=hello-20120606-1521-9r2lkp43/shared/ srchost=localhost destdir= desthost=localhost provider=file
2012-06-06 15:21:25,616-0500 INFO  LateBindingScheduler JobQueue: 0
2012-06-06 15:21:25,632-0500 INFO  vdl:dostageout END jobid=echo-dg69eesk - Staging out finished
2012-06-06 15:21:25,642-0500 DEBUG vdl:execute2 JOB_END jobid=echo-dg69eesk
2012-06-06 15:21:25,645-0500 INFO  vdl:execute END_SUCCESS thread=0-1 tr=echo
2012-06-06 15:21:25,648-0500 DEBUG greeting PROCEDURE_END line=3
2012-06-06 15:21:25,676-0500 DEBUG vdl:mains Starting cleanups
2012-06-06 15:21:25,677-0500 INFO  vdl:cleanups START cleanups=[[hello-20120606-1521-9r2lkp43, localhost]]
2012-06-06 15:21:25,678-0500 INFO  vdl:cleanup START dir=hello-20120606-1521-9r2lkp43 host=localhost
2012-06-06 15:21:25,678-0500 DEBUG vdl:cleanup cdmfile 
2012-06-06 15:21:25,681-0500 INFO  GridExec TASK_DEFINITION: Task(type=JOB_SUBMISSION, identity=urn:0-1-1339014084391) is /bin/rm -rf hello-20120606-1521-9r2lkp43
2012-06-06 15:21:25,681-0500 INFO  JobSubmissionTaskHandler Submit: in: /var/tmp command: /bin/rm -rf hello-20120606-1521-9r2lkp43
2012-06-06 15:21:25,682-0500 INFO  LateBindingScheduler JobQueue: 0
2012-06-06 15:21:25,682-0500 INFO  vdl:cleanup END dir=hello-20120606-1521-9r2lkp43 host=localhost
2012-06-06 15:21:25,683-0500 INFO  vdl:cleanups END cleanups=[[hello-20120606-1521-9r2lkp43, localhost]]
2012-06-06 15:21:25,683-0500 DEBUG vdl:mains Ending cleanups
2012-06-06 15:21:25,684-0500 INFO  Loader Swift finished with no errors
