2012-06-06 15:39:22,047-0500 DEBUG Loader arguments: [-tc.file, tc.data, hello16.swift]
2012-06-06 15:39:22,047-0500 DEBUG Loader Max heap: 252248064
2012-06-06 15:39:22,049-0500 DEBUG textfiles BEGIN SWIFTSCRIPT:

type messagefile; 
type countfile; 

app (countfile t) countwords (messagefile f) {   
     hello stdout=@filename(t);
}

//string inputNames = "1 2 3 4 5 6 7 8 9 10 11 12 13 14 15 16";
string inputNames = "1";

messagefile inputfiles[] <fixed_array_mapper;files=inputNames>;

foreach f, i in inputfiles {
  countfile c <single_file_mapper; file=@strcat(i, ".result")>;
  c = countwords(f);
}


2012-06-06 15:39:22,049-0500 DEBUG textfiles END SWIFTSCRIPT:
2012-06-06 15:39:22,049-0500 INFO  Loader hello16.swift: source file is new. Recompiling.
2012-06-06 15:39:22,608-0500 INFO  Karajan Validation of XML intermediate file was successful
2012-06-06 15:39:22,795-0500 DEBUG Loader setting: tc.file to: tc.data
2012-06-06 15:39:22,796-0500 DEBUG textfiles using default sites file
2012-06-06 15:39:22,799-0500 INFO  VDL2ExecutionContext Stack dump:
Level 1
[iA = 0, iB = 0, bA = false, bB = false]
	vdl:instanceconfig = Swift configuration []
	vdl:operation = run
	swift.home = /usr/local/swift/bin/..
	PATH_SEPARATOR = /


2012-06-06 15:39:23,444-0500 INFO  unknown Using sites file: /usr/local/swift/bin/../etc/sites.xml
2012-06-06 15:39:23,481-0500 INFO  unknown Using tc.data: tc.data
2012-06-06 15:39:23,595-0500 INFO  AbstractScheduler Setting resources to: {localhost=localhost}
2012-06-06 15:39:24,269-0500 INFO  unknown Swift 0.93 swift-r5483 cog-r3339

2012-06-06 15:39:24,270-0500 INFO  unknown RUNID id=run:20120606-1539-b83nfhr2
2012-06-06 15:39:24,319-0500 INFO  SetFieldValue Set: inputNames=1
2012-06-06 15:39:24,345-0500 INFO  RootDataNode Found data inputfiles:messagefile[] - Open.[0]
2012-06-06 15:39:24,349-0500 DEBUG vdl:mains FOREACH_IT_START line=14 thread=0-1-0
2012-06-06 15:39:24,349-0500 DEBUG vdl:mains SCOPE thread=0-1-0
2012-06-06 15:39:24,352-0500 INFO  SetFieldValue Set: swift#mapper#17001=0.result
2012-06-06 15:39:24,354-0500 DEBUG countwords PROCEDURE line=5 thread=0-1-0-1 name=countwords
2012-06-06 15:39:24,359-0500 INFO  vdl:execute START thread=0-1-0-1 tr=hello
2012-06-06 15:39:24,374-0500 INFO  WeightedHostScoreScheduler CONTACT_SELECTED host=localhost, score=1.000
2012-06-06 15:39:24,381-0500 INFO  GlobalSubmitQueue No global submit throttle set. Using default (1024)
2012-06-06 15:39:24,386-0500 INFO  LateBindingScheduler JobQueue: 0
2012-06-06 15:39:24,389-0500 INFO  LateBindingScheduler JobQueue: 0
2012-06-06 15:39:24,396-0500 INFO  vdl:initshareddir START host=localhost - Initializing shared directory
2012-06-06 15:39:24,403-0500 INFO  LateBindingScheduler JobQueue: 0
2012-06-06 15:39:24,431-0500 INFO  LateBindingScheduler JobQueue: 0
2012-06-06 15:39:24,435-0500 INFO  LateBindingScheduler JobQueue: 0
2012-06-06 15:39:24,439-0500 INFO  LateBindingScheduler JobQueue: 0
2012-06-06 15:39:24,446-0500 INFO  LateBindingScheduler JobQueue: 0
2012-06-06 15:39:24,455-0500 INFO  LateBindingScheduler JobQueue: 0
2012-06-06 15:39:24,459-0500 INFO  vdl:initshareddir END host=localhost - Done initializing shared directory
2012-06-06 15:39:24,465-0500 DEBUG vdl:execute2 THREAD_ASSOCIATION jobid=hello-tdczeesk thread=0-1-0-1-1 host=localhost replicationGroup=sdczeesk
2012-06-06 15:39:24,487-0500 INFO  vdl:createdirset START jobid=hello-tdczeesk host=localhost - Initializing directory structure
2012-06-06 15:39:24,490-0500 INFO  vdl:createdirset END jobid=hello-tdczeesk - Done initializing directory structure
2012-06-06 15:39:24,492-0500 INFO  vdl:dostagein START jobid=hello-tdczeesk - Staging in files
2012-06-06 15:39:24,517-0500 INFO  LateBindingScheduler JobQueue: 0
2012-06-06 15:39:24,529-0500 DEBUG vdl:dostagein CDM: file://localhost/1 : DEFAULT
2012-06-06 15:39:24,545-0500 DEBUG vdl:dostageinfile FILE_STAGE_IN_START file=1 srchost=localhost srcdir= srcname=1 desthost=localhost destdir=hello16-20120606-1539-b83nfhr2/shared/ provider=file policy=DEFAULT
2012-06-06 15:39:24,575-0500 INFO  LateBindingScheduler JobQueue: 0
2012-06-06 15:39:24,577-0500 INFO  vdl:checkerrorfile NO_STATUS_FILE jobid=hello-tdczeesk - Error file missing
2012-06-06 15:39:24,582-0500 DEBUG vdl:execute2 APPLICATION_EXCEPTION jobid=hello-tdczeesk - Application exception: null
Caused by: org.globus.cog.abstraction.impl.file.FileNotFoundException: File not found: /home/skrieder/swift/multi/./1
2012-06-06 15:39:24,630-0500 WARN  vdl:transferwrapperlog Failed to transfer wrapper log for job hello-tdczeesk
2012-06-06 15:39:24,631-0500 DEBUG vdl:transferwrapperlog Exception for wrapper log failure from hello16-20120606-1539-b83nfhr2/info/t on localhost: null
Caused by: org.globus.cog.abstraction.impl.file.FileNotFoundException: File not found: /var/tmp/hello16-20120606-1539-b83nfhr2/info/t/hello-tdczeesk-info
2012-06-06 15:39:25,651-0500 INFO  WeightedHostScoreScheduler CONTACT_SELECTED host=localhost, score=0.000
2012-06-06 15:39:25,658-0500 DEBUG vdl:execute2 THREAD_ASSOCIATION jobid=hello-vdczeesk thread=0-1-0-1-1 host=localhost replicationGroup=udczeesk
2012-06-06 15:39:25,668-0500 INFO  vdl:createdirset START jobid=hello-vdczeesk host=localhost - Initializing directory structure
2012-06-06 15:39:25,669-0500 INFO  vdl:createdirset END jobid=hello-vdczeesk - Done initializing directory structure
2012-06-06 15:39:25,671-0500 INFO  vdl:dostagein START jobid=hello-vdczeesk - Staging in files
2012-06-06 15:39:25,675-0500 INFO  LateBindingScheduler JobQueue: 0
2012-06-06 15:39:25,675-0500 DEBUG vdl:dostagein CDM: file://localhost/1 : DEFAULT
2012-06-06 15:39:25,676-0500 DEBUG vdl:dostageinfile FILE_STAGE_IN_START file=1 srchost=localhost srcdir= srcname=1 desthost=localhost destdir=hello16-20120606-1539-b83nfhr2/shared/ provider=file policy=DEFAULT
2012-06-06 15:39:25,689-0500 INFO  LateBindingScheduler JobQueue: 0
2012-06-06 15:39:25,690-0500 INFO  vdl:checkerrorfile NO_STATUS_FILE jobid=hello-vdczeesk - Error file missing
2012-06-06 15:39:25,691-0500 DEBUG vdl:execute2 APPLICATION_EXCEPTION jobid=hello-vdczeesk - Application exception: null
Caused by: org.globus.cog.abstraction.impl.file.FileNotFoundException: File not found: /home/skrieder/swift/multi/./1
2012-06-06 15:39:25,713-0500 WARN  vdl:transferwrapperlog Failed to transfer wrapper log for job hello-vdczeesk
2012-06-06 15:39:25,713-0500 DEBUG vdl:transferwrapperlog Exception for wrapper log failure from hello16-20120606-1539-b83nfhr2/info/v on localhost: null
Caused by: org.globus.cog.abstraction.impl.file.FileNotFoundException: File not found: /var/tmp/hello16-20120606-1539-b83nfhr2/info/v/hello-vdczeesk-info
