2012-06-12 10:27:31,072-0500 DEBUG Loader arguments: [-tc.file, tc.data, -sites.file, 0-throttle-sites.xml, scott16sm1000ms.swift]
2012-06-12 10:27:31,072-0500 DEBUG Loader Max heap: 252248064
2012-06-12 10:27:31,074-0500 DEBUG textfiles BEGIN SWIFTSCRIPT:

type messagefile; 
type countfile; 

app (countfile t) countwords (messagefile f) {   
     a16sm1000ms stdout=@filename(t);
}

string inputNames = "scott3a.sh scott3a.sh scott3a.sh scott3a.sh scott3a.sh scott3a.sh scott3a.sh scott3a.sh scott3a.sh scott3a.sh scott3a.sh scott3a.sh scott3a.sh scott3a.sh scott3a.sh scott3a.sh scott3a.sh scott3a.sh scott3a.sh scott3a.sh scott3a.sh scott3a.sh scott3a.sh scott3a.sh scott3a.sh scott3a.sh scott3a.sh scott3a.sh scott3a.sh scott3a.sh scott3a.sh scott3a.sh scott3a.sh scott3a.sh scott3a.sh scott3a.sh scott3a.sh scott3a.sh scott3a.sh scott3a.sh scott3a.sh scott3a.sh scott3a.sh scott3a.sh scott3a.sh scott3a.sh scott3a.sh scott3a.sh scott3a.sh scott3a.sh scott3a.sh scott3a.sh scott3a.sh scott3a.sh scott3a.sh scott3a.sh scott3a.sh scott3a.sh scott3a.sh scott3a.sh scott3a.sh scott3a.sh scott3a.sh scott3a.sh";

messagefile inputfiles[] <fixed_array_mapper;files=inputNames>;

foreach f,i in inputfiles {
  countfile c <single_file_mapper; file=@strcat(i, ".result")>;
  c = countwords(f);
}


2012-06-12 10:27:31,074-0500 DEBUG textfiles END SWIFTSCRIPT:
2012-06-12 10:27:31,074-0500 DEBUG Loader kmlversion is >239b8550-a5ff-44be-a124-5e7ecd70737d<
2012-06-12 10:27:31,074-0500 DEBUG Loader build version is >239b8550-a5ff-44be-a124-5e7ecd70737d<
2012-06-12 10:27:31,074-0500 DEBUG Loader Recompilation suppressed.
2012-06-12 10:27:31,224-0500 DEBUG Loader setting: sites.file to: 0-throttle-sites.xml
2012-06-12 10:27:31,224-0500 DEBUG Loader setting: tc.file to: tc.data
2012-06-12 10:27:31,224-0500 DEBUG textfiles BEGIN SITES:
<config>

  <pool handle="localhost">
    <filesystem provider="local" />
    <execution provider="local" />
    <workdirectory >/var/tmp</workdirectory>
    <profile namespace="karajan" key="jobThrottle">0</profile>
    <profile namespace="karajan" key="initialScore">10000</profile>
  </pool>

</config>


2012-06-12 10:27:31,224-0500 DEBUG textfiles END SITES:
2012-06-12 10:27:31,228-0500 INFO  VDL2ExecutionContext Stack dump:
Level 1
[iA = 0, iB = 0, bA = false, bB = false]
	vdl:instanceconfig = Swift configuration []
	vdl:operation = run
	swift.home = /usr/local/swift/bin/..
	PATH_SEPARATOR = /


2012-06-12 10:27:31,937-0500 INFO  unknown Using sites file: 0-throttle-sites.xml
2012-06-12 10:27:31,977-0500 INFO  unknown Using tc.data: tc.data
2012-06-12 10:27:32,079-0500 INFO  AbstractScheduler Setting resources to: {localhost=localhost}
2012-06-12 10:27:32,893-0500 INFO  unknown Swift 0.93 swift-r5483 cog-r3339

2012-06-12 10:27:32,893-0500 INFO  unknown RUNID id=run:20120612-1027-nhf1yku3
2012-06-12 10:27:32,960-0500 INFO  SetFieldValue Set: inputNames=scott3a.sh scott3a.sh scott3a.sh scott3a.sh scott3a.sh scott3a.sh scott3a.sh scott3a.sh scott3a.sh scott3a.sh scott3a.sh scott3a.sh scott3a.sh scott3a.sh scott3a.sh scott3a.sh scott3a.sh scott3a.sh scott3a.sh scott3a.sh scott3a.sh scott3a.sh scott3a.sh scott3a.sh scott3a.sh scott3a.sh scott3a.sh scott3a.sh scott3a.sh scott3a.sh scott3a.sh scott3a.sh scott3a.sh scott3a.sh scott3a.sh scott3a.sh scott3a.sh scott3a.sh scott3a.sh scott3a.sh scott3a.sh scott3a.sh scott3a.sh scott3a.sh scott3a.sh scott3a.sh scott3a.sh scott3a.sh scott3a.sh scott3a.sh scott3a.sh scott3a.sh scott3a.sh scott3a.sh scott3a.sh scott3a.sh scott3a.sh scott3a.sh scott3a.sh scott3a.sh scott3a.sh scott3a.sh scott3a.sh scott3a.sh
2012-06-12 10:27:32,982-0500 INFO  RootDataNode Found data inputfiles:messagefile[] - Open.[0]
2012-06-12 10:27:32,982-0500 INFO  RootDataNode Found data inputfiles:messagefile[] - Open.[1]
2012-06-12 10:27:32,982-0500 INFO  RootDataNode Found data inputfiles:messagefile[] - Open.[2]
2012-06-12 10:27:32,982-0500 INFO  RootDataNode Found data inputfiles:messagefile[] - Open.[3]
2012-06-12 10:27:32,982-0500 INFO  RootDataNode Found data inputfiles:messagefile[] - Open.[4]
2012-06-12 10:27:32,982-0500 INFO  RootDataNode Found data inputfiles:messagefile[] - Open.[5]
2012-06-12 10:27:32,982-0500 INFO  RootDataNode Found data inputfiles:messagefile[] - Open.[6]
2012-06-12 10:27:32,982-0500 INFO  RootDataNode Found data inputfiles:messagefile[] - Open.[7]
2012-06-12 10:27:32,982-0500 INFO  RootDataNode Found data inputfiles:messagefile[] - Open.[8]
2012-06-12 10:27:32,982-0500 INFO  RootDataNode Found data inputfiles:messagefile[] - Open.[9]
2012-06-12 10:27:32,983-0500 INFO  RootDataNode Found data inputfiles:messagefile[] - Open.[10]
2012-06-12 10:27:32,983-0500 INFO  RootDataNode Found data inputfiles:messagefile[] - Open.[11]
2012-06-12 10:27:32,983-0500 INFO  RootDataNode Found data inputfiles:messagefile[] - Open.[12]
2012-06-12 10:27:32,983-0500 INFO  RootDataNode Found data inputfiles:messagefile[] - Open.[13]
2012-06-12 10:27:32,983-0500 INFO  RootDataNode Found data inputfiles:messagefile[] - Open.[14]
2012-06-12 10:27:32,983-0500 INFO  RootDataNode Found data inputfiles:messagefile[] - Open.[15]
2012-06-12 10:27:32,983-0500 INFO  RootDataNode Found data inputfiles:messagefile[] - Open.[16]
2012-06-12 10:27:32,983-0500 INFO  RootDataNode Found data inputfiles:messagefile[] - Open.[17]
2012-06-12 10:27:32,983-0500 INFO  RootDataNode Found data inputfiles:messagefile[] - Open.[18]
2012-06-12 10:27:32,983-0500 INFO  RootDataNode Found data inputfiles:messagefile[] - Open.[19]
2012-06-12 10:27:32,983-0500 INFO  RootDataNode Found data inputfiles:messagefile[] - Open.[20]
2012-06-12 10:27:32,984-0500 INFO  RootDataNode Found data inputfiles:messagefile[] - Open.[21]
2012-06-12 10:27:32,984-0500 INFO  RootDataNode Found data inputfiles:messagefile[] - Open.[22]
2012-06-12 10:27:32,984-0500 INFO  RootDataNode Found data inputfiles:messagefile[] - Open.[23]
2012-06-12 10:27:32,984-0500 INFO  RootDataNode Found data inputfiles:messagefile[] - Open.[24]
2012-06-12 10:27:32,984-0500 INFO  RootDataNode Found data inputfiles:messagefile[] - Open.[25]
2012-06-12 10:27:32,984-0500 INFO  RootDataNode Found data inputfiles:messagefile[] - Open.[26]
2012-06-12 10:27:32,984-0500 INFO  RootDataNode Found data inputfiles:messagefile[] - Open.[27]
2012-06-12 10:27:32,984-0500 INFO  RootDataNode Found data inputfiles:messagefile[] - Open.[28]
2012-06-12 10:27:32,984-0500 INFO  RootDataNode Found data inputfiles:messagefile[] - Open.[29]
2012-06-12 10:27:32,984-0500 INFO  RootDataNode Found data inputfiles:messagefile[] - Open.[30]
2012-06-12 10:27:32,984-0500 INFO  RootDataNode Found data inputfiles:messagefile[] - Open.[31]
2012-06-12 10:27:32,985-0500 INFO  RootDataNode Found data inputfiles:messagefile[] - Open.[32]
2012-06-12 10:27:32,985-0500 INFO  RootDataNode Found data inputfiles:messagefile[] - Open.[33]
2012-06-12 10:27:32,985-0500 INFO  RootDataNode Found data inputfiles:messagefile[] - Open.[34]
2012-06-12 10:27:32,985-0500 INFO  RootDataNode Found data inputfiles:messagefile[] - Open.[35]
2012-06-12 10:27:32,985-0500 INFO  RootDataNode Found data inputfiles:messagefile[] - Open.[36]
2012-06-12 10:27:32,985-0500 INFO  RootDataNode Found data inputfiles:messagefile[] - Open.[37]
2012-06-12 10:27:32,985-0500 INFO  RootDataNode Found data inputfiles:messagefile[] - Open.[38]
2012-06-12 10:27:32,985-0500 INFO  RootDataNode Found data inputfiles:messagefile[] - Open.[39]
2012-06-12 10:27:32,985-0500 INFO  RootDataNode Found data inputfiles:messagefile[] - Open.[40]
2012-06-12 10:27:32,985-0500 INFO  RootDataNode Found data inputfiles:messagefile[] - Open.[41]
2012-06-12 10:27:32,985-0500 INFO  RootDataNode Found data inputfiles:messagefile[] - Open.[42]
2012-06-12 10:27:32,986-0500 INFO  RootDataNode Found data inputfiles:messagefile[] - Open.[43]
2012-06-12 10:27:32,986-0500 INFO  RootDataNode Found data inputfiles:messagefile[] - Open.[44]
2012-06-12 10:27:32,986-0500 INFO  RootDataNode Found data inputfiles:messagefile[] - Open.[45]
2012-06-12 10:27:32,986-0500 INFO  RootDataNode Found data inputfiles:messagefile[] - Open.[46]
2012-06-12 10:27:32,986-0500 INFO  RootDataNode Found data inputfiles:messagefile[] - Open.[47]
2012-06-12 10:27:32,986-0500 INFO  RootDataNode Found data inputfiles:messagefile[] - Open.[48]
2012-06-12 10:27:32,986-0500 INFO  RootDataNode Found data inputfiles:messagefile[] - Open.[49]
2012-06-12 10:27:32,986-0500 INFO  RootDataNode Found data inputfiles:messagefile[] - Open.[50]
2012-06-12 10:27:32,986-0500 INFO  RootDataNode Found data inputfiles:messagefile[] - Open.[51]
2012-06-12 10:27:32,986-0500 INFO  RootDataNode Found data inputfiles:messagefile[] - Open.[52]
2012-06-12 10:27:32,986-0500 INFO  RootDataNode Found data inputfiles:messagefile[] - Open.[53]
2012-06-12 10:27:32,987-0500 INFO  RootDataNode Found data inputfiles:messagefile[] - Open.[54]
2012-06-12 10:27:32,987-0500 INFO  RootDataNode Found data inputfiles:messagefile[] - Open.[55]
2012-06-12 10:27:32,987-0500 INFO  RootDataNode Found data inputfiles:messagefile[] - Open.[56]
2012-06-12 10:27:32,987-0500 INFO  RootDataNode Found data inputfiles:messagefile[] - Open.[57]
2012-06-12 10:27:32,987-0500 INFO  RootDataNode Found data inputfiles:messagefile[] - Open.[58]
2012-06-12 10:27:32,987-0500 INFO  RootDataNode Found data inputfiles:messagefile[] - Open.[59]
2012-06-12 10:27:32,987-0500 INFO  RootDataNode Found data inputfiles:messagefile[] - Open.[60]
2012-06-12 10:27:32,987-0500 INFO  RootDataNode Found data inputfiles:messagefile[] - Open.[61]
2012-06-12 10:27:32,987-0500 INFO  RootDataNode Found data inputfiles:messagefile[] - Open.[62]
2012-06-12 10:27:32,988-0500 INFO  RootDataNode Found data inputfiles:messagefile[] - Open.[63]
2012-06-12 10:27:32,992-0500 DEBUG vdl:mains FOREACH_IT_START line=13 thread=0-1-1
2012-06-12 10:27:32,993-0500 DEBUG vdl:mains SCOPE thread=0-1-1
2012-06-12 10:27:32,993-0500 DEBUG vdl:mains FOREACH_IT_START line=13 thread=0-1-4
2012-06-12 10:27:32,993-0500 DEBUG vdl:mains FOREACH_IT_START line=13 thread=0-1-2
2012-06-12 10:27:32,993-0500 DEBUG vdl:mains FOREACH_IT_START line=13 thread=0-1-0
2012-06-12 10:27:32,993-0500 DEBUG vdl:mains FOREACH_IT_START line=13 thread=0-1-3
2012-06-12 10:27:32,994-0500 DEBUG vdl:mains SCOPE thread=0-1-2
2012-06-12 10:27:32,993-0500 DEBUG vdl:mains SCOPE thread=0-1-4
2012-06-12 10:27:32,995-0500 DEBUG vdl:mains FOREACH_IT_START line=13 thread=0-1-9
2012-06-12 10:27:32,996-0500 DEBUG vdl:mains SCOPE thread=0-1-9
2012-06-12 10:27:32,996-0500 DEBUG vdl:mains FOREACH_IT_START line=13 thread=0-1-12
2012-06-12 10:27:32,996-0500 DEBUG vdl:mains FOREACH_IT_START line=13 thread=0-1-8
2012-06-12 10:27:32,994-0500 DEBUG vdl:mains SCOPE thread=0-1-3
2012-06-12 10:27:32,994-0500 DEBUG vdl:mains SCOPE thread=0-1-0
2012-06-12 10:27:32,997-0500 DEBUG vdl:mains SCOPE thread=0-1-8
2012-06-12 10:27:32,997-0500 DEBUG vdl:mains FOREACH_IT_START line=13 thread=0-1-5
2012-06-12 10:27:32,996-0500 DEBUG vdl:mains SCOPE thread=0-1-12
2012-06-12 10:27:32,996-0500 DEBUG vdl:mains FOREACH_IT_START line=13 thread=0-1-11
2012-06-12 10:27:32,995-0500 DEBUG vdl:mains FOREACH_IT_START line=13 thread=0-1-6
2012-06-12 10:27:32,995-0500 DEBUG vdl:mains FOREACH_IT_START line=13 thread=0-1-10
2012-06-12 10:27:32,999-0500 DEBUG vdl:mains FOREACH_IT_START line=13 thread=0-1-13
2012-06-12 10:27:32,998-0500 DEBUG vdl:mains SCOPE thread=0-1-5
2012-06-12 10:27:33,000-0500 DEBUG vdl:mains SCOPE thread=0-1-6
2012-06-12 10:27:32,997-0500 DEBUG vdl:mains FOREACH_IT_START line=13 thread=0-1-7
2012-06-12 10:27:33,000-0500 DEBUG vdl:mains SCOPE thread=0-1-13
2012-06-12 10:27:33,000-0500 DEBUG vdl:mains FOREACH_IT_START line=13 thread=0-1-16
2012-06-12 10:27:33,002-0500 DEBUG vdl:mains FOREACH_IT_START line=13 thread=0-1-15
2012-06-12 10:27:33,002-0500 DEBUG vdl:mains SCOPE thread=0-1-7
2012-06-12 10:27:33,000-0500 DEBUG vdl:mains SCOPE thread=0-1-10
2012-06-12 10:27:32,999-0500 DEBUG vdl:mains FOREACH_IT_START line=13 thread=0-1-14
2012-06-12 10:27:33,003-0500 DEBUG vdl:mains FOREACH_IT_START line=13 thread=0-1-19
2012-06-12 10:27:33,004-0500 DEBUG vdl:mains FOREACH_IT_START line=13 thread=0-1-20
2012-06-12 10:27:32,999-0500 DEBUG vdl:mains SCOPE thread=0-1-11
2012-06-12 10:27:33,003-0500 DEBUG vdl:mains SCOPE thread=0-1-16
2012-06-12 10:27:33,005-0500 DEBUG vdl:mains SCOPE thread=0-1-15
2012-06-12 10:27:33,005-0500 DEBUG vdl:mains FOREACH_IT_START line=13 thread=0-1-17
2012-06-12 10:27:33,005-0500 DEBUG vdl:mains FOREACH_IT_START line=13 thread=0-1-21
2012-06-12 10:27:33,006-0500 DEBUG vdl:mains SCOPE thread=0-1-14
2012-06-12 10:27:33,006-0500 DEBUG vdl:mains FOREACH_IT_START line=13 thread=0-1-23
2012-06-12 10:27:33,007-0500 DEBUG vdl:mains FOREACH_IT_START line=13 thread=0-1-25
2012-06-12 10:27:33,006-0500 DEBUG vdl:mains FOREACH_IT_START line=13 thread=0-1-24
2012-06-12 10:27:33,007-0500 DEBUG vdl:mains FOREACH_IT_START line=13 thread=0-1-26
2012-06-12 10:27:33,007-0500 DEBUG vdl:mains FOREACH_IT_START line=13 thread=0-1-27
2012-06-12 10:27:33,008-0500 DEBUG vdl:mains FOREACH_IT_START line=13 thread=0-1-28
2012-06-12 10:27:33,008-0500 DEBUG vdl:mains FOREACH_IT_START line=13 thread=0-1-34
2012-06-12 10:27:33,009-0500 DEBUG vdl:mains SCOPE thread=0-1-21
2012-06-12 10:27:33,010-0500 DEBUG vdl:mains SCOPE thread=0-1-25
2012-06-12 10:27:33,010-0500 DEBUG vdl:mains FOREACH_IT_START line=13 thread=0-1-18
2012-06-12 10:27:33,010-0500 DEBUG vdl:mains SCOPE thread=0-1-27
2012-06-12 10:27:33,008-0500 DEBUG vdl:mains FOREACH_IT_START line=13 thread=0-1-30
2012-06-12 10:27:33,011-0500 DEBUG vdl:mains SCOPE thread=0-1-34
2012-06-12 10:27:33,007-0500 DEBUG vdl:mains FOREACH_IT_START line=13 thread=0-1-31
2012-06-12 10:27:33,011-0500 DEBUG vdl:mains SCOPE thread=0-1-26
2012-06-12 10:27:33,007-0500 DEBUG vdl:mains FOREACH_IT_START line=13 thread=0-1-29
2012-06-12 10:27:33,007-0500 DEBUG vdl:mains SCOPE thread=0-1-19
2012-06-12 10:27:33,011-0500 DEBUG vdl:mains SCOPE thread=0-1-20
2012-06-12 10:27:33,012-0500 DEBUG vdl:mains FOREACH_IT_START line=13 thread=0-1-32
2012-06-12 10:27:33,013-0500 DEBUG vdl:mains SCOPE thread=0-1-18
2012-06-12 10:27:33,013-0500 DEBUG vdl:mains SCOPE thread=0-1-30
2012-06-12 10:27:33,013-0500 DEBUG vdl:mains FOREACH_IT_START line=13 thread=0-1-35
2012-06-12 10:27:33,013-0500 DEBUG vdl:mains SCOPE thread=0-1-31
2012-06-12 10:27:33,011-0500 DEBUG vdl:mains SCOPE thread=0-1-28
2012-06-12 10:27:33,011-0500 DEBUG vdl:mains FOREACH_IT_START line=13 thread=0-1-22
2012-06-12 10:27:33,010-0500 DEBUG vdl:mains SCOPE thread=0-1-23
2012-06-12 10:27:33,014-0500 DEBUG vdl:mains SCOPE thread=0-1-32
2012-06-12 10:27:33,015-0500 DEBUG vdl:mains FOREACH_IT_START line=13 thread=0-1-36
2012-06-12 10:27:33,015-0500 DEBUG vdl:mains FOREACH_IT_START line=13 thread=0-1-40
2012-06-12 10:27:33,010-0500 DEBUG vdl:mains SCOPE thread=0-1-24
2012-06-12 10:27:33,009-0500 DEBUG vdl:mains SCOPE thread=0-1-17
2012-06-12 10:27:33,008-0500 DEBUG vdl:mains FOREACH_IT_START line=13 thread=0-1-33
2012-06-12 10:27:33,016-0500 DEBUG vdl:mains FOREACH_IT_START line=13 thread=0-1-49
2012-06-12 10:27:33,016-0500 DEBUG vdl:mains FOREACH_IT_START line=13 thread=0-1-47
2012-06-12 10:27:33,016-0500 DEBUG vdl:mains FOREACH_IT_START line=13 thread=0-1-46
2012-06-12 10:27:33,015-0500 DEBUG vdl:mains FOREACH_IT_START line=13 thread=0-1-45
2012-06-12 10:27:33,015-0500 DEBUG vdl:mains FOREACH_IT_START line=13 thread=0-1-44
2012-06-12 10:27:33,015-0500 DEBUG vdl:mains FOREACH_IT_START line=13 thread=0-1-43
2012-06-12 10:27:33,015-0500 DEBUG vdl:mains FOREACH_IT_START line=13 thread=0-1-41
2012-06-12 10:27:33,016-0500 DEBUG vdl:mains FOREACH_IT_START line=13 thread=0-1-57
2012-06-12 10:27:33,016-0500 DEBUG vdl:mains FOREACH_IT_START line=13 thread=0-1-58
2012-06-12 10:27:33,015-0500 DEBUG vdl:mains FOREACH_IT_START line=13 thread=0-1-42
2012-06-12 10:27:33,015-0500 DEBUG vdl:mains FOREACH_IT_START line=13 thread=0-1-38
2012-06-12 10:27:33,015-0500 DEBUG vdl:mains FOREACH_IT_START line=13 thread=0-1-37
2012-06-12 10:27:33,017-0500 DEBUG vdl:mains FOREACH_IT_START line=13 thread=0-1-60
2012-06-12 10:27:33,017-0500 DEBUG vdl:mains FOREACH_IT_START line=13 thread=0-1-59
2012-06-12 10:27:33,016-0500 DEBUG vdl:mains SCOPE thread=0-1-29
2012-06-12 10:27:33,016-0500 DEBUG vdl:mains FOREACH_IT_START line=13 thread=0-1-56
2012-06-12 10:27:33,016-0500 DEBUG vdl:mains FOREACH_IT_START line=13 thread=0-1-55
2012-06-12 10:27:33,016-0500 DEBUG vdl:mains FOREACH_IT_START line=13 thread=0-1-54
2012-06-12 10:27:33,017-0500 DEBUG vdl:mains SCOPE thread=0-1-35
2012-06-12 10:27:33,016-0500 DEBUG vdl:mains FOREACH_IT_START line=13 thread=0-1-53
2012-06-12 10:27:33,016-0500 DEBUG vdl:mains FOREACH_IT_START line=13 thread=0-1-52
2012-06-12 10:27:33,018-0500 DEBUG vdl:mains SCOPE thread=0-1-36
2012-06-12 10:27:33,016-0500 DEBUG vdl:mains FOREACH_IT_START line=13 thread=0-1-51
2012-06-12 10:27:33,016-0500 DEBUG vdl:mains FOREACH_IT_START line=13 thread=0-1-50
2012-06-12 10:27:33,018-0500 DEBUG vdl:mains SCOPE thread=0-1-49
2012-06-12 10:27:33,018-0500 DEBUG vdl:mains SCOPE thread=0-1-40
2012-06-12 10:27:33,019-0500 DEBUG vdl:mains SCOPE thread=0-1-44
2012-06-12 10:27:33,017-0500 DEBUG vdl:mains FOREACH_IT_START line=13 thread=0-1-61
2012-06-12 10:27:33,017-0500 DEBUG vdl:mains FOREACH_IT_START line=13 thread=0-1-48
2012-06-12 10:27:33,017-0500 DEBUG vdl:mains SCOPE thread=0-1-22
2012-06-12 10:27:33,017-0500 DEBUG vdl:mains FOREACH_IT_START line=13 thread=0-1-63
2012-06-12 10:27:33,017-0500 DEBUG vdl:mains FOREACH_IT_START line=13 thread=0-1-62
2012-06-12 10:27:33,019-0500 DEBUG vdl:mains SCOPE thread=0-1-42
2012-06-12 10:27:33,019-0500 DEBUG vdl:mains SCOPE thread=0-1-33
2012-06-12 10:27:33,019-0500 DEBUG vdl:mains SCOPE thread=0-1-58
2012-06-12 10:27:33,019-0500 DEBUG vdl:mains SCOPE thread=0-1-57
2012-06-12 10:27:33,019-0500 DEBUG vdl:mains SCOPE thread=0-1-41
2012-06-12 10:27:33,019-0500 DEBUG vdl:mains SCOPE thread=0-1-43
2012-06-12 10:27:33,018-0500 DEBUG vdl:mains SCOPE thread=0-1-45
2012-06-12 10:27:33,018-0500 DEBUG vdl:mains SCOPE thread=0-1-46
2012-06-12 10:27:33,018-0500 DEBUG vdl:mains SCOPE thread=0-1-47
2012-06-12 10:27:33,020-0500 DEBUG vdl:mains SCOPE thread=0-1-53
2012-06-12 10:27:33,020-0500 DEBUG vdl:mains SCOPE thread=0-1-52
2012-06-12 10:27:33,021-0500 DEBUG vdl:mains SCOPE thread=0-1-51
2012-06-12 10:27:33,021-0500 DEBUG vdl:mains SCOPE thread=0-1-61
2012-06-12 10:27:33,020-0500 DEBUG vdl:mains SCOPE thread=0-1-54
2012-06-12 10:27:33,020-0500 DEBUG vdl:mains SCOPE thread=0-1-55
2012-06-12 10:27:33,020-0500 DEBUG vdl:mains SCOPE thread=0-1-56
2012-06-12 10:27:33,019-0500 DEBUG vdl:mains SCOPE thread=0-1-59
2012-06-12 10:27:33,019-0500 DEBUG vdl:mains SCOPE thread=0-1-60
2012-06-12 10:27:33,022-0500 INFO  SetFieldValue Set: swift#mapper#17001=1.result
2012-06-12 10:27:33,025-0500 INFO  RootDataNode Found mapped data c:countfile - Open.$
2012-06-12 10:27:33,019-0500 DEBUG vdl:mains SCOPE thread=0-1-37
2012-06-12 10:27:33,019-0500 DEBUG vdl:mains SCOPE thread=0-1-38
2012-06-12 10:27:33,021-0500 DEBUG vdl:mains SCOPE thread=0-1-62
2012-06-12 10:27:33,029-0500 INFO  SetFieldValue Set: swift#mapper#17001=4.result
2012-06-12 10:27:33,021-0500 DEBUG vdl:mains SCOPE thread=0-1-63
2012-06-12 10:27:33,021-0500 DEBUG vdl:mains SCOPE thread=0-1-48
2012-06-12 10:27:33,030-0500 INFO  RootDataNode Found mapped data c:countfile - Open.$
2012-06-12 10:27:33,030-0500 INFO  SetFieldValue Set: swift#mapper#17001=3.result
2012-06-12 10:27:33,031-0500 INFO  RootDataNode Found mapped data c:countfile - Open.$
2012-06-12 10:27:33,031-0500 INFO  SetFieldValue Set: swift#mapper#17001=9.result
2012-06-12 10:27:33,031-0500 INFO  SetFieldValue Set: swift#mapper#17001=8.result
2012-06-12 10:27:33,032-0500 INFO  SetFieldValue Set: swift#mapper#17001=2.result
2012-06-12 10:27:33,032-0500 INFO  RootDataNode Found mapped data c:countfile - Open.$
2012-06-12 10:27:33,032-0500 INFO  RootDataNode Found mapped data c:countfile - Open.$
2012-06-12 10:27:33,033-0500 DEBUG countwords PROCEDURE line=5 thread=0-1-1-1 name=countwords
2012-06-12 10:27:33,021-0500 DEBUG vdl:mains SCOPE thread=0-1-50
2012-06-12 10:27:33,020-0500 DEBUG vdl:mains FOREACH_IT_START line=13 thread=0-1-39
2012-06-12 10:27:33,034-0500 INFO  SetFieldValue Set: swift#mapper#17001=5.result
2012-06-12 10:27:33,034-0500 DEBUG vdl:mains SCOPE thread=0-1-39
2012-06-12 10:27:33,035-0500 INFO  RootDataNode Found mapped data c:countfile - Open.$
2012-06-12 10:27:33,036-0500 INFO  SetFieldValue Set: swift#mapper#17001=13.result
2012-06-12 10:27:33,037-0500 DEBUG countwords PROCEDURE line=5 thread=0-1-4-1 name=countwords
2012-06-12 10:27:33,037-0500 INFO  RootDataNode Found mapped data c:countfile - Open.$
2012-06-12 10:27:33,038-0500 INFO  SetFieldValue Set: swift#mapper#17001=7.result
2012-06-12 10:27:33,038-0500 DEBUG countwords PROCEDURE line=5 thread=0-1-3-1 name=countwords
2012-06-12 10:27:33,039-0500 INFO  SetFieldValue Set: swift#mapper#17001=0.result
2012-06-12 10:27:33,033-0500 INFO  SetFieldValue Set: swift#mapper#17001=12.result
2012-06-12 10:27:33,033-0500 INFO  RootDataNode Found mapped data c:countfile - Open.$
2012-06-12 10:27:33,039-0500 INFO  RootDataNode Found mapped data c:countfile - Open.$
2012-06-12 10:27:33,039-0500 INFO  SetFieldValue Set: swift#mapper#17001=16.result
2012-06-12 10:27:33,040-0500 INFO  SetFieldValue Set: swift#mapper#17001=11.result
2012-06-12 10:27:33,040-0500 DEBUG countwords PROCEDURE line=5 thread=0-1-9-1 name=countwords
2012-06-12 10:27:33,040-0500 INFO  RootDataNode Found mapped data c:countfile - Open.$
2012-06-12 10:27:33,040-0500 INFO  RootDataNode Found mapped data c:countfile - Open.$
2012-06-12 10:27:33,041-0500 INFO  RootDataNode Found mapped data c:countfile - Open.$
2012-06-12 10:27:33,041-0500 DEBUG countwords PROCEDURE line=5 thread=0-1-8-1 name=countwords
2012-06-12 10:27:33,041-0500 INFO  SetFieldValue Set: swift#mapper#17001=14.result
2012-06-12 10:27:33,041-0500 DEBUG countwords PROCEDURE line=5 thread=0-1-2-1 name=countwords
2012-06-12 10:27:33,041-0500 INFO  RootDataNode Found mapped data c:countfile - Open.$
2012-06-12 10:27:33,042-0500 INFO  RootDataNode Found mapped data c:countfile - Open.$
2012-06-12 10:27:33,042-0500 INFO  SetFieldValue Set: swift#mapper#17001=21.result
2012-06-12 10:27:33,043-0500 INFO  SetFieldValue Set: swift#mapper#17001=25.result
2012-06-12 10:27:33,043-0500 INFO  SetFieldValue Set: swift#mapper#17001=10.result
2012-06-12 10:27:33,044-0500 INFO  SetFieldValue Set: swift#mapper#17001=27.result
2012-06-12 10:27:33,044-0500 INFO  RootDataNode Found mapped data c:countfile - Open.$
2012-06-12 10:27:33,045-0500 INFO  SetFieldValue Set: swift#mapper#17001=34.result
2012-06-12 10:27:33,045-0500 INFO  RootDataNode Found mapped data c:countfile - Open.$
2012-06-12 10:27:33,045-0500 DEBUG countwords PROCEDURE line=5 thread=0-1-5-1 name=countwords
2012-06-12 10:27:33,045-0500 INFO  RootDataNode Found mapped data c:countfile - Open.$
2012-06-12 10:27:33,046-0500 INFO  SetFieldValue Set: swift#mapper#17001=19.result
2012-06-12 10:27:33,046-0500 INFO  SetFieldValue Set: swift#mapper#17001=20.result
2012-06-12 10:27:33,046-0500 INFO  RootDataNode Found mapped data c:countfile - Open.$
2012-06-12 10:27:33,047-0500 INFO  SetFieldValue Set: swift#mapper#17001=18.result
2012-06-12 10:27:33,047-0500 INFO  SetFieldValue Set: swift#mapper#17001=6.result
2012-06-12 10:27:33,046-0500 INFO  RootDataNode Found mapped data c:countfile - Open.$
2012-06-12 10:27:33,048-0500 INFO  RootDataNode Found mapped data c:countfile - Open.$
2012-06-12 10:27:33,048-0500 INFO  RootDataNode Found mapped data c:countfile - Open.$
2012-06-12 10:27:33,048-0500 INFO  SetFieldValue Set: swift#mapper#17001=26.result
2012-06-12 10:27:33,047-0500 INFO  RootDataNode Found mapped data c:countfile - Open.$
2012-06-12 10:27:33,049-0500 INFO  SetFieldValue Set: swift#mapper#17001=32.result
2012-06-12 10:27:33,049-0500 INFO  SetFieldValue Set: swift#mapper#17001=17.result
2012-06-12 10:27:33,049-0500 INFO  RootDataNode Found mapped data c:countfile - Open.$
2012-06-12 10:27:33,050-0500 INFO  RootDataNode Found mapped data c:countfile - Open.$
2012-06-12 10:27:33,050-0500 INFO  SetFieldValue Set: swift#mapper#17001=29.result
2012-06-12 10:27:33,051-0500 INFO  RootDataNode Found mapped data c:countfile - Open.$
2012-06-12 10:27:33,051-0500 DEBUG countwords PROCEDURE line=5 thread=0-1-0-1 name=countwords
2012-06-12 10:27:33,047-0500 INFO  RootDataNode Found mapped data c:countfile - Open.$
2012-06-12 10:27:33,051-0500 INFO  SetFieldValue Set: swift#mapper#17001=23.result
2012-06-12 10:27:33,051-0500 DEBUG countwords PROCEDURE line=5 thread=0-1-7-1 name=countwords
2012-06-12 10:27:33,052-0500 DEBUG countwords PROCEDURE line=5 thread=0-1-11-1 name=countwords
2012-06-12 10:27:33,052-0500 INFO  RootDataNode Found mapped data c:countfile - Open.$
2012-06-12 10:27:33,052-0500 INFO  SetFieldValue Set: swift#mapper#17001=15.result
2012-06-12 10:27:33,052-0500 DEBUG countwords PROCEDURE line=5 thread=0-1-16-1 name=countwords
2012-06-12 10:27:33,047-0500 INFO  SetFieldValue Set: swift#mapper#17001=30.result
2012-06-12 10:27:33,053-0500 INFO  RootDataNode Found mapped data c:countfile - Open.$
2012-06-12 10:27:33,053-0500 INFO  SetFieldValue Set: swift#mapper#17001=22.result
2012-06-12 10:27:33,053-0500 INFO  SetFieldValue Set: swift#mapper#17001=41.result
2012-06-12 10:27:33,053-0500 INFO  SetFieldValue Set: swift#mapper#17001=45.result
2012-06-12 10:27:33,053-0500 INFO  SetFieldValue Set: swift#mapper#17001=33.result
2012-06-12 10:27:33,054-0500 INFO  RootDataNode Found mapped data c:countfile - Open.$
2012-06-12 10:27:33,054-0500 INFO  SetFieldValue Set: swift#mapper#17001=46.result
2012-06-12 10:27:33,054-0500 INFO  SetFieldValue Set: swift#mapper#17001=47.result
2012-06-12 10:27:33,047-0500 DEBUG countwords PROCEDURE line=5 thread=0-1-12-1 name=countwords
2012-06-12 10:27:33,054-0500 INFO  RootDataNode Found mapped data c:countfile - Open.$
2012-06-12 10:27:33,054-0500 INFO  SetFieldValue Set: swift#mapper#17001=53.result
2012-06-12 10:27:33,055-0500 INFO  SetFieldValue Set: swift#mapper#17001=42.result
2012-06-12 10:27:33,055-0500 INFO  RootDataNode Found mapped data c:countfile - Open.$
2012-06-12 10:27:33,055-0500 INFO  RootDataNode Found mapped data c:countfile - Open.$
2012-06-12 10:27:33,056-0500 INFO  RootDataNode Found mapped data c:countfile - Open.$
2012-06-12 10:27:33,056-0500 INFO  RootDataNode Found mapped data c:countfile - Open.$
2012-06-12 10:27:33,056-0500 INFO  RootDataNode Found mapped data c:countfile - Open.$
2012-06-12 10:27:33,053-0500 DEBUG countwords PROCEDURE line=5 thread=0-1-14-1 name=countwords
2012-06-12 10:27:33,052-0500 INFO  SetFieldValue Set: swift#mapper#17001=36.result
2012-06-12 10:27:33,051-0500 INFO  SetFieldValue Set: swift#mapper#17001=35.result
2012-06-12 10:27:33,049-0500 INFO  SetFieldValue Set: swift#mapper#17001=24.result
2012-06-12 10:27:33,048-0500 INFO  SetFieldValue Set: swift#mapper#17001=28.result
2012-06-12 10:27:33,048-0500 INFO  SetFieldValue Set: swift#mapper#17001=31.result
2012-06-12 10:27:33,048-0500 DEBUG countwords PROCEDURE line=5 thread=0-1-13-1 name=countwords
2012-06-12 10:27:33,057-0500 DEBUG countwords PROCEDURE line=5 thread=0-1-21-1 name=countwords
2012-06-12 10:27:33,057-0500 INFO  SetFieldValue Set: swift#mapper#17001=61.result
2012-06-12 10:27:33,057-0500 INFO  RootDataNode Found mapped data c:countfile - Open.$
2012-06-12 10:27:33,057-0500 INFO  SetFieldValue Set: swift#mapper#17001=44.result
2012-06-12 10:27:33,056-0500 INFO  RootDataNode Found mapped data c:countfile - Open.$
2012-06-12 10:27:33,056-0500 INFO  RootDataNode Found mapped data c:countfile - Open.$
2012-06-12 10:27:33,056-0500 INFO  SetFieldValue Set: swift#mapper#17001=51.result
2012-06-12 10:27:33,058-0500 INFO  SetFieldValue Set: swift#mapper#17001=52.result
2012-06-12 10:27:33,058-0500 INFO  SetFieldValue Set: swift#mapper#17001=54.result
2012-06-12 10:27:33,058-0500 INFO  SetFieldValue Set: swift#mapper#17001=43.result
2012-06-12 10:27:33,058-0500 INFO  RootDataNode Found mapped data c:countfile - Open.$
2012-06-12 10:27:33,058-0500 INFO  RootDataNode Found mapped data c:countfile - Open.$
2012-06-12 10:27:33,059-0500 INFO  RootDataNode Found mapped data c:countfile - Open.$
2012-06-12 10:27:33,055-0500 INFO  SetFieldValue Set: swift#mapper#17001=58.result
2012-06-12 10:27:33,054-0500 INFO  SetFieldValue Set: swift#mapper#17001=57.result
2012-06-12 10:27:33,059-0500 INFO  RootDataNode Found mapped data c:countfile - Open.$
2012-06-12 10:27:33,059-0500 INFO  SetFieldValue Set: swift#mapper#17001=49.result
2012-06-12 10:27:33,059-0500 INFO  RootDataNode Found mapped data c:countfile - Open.$
2012-06-12 10:27:33,059-0500 INFO  SetFieldValue Set: swift#mapper#17001=60.result
2012-06-12 10:27:33,060-0500 INFO  RootDataNode Found mapped data c:countfile - Open.$
2012-06-12 10:27:33,060-0500 DEBUG countwords PROCEDURE line=5 thread=0-1-34-1 name=countwords
2012-06-12 10:27:33,060-0500 INFO  RootDataNode Found mapped data c:countfile - Open.$
2012-06-12 10:27:33,060-0500 INFO  RootDataNode Found mapped data c:countfile - Open.$
2012-06-12 10:27:33,060-0500 INFO  RootDataNode Found mapped data c:countfile - Open.$
2012-06-12 10:27:33,060-0500 INFO  RootDataNode Found mapped data c:countfile - Open.$
2012-06-12 10:27:33,060-0500 INFO  RootDataNode Found mapped data c:countfile - Open.$
2012-06-12 10:27:33,059-0500 INFO  RootDataNode Found mapped data c:countfile - Open.$
2012-06-12 10:27:33,061-0500 INFO  RootDataNode Found mapped data c:countfile - Open.$
2012-06-12 10:27:33,061-0500 DEBUG countwords PROCEDURE line=5 thread=0-1-19-1 name=countwords
2012-06-12 10:27:33,059-0500 INFO  RootDataNode Found mapped data c:countfile - Open.$
2012-06-12 10:27:33,058-0500 INFO  SetFieldValue Set: swift#mapper#17001=55.result
2012-06-12 10:27:33,057-0500 DEBUG countwords PROCEDURE line=5 thread=0-1-25-1 name=countwords
2012-06-12 10:27:33,057-0500 INFO  SetFieldValue Set: swift#mapper#17001=40.result
2012-06-12 10:27:33,057-0500 INFO  SetFieldValue Set: swift#mapper#17001=59.result
2012-06-12 10:27:33,057-0500 INFO  SetFieldValue Set: swift#mapper#17001=56.result
2012-06-12 10:27:33,062-0500 DEBUG countwords PROCEDURE line=5 thread=0-1-27-1 name=countwords
2012-06-12 10:27:33,062-0500 INFO  RootDataNode Found mapped data c:countfile - Open.$
2012-06-12 10:27:33,063-0500 INFO  RootDataNode Found mapped data c:countfile - Open.$
2012-06-12 10:27:33,063-0500 INFO  RootDataNode Found mapped data c:countfile - Open.$
2012-06-12 10:27:33,063-0500 INFO  RootDataNode Found mapped data c:countfile - Open.$
2012-06-12 10:27:33,063-0500 DEBUG countwords PROCEDURE line=5 thread=0-1-31-1 name=countwords
2012-06-12 10:27:33,063-0500 DEBUG countwords PROCEDURE line=5 thread=0-1-28-1 name=countwords
2012-06-12 10:27:33,064-0500 DEBUG countwords PROCEDURE line=5 thread=0-1-32-1 name=countwords
2012-06-12 10:27:33,064-0500 INFO  SetFieldValue Set: swift#mapper#17001=38.result
2012-06-12 10:27:33,064-0500 DEBUG countwords PROCEDURE line=5 thread=0-1-17-1 name=countwords
2012-06-12 10:27:33,064-0500 INFO  SetFieldValue Set: swift#mapper#17001=37.result
2012-06-12 10:27:33,064-0500 DEBUG countwords PROCEDURE line=5 thread=0-1-24-1 name=countwords
2012-06-12 10:27:33,065-0500 DEBUG countwords PROCEDURE line=5 thread=0-1-29-1 name=countwords
2012-06-12 10:27:33,065-0500 INFO  RootDataNode Found mapped data c:countfile - Open.$
2012-06-12 10:27:33,065-0500 INFO  RootDataNode Found mapped data c:countfile - Open.$
2012-06-12 10:27:33,065-0500 DEBUG countwords PROCEDURE line=5 thread=0-1-23-1 name=countwords
2012-06-12 10:27:33,066-0500 DEBUG countwords PROCEDURE line=5 thread=0-1-15-1 name=countwords
2012-06-12 10:27:33,066-0500 DEBUG countwords PROCEDURE line=5 thread=0-1-36-1 name=countwords
2012-06-12 10:27:33,066-0500 DEBUG countwords PROCEDURE line=5 thread=0-1-22-1 name=countwords
2012-06-12 10:27:33,061-0500 DEBUG countwords PROCEDURE line=5 thread=0-1-6-1 name=countwords
2012-06-12 10:27:33,061-0500 INFO  RootDataNode Found mapped data c:countfile - Open.$
2012-06-12 10:27:33,061-0500 DEBUG countwords PROCEDURE line=5 thread=0-1-20-1 name=countwords
2012-06-12 10:27:33,061-0500 DEBUG countwords PROCEDURE line=5 thread=0-1-26-1 name=countwords
2012-06-12 10:27:33,059-0500 DEBUG countwords PROCEDURE line=5 thread=0-1-10-1 name=countwords
2012-06-12 10:27:33,067-0500 DEBUG countwords PROCEDURE line=5 thread=0-1-42-1 name=countwords
2012-06-12 10:27:33,067-0500 DEBUG countwords PROCEDURE line=5 thread=0-1-57-1 name=countwords
2012-06-12 10:27:33,067-0500 DEBUG countwords PROCEDURE line=5 thread=0-1-53-1 name=countwords
2012-06-12 10:27:33,067-0500 DEBUG countwords PROCEDURE line=5 thread=0-1-47-1 name=countwords
2012-06-12 10:27:33,067-0500 DEBUG countwords PROCEDURE line=5 thread=0-1-46-1 name=countwords
2012-06-12 10:27:33,068-0500 INFO  SetFieldValue Set: swift#mapper#17001=62.result
2012-06-12 10:27:33,068-0500 DEBUG countwords PROCEDURE line=5 thread=0-1-51-1 name=countwords
2012-06-12 10:27:33,068-0500 DEBUG countwords PROCEDURE line=5 thread=0-1-61-1 name=countwords
2012-06-12 10:27:33,068-0500 DEBUG countwords PROCEDURE line=5 thread=0-1-56-1 name=countwords
2012-06-12 10:27:33,069-0500 DEBUG countwords PROCEDURE line=5 thread=0-1-44-1 name=countwords
2012-06-12 10:27:33,069-0500 DEBUG countwords PROCEDURE line=5 thread=0-1-55-1 name=countwords
2012-06-12 10:27:33,069-0500 INFO  RootDataNode Found mapped data c:countfile - Open.$
2012-06-12 10:27:33,069-0500 INFO  SetFieldValue Set: swift#mapper#17001=63.result
2012-06-12 10:27:33,067-0500 DEBUG countwords PROCEDURE line=5 thread=0-1-33-1 name=countwords
2012-06-12 10:27:33,067-0500 DEBUG countwords PROCEDURE line=5 thread=0-1-45-1 name=countwords
2012-06-12 10:27:33,067-0500 DEBUG countwords PROCEDURE line=5 thread=0-1-41-1 name=countwords
2012-06-12 10:27:33,062-0500 DEBUG countwords PROCEDURE line=5 thread=0-1-30-1 name=countwords
2012-06-12 10:27:33,070-0500 DEBUG countwords PROCEDURE line=5 thread=0-1-49-1 name=countwords
2012-06-12 10:27:33,070-0500 DEBUG countwords PROCEDURE line=5 thread=0-1-60-1 name=countwords
2012-06-12 10:27:33,062-0500 DEBUG countwords PROCEDURE line=5 thread=0-1-18-1 name=countwords
2012-06-12 10:27:33,070-0500 INFO  RootDataNode Found mapped data c:countfile - Open.$
2012-06-12 10:27:33,070-0500 DEBUG countwords PROCEDURE line=5 thread=0-1-54-1 name=countwords
2012-06-12 10:27:33,071-0500 DEBUG countwords PROCEDURE line=5 thread=0-1-35-1 name=countwords
2012-06-12 10:27:33,072-0500 DEBUG countwords PROCEDURE line=5 thread=0-1-38-1 name=countwords
2012-06-12 10:27:33,073-0500 DEBUG countwords PROCEDURE line=5 thread=0-1-37-1 name=countwords
2012-06-12 10:27:33,074-0500 INFO  SetFieldValue Set: swift#mapper#17001=50.result
2012-06-12 10:27:33,075-0500 INFO  SetFieldValue Set: swift#mapper#17001=39.result
2012-06-12 10:27:33,075-0500 DEBUG countwords PROCEDURE line=5 thread=0-1-62-1 name=countwords
2012-06-12 10:27:33,075-0500 INFO  RootDataNode Found mapped data c:countfile - Open.$
2012-06-12 10:27:33,076-0500 INFO  RootDataNode Found mapped data c:countfile - Open.$
2012-06-12 10:27:33,076-0500 DEBUG countwords PROCEDURE line=5 thread=0-1-63-1 name=countwords
2012-06-12 10:27:33,076-0500 DEBUG countwords PROCEDURE line=5 thread=0-1-48-1 name=countwords
2012-06-12 10:27:33,078-0500 INFO  vdl:execute START thread=0-1-4-1 tr=a16sm1000ms
2012-06-12 10:27:33,070-0500 INFO  SetFieldValue Set: swift#mapper#17001=48.result
2012-06-12 10:27:33,069-0500 DEBUG countwords PROCEDURE line=5 thread=0-1-43-1 name=countwords
2012-06-12 10:27:33,069-0500 DEBUG countwords PROCEDURE line=5 thread=0-1-52-1 name=countwords
2012-06-12 10:27:33,068-0500 DEBUG countwords PROCEDURE line=5 thread=0-1-40-1 name=countwords
2012-06-12 10:27:33,079-0500 INFO  vdl:execute START thread=0-1-8-1 tr=a16sm1000ms
2012-06-12 10:27:33,068-0500 DEBUG countwords PROCEDURE line=5 thread=0-1-59-1 name=countwords
2012-06-12 10:27:33,067-0500 DEBUG countwords PROCEDURE line=5 thread=0-1-58-1 name=countwords
2012-06-12 10:27:33,080-0500 INFO  RootDataNode Found mapped data c:countfile - Open.$
2012-06-12 10:27:33,079-0500 INFO  vdl:execute START thread=0-1-2-1 tr=a16sm1000ms
2012-06-12 10:27:33,079-0500 INFO  vdl:execute START thread=0-1-9-1 tr=a16sm1000ms
2012-06-12 10:27:33,078-0500 INFO  vdl:execute START thread=0-1-1-1 tr=a16sm1000ms
2012-06-12 10:27:33,078-0500 INFO  vdl:execute START thread=0-1-3-1 tr=a16sm1000ms
2012-06-12 10:27:33,083-0500 DEBUG countwords PROCEDURE line=5 thread=0-1-39-1 name=countwords
2012-06-12 10:27:33,083-0500 INFO  vdl:execute START thread=0-1-5-1 tr=a16sm1000ms
2012-06-12 10:27:33,084-0500 DEBUG countwords PROCEDURE line=5 thread=0-1-50-1 name=countwords
2012-06-12 10:27:33,085-0500 INFO  vdl:execute START thread=0-1-0-1 tr=a16sm1000ms
2012-06-12 10:27:33,085-0500 INFO  vdl:execute START thread=0-1-11-1 tr=a16sm1000ms
2012-06-12 10:27:33,086-0500 INFO  vdl:execute START thread=0-1-7-1 tr=a16sm1000ms
2012-06-12 10:27:33,087-0500 INFO  vdl:execute START thread=0-1-14-1 tr=a16sm1000ms
2012-06-12 10:27:33,087-0500 INFO  vdl:execute START thread=0-1-16-1 tr=a16sm1000ms
2012-06-12 10:27:33,088-0500 INFO  vdl:execute START thread=0-1-12-1 tr=a16sm1000ms
2012-06-12 10:27:33,088-0500 INFO  vdl:execute START thread=0-1-21-1 tr=a16sm1000ms
2012-06-12 10:27:33,089-0500 INFO  vdl:execute START thread=0-1-13-1 tr=a16sm1000ms
2012-06-12 10:27:33,089-0500 INFO  vdl:execute START thread=0-1-19-1 tr=a16sm1000ms
2012-06-12 10:27:33,090-0500 INFO  vdl:execute START thread=0-1-27-1 tr=a16sm1000ms
2012-06-12 10:27:33,090-0500 INFO  vdl:execute START thread=0-1-31-1 tr=a16sm1000ms
2012-06-12 10:27:33,089-0500 INFO  vdl:execute START thread=0-1-34-1 tr=a16sm1000ms
2012-06-12 10:27:33,091-0500 INFO  vdl:execute START thread=0-1-25-1 tr=a16sm1000ms
2012-06-12 10:27:33,092-0500 INFO  vdl:execute START thread=0-1-32-1 tr=a16sm1000ms
2012-06-12 10:27:33,093-0500 INFO  vdl:execute START thread=0-1-23-1 tr=a16sm1000ms
2012-06-12 10:27:33,093-0500 INFO  vdl:execute START thread=0-1-28-1 tr=a16sm1000ms
2012-06-12 10:27:33,093-0500 INFO  vdl:execute START thread=0-1-15-1 tr=a16sm1000ms
2012-06-12 10:27:33,094-0500 INFO  vdl:execute START thread=0-1-47-1 tr=a16sm1000ms
2012-06-12 10:27:33,094-0500 INFO  vdl:execute START thread=0-1-17-1 tr=a16sm1000ms
2012-06-12 10:27:33,095-0500 INFO  vdl:execute START thread=0-1-24-1 tr=a16sm1000ms
2012-06-12 10:27:33,095-0500 INFO  vdl:execute START thread=0-1-56-1 tr=a16sm1000ms
2012-06-12 10:27:33,095-0500 INFO  vdl:execute START thread=0-1-10-1 tr=a16sm1000ms
2012-06-12 10:27:33,095-0500 INFO  vdl:execute START thread=0-1-42-1 tr=a16sm1000ms
2012-06-12 10:27:33,096-0500 INFO  vdl:execute START thread=0-1-26-1 tr=a16sm1000ms
2012-06-12 10:27:33,096-0500 INFO  vdl:execute START thread=0-1-30-1 tr=a16sm1000ms
2012-06-12 10:27:33,096-0500 INFO  vdl:execute START thread=0-1-53-1 tr=a16sm1000ms
2012-06-12 10:27:33,096-0500 INFO  vdl:execute START thread=0-1-36-1 tr=a16sm1000ms
2012-06-12 10:27:33,095-0500 INFO  vdl:execute START thread=0-1-29-1 tr=a16sm1000ms
2012-06-12 10:27:33,097-0500 INFO  vdl:execute START thread=0-1-20-1 tr=a16sm1000ms
2012-06-12 10:27:33,097-0500 INFO  vdl:execute START thread=0-1-49-1 tr=a16sm1000ms
2012-06-12 10:27:33,097-0500 INFO  vdl:execute START thread=0-1-61-1 tr=a16sm1000ms
2012-06-12 10:27:33,097-0500 INFO  vdl:execute START thread=0-1-44-1 tr=a16sm1000ms
2012-06-12 10:27:33,098-0500 INFO  vdl:execute START thread=0-1-6-1 tr=a16sm1000ms
2012-06-12 10:27:33,097-0500 INFO  vdl:execute START thread=0-1-41-1 tr=a16sm1000ms
2012-06-12 10:27:33,097-0500 INFO  vdl:execute START thread=0-1-55-1 tr=a16sm1000ms
2012-06-12 10:27:33,097-0500 INFO  vdl:execute START thread=0-1-22-1 tr=a16sm1000ms
2012-06-12 10:27:33,098-0500 INFO  vdl:execute START thread=0-1-57-1 tr=a16sm1000ms
2012-06-12 10:27:33,098-0500 INFO  vdl:execute START thread=0-1-46-1 tr=a16sm1000ms
2012-06-12 10:27:33,098-0500 INFO  vdl:execute START thread=0-1-60-1 tr=a16sm1000ms
2012-06-12 10:27:33,098-0500 INFO  vdl:execute START thread=0-1-45-1 tr=a16sm1000ms
2012-06-12 10:27:33,099-0500 INFO  vdl:execute START thread=0-1-33-1 tr=a16sm1000ms
2012-06-12 10:27:33,099-0500 INFO  vdl:execute START thread=0-1-51-1 tr=a16sm1000ms
2012-06-12 10:27:33,100-0500 INFO  vdl:execute START thread=0-1-18-1 tr=a16sm1000ms
2012-06-12 10:27:33,100-0500 INFO  vdl:execute START thread=0-1-37-1 tr=a16sm1000ms
2012-06-12 10:27:33,100-0500 INFO  vdl:execute START thread=0-1-54-1 tr=a16sm1000ms
2012-06-12 10:27:33,102-0500 INFO  vdl:execute START thread=0-1-35-1 tr=a16sm1000ms
2012-06-12 10:27:33,102-0500 INFO  vdl:execute START thread=0-1-38-1 tr=a16sm1000ms
2012-06-12 10:27:33,103-0500 INFO  vdl:execute START thread=0-1-62-1 tr=a16sm1000ms
2012-06-12 10:27:33,107-0500 INFO  vdl:execute START thread=0-1-48-1 tr=a16sm1000ms
2012-06-12 10:27:33,108-0500 INFO  vdl:execute START thread=0-1-50-1 tr=a16sm1000ms
2012-06-12 10:27:33,108-0500 INFO  vdl:execute START thread=0-1-52-1 tr=a16sm1000ms
2012-06-12 10:27:33,114-0500 INFO  vdl:execute START thread=0-1-59-1 tr=a16sm1000ms
2012-06-12 10:27:33,114-0500 INFO  vdl:execute START thread=0-1-39-1 tr=a16sm1000ms
2012-06-12 10:27:33,117-0500 INFO  vdl:execute START thread=0-1-58-1 tr=a16sm1000ms
2012-06-12 10:27:33,117-0500 INFO  vdl:execute START thread=0-1-43-1 tr=a16sm1000ms
2012-06-12 10:27:33,117-0500 INFO  vdl:execute START thread=0-1-40-1 tr=a16sm1000ms
2012-06-12 10:27:33,117-0500 INFO  vdl:execute START thread=0-1-63-1 tr=a16sm1000ms
2012-06-12 10:27:33,126-0500 INFO  WeightedHostScoreScheduler CONTACT_SELECTED host=localhost, score=99.854
2012-06-12 10:27:33,129-0500 INFO  GlobalSubmitQueue No global submit throttle set. Using default (1024)
2012-06-12 10:27:33,130-0500 INFO  LateBindingScheduler JobQueue: 63
2012-06-12 10:27:33,133-0500 INFO  LateBindingScheduler JobQueue: 63
2012-06-12 10:27:33,135-0500 INFO  vdl:initshareddir START host=localhost - Initializing shared directory
2012-06-12 10:27:33,138-0500 INFO  LateBindingScheduler JobQueue: 63
2012-06-12 10:27:33,161-0500 INFO  LateBindingScheduler JobQueue: 63
2012-06-12 10:27:33,168-0500 INFO  LateBindingScheduler JobQueue: 63
2012-06-12 10:27:33,172-0500 INFO  LateBindingScheduler JobQueue: 63
2012-06-12 10:27:33,181-0500 INFO  LateBindingScheduler JobQueue: 63
2012-06-12 10:27:33,190-0500 INFO  LateBindingScheduler JobQueue: 63
2012-06-12 10:27:33,193-0500 INFO  vdl:initshareddir END host=localhost - Done initializing shared directory
2012-06-12 10:27:33,197-0500 DEBUG vdl:execute2 THREAD_ASSOCIATION jobid=a16sm1000ms-5dvyxnsk thread=0-1-34-1-1 host=localhost replicationGroup=sbvyxnsk
2012-06-12 10:27:33,210-0500 INFO  vdl:createdirset START jobid=a16sm1000ms-5dvyxnsk host=localhost - Initializing directory structure
2012-06-12 10:27:33,211-0500 INFO  vdl:createdirset END jobid=a16sm1000ms-5dvyxnsk - Done initializing directory structure
2012-06-12 10:27:33,211-0500 INFO  vdl:dostagein START jobid=a16sm1000ms-5dvyxnsk - Staging in files
2012-06-12 10:27:33,227-0500 INFO  LateBindingScheduler JobQueue: 63
2012-06-12 10:27:33,230-0500 DEBUG vdl:dostagein CDM: file://localhost/scott3a.sh : DEFAULT
2012-06-12 10:27:33,234-0500 DEBUG vdl:dostageinfile FILE_STAGE_IN_START file=scott3a.sh srchost=localhost srcdir= srcname=scott3a.sh desthost=localhost destdir=scott16sm1000ms-20120612-1027-nhf1yku3/shared/ provider=file policy=DEFAULT
2012-06-12 10:27:33,238-0500 INFO  LateBindingScheduler JobQueue: 63
2012-06-12 10:27:33,239-0500 DEBUG vdl:dostageinfile FILE_STAGE_IN_END file=scott3a.sh srchost=localhost srcdir= srcname=scott3a.sh desthost=localhost destdir=scott16sm1000ms-20120612-1027-nhf1yku3/shared/ provider=file
2012-06-12 10:27:33,240-0500 INFO  vdl:dostagein END jobid=a16sm1000ms-5dvyxnsk - Staging in finished
2012-06-12 10:27:33,241-0500 DEBUG vdl:execute2 JOB_START jobid=a16sm1000ms-5dvyxnsk tr=a16sm1000ms arguments=[] tmpdir=scott16sm1000ms-20120612-1027-nhf1yku3/jobs/5/a16sm1000ms-5dvyxnsk host=localhost
2012-06-12 10:27:33,246-0500 DEBUG textfiles BEGIN TC:
#This is the transformation catalog.
#
#It comes pre-configured with a number of simple transformations with
#paths that are likely to work on a linux box. However, on some systems,
#the paths to these executables will be different (for example, sometimes
#some of these programs are found in /usr/bin rather than in /bin)
#
#NOTE WELL: fields in this file must be separated by tabs, not spaces; and
#there must be no trailing whitespace at the end of each line.
#
# sitename  transformation  path   INSTALLED  platform  profiles
localhost 	echo 		/bin/echo	INSTALLED	INTEL32::LINUX	null
localhost 	cat 		/bin/cat	INSTALLED	INTEL32::LINUX	null
localhost 	ls 		/bin/ls		INSTALLED	INTEL32::LINUX	null
localhost 	grep 		/bin/grep	INSTALLED	INTEL32::LINUX	null
localhost 	sort 		/bin/sort	INSTALLED	INTEL32::LINUX	null
localhost 	paste 		/bin/paste	INSTALLED	INTEL32::LINUX	null
localhost 	cp 		/bin/cp         INSTALLED	INTEL32::LINUX	null
localhost 	touch 		/bin/touch      INSTALLED	INTEL32::LINUX	null
localhost	wc		/usr/bin/wc	INSTALLED	INTEL32::LINUX	null
localhost	sh		/bin/wc		INSTALLED	INTEL32::LINUX	null
localhost	scott3a		/home/skrieder/swift/multi/scott3a.sh		INSTALLED	INTEL32::LINUX	null
localhost	scott3b		/home/skrieder/swift/multi/scott3b.sh		INSTALLED	INTEL32::LINUX	null
localhost	cka		/home/skrieder/swift/cuda/1sm1ms		INSTALLED	INTEL32::LINUX	null
localhost	a1sm0ms		/home/skrieder/swift/cuda/1sm0ms		INSTALLED	INTEL32::LINUX	null
localhost	a1sm1ms		/home/skrieder/swift/cuda/a1sm1ms.sh		INSTALLED	INTEL32::LINUX	null
localhost	b1sm1ms		/home/skrieder/swift/cuda/b1sm1ms.sh		INSTALLED	INTEL32::LINUX	null
localhost	c1sm1ms		/home/skrieder/swift/cuda/c1sm1ms.sh		INSTALLED	INTEL32::LINUX	null
localhost	a1sm10ms	/home/skrieder/swift/cuda/1sm10ms		INSTALLED	INTEL32::LINUX	null
localhost	a1sm100ms	/home/skrieder/swift/cuda/1sm100ms		INSTALLED	INTEL32::LINUX	null
localhost	a2sm0ms		/home/skrieder/swift/cuda/2sm0ms		INSTALLED	INTEL32::LINUX	null
localhost	a2sm1ms		/home/skrieder/swift/cuda/2sm1ms		INSTALLED	INTEL32::LINUX	null
localhost	a2sm10ms	/home/skrieder/swift/cuda/2sm10ms		INSTALLED	INTEL32::LINUX	null
localhost	a2sm100ms	/home/skrieder/swift/cuda/2sm100ms		INSTALLED	INTEL32::LINUX	null
localhost	a4sm0ms		/home/skrieder/swift/cuda/4sm0ms		INSTALLED	INTEL32::LINUX	null
localhost	a4sm1ms		/home/skrieder/swift/cuda/4sm1ms		INSTALLED	INTEL32::LINUX	null
localhost	a4sm10ms	/home/skrieder/swift/cuda/4sm10ms		INSTALLED	INTEL32::LINUX	null
localhost	a4sm100ms	/home/skrieder/swift/cuda/4sm100ms		INSTALLED	INTEL32::LINUX	null
localhost	a8sm0ms		/home/skrieder/swift/cuda/8sm0ms		INSTALLED	INTEL32::LINUX	null
localhost	a8sm1ms		/home/skrieder/swift/cuda/8sm1ms		INSTALLED	INTEL32::LINUX	null
localhost	a8sm10ms	/home/skrieder/swift/cuda/8sm10ms		INSTALLED	INTEL32::LINUX	null
localhost	a8sm100ms	/home/skrieder/swift/cuda/8sm100ms		INSTALLED	INTEL32::LINUX	null
localhost	a8sm1000ms	/home/skrieder/swift/cuda/8sm1000ms		INSTALLED	INTEL32::LINUX	null
localhost	a16sm0ms	/home/skrieder/swift/cuda/16sm0ms		INSTALLED	INTEL32::LINUX	null
localhost	a16sm1ms	/home/skrieder/swift/cuda/16sm1ms		INSTALLED	INTEL32::LINUX	null
localhost	a16sm10ms	/home/skrieder/swift/cuda/16sm10ms		INSTALLED	INTEL32::LINUX	null
localhost	a16sm100ms	/home/skrieder/swift/cuda/16sm100ms		INSTALLED	INTEL32::LINUX	null
localhost	a16sm1000ms	/home/skrieder/swift/cuda/16sm100ms		INSTALLED	INTEL32::LINUX	null
localhost	sleep0ms	/home/skrieder/swift/c/sleep0ms			INSTALLED	INTEL32::LINUX	null
localhost	sleep1ms	/home/skrieder/swift/c/sleep1ms			INSTALLED	INTEL32::LINUX	null
localhost	sleep10ms	/home/skrieder/swift/c/sleep10ms		INSTALLED	INTEL32::LINUX	null
localhost	sleep100ms	/home/skrieder/swift/c/sleep100ms			INSTALLED	INTEL32::LINUX	null
localhost	sleep1000ms	/home/skrieder/swift/c/sleep1000ms			INSTALLED	INTEL32::LINUX	null
localhost	sleep10000ms	/home/skrieder/swift/c/sleep10000ms			INSTALLED	INTEL32::LINUX	null
localhost	hello		/home/skrieder/swift/multi/hello			INSTALLED	INTEL32::LINUX	null


2012-06-12 10:27:33,246-0500 DEBUG textfiles END TC:
2012-06-12 10:27:33,278-0500 INFO  GridExec TASK_DEFINITION: Task(type=JOB_SUBMISSION, identity=urn:0-1-34-1-1-1339514852033) is /bin/bash shared/_swiftwrap a16sm1000ms-5dvyxnsk -jobdir 5 -scratch  -e /home/skrieder/swift/cuda/16sm100ms -out 34.result -err stderr.txt -i -d  -if scott3a.sh -of 34.result -k  -cdmfile  -status files -a
2012-06-12 10:27:33,295-0500 INFO  JobSubmissionTaskHandler Submit: in: /var/tmp/scott16sm1000ms-20120612-1027-nhf1yku3 command: /bin/bash /var/tmp/scott16sm1000ms-20120612-1027-nhf1yku3/shared/_swiftwrap a16sm1000ms-5dvyxnsk -jobdir 5 -scratch  -e /home/skrieder/swift/cuda/16sm100ms -out 34.result -err stderr.txt -i -d  -if scott3a.sh -of 34.result -k  -cdmfile  -status files -a
2012-06-12 10:27:33,833-0500 INFO  LateBindingScheduler JobQueue: 63
2012-06-12 10:27:33,836-0500 DEBUG vdl:checkjobstatus START jobid=a16sm1000ms-5dvyxnsk
2012-06-12 10:27:33,840-0500 INFO  LateBindingScheduler JobQueue: 63
2012-06-12 10:27:33,841-0500 INFO  vdl:checkjobstatus SUCCESS jobid=a16sm1000ms-5dvyxnsk - Success file found
2012-06-12 10:27:33,843-0500 DEBUG vdl:execute2 STAGING_OUT jobid=a16sm1000ms-5dvyxnsk
2012-06-12 10:27:33,845-0500 INFO  vdl:dostageout START jobid=a16sm1000ms-5dvyxnsk - Staging out files
2012-06-12 10:27:33,846-0500 DEBUG vdl:dostageout stageouts: [[$, c:countfile - Open]]
2012-06-12 10:27:33,857-0500 DEBUG vdl:dostageout FILE_STAGE_OUT_START srcname=34.result srcdir=scott16sm1000ms-20120612-1027-nhf1yku3/shared/ srchost=localhost destdir= desthost=localhost provider=file
2012-06-12 10:27:33,862-0500 INFO  LateBindingScheduler JobQueue: 63
2012-06-12 10:27:33,872-0500 INFO  LateBindingScheduler JobQueue: 63
2012-06-12 10:27:33,873-0500 DEBUG vdl:dostageout FILE_STAGE_OUT_END srcname=34.result srcdir=scott16sm1000ms-20120612-1027-nhf1yku3/shared/ srchost=localhost destdir= desthost=localhost provider=file
2012-06-12 10:27:33,876-0500 INFO  LateBindingScheduler JobQueue: 63
2012-06-12 10:27:33,881-0500 INFO  vdl:dostageout END jobid=a16sm1000ms-5dvyxnsk - Staging out finished
2012-06-12 10:27:33,888-0500 DEBUG vdl:execute2 JOB_END jobid=a16sm1000ms-5dvyxnsk
2012-06-12 10:27:33,889-0500 INFO  vdl:execute END_SUCCESS thread=0-1-34-1 tr=a16sm1000ms
2012-06-12 10:27:33,890-0500 DEBUG countwords PROCEDURE_END line=5
2012-06-12 10:27:33,891-0500 DEBUG vdl:mains FOREACH_IT_END line=13 thread=0-1-34
2012-06-12 10:27:34,378-0500 INFO  WeightedHostScoreScheduler CONTACT_SELECTED host=localhost, score=99.854
2012-06-12 10:27:34,382-0500 DEBUG vdl:execute2 THREAD_ASSOCIATION jobid=a16sm1000ms-6dvyxnsk thread=0-1-13-1-1 host=localhost replicationGroup=obvyxnsk
2012-06-12 10:27:34,387-0500 INFO  vdl:createdirset START jobid=a16sm1000ms-6dvyxnsk host=localhost - Initializing directory structure
2012-06-12 10:27:34,387-0500 INFO  vdl:createdirset END jobid=a16sm1000ms-6dvyxnsk - Done initializing directory structure
2012-06-12 10:27:34,388-0500 INFO  vdl:dostagein START jobid=a16sm1000ms-6dvyxnsk - Staging in files
2012-06-12 10:27:34,391-0500 INFO  LateBindingScheduler JobQueue: 62
2012-06-12 10:27:34,392-0500 DEBUG vdl:dostagein CDM: file://localhost/scott3a.sh : DEFAULT
2012-06-12 10:27:34,393-0500 INFO  vdl:dostagein END jobid=a16sm1000ms-6dvyxnsk - Staging in finished
2012-06-12 10:27:34,394-0500 DEBUG vdl:execute2 JOB_START jobid=a16sm1000ms-6dvyxnsk tr=a16sm1000ms arguments=[] tmpdir=scott16sm1000ms-20120612-1027-nhf1yku3/jobs/6/a16sm1000ms-6dvyxnsk host=localhost
2012-06-12 10:27:34,399-0500 INFO  GridExec TASK_DEFINITION: Task(type=JOB_SUBMISSION, identity=urn:0-1-13-1-1-1339514852046) is /bin/bash shared/_swiftwrap a16sm1000ms-6dvyxnsk -jobdir 6 -scratch  -e /home/skrieder/swift/cuda/16sm100ms -out 13.result -err stderr.txt -i -d  -if scott3a.sh -of 13.result -k  -cdmfile  -status files -a
2012-06-12 10:27:34,402-0500 INFO  JobSubmissionTaskHandler Submit: in: /var/tmp/scott16sm1000ms-20120612-1027-nhf1yku3 command: /bin/bash /var/tmp/scott16sm1000ms-20120612-1027-nhf1yku3/shared/_swiftwrap a16sm1000ms-6dvyxnsk -jobdir 6 -scratch  -e /home/skrieder/swift/cuda/16sm100ms -out 13.result -err stderr.txt -i -d  -if scott3a.sh -of 13.result -k  -cdmfile  -status files -a
2012-06-12 10:27:34,728-0500 INFO  LateBindingScheduler JobQueue: 62
2012-06-12 10:27:34,730-0500 DEBUG vdl:checkjobstatus START jobid=a16sm1000ms-6dvyxnsk
2012-06-12 10:27:34,732-0500 INFO  LateBindingScheduler JobQueue: 62
2012-06-12 10:27:34,733-0500 INFO  vdl:checkjobstatus SUCCESS jobid=a16sm1000ms-6dvyxnsk - Success file found
2012-06-12 10:27:34,734-0500 DEBUG vdl:execute2 STAGING_OUT jobid=a16sm1000ms-6dvyxnsk
2012-06-12 10:27:34,735-0500 INFO  vdl:dostageout START jobid=a16sm1000ms-6dvyxnsk - Staging out files
2012-06-12 10:27:34,735-0500 DEBUG vdl:dostageout stageouts: [[$, c:countfile - Open]]
2012-06-12 10:27:34,739-0500 DEBUG vdl:dostageout FILE_STAGE_OUT_START srcname=13.result srcdir=scott16sm1000ms-20120612-1027-nhf1yku3/shared/ srchost=localhost destdir= desthost=localhost provider=file
2012-06-12 10:27:34,742-0500 INFO  LateBindingScheduler JobQueue: 62
2012-06-12 10:27:35,249-0500 INFO  LateBindingScheduler JobQueue: 62
2012-06-12 10:27:35,250-0500 DEBUG vdl:dostageout FILE_STAGE_OUT_END srcname=13.result srcdir=scott16sm1000ms-20120612-1027-nhf1yku3/shared/ srchost=localhost destdir= desthost=localhost provider=file
2012-06-12 10:27:35,254-0500 INFO  LateBindingScheduler JobQueue: 62
2012-06-12 10:27:35,258-0500 INFO  vdl:dostageout END jobid=a16sm1000ms-6dvyxnsk - Staging out finished
2012-06-12 10:27:35,262-0500 DEBUG vdl:execute2 JOB_END jobid=a16sm1000ms-6dvyxnsk
2012-06-12 10:27:35,263-0500 INFO  vdl:execute END_SUCCESS thread=0-1-13-1 tr=a16sm1000ms
2012-06-12 10:27:35,264-0500 DEBUG countwords PROCEDURE_END line=5
2012-06-12 10:27:35,265-0500 DEBUG vdl:mains FOREACH_IT_END line=13 thread=0-1-13
2012-06-12 10:27:35,756-0500 INFO  WeightedHostScoreScheduler CONTACT_SELECTED host=localhost, score=99.854
2012-06-12 10:27:35,762-0500 DEBUG vdl:execute2 THREAD_ASSOCIATION jobid=a16sm1000ms-7dvyxnsk thread=0-1-11-1-1 host=localhost replicationGroup=dbvyxnsk
2012-06-12 10:27:35,769-0500 INFO  vdl:createdirset START jobid=a16sm1000ms-7dvyxnsk host=localhost - Initializing directory structure
2012-06-12 10:27:35,771-0500 INFO  vdl:createdirset END jobid=a16sm1000ms-7dvyxnsk - Done initializing directory structure
2012-06-12 10:27:35,772-0500 INFO  vdl:dostagein START jobid=a16sm1000ms-7dvyxnsk - Staging in files
2012-06-12 10:27:35,780-0500 INFO  LateBindingScheduler JobQueue: 61
2012-06-12 10:27:35,782-0500 DEBUG vdl:dostagein CDM: file://localhost/scott3a.sh : DEFAULT
2012-06-12 10:27:35,784-0500 INFO  vdl:dostagein END jobid=a16sm1000ms-7dvyxnsk - Staging in finished
2012-06-12 10:27:35,785-0500 DEBUG vdl:execute2 JOB_START jobid=a16sm1000ms-7dvyxnsk tr=a16sm1000ms arguments=[] tmpdir=scott16sm1000ms-20120612-1027-nhf1yku3/jobs/7/a16sm1000ms-7dvyxnsk host=localhost
2012-06-12 10:27:35,795-0500 INFO  GridExec TASK_DEFINITION: Task(type=JOB_SUBMISSION, identity=urn:0-1-11-1-1-1339514852059) is /bin/bash shared/_swiftwrap a16sm1000ms-7dvyxnsk -jobdir 7 -scratch  -e /home/skrieder/swift/cuda/16sm100ms -out 11.result -err stderr.txt -i -d  -if scott3a.sh -of 11.result -k  -cdmfile  -status files -a
2012-06-12 10:27:35,798-0500 INFO  JobSubmissionTaskHandler Submit: in: /var/tmp/scott16sm1000ms-20120612-1027-nhf1yku3 command: /bin/bash /var/tmp/scott16sm1000ms-20120612-1027-nhf1yku3/shared/_swiftwrap a16sm1000ms-7dvyxnsk -jobdir 7 -scratch  -e /home/skrieder/swift/cuda/16sm100ms -out 11.result -err stderr.txt -i -d  -if scott3a.sh -of 11.result -k  -cdmfile  -status files -a
2012-06-12 10:27:36,124-0500 INFO  LateBindingScheduler JobQueue: 61
2012-06-12 10:27:36,128-0500 DEBUG vdl:checkjobstatus START jobid=a16sm1000ms-7dvyxnsk
2012-06-12 10:27:36,130-0500 INFO  LateBindingScheduler JobQueue: 61
2012-06-12 10:27:36,132-0500 INFO  vdl:checkjobstatus SUCCESS jobid=a16sm1000ms-7dvyxnsk - Success file found
2012-06-12 10:27:36,133-0500 DEBUG vdl:execute2 STAGING_OUT jobid=a16sm1000ms-7dvyxnsk
2012-06-12 10:27:36,134-0500 INFO  vdl:dostageout START jobid=a16sm1000ms-7dvyxnsk - Staging out files
2012-06-12 10:27:36,135-0500 DEBUG vdl:dostageout stageouts: [[$, c:countfile - Open]]
2012-06-12 10:27:36,137-0500 DEBUG vdl:dostageout FILE_STAGE_OUT_START srcname=11.result srcdir=scott16sm1000ms-20120612-1027-nhf1yku3/shared/ srchost=localhost destdir= desthost=localhost provider=file
2012-06-12 10:27:36,141-0500 INFO  LateBindingScheduler JobQueue: 61
2012-06-12 10:27:36,149-0500 INFO  LateBindingScheduler JobQueue: 61
2012-06-12 10:27:36,151-0500 DEBUG vdl:dostageout FILE_STAGE_OUT_END srcname=11.result srcdir=scott16sm1000ms-20120612-1027-nhf1yku3/shared/ srchost=localhost destdir= desthost=localhost provider=file
2012-06-12 10:27:36,155-0500 INFO  LateBindingScheduler JobQueue: 61
2012-06-12 10:27:36,159-0500 INFO  vdl:dostageout END jobid=a16sm1000ms-7dvyxnsk - Staging out finished
2012-06-12 10:27:36,161-0500 DEBUG vdl:execute2 JOB_END jobid=a16sm1000ms-7dvyxnsk
2012-06-12 10:27:36,162-0500 INFO  vdl:execute END_SUCCESS thread=0-1-11-1 tr=a16sm1000ms
2012-06-12 10:27:36,163-0500 DEBUG countwords PROCEDURE_END line=5
2012-06-12 10:27:36,163-0500 DEBUG vdl:mains FOREACH_IT_END line=13 thread=0-1-11
2012-06-12 10:27:36,657-0500 INFO  WeightedHostScoreScheduler CONTACT_SELECTED host=localhost, score=99.854
2012-06-12 10:27:36,661-0500 DEBUG vdl:execute2 THREAD_ASSOCIATION jobid=a16sm1000ms-8dvyxnsk thread=0-1-8-1-1 host=localhost replicationGroup=ebvyxnsk
2012-06-12 10:27:36,665-0500 INFO  vdl:createdirset START jobid=a16sm1000ms-8dvyxnsk host=localhost - Initializing directory structure
2012-06-12 10:27:36,665-0500 INFO  vdl:createdirset END jobid=a16sm1000ms-8dvyxnsk - Done initializing directory structure
2012-06-12 10:27:36,666-0500 INFO  vdl:dostagein START jobid=a16sm1000ms-8dvyxnsk - Staging in files
2012-06-12 10:27:36,670-0500 INFO  LateBindingScheduler JobQueue: 60
2012-06-12 10:27:36,671-0500 DEBUG vdl:dostagein CDM: file://localhost/scott3a.sh : DEFAULT
2012-06-12 10:27:36,673-0500 INFO  vdl:dostagein END jobid=a16sm1000ms-8dvyxnsk - Staging in finished
2012-06-12 10:27:36,675-0500 DEBUG vdl:execute2 JOB_START jobid=a16sm1000ms-8dvyxnsk tr=a16sm1000ms arguments=[] tmpdir=scott16sm1000ms-20120612-1027-nhf1yku3/jobs/8/a16sm1000ms-8dvyxnsk host=localhost
2012-06-12 10:27:36,682-0500 INFO  GridExec TASK_DEFINITION: Task(type=JOB_SUBMISSION, identity=urn:0-1-8-1-1-1339514852072) is /bin/bash shared/_swiftwrap a16sm1000ms-8dvyxnsk -jobdir 8 -scratch  -e /home/skrieder/swift/cuda/16sm100ms -out 8.result -err stderr.txt -i -d  -if scott3a.sh -of 8.result -k  -cdmfile  -status files -a
2012-06-12 10:27:36,685-0500 INFO  JobSubmissionTaskHandler Submit: in: /var/tmp/scott16sm1000ms-20120612-1027-nhf1yku3 command: /bin/bash /var/tmp/scott16sm1000ms-20120612-1027-nhf1yku3/shared/_swiftwrap a16sm1000ms-8dvyxnsk -jobdir 8 -scratch  -e /home/skrieder/swift/cuda/16sm100ms -out 8.result -err stderr.txt -i -d  -if scott3a.sh -of 8.result -k  -cdmfile  -status files -a
2012-06-12 10:27:36,994-0500 INFO  LateBindingScheduler JobQueue: 60
2012-06-12 10:27:36,997-0500 DEBUG vdl:checkjobstatus START jobid=a16sm1000ms-8dvyxnsk
2012-06-12 10:27:37,000-0500 INFO  LateBindingScheduler JobQueue: 60
2012-06-12 10:27:37,000-0500 INFO  vdl:checkjobstatus SUCCESS jobid=a16sm1000ms-8dvyxnsk - Success file found
2012-06-12 10:27:37,002-0500 DEBUG vdl:execute2 STAGING_OUT jobid=a16sm1000ms-8dvyxnsk
2012-06-12 10:27:37,003-0500 INFO  vdl:dostageout START jobid=a16sm1000ms-8dvyxnsk - Staging out files
2012-06-12 10:27:37,003-0500 DEBUG vdl:dostageout stageouts: [[$, c:countfile - Open]]
2012-06-12 10:27:37,007-0500 DEBUG vdl:dostageout FILE_STAGE_OUT_START srcname=8.result srcdir=scott16sm1000ms-20120612-1027-nhf1yku3/shared/ srchost=localhost destdir= desthost=localhost provider=file
2012-06-12 10:27:37,011-0500 INFO  LateBindingScheduler JobQueue: 60
2012-06-12 10:27:37,018-0500 INFO  LateBindingScheduler JobQueue: 60
2012-06-12 10:27:37,019-0500 DEBUG vdl:dostageout FILE_STAGE_OUT_END srcname=8.result srcdir=scott16sm1000ms-20120612-1027-nhf1yku3/shared/ srchost=localhost destdir= desthost=localhost provider=file
2012-06-12 10:27:37,023-0500 INFO  LateBindingScheduler JobQueue: 60
2012-06-12 10:27:37,025-0500 INFO  vdl:dostageout END jobid=a16sm1000ms-8dvyxnsk - Staging out finished
2012-06-12 10:27:37,027-0500 DEBUG vdl:execute2 JOB_END jobid=a16sm1000ms-8dvyxnsk
2012-06-12 10:27:37,028-0500 INFO  vdl:execute END_SUCCESS thread=0-1-8-1 tr=a16sm1000ms
2012-06-12 10:27:37,029-0500 DEBUG countwords PROCEDURE_END line=5
2012-06-12 10:27:37,031-0500 DEBUG vdl:mains FOREACH_IT_END line=13 thread=0-1-8
2012-06-12 10:27:37,525-0500 INFO  WeightedHostScoreScheduler CONTACT_SELECTED host=localhost, score=99.854
2012-06-12 10:27:37,527-0500 DEBUG vdl:execute2 THREAD_ASSOCIATION jobid=a16sm1000ms-9dvyxnsk thread=0-1-4-1-1 host=localhost replicationGroup=cbvyxnsk
2012-06-12 10:27:37,531-0500 INFO  vdl:createdirset START jobid=a16sm1000ms-9dvyxnsk host=localhost - Initializing directory structure
2012-06-12 10:27:37,532-0500 INFO  vdl:createdirset END jobid=a16sm1000ms-9dvyxnsk - Done initializing directory structure
2012-06-12 10:27:37,532-0500 INFO  vdl:dostagein START jobid=a16sm1000ms-9dvyxnsk - Staging in files
2012-06-12 10:27:37,537-0500 INFO  LateBindingScheduler JobQueue: 59
2012-06-12 10:27:37,538-0500 DEBUG vdl:dostagein CDM: file://localhost/scott3a.sh : DEFAULT
2012-06-12 10:27:37,540-0500 INFO  vdl:dostagein END jobid=a16sm1000ms-9dvyxnsk - Staging in finished
2012-06-12 10:27:37,542-0500 DEBUG vdl:execute2 JOB_START jobid=a16sm1000ms-9dvyxnsk tr=a16sm1000ms arguments=[] tmpdir=scott16sm1000ms-20120612-1027-nhf1yku3/jobs/9/a16sm1000ms-9dvyxnsk host=localhost
2012-06-12 10:27:37,546-0500 INFO  GridExec TASK_DEFINITION: Task(type=JOB_SUBMISSION, identity=urn:0-1-4-1-1-1339514852085) is /bin/bash shared/_swiftwrap a16sm1000ms-9dvyxnsk -jobdir 9 -scratch  -e /home/skrieder/swift/cuda/16sm100ms -out 4.result -err stderr.txt -i -d  -if scott3a.sh -of 4.result -k  -cdmfile  -status files -a
2012-06-12 10:27:37,549-0500 INFO  JobSubmissionTaskHandler Submit: in: /var/tmp/scott16sm1000ms-20120612-1027-nhf1yku3 command: /bin/bash /var/tmp/scott16sm1000ms-20120612-1027-nhf1yku3/shared/_swiftwrap a16sm1000ms-9dvyxnsk -jobdir 9 -scratch  -e /home/skrieder/swift/cuda/16sm100ms -out 4.result -err stderr.txt -i -d  -if scott3a.sh -of 4.result -k  -cdmfile  -status files -a
2012-06-12 10:27:37,876-0500 INFO  LateBindingScheduler JobQueue: 59
2012-06-12 10:27:37,878-0500 DEBUG vdl:checkjobstatus START jobid=a16sm1000ms-9dvyxnsk
2012-06-12 10:27:37,880-0500 INFO  LateBindingScheduler JobQueue: 59
2012-06-12 10:27:37,881-0500 INFO  vdl:checkjobstatus SUCCESS jobid=a16sm1000ms-9dvyxnsk - Success file found
2012-06-12 10:27:37,883-0500 DEBUG vdl:execute2 STAGING_OUT jobid=a16sm1000ms-9dvyxnsk
2012-06-12 10:27:37,884-0500 INFO  vdl:dostageout START jobid=a16sm1000ms-9dvyxnsk - Staging out files
2012-06-12 10:27:37,884-0500 DEBUG vdl:dostageout stageouts: [[$, c:countfile - Open]]
2012-06-12 10:27:37,887-0500 DEBUG vdl:dostageout FILE_STAGE_OUT_START srcname=4.result srcdir=scott16sm1000ms-20120612-1027-nhf1yku3/shared/ srchost=localhost destdir= desthost=localhost provider=file
2012-06-12 10:27:37,891-0500 INFO  LateBindingScheduler JobQueue: 59
2012-06-12 10:27:37,899-0500 INFO  LateBindingScheduler JobQueue: 59
2012-06-12 10:27:37,900-0500 DEBUG vdl:dostageout FILE_STAGE_OUT_END srcname=4.result srcdir=scott16sm1000ms-20120612-1027-nhf1yku3/shared/ srchost=localhost destdir= desthost=localhost provider=file
2012-06-12 10:27:37,903-0500 INFO  LateBindingScheduler JobQueue: 59
2012-06-12 10:27:37,906-0500 INFO  vdl:dostageout END jobid=a16sm1000ms-9dvyxnsk - Staging out finished
2012-06-12 10:27:37,908-0500 DEBUG vdl:execute2 JOB_END jobid=a16sm1000ms-9dvyxnsk
2012-06-12 10:27:37,909-0500 INFO  vdl:execute END_SUCCESS thread=0-1-4-1 tr=a16sm1000ms
2012-06-12 10:27:37,910-0500 DEBUG countwords PROCEDURE_END line=5
2012-06-12 10:27:37,911-0500 DEBUG vdl:mains FOREACH_IT_END line=13 thread=0-1-4
2012-06-12 10:27:38,405-0500 INFO  WeightedHostScoreScheduler CONTACT_SELECTED host=localhost, score=99.854
2012-06-12 10:27:38,408-0500 DEBUG vdl:execute2 THREAD_ASSOCIATION jobid=a16sm1000ms-advyxnsk thread=0-1-1-1-1 host=localhost replicationGroup=hbvyxnsk
2012-06-12 10:27:38,413-0500 INFO  vdl:createdirset START jobid=a16sm1000ms-advyxnsk host=localhost - Initializing directory structure
2012-06-12 10:27:38,414-0500 INFO  vdl:createdirset END jobid=a16sm1000ms-advyxnsk - Done initializing directory structure
2012-06-12 10:27:38,414-0500 INFO  vdl:dostagein START jobid=a16sm1000ms-advyxnsk - Staging in files
2012-06-12 10:27:38,419-0500 INFO  LateBindingScheduler JobQueue: 58
2012-06-12 10:27:38,420-0500 DEBUG vdl:dostagein CDM: file://localhost/scott3a.sh : DEFAULT
2012-06-12 10:27:38,421-0500 INFO  vdl:dostagein END jobid=a16sm1000ms-advyxnsk - Staging in finished
2012-06-12 10:27:38,422-0500 DEBUG vdl:execute2 JOB_START jobid=a16sm1000ms-advyxnsk tr=a16sm1000ms arguments=[] tmpdir=scott16sm1000ms-20120612-1027-nhf1yku3/jobs/a/a16sm1000ms-advyxnsk host=localhost
2012-06-12 10:27:38,427-0500 INFO  GridExec TASK_DEFINITION: Task(type=JOB_SUBMISSION, identity=urn:0-1-1-1-1-1339514852098) is /bin/bash shared/_swiftwrap a16sm1000ms-advyxnsk -jobdir a -scratch  -e /home/skrieder/swift/cuda/16sm100ms -out 1.result -err stderr.txt -i -d  -if scott3a.sh -of 1.result -k  -cdmfile  -status files -a
2012-06-12 10:27:38,430-0500 INFO  JobSubmissionTaskHandler Submit: in: /var/tmp/scott16sm1000ms-20120612-1027-nhf1yku3 command: /bin/bash /var/tmp/scott16sm1000ms-20120612-1027-nhf1yku3/shared/_swiftwrap a16sm1000ms-advyxnsk -jobdir a -scratch  -e /home/skrieder/swift/cuda/16sm100ms -out 1.result -err stderr.txt -i -d  -if scott3a.sh -of 1.result -k  -cdmfile  -status files -a
2012-06-12 10:27:38,757-0500 INFO  LateBindingScheduler JobQueue: 58
2012-06-12 10:27:38,758-0500 DEBUG vdl:checkjobstatus START jobid=a16sm1000ms-advyxnsk
2012-06-12 10:27:38,761-0500 INFO  LateBindingScheduler JobQueue: 58
2012-06-12 10:27:38,762-0500 INFO  vdl:checkjobstatus SUCCESS jobid=a16sm1000ms-advyxnsk - Success file found
2012-06-12 10:27:38,763-0500 DEBUG vdl:execute2 STAGING_OUT jobid=a16sm1000ms-advyxnsk
2012-06-12 10:27:38,763-0500 INFO  vdl:dostageout START jobid=a16sm1000ms-advyxnsk - Staging out files
2012-06-12 10:27:38,764-0500 DEBUG vdl:dostageout stageouts: [[$, c:countfile - Open]]
2012-06-12 10:27:38,767-0500 DEBUG vdl:dostageout FILE_STAGE_OUT_START srcname=1.result srcdir=scott16sm1000ms-20120612-1027-nhf1yku3/shared/ srchost=localhost destdir= desthost=localhost provider=file
2012-06-12 10:27:38,771-0500 INFO  LateBindingScheduler JobQueue: 58
2012-06-12 10:27:38,779-0500 INFO  LateBindingScheduler JobQueue: 58
2012-06-12 10:27:38,780-0500 DEBUG vdl:dostageout FILE_STAGE_OUT_END srcname=1.result srcdir=scott16sm1000ms-20120612-1027-nhf1yku3/shared/ srchost=localhost destdir= desthost=localhost provider=file
2012-06-12 10:27:38,783-0500 INFO  LateBindingScheduler JobQueue: 58
2012-06-12 10:27:38,785-0500 INFO  vdl:dostageout END jobid=a16sm1000ms-advyxnsk - Staging out finished
2012-06-12 10:27:38,787-0500 DEBUG vdl:execute2 JOB_END jobid=a16sm1000ms-advyxnsk
2012-06-12 10:27:38,788-0500 INFO  vdl:execute END_SUCCESS thread=0-1-1-1 tr=a16sm1000ms
2012-06-12 10:27:38,790-0500 DEBUG countwords PROCEDURE_END line=5
2012-06-12 10:27:38,790-0500 DEBUG vdl:mains FOREACH_IT_END line=13 thread=0-1-1
2012-06-12 10:27:39,285-0500 INFO  WeightedHostScoreScheduler CONTACT_SELECTED host=localhost, score=99.854
2012-06-12 10:27:39,288-0500 DEBUG vdl:execute2 THREAD_ASSOCIATION jobid=a16sm1000ms-bdvyxnsk thread=0-1-5-1-1 host=localhost replicationGroup=bbvyxnsk
2012-06-12 10:27:39,291-0500 INFO  vdl:createdirset START jobid=a16sm1000ms-bdvyxnsk host=localhost - Initializing directory structure
2012-06-12 10:27:39,292-0500 INFO  vdl:createdirset END jobid=a16sm1000ms-bdvyxnsk - Done initializing directory structure
2012-06-12 10:27:39,293-0500 INFO  vdl:dostagein START jobid=a16sm1000ms-bdvyxnsk - Staging in files
2012-06-12 10:27:39,297-0500 INFO  LateBindingScheduler JobQueue: 57
2012-06-12 10:27:39,298-0500 DEBUG vdl:dostagein CDM: file://localhost/scott3a.sh : DEFAULT
2012-06-12 10:27:39,300-0500 INFO  vdl:dostagein END jobid=a16sm1000ms-bdvyxnsk - Staging in finished
2012-06-12 10:27:39,301-0500 DEBUG vdl:execute2 JOB_START jobid=a16sm1000ms-bdvyxnsk tr=a16sm1000ms arguments=[] tmpdir=scott16sm1000ms-20120612-1027-nhf1yku3/jobs/b/a16sm1000ms-bdvyxnsk host=localhost
2012-06-12 10:27:39,305-0500 INFO  GridExec TASK_DEFINITION: Task(type=JOB_SUBMISSION, identity=urn:0-1-5-1-1-1339514852111) is /bin/bash shared/_swiftwrap a16sm1000ms-bdvyxnsk -jobdir b -scratch  -e /home/skrieder/swift/cuda/16sm100ms -out 5.result -err stderr.txt -i -d  -if scott3a.sh -of 5.result -k  -cdmfile  -status files -a
2012-06-12 10:27:39,308-0500 INFO  JobSubmissionTaskHandler Submit: in: /var/tmp/scott16sm1000ms-20120612-1027-nhf1yku3 command: /bin/bash /var/tmp/scott16sm1000ms-20120612-1027-nhf1yku3/shared/_swiftwrap a16sm1000ms-bdvyxnsk -jobdir b -scratch  -e /home/skrieder/swift/cuda/16sm100ms -out 5.result -err stderr.txt -i -d  -if scott3a.sh -of 5.result -k  -cdmfile  -status files -a
2012-06-12 10:27:39,635-0500 INFO  LateBindingScheduler JobQueue: 57
2012-06-12 10:27:39,638-0500 DEBUG vdl:checkjobstatus START jobid=a16sm1000ms-bdvyxnsk
2012-06-12 10:27:39,640-0500 INFO  LateBindingScheduler JobQueue: 57
2012-06-12 10:27:39,641-0500 INFO  vdl:checkjobstatus SUCCESS jobid=a16sm1000ms-bdvyxnsk - Success file found
2012-06-12 10:27:39,642-0500 DEBUG vdl:execute2 STAGING_OUT jobid=a16sm1000ms-bdvyxnsk
2012-06-12 10:27:39,642-0500 INFO  vdl:dostageout START jobid=a16sm1000ms-bdvyxnsk - Staging out files
2012-06-12 10:27:39,643-0500 DEBUG vdl:dostageout stageouts: [[$, c:countfile - Open]]
2012-06-12 10:27:39,645-0500 DEBUG vdl:dostageout FILE_STAGE_OUT_START srcname=5.result srcdir=scott16sm1000ms-20120612-1027-nhf1yku3/shared/ srchost=localhost destdir= desthost=localhost provider=file
2012-06-12 10:27:39,649-0500 INFO  LateBindingScheduler JobQueue: 57
2012-06-12 10:27:39,656-0500 INFO  LateBindingScheduler JobQueue: 57
2012-06-12 10:27:39,657-0500 DEBUG vdl:dostageout FILE_STAGE_OUT_END srcname=5.result srcdir=scott16sm1000ms-20120612-1027-nhf1yku3/shared/ srchost=localhost destdir= desthost=localhost provider=file
2012-06-12 10:27:39,660-0500 INFO  LateBindingScheduler JobQueue: 57
2012-06-12 10:27:39,662-0500 INFO  vdl:dostageout END jobid=a16sm1000ms-bdvyxnsk - Staging out finished
2012-06-12 10:27:39,664-0500 DEBUG vdl:execute2 JOB_END jobid=a16sm1000ms-bdvyxnsk
2012-06-12 10:27:39,665-0500 INFO  vdl:execute END_SUCCESS thread=0-1-5-1 tr=a16sm1000ms
2012-06-12 10:27:39,666-0500 DEBUG countwords PROCEDURE_END line=5
2012-06-12 10:27:39,667-0500 DEBUG vdl:mains FOREACH_IT_END line=13 thread=0-1-5
2012-06-12 10:27:40,162-0500 INFO  WeightedHostScoreScheduler CONTACT_SELECTED host=localhost, score=99.854
2012-06-12 10:27:40,164-0500 DEBUG vdl:execute2 THREAD_ASSOCIATION jobid=a16sm1000ms-cdvyxnsk thread=0-1-31-1-1 host=localhost replicationGroup=ubvyxnsk
2012-06-12 10:27:40,168-0500 INFO  vdl:createdirset START jobid=a16sm1000ms-cdvyxnsk host=localhost - Initializing directory structure
2012-06-12 10:27:40,168-0500 INFO  vdl:createdirset END jobid=a16sm1000ms-cdvyxnsk - Done initializing directory structure
2012-06-12 10:27:40,169-0500 INFO  vdl:dostagein START jobid=a16sm1000ms-cdvyxnsk - Staging in files
2012-06-12 10:27:40,174-0500 INFO  LateBindingScheduler JobQueue: 56
2012-06-12 10:27:40,175-0500 DEBUG vdl:dostagein CDM: file://localhost/scott3a.sh : DEFAULT
2012-06-12 10:27:40,178-0500 INFO  vdl:dostagein END jobid=a16sm1000ms-cdvyxnsk - Staging in finished
2012-06-12 10:27:40,178-0500 DEBUG vdl:execute2 JOB_START jobid=a16sm1000ms-cdvyxnsk tr=a16sm1000ms arguments=[] tmpdir=scott16sm1000ms-20120612-1027-nhf1yku3/jobs/c/a16sm1000ms-cdvyxnsk host=localhost
2012-06-12 10:27:40,184-0500 INFO  GridExec TASK_DEFINITION: Task(type=JOB_SUBMISSION, identity=urn:0-1-31-1-1-1339514852124) is /bin/bash shared/_swiftwrap a16sm1000ms-cdvyxnsk -jobdir c -scratch  -e /home/skrieder/swift/cuda/16sm100ms -out 31.result -err stderr.txt -i -d  -if scott3a.sh -of 31.result -k  -cdmfile  -status files -a
2012-06-12 10:27:40,187-0500 INFO  JobSubmissionTaskHandler Submit: in: /var/tmp/scott16sm1000ms-20120612-1027-nhf1yku3 command: /bin/bash /var/tmp/scott16sm1000ms-20120612-1027-nhf1yku3/shared/_swiftwrap a16sm1000ms-cdvyxnsk -jobdir c -scratch  -e /home/skrieder/swift/cuda/16sm100ms -out 31.result -err stderr.txt -i -d  -if scott3a.sh -of 31.result -k  -cdmfile  -status files -a
2012-06-12 10:27:40,513-0500 INFO  LateBindingScheduler JobQueue: 56
2012-06-12 10:27:40,515-0500 DEBUG vdl:checkjobstatus START jobid=a16sm1000ms-cdvyxnsk
2012-06-12 10:27:40,517-0500 INFO  LateBindingScheduler JobQueue: 56
2012-06-12 10:27:40,518-0500 INFO  vdl:checkjobstatus SUCCESS jobid=a16sm1000ms-cdvyxnsk - Success file found
2012-06-12 10:27:40,519-0500 DEBUG vdl:execute2 STAGING_OUT jobid=a16sm1000ms-cdvyxnsk
2012-06-12 10:27:40,520-0500 INFO  vdl:dostageout START jobid=a16sm1000ms-cdvyxnsk - Staging out files
2012-06-12 10:27:40,520-0500 DEBUG vdl:dostageout stageouts: [[$, c:countfile - Open]]
2012-06-12 10:27:40,526-0500 DEBUG vdl:dostageout FILE_STAGE_OUT_START srcname=31.result srcdir=scott16sm1000ms-20120612-1027-nhf1yku3/shared/ srchost=localhost destdir= desthost=localhost provider=file
2012-06-12 10:27:40,530-0500 INFO  LateBindingScheduler JobQueue: 56
2012-06-12 10:27:40,538-0500 INFO  LateBindingScheduler JobQueue: 56
2012-06-12 10:27:40,539-0500 DEBUG vdl:dostageout FILE_STAGE_OUT_END srcname=31.result srcdir=scott16sm1000ms-20120612-1027-nhf1yku3/shared/ srchost=localhost destdir= desthost=localhost provider=file
2012-06-12 10:27:40,542-0500 INFO  LateBindingScheduler JobQueue: 56
2012-06-12 10:27:40,544-0500 INFO  vdl:dostageout END jobid=a16sm1000ms-cdvyxnsk - Staging out finished
2012-06-12 10:27:40,545-0500 DEBUG vdl:execute2 JOB_END jobid=a16sm1000ms-cdvyxnsk
2012-06-12 10:27:40,546-0500 INFO  vdl:execute END_SUCCESS thread=0-1-31-1 tr=a16sm1000ms
2012-06-12 10:27:40,547-0500 DEBUG countwords PROCEDURE_END line=5
2012-06-12 10:27:40,548-0500 DEBUG vdl:mains FOREACH_IT_END line=13 thread=0-1-31
2012-06-12 10:27:41,043-0500 INFO  WeightedHostScoreScheduler CONTACT_SELECTED host=localhost, score=99.854
2012-06-12 10:27:41,046-0500 DEBUG vdl:execute2 THREAD_ASSOCIATION jobid=a16sm1000ms-ddvyxnsk thread=0-1-32-1-1 host=localhost replicationGroup=vbvyxnsk
2012-06-12 10:27:41,051-0500 INFO  vdl:createdirset START jobid=a16sm1000ms-ddvyxnsk host=localhost - Initializing directory structure
2012-06-12 10:27:41,051-0500 INFO  vdl:createdirset END jobid=a16sm1000ms-ddvyxnsk - Done initializing directory structure
2012-06-12 10:27:41,052-0500 INFO  vdl:dostagein START jobid=a16sm1000ms-ddvyxnsk - Staging in files
2012-06-12 10:27:41,056-0500 INFO  LateBindingScheduler JobQueue: 55
2012-06-12 10:27:41,057-0500 DEBUG vdl:dostagein CDM: file://localhost/scott3a.sh : DEFAULT
2012-06-12 10:27:41,058-0500 INFO  vdl:dostagein END jobid=a16sm1000ms-ddvyxnsk - Staging in finished
2012-06-12 10:27:41,059-0500 DEBUG vdl:execute2 JOB_START jobid=a16sm1000ms-ddvyxnsk tr=a16sm1000ms arguments=[] tmpdir=scott16sm1000ms-20120612-1027-nhf1yku3/jobs/d/a16sm1000ms-ddvyxnsk host=localhost
2012-06-12 10:27:41,064-0500 INFO  GridExec TASK_DEFINITION: Task(type=JOB_SUBMISSION, identity=urn:0-1-32-1-1-1339514852137) is /bin/bash shared/_swiftwrap a16sm1000ms-ddvyxnsk -jobdir d -scratch  -e /home/skrieder/swift/cuda/16sm100ms -out 32.result -err stderr.txt -i -d  -if scott3a.sh -of 32.result -k  -cdmfile  -status files -a
2012-06-12 10:27:41,067-0500 INFO  JobSubmissionTaskHandler Submit: in: /var/tmp/scott16sm1000ms-20120612-1027-nhf1yku3 command: /bin/bash /var/tmp/scott16sm1000ms-20120612-1027-nhf1yku3/shared/_swiftwrap a16sm1000ms-ddvyxnsk -jobdir d -scratch  -e /home/skrieder/swift/cuda/16sm100ms -out 32.result -err stderr.txt -i -d  -if scott3a.sh -of 32.result -k  -cdmfile  -status files -a
2012-06-12 10:27:41,395-0500 INFO  LateBindingScheduler JobQueue: 55
2012-06-12 10:27:41,396-0500 DEBUG vdl:checkjobstatus START jobid=a16sm1000ms-ddvyxnsk
2012-06-12 10:27:41,399-0500 INFO  LateBindingScheduler JobQueue: 55
2012-06-12 10:27:41,400-0500 INFO  vdl:checkjobstatus SUCCESS jobid=a16sm1000ms-ddvyxnsk - Success file found
2012-06-12 10:27:41,401-0500 DEBUG vdl:execute2 STAGING_OUT jobid=a16sm1000ms-ddvyxnsk
2012-06-12 10:27:41,402-0500 INFO  vdl:dostageout START jobid=a16sm1000ms-ddvyxnsk - Staging out files
2012-06-12 10:27:41,402-0500 DEBUG vdl:dostageout stageouts: [[$, c:countfile - Open]]
2012-06-12 10:27:41,405-0500 DEBUG vdl:dostageout FILE_STAGE_OUT_START srcname=32.result srcdir=scott16sm1000ms-20120612-1027-nhf1yku3/shared/ srchost=localhost destdir= desthost=localhost provider=file
2012-06-12 10:27:41,408-0500 INFO  LateBindingScheduler JobQueue: 55
2012-06-12 10:27:41,414-0500 INFO  LateBindingScheduler JobQueue: 55
2012-06-12 10:27:41,416-0500 DEBUG vdl:dostageout FILE_STAGE_OUT_END srcname=32.result srcdir=scott16sm1000ms-20120612-1027-nhf1yku3/shared/ srchost=localhost destdir= desthost=localhost provider=file
2012-06-12 10:27:41,418-0500 INFO  LateBindingScheduler JobQueue: 55
2012-06-12 10:27:41,420-0500 INFO  vdl:dostageout END jobid=a16sm1000ms-ddvyxnsk - Staging out finished
2012-06-12 10:27:41,422-0500 DEBUG vdl:execute2 JOB_END jobid=a16sm1000ms-ddvyxnsk
2012-06-12 10:27:41,423-0500 INFO  vdl:execute END_SUCCESS thread=0-1-32-1 tr=a16sm1000ms
2012-06-12 10:27:41,424-0500 DEBUG countwords PROCEDURE_END line=5
2012-06-12 10:27:41,424-0500 DEBUG vdl:mains FOREACH_IT_END line=13 thread=0-1-32
2012-06-12 10:27:41,920-0500 INFO  WeightedHostScoreScheduler CONTACT_SELECTED host=localhost, score=99.854
2012-06-12 10:27:41,922-0500 DEBUG vdl:execute2 THREAD_ASSOCIATION jobid=a16sm1000ms-edvyxnsk thread=0-1-9-1-1 host=localhost replicationGroup=fbvyxnsk
2012-06-12 10:27:41,925-0500 INFO  vdl:createdirset START jobid=a16sm1000ms-edvyxnsk host=localhost - Initializing directory structure
2012-06-12 10:27:41,925-0500 INFO  vdl:createdirset END jobid=a16sm1000ms-edvyxnsk - Done initializing directory structure
2012-06-12 10:27:41,926-0500 INFO  vdl:dostagein START jobid=a16sm1000ms-edvyxnsk - Staging in files
2012-06-12 10:27:41,929-0500 INFO  LateBindingScheduler JobQueue: 54
2012-06-12 10:27:41,930-0500 DEBUG vdl:dostagein CDM: file://localhost/scott3a.sh : DEFAULT
2012-06-12 10:27:41,932-0500 INFO  vdl:dostagein END jobid=a16sm1000ms-edvyxnsk - Staging in finished
2012-06-12 10:27:41,933-0500 DEBUG vdl:execute2 JOB_START jobid=a16sm1000ms-edvyxnsk tr=a16sm1000ms arguments=[] tmpdir=scott16sm1000ms-20120612-1027-nhf1yku3/jobs/e/a16sm1000ms-edvyxnsk host=localhost
2012-06-12 10:27:41,937-0500 INFO  GridExec TASK_DEFINITION: Task(type=JOB_SUBMISSION, identity=urn:0-1-9-1-1-1339514852150) is /bin/bash shared/_swiftwrap a16sm1000ms-edvyxnsk -jobdir e -scratch  -e /home/skrieder/swift/cuda/16sm100ms -out 9.result -err stderr.txt -i -d  -if scott3a.sh -of 9.result -k  -cdmfile  -status files -a
2012-06-12 10:27:41,940-0500 INFO  JobSubmissionTaskHandler Submit: in: /var/tmp/scott16sm1000ms-20120612-1027-nhf1yku3 command: /bin/bash /var/tmp/scott16sm1000ms-20120612-1027-nhf1yku3/shared/_swiftwrap a16sm1000ms-edvyxnsk -jobdir e -scratch  -e /home/skrieder/swift/cuda/16sm100ms -out 9.result -err stderr.txt -i -d  -if scott3a.sh -of 9.result -k  -cdmfile  -status files -a
2012-06-12 10:27:42,266-0500 INFO  LateBindingScheduler JobQueue: 54
2012-06-12 10:27:42,268-0500 DEBUG vdl:checkjobstatus START jobid=a16sm1000ms-edvyxnsk
2012-06-12 10:27:42,271-0500 INFO  LateBindingScheduler JobQueue: 54
2012-06-12 10:27:42,271-0500 INFO  vdl:checkjobstatus SUCCESS jobid=a16sm1000ms-edvyxnsk - Success file found
2012-06-12 10:27:42,272-0500 DEBUG vdl:execute2 STAGING_OUT jobid=a16sm1000ms-edvyxnsk
2012-06-12 10:27:42,273-0500 INFO  vdl:dostageout START jobid=a16sm1000ms-edvyxnsk - Staging out files
2012-06-12 10:27:42,273-0500 DEBUG vdl:dostageout stageouts: [[$, c:countfile - Open]]
2012-06-12 10:27:42,276-0500 DEBUG vdl:dostageout FILE_STAGE_OUT_START srcname=9.result srcdir=scott16sm1000ms-20120612-1027-nhf1yku3/shared/ srchost=localhost destdir= desthost=localhost provider=file
2012-06-12 10:27:42,280-0500 INFO  LateBindingScheduler JobQueue: 54
2012-06-12 10:27:42,288-0500 INFO  LateBindingScheduler JobQueue: 54
2012-06-12 10:27:42,289-0500 DEBUG vdl:dostageout FILE_STAGE_OUT_END srcname=9.result srcdir=scott16sm1000ms-20120612-1027-nhf1yku3/shared/ srchost=localhost destdir= desthost=localhost provider=file
2012-06-12 10:27:42,291-0500 INFO  LateBindingScheduler JobQueue: 54
2012-06-12 10:27:42,293-0500 INFO  vdl:dostageout END jobid=a16sm1000ms-edvyxnsk - Staging out finished
2012-06-12 10:27:42,295-0500 DEBUG vdl:execute2 JOB_END jobid=a16sm1000ms-edvyxnsk
2012-06-12 10:27:42,296-0500 INFO  vdl:execute END_SUCCESS thread=0-1-9-1 tr=a16sm1000ms
2012-06-12 10:27:42,297-0500 DEBUG countwords PROCEDURE_END line=5
2012-06-12 10:27:42,297-0500 DEBUG vdl:mains FOREACH_IT_END line=13 thread=0-1-9
2012-06-12 10:27:42,793-0500 INFO  WeightedHostScoreScheduler CONTACT_SELECTED host=localhost, score=99.854
2012-06-12 10:27:42,795-0500 DEBUG vdl:execute2 THREAD_ASSOCIATION jobid=a16sm1000ms-fdvyxnsk thread=0-1-7-1-1 host=localhost replicationGroup=jbvyxnsk
2012-06-12 10:27:42,799-0500 INFO  vdl:createdirset START jobid=a16sm1000ms-fdvyxnsk host=localhost - Initializing directory structure
2012-06-12 10:27:42,799-0500 INFO  vdl:createdirset END jobid=a16sm1000ms-fdvyxnsk - Done initializing directory structure
2012-06-12 10:27:42,800-0500 INFO  vdl:dostagein START jobid=a16sm1000ms-fdvyxnsk - Staging in files
2012-06-12 10:27:42,803-0500 INFO  LateBindingScheduler JobQueue: 53
2012-06-12 10:27:42,804-0500 DEBUG vdl:dostagein CDM: file://localhost/scott3a.sh : DEFAULT
2012-06-12 10:27:42,805-0500 INFO  vdl:dostagein END jobid=a16sm1000ms-fdvyxnsk - Staging in finished
2012-06-12 10:27:42,806-0500 DEBUG vdl:execute2 JOB_START jobid=a16sm1000ms-fdvyxnsk tr=a16sm1000ms arguments=[] tmpdir=scott16sm1000ms-20120612-1027-nhf1yku3/jobs/f/a16sm1000ms-fdvyxnsk host=localhost
2012-06-12 10:27:42,810-0500 INFO  GridExec TASK_DEFINITION: Task(type=JOB_SUBMISSION, identity=urn:0-1-7-1-1-1339514852163) is /bin/bash shared/_swiftwrap a16sm1000ms-fdvyxnsk -jobdir f -scratch  -e /home/skrieder/swift/cuda/16sm100ms -out 7.result -err stderr.txt -i -d  -if scott3a.sh -of 7.result -k  -cdmfile  -status files -a
2012-06-12 10:27:42,813-0500 INFO  JobSubmissionTaskHandler Submit: in: /var/tmp/scott16sm1000ms-20120612-1027-nhf1yku3 command: /bin/bash /var/tmp/scott16sm1000ms-20120612-1027-nhf1yku3/shared/_swiftwrap a16sm1000ms-fdvyxnsk -jobdir f -scratch  -e /home/skrieder/swift/cuda/16sm100ms -out 7.result -err stderr.txt -i -d  -if scott3a.sh -of 7.result -k  -cdmfile  -status files -a
2012-06-12 10:27:43,159-0500 INFO  LateBindingScheduler JobQueue: 53
2012-06-12 10:27:43,161-0500 DEBUG vdl:checkjobstatus START jobid=a16sm1000ms-fdvyxnsk
2012-06-12 10:27:43,163-0500 INFO  LateBindingScheduler JobQueue: 53
2012-06-12 10:27:43,164-0500 INFO  vdl:checkjobstatus SUCCESS jobid=a16sm1000ms-fdvyxnsk - Success file found
2012-06-12 10:27:43,165-0500 DEBUG vdl:execute2 STAGING_OUT jobid=a16sm1000ms-fdvyxnsk
2012-06-12 10:27:43,166-0500 INFO  vdl:dostageout START jobid=a16sm1000ms-fdvyxnsk - Staging out files
2012-06-12 10:27:43,166-0500 DEBUG vdl:dostageout stageouts: [[$, c:countfile - Open]]
2012-06-12 10:27:43,168-0500 DEBUG vdl:dostageout FILE_STAGE_OUT_START srcname=7.result srcdir=scott16sm1000ms-20120612-1027-nhf1yku3/shared/ srchost=localhost destdir= desthost=localhost provider=file
2012-06-12 10:27:43,172-0500 INFO  LateBindingScheduler JobQueue: 53
2012-06-12 10:27:43,178-0500 INFO  LateBindingScheduler JobQueue: 53
2012-06-12 10:27:43,179-0500 DEBUG vdl:dostageout FILE_STAGE_OUT_END srcname=7.result srcdir=scott16sm1000ms-20120612-1027-nhf1yku3/shared/ srchost=localhost destdir= desthost=localhost provider=file
2012-06-12 10:27:43,182-0500 INFO  LateBindingScheduler JobQueue: 53
2012-06-12 10:27:43,183-0500 INFO  vdl:dostageout END jobid=a16sm1000ms-fdvyxnsk - Staging out finished
2012-06-12 10:27:43,185-0500 DEBUG vdl:execute2 JOB_END jobid=a16sm1000ms-fdvyxnsk
2012-06-12 10:27:43,186-0500 INFO  vdl:execute END_SUCCESS thread=0-1-7-1 tr=a16sm1000ms
2012-06-12 10:27:43,187-0500 DEBUG countwords PROCEDURE_END line=5
2012-06-12 10:27:43,187-0500 DEBUG vdl:mains FOREACH_IT_END line=13 thread=0-1-7
2012-06-12 10:27:43,683-0500 INFO  WeightedHostScoreScheduler CONTACT_SELECTED host=localhost, score=99.854
2012-06-12 10:27:43,685-0500 DEBUG vdl:execute2 THREAD_ASSOCIATION jobid=a16sm1000ms-gdvyxnsk thread=0-1-23-1-1 host=localhost replicationGroup=xbvyxnsk
2012-06-12 10:27:43,690-0500 INFO  vdl:createdirset START jobid=a16sm1000ms-gdvyxnsk host=localhost - Initializing directory structure
2012-06-12 10:27:43,690-0500 INFO  vdl:createdirset END jobid=a16sm1000ms-gdvyxnsk - Done initializing directory structure
2012-06-12 10:27:43,691-0500 INFO  vdl:dostagein START jobid=a16sm1000ms-gdvyxnsk - Staging in files
2012-06-12 10:27:43,694-0500 INFO  LateBindingScheduler JobQueue: 52
2012-06-12 10:27:43,695-0500 DEBUG vdl:dostagein CDM: file://localhost/scott3a.sh : DEFAULT
2012-06-12 10:27:43,696-0500 INFO  vdl:dostagein END jobid=a16sm1000ms-gdvyxnsk - Staging in finished
2012-06-12 10:27:43,697-0500 DEBUG vdl:execute2 JOB_START jobid=a16sm1000ms-gdvyxnsk tr=a16sm1000ms arguments=[] tmpdir=scott16sm1000ms-20120612-1027-nhf1yku3/jobs/g/a16sm1000ms-gdvyxnsk host=localhost
2012-06-12 10:27:43,702-0500 INFO  GridExec TASK_DEFINITION: Task(type=JOB_SUBMISSION, identity=urn:0-1-23-1-1-1339514852176) is /bin/bash shared/_swiftwrap a16sm1000ms-gdvyxnsk -jobdir g -scratch  -e /home/skrieder/swift/cuda/16sm100ms -out 23.result -err stderr.txt -i -d  -if scott3a.sh -of 23.result -k  -cdmfile  -status files -a
2012-06-12 10:27:43,704-0500 INFO  JobSubmissionTaskHandler Submit: in: /var/tmp/scott16sm1000ms-20120612-1027-nhf1yku3 command: /bin/bash /var/tmp/scott16sm1000ms-20120612-1027-nhf1yku3/shared/_swiftwrap a16sm1000ms-gdvyxnsk -jobdir g -scratch  -e /home/skrieder/swift/cuda/16sm100ms -out 23.result -err stderr.txt -i -d  -if scott3a.sh -of 23.result -k  -cdmfile  -status files -a
