2012-06-06 18:55:07,816-0500 DEBUG Loader arguments: [-tc.file, tc.data, -sites.file, 0-throttle-sites.xml, scott1sm10msB.swift]
2012-06-06 18:55:07,816-0500 DEBUG Loader Max heap: 252248064
2012-06-06 18:55:07,817-0500 DEBUG textfiles BEGIN SWIFTSCRIPT:

type messagefile; 
type countfile; 

app (countfile t) countwords (messagefile f) {   
     a1sm10ms stdout=@filename(t);
}

string inputNames = "test1 test2 test3";

messagefile inputfiles[] <fixed_array_mapper;files=inputNames>;
//messagefile inputfiles[];

foreach f,i in inputfiles {
  countfile c <single_file_mapper; file=@strcat(i, ".result")>;
  c = countwords(f);
}


2012-06-06 18:55:07,818-0500 DEBUG textfiles END SWIFTSCRIPT:
2012-06-06 18:55:07,818-0500 INFO  Loader scott1sm10msB.swift: source file is new. Recompiling.
2012-06-06 18:55:07,818-0500 DEBUG Loader kmlversion is >239b8550-a5ff-44be-a124-5e7ecd70737d<
2012-06-06 18:55:07,818-0500 DEBUG Loader build version is >239b8550-a5ff-44be-a124-5e7ecd70737d<
2012-06-06 18:55:08,382-0500 INFO  Karajan Validation of XML intermediate file was successful
2012-06-06 18:55:08,570-0500 DEBUG Loader setting: sites.file to: 0-throttle-sites.xml
2012-06-06 18:55:08,570-0500 DEBUG Loader setting: tc.file to: tc.data
2012-06-06 18:55:08,572-0500 DEBUG textfiles BEGIN SITES:
<config>

<!-- sites.xml specifies details of the sites that Swift can run on.

The first entry entry, for localhost, should work on most linux-like systems
without any change.

It may be necessary to change the two occurences of /var/tmp to a different
working directory.

The jobThrottle profile is set to 0 so that Swift will not try to run more
than two jobs at once (the minimum) when using the local sites. This is
appropriate for local execution, but make sure if/when using another
execution mechanism to submit to an HPC resource that this jobThrottle
is removed.

-->


  <pool handle="localhost">
    <filesystem provider="local" />
    <execution provider="local" />
    <workdirectory >/var/tmp</workdirectory>
    <profile namespace="karajan" key="jobThrottle">.01</profile>
    <profile namespace="karajan" key="initialScore">10000</profile>
  </pool>





<!-- The remainder of this file is commented out by default. It contains
example site definitions for a number of sites on TeraGrid and OSG.

How this list was constructed:

1. Teragrid
http://www.teragrid.org/userinfo/hardware/resources.php
fill out the gatekeeper info and the gridftp hostname
for the storage/workspace, login into the machine, and make yourself a
temporary directory

2. OSG
http://osg-cat.grid.iu.edu/index.php?site_name=osgcat
sort by CPUs
Add the gatekeeper hostname into the jobmanager name and into the gridftp url
Add the ($TMP) or ($WNTMP) to the storage element in the gridftp url AND
into the workspace element

TODO by user:
customize the storage and workdirectory to use your personal working directories

-->


<!--
  <pool handle="skynet" >
    <gridftp url="gsiftp://skynet-login.isi.edu" > 
    </gridftp>
    <jobmanager universe="vanilla" url="skynet-login.isi.edu/jobmanager-fork" major="2" />
    <workdirectory >/nfs/scratch01/tiberius</workdirectory>
  </pool>
-->
<!--
  <pool handle="teraport" >
    <gridftp  url="gsiftp://tp-grid1.uchicago.edu" /> 
    <jobmanager universe="vanilla" url="tp-grid1.uchicago.edu/jobmanager-pbs" major="2" />
    <workdirectory >/home/tiberius/scratch/SWIFT-WORK</workdirectory>
  </pool>
-->
<!--
<pool handle="ncsa_32" >
    <gridftp  url="gsiftp://login-w.ncsa.teragrid.org" />
    <jobmanager universe="vanilla" url="grid-w.ncsa.teragrid.org/jobmanager" major="2" /> 
    <workdirectory >/u/ac/tstef</workdirectory>
</pool>
-->
<!--
<pool handle="purdue" >
    <gridftp  url="gsiftp://tg-data.purdue.teragrid.org" />
    <jobmanager universe="vanilla" url="tg-gatekeeper.purdue.teragrid.org" major="2" />
    <workdirectory >/scratch/teragrid/stef</workdirectory>
</pool>
-->
<!-- 
<pool handle="tacc" >
    <gridftp  url="gsiftp://tg-gridftp.lonestar.tacc.teragrid.org" />
    <jobmanager universe="vanilla" url="tg-login.tacc.teragrid.org/jobmanager-lsf" major="2" />
    <workdirectory >/work/teragrid/tstef</workdirectory>
</pool>
-->
<!-- 
<pool handle="UC" >
    <gridftp url="gsiftp://tg-gridftp.uc.teragrid.org" />
    <execution provider="gt4" jobmanager="PBS" url="tg-grid.uc.teragrid.org" />
    <workdirectory >/disks/scratchgpfs1/tstef</workdirectory>
</pool>
 -->
 
<!-- OSG SITES -->
<!-- 
<pool handle="OSG_LIGO_PSU" >
    <gridftp  url="gsiftp://grid3.aset.psu.edu" />
    <jobmanager universe="vanilla" url="grid3.aset.psu.edu/jobmanager-pbs" major="2" />
    <workdirectory >/usr1/grid3/data</workdirectory>
</pool>
 -->
<!-- 
<pool handle="fnal" >
    <gridftp  url="gsiftp://fngp-osg.fnal.gov" />
    <jobmanager universe="vanilla" url="fngp-osg.fnal.gov/jobmanager-pbs" major="2" minor="2" />
    <workdirectory >/grid/data</workdirectory>
</pool>
-->
<!-- 
<pool handle="prod_slac" >
    <gridftp  url="gsiftp://osgserv01.slac.stanford.edu" />
    <jobmanager universe="vanilla" url="osgserv01.slac.stanford.edu/jobmanager-lsf" major="2" />
    <workdirectory >/nfs/slac/g/grid/osg/data</workdirectory>
</pool>
-->
<!-- 
<pool handle="bnl_atlas_2" >
    <gridftp  url="gsiftp://gridgk02.racf.bnl.gov" />
    <jobmanager universe="vanilla" url="gridgk02.racf.bnl.gov/jobmanager-condor" major="2" />
    <workdirectory >/usatlas/prodjob/share/</workdirectory>
</pool>
-->
<!--
<pool handle="unm_hpc" >
    <gridftp  url="gsiftp://milta.alliance.unm.edu" />
    <jobmanager universe="vanilla" url="milta.alliance.unm.edu/jobmanager-pbs" major="2" />
    <workdirectory >/tmp</workdirectory>
</pool>
-->
<!--  
<pool handle="UWM_CMS" >
    <gridftp  url="gsiftp://cmsgrid02.hep.wisc.edu" />
    <jobmanager universe="vanilla" url="cmsgrid02.hep.wisc.edu/jobmanager-condor" major="2" />
    <workdirectory >/tmp</workdirectory>
</pool>
-->

</config>


2012-06-06 18:55:08,572-0500 DEBUG textfiles END SITES:
2012-06-06 18:55:08,576-0500 INFO  VDL2ExecutionContext Stack dump:
Level 1
[iA = 0, iB = 0, bA = false, bB = false]
	vdl:instanceconfig = Swift configuration []
	vdl:operation = run
	swift.home = /usr/local/swift/bin/..
	PATH_SEPARATOR = /


2012-06-06 18:55:09,209-0500 INFO  unknown Using sites file: 0-throttle-sites.xml
2012-06-06 18:55:09,243-0500 INFO  unknown Using tc.data: tc.data
2012-06-06 18:55:09,354-0500 INFO  AbstractScheduler Setting resources to: {localhost=localhost}
2012-06-06 18:55:10,022-0500 INFO  unknown Swift 0.93 swift-r5483 cog-r3339

2012-06-06 18:55:10,023-0500 INFO  unknown RUNID id=run:20120606-1855-odzel3p2
2012-06-06 18:55:10,066-0500 INFO  SetFieldValue Set: inputNames=test1 test2 test3
2012-06-06 18:55:10,088-0500 INFO  RootDataNode Found data inputfiles:messagefile[] - Open.[0]
2012-06-06 18:55:10,088-0500 INFO  RootDataNode Found data inputfiles:messagefile[] - Open.[1]
2012-06-06 18:55:10,088-0500 INFO  RootDataNode Found data inputfiles:messagefile[] - Open.[2]
2012-06-06 18:55:10,092-0500 DEBUG vdl:mains FOREACH_IT_START line=14 thread=0-1-1
2012-06-06 18:55:10,092-0500 DEBUG vdl:mains SCOPE thread=0-1-1
2012-06-06 18:55:10,092-0500 DEBUG vdl:mains FOREACH_IT_START line=14 thread=0-1-2
2012-06-06 18:55:10,092-0500 DEBUG vdl:mains FOREACH_IT_START line=14 thread=0-1-0
2012-06-06 18:55:10,093-0500 DEBUG vdl:mains SCOPE thread=0-1-2
2012-06-06 18:55:10,093-0500 DEBUG vdl:mains SCOPE thread=0-1-0
2012-06-06 18:55:10,104-0500 INFO  SetFieldValue Set: swift#mapper#17001=1.result
2012-06-06 18:55:10,104-0500 INFO  SetFieldValue Set: swift#mapper#17001=0.result
2012-06-06 18:55:10,108-0500 DEBUG countwords PROCEDURE line=5 thread=0-1-1-1 name=countwords
2012-06-06 18:55:10,108-0500 DEBUG countwords PROCEDURE line=5 thread=0-1-2-1 name=countwords
2012-06-06 18:55:10,108-0500 INFO  SetFieldValue Set: swift#mapper#17001=2.result
2012-06-06 18:55:10,108-0500 DEBUG countwords PROCEDURE line=5 thread=0-1-0-1 name=countwords
2012-06-06 18:55:10,110-0500 INFO  RootDataNode Found mapped data c:countfile - Open.$
2012-06-06 18:55:10,110-0500 INFO  RootDataNode Found mapped data c:countfile - Open.$
2012-06-06 18:55:10,110-0500 INFO  RootDataNode Found mapped data c:countfile - Open.$
2012-06-06 18:55:10,119-0500 INFO  vdl:execute START thread=0-1-0-1 tr=a1sm10ms
2012-06-06 18:55:10,119-0500 INFO  vdl:execute START thread=0-1-2-1 tr=a1sm10ms
2012-06-06 18:55:10,119-0500 INFO  vdl:execute START thread=0-1-1-1 tr=a1sm10ms
2012-06-06 18:55:10,145-0500 INFO  WeightedHostScoreScheduler CONTACT_SELECTED host=localhost, score=99.854
2012-06-06 18:55:10,148-0500 INFO  WeightedHostScoreScheduler CONTACT_SELECTED host=localhost, score=99.854
2012-06-06 18:55:10,153-0500 INFO  GlobalSubmitQueue No global submit throttle set. Using default (1024)
2012-06-06 18:55:10,158-0500 INFO  LateBindingScheduler JobQueue: 1
2012-06-06 18:55:10,161-0500 INFO  LateBindingScheduler JobQueue: 1
2012-06-06 18:55:10,164-0500 INFO  vdl:initshareddir START host=localhost - Initializing shared directory
2012-06-06 18:55:10,167-0500 INFO  LateBindingScheduler JobQueue: 1
2012-06-06 18:55:10,195-0500 INFO  LateBindingScheduler JobQueue: 1
2012-06-06 18:55:10,199-0500 INFO  LateBindingScheduler JobQueue: 1
2012-06-06 18:55:10,202-0500 INFO  LateBindingScheduler JobQueue: 1
2012-06-06 18:55:10,209-0500 INFO  LateBindingScheduler JobQueue: 1
2012-06-06 18:55:10,214-0500 INFO  LateBindingScheduler JobQueue: 1
2012-06-06 18:55:10,217-0500 INFO  vdl:initshareddir END host=localhost - Done initializing shared directory
2012-06-06 18:55:10,221-0500 DEBUG vdl:execute2 THREAD_ASSOCIATION jobid=a1sm10ms-8sasmesk thread=0-1-2-1-1 host=localhost replicationGroup=7sasmesk
2012-06-06 18:55:10,221-0500 DEBUG vdl:execute2 THREAD_ASSOCIATION jobid=a1sm10ms-9sasmesk thread=0-1-1-1-1 host=localhost replicationGroup=6sasmesk
2012-06-06 18:55:10,239-0500 INFO  vdl:createdirset START jobid=a1sm10ms-9sasmesk host=localhost - Initializing directory structure
2012-06-06 18:55:10,239-0500 INFO  vdl:createdirset START jobid=a1sm10ms-8sasmesk host=localhost - Initializing directory structure
2012-06-06 18:55:10,242-0500 INFO  vdl:createdirset END jobid=a1sm10ms-8sasmesk - Done initializing directory structure
2012-06-06 18:55:10,242-0500 INFO  vdl:createdirset END jobid=a1sm10ms-9sasmesk - Done initializing directory structure
2012-06-06 18:55:10,245-0500 INFO  vdl:dostagein START jobid=a1sm10ms-8sasmesk - Staging in files
2012-06-06 18:55:10,245-0500 INFO  vdl:dostagein START jobid=a1sm10ms-9sasmesk - Staging in files
2012-06-06 18:55:10,271-0500 INFO  LateBindingScheduler JobQueue: 1
2012-06-06 18:55:10,271-0500 INFO  LateBindingScheduler JobQueue: 1
2012-06-06 18:55:10,277-0500 DEBUG vdl:dostagein CDM: file://localhost/test3 : DEFAULT
2012-06-06 18:55:10,278-0500 DEBUG vdl:dostagein CDM: file://localhost/test2 : DEFAULT
2012-06-06 18:55:10,292-0500 DEBUG vdl:dostageinfile FILE_STAGE_IN_START file=test3 srchost=localhost srcdir= srcname=test3 desthost=localhost destdir=scott1sm10msB-20120606-1855-odzel3p2/shared/ provider=file policy=DEFAULT
2012-06-06 18:55:10,292-0500 DEBUG vdl:dostageinfile FILE_STAGE_IN_START file=test2 srchost=localhost srcdir= srcname=test2 desthost=localhost destdir=scott1sm10msB-20120606-1855-odzel3p2/shared/ provider=file policy=DEFAULT
2012-06-06 18:55:10,299-0500 INFO  LateBindingScheduler JobQueue: 1
2012-06-06 18:55:10,300-0500 INFO  LateBindingScheduler JobQueue: 1
2012-06-06 18:55:10,301-0500 DEBUG vdl:dostageinfile FILE_STAGE_IN_END file=test2 srchost=localhost srcdir= srcname=test2 desthost=localhost destdir=scott1sm10msB-20120606-1855-odzel3p2/shared/ provider=file
2012-06-06 18:55:10,301-0500 DEBUG vdl:dostageinfile FILE_STAGE_IN_END file=test3 srchost=localhost srcdir= srcname=test3 desthost=localhost destdir=scott1sm10msB-20120606-1855-odzel3p2/shared/ provider=file
2012-06-06 18:55:10,303-0500 INFO  vdl:dostagein END jobid=a1sm10ms-9sasmesk - Staging in finished
2012-06-06 18:55:10,303-0500 INFO  vdl:dostagein END jobid=a1sm10ms-8sasmesk - Staging in finished
2012-06-06 18:55:10,308-0500 DEBUG vdl:execute2 JOB_START jobid=a1sm10ms-8sasmesk tr=a1sm10ms arguments=[] tmpdir=scott1sm10msB-20120606-1855-odzel3p2/jobs/8/a1sm10ms-8sasmesk host=localhost
2012-06-06 18:55:10,308-0500 DEBUG vdl:execute2 JOB_START jobid=a1sm10ms-9sasmesk tr=a1sm10ms arguments=[] tmpdir=scott1sm10msB-20120606-1855-odzel3p2/jobs/9/a1sm10ms-9sasmesk host=localhost
2012-06-06 18:55:10,323-0500 DEBUG textfiles BEGIN TC:
#This is the transformation catalog.
#
#It comes pre-configured with a number of simple transformations with
#paths that are likely to work on a linux box. However, on some systems,
#the paths to these executables will be different (for example, sometimes
#some of these programs are found in /usr/bin rather than in /bin)
#
#NOTE WELL: fields in this file must be separated by tabs, not spaces; and
#there must be no trailing whitespace at the end of each line.
#
# sitename  transformation  path   INSTALLED  platform  profiles
localhost 	echo 		/bin/echo	INSTALLED	INTEL32::LINUX	null
localhost 	cat 		/bin/cat	INSTALLED	INTEL32::LINUX	null
localhost 	ls 		/bin/ls		INSTALLED	INTEL32::LINUX	null
localhost 	grep 		/bin/grep	INSTALLED	INTEL32::LINUX	null
localhost 	sort 		/bin/sort	INSTALLED	INTEL32::LINUX	null
localhost 	paste 		/bin/paste	INSTALLED	INTEL32::LINUX	null
localhost 	cp 		/bin/cp         INSTALLED	INTEL32::LINUX	null
localhost 	touch 		/bin/touch      INSTALLED	INTEL32::LINUX	null
localhost	wc		/usr/bin/wc	INSTALLED	INTEL32::LINUX	null
localhost	sh		/bin/wc		INSTALLED	INTEL32::LINUX	null
localhost	scott3a		/home/skrieder/swift/multi/scott3a.sh		INSTALLED	INTEL32::LINUX	null
localhost	scott3b		/home/skrieder/swift/multi/scott3b.sh		INSTALLED	INTEL32::LINUX	null
localhost	cka		/home/skrieder/swift/cuda/1sm1ms		INSTALLED	INTEL32::LINUX	null
localhost	a1sm0ms		/home/skrieder/swift/cuda/1sm0ms		INSTALLED	INTEL32::LINUX	null
localhost	a1sm1ms		/home/skrieder/swift/cuda/1sm1ms		INSTALLED	INTEL32::LINUX	null
localhost	a1sm10ms	/home/skrieder/swift/cuda/1sm10ms		INSTALLED	INTEL32::LINUX	null
localhost	a1sm100ms	/home/skrieder/swift/cuda/1sm100ms		INSTALLED	INTEL32::LINUX	null
localhost	a2sm0ms		/home/skrieder/swift/cuda/2sm0ms		INSTALLED	INTEL32::LINUX	null
localhost	a2sm1ms		/home/skrieder/swift/cuda/2sm1ms		INSTALLED	INTEL32::LINUX	null
localhost	a2sm10ms	/home/skrieder/swift/cuda/2sm10ms		INSTALLED	INTEL32::LINUX	null
localhost	a2sm100ms	/home/skrieder/swift/cuda/2sm100ms		INSTALLED	INTEL32::LINUX	null
localhost	a4sm0ms		/home/skrieder/swift/cuda/4sm0ms		INSTALLED	INTEL32::LINUX	null
localhost	a4sm1ms		/home/skrieder/swift/cuda/4sm1ms		INSTALLED	INTEL32::LINUX	null
localhost	a4sm10ms	/home/skrieder/swift/cuda/4sm10ms		INSTALLED	INTEL32::LINUX	null
localhost	a4sm100ms	/home/skrieder/swift/cuda/4sm100ms		INSTALLED	INTEL32::LINUX	null
localhost	a8sm0ms		/home/skrieder/swift/cuda/8sm0ms		INSTALLED	INTEL32::LINUX	null
localhost	a8sm1ms		/home/skrieder/swift/cuda/8sm1ms		INSTALLED	INTEL32::LINUX	null
localhost	a8sm10ms	/home/skrieder/swift/cuda/8sm10ms		INSTALLED	INTEL32::LINUX	null
localhost	a8sm100ms	/home/skrieder/swift/cuda/8sm100ms		INSTALLED	INTEL32::LINUX	null
localhost	a16sm0ms	/home/skrieder/swift/cuda/16sm0ms		INSTALLED	INTEL32::LINUX	null
localhost	a16sm1ms	/home/skrieder/swift/cuda/16sm1ms		INSTALLED	INTEL32::LINUX	null
localhost	a16sm10ms	/home/skrieder/swift/cuda/16sm10ms		INSTALLED	INTEL32::LINUX	null
localhost	a16sm100ms	/home/skrieder/swift/cuda/16sm100ms		INSTALLED	INTEL32::LINUX	null
localhost	sleep0ms	/home/skrieder/swift/c/sleep0ms			INSTALLED	INTEL32::LINUX	null
localhost	sleep1ms	/home/skrieder/swift/c/sleep1ms			INSTALLED	INTEL32::LINUX	null
localhost	sleep10ms	/home/skrieder/swift/c/sleep10ms		INSTALLED	INTEL32::LINUX	null
localhost	sleep100ms	/home/skrieder/swift/c/sleep100ms			INSTALLED	INTEL32::LINUX	null
localhost	sleep1000ms	/home/skrieder/swift/c/sleep1000ms			INSTALLED	INTEL32::LINUX	null
localhost	sleep10000ms	/home/skrieder/swift/c/sleep10000ms			INSTALLED	INTEL32::LINUX	null
localhost	hello		/home/skrieder/swift/multi/hello			INSTALLED	INTEL32::LINUX	null


2012-06-06 18:55:10,324-0500 DEBUG textfiles END TC:
2012-06-06 18:55:10,360-0500 INFO  GridExec TASK_DEFINITION: Task(type=JOB_SUBMISSION, identity=urn:0-1-2-1-1-1339026909252) is /bin/bash shared/_swiftwrap a1sm10ms-8sasmesk -jobdir 8 -scratch  -e /home/skrieder/swift/cuda/1sm10ms -out 2.result -err stderr.txt -i -d  -if test3 -of 2.result -k  -cdmfile  -status files -a
2012-06-06 18:55:10,360-0500 INFO  GridExec TASK_DEFINITION: Task(type=JOB_SUBMISSION, identity=urn:0-1-1-1-1-1339026909253) is /bin/bash shared/_swiftwrap a1sm10ms-9sasmesk -jobdir 9 -scratch  -e /home/skrieder/swift/cuda/1sm10ms -out 1.result -err stderr.txt -i -d  -if test2 -of 1.result -k  -cdmfile  -status files -a
2012-06-06 18:55:10,378-0500 INFO  JobSubmissionTaskHandler Submit: in: /var/tmp/scott1sm10msB-20120606-1855-odzel3p2 command: /bin/bash /var/tmp/scott1sm10msB-20120606-1855-odzel3p2/shared/_swiftwrap a1sm10ms-8sasmesk -jobdir 8 -scratch  -e /home/skrieder/swift/cuda/1sm10ms -out 2.result -err stderr.txt -i -d  -if test3 -of 2.result -k  -cdmfile  -status files -a
2012-06-06 18:55:10,378-0500 INFO  JobSubmissionTaskHandler Submit: in: /var/tmp/scott1sm10msB-20120606-1855-odzel3p2 command: /bin/bash /var/tmp/scott1sm10msB-20120606-1855-odzel3p2/shared/_swiftwrap a1sm10ms-9sasmesk -jobdir 9 -scratch  -e /home/skrieder/swift/cuda/1sm10ms -out 1.result -err stderr.txt -i -d  -if test2 -of 1.result -k  -cdmfile  -status files -a
2012-06-06 18:55:10,753-0500 INFO  LateBindingScheduler JobQueue: 1
2012-06-06 18:55:10,754-0500 INFO  LateBindingScheduler JobQueue: 1
2012-06-06 18:55:10,758-0500 DEBUG vdl:checkjobstatus START jobid=a1sm10ms-8sasmesk
2012-06-06 18:55:10,758-0500 DEBUG vdl:checkjobstatus START jobid=a1sm10ms-9sasmesk
2012-06-06 18:55:10,771-0500 INFO  LateBindingScheduler JobQueue: 1
2012-06-06 18:55:10,771-0500 INFO  LateBindingScheduler JobQueue: 1
2012-06-06 18:55:10,773-0500 INFO  vdl:checkerrorfile FAILURE jobid=a1sm10ms-9sasmesk - Failure file found
2012-06-06 18:55:10,773-0500 INFO  vdl:checkerrorfile FAILURE jobid=a1sm10ms-8sasmesk - Failure file found
2012-06-06 18:55:10,777-0500 INFO  LateBindingScheduler JobQueue: 1
2012-06-06 18:55:10,778-0500 INFO  LateBindingScheduler JobQueue: 1
2012-06-06 18:55:10,781-0500 INFO  LateBindingScheduler JobQueue: 1
2012-06-06 18:55:10,782-0500 INFO  LateBindingScheduler JobQueue: 1
2012-06-06 18:55:10,784-0500 INFO  LateBindingScheduler JobQueue: 1
2012-06-06 18:55:10,784-0500 INFO  LateBindingScheduler JobQueue: 1
2012-06-06 18:55:10,788-0500 DEBUG vdl:execute2 STAGING_OUT jobid=a1sm10ms-8sasmesk
2012-06-06 18:55:10,788-0500 DEBUG vdl:execute2 STAGING_OUT jobid=a1sm10ms-9sasmesk
2012-06-06 18:55:10,791-0500 INFO  vdl:dostageout START jobid=a1sm10ms-8sasmesk - Staging out files
2012-06-06 18:55:10,791-0500 INFO  vdl:dostageout START jobid=a1sm10ms-9sasmesk - Staging out files
2012-06-06 18:55:10,793-0500 DEBUG vdl:dostageout stageouts: [[$, c:countfile - Open]]
2012-06-06 18:55:10,793-0500 DEBUG vdl:dostageout stageouts: [[$, c:countfile - Open]]
2012-06-06 18:55:10,812-0500 DEBUG vdl:dostageout FILE_STAGE_OUT_START srcname=2.result srcdir=scott1sm10msB-20120606-1855-odzel3p2/shared/ srchost=localhost destdir= desthost=localhost provider=file
2012-06-06 18:55:10,813-0500 DEBUG vdl:dostageout FILE_STAGE_OUT_START srcname=1.result srcdir=scott1sm10msB-20120606-1855-odzel3p2/shared/ srchost=localhost destdir= desthost=localhost provider=file
2012-06-06 18:55:10,815-0500 INFO  LateBindingScheduler JobQueue: 1
2012-06-06 18:55:10,815-0500 INFO  LateBindingScheduler JobQueue: 1
2012-06-06 18:55:10,848-0500 INFO  LateBindingScheduler JobQueue: 1
2012-06-06 18:55:10,848-0500 INFO  LateBindingScheduler JobQueue: 1
2012-06-06 18:55:10,850-0500 INFO  vdl:checkerrorfile NO_STATUS_FILE jobid=a1sm10ms-8sasmesk - Error file missing
2012-06-06 18:55:10,850-0500 INFO  vdl:checkerrorfile NO_STATUS_FILE jobid=a1sm10ms-9sasmesk - Error file missing
2012-06-06 18:55:10,854-0500 DEBUG vdl:execute2 APPLICATION_EXCEPTION jobid=a1sm10ms-9sasmesk - Application exception: null
Caused by: org.globus.cog.abstraction.impl.file.FileNotFoundException: File not found: /var/tmp/scott1sm10msB-20120606-1855-odzel3p2/shared/1.result
2012-06-06 18:55:10,855-0500 DEBUG vdl:execute2 APPLICATION_EXCEPTION jobid=a1sm10ms-8sasmesk - Application exception: null
Caused by: org.globus.cog.abstraction.impl.file.FileNotFoundException: File not found: /var/tmp/scott1sm10msB-20120606-1855-odzel3p2/shared/2.result
2012-06-06 18:55:10,877-0500 INFO  LateBindingScheduler JobQueue: 1
2012-06-06 18:55:10,877-0500 INFO  LateBindingScheduler JobQueue: 1
2012-06-06 18:55:10,882-0500 INFO  LateBindingScheduler JobQueue: 1
2012-06-06 18:55:10,882-0500 INFO  LateBindingScheduler JobQueue: 1
2012-06-06 18:55:10,888-0500 INFO  LateBindingScheduler JobQueue: 1
2012-06-06 18:55:10,888-0500 INFO  LateBindingScheduler JobQueue: 1
2012-06-06 18:55:10,891-0500 INFO  LateBindingScheduler JobQueue: 1
2012-06-06 18:55:10,892-0500 INFO  LateBindingScheduler JobQueue: 1
2012-06-06 18:55:10,902-0500 INFO  LateBindingScheduler JobQueue: 1
2012-06-06 18:55:10,902-0500 INFO  LateBindingScheduler JobQueue: 1
2012-06-06 18:55:10,925-0500 INFO  WeightedHostScoreScheduler CONTACT_SELECTED host=localhost, score=99.853
2012-06-06 18:55:10,926-0500 INFO  WeightedHostScoreScheduler CONTACT_SELECTED host=localhost, score=99.853
2012-06-06 18:55:10,931-0500 DEBUG vdl:execute2 THREAD_ASSOCIATION jobid=a1sm10ms-csasmesk thread=0-1-0-1-1 host=localhost replicationGroup=5sasmesk
2012-06-06 18:55:10,932-0500 DEBUG vdl:execute2 THREAD_ASSOCIATION jobid=a1sm10ms-dsasmesk thread=0-1-1-1-1 host=localhost replicationGroup=asasmesk
2012-06-06 18:55:10,941-0500 INFO  vdl:createdirset START jobid=a1sm10ms-csasmesk host=localhost - Initializing directory structure
2012-06-06 18:55:10,942-0500 INFO  vdl:createdirset END jobid=a1sm10ms-csasmesk - Done initializing directory structure
2012-06-06 18:55:10,943-0500 INFO  vdl:createdirset START jobid=a1sm10ms-dsasmesk host=localhost - Initializing directory structure
2012-06-06 18:55:10,944-0500 INFO  vdl:dostagein START jobid=a1sm10ms-csasmesk - Staging in files
2012-06-06 18:55:10,945-0500 INFO  vdl:createdirset END jobid=a1sm10ms-dsasmesk - Done initializing directory structure
2012-06-06 18:55:10,946-0500 INFO  vdl:dostagein START jobid=a1sm10ms-dsasmesk - Staging in files
2012-06-06 18:55:10,951-0500 INFO  LateBindingScheduler JobQueue: 1
2012-06-06 18:55:10,953-0500 DEBUG vdl:dostagein CDM: file://localhost/test1 : DEFAULT
2012-06-06 18:55:10,953-0500 INFO  LateBindingScheduler JobQueue: 1
2012-06-06 18:55:10,955-0500 DEBUG vdl:dostagein CDM: file://localhost/test2 : DEFAULT
2012-06-06 18:55:10,958-0500 DEBUG vdl:dostageinfile FILE_STAGE_IN_START file=test1 srchost=localhost srcdir= srcname=test1 desthost=localhost destdir=scott1sm10msB-20120606-1855-odzel3p2/shared/ provider=file policy=DEFAULT
2012-06-06 18:55:10,959-0500 INFO  vdl:dostagein END jobid=a1sm10ms-dsasmesk - Staging in finished
2012-06-06 18:55:10,961-0500 DEBUG vdl:execute2 JOB_START jobid=a1sm10ms-dsasmesk tr=a1sm10ms arguments=[] tmpdir=scott1sm10msB-20120606-1855-odzel3p2/jobs/d/a1sm10ms-dsasmesk host=localhost
2012-06-06 18:55:10,962-0500 INFO  LateBindingScheduler JobQueue: 1
2012-06-06 18:55:10,964-0500 DEBUG vdl:dostageinfile FILE_STAGE_IN_END file=test1 srchost=localhost srcdir= srcname=test1 desthost=localhost destdir=scott1sm10msB-20120606-1855-odzel3p2/shared/ provider=file
2012-06-06 18:55:10,965-0500 INFO  vdl:dostagein END jobid=a1sm10ms-csasmesk - Staging in finished
2012-06-06 18:55:10,967-0500 DEBUG vdl:execute2 JOB_START jobid=a1sm10ms-csasmesk tr=a1sm10ms arguments=[] tmpdir=scott1sm10msB-20120606-1855-odzel3p2/jobs/c/a1sm10ms-csasmesk host=localhost
2012-06-06 18:55:10,972-0500 INFO  GridExec TASK_DEFINITION: Task(type=JOB_SUBMISSION, identity=urn:0-1-1-1-1-1339026909339) is /bin/bash shared/_swiftwrap a1sm10ms-dsasmesk -jobdir d -scratch  -e /home/skrieder/swift/cuda/1sm10ms -out 1.result -err stderr.txt -i -d  -if test2 -of 1.result -k  -cdmfile  -status files -a
2012-06-06 18:55:10,973-0500 INFO  JobSubmissionTaskHandler Submit: in: /var/tmp/scott1sm10msB-20120606-1855-odzel3p2 command: /bin/bash /var/tmp/scott1sm10msB-20120606-1855-odzel3p2/shared/_swiftwrap a1sm10ms-dsasmesk -jobdir d -scratch  -e /home/skrieder/swift/cuda/1sm10ms -out 1.result -err stderr.txt -i -d  -if test2 -of 1.result -k  -cdmfile  -status files -a
2012-06-06 18:55:10,980-0500 INFO  GridExec TASK_DEFINITION: Task(type=JOB_SUBMISSION, identity=urn:0-1-0-1-1-1339026909341) is /bin/bash shared/_swiftwrap a1sm10ms-csasmesk -jobdir c -scratch  -e /home/skrieder/swift/cuda/1sm10ms -out 0.result -err stderr.txt -i -d  -if test1 -of 0.result -k  -cdmfile  -status files -a
2012-06-06 18:55:10,981-0500 INFO  JobSubmissionTaskHandler Submit: in: /var/tmp/scott1sm10msB-20120606-1855-odzel3p2 command: /bin/bash /var/tmp/scott1sm10msB-20120606-1855-odzel3p2/shared/_swiftwrap a1sm10ms-csasmesk -jobdir c -scratch  -e /home/skrieder/swift/cuda/1sm10ms -out 0.result -err stderr.txt -i -d  -if test1 -of 0.result -k  -cdmfile  -status files -a
2012-06-06 18:55:11,309-0500 INFO  LateBindingScheduler JobQueue: 1
2012-06-06 18:55:11,313-0500 DEBUG vdl:checkjobstatus START jobid=a1sm10ms-csasmesk
2012-06-06 18:55:11,320-0500 INFO  LateBindingScheduler JobQueue: 1
2012-06-06 18:55:11,320-0500 INFO  LateBindingScheduler JobQueue: 1
2012-06-06 18:55:11,321-0500 INFO  vdl:checkerrorfile FAILURE jobid=a1sm10ms-csasmesk - Failure file found
2012-06-06 18:55:11,323-0500 DEBUG vdl:checkjobstatus START jobid=a1sm10ms-dsasmesk
2012-06-06 18:55:11,325-0500 INFO  LateBindingScheduler JobQueue: 1
2012-06-06 18:55:11,326-0500 INFO  LateBindingScheduler JobQueue: 1
2012-06-06 18:55:11,328-0500 INFO  vdl:checkjobstatus SUCCESS jobid=a1sm10ms-dsasmesk - Success file found
2012-06-06 18:55:11,328-0500 INFO  LateBindingScheduler JobQueue: 2
2012-06-06 18:55:11,329-0500 DEBUG vdl:execute2 STAGING_OUT jobid=a1sm10ms-dsasmesk
2012-06-06 18:55:11,329-0500 INFO  LateBindingScheduler JobQueue: 1
2012-06-06 18:55:11,331-0500 INFO  vdl:dostageout START jobid=a1sm10ms-dsasmesk - Staging out files
2012-06-06 18:55:11,332-0500 DEBUG vdl:execute2 STAGING_OUT jobid=a1sm10ms-csasmesk
2012-06-06 18:55:11,332-0500 DEBUG vdl:dostageout stageouts: [[$, c:countfile - Open]]
2012-06-06 18:55:11,334-0500 INFO  vdl:dostageout START jobid=a1sm10ms-csasmesk - Staging out files
2012-06-06 18:55:11,335-0500 DEBUG vdl:dostageout stageouts: [[$, c:countfile - Open]]
2012-06-06 18:55:11,340-0500 DEBUG vdl:dostageout FILE_STAGE_OUT_START srcname=1.result srcdir=scott1sm10msB-20120606-1855-odzel3p2/shared/ srchost=localhost destdir= desthost=localhost provider=file
2012-06-06 18:55:11,342-0500 INFO  LateBindingScheduler JobQueue: 1
2012-06-06 18:55:11,342-0500 DEBUG vdl:dostageout FILE_STAGE_OUT_START srcname=0.result srcdir=scott1sm10msB-20120606-1855-odzel3p2/shared/ srchost=localhost destdir= desthost=localhost provider=file
2012-06-06 18:55:11,345-0500 INFO  LateBindingScheduler JobQueue: 1
2012-06-06 18:55:11,349-0500 INFO  LateBindingScheduler JobQueue: 2
2012-06-06 18:55:11,351-0500 DEBUG vdl:dostageout FILE_STAGE_OUT_END srcname=1.result srcdir=scott1sm10msB-20120606-1855-odzel3p2/shared/ srchost=localhost destdir= desthost=localhost provider=file
2012-06-06 18:55:11,355-0500 INFO  LateBindingScheduler JobQueue: 1
2012-06-06 18:55:11,364-0500 INFO  vdl:dostageout END jobid=a1sm10ms-dsasmesk - Staging out finished
2012-06-06 18:55:11,365-0500 INFO  LateBindingScheduler JobQueue: 1
2012-06-06 18:55:11,367-0500 INFO  vdl:checkerrorfile NO_STATUS_FILE jobid=a1sm10ms-csasmesk - Error file missing
2012-06-06 18:55:11,368-0500 DEBUG vdl:execute2 APPLICATION_EXCEPTION jobid=a1sm10ms-csasmesk - Application exception: null
Caused by: org.globus.cog.abstraction.impl.file.FileNotFoundException: File not found: /var/tmp/scott1sm10msB-20120606-1855-odzel3p2/shared/0.result
2012-06-06 18:55:11,375-0500 DEBUG vdl:execute2 JOB_END jobid=a1sm10ms-dsasmesk
2012-06-06 18:55:11,377-0500 INFO  WeightedHostScoreScheduler CONTACT_SELECTED host=localhost, score=99.853
2012-06-06 18:55:11,378-0500 INFO  vdl:execute END_SUCCESS thread=0-1-1-1 tr=a1sm10ms
2012-06-06 18:55:11,399-0500 INFO  LateBindingScheduler JobQueue: 0
2012-06-06 18:55:11,400-0500 DEBUG countwords PROCEDURE_END line=5
2012-06-06 18:55:11,401-0500 DEBUG vdl:execute2 THREAD_ASSOCIATION jobid=a1sm10ms-esasmesk thread=0-1-2-1-1 host=localhost replicationGroup=bsasmesk
2012-06-06 18:55:11,401-0500 INFO  LateBindingScheduler JobQueue: 0
2012-06-06 18:55:11,402-0500 DEBUG vdl:mains FOREACH_IT_END line=14 thread=0-1-1
2012-06-06 18:55:11,403-0500 INFO  LateBindingScheduler JobQueue: 0
2012-06-06 18:55:11,404-0500 INFO  vdl:createdirset START jobid=a1sm10ms-esasmesk host=localhost - Initializing directory structure
2012-06-06 18:55:11,404-0500 INFO  vdl:createdirset END jobid=a1sm10ms-esasmesk - Done initializing directory structure
2012-06-06 18:55:11,405-0500 INFO  LateBindingScheduler JobQueue: 0
2012-06-06 18:55:11,405-0500 INFO  vdl:dostagein START jobid=a1sm10ms-esasmesk - Staging in files
2012-06-06 18:55:11,407-0500 INFO  LateBindingScheduler JobQueue: 0
2012-06-06 18:55:11,408-0500 INFO  LateBindingScheduler JobQueue: 0
2012-06-06 18:55:11,409-0500 DEBUG vdl:dostagein CDM: file://localhost/test3 : DEFAULT
2012-06-06 18:55:11,410-0500 INFO  vdl:dostagein END jobid=a1sm10ms-esasmesk - Staging in finished
2012-06-06 18:55:11,411-0500 DEBUG vdl:execute2 JOB_START jobid=a1sm10ms-esasmesk tr=a1sm10ms arguments=[] tmpdir=scott1sm10msB-20120606-1855-odzel3p2/jobs/e/a1sm10ms-esasmesk host=localhost
2012-06-06 18:55:11,413-0500 INFO  WeightedHostScoreScheduler CONTACT_SELECTED host=localhost, score=99.853
2012-06-06 18:55:11,415-0500 INFO  GridExec TASK_DEFINITION: Task(type=JOB_SUBMISSION, identity=urn:0-1-2-1-1-1339026909392) is /bin/bash shared/_swiftwrap a1sm10ms-esasmesk -jobdir e -scratch  -e /home/skrieder/swift/cuda/1sm10ms -out 2.result -err stderr.txt -i -d  -if test3 -of 2.result -k  -cdmfile  -status files -a
2012-06-06 18:55:11,415-0500 DEBUG vdl:execute2 THREAD_ASSOCIATION jobid=a1sm10ms-gsasmesk thread=0-1-0-1-1 host=localhost replicationGroup=fsasmesk
2012-06-06 18:55:11,416-0500 INFO  JobSubmissionTaskHandler Submit: in: /var/tmp/scott1sm10msB-20120606-1855-odzel3p2 command: /bin/bash /var/tmp/scott1sm10msB-20120606-1855-odzel3p2/shared/_swiftwrap a1sm10ms-esasmesk -jobdir e -scratch  -e /home/skrieder/swift/cuda/1sm10ms -out 2.result -err stderr.txt -i -d  -if test3 -of 2.result -k  -cdmfile  -status files -a
2012-06-06 18:55:11,419-0500 INFO  vdl:createdirset START jobid=a1sm10ms-gsasmesk host=localhost - Initializing directory structure
2012-06-06 18:55:11,419-0500 INFO  vdl:createdirset END jobid=a1sm10ms-gsasmesk - Done initializing directory structure
2012-06-06 18:55:11,420-0500 INFO  vdl:dostagein START jobid=a1sm10ms-gsasmesk - Staging in files
2012-06-06 18:55:11,423-0500 INFO  LateBindingScheduler JobQueue: 0
2012-06-06 18:55:11,424-0500 DEBUG vdl:dostagein CDM: file://localhost/test1 : DEFAULT
2012-06-06 18:55:11,426-0500 INFO  vdl:dostagein END jobid=a1sm10ms-gsasmesk - Staging in finished
2012-06-06 18:55:11,427-0500 DEBUG vdl:execute2 JOB_START jobid=a1sm10ms-gsasmesk tr=a1sm10ms arguments=[] tmpdir=scott1sm10msB-20120606-1855-odzel3p2/jobs/g/a1sm10ms-gsasmesk host=localhost
2012-06-06 18:55:11,432-0500 INFO  GridExec TASK_DEFINITION: Task(type=JOB_SUBMISSION, identity=urn:0-1-0-1-1-1339026909396) is /bin/bash shared/_swiftwrap a1sm10ms-gsasmesk -jobdir g -scratch  -e /home/skrieder/swift/cuda/1sm10ms -out 0.result -err stderr.txt -i -d  -if test1 -of 0.result -k  -cdmfile  -status files -a
2012-06-06 18:55:11,432-0500 INFO  JobSubmissionTaskHandler Submit: in: /var/tmp/scott1sm10msB-20120606-1855-odzel3p2 command: /bin/bash /var/tmp/scott1sm10msB-20120606-1855-odzel3p2/shared/_swiftwrap a1sm10ms-gsasmesk -jobdir g -scratch  -e /home/skrieder/swift/cuda/1sm10ms -out 0.result -err stderr.txt -i -d  -if test1 -of 0.result -k  -cdmfile  -status files -a
2012-06-06 18:55:11,682-0500 INFO  LateBindingScheduler JobQueue: 0
2012-06-06 18:55:11,695-0500 DEBUG vdl:checkjobstatus START jobid=a1sm10ms-esasmesk
2012-06-06 18:55:11,709-0500 INFO  LateBindingScheduler JobQueue: 0
2012-06-06 18:55:11,716-0500 INFO  vdl:checkjobstatus SUCCESS jobid=a1sm10ms-esasmesk - Success file found
2012-06-06 18:55:11,718-0500 DEBUG vdl:execute2 STAGING_OUT jobid=a1sm10ms-esasmesk
2012-06-06 18:55:11,721-0500 INFO  vdl:dostageout START jobid=a1sm10ms-esasmesk - Staging out files
2012-06-06 18:55:11,723-0500 DEBUG vdl:dostageout stageouts: [[$, c:countfile - Open]]
2012-06-06 18:55:11,743-0500 DEBUG vdl:dostageout FILE_STAGE_OUT_START srcname=2.result srcdir=scott1sm10msB-20120606-1855-odzel3p2/shared/ srchost=localhost destdir= desthost=localhost provider=file
2012-06-06 18:55:11,744-0500 INFO  LateBindingScheduler JobQueue: 0
2012-06-06 18:55:11,753-0500 INFO  LateBindingScheduler JobQueue: 0
2012-06-06 18:55:11,757-0500 DEBUG vdl:dostageout FILE_STAGE_OUT_END srcname=2.result srcdir=scott1sm10msB-20120606-1855-odzel3p2/shared/ srchost=localhost destdir= desthost=localhost provider=file
2012-06-06 18:55:11,761-0500 INFO  LateBindingScheduler JobQueue: 0
2012-06-06 18:55:11,762-0500 INFO  LateBindingScheduler JobQueue: 0
2012-06-06 18:55:11,768-0500 DEBUG vdl:checkjobstatus START jobid=a1sm10ms-gsasmesk
2012-06-06 18:55:11,771-0500 INFO  vdl:dostageout END jobid=a1sm10ms-esasmesk - Staging out finished
2012-06-06 18:55:11,772-0500 INFO  LateBindingScheduler JobQueue: 0
2012-06-06 18:55:11,773-0500 INFO  vdl:checkjobstatus SUCCESS jobid=a1sm10ms-gsasmesk - Success file found
2012-06-06 18:55:11,775-0500 DEBUG vdl:execute2 STAGING_OUT jobid=a1sm10ms-gsasmesk
2012-06-06 18:55:11,777-0500 DEBUG vdl:execute2 JOB_END jobid=a1sm10ms-esasmesk
2012-06-06 18:55:11,779-0500 INFO  vdl:dostageout START jobid=a1sm10ms-gsasmesk - Staging out files
2012-06-06 18:55:11,779-0500 INFO  vdl:execute END_SUCCESS thread=0-1-2-1 tr=a1sm10ms
2012-06-06 18:55:11,780-0500 DEBUG vdl:dostageout stageouts: [[$, c:countfile - Open]]
2012-06-06 18:55:11,781-0500 DEBUG countwords PROCEDURE_END line=5
2012-06-06 18:55:11,784-0500 DEBUG vdl:mains FOREACH_IT_END line=14 thread=0-1-2
2012-06-06 18:55:11,790-0500 DEBUG vdl:dostageout FILE_STAGE_OUT_START srcname=0.result srcdir=scott1sm10msB-20120606-1855-odzel3p2/shared/ srchost=localhost destdir= desthost=localhost provider=file
2012-06-06 18:55:11,792-0500 INFO  LateBindingScheduler JobQueue: 0
2012-06-06 18:55:11,800-0500 INFO  LateBindingScheduler JobQueue: 0
2012-06-06 18:55:11,802-0500 DEBUG vdl:dostageout FILE_STAGE_OUT_END srcname=0.result srcdir=scott1sm10msB-20120606-1855-odzel3p2/shared/ srchost=localhost destdir= desthost=localhost provider=file
2012-06-06 18:55:11,806-0500 INFO  LateBindingScheduler JobQueue: 0
2012-06-06 18:55:11,810-0500 INFO  vdl:dostageout END jobid=a1sm10ms-gsasmesk - Staging out finished
2012-06-06 18:55:11,815-0500 DEBUG vdl:execute2 JOB_END jobid=a1sm10ms-gsasmesk
2012-06-06 18:55:11,817-0500 INFO  vdl:execute END_SUCCESS thread=0-1-0-1 tr=a1sm10ms
2012-06-06 18:55:11,818-0500 DEBUG countwords PROCEDURE_END line=5
2012-06-06 18:55:11,819-0500 DEBUG vdl:mains FOREACH_IT_END line=14 thread=0-1-0
2012-06-06 18:55:11,838-0500 DEBUG vdl:mains Starting cleanups
2012-06-06 18:55:11,839-0500 INFO  vdl:cleanups START cleanups=[[scott1sm10msB-20120606-1855-odzel3p2, localhost]]
2012-06-06 18:55:11,840-0500 INFO  vdl:cleanup START dir=scott1sm10msB-20120606-1855-odzel3p2 host=localhost
2012-06-06 18:55:11,841-0500 DEBUG vdl:cleanup cdmfile 
2012-06-06 18:55:11,843-0500 INFO  GridExec TASK_DEFINITION: Task(type=JOB_SUBMISSION, identity=urn:0-1-1339026909416) is /bin/rm -rf scott1sm10msB-20120606-1855-odzel3p2
2012-06-06 18:55:11,844-0500 INFO  JobSubmissionTaskHandler Submit: in: /var/tmp command: /bin/rm -rf scott1sm10msB-20120606-1855-odzel3p2
2012-06-06 18:55:11,845-0500 INFO  LateBindingScheduler JobQueue: 0
2012-06-06 18:55:11,847-0500 INFO  vdl:cleanup END dir=scott1sm10msB-20120606-1855-odzel3p2 host=localhost
2012-06-06 18:55:11,848-0500 INFO  vdl:cleanups END cleanups=[[scott1sm10msB-20120606-1855-odzel3p2, localhost]]
2012-06-06 18:55:11,848-0500 DEBUG vdl:mains Ending cleanups
2012-06-06 18:55:11,849-0500 INFO  Loader Swift finished with no errors
