2012-06-12 10:27:55,480-0500 DEBUG Loader arguments: [-tc.file, tc.data, -sites.file, 0-throttle-sites.xml, scott8sm1000ms.swift]
2012-06-12 10:27:55,480-0500 DEBUG Loader Max heap: 252248064
2012-06-12 10:27:55,482-0500 DEBUG textfiles BEGIN SWIFTSCRIPT:

type messagefile; 
type countfile; 

app (countfile t) countwords (messagefile f) {   
     a8sm1000ms stdout=@filename(t);
}

string inputNames = "scott3a.sh scott3a.sh scott3a.sh scott3a.sh scott3a.sh scott3a.sh scott3a.sh scott3a.sh scott3a.sh scott3a.sh scott3a.sh scott3a.sh scott3a.sh scott3a.sh scott3a.sh scott3a.sh scott3a.sh scott3a.sh scott3a.sh scott3a.sh scott3a.sh scott3a.sh scott3a.sh scott3a.sh scott3a.sh scott3a.sh scott3a.sh scott3a.sh scott3a.sh scott3a.sh scott3a.sh scott3a.sh scott3a.sh scott3a.sh scott3a.sh scott3a.sh scott3a.sh scott3a.sh scott3a.sh scott3a.sh scott3a.sh scott3a.sh scott3a.sh scott3a.sh scott3a.sh scott3a.sh scott3a.sh scott3a.sh scott3a.sh scott3a.sh scott3a.sh scott3a.sh scott3a.sh scott3a.sh scott3a.sh scott3a.sh scott3a.sh scott3a.sh scott3a.sh scott3a.sh scott3a.sh scott3a.sh scott3a.sh scott3a.sh";

messagefile inputfiles[] <fixed_array_mapper;files=inputNames>;

foreach f,i in inputfiles {
  countfile c <single_file_mapper; file=@strcat(i, ".result")>;
  c = countwords(f);
}


2012-06-12 10:27:55,482-0500 DEBUG textfiles END SWIFTSCRIPT:
2012-06-12 10:27:55,492-0500 DEBUG Loader kmlversion is >239b8550-a5ff-44be-a124-5e7ecd70737d<
2012-06-12 10:27:55,492-0500 DEBUG Loader build version is >239b8550-a5ff-44be-a124-5e7ecd70737d<
2012-06-12 10:27:55,493-0500 DEBUG Loader Recompilation suppressed.
2012-06-12 10:27:55,655-0500 DEBUG Loader setting: sites.file to: 0-throttle-sites.xml
2012-06-12 10:27:55,655-0500 DEBUG Loader setting: tc.file to: tc.data
2012-06-12 10:27:55,655-0500 DEBUG textfiles BEGIN SITES:
<config>

  <pool handle="localhost">
    <filesystem provider="local" />
    <execution provider="local" />
    <workdirectory >/var/tmp</workdirectory>
    <profile namespace="karajan" key="jobThrottle">0</profile>
    <profile namespace="karajan" key="initialScore">10000</profile>
  </pool>

</config>


2012-06-12 10:27:55,655-0500 DEBUG textfiles END SITES:
2012-06-12 10:27:55,659-0500 INFO  VDL2ExecutionContext Stack dump:
Level 1
[iA = 0, iB = 0, bA = false, bB = false]
	vdl:instanceconfig = Swift configuration []
	vdl:operation = run
	swift.home = /usr/local/swift/bin/..
	PATH_SEPARATOR = /


2012-06-12 10:27:56,322-0500 INFO  unknown Using sites file: 0-throttle-sites.xml
2012-06-12 10:27:56,357-0500 INFO  unknown Using tc.data: tc.data
2012-06-12 10:27:56,472-0500 INFO  AbstractScheduler Setting resources to: {localhost=localhost}
2012-06-12 10:27:57,184-0500 INFO  unknown Swift 0.93 swift-r5483 cog-r3339

2012-06-12 10:27:57,185-0500 INFO  unknown RUNID id=run:20120612-1027-e0dp83c7
2012-06-12 10:27:57,271-0500 INFO  SetFieldValue Set: inputNames=scott3a.sh scott3a.sh scott3a.sh scott3a.sh scott3a.sh scott3a.sh scott3a.sh scott3a.sh scott3a.sh scott3a.sh scott3a.sh scott3a.sh scott3a.sh scott3a.sh scott3a.sh scott3a.sh scott3a.sh scott3a.sh scott3a.sh scott3a.sh scott3a.sh scott3a.sh scott3a.sh scott3a.sh scott3a.sh scott3a.sh scott3a.sh scott3a.sh scott3a.sh scott3a.sh scott3a.sh scott3a.sh scott3a.sh scott3a.sh scott3a.sh scott3a.sh scott3a.sh scott3a.sh scott3a.sh scott3a.sh scott3a.sh scott3a.sh scott3a.sh scott3a.sh scott3a.sh scott3a.sh scott3a.sh scott3a.sh scott3a.sh scott3a.sh scott3a.sh scott3a.sh scott3a.sh scott3a.sh scott3a.sh scott3a.sh scott3a.sh scott3a.sh scott3a.sh scott3a.sh scott3a.sh scott3a.sh scott3a.sh scott3a.sh
2012-06-12 10:27:57,282-0500 INFO  RootDataNode Found data inputfiles:messagefile[] - Open.[0]
2012-06-12 10:27:57,282-0500 INFO  RootDataNode Found data inputfiles:messagefile[] - Open.[1]
2012-06-12 10:27:57,282-0500 INFO  RootDataNode Found data inputfiles:messagefile[] - Open.[2]
2012-06-12 10:27:57,282-0500 INFO  RootDataNode Found data inputfiles:messagefile[] - Open.[3]
2012-06-12 10:27:57,283-0500 INFO  RootDataNode Found data inputfiles:messagefile[] - Open.[4]
2012-06-12 10:27:57,283-0500 INFO  RootDataNode Found data inputfiles:messagefile[] - Open.[5]
2012-06-12 10:27:57,283-0500 INFO  RootDataNode Found data inputfiles:messagefile[] - Open.[6]
2012-06-12 10:27:57,283-0500 INFO  RootDataNode Found data inputfiles:messagefile[] - Open.[7]
2012-06-12 10:27:57,283-0500 INFO  RootDataNode Found data inputfiles:messagefile[] - Open.[8]
2012-06-12 10:27:57,283-0500 INFO  RootDataNode Found data inputfiles:messagefile[] - Open.[9]
2012-06-12 10:27:57,283-0500 INFO  RootDataNode Found data inputfiles:messagefile[] - Open.[10]
2012-06-12 10:27:57,284-0500 INFO  RootDataNode Found data inputfiles:messagefile[] - Open.[11]
2012-06-12 10:27:57,284-0500 INFO  RootDataNode Found data inputfiles:messagefile[] - Open.[12]
2012-06-12 10:27:57,284-0500 INFO  RootDataNode Found data inputfiles:messagefile[] - Open.[13]
2012-06-12 10:27:57,284-0500 INFO  RootDataNode Found data inputfiles:messagefile[] - Open.[14]
2012-06-12 10:27:57,284-0500 INFO  RootDataNode Found data inputfiles:messagefile[] - Open.[15]
2012-06-12 10:27:57,284-0500 INFO  RootDataNode Found data inputfiles:messagefile[] - Open.[16]
2012-06-12 10:27:57,284-0500 INFO  RootDataNode Found data inputfiles:messagefile[] - Open.[17]
2012-06-12 10:27:57,285-0500 INFO  RootDataNode Found data inputfiles:messagefile[] - Open.[18]
2012-06-12 10:27:57,285-0500 INFO  RootDataNode Found data inputfiles:messagefile[] - Open.[19]
2012-06-12 10:27:57,285-0500 INFO  RootDataNode Found data inputfiles:messagefile[] - Open.[20]
2012-06-12 10:27:57,285-0500 INFO  RootDataNode Found data inputfiles:messagefile[] - Open.[21]
2012-06-12 10:27:57,285-0500 INFO  RootDataNode Found data inputfiles:messagefile[] - Open.[22]
2012-06-12 10:27:57,285-0500 INFO  RootDataNode Found data inputfiles:messagefile[] - Open.[23]
2012-06-12 10:27:57,285-0500 INFO  RootDataNode Found data inputfiles:messagefile[] - Open.[24]
2012-06-12 10:27:57,286-0500 INFO  RootDataNode Found data inputfiles:messagefile[] - Open.[25]
2012-06-12 10:27:57,286-0500 INFO  RootDataNode Found data inputfiles:messagefile[] - Open.[26]
2012-06-12 10:27:57,286-0500 INFO  RootDataNode Found data inputfiles:messagefile[] - Open.[27]
2012-06-12 10:27:57,286-0500 INFO  RootDataNode Found data inputfiles:messagefile[] - Open.[28]
2012-06-12 10:27:57,286-0500 INFO  RootDataNode Found data inputfiles:messagefile[] - Open.[29]
2012-06-12 10:27:57,286-0500 INFO  RootDataNode Found data inputfiles:messagefile[] - Open.[30]
2012-06-12 10:27:57,286-0500 INFO  RootDataNode Found data inputfiles:messagefile[] - Open.[31]
2012-06-12 10:27:57,287-0500 INFO  RootDataNode Found data inputfiles:messagefile[] - Open.[32]
2012-06-12 10:27:57,287-0500 INFO  RootDataNode Found data inputfiles:messagefile[] - Open.[33]
2012-06-12 10:27:57,287-0500 INFO  RootDataNode Found data inputfiles:messagefile[] - Open.[34]
2012-06-12 10:27:57,287-0500 INFO  RootDataNode Found data inputfiles:messagefile[] - Open.[35]
2012-06-12 10:27:57,287-0500 INFO  RootDataNode Found data inputfiles:messagefile[] - Open.[36]
2012-06-12 10:27:57,287-0500 INFO  RootDataNode Found data inputfiles:messagefile[] - Open.[37]
2012-06-12 10:27:57,287-0500 INFO  RootDataNode Found data inputfiles:messagefile[] - Open.[38]
2012-06-12 10:27:57,288-0500 INFO  RootDataNode Found data inputfiles:messagefile[] - Open.[39]
2012-06-12 10:27:57,288-0500 INFO  RootDataNode Found data inputfiles:messagefile[] - Open.[40]
2012-06-12 10:27:57,288-0500 INFO  RootDataNode Found data inputfiles:messagefile[] - Open.[41]
2012-06-12 10:27:57,288-0500 INFO  RootDataNode Found data inputfiles:messagefile[] - Open.[42]
2012-06-12 10:27:57,288-0500 INFO  RootDataNode Found data inputfiles:messagefile[] - Open.[43]
2012-06-12 10:27:57,288-0500 INFO  RootDataNode Found data inputfiles:messagefile[] - Open.[44]
2012-06-12 10:27:57,288-0500 INFO  RootDataNode Found data inputfiles:messagefile[] - Open.[45]
2012-06-12 10:27:57,288-0500 INFO  RootDataNode Found data inputfiles:messagefile[] - Open.[46]
2012-06-12 10:27:57,289-0500 INFO  RootDataNode Found data inputfiles:messagefile[] - Open.[47]
2012-06-12 10:27:57,289-0500 INFO  RootDataNode Found data inputfiles:messagefile[] - Open.[48]
2012-06-12 10:27:57,289-0500 INFO  RootDataNode Found data inputfiles:messagefile[] - Open.[49]
2012-06-12 10:27:57,289-0500 INFO  RootDataNode Found data inputfiles:messagefile[] - Open.[50]
2012-06-12 10:27:57,289-0500 INFO  RootDataNode Found data inputfiles:messagefile[] - Open.[51]
2012-06-12 10:27:57,289-0500 INFO  RootDataNode Found data inputfiles:messagefile[] - Open.[52]
2012-06-12 10:27:57,289-0500 INFO  RootDataNode Found data inputfiles:messagefile[] - Open.[53]
2012-06-12 10:27:57,289-0500 INFO  RootDataNode Found data inputfiles:messagefile[] - Open.[54]
2012-06-12 10:27:57,289-0500 INFO  RootDataNode Found data inputfiles:messagefile[] - Open.[55]
2012-06-12 10:27:57,290-0500 INFO  RootDataNode Found data inputfiles:messagefile[] - Open.[56]
2012-06-12 10:27:57,290-0500 INFO  RootDataNode Found data inputfiles:messagefile[] - Open.[57]
2012-06-12 10:27:57,290-0500 INFO  RootDataNode Found data inputfiles:messagefile[] - Open.[58]
2012-06-12 10:27:57,290-0500 INFO  RootDataNode Found data inputfiles:messagefile[] - Open.[59]
2012-06-12 10:27:57,290-0500 INFO  RootDataNode Found data inputfiles:messagefile[] - Open.[60]
2012-06-12 10:27:57,290-0500 INFO  RootDataNode Found data inputfiles:messagefile[] - Open.[61]
2012-06-12 10:27:57,290-0500 INFO  RootDataNode Found data inputfiles:messagefile[] - Open.[62]
2012-06-12 10:27:57,290-0500 INFO  RootDataNode Found data inputfiles:messagefile[] - Open.[63]
2012-06-12 10:27:57,295-0500 DEBUG vdl:mains FOREACH_IT_START line=13 thread=0-1-2
2012-06-12 10:27:57,295-0500 DEBUG vdl:mains SCOPE thread=0-1-2
2012-06-12 10:27:57,295-0500 DEBUG vdl:mains FOREACH_IT_START line=13 thread=0-1-1
2012-06-12 10:27:57,295-0500 DEBUG vdl:mains FOREACH_IT_START line=13 thread=0-1-4
2012-06-12 10:27:57,295-0500 DEBUG vdl:mains FOREACH_IT_START line=13 thread=0-1-0
2012-06-12 10:27:57,296-0500 DEBUG vdl:mains SCOPE thread=0-1-1
2012-06-12 10:27:57,295-0500 DEBUG vdl:mains FOREACH_IT_START line=13 thread=0-1-3
2012-06-12 10:27:57,299-0500 DEBUG vdl:mains SCOPE thread=0-1-4
2012-06-12 10:27:57,300-0500 DEBUG vdl:mains SCOPE thread=0-1-0
2012-06-12 10:27:57,302-0500 DEBUG vdl:mains SCOPE thread=0-1-3
2012-06-12 10:27:57,303-0500 DEBUG vdl:mains FOREACH_IT_START line=13 thread=0-1-5
2012-06-12 10:27:57,304-0500 DEBUG vdl:mains FOREACH_IT_START line=13 thread=0-1-12
2012-06-12 10:27:57,304-0500 DEBUG vdl:mains FOREACH_IT_START line=13 thread=0-1-8
2012-06-12 10:27:57,305-0500 DEBUG vdl:mains FOREACH_IT_START line=13 thread=0-1-10
2012-06-12 10:27:57,307-0500 DEBUG vdl:mains FOREACH_IT_START line=13 thread=0-1-19
2012-06-12 10:27:57,307-0500 DEBUG vdl:mains FOREACH_IT_START line=13 thread=0-1-20
2012-06-12 10:27:57,308-0500 DEBUG vdl:mains FOREACH_IT_START line=13 thread=0-1-6
2012-06-12 10:27:57,308-0500 DEBUG vdl:mains FOREACH_IT_START line=13 thread=0-1-11
2012-06-12 10:27:57,308-0500 DEBUG vdl:mains FOREACH_IT_START line=13 thread=0-1-26
2012-06-12 10:27:57,309-0500 DEBUG vdl:mains FOREACH_IT_START line=13 thread=0-1-23
2012-06-12 10:27:57,309-0500 DEBUG vdl:mains FOREACH_IT_START line=13 thread=0-1-25
2012-06-12 10:27:57,306-0500 DEBUG vdl:mains FOREACH_IT_START line=13 thread=0-1-17
2012-06-12 10:27:57,306-0500 DEBUG vdl:mains FOREACH_IT_START line=13 thread=0-1-13
2012-06-12 10:27:57,306-0500 DEBUG vdl:mains FOREACH_IT_START line=13 thread=0-1-18
2012-06-12 10:27:57,306-0500 DEBUG vdl:mains FOREACH_IT_START line=13 thread=0-1-15
2012-06-12 10:27:57,306-0500 DEBUG vdl:mains FOREACH_IT_START line=13 thread=0-1-16
2012-06-12 10:27:57,310-0500 DEBUG vdl:mains FOREACH_IT_START line=13 thread=0-1-48
2012-06-12 10:27:57,305-0500 DEBUG vdl:mains FOREACH_IT_START line=13 thread=0-1-14
2012-06-12 10:27:57,311-0500 DEBUG vdl:mains FOREACH_IT_START line=13 thread=0-1-41
2012-06-12 10:27:57,310-0500 DEBUG vdl:mains FOREACH_IT_START line=13 thread=0-1-43
2012-06-12 10:27:57,310-0500 DEBUG vdl:mains FOREACH_IT_START line=13 thread=0-1-35
2012-06-12 10:27:57,311-0500 DEBUG vdl:mains FOREACH_IT_START line=13 thread=0-1-21
2012-06-12 10:27:57,310-0500 DEBUG vdl:mains FOREACH_IT_START line=13 thread=0-1-38
2012-06-12 10:27:57,311-0500 DEBUG vdl:mains FOREACH_IT_START line=13 thread=0-1-42
2012-06-12 10:27:57,309-0500 DEBUG vdl:mains FOREACH_IT_START line=13 thread=0-1-34
2012-06-12 10:27:57,309-0500 DEBUG vdl:mains FOREACH_IT_START line=13 thread=0-1-32
2012-06-12 10:27:57,309-0500 DEBUG vdl:mains FOREACH_IT_START line=13 thread=0-1-28
2012-06-12 10:27:57,309-0500 DEBUG vdl:mains FOREACH_IT_START line=13 thread=0-1-30
2012-06-12 10:27:57,312-0500 DEBUG vdl:mains FOREACH_IT_START line=13 thread=0-1-55
2012-06-12 10:27:57,309-0500 DEBUG vdl:mains FOREACH_IT_START line=13 thread=0-1-9
2012-06-12 10:27:57,312-0500 DEBUG vdl:mains FOREACH_IT_START line=13 thread=0-1-29
2012-06-12 10:27:57,313-0500 DEBUG vdl:mains FOREACH_IT_START line=13 thread=0-1-39
2012-06-12 10:27:57,312-0500 DEBUG vdl:mains FOREACH_IT_START line=13 thread=0-1-53
2012-06-12 10:27:57,312-0500 DEBUG vdl:mains FOREACH_IT_START line=13 thread=0-1-50
2012-06-12 10:27:57,312-0500 DEBUG vdl:mains FOREACH_IT_START line=13 thread=0-1-24
2012-06-12 10:27:57,312-0500 DEBUG vdl:mains FOREACH_IT_START line=13 thread=0-1-51
2012-06-12 10:27:57,311-0500 DEBUG vdl:mains FOREACH_IT_START line=13 thread=0-1-27
2012-06-12 10:27:57,311-0500 DEBUG vdl:mains SCOPE thread=0-1-5
2012-06-12 10:27:57,311-0500 DEBUG vdl:mains FOREACH_IT_START line=13 thread=0-1-44
2012-06-12 10:27:57,311-0500 DEBUG vdl:mains FOREACH_IT_START line=13 thread=0-1-45
2012-06-12 10:27:57,314-0500 DEBUG vdl:mains FOREACH_IT_START line=13 thread=0-1-62
2012-06-12 10:27:57,311-0500 DEBUG vdl:mains FOREACH_IT_START line=13 thread=0-1-36
2012-06-12 10:27:57,314-0500 DEBUG vdl:mains FOREACH_IT_START line=13 thread=0-1-46
2012-06-12 10:27:57,314-0500 DEBUG vdl:mains FOREACH_IT_START line=13 thread=0-1-40
2012-06-12 10:27:57,314-0500 DEBUG vdl:mains SCOPE thread=0-1-12
2012-06-12 10:27:57,314-0500 DEBUG vdl:mains FOREACH_IT_START line=13 thread=0-1-59
2012-06-12 10:27:57,313-0500 DEBUG vdl:mains FOREACH_IT_START line=13 thread=0-1-61
2012-06-12 10:27:57,315-0500 DEBUG vdl:mains FOREACH_IT_START line=13 thread=0-1-22
2012-06-12 10:27:57,313-0500 DEBUG vdl:mains FOREACH_IT_START line=13 thread=0-1-60
2012-06-12 10:27:57,313-0500 DEBUG vdl:mains FOREACH_IT_START line=13 thread=0-1-63
2012-06-12 10:27:57,313-0500 DEBUG vdl:mains FOREACH_IT_START line=13 thread=0-1-58
2012-06-12 10:27:57,313-0500 DEBUG vdl:mains FOREACH_IT_START line=13 thread=0-1-56
2012-06-12 10:27:57,312-0500 DEBUG vdl:mains FOREACH_IT_START line=13 thread=0-1-57
2012-06-12 10:27:57,316-0500 DEBUG vdl:mains FOREACH_IT_START line=13 thread=0-1-7
2012-06-12 10:27:57,316-0500 DEBUG vdl:mains SCOPE thread=0-1-20
2012-06-12 10:27:57,316-0500 DEBUG vdl:mains SCOPE thread=0-1-19
2012-06-12 10:27:57,316-0500 DEBUG vdl:mains FOREACH_IT_START line=13 thread=0-1-49
2012-06-12 10:27:57,315-0500 DEBUG vdl:mains SCOPE thread=0-1-10
2012-06-12 10:27:57,315-0500 DEBUG vdl:mains FOREACH_IT_START line=13 thread=0-1-54
2012-06-12 10:27:57,315-0500 DEBUG vdl:mains FOREACH_IT_START line=13 thread=0-1-33
2012-06-12 10:27:57,315-0500 DEBUG vdl:mains FOREACH_IT_START line=13 thread=0-1-47
2012-06-12 10:27:57,315-0500 DEBUG vdl:mains SCOPE thread=0-1-8
2012-06-12 10:27:57,314-0500 DEBUG vdl:mains FOREACH_IT_START line=13 thread=0-1-37
2012-06-12 10:27:57,318-0500 DEBUG vdl:mains FOREACH_IT_START line=13 thread=0-1-52
2012-06-12 10:27:57,318-0500 DEBUG vdl:mains SCOPE thread=0-1-15
2012-06-12 10:27:57,317-0500 DEBUG vdl:mains SCOPE thread=0-1-18
2012-06-12 10:27:57,317-0500 DEBUG vdl:mains SCOPE thread=0-1-13
2012-06-12 10:27:57,317-0500 DEBUG vdl:mains SCOPE thread=0-1-17
2012-06-12 10:27:57,317-0500 DEBUG vdl:mains FOREACH_IT_START line=13 thread=0-1-31
2012-06-12 10:27:57,317-0500 DEBUG vdl:mains SCOPE thread=0-1-25
2012-06-12 10:27:57,317-0500 DEBUG vdl:mains SCOPE thread=0-1-23
2012-06-12 10:27:57,316-0500 DEBUG vdl:mains SCOPE thread=0-1-26
2012-06-12 10:27:57,316-0500 DEBUG vdl:mains SCOPE thread=0-1-11
2012-06-12 10:27:57,316-0500 DEBUG vdl:mains SCOPE thread=0-1-6
2012-06-12 10:27:57,320-0500 DEBUG vdl:mains SCOPE thread=0-1-32
2012-06-12 10:27:57,319-0500 DEBUG vdl:mains SCOPE thread=0-1-42
2012-06-12 10:27:57,319-0500 DEBUG vdl:mains SCOPE thread=0-1-34
2012-06-12 10:27:57,319-0500 DEBUG vdl:mains SCOPE thread=0-1-38
2012-06-12 10:27:57,319-0500 DEBUG vdl:mains SCOPE thread=0-1-21
2012-06-12 10:27:57,319-0500 DEBUG vdl:mains SCOPE thread=0-1-35
2012-06-12 10:27:57,319-0500 DEBUG vdl:mains SCOPE thread=0-1-41
2012-06-12 10:27:57,319-0500 DEBUG vdl:mains SCOPE thread=0-1-43
2012-06-12 10:27:57,318-0500 DEBUG vdl:mains SCOPE thread=0-1-14
2012-06-12 10:27:57,318-0500 DEBUG vdl:mains SCOPE thread=0-1-48
2012-06-12 10:27:57,318-0500 DEBUG vdl:mains SCOPE thread=0-1-16
2012-06-12 10:27:57,321-0500 DEBUG vdl:mains SCOPE thread=0-1-51
2012-06-12 10:27:57,321-0500 DEBUG vdl:mains SCOPE thread=0-1-24
2012-06-12 10:27:57,321-0500 DEBUG vdl:mains SCOPE thread=0-1-50
2012-06-12 10:27:57,321-0500 DEBUG vdl:mains SCOPE thread=0-1-53
2012-06-12 10:27:57,321-0500 DEBUG vdl:mains SCOPE thread=0-1-39
2012-06-12 10:27:57,320-0500 DEBUG vdl:mains SCOPE thread=0-1-29
2012-06-12 10:27:57,320-0500 DEBUG vdl:mains SCOPE thread=0-1-55
2012-06-12 10:27:57,320-0500 DEBUG vdl:mains SCOPE thread=0-1-9
2012-06-12 10:27:57,320-0500 DEBUG vdl:mains SCOPE thread=0-1-30
2012-06-12 10:27:57,320-0500 DEBUG vdl:mains SCOPE thread=0-1-28
2012-06-12 10:27:57,323-0500 DEBUG vdl:mains SCOPE thread=0-1-61
2012-06-12 10:27:57,323-0500 DEBUG vdl:mains SCOPE thread=0-1-59
2012-06-12 10:27:57,324-0500 DEBUG vdl:mains SCOPE thread=0-1-60
2012-06-12 10:27:57,323-0500 DEBUG vdl:mains SCOPE thread=0-1-40
2012-06-12 10:27:57,323-0500 DEBUG vdl:mains SCOPE thread=0-1-46
2012-06-12 10:27:57,322-0500 DEBUG vdl:mains SCOPE thread=0-1-36
2012-06-12 10:27:57,322-0500 DEBUG vdl:mains SCOPE thread=0-1-62
2012-06-12 10:27:57,322-0500 DEBUG vdl:mains SCOPE thread=0-1-45
2012-06-12 10:27:57,324-0500 DEBUG vdl:mains SCOPE thread=0-1-7
2012-06-12 10:27:57,322-0500 DEBUG vdl:mains SCOPE thread=0-1-44
2012-06-12 10:27:57,325-0500 DEBUG vdl:mains SCOPE thread=0-1-54
2012-06-12 10:27:57,322-0500 DEBUG vdl:mains SCOPE thread=0-1-27
2012-06-12 10:27:57,325-0500 DEBUG vdl:mains SCOPE thread=0-1-47
2012-06-12 10:27:57,325-0500 DEBUG vdl:mains SCOPE thread=0-1-33
2012-06-12 10:27:57,325-0500 DEBUG vdl:mains SCOPE thread=0-1-49
2012-06-12 10:27:57,324-0500 DEBUG vdl:mains SCOPE thread=0-1-57
2012-06-12 10:27:57,324-0500 DEBUG vdl:mains SCOPE thread=0-1-56
2012-06-12 10:27:57,324-0500 DEBUG vdl:mains SCOPE thread=0-1-58
2012-06-12 10:27:57,324-0500 DEBUG vdl:mains SCOPE thread=0-1-63
2012-06-12 10:27:57,323-0500 DEBUG vdl:mains SCOPE thread=0-1-22
2012-06-12 10:27:57,325-0500 DEBUG vdl:mains SCOPE thread=0-1-31
2012-06-12 10:27:57,325-0500 DEBUG vdl:mains SCOPE thread=0-1-52
2012-06-12 10:27:57,325-0500 DEBUG vdl:mains SCOPE thread=0-1-37
2012-06-12 10:27:57,363-0500 INFO  SetFieldValue Set: swift#mapper#17001=2.result
2012-06-12 10:27:57,363-0500 INFO  SetFieldValue Set: swift#mapper#17001=4.result
2012-06-12 10:27:57,365-0500 INFO  SetFieldValue Set: swift#mapper#17001=1.result
2012-06-12 10:27:57,367-0500 INFO  RootDataNode Found mapped data c:countfile - Open.$
2012-06-12 10:27:57,368-0500 INFO  RootDataNode Found mapped data c:countfile - Open.$
2012-06-12 10:27:57,368-0500 INFO  RootDataNode Found mapped data c:countfile - Open.$
2012-06-12 10:27:57,369-0500 INFO  SetFieldValue Set: swift#mapper#17001=20.result
2012-06-12 10:27:57,371-0500 INFO  SetFieldValue Set: swift#mapper#17001=5.result
2012-06-12 10:27:57,371-0500 INFO  RootDataNode Found mapped data c:countfile - Open.$
2012-06-12 10:27:57,372-0500 INFO  SetFieldValue Set: swift#mapper#17001=12.result
2012-06-12 10:27:57,373-0500 INFO  SetFieldValue Set: swift#mapper#17001=53.result
2012-06-12 10:27:57,373-0500 INFO  SetFieldValue Set: swift#mapper#17001=19.result
2012-06-12 10:27:57,373-0500 INFO  RootDataNode Found mapped data c:countfile - Open.$
2012-06-12 10:27:57,374-0500 INFO  SetFieldValue Set: swift#mapper#17001=51.result
2012-06-12 10:27:57,374-0500 INFO  SetFieldValue Set: swift#mapper#17001=8.result
2012-06-12 10:27:57,374-0500 INFO  SetFieldValue Set: swift#mapper#17001=17.result
2012-06-12 10:27:57,375-0500 INFO  SetFieldValue Set: swift#mapper#17001=6.result
2012-06-12 10:27:57,375-0500 INFO  SetFieldValue Set: swift#mapper#17001=46.result
2012-06-12 10:27:57,375-0500 INFO  SetFieldValue Set: swift#mapper#17001=23.result
2012-06-12 10:27:57,375-0500 INFO  SetFieldValue Set: swift#mapper#17001=54.result
2012-06-12 10:27:57,373-0500 INFO  SetFieldValue Set: swift#mapper#17001=43.result
2012-06-12 10:27:57,375-0500 INFO  RootDataNode Found mapped data c:countfile - Open.$
2012-06-12 10:27:57,375-0500 INFO  SetFieldValue Set: swift#mapper#17001=38.result
2012-06-12 10:27:57,375-0500 INFO  RootDataNode Found mapped data c:countfile - Open.$
2012-06-12 10:27:57,376-0500 INFO  RootDataNode Found mapped data c:countfile - Open.$
2012-06-12 10:27:57,375-0500 INFO  SetFieldValue Set: swift#mapper#17001=15.result
2012-06-12 10:27:57,376-0500 INFO  SetFieldValue Set: swift#mapper#17001=14.result
2012-06-12 10:27:57,374-0500 INFO  RootDataNode Found mapped data c:countfile - Open.$
2012-06-12 10:27:57,374-0500 INFO  SetFieldValue Set: swift#mapper#17001=0.result
2012-06-12 10:27:57,377-0500 INFO  SetFieldValue Set: swift#mapper#17001=29.result
2012-06-12 10:27:57,377-0500 INFO  SetFieldValue Set: swift#mapper#17001=42.result
2012-06-12 10:27:57,377-0500 INFO  RootDataNode Found mapped data c:countfile - Open.$
2012-06-12 10:27:57,377-0500 INFO  SetFieldValue Set: swift#mapper#17001=36.result
2012-06-12 10:27:57,377-0500 INFO  SetFieldValue Set: swift#mapper#17001=26.result
2012-06-12 10:27:57,373-0500 INFO  SetFieldValue Set: swift#mapper#17001=9.result
2012-06-12 10:27:57,373-0500 INFO  SetFieldValue Set: swift#mapper#17001=11.result
2012-06-12 10:27:57,378-0500 INFO  SetFieldValue Set: swift#mapper#17001=33.result
2012-06-12 10:27:57,378-0500 INFO  RootDataNode Found mapped data c:countfile - Open.$
2012-06-12 10:27:57,377-0500 INFO  RootDataNode Found mapped data c:countfile - Open.$
2012-06-12 10:27:57,377-0500 INFO  SetFieldValue Set: swift#mapper#17001=40.result
2012-06-12 10:27:57,377-0500 INFO  RootDataNode Found mapped data c:countfile - Open.$
2012-06-12 10:27:57,377-0500 INFO  RootDataNode Found mapped data c:countfile - Open.$
2012-06-12 10:27:57,379-0500 INFO  SetFieldValue Set: swift#mapper#17001=48.result
2012-06-12 10:27:57,377-0500 INFO  SetFieldValue Set: swift#mapper#17001=35.result
2012-06-12 10:27:57,379-0500 INFO  SetFieldValue Set: swift#mapper#17001=59.result
2012-06-12 10:27:57,379-0500 INFO  RootDataNode Found mapped data c:countfile - Open.$
2012-06-12 10:27:57,379-0500 INFO  SetFieldValue Set: swift#mapper#17001=24.result
2012-06-12 10:27:57,379-0500 INFO  SetFieldValue Set: swift#mapper#17001=34.result
2012-06-12 10:27:57,380-0500 INFO  SetFieldValue Set: swift#mapper#17001=22.result
2012-06-12 10:27:57,376-0500 INFO  SetFieldValue Set: swift#mapper#17001=10.result
2012-06-12 10:27:57,376-0500 INFO  RootDataNode Found mapped data c:countfile - Open.$
2012-06-12 10:27:57,380-0500 INFO  RootDataNode Found mapped data c:countfile - Open.$
2012-06-12 10:27:57,380-0500 INFO  SetFieldValue Set: swift#mapper#17001=58.result
2012-06-12 10:27:57,380-0500 INFO  RootDataNode Found mapped data c:countfile - Open.$
2012-06-12 10:27:57,380-0500 INFO  SetFieldValue Set: swift#mapper#17001=7.result
2012-06-12 10:27:57,380-0500 INFO  RootDataNode Found mapped data c:countfile - Open.$
2012-06-12 10:27:57,381-0500 INFO  SetFieldValue Set: swift#mapper#17001=61.result
2012-06-12 10:27:57,376-0500 INFO  RootDataNode Found mapped data c:countfile - Open.$
2012-06-12 10:27:57,381-0500 INFO  RootDataNode Found mapped data c:countfile - Open.$
2012-06-12 10:27:57,381-0500 INFO  RootDataNode Found mapped data c:countfile - Open.$
2012-06-12 10:27:57,381-0500 INFO  SetFieldValue Set: swift#mapper#17001=25.result
2012-06-12 10:27:57,381-0500 INFO  RootDataNode Found mapped data c:countfile - Open.$
2012-06-12 10:27:57,380-0500 INFO  RootDataNode Found mapped data c:countfile - Open.$
2012-06-12 10:27:57,379-0500 INFO  RootDataNode Found mapped data c:countfile - Open.$
2012-06-12 10:27:57,379-0500 INFO  SetFieldValue Set: swift#mapper#17001=50.result
2012-06-12 10:27:57,378-0500 INFO  SetFieldValue Set: swift#mapper#17001=55.result
2012-06-12 10:27:57,378-0500 INFO  RootDataNode Found mapped data c:countfile - Open.$
2012-06-12 10:27:57,382-0500 INFO  RootDataNode Found mapped data c:countfile - Open.$
2012-06-12 10:27:57,382-0500 INFO  SetFieldValue Set: swift#mapper#17001=16.result
2012-06-12 10:27:57,382-0500 INFO  RootDataNode Found mapped data c:countfile - Open.$
2012-06-12 10:27:57,382-0500 INFO  SetFieldValue Set: swift#mapper#17001=44.result
2012-06-12 10:27:57,383-0500 INFO  SetFieldValue Set: swift#mapper#17001=28.result
2012-06-12 10:27:57,383-0500 INFO  RootDataNode Found mapped data c:countfile - Open.$
2012-06-12 10:27:57,383-0500 INFO  RootDataNode Found mapped data c:countfile - Open.$
2012-06-12 10:27:57,384-0500 INFO  RootDataNode Found mapped data c:countfile - Open.$
2012-06-12 10:27:57,384-0500 INFO  RootDataNode Found mapped data c:countfile - Open.$
2012-06-12 10:27:57,385-0500 INFO  RootDataNode Found mapped data c:countfile - Open.$
2012-06-12 10:27:57,385-0500 INFO  SetFieldValue Set: swift#mapper#17001=62.result
2012-06-12 10:27:57,385-0500 INFO  RootDataNode Found mapped data c:countfile - Open.$
2012-06-12 10:27:57,385-0500 INFO  RootDataNode Found mapped data c:countfile - Open.$
2012-06-12 10:27:57,386-0500 INFO  RootDataNode Found mapped data c:countfile - Open.$
2012-06-12 10:27:57,386-0500 INFO  RootDataNode Found mapped data c:countfile - Open.$
2012-06-12 10:27:57,386-0500 INFO  SetFieldValue Set: swift#mapper#17001=45.result
2012-06-12 10:27:57,386-0500 INFO  RootDataNode Found mapped data c:countfile - Open.$
2012-06-12 10:27:57,387-0500 INFO  SetFieldValue Set: swift#mapper#17001=32.result
2012-06-12 10:27:57,387-0500 INFO  RootDataNode Found mapped data c:countfile - Open.$
2012-06-12 10:27:57,387-0500 INFO  RootDataNode Found mapped data c:countfile - Open.$
2012-06-12 10:27:57,387-0500 INFO  SetFieldValue Set: swift#mapper#17001=52.result
2012-06-12 10:27:57,388-0500 INFO  RootDataNode Found mapped data c:countfile - Open.$
2012-06-12 10:27:57,388-0500 INFO  SetFieldValue Set: swift#mapper#17001=13.result
2012-06-12 10:27:57,389-0500 INFO  SetFieldValue Set: swift#mapper#17001=37.result
2012-06-12 10:27:57,389-0500 INFO  RootDataNode Found mapped data c:countfile - Open.$
2012-06-12 10:27:57,390-0500 INFO  RootDataNode Found mapped data c:countfile - Open.$
2012-06-12 10:27:57,390-0500 INFO  RootDataNode Found mapped data c:countfile - Open.$
2012-06-12 10:27:57,391-0500 INFO  RootDataNode Found mapped data c:countfile - Open.$
2012-06-12 10:27:57,391-0500 INFO  RootDataNode Found mapped data c:countfile - Open.$
2012-06-12 10:27:57,378-0500 INFO  SetFieldValue Set: swift#mapper#17001=21.result
2012-06-12 10:27:57,378-0500 INFO  SetFieldValue Set: swift#mapper#17001=39.result
2012-06-12 10:27:57,382-0500 INFO  SetFieldValue Set: swift#mapper#17001=27.result
2012-06-12 10:27:57,382-0500 INFO  RootDataNode Found mapped data c:countfile - Open.$
2012-06-12 10:27:57,382-0500 INFO  SetFieldValue Set: swift#mapper#17001=47.result
2012-06-12 10:27:57,393-0500 INFO  SetFieldValue Set: swift#mapper#17001=56.result
2012-06-12 10:27:57,393-0500 INFO  RootDataNode Found mapped data c:countfile - Open.$
2012-06-12 10:27:57,382-0500 INFO  SetFieldValue Set: swift#mapper#17001=30.result
2012-06-12 10:27:57,381-0500 INFO  SetFieldValue Set: swift#mapper#17001=49.result
2012-06-12 10:27:57,381-0500 INFO  RootDataNode Found mapped data c:countfile - Open.$
2012-06-12 10:27:57,381-0500 INFO  SetFieldValue Set: swift#mapper#17001=18.result
2012-06-12 10:27:57,381-0500 INFO  SetFieldValue Set: swift#mapper#17001=3.result
2012-06-12 10:27:57,381-0500 INFO  RootDataNode Found mapped data c:countfile - Open.$
2012-06-12 10:27:57,394-0500 INFO  RootDataNode Found mapped data c:countfile - Open.$
2012-06-12 10:27:57,394-0500 INFO  RootDataNode Found mapped data c:countfile - Open.$
2012-06-12 10:27:57,393-0500 INFO  RootDataNode Found mapped data c:countfile - Open.$
2012-06-12 10:27:57,393-0500 INFO  RootDataNode Found mapped data c:countfile - Open.$
2012-06-12 10:27:57,395-0500 INFO  RootDataNode Found mapped data c:countfile - Open.$
2012-06-12 10:27:57,396-0500 DEBUG countwords PROCEDURE line=5 thread=0-1-4-1 name=countwords
2012-06-12 10:27:57,393-0500 INFO  SetFieldValue Set: swift#mapper#17001=41.result
2012-06-12 10:27:57,396-0500 DEBUG countwords PROCEDURE line=5 thread=0-1-2-1 name=countwords
2012-06-12 10:27:57,397-0500 DEBUG countwords PROCEDURE line=5 thread=0-1-8-1 name=countwords
2012-06-12 10:27:57,397-0500 INFO  SetFieldValue Set: swift#mapper#17001=31.result
2012-06-12 10:27:57,397-0500 DEBUG countwords PROCEDURE line=5 thread=0-1-53-1 name=countwords
2012-06-12 10:27:57,393-0500 INFO  SetFieldValue Set: swift#mapper#17001=63.result
2012-06-12 10:27:57,393-0500 INFO  SetFieldValue Set: swift#mapper#17001=60.result
2012-06-12 10:27:57,392-0500 INFO  SetFieldValue Set: swift#mapper#17001=57.result
2012-06-12 10:27:57,392-0500 INFO  RootDataNode Found mapped data c:countfile - Open.$
2012-06-12 10:27:57,398-0500 DEBUG countwords PROCEDURE line=5 thread=0-1-9-1 name=countwords
2012-06-12 10:27:57,398-0500 DEBUG countwords PROCEDURE line=5 thread=0-1-19-1 name=countwords
2012-06-12 10:27:57,397-0500 DEBUG countwords PROCEDURE line=5 thread=0-1-20-1 name=countwords
2012-06-12 10:27:57,397-0500 DEBUG countwords PROCEDURE line=5 thread=0-1-5-1 name=countwords
2012-06-12 10:27:57,397-0500 DEBUG countwords PROCEDURE line=5 thread=0-1-43-1 name=countwords
2012-06-12 10:27:57,397-0500 DEBUG countwords PROCEDURE line=5 thread=0-1-0-1 name=countwords
2012-06-12 10:27:57,398-0500 DEBUG countwords PROCEDURE line=5 thread=0-1-15-1 name=countwords
2012-06-12 10:27:57,396-0500 DEBUG countwords PROCEDURE line=5 thread=0-1-1-1 name=countwords
2012-06-12 10:27:57,399-0500 DEBUG countwords PROCEDURE line=5 thread=0-1-46-1 name=countwords
2012-06-12 10:27:57,399-0500 DEBUG countwords PROCEDURE line=5 thread=0-1-6-1 name=countwords
2012-06-12 10:27:57,399-0500 INFO  RootDataNode Found mapped data c:countfile - Open.$
2012-06-12 10:27:57,399-0500 DEBUG countwords PROCEDURE line=5 thread=0-1-12-1 name=countwords
2012-06-12 10:27:57,399-0500 INFO  RootDataNode Found mapped data c:countfile - Open.$
2012-06-12 10:27:57,399-0500 INFO  RootDataNode Found mapped data c:countfile - Open.$
2012-06-12 10:27:57,395-0500 INFO  RootDataNode Found mapped data c:countfile - Open.$
2012-06-12 10:27:57,395-0500 INFO  RootDataNode Found mapped data c:countfile - Open.$
2012-06-12 10:27:57,395-0500 INFO  RootDataNode Found mapped data c:countfile - Open.$
2012-06-12 10:27:57,401-0500 DEBUG countwords PROCEDURE line=5 thread=0-1-10-1 name=countwords
2012-06-12 10:27:57,401-0500 DEBUG countwords PROCEDURE line=5 thread=0-1-38-1 name=countwords
2012-06-12 10:27:57,399-0500 INFO  RootDataNode Found mapped data c:countfile - Open.$
2012-06-12 10:27:57,399-0500 DEBUG countwords PROCEDURE line=5 thread=0-1-54-1 name=countwords
2012-06-12 10:27:57,401-0500 DEBUG countwords PROCEDURE line=5 thread=0-1-36-1 name=countwords
2012-06-12 10:27:57,399-0500 DEBUG countwords PROCEDURE line=5 thread=0-1-23-1 name=countwords
2012-06-12 10:27:57,398-0500 DEBUG countwords PROCEDURE line=5 thread=0-1-17-1 name=countwords
2012-06-12 10:27:57,398-0500 INFO  RootDataNode Found mapped data c:countfile - Open.$
2012-06-12 10:27:57,398-0500 DEBUG countwords PROCEDURE line=5 thread=0-1-51-1 name=countwords
2012-06-12 10:27:57,398-0500 DEBUG countwords PROCEDURE line=5 thread=0-1-11-1 name=countwords
2012-06-12 10:27:57,402-0500 DEBUG countwords PROCEDURE line=5 thread=0-1-50-1 name=countwords
2012-06-12 10:27:57,402-0500 DEBUG countwords PROCEDURE line=5 thread=0-1-14-1 name=countwords
2012-06-12 10:27:57,402-0500 DEBUG countwords PROCEDURE line=5 thread=0-1-21-1 name=countwords
2012-06-12 10:27:57,401-0500 DEBUG countwords PROCEDURE line=5 thread=0-1-55-1 name=countwords
2012-06-12 10:27:57,402-0500 DEBUG countwords PROCEDURE line=5 thread=0-1-59-1 name=countwords
2012-06-12 10:27:57,403-0500 DEBUG countwords PROCEDURE line=5 thread=0-1-24-1 name=countwords
2012-06-12 10:27:57,403-0500 DEBUG countwords PROCEDURE line=5 thread=0-1-7-1 name=countwords
2012-06-12 10:27:57,403-0500 DEBUG countwords PROCEDURE line=5 thread=0-1-18-1 name=countwords
2012-06-12 10:27:57,401-0500 DEBUG countwords PROCEDURE line=5 thread=0-1-39-1 name=countwords
2012-06-12 10:27:57,401-0500 DEBUG countwords PROCEDURE line=5 thread=0-1-40-1 name=countwords
2012-06-12 10:27:57,401-0500 DEBUG countwords PROCEDURE line=5 thread=0-1-26-1 name=countwords
2012-06-12 10:27:57,401-0500 DEBUG countwords PROCEDURE line=5 thread=0-1-33-1 name=countwords
2012-06-12 10:27:57,401-0500 DEBUG countwords PROCEDURE line=5 thread=0-1-42-1 name=countwords
2012-06-12 10:27:57,401-0500 DEBUG countwords PROCEDURE line=5 thread=0-1-35-1 name=countwords
2012-06-12 10:27:57,404-0500 DEBUG countwords PROCEDURE line=5 thread=0-1-16-1 name=countwords
2012-06-12 10:27:57,405-0500 DEBUG countwords PROCEDURE line=5 thread=0-1-34-1 name=countwords
2012-06-12 10:27:57,401-0500 DEBUG countwords PROCEDURE line=5 thread=0-1-29-1 name=countwords
2012-06-12 10:27:57,405-0500 DEBUG countwords PROCEDURE line=5 thread=0-1-62-1 name=countwords
2012-06-12 10:27:57,405-0500 DEBUG countwords PROCEDURE line=5 thread=0-1-22-1 name=countwords
2012-06-12 10:27:57,405-0500 DEBUG countwords PROCEDURE line=5 thread=0-1-47-1 name=countwords
2012-06-12 10:27:57,404-0500 DEBUG countwords PROCEDURE line=5 thread=0-1-27-1 name=countwords
2012-06-12 10:27:57,404-0500 DEBUG countwords PROCEDURE line=5 thread=0-1-25-1 name=countwords
2012-06-12 10:27:57,406-0500 DEBUG countwords PROCEDURE line=5 thread=0-1-13-1 name=countwords
2012-06-12 10:27:57,404-0500 DEBUG countwords PROCEDURE line=5 thread=0-1-30-1 name=countwords
2012-06-12 10:27:57,406-0500 DEBUG countwords PROCEDURE line=5 thread=0-1-52-1 name=countwords
2012-06-12 10:27:57,406-0500 DEBUG countwords PROCEDURE line=5 thread=0-1-37-1 name=countwords
2012-06-12 10:27:57,408-0500 DEBUG countwords PROCEDURE line=5 thread=0-1-57-1 name=countwords
2012-06-12 10:27:57,408-0500 DEBUG countwords PROCEDURE line=5 thread=0-1-56-1 name=countwords
2012-06-12 10:27:57,409-0500 DEBUG countwords PROCEDURE line=5 thread=0-1-60-1 name=countwords
2012-06-12 10:27:57,409-0500 DEBUG countwords PROCEDURE line=5 thread=0-1-63-1 name=countwords
2012-06-12 10:27:57,403-0500 DEBUG countwords PROCEDURE line=5 thread=0-1-49-1 name=countwords
2012-06-12 10:27:57,403-0500 DEBUG countwords PROCEDURE line=5 thread=0-1-58-1 name=countwords
2012-06-12 10:27:57,402-0500 DEBUG countwords PROCEDURE line=5 thread=0-1-48-1 name=countwords
2012-06-12 10:27:57,409-0500 DEBUG countwords PROCEDURE line=5 thread=0-1-41-1 name=countwords
2012-06-12 10:27:57,406-0500 DEBUG countwords PROCEDURE line=5 thread=0-1-45-1 name=countwords
2012-06-12 10:27:57,405-0500 DEBUG countwords PROCEDURE line=5 thread=0-1-44-1 name=countwords
2012-06-12 10:27:57,405-0500 DEBUG countwords PROCEDURE line=5 thread=0-1-32-1 name=countwords
2012-06-12 10:27:57,405-0500 DEBUG countwords PROCEDURE line=5 thread=0-1-61-1 name=countwords
2012-06-12 10:27:57,405-0500 DEBUG countwords PROCEDURE line=5 thread=0-1-28-1 name=countwords
2012-06-12 10:27:57,405-0500 DEBUG countwords PROCEDURE line=5 thread=0-1-3-1 name=countwords
2012-06-12 10:27:57,413-0500 DEBUG countwords PROCEDURE line=5 thread=0-1-31-1 name=countwords
2012-06-12 10:27:57,434-0500 INFO  vdl:execute START thread=0-1-25-1 tr=a8sm1000ms
2012-06-12 10:27:57,435-0500 INFO  vdl:execute START thread=0-1-54-1 tr=a8sm1000ms
2012-06-12 10:27:57,435-0500 INFO  vdl:execute START thread=0-1-62-1 tr=a8sm1000ms
2012-06-12 10:27:57,435-0500 INFO  vdl:execute START thread=0-1-51-1 tr=a8sm1000ms
2012-06-12 10:27:57,435-0500 INFO  vdl:execute START thread=0-1-63-1 tr=a8sm1000ms
2012-06-12 10:27:57,435-0500 INFO  vdl:execute START thread=0-1-53-1 tr=a8sm1000ms
2012-06-12 10:27:57,435-0500 INFO  vdl:execute START thread=0-1-40-1 tr=a8sm1000ms
2012-06-12 10:27:57,435-0500 INFO  vdl:execute START thread=0-1-29-1 tr=a8sm1000ms
2012-06-12 10:27:57,434-0500 INFO  vdl:execute START thread=0-1-60-1 tr=a8sm1000ms
2012-06-12 10:27:57,434-0500 INFO  vdl:execute START thread=0-1-23-1 tr=a8sm1000ms
2012-06-12 10:27:57,434-0500 INFO  vdl:execute START thread=0-1-6-1 tr=a8sm1000ms
2012-06-12 10:27:57,434-0500 INFO  vdl:execute START thread=0-1-1-1 tr=a8sm1000ms
2012-06-12 10:27:57,434-0500 INFO  vdl:execute START thread=0-1-24-1 tr=a8sm1000ms
2012-06-12 10:27:57,436-0500 INFO  vdl:execute START thread=0-1-57-1 tr=a8sm1000ms
2012-06-12 10:27:57,436-0500 INFO  vdl:execute START thread=0-1-8-1 tr=a8sm1000ms
2012-06-12 10:27:57,436-0500 INFO  vdl:execute START thread=0-1-33-1 tr=a8sm1000ms
2012-06-12 10:27:57,436-0500 INFO  vdl:execute START thread=0-1-11-1 tr=a8sm1000ms
2012-06-12 10:27:57,436-0500 INFO  vdl:execute START thread=0-1-56-1 tr=a8sm1000ms
2012-06-12 10:27:57,437-0500 INFO  vdl:execute START thread=0-1-47-1 tr=a8sm1000ms
2012-06-12 10:27:57,436-0500 INFO  vdl:execute START thread=0-1-14-1 tr=a8sm1000ms
2012-06-12 10:27:57,436-0500 INFO  vdl:execute START thread=0-1-39-1 tr=a8sm1000ms
2012-06-12 10:27:57,435-0500 INFO  vdl:execute START thread=0-1-15-1 tr=a8sm1000ms
2012-06-12 10:27:57,435-0500 INFO  vdl:execute START thread=0-1-50-1 tr=a8sm1000ms
2012-06-12 10:27:57,437-0500 INFO  vdl:execute START thread=0-1-12-1 tr=a8sm1000ms
2012-06-12 10:27:57,435-0500 INFO  vdl:execute START thread=0-1-17-1 tr=a8sm1000ms
2012-06-12 10:27:57,435-0500 INFO  vdl:execute START thread=0-1-34-1 tr=a8sm1000ms
2012-06-12 10:27:57,437-0500 INFO  vdl:execute START thread=0-1-55-1 tr=a8sm1000ms
2012-06-12 10:27:57,438-0500 INFO  vdl:execute START thread=0-1-30-1 tr=a8sm1000ms
2012-06-12 10:27:57,435-0500 INFO  vdl:execute START thread=0-1-37-1 tr=a8sm1000ms
2012-06-12 10:27:57,435-0500 INFO  vdl:execute START thread=0-1-16-1 tr=a8sm1000ms
2012-06-12 10:27:57,438-0500 INFO  vdl:execute START thread=0-1-0-1 tr=a8sm1000ms
2012-06-12 10:27:57,438-0500 INFO  vdl:execute START thread=0-1-59-1 tr=a8sm1000ms
2012-06-12 10:27:57,437-0500 INFO  vdl:execute START thread=0-1-13-1 tr=a8sm1000ms
2012-06-12 10:27:57,437-0500 INFO  vdl:execute START thread=0-1-10-1 tr=a8sm1000ms
2012-06-12 10:27:57,439-0500 INFO  vdl:execute START thread=0-1-20-1 tr=a8sm1000ms
2012-06-12 10:27:57,437-0500 INFO  vdl:execute START thread=0-1-19-1 tr=a8sm1000ms
2012-06-12 10:27:57,437-0500 INFO  vdl:execute START thread=0-1-49-1 tr=a8sm1000ms
2012-06-12 10:27:57,436-0500 INFO  vdl:execute START thread=0-1-42-1 tr=a8sm1000ms
2012-06-12 10:27:57,436-0500 INFO  vdl:execute START thread=0-1-21-1 tr=a8sm1000ms
2012-06-12 10:27:57,440-0500 INFO  vdl:execute START thread=0-1-38-1 tr=a8sm1000ms
2012-06-12 10:27:57,439-0500 INFO  vdl:execute START thread=0-1-4-1 tr=a8sm1000ms
2012-06-12 10:27:57,440-0500 INFO  vdl:execute START thread=0-1-43-1 tr=a8sm1000ms
2012-06-12 10:27:57,440-0500 INFO  vdl:execute START thread=0-1-26-1 tr=a8sm1000ms
2012-06-12 10:27:57,441-0500 INFO  vdl:execute START thread=0-1-45-1 tr=a8sm1000ms
2012-06-12 10:27:57,441-0500 INFO  vdl:execute START thread=0-1-52-1 tr=a8sm1000ms
2012-06-12 10:27:57,441-0500 INFO  vdl:execute START thread=0-1-48-1 tr=a8sm1000ms
2012-06-12 10:27:57,441-0500 INFO  vdl:execute START thread=0-1-35-1 tr=a8sm1000ms
2012-06-12 10:27:57,439-0500 INFO  vdl:execute START thread=0-1-7-1 tr=a8sm1000ms
2012-06-12 10:27:57,439-0500 INFO  vdl:execute START thread=0-1-46-1 tr=a8sm1000ms
2012-06-12 10:27:57,439-0500 INFO  vdl:execute START thread=0-1-9-1 tr=a8sm1000ms
2012-06-12 10:27:57,439-0500 INFO  vdl:execute START thread=0-1-5-1 tr=a8sm1000ms
2012-06-12 10:27:57,442-0500 INFO  vdl:execute START thread=0-1-41-1 tr=a8sm1000ms
2012-06-12 10:27:57,439-0500 INFO  vdl:execute START thread=0-1-58-1 tr=a8sm1000ms
2012-06-12 10:27:57,443-0500 INFO  vdl:execute START thread=0-1-61-1 tr=a8sm1000ms
2012-06-12 10:27:57,443-0500 INFO  vdl:execute START thread=0-1-27-1 tr=a8sm1000ms
2012-06-12 10:27:57,439-0500 INFO  vdl:execute START thread=0-1-2-1 tr=a8sm1000ms
2012-06-12 10:27:57,444-0500 INFO  vdl:execute START thread=0-1-3-1 tr=a8sm1000ms
2012-06-12 10:27:57,443-0500 INFO  vdl:execute START thread=0-1-44-1 tr=a8sm1000ms
2012-06-12 10:27:57,446-0500 INFO  vdl:execute START thread=0-1-32-1 tr=a8sm1000ms
2012-06-12 10:27:57,446-0500 INFO  vdl:execute START thread=0-1-31-1 tr=a8sm1000ms
2012-06-12 10:27:57,443-0500 INFO  vdl:execute START thread=0-1-28-1 tr=a8sm1000ms
2012-06-12 10:27:57,441-0500 INFO  vdl:execute START thread=0-1-18-1 tr=a8sm1000ms
2012-06-12 10:27:57,440-0500 INFO  vdl:execute START thread=0-1-22-1 tr=a8sm1000ms
2012-06-12 10:27:57,440-0500 INFO  vdl:execute START thread=0-1-36-1 tr=a8sm1000ms
2012-06-12 10:27:57,471-0500 INFO  WeightedHostScoreScheduler CONTACT_SELECTED host=localhost, score=99.854
2012-06-12 10:27:57,474-0500 INFO  GlobalSubmitQueue No global submit throttle set. Using default (1024)
2012-06-12 10:27:57,476-0500 INFO  LateBindingScheduler JobQueue: 63
2012-06-12 10:27:57,478-0500 INFO  LateBindingScheduler JobQueue: 63
2012-06-12 10:27:57,479-0500 INFO  vdl:initshareddir START host=localhost - Initializing shared directory
2012-06-12 10:27:57,495-0500 INFO  LateBindingScheduler JobQueue: 63
2012-06-12 10:27:57,505-0500 INFO  LateBindingScheduler JobQueue: 63
2012-06-12 10:27:57,509-0500 INFO  LateBindingScheduler JobQueue: 63
2012-06-12 10:27:57,512-0500 INFO  LateBindingScheduler JobQueue: 63
2012-06-12 10:27:57,520-0500 INFO  LateBindingScheduler JobQueue: 63
2012-06-12 10:27:57,529-0500 INFO  LateBindingScheduler JobQueue: 63
2012-06-12 10:27:57,532-0500 INFO  vdl:initshareddir END host=localhost - Done initializing shared directory
2012-06-12 10:27:57,537-0500 DEBUG vdl:execute2 THREAD_ASSOCIATION jobid=a8sm1000ms-dbgzxnsk thread=0-1-42-1-1 host=localhost replicationGroup=r9gzxnsk
2012-06-12 10:27:57,551-0500 INFO  vdl:createdirset START jobid=a8sm1000ms-dbgzxnsk host=localhost - Initializing directory structure
2012-06-12 10:27:57,553-0500 INFO  vdl:createdirset END jobid=a8sm1000ms-dbgzxnsk - Done initializing directory structure
2012-06-12 10:27:57,554-0500 INFO  vdl:dostagein START jobid=a8sm1000ms-dbgzxnsk - Staging in files
2012-06-12 10:27:57,573-0500 INFO  LateBindingScheduler JobQueue: 63
2012-06-12 10:27:57,576-0500 DEBUG vdl:dostagein CDM: file://localhost/scott3a.sh : DEFAULT
2012-06-12 10:27:57,581-0500 DEBUG vdl:dostageinfile FILE_STAGE_IN_START file=scott3a.sh srchost=localhost srcdir= srcname=scott3a.sh desthost=localhost destdir=scott8sm1000ms-20120612-1027-e0dp83c7/shared/ provider=file policy=DEFAULT
2012-06-12 10:27:57,584-0500 INFO  LateBindingScheduler JobQueue: 63
2012-06-12 10:27:57,586-0500 DEBUG vdl:dostageinfile FILE_STAGE_IN_END file=scott3a.sh srchost=localhost srcdir= srcname=scott3a.sh desthost=localhost destdir=scott8sm1000ms-20120612-1027-e0dp83c7/shared/ provider=file
2012-06-12 10:27:57,587-0500 INFO  vdl:dostagein END jobid=a8sm1000ms-dbgzxnsk - Staging in finished
2012-06-12 10:27:57,591-0500 DEBUG vdl:execute2 JOB_START jobid=a8sm1000ms-dbgzxnsk tr=a8sm1000ms arguments=[] tmpdir=scott8sm1000ms-20120612-1027-e0dp83c7/jobs/d/a8sm1000ms-dbgzxnsk host=localhost
2012-06-12 10:27:57,599-0500 DEBUG textfiles BEGIN TC:
#This is the transformation catalog.
#
#It comes pre-configured with a number of simple transformations with
#paths that are likely to work on a linux box. However, on some systems,
#the paths to these executables will be different (for example, sometimes
#some of these programs are found in /usr/bin rather than in /bin)
#
#NOTE WELL: fields in this file must be separated by tabs, not spaces; and
#there must be no trailing whitespace at the end of each line.
#
# sitename  transformation  path   INSTALLED  platform  profiles
localhost 	echo 		/bin/echo	INSTALLED	INTEL32::LINUX	null
localhost 	cat 		/bin/cat	INSTALLED	INTEL32::LINUX	null
localhost 	ls 		/bin/ls		INSTALLED	INTEL32::LINUX	null
localhost 	grep 		/bin/grep	INSTALLED	INTEL32::LINUX	null
localhost 	sort 		/bin/sort	INSTALLED	INTEL32::LINUX	null
localhost 	paste 		/bin/paste	INSTALLED	INTEL32::LINUX	null
localhost 	cp 		/bin/cp         INSTALLED	INTEL32::LINUX	null
localhost 	touch 		/bin/touch      INSTALLED	INTEL32::LINUX	null
localhost	wc		/usr/bin/wc	INSTALLED	INTEL32::LINUX	null
localhost	sh		/bin/wc		INSTALLED	INTEL32::LINUX	null
localhost	scott3a		/home/skrieder/swift/multi/scott3a.sh		INSTALLED	INTEL32::LINUX	null
localhost	scott3b		/home/skrieder/swift/multi/scott3b.sh		INSTALLED	INTEL32::LINUX	null
localhost	cka		/home/skrieder/swift/cuda/1sm1ms		INSTALLED	INTEL32::LINUX	null
localhost	a1sm0ms		/home/skrieder/swift/cuda/1sm0ms		INSTALLED	INTEL32::LINUX	null
localhost	a1sm1ms		/home/skrieder/swift/cuda/a1sm1ms.sh		INSTALLED	INTEL32::LINUX	null
localhost	b1sm1ms		/home/skrieder/swift/cuda/b1sm1ms.sh		INSTALLED	INTEL32::LINUX	null
localhost	c1sm1ms		/home/skrieder/swift/cuda/c1sm1ms.sh		INSTALLED	INTEL32::LINUX	null
localhost	a1sm10ms	/home/skrieder/swift/cuda/1sm10ms		INSTALLED	INTEL32::LINUX	null
localhost	a1sm100ms	/home/skrieder/swift/cuda/1sm100ms		INSTALLED	INTEL32::LINUX	null
localhost	a2sm0ms		/home/skrieder/swift/cuda/2sm0ms		INSTALLED	INTEL32::LINUX	null
localhost	a2sm1ms		/home/skrieder/swift/cuda/2sm1ms		INSTALLED	INTEL32::LINUX	null
localhost	a2sm10ms	/home/skrieder/swift/cuda/2sm10ms		INSTALLED	INTEL32::LINUX	null
localhost	a2sm100ms	/home/skrieder/swift/cuda/2sm100ms		INSTALLED	INTEL32::LINUX	null
localhost	a4sm0ms		/home/skrieder/swift/cuda/4sm0ms		INSTALLED	INTEL32::LINUX	null
localhost	a4sm1ms		/home/skrieder/swift/cuda/4sm1ms		INSTALLED	INTEL32::LINUX	null
localhost	a4sm10ms	/home/skrieder/swift/cuda/4sm10ms		INSTALLED	INTEL32::LINUX	null
localhost	a4sm100ms	/home/skrieder/swift/cuda/4sm100ms		INSTALLED	INTEL32::LINUX	null
localhost	a8sm0ms		/home/skrieder/swift/cuda/8sm0ms		INSTALLED	INTEL32::LINUX	null
localhost	a8sm1ms		/home/skrieder/swift/cuda/8sm1ms		INSTALLED	INTEL32::LINUX	null
localhost	a8sm10ms	/home/skrieder/swift/cuda/8sm10ms		INSTALLED	INTEL32::LINUX	null
localhost	a8sm100ms	/home/skrieder/swift/cuda/8sm100ms		INSTALLED	INTEL32::LINUX	null
localhost	a8sm1000ms	/home/skrieder/swift/cuda/8sm1000ms		INSTALLED	INTEL32::LINUX	null
localhost	a16sm0ms	/home/skrieder/swift/cuda/16sm0ms		INSTALLED	INTEL32::LINUX	null
localhost	a16sm1ms	/home/skrieder/swift/cuda/16sm1ms		INSTALLED	INTEL32::LINUX	null
localhost	a16sm10ms	/home/skrieder/swift/cuda/16sm10ms		INSTALLED	INTEL32::LINUX	null
localhost	a16sm100ms	/home/skrieder/swift/cuda/16sm100ms		INSTALLED	INTEL32::LINUX	null
localhost	a16sm1000ms	/home/skrieder/swift/cuda/16sm100ms		INSTALLED	INTEL32::LINUX	null
localhost	sleep0ms	/home/skrieder/swift/c/sleep0ms			INSTALLED	INTEL32::LINUX	null
localhost	sleep1ms	/home/skrieder/swift/c/sleep1ms			INSTALLED	INTEL32::LINUX	null
localhost	sleep10ms	/home/skrieder/swift/c/sleep10ms		INSTALLED	INTEL32::LINUX	null
localhost	sleep100ms	/home/skrieder/swift/c/sleep100ms			INSTALLED	INTEL32::LINUX	null
localhost	sleep1000ms	/home/skrieder/swift/c/sleep1000ms			INSTALLED	INTEL32::LINUX	null
localhost	sleep10000ms	/home/skrieder/swift/c/sleep10000ms			INSTALLED	INTEL32::LINUX	null
localhost	hello		/home/skrieder/swift/multi/hello			INSTALLED	INTEL32::LINUX	null


2012-06-12 10:27:57,599-0500 DEBUG textfiles END TC:
2012-06-12 10:27:57,610-0500 INFO  GridExec TASK_DEFINITION: Task(type=JOB_SUBMISSION, identity=urn:0-1-42-1-1-1339514876419) is /bin/bash shared/_swiftwrap a8sm1000ms-dbgzxnsk -jobdir d -scratch  -e /home/skrieder/swift/cuda/8sm1000ms -out 42.result -err stderr.txt -i -d  -if scott3a.sh -of 42.result -k  -cdmfile  -status files -a
2012-06-12 10:27:57,630-0500 INFO  JobSubmissionTaskHandler Submit: in: /var/tmp/scott8sm1000ms-20120612-1027-e0dp83c7 command: /bin/bash /var/tmp/scott8sm1000ms-20120612-1027-e0dp83c7/shared/_swiftwrap a8sm1000ms-dbgzxnsk -jobdir d -scratch  -e /home/skrieder/swift/cuda/8sm1000ms -out 42.result -err stderr.txt -i -d  -if scott3a.sh -of 42.result -k  -cdmfile  -status files -a
2012-06-12 10:28:06,946-0500 INFO  LateBindingScheduler JobQueue: 63
2012-06-12 10:28:06,951-0500 DEBUG vdl:checkjobstatus START jobid=a8sm1000ms-dbgzxnsk
2012-06-12 10:28:06,955-0500 INFO  LateBindingScheduler JobQueue: 63
2012-06-12 10:28:06,957-0500 INFO  vdl:checkjobstatus SUCCESS jobid=a8sm1000ms-dbgzxnsk - Success file found
2012-06-12 10:28:06,960-0500 DEBUG vdl:execute2 STAGING_OUT jobid=a8sm1000ms-dbgzxnsk
2012-06-12 10:28:06,962-0500 INFO  vdl:dostageout START jobid=a8sm1000ms-dbgzxnsk - Staging out files
2012-06-12 10:28:06,963-0500 DEBUG vdl:dostageout stageouts: [[$, c:countfile - Open]]
2012-06-12 10:28:06,975-0500 DEBUG vdl:dostageout FILE_STAGE_OUT_START srcname=42.result srcdir=scott8sm1000ms-20120612-1027-e0dp83c7/shared/ srchost=localhost destdir= desthost=localhost provider=file
2012-06-12 10:28:06,979-0500 INFO  LateBindingScheduler JobQueue: 63
2012-06-12 10:28:06,993-0500 INFO  LateBindingScheduler JobQueue: 63
2012-06-12 10:28:06,996-0500 DEBUG vdl:dostageout FILE_STAGE_OUT_END srcname=42.result srcdir=scott8sm1000ms-20120612-1027-e0dp83c7/shared/ srchost=localhost destdir= desthost=localhost provider=file
2012-06-12 10:28:07,000-0500 INFO  LateBindingScheduler JobQueue: 63
2012-06-12 10:28:07,007-0500 INFO  vdl:dostageout END jobid=a8sm1000ms-dbgzxnsk - Staging out finished
2012-06-12 10:28:07,013-0500 DEBUG vdl:execute2 JOB_END jobid=a8sm1000ms-dbgzxnsk
2012-06-12 10:28:07,015-0500 INFO  vdl:execute END_SUCCESS thread=0-1-42-1 tr=a8sm1000ms
2012-06-12 10:28:07,017-0500 DEBUG countwords PROCEDURE_END line=5
2012-06-12 10:28:07,020-0500 DEBUG vdl:mains FOREACH_IT_END line=13 thread=0-1-42
2012-06-12 10:28:07,503-0500 INFO  WeightedHostScoreScheduler CONTACT_SELECTED host=localhost, score=99.854
2012-06-12 10:28:07,509-0500 DEBUG vdl:execute2 THREAD_ASSOCIATION jobid=a8sm1000ms-ebgzxnsk thread=0-1-58-1-1 host=localhost replicationGroup=uagzxnsk
2012-06-12 10:28:07,517-0500 INFO  vdl:createdirset START jobid=a8sm1000ms-ebgzxnsk host=localhost - Initializing directory structure
2012-06-12 10:28:07,518-0500 INFO  vdl:createdirset END jobid=a8sm1000ms-ebgzxnsk - Done initializing directory structure
2012-06-12 10:28:07,518-0500 INFO  vdl:dostagein START jobid=a8sm1000ms-ebgzxnsk - Staging in files
2012-06-12 10:28:07,522-0500 INFO  LateBindingScheduler JobQueue: 62
2012-06-12 10:28:07,525-0500 DEBUG vdl:dostagein CDM: file://localhost/scott3a.sh : DEFAULT
2012-06-12 10:28:07,527-0500 INFO  vdl:dostagein END jobid=a8sm1000ms-ebgzxnsk - Staging in finished
2012-06-12 10:28:07,529-0500 DEBUG vdl:execute2 JOB_START jobid=a8sm1000ms-ebgzxnsk tr=a8sm1000ms arguments=[] tmpdir=scott8sm1000ms-20120612-1027-e0dp83c7/jobs/e/a8sm1000ms-ebgzxnsk host=localhost
2012-06-12 10:28:07,541-0500 INFO  GridExec TASK_DEFINITION: Task(type=JOB_SUBMISSION, identity=urn:0-1-58-1-1-1339514876432) is /bin/bash shared/_swiftwrap a8sm1000ms-ebgzxnsk -jobdir e -scratch  -e /home/skrieder/swift/cuda/8sm1000ms -out 58.result -err stderr.txt -i -d  -if scott3a.sh -of 58.result -k  -cdmfile  -status files -a
2012-06-12 10:28:07,544-0500 INFO  JobSubmissionTaskHandler Submit: in: /var/tmp/scott8sm1000ms-20120612-1027-e0dp83c7 command: /bin/bash /var/tmp/scott8sm1000ms-20120612-1027-e0dp83c7/shared/_swiftwrap a8sm1000ms-ebgzxnsk -jobdir e -scratch  -e /home/skrieder/swift/cuda/8sm1000ms -out 58.result -err stderr.txt -i -d  -if scott3a.sh -of 58.result -k  -cdmfile  -status files -a
2012-06-12 10:28:08,779-0500 INFO  LateBindingScheduler JobQueue: 62
2012-06-12 10:28:08,785-0500 DEBUG vdl:checkjobstatus START jobid=a8sm1000ms-ebgzxnsk
2012-06-12 10:28:08,788-0500 INFO  LateBindingScheduler JobQueue: 62
2012-06-12 10:28:08,789-0500 INFO  vdl:checkjobstatus SUCCESS jobid=a8sm1000ms-ebgzxnsk - Success file found
2012-06-12 10:28:08,792-0500 DEBUG vdl:execute2 STAGING_OUT jobid=a8sm1000ms-ebgzxnsk
2012-06-12 10:28:08,794-0500 INFO  vdl:dostageout START jobid=a8sm1000ms-ebgzxnsk - Staging out files
2012-06-12 10:28:08,795-0500 DEBUG vdl:dostageout stageouts: [[$, c:countfile - Open]]
2012-06-12 10:28:08,805-0500 DEBUG vdl:dostageout FILE_STAGE_OUT_START srcname=58.result srcdir=scott8sm1000ms-20120612-1027-e0dp83c7/shared/ srchost=localhost destdir= desthost=localhost provider=file
2012-06-12 10:28:08,810-0500 INFO  LateBindingScheduler JobQueue: 62
2012-06-12 10:28:08,820-0500 INFO  LateBindingScheduler JobQueue: 62
2012-06-12 10:28:08,821-0500 DEBUG vdl:dostageout FILE_STAGE_OUT_END srcname=58.result srcdir=scott8sm1000ms-20120612-1027-e0dp83c7/shared/ srchost=localhost destdir= desthost=localhost provider=file
2012-06-12 10:28:08,825-0500 INFO  LateBindingScheduler JobQueue: 62
2012-06-12 10:28:08,830-0500 INFO  vdl:dostageout END jobid=a8sm1000ms-ebgzxnsk - Staging out finished
2012-06-12 10:28:08,834-0500 DEBUG vdl:execute2 JOB_END jobid=a8sm1000ms-ebgzxnsk
2012-06-12 10:28:08,836-0500 INFO  vdl:execute END_SUCCESS thread=0-1-58-1 tr=a8sm1000ms
2012-06-12 10:28:08,837-0500 DEBUG countwords PROCEDURE_END line=5
2012-06-12 10:28:08,839-0500 DEBUG vdl:mains FOREACH_IT_END line=13 thread=0-1-58
2012-06-12 10:28:09,328-0500 INFO  WeightedHostScoreScheduler CONTACT_SELECTED host=localhost, score=99.854
2012-06-12 10:28:09,332-0500 DEBUG vdl:execute2 THREAD_ASSOCIATION jobid=a8sm1000ms-fbgzxnsk thread=0-1-56-1-1 host=localhost replicationGroup=oagzxnsk
2012-06-12 10:28:09,336-0500 INFO  vdl:createdirset START jobid=a8sm1000ms-fbgzxnsk host=localhost - Initializing directory structure
2012-06-12 10:28:09,337-0500 INFO  vdl:createdirset END jobid=a8sm1000ms-fbgzxnsk - Done initializing directory structure
2012-06-12 10:28:09,338-0500 INFO  vdl:dostagein START jobid=a8sm1000ms-fbgzxnsk - Staging in files
2012-06-12 10:28:09,344-0500 INFO  LateBindingScheduler JobQueue: 61
2012-06-12 10:28:09,345-0500 DEBUG vdl:dostagein CDM: file://localhost/scott3a.sh : DEFAULT
2012-06-12 10:28:09,347-0500 INFO  vdl:dostagein END jobid=a8sm1000ms-fbgzxnsk - Staging in finished
2012-06-12 10:28:09,348-0500 DEBUG vdl:execute2 JOB_START jobid=a8sm1000ms-fbgzxnsk tr=a8sm1000ms arguments=[] tmpdir=scott8sm1000ms-20120612-1027-e0dp83c7/jobs/f/a8sm1000ms-fbgzxnsk host=localhost
2012-06-12 10:28:09,354-0500 INFO  GridExec TASK_DEFINITION: Task(type=JOB_SUBMISSION, identity=urn:0-1-56-1-1-1339514876445) is /bin/bash shared/_swiftwrap a8sm1000ms-fbgzxnsk -jobdir f -scratch  -e /home/skrieder/swift/cuda/8sm1000ms -out 56.result -err stderr.txt -i -d  -if scott3a.sh -of 56.result -k  -cdmfile  -status files -a
2012-06-12 10:28:09,357-0500 INFO  JobSubmissionTaskHandler Submit: in: /var/tmp/scott8sm1000ms-20120612-1027-e0dp83c7 command: /bin/bash /var/tmp/scott8sm1000ms-20120612-1027-e0dp83c7/shared/_swiftwrap a8sm1000ms-fbgzxnsk -jobdir f -scratch  -e /home/skrieder/swift/cuda/8sm1000ms -out 56.result -err stderr.txt -i -d  -if scott3a.sh -of 56.result -k  -cdmfile  -status files -a
2012-06-12 10:28:22,963-0500 INFO  LateBindingScheduler JobQueue: 61
2012-06-12 10:28:22,965-0500 DEBUG vdl:checkjobstatus START jobid=a8sm1000ms-fbgzxnsk
2012-06-12 10:28:22,968-0500 INFO  LateBindingScheduler JobQueue: 61
2012-06-12 10:28:22,969-0500 INFO  vdl:checkjobstatus SUCCESS jobid=a8sm1000ms-fbgzxnsk - Success file found
2012-06-12 10:28:22,971-0500 DEBUG vdl:execute2 STAGING_OUT jobid=a8sm1000ms-fbgzxnsk
2012-06-12 10:28:22,971-0500 INFO  vdl:dostageout START jobid=a8sm1000ms-fbgzxnsk - Staging out files
2012-06-12 10:28:22,972-0500 DEBUG vdl:dostageout stageouts: [[$, c:countfile - Open]]
2012-06-12 10:28:22,978-0500 DEBUG vdl:dostageout FILE_STAGE_OUT_START srcname=56.result srcdir=scott8sm1000ms-20120612-1027-e0dp83c7/shared/ srchost=localhost destdir= desthost=localhost provider=file
2012-06-12 10:28:22,983-0500 INFO  LateBindingScheduler JobQueue: 61
2012-06-12 10:28:22,990-0500 INFO  LateBindingScheduler JobQueue: 61
2012-06-12 10:28:22,991-0500 DEBUG vdl:dostageout FILE_STAGE_OUT_END srcname=56.result srcdir=scott8sm1000ms-20120612-1027-e0dp83c7/shared/ srchost=localhost destdir= desthost=localhost provider=file
2012-06-12 10:28:22,995-0500 INFO  LateBindingScheduler JobQueue: 61
2012-06-12 10:28:22,998-0500 INFO  vdl:dostageout END jobid=a8sm1000ms-fbgzxnsk - Staging out finished
2012-06-12 10:28:23,001-0500 DEBUG vdl:execute2 JOB_END jobid=a8sm1000ms-fbgzxnsk
2012-06-12 10:28:23,002-0500 INFO  vdl:execute END_SUCCESS thread=0-1-56-1 tr=a8sm1000ms
2012-06-12 10:28:23,003-0500 DEBUG countwords PROCEDURE_END line=5
2012-06-12 10:28:23,004-0500 DEBUG vdl:mains FOREACH_IT_END line=13 thread=0-1-56
2012-06-12 10:28:23,498-0500 INFO  WeightedHostScoreScheduler CONTACT_SELECTED host=localhost, score=99.854
2012-06-12 10:28:23,502-0500 DEBUG vdl:execute2 THREAD_ASSOCIATION jobid=a8sm1000ms-gbgzxnsk thread=0-1-52-1-1 host=localhost replicationGroup=jagzxnsk
2012-06-12 10:28:23,506-0500 INFO  vdl:createdirset START jobid=a8sm1000ms-gbgzxnsk host=localhost - Initializing directory structure
2012-06-12 10:28:23,507-0500 INFO  vdl:createdirset END jobid=a8sm1000ms-gbgzxnsk - Done initializing directory structure
2012-06-12 10:28:23,507-0500 INFO  vdl:dostagein START jobid=a8sm1000ms-gbgzxnsk - Staging in files
2012-06-12 10:28:23,511-0500 INFO  LateBindingScheduler JobQueue: 60
2012-06-12 10:28:23,512-0500 DEBUG vdl:dostagein CDM: file://localhost/scott3a.sh : DEFAULT
2012-06-12 10:28:23,514-0500 INFO  vdl:dostagein END jobid=a8sm1000ms-gbgzxnsk - Staging in finished
2012-06-12 10:28:23,515-0500 DEBUG vdl:execute2 JOB_START jobid=a8sm1000ms-gbgzxnsk tr=a8sm1000ms arguments=[] tmpdir=scott8sm1000ms-20120612-1027-e0dp83c7/jobs/g/a8sm1000ms-gbgzxnsk host=localhost
2012-06-12 10:28:23,523-0500 INFO  GridExec TASK_DEFINITION: Task(type=JOB_SUBMISSION, identity=urn:0-1-52-1-1-1339514876458) is /bin/bash shared/_swiftwrap a8sm1000ms-gbgzxnsk -jobdir g -scratch  -e /home/skrieder/swift/cuda/8sm1000ms -out 52.result -err stderr.txt -i -d  -if scott3a.sh -of 52.result -k  -cdmfile  -status files -a
2012-06-12 10:28:23,526-0500 INFO  JobSubmissionTaskHandler Submit: in: /var/tmp/scott8sm1000ms-20120612-1027-e0dp83c7 command: /bin/bash /var/tmp/scott8sm1000ms-20120612-1027-e0dp83c7/shared/_swiftwrap a8sm1000ms-gbgzxnsk -jobdir g -scratch  -e /home/skrieder/swift/cuda/8sm1000ms -out 52.result -err stderr.txt -i -d  -if scott3a.sh -of 52.result -k  -cdmfile  -status files -a
2012-06-12 10:28:24,743-0500 INFO  LateBindingScheduler JobQueue: 60
2012-06-12 10:28:24,746-0500 DEBUG vdl:checkjobstatus START jobid=a8sm1000ms-gbgzxnsk
2012-06-12 10:28:24,748-0500 INFO  LateBindingScheduler JobQueue: 60
2012-06-12 10:28:24,749-0500 INFO  vdl:checkjobstatus SUCCESS jobid=a8sm1000ms-gbgzxnsk - Success file found
2012-06-12 10:28:24,750-0500 DEBUG vdl:execute2 STAGING_OUT jobid=a8sm1000ms-gbgzxnsk
2012-06-12 10:28:24,751-0500 INFO  vdl:dostageout START jobid=a8sm1000ms-gbgzxnsk - Staging out files
2012-06-12 10:28:24,752-0500 DEBUG vdl:dostageout stageouts: [[$, c:countfile - Open]]
2012-06-12 10:28:24,755-0500 DEBUG vdl:dostageout FILE_STAGE_OUT_START srcname=52.result srcdir=scott8sm1000ms-20120612-1027-e0dp83c7/shared/ srchost=localhost destdir= desthost=localhost provider=file
2012-06-12 10:28:24,760-0500 INFO  LateBindingScheduler JobQueue: 60
2012-06-12 10:28:24,767-0500 INFO  LateBindingScheduler JobQueue: 60
2012-06-12 10:28:24,768-0500 DEBUG vdl:dostageout FILE_STAGE_OUT_END srcname=52.result srcdir=scott8sm1000ms-20120612-1027-e0dp83c7/shared/ srchost=localhost destdir= desthost=localhost provider=file
2012-06-12 10:28:24,772-0500 INFO  LateBindingScheduler JobQueue: 60
2012-06-12 10:28:24,774-0500 INFO  vdl:dostageout END jobid=a8sm1000ms-gbgzxnsk - Staging out finished
2012-06-12 10:28:24,776-0500 DEBUG vdl:execute2 JOB_END jobid=a8sm1000ms-gbgzxnsk
2012-06-12 10:28:24,777-0500 INFO  vdl:execute END_SUCCESS thread=0-1-52-1 tr=a8sm1000ms
2012-06-12 10:28:24,778-0500 DEBUG countwords PROCEDURE_END line=5
2012-06-12 10:28:24,778-0500 DEBUG vdl:mains FOREACH_IT_END line=13 thread=0-1-52
2012-06-12 10:28:25,273-0500 INFO  WeightedHostScoreScheduler CONTACT_SELECTED host=localhost, score=99.854
2012-06-12 10:28:25,276-0500 DEBUG vdl:execute2 THREAD_ASSOCIATION jobid=a8sm1000ms-hbgzxnsk thread=0-1-59-1-1 host=localhost replicationGroup=2agzxnsk
2012-06-12 10:28:25,280-0500 INFO  vdl:createdirset START jobid=a8sm1000ms-hbgzxnsk host=localhost - Initializing directory structure
2012-06-12 10:28:25,281-0500 INFO  vdl:createdirset END jobid=a8sm1000ms-hbgzxnsk - Done initializing directory structure
2012-06-12 10:28:25,282-0500 INFO  vdl:dostagein START jobid=a8sm1000ms-hbgzxnsk - Staging in files
2012-06-12 10:28:25,286-0500 INFO  LateBindingScheduler JobQueue: 59
2012-06-12 10:28:25,287-0500 DEBUG vdl:dostagein CDM: file://localhost/scott3a.sh : DEFAULT
2012-06-12 10:28:25,289-0500 INFO  vdl:dostagein END jobid=a8sm1000ms-hbgzxnsk - Staging in finished
2012-06-12 10:28:25,290-0500 DEBUG vdl:execute2 JOB_START jobid=a8sm1000ms-hbgzxnsk tr=a8sm1000ms arguments=[] tmpdir=scott8sm1000ms-20120612-1027-e0dp83c7/jobs/h/a8sm1000ms-hbgzxnsk host=localhost
2012-06-12 10:28:25,296-0500 INFO  GridExec TASK_DEFINITION: Task(type=JOB_SUBMISSION, identity=urn:0-1-59-1-1-1339514876471) is /bin/bash shared/_swiftwrap a8sm1000ms-hbgzxnsk -jobdir h -scratch  -e /home/skrieder/swift/cuda/8sm1000ms -out 59.result -err stderr.txt -i -d  -if scott3a.sh -of 59.result -k  -cdmfile  -status files -a
2012-06-12 10:28:25,299-0500 INFO  JobSubmissionTaskHandler Submit: in: /var/tmp/scott8sm1000ms-20120612-1027-e0dp83c7 command: /bin/bash /var/tmp/scott8sm1000ms-20120612-1027-e0dp83c7/shared/_swiftwrap a8sm1000ms-hbgzxnsk -jobdir h -scratch  -e /home/skrieder/swift/cuda/8sm1000ms -out 59.result -err stderr.txt -i -d  -if scott3a.sh -of 59.result -k  -cdmfile  -status files -a
2012-06-12 10:28:40,861-0500 INFO  LateBindingScheduler JobQueue: 59
2012-06-12 10:28:40,864-0500 DEBUG vdl:checkjobstatus START jobid=a8sm1000ms-hbgzxnsk
2012-06-12 10:28:40,866-0500 INFO  LateBindingScheduler JobQueue: 59
2012-06-12 10:28:40,867-0500 INFO  vdl:checkjobstatus SUCCESS jobid=a8sm1000ms-hbgzxnsk - Success file found
2012-06-12 10:28:40,868-0500 DEBUG vdl:execute2 STAGING_OUT jobid=a8sm1000ms-hbgzxnsk
2012-06-12 10:28:40,869-0500 INFO  vdl:dostageout START jobid=a8sm1000ms-hbgzxnsk - Staging out files
2012-06-12 10:28:40,869-0500 DEBUG vdl:dostageout stageouts: [[$, c:countfile - Open]]
2012-06-12 10:28:40,872-0500 DEBUG vdl:dostageout FILE_STAGE_OUT_START srcname=59.result srcdir=scott8sm1000ms-20120612-1027-e0dp83c7/shared/ srchost=localhost destdir= desthost=localhost provider=file
2012-06-12 10:28:40,876-0500 INFO  LateBindingScheduler JobQueue: 59
2012-06-12 10:28:40,883-0500 INFO  LateBindingScheduler JobQueue: 59
2012-06-12 10:28:40,884-0500 DEBUG vdl:dostageout FILE_STAGE_OUT_END srcname=59.result srcdir=scott8sm1000ms-20120612-1027-e0dp83c7/shared/ srchost=localhost destdir= desthost=localhost provider=file
2012-06-12 10:28:40,887-0500 INFO  LateBindingScheduler JobQueue: 59
2012-06-12 10:28:40,889-0500 INFO  vdl:dostageout END jobid=a8sm1000ms-hbgzxnsk - Staging out finished
2012-06-12 10:28:40,891-0500 DEBUG vdl:execute2 JOB_END jobid=a8sm1000ms-hbgzxnsk
2012-06-12 10:28:40,892-0500 INFO  vdl:execute END_SUCCESS thread=0-1-59-1 tr=a8sm1000ms
2012-06-12 10:28:40,893-0500 DEBUG countwords PROCEDURE_END line=5
2012-06-12 10:28:40,894-0500 DEBUG vdl:mains FOREACH_IT_END line=13 thread=0-1-59
2012-06-12 10:28:41,389-0500 INFO  WeightedHostScoreScheduler CONTACT_SELECTED host=localhost, score=99.854
2012-06-12 10:28:41,392-0500 DEBUG vdl:execute2 THREAD_ASSOCIATION jobid=a8sm1000ms-ibgzxnsk thread=0-1-24-1-1 host=localhost replicationGroup=l9gzxnsk
2012-06-12 10:28:41,395-0500 INFO  vdl:createdirset START jobid=a8sm1000ms-ibgzxnsk host=localhost - Initializing directory structure
2012-06-12 10:28:41,396-0500 INFO  vdl:createdirset END jobid=a8sm1000ms-ibgzxnsk - Done initializing directory structure
2012-06-12 10:28:41,397-0500 INFO  vdl:dostagein START jobid=a8sm1000ms-ibgzxnsk - Staging in files
2012-06-12 10:28:41,401-0500 INFO  LateBindingScheduler JobQueue: 58
2012-06-12 10:28:41,402-0500 DEBUG vdl:dostagein CDM: file://localhost/scott3a.sh : DEFAULT
2012-06-12 10:28:41,404-0500 INFO  vdl:dostagein END jobid=a8sm1000ms-ibgzxnsk - Staging in finished
2012-06-12 10:28:41,405-0500 DEBUG vdl:execute2 JOB_START jobid=a8sm1000ms-ibgzxnsk tr=a8sm1000ms arguments=[] tmpdir=scott8sm1000ms-20120612-1027-e0dp83c7/jobs/i/a8sm1000ms-ibgzxnsk host=localhost
2012-06-12 10:28:41,414-0500 INFO  GridExec TASK_DEFINITION: Task(type=JOB_SUBMISSION, identity=urn:0-1-24-1-1-1339514876484) is /bin/bash shared/_swiftwrap a8sm1000ms-ibgzxnsk -jobdir i -scratch  -e /home/skrieder/swift/cuda/8sm1000ms -out 24.result -err stderr.txt -i -d  -if scott3a.sh -of 24.result -k  -cdmfile  -status files -a
2012-06-12 10:28:41,418-0500 INFO  JobSubmissionTaskHandler Submit: in: /var/tmp/scott8sm1000ms-20120612-1027-e0dp83c7 command: /bin/bash /var/tmp/scott8sm1000ms-20120612-1027-e0dp83c7/shared/_swiftwrap a8sm1000ms-ibgzxnsk -jobdir i -scratch  -e /home/skrieder/swift/cuda/8sm1000ms -out 24.result -err stderr.txt -i -d  -if scott3a.sh -of 24.result -k  -cdmfile  -status files -a
2012-06-12 10:28:57,958-0500 INFO  LateBindingScheduler JobQueue: 58
2012-06-12 10:28:57,960-0500 DEBUG vdl:checkjobstatus START jobid=a8sm1000ms-ibgzxnsk
2012-06-12 10:28:57,963-0500 INFO  LateBindingScheduler JobQueue: 58
2012-06-12 10:28:57,964-0500 INFO  vdl:checkjobstatus SUCCESS jobid=a8sm1000ms-ibgzxnsk - Success file found
2012-06-12 10:28:57,964-0500 DEBUG vdl:execute2 STAGING_OUT jobid=a8sm1000ms-ibgzxnsk
2012-06-12 10:28:57,966-0500 INFO  vdl:dostageout START jobid=a8sm1000ms-ibgzxnsk - Staging out files
2012-06-12 10:28:57,966-0500 DEBUG vdl:dostageout stageouts: [[$, c:countfile - Open]]
2012-06-12 10:28:57,969-0500 DEBUG vdl:dostageout FILE_STAGE_OUT_START srcname=24.result srcdir=scott8sm1000ms-20120612-1027-e0dp83c7/shared/ srchost=localhost destdir= desthost=localhost provider=file
2012-06-12 10:28:57,973-0500 INFO  LateBindingScheduler JobQueue: 58
2012-06-12 10:28:57,980-0500 INFO  LateBindingScheduler JobQueue: 58
2012-06-12 10:28:57,981-0500 DEBUG vdl:dostageout FILE_STAGE_OUT_END srcname=24.result srcdir=scott8sm1000ms-20120612-1027-e0dp83c7/shared/ srchost=localhost destdir= desthost=localhost provider=file
2012-06-12 10:28:57,984-0500 INFO  LateBindingScheduler JobQueue: 58
2012-06-12 10:28:57,986-0500 INFO  vdl:dostageout END jobid=a8sm1000ms-ibgzxnsk - Staging out finished
2012-06-12 10:28:57,988-0500 DEBUG vdl:execute2 JOB_END jobid=a8sm1000ms-ibgzxnsk
2012-06-12 10:28:57,989-0500 INFO  vdl:execute END_SUCCESS thread=0-1-24-1 tr=a8sm1000ms
2012-06-12 10:28:57,990-0500 DEBUG countwords PROCEDURE_END line=5
2012-06-12 10:28:57,990-0500 DEBUG vdl:mains FOREACH_IT_END line=13 thread=0-1-24
2012-06-12 10:28:58,486-0500 INFO  WeightedHostScoreScheduler CONTACT_SELECTED host=localhost, score=99.854
2012-06-12 10:28:58,489-0500 DEBUG vdl:execute2 THREAD_ASSOCIATION jobid=a8sm1000ms-jbgzxnsk thread=0-1-46-1-1 host=localhost replicationGroup=qagzxnsk
2012-06-12 10:28:58,494-0500 INFO  vdl:createdirset START jobid=a8sm1000ms-jbgzxnsk host=localhost - Initializing directory structure
2012-06-12 10:28:58,494-0500 INFO  vdl:createdirset END jobid=a8sm1000ms-jbgzxnsk - Done initializing directory structure
2012-06-12 10:28:58,495-0500 INFO  vdl:dostagein START jobid=a8sm1000ms-jbgzxnsk - Staging in files
2012-06-12 10:28:58,499-0500 INFO  LateBindingScheduler JobQueue: 57
2012-06-12 10:28:58,500-0500 DEBUG vdl:dostagein CDM: file://localhost/scott3a.sh : DEFAULT
2012-06-12 10:28:58,501-0500 INFO  vdl:dostagein END jobid=a8sm1000ms-jbgzxnsk - Staging in finished
2012-06-12 10:28:58,503-0500 DEBUG vdl:execute2 JOB_START jobid=a8sm1000ms-jbgzxnsk tr=a8sm1000ms arguments=[] tmpdir=scott8sm1000ms-20120612-1027-e0dp83c7/jobs/j/a8sm1000ms-jbgzxnsk host=localhost
2012-06-12 10:28:58,507-0500 INFO  GridExec TASK_DEFINITION: Task(type=JOB_SUBMISSION, identity=urn:0-1-46-1-1-1339514876497) is /bin/bash shared/_swiftwrap a8sm1000ms-jbgzxnsk -jobdir j -scratch  -e /home/skrieder/swift/cuda/8sm1000ms -out 46.result -err stderr.txt -i -d  -if scott3a.sh -of 46.result -k  -cdmfile  -status files -a
2012-06-12 10:28:58,511-0500 INFO  JobSubmissionTaskHandler Submit: in: /var/tmp/scott8sm1000ms-20120612-1027-e0dp83c7 command: /bin/bash /var/tmp/scott8sm1000ms-20120612-1027-e0dp83c7/shared/_swiftwrap a8sm1000ms-jbgzxnsk -jobdir j -scratch  -e /home/skrieder/swift/cuda/8sm1000ms -out 46.result -err stderr.txt -i -d  -if scott3a.sh -of 46.result -k  -cdmfile  -status files -a
2012-06-12 10:28:59,745-0500 INFO  LateBindingScheduler JobQueue: 57
2012-06-12 10:28:59,748-0500 DEBUG vdl:checkjobstatus START jobid=a8sm1000ms-jbgzxnsk
2012-06-12 10:28:59,751-0500 INFO  LateBindingScheduler JobQueue: 57
2012-06-12 10:28:59,751-0500 INFO  vdl:checkjobstatus SUCCESS jobid=a8sm1000ms-jbgzxnsk - Success file found
2012-06-12 10:28:59,752-0500 DEBUG vdl:execute2 STAGING_OUT jobid=a8sm1000ms-jbgzxnsk
2012-06-12 10:28:59,754-0500 INFO  vdl:dostageout START jobid=a8sm1000ms-jbgzxnsk - Staging out files
2012-06-12 10:28:59,755-0500 DEBUG vdl:dostageout stageouts: [[$, c:countfile - Open]]
2012-06-12 10:28:59,757-0500 DEBUG vdl:dostageout FILE_STAGE_OUT_START srcname=46.result srcdir=scott8sm1000ms-20120612-1027-e0dp83c7/shared/ srchost=localhost destdir= desthost=localhost provider=file
2012-06-12 10:28:59,761-0500 INFO  LateBindingScheduler JobQueue: 57
2012-06-12 10:28:59,768-0500 INFO  LateBindingScheduler JobQueue: 57
2012-06-12 10:28:59,769-0500 DEBUG vdl:dostageout FILE_STAGE_OUT_END srcname=46.result srcdir=scott8sm1000ms-20120612-1027-e0dp83c7/shared/ srchost=localhost destdir= desthost=localhost provider=file
2012-06-12 10:28:59,773-0500 INFO  LateBindingScheduler JobQueue: 57
2012-06-12 10:28:59,775-0500 INFO  vdl:dostageout END jobid=a8sm1000ms-jbgzxnsk - Staging out finished
2012-06-12 10:28:59,776-0500 DEBUG vdl:execute2 JOB_END jobid=a8sm1000ms-jbgzxnsk
2012-06-12 10:28:59,777-0500 INFO  vdl:execute END_SUCCESS thread=0-1-46-1 tr=a8sm1000ms
2012-06-12 10:28:59,778-0500 DEBUG countwords PROCEDURE_END line=5
2012-06-12 10:28:59,779-0500 DEBUG vdl:mains FOREACH_IT_END line=13 thread=0-1-46
2012-06-12 10:29:00,274-0500 INFO  WeightedHostScoreScheduler CONTACT_SELECTED host=localhost, score=99.854
2012-06-12 10:29:00,277-0500 DEBUG vdl:execute2 THREAD_ASSOCIATION jobid=a8sm1000ms-kbgzxnsk thread=0-1-14-1-1 host=localhost replicationGroup=t9gzxnsk
2012-06-12 10:29:00,281-0500 INFO  vdl:createdirset START jobid=a8sm1000ms-kbgzxnsk host=localhost - Initializing directory structure
2012-06-12 10:29:00,281-0500 INFO  vdl:createdirset END jobid=a8sm1000ms-kbgzxnsk - Done initializing directory structure
2012-06-12 10:29:00,282-0500 INFO  vdl:dostagein START jobid=a8sm1000ms-kbgzxnsk - Staging in files
2012-06-12 10:29:00,287-0500 INFO  LateBindingScheduler JobQueue: 56
2012-06-12 10:29:00,288-0500 DEBUG vdl:dostagein CDM: file://localhost/scott3a.sh : DEFAULT
2012-06-12 10:29:00,290-0500 INFO  vdl:dostagein END jobid=a8sm1000ms-kbgzxnsk - Staging in finished
2012-06-12 10:29:00,291-0500 DEBUG vdl:execute2 JOB_START jobid=a8sm1000ms-kbgzxnsk tr=a8sm1000ms arguments=[] tmpdir=scott8sm1000ms-20120612-1027-e0dp83c7/jobs/k/a8sm1000ms-kbgzxnsk host=localhost
2012-06-12 10:29:00,297-0500 INFO  GridExec TASK_DEFINITION: Task(type=JOB_SUBMISSION, identity=urn:0-1-14-1-1-1339514876510) is /bin/bash shared/_swiftwrap a8sm1000ms-kbgzxnsk -jobdir k -scratch  -e /home/skrieder/swift/cuda/8sm1000ms -out 14.result -err stderr.txt -i -d  -if scott3a.sh -of 14.result -k  -cdmfile  -status files -a
2012-06-12 10:29:00,301-0500 INFO  JobSubmissionTaskHandler Submit: in: /var/tmp/scott8sm1000ms-20120612-1027-e0dp83c7 command: /bin/bash /var/tmp/scott8sm1000ms-20120612-1027-e0dp83c7/shared/_swiftwrap a8sm1000ms-kbgzxnsk -jobdir k -scratch  -e /home/skrieder/swift/cuda/8sm1000ms -out 14.result -err stderr.txt -i -d  -if scott3a.sh -of 14.result -k  -cdmfile  -status files -a
2012-06-12 10:29:15,977-0500 INFO  LateBindingScheduler JobQueue: 56
2012-06-12 10:29:15,980-0500 DEBUG vdl:checkjobstatus START jobid=a8sm1000ms-kbgzxnsk
2012-06-12 10:29:15,982-0500 INFO  LateBindingScheduler JobQueue: 56
2012-06-12 10:29:15,983-0500 INFO  vdl:checkjobstatus SUCCESS jobid=a8sm1000ms-kbgzxnsk - Success file found
2012-06-12 10:29:15,984-0500 DEBUG vdl:execute2 STAGING_OUT jobid=a8sm1000ms-kbgzxnsk
2012-06-12 10:29:15,985-0500 INFO  vdl:dostageout START jobid=a8sm1000ms-kbgzxnsk - Staging out files
2012-06-12 10:29:15,985-0500 DEBUG vdl:dostageout stageouts: [[$, c:countfile - Open]]
2012-06-12 10:29:15,992-0500 DEBUG vdl:dostageout FILE_STAGE_OUT_START srcname=14.result srcdir=scott8sm1000ms-20120612-1027-e0dp83c7/shared/ srchost=localhost destdir= desthost=localhost provider=file
2012-06-12 10:29:15,996-0500 INFO  LateBindingScheduler JobQueue: 56
2012-06-12 10:29:16,004-0500 INFO  LateBindingScheduler JobQueue: 56
2012-06-12 10:29:16,005-0500 DEBUG vdl:dostageout FILE_STAGE_OUT_END srcname=14.result srcdir=scott8sm1000ms-20120612-1027-e0dp83c7/shared/ srchost=localhost destdir= desthost=localhost provider=file
2012-06-12 10:29:16,008-0500 INFO  LateBindingScheduler JobQueue: 56
2012-06-12 10:29:16,011-0500 INFO  vdl:dostageout END jobid=a8sm1000ms-kbgzxnsk - Staging out finished
2012-06-12 10:29:16,013-0500 DEBUG vdl:execute2 JOB_END jobid=a8sm1000ms-kbgzxnsk
2012-06-12 10:29:16,014-0500 INFO  vdl:execute END_SUCCESS thread=0-1-14-1 tr=a8sm1000ms
2012-06-12 10:29:16,015-0500 DEBUG countwords PROCEDURE_END line=5
2012-06-12 10:29:16,016-0500 DEBUG vdl:mains FOREACH_IT_END line=13 thread=0-1-14
2012-06-12 10:29:16,509-0500 INFO  WeightedHostScoreScheduler CONTACT_SELECTED host=localhost, score=99.854
2012-06-12 10:29:16,512-0500 DEBUG vdl:execute2 THREAD_ASSOCIATION jobid=a8sm1000ms-lbgzxnsk thread=0-1-61-1-1 host=localhost replicationGroup=vagzxnsk
2012-06-12 10:29:16,516-0500 INFO  vdl:createdirset START jobid=a8sm1000ms-lbgzxnsk host=localhost - Initializing directory structure
2012-06-12 10:29:16,517-0500 INFO  vdl:createdirset END jobid=a8sm1000ms-lbgzxnsk - Done initializing directory structure
2012-06-12 10:29:16,518-0500 INFO  vdl:dostagein START jobid=a8sm1000ms-lbgzxnsk - Staging in files
2012-06-12 10:29:16,522-0500 INFO  LateBindingScheduler JobQueue: 55
2012-06-12 10:29:16,523-0500 DEBUG vdl:dostagein CDM: file://localhost/scott3a.sh : DEFAULT
2012-06-12 10:29:16,525-0500 INFO  vdl:dostagein END jobid=a8sm1000ms-lbgzxnsk - Staging in finished
2012-06-12 10:29:16,526-0500 DEBUG vdl:execute2 JOB_START jobid=a8sm1000ms-lbgzxnsk tr=a8sm1000ms arguments=[] tmpdir=scott8sm1000ms-20120612-1027-e0dp83c7/jobs/l/a8sm1000ms-lbgzxnsk host=localhost
2012-06-12 10:29:16,531-0500 INFO  GridExec TASK_DEFINITION: Task(type=JOB_SUBMISSION, identity=urn:0-1-61-1-1-1339514876523) is /bin/bash shared/_swiftwrap a8sm1000ms-lbgzxnsk -jobdir l -scratch  -e /home/skrieder/swift/cuda/8sm1000ms -out 61.result -err stderr.txt -i -d  -if scott3a.sh -of 61.result -k  -cdmfile  -status files -a
2012-06-12 10:29:16,534-0500 INFO  JobSubmissionTaskHandler Submit: in: /var/tmp/scott8sm1000ms-20120612-1027-e0dp83c7 command: /bin/bash /var/tmp/scott8sm1000ms-20120612-1027-e0dp83c7/shared/_swiftwrap a8sm1000ms-lbgzxnsk -jobdir l -scratch  -e /home/skrieder/swift/cuda/8sm1000ms -out 61.result -err stderr.txt -i -d  -if scott3a.sh -of 61.result -k  -cdmfile  -status files -a
2012-06-12 10:29:17,767-0500 INFO  LateBindingScheduler JobQueue: 55
2012-06-12 10:29:17,770-0500 DEBUG vdl:checkjobstatus START jobid=a8sm1000ms-lbgzxnsk
2012-06-12 10:29:17,773-0500 INFO  LateBindingScheduler JobQueue: 55
2012-06-12 10:29:17,774-0500 INFO  vdl:checkjobstatus SUCCESS jobid=a8sm1000ms-lbgzxnsk - Success file found
2012-06-12 10:29:17,774-0500 DEBUG vdl:execute2 STAGING_OUT jobid=a8sm1000ms-lbgzxnsk
2012-06-12 10:29:17,775-0500 INFO  vdl:dostageout START jobid=a8sm1000ms-lbgzxnsk - Staging out files
2012-06-12 10:29:17,775-0500 DEBUG vdl:dostageout stageouts: [[$, c:countfile - Open]]
2012-06-12 10:29:17,778-0500 DEBUG vdl:dostageout FILE_STAGE_OUT_START srcname=61.result srcdir=scott8sm1000ms-20120612-1027-e0dp83c7/shared/ srchost=localhost destdir= desthost=localhost provider=file
2012-06-12 10:29:17,783-0500 INFO  LateBindingScheduler JobQueue: 55
2012-06-12 10:29:17,790-0500 INFO  LateBindingScheduler JobQueue: 55
2012-06-12 10:29:17,792-0500 DEBUG vdl:dostageout FILE_STAGE_OUT_END srcname=61.result srcdir=scott8sm1000ms-20120612-1027-e0dp83c7/shared/ srchost=localhost destdir= desthost=localhost provider=file
2012-06-12 10:29:17,795-0500 INFO  LateBindingScheduler JobQueue: 55
2012-06-12 10:29:17,797-0500 INFO  vdl:dostageout END jobid=a8sm1000ms-lbgzxnsk - Staging out finished
2012-06-12 10:29:17,798-0500 DEBUG vdl:execute2 JOB_END jobid=a8sm1000ms-lbgzxnsk
2012-06-12 10:29:17,800-0500 INFO  vdl:execute END_SUCCESS thread=0-1-61-1 tr=a8sm1000ms
2012-06-12 10:29:17,800-0500 DEBUG countwords PROCEDURE_END line=5
2012-06-12 10:29:17,801-0500 DEBUG vdl:mains FOREACH_IT_END line=13 thread=0-1-61
2012-06-12 10:29:18,296-0500 INFO  WeightedHostScoreScheduler CONTACT_SELECTED host=localhost, score=99.854
2012-06-12 10:29:18,299-0500 DEBUG vdl:execute2 THREAD_ASSOCIATION jobid=a8sm1000ms-mbgzxnsk thread=0-1-9-1-1 host=localhost replicationGroup=tagzxnsk
2012-06-12 10:29:18,302-0500 INFO  vdl:createdirset START jobid=a8sm1000ms-mbgzxnsk host=localhost - Initializing directory structure
2012-06-12 10:29:18,303-0500 INFO  vdl:createdirset END jobid=a8sm1000ms-mbgzxnsk - Done initializing directory structure
2012-06-12 10:29:18,303-0500 INFO  vdl:dostagein START jobid=a8sm1000ms-mbgzxnsk - Staging in files
2012-06-12 10:29:18,308-0500 INFO  LateBindingScheduler JobQueue: 54
2012-06-12 10:29:18,309-0500 DEBUG vdl:dostagein CDM: file://localhost/scott3a.sh : DEFAULT
2012-06-12 10:29:18,311-0500 INFO  vdl:dostagein END jobid=a8sm1000ms-mbgzxnsk - Staging in finished
2012-06-12 10:29:18,312-0500 DEBUG vdl:execute2 JOB_START jobid=a8sm1000ms-mbgzxnsk tr=a8sm1000ms arguments=[] tmpdir=scott8sm1000ms-20120612-1027-e0dp83c7/jobs/m/a8sm1000ms-mbgzxnsk host=localhost
2012-06-12 10:29:18,316-0500 INFO  GridExec TASK_DEFINITION: Task(type=JOB_SUBMISSION, identity=urn:0-1-9-1-1-1339514876536) is /bin/bash shared/_swiftwrap a8sm1000ms-mbgzxnsk -jobdir m -scratch  -e /home/skrieder/swift/cuda/8sm1000ms -out 9.result -err stderr.txt -i -d  -if scott3a.sh -of 9.result -k  -cdmfile  -status files -a
2012-06-12 10:29:18,319-0500 INFO  JobSubmissionTaskHandler Submit: in: /var/tmp/scott8sm1000ms-20120612-1027-e0dp83c7 command: /bin/bash /var/tmp/scott8sm1000ms-20120612-1027-e0dp83c7/shared/_swiftwrap a8sm1000ms-mbgzxnsk -jobdir m -scratch  -e /home/skrieder/swift/cuda/8sm1000ms -out 9.result -err stderr.txt -i -d  -if scott3a.sh -of 9.result -k  -cdmfile  -status files -a
2012-06-12 10:29:32,958-0500 INFO  LateBindingScheduler JobQueue: 54
2012-06-12 10:29:32,960-0500 DEBUG vdl:checkjobstatus START jobid=a8sm1000ms-mbgzxnsk
2012-06-12 10:29:32,963-0500 INFO  LateBindingScheduler JobQueue: 54
2012-06-12 10:29:32,964-0500 INFO  vdl:checkjobstatus SUCCESS jobid=a8sm1000ms-mbgzxnsk - Success file found
2012-06-12 10:29:32,964-0500 DEBUG vdl:execute2 STAGING_OUT jobid=a8sm1000ms-mbgzxnsk
2012-06-12 10:29:32,966-0500 INFO  vdl:dostageout START jobid=a8sm1000ms-mbgzxnsk - Staging out files
2012-06-12 10:29:32,966-0500 DEBUG vdl:dostageout stageouts: [[$, c:countfile - Open]]
2012-06-12 10:29:32,969-0500 DEBUG vdl:dostageout FILE_STAGE_OUT_START srcname=9.result srcdir=scott8sm1000ms-20120612-1027-e0dp83c7/shared/ srchost=localhost destdir= desthost=localhost provider=file
2012-06-12 10:29:32,973-0500 INFO  LateBindingScheduler JobQueue: 54
2012-06-12 10:29:32,980-0500 INFO  LateBindingScheduler JobQueue: 54
2012-06-12 10:29:32,982-0500 DEBUG vdl:dostageout FILE_STAGE_OUT_END srcname=9.result srcdir=scott8sm1000ms-20120612-1027-e0dp83c7/shared/ srchost=localhost destdir= desthost=localhost provider=file
2012-06-12 10:29:32,984-0500 INFO  LateBindingScheduler JobQueue: 54
2012-06-12 10:29:32,986-0500 INFO  vdl:dostageout END jobid=a8sm1000ms-mbgzxnsk - Staging out finished
2012-06-12 10:29:32,988-0500 DEBUG vdl:execute2 JOB_END jobid=a8sm1000ms-mbgzxnsk
2012-06-12 10:29:32,989-0500 INFO  vdl:execute END_SUCCESS thread=0-1-9-1 tr=a8sm1000ms
2012-06-12 10:29:32,990-0500 DEBUG countwords PROCEDURE_END line=5
2012-06-12 10:29:32,993-0500 DEBUG vdl:mains FOREACH_IT_END line=13 thread=0-1-9
2012-06-12 10:29:33,485-0500 INFO  WeightedHostScoreScheduler CONTACT_SELECTED host=localhost, score=99.854
2012-06-12 10:29:33,489-0500 DEBUG vdl:execute2 THREAD_ASSOCIATION jobid=a8sm1000ms-nbgzxnsk thread=0-1-10-1-1 host=localhost replicationGroup=v9gzxnsk
2012-06-12 10:29:33,492-0500 INFO  vdl:createdirset START jobid=a8sm1000ms-nbgzxnsk host=localhost - Initializing directory structure
2012-06-12 10:29:33,493-0500 INFO  vdl:createdirset END jobid=a8sm1000ms-nbgzxnsk - Done initializing directory structure
2012-06-12 10:29:33,494-0500 INFO  vdl:dostagein START jobid=a8sm1000ms-nbgzxnsk - Staging in files
2012-06-12 10:29:33,498-0500 INFO  LateBindingScheduler JobQueue: 53
2012-06-12 10:29:33,499-0500 DEBUG vdl:dostagein CDM: file://localhost/scott3a.sh : DEFAULT
2012-06-12 10:29:33,500-0500 INFO  vdl:dostagein END jobid=a8sm1000ms-nbgzxnsk - Staging in finished
2012-06-12 10:29:33,501-0500 DEBUG vdl:execute2 JOB_START jobid=a8sm1000ms-nbgzxnsk tr=a8sm1000ms arguments=[] tmpdir=scott8sm1000ms-20120612-1027-e0dp83c7/jobs/n/a8sm1000ms-nbgzxnsk host=localhost
2012-06-12 10:29:33,506-0500 INFO  GridExec TASK_DEFINITION: Task(type=JOB_SUBMISSION, identity=urn:0-1-10-1-1-1339514876549) is /bin/bash shared/_swiftwrap a8sm1000ms-nbgzxnsk -jobdir n -scratch  -e /home/skrieder/swift/cuda/8sm1000ms -out 10.result -err stderr.txt -i -d  -if scott3a.sh -of 10.result -k  -cdmfile  -status files -a
2012-06-12 10:29:33,509-0500 INFO  JobSubmissionTaskHandler Submit: in: /var/tmp/scott8sm1000ms-20120612-1027-e0dp83c7 command: /bin/bash /var/tmp/scott8sm1000ms-20120612-1027-e0dp83c7/shared/_swiftwrap a8sm1000ms-nbgzxnsk -jobdir n -scratch  -e /home/skrieder/swift/cuda/8sm1000ms -out 10.result -err stderr.txt -i -d  -if scott3a.sh -of 10.result -k  -cdmfile  -status files -a
2012-06-12 10:29:34,743-0500 INFO  LateBindingScheduler JobQueue: 53
2012-06-12 10:29:34,746-0500 DEBUG vdl:checkjobstatus START jobid=a8sm1000ms-nbgzxnsk
2012-06-12 10:29:34,748-0500 INFO  LateBindingScheduler JobQueue: 53
2012-06-12 10:29:34,749-0500 INFO  vdl:checkjobstatus SUCCESS jobid=a8sm1000ms-nbgzxnsk - Success file found
2012-06-12 10:29:34,750-0500 DEBUG vdl:execute2 STAGING_OUT jobid=a8sm1000ms-nbgzxnsk
2012-06-12 10:29:34,751-0500 INFO  vdl:dostageout START jobid=a8sm1000ms-nbgzxnsk - Staging out files
2012-06-12 10:29:34,751-0500 DEBUG vdl:dostageout stageouts: [[$, c:countfile - Open]]
2012-06-12 10:29:34,753-0500 DEBUG vdl:dostageout FILE_STAGE_OUT_START srcname=10.result srcdir=scott8sm1000ms-20120612-1027-e0dp83c7/shared/ srchost=localhost destdir= desthost=localhost provider=file
2012-06-12 10:29:34,757-0500 INFO  LateBindingScheduler JobQueue: 53
2012-06-12 10:29:34,764-0500 INFO  LateBindingScheduler JobQueue: 53
2012-06-12 10:29:34,765-0500 DEBUG vdl:dostageout FILE_STAGE_OUT_END srcname=10.result srcdir=scott8sm1000ms-20120612-1027-e0dp83c7/shared/ srchost=localhost destdir= desthost=localhost provider=file
2012-06-12 10:29:34,768-0500 INFO  LateBindingScheduler JobQueue: 53
2012-06-12 10:29:34,769-0500 INFO  vdl:dostageout END jobid=a8sm1000ms-nbgzxnsk - Staging out finished
2012-06-12 10:29:34,771-0500 DEBUG vdl:execute2 JOB_END jobid=a8sm1000ms-nbgzxnsk
2012-06-12 10:29:34,772-0500 INFO  vdl:execute END_SUCCESS thread=0-1-10-1 tr=a8sm1000ms
2012-06-12 10:29:34,773-0500 DEBUG countwords PROCEDURE_END line=5
2012-06-12 10:29:34,773-0500 DEBUG vdl:mains FOREACH_IT_END line=13 thread=0-1-10
2012-06-12 10:29:35,269-0500 INFO  WeightedHostScoreScheduler CONTACT_SELECTED host=localhost, score=99.854
2012-06-12 10:29:35,272-0500 DEBUG vdl:execute2 THREAD_ASSOCIATION jobid=a8sm1000ms-obgzxnsk thread=0-1-3-1-1 host=localhost replicationGroup=1bgzxnsk
2012-06-12 10:29:35,275-0500 INFO  vdl:createdirset START jobid=a8sm1000ms-obgzxnsk host=localhost - Initializing directory structure
2012-06-12 10:29:35,276-0500 INFO  vdl:createdirset END jobid=a8sm1000ms-obgzxnsk - Done initializing directory structure
2012-06-12 10:29:35,277-0500 INFO  vdl:dostagein START jobid=a8sm1000ms-obgzxnsk - Staging in files
2012-06-12 10:29:35,281-0500 INFO  LateBindingScheduler JobQueue: 52
2012-06-12 10:29:35,282-0500 DEBUG vdl:dostagein CDM: file://localhost/scott3a.sh : DEFAULT
2012-06-12 10:29:35,283-0500 INFO  vdl:dostagein END jobid=a8sm1000ms-obgzxnsk - Staging in finished
2012-06-12 10:29:35,284-0500 DEBUG vdl:execute2 JOB_START jobid=a8sm1000ms-obgzxnsk tr=a8sm1000ms arguments=[] tmpdir=scott8sm1000ms-20120612-1027-e0dp83c7/jobs/o/a8sm1000ms-obgzxnsk host=localhost
2012-06-12 10:29:35,289-0500 INFO  GridExec TASK_DEFINITION: Task(type=JOB_SUBMISSION, identity=urn:0-1-3-1-1-1339514876562) is /bin/bash shared/_swiftwrap a8sm1000ms-obgzxnsk -jobdir o -scratch  -e /home/skrieder/swift/cuda/8sm1000ms -out 3.result -err stderr.txt -i -d  -if scott3a.sh -of 3.result -k  -cdmfile  -status files -a
2012-06-12 10:29:35,292-0500 INFO  JobSubmissionTaskHandler Submit: in: /var/tmp/scott8sm1000ms-20120612-1027-e0dp83c7 command: /bin/bash /var/tmp/scott8sm1000ms-20120612-1027-e0dp83c7/shared/_swiftwrap a8sm1000ms-obgzxnsk -jobdir o -scratch  -e /home/skrieder/swift/cuda/8sm1000ms -out 3.result -err stderr.txt -i -d  -if scott3a.sh -of 3.result -k  -cdmfile  -status files -a
