2012-06-06 18:44:57,376-0500 DEBUG Loader arguments: [-tc.file, tc.data, -sites.file, 0-throttle-sites.xml, scott1sm10msB.swift]
2012-06-06 18:44:57,377-0500 DEBUG Loader Max heap: 252248064
2012-06-06 18:44:57,378-0500 DEBUG textfiles BEGIN SWIFTSCRIPT:

type messagefile; 
type countfile; 

app (countfile t) countwords (messagefile f) {   
     a1sm10ms stdout=@filename(t);
}

string inputNames = "test1 test2 test3 test4";

messagefile inputfiles[] <fixed_array_mapper;files=inputNames>;

foreach f,i in inputfiles {
  countfile c <single_file_mapper; file=@strcat(i, ".result")>;
  c = countwords(f);
}


2012-06-06 18:44:57,378-0500 DEBUG textfiles END SWIFTSCRIPT:
2012-06-06 18:44:57,378-0500 INFO  Loader scott1sm10msB.swift: source file is new. Recompiling.
2012-06-06 18:44:57,378-0500 DEBUG Loader kmlversion is >239b8550-a5ff-44be-a124-5e7ecd70737d<
2012-06-06 18:44:57,378-0500 DEBUG Loader build version is >239b8550-a5ff-44be-a124-5e7ecd70737d<
2012-06-06 18:44:57,940-0500 INFO  Karajan Validation of XML intermediate file was successful
2012-06-06 18:44:58,130-0500 DEBUG Loader setting: sites.file to: 0-throttle-sites.xml
2012-06-06 18:44:58,130-0500 DEBUG Loader setting: tc.file to: tc.data
2012-06-06 18:44:58,132-0500 DEBUG textfiles BEGIN SITES:
<config>

<!-- sites.xml specifies details of the sites that Swift can run on.

The first entry entry, for localhost, should work on most linux-like systems
without any change.

It may be necessary to change the two occurences of /var/tmp to a different
working directory.

The jobThrottle profile is set to 0 so that Swift will not try to run more
than two jobs at once (the minimum) when using the local sites. This is
appropriate for local execution, but make sure if/when using another
execution mechanism to submit to an HPC resource that this jobThrottle
is removed.

-->


  <pool handle="localhost">
    <filesystem provider="local" />
    <execution provider="local" />
    <workdirectory >/var/tmp</workdirectory>
    <profile namespace="karajan" key="jobThrottle">.01</profile>
    <profile namespace="karajan" key="initialScore">10000</profile>
  </pool>





<!-- The remainder of this file is commented out by default. It contains
example site definitions for a number of sites on TeraGrid and OSG.

How this list was constructed:

1. Teragrid
http://www.teragrid.org/userinfo/hardware/resources.php
fill out the gatekeeper info and the gridftp hostname
for the storage/workspace, login into the machine, and make yourself a
temporary directory

2. OSG
http://osg-cat.grid.iu.edu/index.php?site_name=osgcat
sort by CPUs
Add the gatekeeper hostname into the jobmanager name and into the gridftp url
Add the ($TMP) or ($WNTMP) to the storage element in the gridftp url AND
into the workspace element

TODO by user:
customize the storage and workdirectory to use your personal working directories

-->


<!--
  <pool handle="skynet" >
    <gridftp url="gsiftp://skynet-login.isi.edu" > 
    </gridftp>
    <jobmanager universe="vanilla" url="skynet-login.isi.edu/jobmanager-fork" major="2" />
    <workdirectory >/nfs/scratch01/tiberius</workdirectory>
  </pool>
-->
<!--
  <pool handle="teraport" >
    <gridftp  url="gsiftp://tp-grid1.uchicago.edu" /> 
    <jobmanager universe="vanilla" url="tp-grid1.uchicago.edu/jobmanager-pbs" major="2" />
    <workdirectory >/home/tiberius/scratch/SWIFT-WORK</workdirectory>
  </pool>
-->
<!--
<pool handle="ncsa_32" >
    <gridftp  url="gsiftp://login-w.ncsa.teragrid.org" />
    <jobmanager universe="vanilla" url="grid-w.ncsa.teragrid.org/jobmanager" major="2" /> 
    <workdirectory >/u/ac/tstef</workdirectory>
</pool>
-->
<!--
<pool handle="purdue" >
    <gridftp  url="gsiftp://tg-data.purdue.teragrid.org" />
    <jobmanager universe="vanilla" url="tg-gatekeeper.purdue.teragrid.org" major="2" />
    <workdirectory >/scratch/teragrid/stef</workdirectory>
</pool>
-->
<!-- 
<pool handle="tacc" >
    <gridftp  url="gsiftp://tg-gridftp.lonestar.tacc.teragrid.org" />
    <jobmanager universe="vanilla" url="tg-login.tacc.teragrid.org/jobmanager-lsf" major="2" />
    <workdirectory >/work/teragrid/tstef</workdirectory>
</pool>
-->
<!-- 
<pool handle="UC" >
    <gridftp url="gsiftp://tg-gridftp.uc.teragrid.org" />
    <execution provider="gt4" jobmanager="PBS" url="tg-grid.uc.teragrid.org" />
    <workdirectory >/disks/scratchgpfs1/tstef</workdirectory>
</pool>
 -->
 
<!-- OSG SITES -->
<!-- 
<pool handle="OSG_LIGO_PSU" >
    <gridftp  url="gsiftp://grid3.aset.psu.edu" />
    <jobmanager universe="vanilla" url="grid3.aset.psu.edu/jobmanager-pbs" major="2" />
    <workdirectory >/usr1/grid3/data</workdirectory>
</pool>
 -->
<!-- 
<pool handle="fnal" >
    <gridftp  url="gsiftp://fngp-osg.fnal.gov" />
    <jobmanager universe="vanilla" url="fngp-osg.fnal.gov/jobmanager-pbs" major="2" minor="2" />
    <workdirectory >/grid/data</workdirectory>
</pool>
-->
<!-- 
<pool handle="prod_slac" >
    <gridftp  url="gsiftp://osgserv01.slac.stanford.edu" />
    <jobmanager universe="vanilla" url="osgserv01.slac.stanford.edu/jobmanager-lsf" major="2" />
    <workdirectory >/nfs/slac/g/grid/osg/data</workdirectory>
</pool>
-->
<!-- 
<pool handle="bnl_atlas_2" >
    <gridftp  url="gsiftp://gridgk02.racf.bnl.gov" />
    <jobmanager universe="vanilla" url="gridgk02.racf.bnl.gov/jobmanager-condor" major="2" />
    <workdirectory >/usatlas/prodjob/share/</workdirectory>
</pool>
-->
<!--
<pool handle="unm_hpc" >
    <gridftp  url="gsiftp://milta.alliance.unm.edu" />
    <jobmanager universe="vanilla" url="milta.alliance.unm.edu/jobmanager-pbs" major="2" />
    <workdirectory >/tmp</workdirectory>
</pool>
-->
<!--  
<pool handle="UWM_CMS" >
    <gridftp  url="gsiftp://cmsgrid02.hep.wisc.edu" />
    <jobmanager universe="vanilla" url="cmsgrid02.hep.wisc.edu/jobmanager-condor" major="2" />
    <workdirectory >/tmp</workdirectory>
</pool>
-->

</config>


2012-06-06 18:44:58,133-0500 DEBUG textfiles END SITES:
2012-06-06 18:44:58,137-0500 INFO  VDL2ExecutionContext Stack dump:
Level 1
[iA = 0, iB = 0, bA = false, bB = false]
	vdl:instanceconfig = Swift configuration []
	vdl:operation = run
	swift.home = /usr/local/swift/bin/..
	PATH_SEPARATOR = /


2012-06-06 18:44:58,765-0500 INFO  unknown Using sites file: 0-throttle-sites.xml
2012-06-06 18:44:58,801-0500 INFO  unknown Using tc.data: tc.data
2012-06-06 18:44:58,906-0500 INFO  AbstractScheduler Setting resources to: {localhost=localhost}
2012-06-06 18:44:59,566-0500 INFO  unknown Swift 0.93 swift-r5483 cog-r3339

2012-06-06 18:44:59,567-0500 INFO  unknown RUNID id=run:20120606-1844-7mzhctte
2012-06-06 18:44:59,639-0500 INFO  SetFieldValue Set: inputNames=test1 test2 test3 test4
2012-06-06 18:44:59,666-0500 INFO  RootDataNode Found data inputfiles:messagefile[] - Open.[0]
2012-06-06 18:44:59,666-0500 INFO  RootDataNode Found data inputfiles:messagefile[] - Open.[1]
2012-06-06 18:44:59,666-0500 INFO  RootDataNode Found data inputfiles:messagefile[] - Open.[2]
2012-06-06 18:44:59,666-0500 INFO  RootDataNode Found data inputfiles:messagefile[] - Open.[3]
2012-06-06 18:44:59,669-0500 DEBUG vdl:mains FOREACH_IT_START line=13 thread=0-1-1
2012-06-06 18:44:59,670-0500 DEBUG vdl:mains FOREACH_IT_START line=13 thread=0-1-0
2012-06-06 18:44:59,670-0500 DEBUG vdl:mains FOREACH_IT_START line=13 thread=0-1-2
2012-06-06 18:44:59,670-0500 DEBUG vdl:mains SCOPE thread=0-1-1
2012-06-06 18:44:59,670-0500 DEBUG vdl:mains SCOPE thread=0-1-0
2012-06-06 18:44:59,670-0500 DEBUG vdl:mains SCOPE thread=0-1-2
2012-06-06 18:44:59,670-0500 DEBUG vdl:mains FOREACH_IT_START line=13 thread=0-1-3
2012-06-06 18:44:59,672-0500 DEBUG vdl:mains SCOPE thread=0-1-3
2012-06-06 18:44:59,678-0500 INFO  SetFieldValue Set: swift#mapper#17001=0.result
2012-06-06 18:44:59,679-0500 INFO  SetFieldValue Set: swift#mapper#17001=1.result
2012-06-06 18:44:59,682-0500 INFO  SetFieldValue Set: swift#mapper#17001=2.result
2012-06-06 18:44:59,682-0500 INFO  SetFieldValue Set: swift#mapper#17001=3.result
2012-06-06 18:44:59,682-0500 DEBUG countwords PROCEDURE line=5 thread=0-1-0-1 name=countwords
2012-06-06 18:44:59,683-0500 DEBUG countwords PROCEDURE line=5 thread=0-1-1-1 name=countwords
2012-06-06 18:44:59,684-0500 DEBUG countwords PROCEDURE line=5 thread=0-1-3-1 name=countwords
2012-06-06 18:44:59,685-0500 INFO  RootDataNode Found mapped data c:countfile - Open.$
2012-06-06 18:44:59,685-0500 INFO  RootDataNode Found mapped data c:countfile - Open.$
2012-06-06 18:44:59,685-0500 INFO  RootDataNode Found mapped data c:countfile - Open.$
2012-06-06 18:44:59,685-0500 DEBUG countwords PROCEDURE line=5 thread=0-1-2-1 name=countwords
2012-06-06 18:44:59,685-0500 INFO  RootDataNode Found mapped data c:countfile - Open.$
2012-06-06 18:44:59,694-0500 INFO  vdl:execute START thread=0-1-1-1 tr=a1sm10ms
2012-06-06 18:44:59,694-0500 INFO  vdl:execute START thread=0-1-2-1 tr=a1sm10ms
2012-06-06 18:44:59,694-0500 INFO  vdl:execute START thread=0-1-3-1 tr=a1sm10ms
2012-06-06 18:44:59,694-0500 INFO  vdl:execute START thread=0-1-0-1 tr=a1sm10ms
2012-06-06 18:44:59,711-0500 INFO  WeightedHostScoreScheduler CONTACT_SELECTED host=localhost, score=99.854
2012-06-06 18:44:59,712-0500 INFO  WeightedHostScoreScheduler CONTACT_SELECTED host=localhost, score=99.854
2012-06-06 18:44:59,715-0500 INFO  GlobalSubmitQueue No global submit throttle set. Using default (1024)
2012-06-06 18:44:59,718-0500 INFO  LateBindingScheduler JobQueue: 2
2012-06-06 18:44:59,721-0500 INFO  LateBindingScheduler JobQueue: 2
2012-06-06 18:44:59,726-0500 INFO  vdl:initshareddir START host=localhost - Initializing shared directory
2012-06-06 18:44:59,730-0500 INFO  LateBindingScheduler JobQueue: 2
2012-06-06 18:44:59,746-0500 INFO  LateBindingScheduler JobQueue: 2
2012-06-06 18:44:59,749-0500 INFO  LateBindingScheduler JobQueue: 2
2012-06-06 18:44:59,752-0500 INFO  LateBindingScheduler JobQueue: 2
2012-06-06 18:44:59,755-0500 INFO  LateBindingScheduler JobQueue: 2
2012-06-06 18:44:59,763-0500 INFO  LateBindingScheduler JobQueue: 2
2012-06-06 18:44:59,766-0500 INFO  vdl:initshareddir END host=localhost - Done initializing shared directory
2012-06-06 18:44:59,774-0500 DEBUG vdl:execute2 THREAD_ASSOCIATION jobid=a1sm10ms-vg2emesk thread=0-1-0-1-1 host=localhost replicationGroup=qg2emesk
2012-06-06 18:44:59,774-0500 DEBUG vdl:execute2 THREAD_ASSOCIATION jobid=a1sm10ms-ug2emesk thread=0-1-1-1-1 host=localhost replicationGroup=tg2emesk
2012-06-06 18:44:59,798-0500 INFO  vdl:createdirset START jobid=a1sm10ms-vg2emesk host=localhost - Initializing directory structure
2012-06-06 18:44:59,798-0500 INFO  vdl:createdirset START jobid=a1sm10ms-ug2emesk host=localhost - Initializing directory structure
2012-06-06 18:44:59,800-0500 INFO  vdl:createdirset END jobid=a1sm10ms-ug2emesk - Done initializing directory structure
2012-06-06 18:44:59,800-0500 INFO  vdl:createdirset END jobid=a1sm10ms-vg2emesk - Done initializing directory structure
2012-06-06 18:44:59,803-0500 INFO  vdl:dostagein START jobid=a1sm10ms-vg2emesk - Staging in files
2012-06-06 18:44:59,803-0500 INFO  vdl:dostagein START jobid=a1sm10ms-ug2emesk - Staging in files
2012-06-06 18:44:59,829-0500 INFO  LateBindingScheduler JobQueue: 2
2012-06-06 18:44:59,829-0500 INFO  LateBindingScheduler JobQueue: 2
2012-06-06 18:44:59,841-0500 DEBUG vdl:dostagein CDM: file://localhost/test1 : DEFAULT
2012-06-06 18:44:59,841-0500 DEBUG vdl:dostagein CDM: file://localhost/test2 : DEFAULT
2012-06-06 18:44:59,858-0500 DEBUG vdl:dostageinfile FILE_STAGE_IN_START file=test1 srchost=localhost srcdir= srcname=test1 desthost=localhost destdir=scott1sm10msB-20120606-1844-7mzhctte/shared/ provider=file policy=DEFAULT
2012-06-06 18:44:59,858-0500 DEBUG vdl:dostageinfile FILE_STAGE_IN_START file=test2 srchost=localhost srcdir= srcname=test2 desthost=localhost destdir=scott1sm10msB-20120606-1844-7mzhctte/shared/ provider=file policy=DEFAULT
2012-06-06 18:44:59,867-0500 INFO  LateBindingScheduler JobQueue: 2
2012-06-06 18:44:59,867-0500 INFO  LateBindingScheduler JobQueue: 2
2012-06-06 18:44:59,869-0500 DEBUG vdl:dostageinfile FILE_STAGE_IN_END file=test2 srchost=localhost srcdir= srcname=test2 desthost=localhost destdir=scott1sm10msB-20120606-1844-7mzhctte/shared/ provider=file
2012-06-06 18:44:59,869-0500 DEBUG vdl:dostageinfile FILE_STAGE_IN_END file=test1 srchost=localhost srcdir= srcname=test1 desthost=localhost destdir=scott1sm10msB-20120606-1844-7mzhctte/shared/ provider=file
2012-06-06 18:44:59,871-0500 INFO  vdl:dostagein END jobid=a1sm10ms-ug2emesk - Staging in finished
2012-06-06 18:44:59,871-0500 INFO  vdl:dostagein END jobid=a1sm10ms-vg2emesk - Staging in finished
2012-06-06 18:44:59,877-0500 DEBUG vdl:execute2 JOB_START jobid=a1sm10ms-vg2emesk tr=a1sm10ms arguments=[] tmpdir=scott1sm10msB-20120606-1844-7mzhctte/jobs/v/a1sm10ms-vg2emesk host=localhost
2012-06-06 18:44:59,877-0500 DEBUG vdl:execute2 JOB_START jobid=a1sm10ms-ug2emesk tr=a1sm10ms arguments=[] tmpdir=scott1sm10msB-20120606-1844-7mzhctte/jobs/u/a1sm10ms-ug2emesk host=localhost
2012-06-06 18:44:59,891-0500 DEBUG textfiles BEGIN TC:
#This is the transformation catalog.
#
#It comes pre-configured with a number of simple transformations with
#paths that are likely to work on a linux box. However, on some systems,
#the paths to these executables will be different (for example, sometimes
#some of these programs are found in /usr/bin rather than in /bin)
#
#NOTE WELL: fields in this file must be separated by tabs, not spaces; and
#there must be no trailing whitespace at the end of each line.
#
# sitename  transformation  path   INSTALLED  platform  profiles
localhost 	echo 		/bin/echo	INSTALLED	INTEL32::LINUX	null
localhost 	cat 		/bin/cat	INSTALLED	INTEL32::LINUX	null
localhost 	ls 		/bin/ls		INSTALLED	INTEL32::LINUX	null
localhost 	grep 		/bin/grep	INSTALLED	INTEL32::LINUX	null
localhost 	sort 		/bin/sort	INSTALLED	INTEL32::LINUX	null
localhost 	paste 		/bin/paste	INSTALLED	INTEL32::LINUX	null
localhost 	cp 		/bin/cp         INSTALLED	INTEL32::LINUX	null
localhost 	touch 		/bin/touch      INSTALLED	INTEL32::LINUX	null
localhost	wc		/usr/bin/wc	INSTALLED	INTEL32::LINUX	null
localhost	sh		/bin/wc		INSTALLED	INTEL32::LINUX	null
localhost	scott3a		/home/skrieder/swift/multi/scott3a.sh		INSTALLED	INTEL32::LINUX	null
localhost	scott3b		/home/skrieder/swift/multi/scott3b.sh		INSTALLED	INTEL32::LINUX	null
localhost	cka		/home/skrieder/swift/cuda/1sm1ms		INSTALLED	INTEL32::LINUX	null
localhost	a1sm0ms		/home/skrieder/swift/cuda/1sm0ms		INSTALLED	INTEL32::LINUX	null
localhost	a1sm1ms		/home/skrieder/swift/cuda/1sm1ms		INSTALLED	INTEL32::LINUX	null
localhost	a1sm10ms	/home/skrieder/swift/cuda/1sm10ms		INSTALLED	INTEL32::LINUX	null
localhost	a1sm100ms	/home/skrieder/swift/cuda/1sm100ms		INSTALLED	INTEL32::LINUX	null
localhost	a2sm0ms		/home/skrieder/swift/cuda/2sm0ms		INSTALLED	INTEL32::LINUX	null
localhost	a2sm1ms		/home/skrieder/swift/cuda/2sm1ms		INSTALLED	INTEL32::LINUX	null
localhost	a2sm10ms	/home/skrieder/swift/cuda/2sm10ms		INSTALLED	INTEL32::LINUX	null
localhost	a2sm100ms	/home/skrieder/swift/cuda/2sm100ms		INSTALLED	INTEL32::LINUX	null
localhost	a4sm0ms		/home/skrieder/swift/cuda/4sm0ms		INSTALLED	INTEL32::LINUX	null
localhost	a4sm1ms		/home/skrieder/swift/cuda/4sm1ms		INSTALLED	INTEL32::LINUX	null
localhost	a4sm10ms	/home/skrieder/swift/cuda/4sm10ms		INSTALLED	INTEL32::LINUX	null
localhost	a4sm100ms	/home/skrieder/swift/cuda/4sm100ms		INSTALLED	INTEL32::LINUX	null
localhost	a8sm0ms		/home/skrieder/swift/cuda/8sm0ms		INSTALLED	INTEL32::LINUX	null
localhost	a8sm1ms		/home/skrieder/swift/cuda/8sm1ms		INSTALLED	INTEL32::LINUX	null
localhost	a8sm10ms	/home/skrieder/swift/cuda/8sm10ms		INSTALLED	INTEL32::LINUX	null
localhost	a8sm100ms	/home/skrieder/swift/cuda/8sm100ms		INSTALLED	INTEL32::LINUX	null
localhost	a16sm0ms	/home/skrieder/swift/cuda/16sm0ms		INSTALLED	INTEL32::LINUX	null
localhost	a16sm1ms	/home/skrieder/swift/cuda/16sm1ms		INSTALLED	INTEL32::LINUX	null
localhost	a16sm10ms	/home/skrieder/swift/cuda/16sm10ms		INSTALLED	INTEL32::LINUX	null
localhost	a16sm100ms	/home/skrieder/swift/cuda/16sm100ms		INSTALLED	INTEL32::LINUX	null
localhost	sleep0ms	/home/skrieder/swift/c/sleep0ms			INSTALLED	INTEL32::LINUX	null
localhost	sleep1ms	/home/skrieder/swift/c/sleep1ms			INSTALLED	INTEL32::LINUX	null
localhost	sleep10ms	/home/skrieder/swift/c/sleep10ms		INSTALLED	INTEL32::LINUX	null
localhost	sleep100ms	/home/skrieder/swift/c/sleep100ms			INSTALLED	INTEL32::LINUX	null
localhost	sleep1000ms	/home/skrieder/swift/c/sleep1000ms			INSTALLED	INTEL32::LINUX	null
localhost	sleep10000ms	/home/skrieder/swift/c/sleep10000ms			INSTALLED	INTEL32::LINUX	null
localhost	hello		/home/skrieder/swift/multi/hello			INSTALLED	INTEL32::LINUX	null


2012-06-06 18:44:59,892-0500 DEBUG textfiles END TC:
2012-06-06 18:44:59,915-0500 INFO  GridExec TASK_DEFINITION: Task(type=JOB_SUBMISSION, identity=urn:0-1-1-1-1-1339026298810) is /bin/bash shared/_swiftwrap a1sm10ms-ug2emesk -jobdir u -scratch  -e /home/skrieder/swift/cuda/1sm10ms -out 1.result -err stderr.txt -i -d  -if test2 -of 1.result -k  -cdmfile  -status files -a
2012-06-06 18:44:59,916-0500 INFO  GridExec TASK_DEFINITION: Task(type=JOB_SUBMISSION, identity=urn:0-1-0-1-1-1339026298811) is /bin/bash shared/_swiftwrap a1sm10ms-vg2emesk -jobdir v -scratch  -e /home/skrieder/swift/cuda/1sm10ms -out 0.result -err stderr.txt -i -d  -if test1 -of 0.result -k  -cdmfile  -status files -a
2012-06-06 18:44:59,933-0500 INFO  JobSubmissionTaskHandler Submit: in: /var/tmp/scott1sm10msB-20120606-1844-7mzhctte command: /bin/bash /var/tmp/scott1sm10msB-20120606-1844-7mzhctte/shared/_swiftwrap a1sm10ms-vg2emesk -jobdir v -scratch  -e /home/skrieder/swift/cuda/1sm10ms -out 0.result -err stderr.txt -i -d  -if test1 -of 0.result -k  -cdmfile  -status files -a
2012-06-06 18:44:59,933-0500 INFO  JobSubmissionTaskHandler Submit: in: /var/tmp/scott1sm10msB-20120606-1844-7mzhctte command: /bin/bash /var/tmp/scott1sm10msB-20120606-1844-7mzhctte/shared/_swiftwrap a1sm10ms-ug2emesk -jobdir u -scratch  -e /home/skrieder/swift/cuda/1sm10ms -out 1.result -err stderr.txt -i -d  -if test2 -of 1.result -k  -cdmfile  -status files -a
2012-06-06 18:45:00,292-0500 INFO  LateBindingScheduler JobQueue: 2
2012-06-06 18:45:00,314-0500 DEBUG vdl:checkjobstatus START jobid=a1sm10ms-vg2emesk
2012-06-06 18:45:00,326-0500 INFO  LateBindingScheduler JobQueue: 2
2012-06-06 18:45:00,328-0500 INFO  vdl:checkerrorfile FAILURE jobid=a1sm10ms-vg2emesk - Failure file found
2012-06-06 18:45:00,332-0500 INFO  LateBindingScheduler JobQueue: 2
2012-06-06 18:45:00,335-0500 INFO  LateBindingScheduler JobQueue: 2
2012-06-06 18:45:00,336-0500 INFO  LateBindingScheduler JobQueue: 2
2012-06-06 18:45:00,340-0500 DEBUG vdl:execute2 STAGING_OUT jobid=a1sm10ms-vg2emesk
2012-06-06 18:45:00,344-0500 INFO  vdl:dostageout START jobid=a1sm10ms-vg2emesk - Staging out files
2012-06-06 18:45:00,345-0500 DEBUG vdl:dostageout stageouts: [[$, c:countfile - Open]]
2012-06-06 18:45:00,365-0500 DEBUG vdl:dostageout FILE_STAGE_OUT_START srcname=0.result srcdir=scott1sm10msB-20120606-1844-7mzhctte/shared/ srchost=localhost destdir= desthost=localhost provider=file
2012-06-06 18:45:00,367-0500 INFO  LateBindingScheduler JobQueue: 2
2012-06-06 18:45:00,373-0500 INFO  LateBindingScheduler JobQueue: 2
2012-06-06 18:45:00,376-0500 DEBUG vdl:checkjobstatus START jobid=a1sm10ms-ug2emesk
2012-06-06 18:45:00,379-0500 INFO  LateBindingScheduler JobQueue: 2
2012-06-06 18:45:00,381-0500 INFO  vdl:checkjobstatus SUCCESS jobid=a1sm10ms-ug2emesk - Success file found
2012-06-06 18:45:00,382-0500 DEBUG vdl:execute2 STAGING_OUT jobid=a1sm10ms-ug2emesk
2012-06-06 18:45:00,384-0500 INFO  vdl:dostageout START jobid=a1sm10ms-ug2emesk - Staging out files
2012-06-06 18:45:00,385-0500 DEBUG vdl:dostageout stageouts: [[$, c:countfile - Open]]
2012-06-06 18:45:00,393-0500 DEBUG vdl:dostageout FILE_STAGE_OUT_START srcname=1.result srcdir=scott1sm10msB-20120606-1844-7mzhctte/shared/ srchost=localhost destdir= desthost=localhost provider=file
2012-06-06 18:45:00,395-0500 INFO  LateBindingScheduler JobQueue: 2
2012-06-06 18:45:00,397-0500 INFO  LateBindingScheduler JobQueue: 2
2012-06-06 18:45:00,399-0500 INFO  vdl:checkerrorfile NO_STATUS_FILE jobid=a1sm10ms-vg2emesk - Error file missing
2012-06-06 18:45:00,401-0500 INFO  LateBindingScheduler JobQueue: 2
2012-06-06 18:45:00,403-0500 DEBUG vdl:dostageout FILE_STAGE_OUT_END srcname=1.result srcdir=scott1sm10msB-20120606-1844-7mzhctte/shared/ srchost=localhost destdir= desthost=localhost provider=file
2012-06-06 18:45:00,404-0500 DEBUG vdl:execute2 APPLICATION_EXCEPTION jobid=a1sm10ms-vg2emesk - Application exception: null
Caused by: org.globus.cog.abstraction.impl.file.FileNotFoundException: File not found: /var/tmp/scott1sm10msB-20120606-1844-7mzhctte/shared/0.result
2012-06-06 18:45:00,407-0500 INFO  LateBindingScheduler JobQueue: 2
2012-06-06 18:45:00,417-0500 INFO  vdl:dostageout END jobid=a1sm10ms-ug2emesk - Staging out finished
2012-06-06 18:45:00,426-0500 INFO  LateBindingScheduler JobQueue: 2
2012-06-06 18:45:00,427-0500 DEBUG vdl:execute2 JOB_END jobid=a1sm10ms-ug2emesk
2012-06-06 18:45:00,429-0500 INFO  WeightedHostScoreScheduler CONTACT_SELECTED host=localhost, score=99.854
2012-06-06 18:45:00,430-0500 INFO  vdl:execute END_SUCCESS thread=0-1-1-1 tr=a1sm10ms
2012-06-06 18:45:00,431-0500 INFO  LateBindingScheduler JobQueue: 1
2012-06-06 18:45:00,433-0500 DEBUG countwords PROCEDURE_END line=5
2012-06-06 18:45:00,435-0500 DEBUG vdl:mains FOREACH_IT_END line=13 thread=0-1-1
2012-06-06 18:45:00,436-0500 DEBUG vdl:execute2 THREAD_ASSOCIATION jobid=a1sm10ms-xg2emesk thread=0-1-2-1-1 host=localhost replicationGroup=rg2emesk
2012-06-06 18:45:00,437-0500 INFO  LateBindingScheduler JobQueue: 1
2012-06-06 18:45:00,441-0500 INFO  LateBindingScheduler JobQueue: 1
2012-06-06 18:45:00,446-0500 INFO  vdl:createdirset START jobid=a1sm10ms-xg2emesk host=localhost - Initializing directory structure
2012-06-06 18:45:00,447-0500 INFO  vdl:createdirset END jobid=a1sm10ms-xg2emesk - Done initializing directory structure
2012-06-06 18:45:00,449-0500 INFO  vdl:dostagein START jobid=a1sm10ms-xg2emesk - Staging in files
2012-06-06 18:45:00,451-0500 INFO  LateBindingScheduler JobQueue: 1
2012-06-06 18:45:00,456-0500 INFO  LateBindingScheduler JobQueue: 1
2012-06-06 18:45:00,458-0500 DEBUG vdl:dostagein CDM: file://localhost/test3 : DEFAULT
2012-06-06 18:45:00,462-0500 DEBUG vdl:dostageinfile FILE_STAGE_IN_START file=test3 srchost=localhost srcdir= srcname=test3 desthost=localhost destdir=scott1sm10msB-20120606-1844-7mzhctte/shared/ provider=file policy=DEFAULT
2012-06-06 18:45:00,465-0500 INFO  WeightedHostScoreScheduler CONTACT_SELECTED host=localhost, score=99.854
2012-06-06 18:45:00,468-0500 INFO  LateBindingScheduler JobQueue: 0
2012-06-06 18:45:00,469-0500 DEBUG vdl:dostageinfile FILE_STAGE_IN_END file=test3 srchost=localhost srcdir= srcname=test3 desthost=localhost destdir=scott1sm10msB-20120606-1844-7mzhctte/shared/ provider=file
2012-06-06 18:45:00,470-0500 INFO  vdl:dostagein END jobid=a1sm10ms-xg2emesk - Staging in finished
2012-06-06 18:45:00,471-0500 DEBUG vdl:execute2 THREAD_ASSOCIATION jobid=a1sm10ms-zg2emesk thread=0-1-3-1-1 host=localhost replicationGroup=sg2emesk
2012-06-06 18:45:00,473-0500 DEBUG vdl:execute2 JOB_START jobid=a1sm10ms-xg2emesk tr=a1sm10ms arguments=[] tmpdir=scott1sm10msB-20120606-1844-7mzhctte/jobs/x/a1sm10ms-xg2emesk host=localhost
2012-06-06 18:45:00,481-0500 INFO  vdl:createdirset START jobid=a1sm10ms-zg2emesk host=localhost - Initializing directory structure
2012-06-06 18:45:00,482-0500 INFO  vdl:createdirset END jobid=a1sm10ms-zg2emesk - Done initializing directory structure
2012-06-06 18:45:00,484-0500 INFO  vdl:dostagein START jobid=a1sm10ms-zg2emesk - Staging in files
2012-06-06 18:45:00,484-0500 INFO  GridExec TASK_DEFINITION: Task(type=JOB_SUBMISSION, identity=urn:0-1-2-1-1-1339026298865) is /bin/bash shared/_swiftwrap a1sm10ms-xg2emesk -jobdir x -scratch  -e /home/skrieder/swift/cuda/1sm10ms -out 2.result -err stderr.txt -i -d  -if test3 -of 2.result -k  -cdmfile  -status files -a
2012-06-06 18:45:00,485-0500 INFO  JobSubmissionTaskHandler Submit: in: /var/tmp/scott1sm10msB-20120606-1844-7mzhctte command: /bin/bash /var/tmp/scott1sm10msB-20120606-1844-7mzhctte/shared/_swiftwrap a1sm10ms-xg2emesk -jobdir x -scratch  -e /home/skrieder/swift/cuda/1sm10ms -out 2.result -err stderr.txt -i -d  -if test3 -of 2.result -k  -cdmfile  -status files -a
2012-06-06 18:45:00,490-0500 INFO  LateBindingScheduler JobQueue: 1
2012-06-06 18:45:00,491-0500 DEBUG vdl:dostagein CDM: file://localhost/test4 : DEFAULT
2012-06-06 18:45:00,494-0500 DEBUG vdl:dostageinfile FILE_STAGE_IN_START file=test4 srchost=localhost srcdir= srcname=test4 desthost=localhost destdir=scott1sm10msB-20120606-1844-7mzhctte/shared/ provider=file policy=DEFAULT
2012-06-06 18:45:00,497-0500 INFO  LateBindingScheduler JobQueue: 1
2012-06-06 18:45:00,499-0500 DEBUG vdl:dostageinfile FILE_STAGE_IN_END file=test4 srchost=localhost srcdir= srcname=test4 desthost=localhost destdir=scott1sm10msB-20120606-1844-7mzhctte/shared/ provider=file
2012-06-06 18:45:00,500-0500 INFO  vdl:dostagein END jobid=a1sm10ms-zg2emesk - Staging in finished
2012-06-06 18:45:00,502-0500 DEBUG vdl:execute2 JOB_START jobid=a1sm10ms-zg2emesk tr=a1sm10ms arguments=[] tmpdir=scott1sm10msB-20120606-1844-7mzhctte/jobs/z/a1sm10ms-zg2emesk host=localhost
2012-06-06 18:45:00,515-0500 INFO  GridExec TASK_DEFINITION: Task(type=JOB_SUBMISSION, identity=urn:0-1-3-1-1-1339026298872) is /bin/bash shared/_swiftwrap a1sm10ms-zg2emesk -jobdir z -scratch  -e /home/skrieder/swift/cuda/1sm10ms -out 3.result -err stderr.txt -i -d  -if test4 -of 3.result -k  -cdmfile  -status files -a
2012-06-06 18:45:00,516-0500 INFO  JobSubmissionTaskHandler Submit: in: /var/tmp/scott1sm10msB-20120606-1844-7mzhctte command: /bin/bash /var/tmp/scott1sm10msB-20120606-1844-7mzhctte/shared/_swiftwrap a1sm10ms-zg2emesk -jobdir z -scratch  -e /home/skrieder/swift/cuda/1sm10ms -out 3.result -err stderr.txt -i -d  -if test4 -of 3.result -k  -cdmfile  -status files -a
2012-06-06 18:45:00,741-0500 INFO  LateBindingScheduler JobQueue: 1
2012-06-06 18:45:00,746-0500 DEBUG vdl:checkjobstatus START jobid=a1sm10ms-zg2emesk
2012-06-06 18:45:00,754-0500 INFO  LateBindingScheduler JobQueue: 1
2012-06-06 18:45:00,755-0500 INFO  vdl:checkerrorfile FAILURE jobid=a1sm10ms-zg2emesk - Failure file found
2012-06-06 18:45:00,758-0500 INFO  LateBindingScheduler JobQueue: 1
2012-06-06 18:45:00,762-0500 INFO  LateBindingScheduler JobQueue: 2
2012-06-06 18:45:00,763-0500 INFO  LateBindingScheduler JobQueue: 1
2012-06-06 18:45:00,765-0500 DEBUG vdl:execute2 STAGING_OUT jobid=a1sm10ms-zg2emesk
2012-06-06 18:45:00,767-0500 INFO  vdl:dostageout START jobid=a1sm10ms-zg2emesk - Staging out files
2012-06-06 18:45:00,768-0500 DEBUG vdl:dostageout stageouts: [[$, c:countfile - Open]]
2012-06-06 18:45:00,772-0500 INFO  LateBindingScheduler JobQueue: 1
2012-06-06 18:45:00,776-0500 DEBUG vdl:dostageout FILE_STAGE_OUT_START srcname=3.result srcdir=scott1sm10msB-20120606-1844-7mzhctte/shared/ srchost=localhost destdir= desthost=localhost provider=file
2012-06-06 18:45:00,776-0500 DEBUG vdl:checkjobstatus START jobid=a1sm10ms-xg2emesk
2012-06-06 18:45:00,778-0500 INFO  LateBindingScheduler JobQueue: 1
2012-06-06 18:45:00,779-0500 INFO  LateBindingScheduler JobQueue: 1
2012-06-06 18:45:00,780-0500 INFO  vdl:checkjobstatus SUCCESS jobid=a1sm10ms-xg2emesk - Success file found
2012-06-06 18:45:00,781-0500 DEBUG vdl:execute2 STAGING_OUT jobid=a1sm10ms-xg2emesk
2012-06-06 18:45:00,783-0500 INFO  vdl:dostageout START jobid=a1sm10ms-xg2emesk - Staging out files
2012-06-06 18:45:00,784-0500 DEBUG vdl:dostageout stageouts: [[$, c:countfile - Open]]
2012-06-06 18:45:00,819-0500 DEBUG vdl:dostageout FILE_STAGE_OUT_START srcname=2.result srcdir=scott1sm10msB-20120606-1844-7mzhctte/shared/ srchost=localhost destdir= desthost=localhost provider=file
2012-06-06 18:45:00,821-0500 INFO  LateBindingScheduler JobQueue: 1
2012-06-06 18:45:00,824-0500 INFO  LateBindingScheduler JobQueue: 1
2012-06-06 18:45:00,825-0500 INFO  vdl:checkerrorfile NO_STATUS_FILE jobid=a1sm10ms-zg2emesk - Error file missing
2012-06-06 18:45:00,825-0500 DEBUG vdl:execute2 APPLICATION_EXCEPTION jobid=a1sm10ms-zg2emesk - Application exception: null
Caused by: org.globus.cog.abstraction.impl.file.FileNotFoundException: File not found: /var/tmp/scott1sm10msB-20120606-1844-7mzhctte/shared/3.result
2012-06-06 18:45:00,825-0500 INFO  LateBindingScheduler JobQueue: 1
2012-06-06 18:45:00,827-0500 DEBUG vdl:dostageout FILE_STAGE_OUT_END srcname=2.result srcdir=scott1sm10msB-20120606-1844-7mzhctte/shared/ srchost=localhost destdir= desthost=localhost provider=file
2012-06-06 18:45:00,830-0500 INFO  LateBindingScheduler JobQueue: 1
2012-06-06 18:45:00,830-0500 INFO  LateBindingScheduler JobQueue: 1
2012-06-06 18:45:00,832-0500 INFO  vdl:dostageout END jobid=a1sm10ms-xg2emesk - Staging out finished
2012-06-06 18:45:00,833-0500 INFO  LateBindingScheduler JobQueue: 1
2012-06-06 18:45:00,833-0500 DEBUG vdl:execute2 JOB_END jobid=a1sm10ms-xg2emesk
2012-06-06 18:45:00,833-0500 INFO  WeightedHostScoreScheduler CONTACT_SELECTED host=localhost, score=99.853
2012-06-06 18:45:00,834-0500 INFO  vdl:execute END_SUCCESS thread=0-1-2-1 tr=a1sm10ms
2012-06-06 18:45:00,835-0500 DEBUG countwords PROCEDURE_END line=5
2012-06-06 18:45:00,836-0500 DEBUG vdl:mains FOREACH_IT_END line=13 thread=0-1-2
2012-06-06 18:45:00,837-0500 DEBUG vdl:execute2 THREAD_ASSOCIATION jobid=a1sm10ms-0h2emesk thread=0-1-0-1-1 host=localhost replicationGroup=yg2emesk
2012-06-06 18:45:00,838-0500 INFO  LateBindingScheduler JobQueue: 0
2012-06-06 18:45:00,840-0500 INFO  LateBindingScheduler JobQueue: 0
2012-06-06 18:45:00,841-0500 INFO  vdl:createdirset START jobid=a1sm10ms-0h2emesk host=localhost - Initializing directory structure
2012-06-06 18:45:00,841-0500 INFO  vdl:createdirset END jobid=a1sm10ms-0h2emesk - Done initializing directory structure
2012-06-06 18:45:00,843-0500 INFO  vdl:dostagein START jobid=a1sm10ms-0h2emesk - Staging in files
2012-06-06 18:45:00,845-0500 INFO  LateBindingScheduler JobQueue: 0
2012-06-06 18:45:00,849-0500 INFO  LateBindingScheduler JobQueue: 0
2012-06-06 18:45:00,850-0500 DEBUG vdl:dostagein CDM: file://localhost/test1 : DEFAULT
2012-06-06 18:45:00,851-0500 INFO  vdl:dostagein END jobid=a1sm10ms-0h2emesk - Staging in finished
2012-06-06 18:45:00,852-0500 DEBUG vdl:execute2 JOB_START jobid=a1sm10ms-0h2emesk tr=a1sm10ms arguments=[] tmpdir=scott1sm10msB-20120606-1844-7mzhctte/jobs/0/a1sm10ms-0h2emesk host=localhost
2012-06-06 18:45:00,858-0500 INFO  WeightedHostScoreScheduler CONTACT_SELECTED host=localhost, score=99.853
2012-06-06 18:45:00,860-0500 INFO  GridExec TASK_DEFINITION: Task(type=JOB_SUBMISSION, identity=urn:0-1-0-1-1-1339026298923) is /bin/bash shared/_swiftwrap a1sm10ms-0h2emesk -jobdir 0 -scratch  -e /home/skrieder/swift/cuda/1sm10ms -out 0.result -err stderr.txt -i -d  -if test1 -of 0.result -k  -cdmfile  -status files -a
2012-06-06 18:45:00,861-0500 INFO  JobSubmissionTaskHandler Submit: in: /var/tmp/scott1sm10msB-20120606-1844-7mzhctte command: /bin/bash /var/tmp/scott1sm10msB-20120606-1844-7mzhctte/shared/_swiftwrap a1sm10ms-0h2emesk -jobdir 0 -scratch  -e /home/skrieder/swift/cuda/1sm10ms -out 0.result -err stderr.txt -i -d  -if test1 -of 0.result -k  -cdmfile  -status files -a
2012-06-06 18:45:00,864-0500 DEBUG vdl:execute2 THREAD_ASSOCIATION jobid=a1sm10ms-2h2emesk thread=0-1-3-1-1 host=localhost replicationGroup=1h2emesk
2012-06-06 18:45:00,873-0500 INFO  vdl:createdirset START jobid=a1sm10ms-2h2emesk host=localhost - Initializing directory structure
2012-06-06 18:45:00,874-0500 INFO  vdl:createdirset END jobid=a1sm10ms-2h2emesk - Done initializing directory structure
2012-06-06 18:45:00,875-0500 INFO  vdl:dostagein START jobid=a1sm10ms-2h2emesk - Staging in files
2012-06-06 18:45:00,878-0500 INFO  LateBindingScheduler JobQueue: 0
2012-06-06 18:45:00,879-0500 DEBUG vdl:dostagein CDM: file://localhost/test4 : DEFAULT
2012-06-06 18:45:00,881-0500 INFO  vdl:dostagein END jobid=a1sm10ms-2h2emesk - Staging in finished
2012-06-06 18:45:00,881-0500 DEBUG vdl:execute2 JOB_START jobid=a1sm10ms-2h2emesk tr=a1sm10ms arguments=[] tmpdir=scott1sm10msB-20120606-1844-7mzhctte/jobs/2/a1sm10ms-2h2emesk host=localhost
2012-06-06 18:45:00,885-0500 INFO  GridExec TASK_DEFINITION: Task(type=JOB_SUBMISSION, identity=urn:0-1-3-1-1-1339026298927) is /bin/bash shared/_swiftwrap a1sm10ms-2h2emesk -jobdir 2 -scratch  -e /home/skrieder/swift/cuda/1sm10ms -out 3.result -err stderr.txt -i -d  -if test4 -of 3.result -k  -cdmfile  -status files -a
2012-06-06 18:45:00,886-0500 INFO  JobSubmissionTaskHandler Submit: in: /var/tmp/scott1sm10msB-20120606-1844-7mzhctte command: /bin/bash /var/tmp/scott1sm10msB-20120606-1844-7mzhctte/shared/_swiftwrap a1sm10ms-2h2emesk -jobdir 2 -scratch  -e /home/skrieder/swift/cuda/1sm10ms -out 3.result -err stderr.txt -i -d  -if test4 -of 3.result -k  -cdmfile  -status files -a
2012-06-06 18:45:01,126-0500 INFO  LateBindingScheduler JobQueue: 0
2012-06-06 18:45:01,130-0500 DEBUG vdl:checkjobstatus START jobid=a1sm10ms-0h2emesk
2012-06-06 18:45:01,132-0500 INFO  LateBindingScheduler JobQueue: 0
2012-06-06 18:45:01,134-0500 INFO  vdl:checkjobstatus SUCCESS jobid=a1sm10ms-0h2emesk - Success file found
2012-06-06 18:45:01,141-0500 DEBUG vdl:execute2 STAGING_OUT jobid=a1sm10ms-0h2emesk
2012-06-06 18:45:01,147-0500 INFO  vdl:dostageout START jobid=a1sm10ms-0h2emesk - Staging out files
2012-06-06 18:45:01,152-0500 DEBUG vdl:dostageout stageouts: [[$, c:countfile - Open]]
2012-06-06 18:45:01,167-0500 DEBUG vdl:dostageout FILE_STAGE_OUT_START srcname=0.result srcdir=scott1sm10msB-20120606-1844-7mzhctte/shared/ srchost=localhost destdir= desthost=localhost provider=file
2012-06-06 18:45:01,169-0500 INFO  LateBindingScheduler JobQueue: 0
2012-06-06 18:45:01,175-0500 INFO  LateBindingScheduler JobQueue: 0
2012-06-06 18:45:01,176-0500 DEBUG vdl:dostageout FILE_STAGE_OUT_END srcname=0.result srcdir=scott1sm10msB-20120606-1844-7mzhctte/shared/ srchost=localhost destdir= desthost=localhost provider=file
2012-06-06 18:45:01,179-0500 INFO  LateBindingScheduler JobQueue: 0
2012-06-06 18:45:01,183-0500 INFO  vdl:dostageout END jobid=a1sm10ms-0h2emesk - Staging out finished
2012-06-06 18:45:01,187-0500 DEBUG vdl:execute2 JOB_END jobid=a1sm10ms-0h2emesk
2012-06-06 18:45:01,189-0500 INFO  vdl:execute END_SUCCESS thread=0-1-0-1 tr=a1sm10ms
2012-06-06 18:45:01,190-0500 DEBUG countwords PROCEDURE_END line=5
2012-06-06 18:45:01,190-0500 DEBUG vdl:mains FOREACH_IT_END line=13 thread=0-1-0
2012-06-06 18:45:01,213-0500 INFO  LateBindingScheduler JobQueue: 0
2012-06-06 18:45:01,219-0500 DEBUG vdl:checkjobstatus START jobid=a1sm10ms-2h2emesk
2012-06-06 18:45:01,222-0500 INFO  LateBindingScheduler JobQueue: 0
2012-06-06 18:45:01,225-0500 INFO  vdl:checkjobstatus SUCCESS jobid=a1sm10ms-2h2emesk - Success file found
2012-06-06 18:45:01,226-0500 DEBUG vdl:execute2 STAGING_OUT jobid=a1sm10ms-2h2emesk
2012-06-06 18:45:01,229-0500 INFO  vdl:dostageout START jobid=a1sm10ms-2h2emesk - Staging out files
2012-06-06 18:45:01,230-0500 DEBUG vdl:dostageout stageouts: [[$, c:countfile - Open]]
2012-06-06 18:45:01,251-0500 DEBUG vdl:dostageout FILE_STAGE_OUT_START srcname=3.result srcdir=scott1sm10msB-20120606-1844-7mzhctte/shared/ srchost=localhost destdir= desthost=localhost provider=file
2012-06-06 18:45:01,254-0500 INFO  LateBindingScheduler JobQueue: 0
2012-06-06 18:45:01,264-0500 INFO  LateBindingScheduler JobQueue: 0
2012-06-06 18:45:01,267-0500 DEBUG vdl:dostageout FILE_STAGE_OUT_END srcname=3.result srcdir=scott1sm10msB-20120606-1844-7mzhctte/shared/ srchost=localhost destdir= desthost=localhost provider=file
2012-06-06 18:45:01,271-0500 INFO  LateBindingScheduler JobQueue: 0
2012-06-06 18:45:01,278-0500 INFO  vdl:dostageout END jobid=a1sm10ms-2h2emesk - Staging out finished
2012-06-06 18:45:01,283-0500 DEBUG vdl:execute2 JOB_END jobid=a1sm10ms-2h2emesk
2012-06-06 18:45:01,285-0500 INFO  vdl:execute END_SUCCESS thread=0-1-3-1 tr=a1sm10ms
2012-06-06 18:45:01,286-0500 DEBUG countwords PROCEDURE_END line=5
2012-06-06 18:45:01,288-0500 DEBUG vdl:mains FOREACH_IT_END line=13 thread=0-1-3
2012-06-06 18:45:01,309-0500 DEBUG vdl:mains Starting cleanups
2012-06-06 18:45:01,309-0500 INFO  vdl:cleanups START cleanups=[[scott1sm10msB-20120606-1844-7mzhctte, localhost]]
2012-06-06 18:45:01,310-0500 INFO  vdl:cleanup START dir=scott1sm10msB-20120606-1844-7mzhctte host=localhost
2012-06-06 18:45:01,311-0500 DEBUG vdl:cleanup cdmfile 
2012-06-06 18:45:01,313-0500 INFO  GridExec TASK_DEFINITION: Task(type=JOB_SUBMISSION, identity=urn:0-1-1339026298947) is /bin/rm -rf scott1sm10msB-20120606-1844-7mzhctte
2012-06-06 18:45:01,314-0500 INFO  JobSubmissionTaskHandler Submit: in: /var/tmp command: /bin/rm -rf scott1sm10msB-20120606-1844-7mzhctte
2012-06-06 18:45:01,315-0500 INFO  LateBindingScheduler JobQueue: 0
2012-06-06 18:45:01,317-0500 INFO  vdl:cleanup END dir=scott1sm10msB-20120606-1844-7mzhctte host=localhost
2012-06-06 18:45:01,317-0500 INFO  vdl:cleanups END cleanups=[[scott1sm10msB-20120606-1844-7mzhctte, localhost]]
2012-06-06 18:45:01,318-0500 DEBUG vdl:mains Ending cleanups
2012-06-06 18:45:01,319-0500 INFO  Loader Swift finished with no errors
