2012-06-06 18:40:23,705-0500 DEBUG Loader arguments: [-tc.file, tc.data, -sites.file, 0-throttle-sites.xml, scott1sm10msB.swift]
2012-06-06 18:40:23,706-0500 DEBUG Loader Max heap: 252248064
2012-06-06 18:40:23,707-0500 DEBUG textfiles BEGIN SWIFTSCRIPT:

type messagefile; 
type countfile; 

app (countfile t) countwords (messagefile f) {   
     a1sm10ms stdout=@filename(t);
}

string inputNames = "test";

messagefile inputfiles[] <fixed_array_mapper;files=inputNames>;

foreach f,i in inputfiles {
  countfile c <single_file_mapper; file=@strcat(i, ".result")>;
  c = countwords(f);
}


2012-06-06 18:40:23,707-0500 DEBUG textfiles END SWIFTSCRIPT:
2012-06-06 18:40:23,707-0500 DEBUG Loader kmlversion is >239b8550-a5ff-44be-a124-5e7ecd70737d<
2012-06-06 18:40:23,707-0500 DEBUG Loader build version is >239b8550-a5ff-44be-a124-5e7ecd70737d<
2012-06-06 18:40:23,707-0500 DEBUG Loader Recompilation suppressed.
2012-06-06 18:40:23,855-0500 DEBUG Loader setting: sites.file to: 0-throttle-sites.xml
2012-06-06 18:40:23,855-0500 DEBUG Loader setting: tc.file to: tc.data
2012-06-06 18:40:23,857-0500 DEBUG textfiles BEGIN SITES:
<config>

<!-- sites.xml specifies details of the sites that Swift can run on.

The first entry entry, for localhost, should work on most linux-like systems
without any change.

It may be necessary to change the two occurences of /var/tmp to a different
working directory.

The jobThrottle profile is set to 0 so that Swift will not try to run more
than two jobs at once (the minimum) when using the local sites. This is
appropriate for local execution, but make sure if/when using another
execution mechanism to submit to an HPC resource that this jobThrottle
is removed.

-->


  <pool handle="localhost">
    <filesystem provider="local" />
    <execution provider="local" />
    <workdirectory >/var/tmp</workdirectory>
    <profile namespace="karajan" key="jobThrottle">.01</profile>
    <profile namespace="karajan" key="initialScore">10000</profile>
  </pool>





<!-- The remainder of this file is commented out by default. It contains
example site definitions for a number of sites on TeraGrid and OSG.

How this list was constructed:

1. Teragrid
http://www.teragrid.org/userinfo/hardware/resources.php
fill out the gatekeeper info and the gridftp hostname
for the storage/workspace, login into the machine, and make yourself a
temporary directory

2. OSG
http://osg-cat.grid.iu.edu/index.php?site_name=osgcat
sort by CPUs
Add the gatekeeper hostname into the jobmanager name and into the gridftp url
Add the ($TMP) or ($WNTMP) to the storage element in the gridftp url AND
into the workspace element

TODO by user:
customize the storage and workdirectory to use your personal working directories

-->


<!--
  <pool handle="skynet" >
    <gridftp url="gsiftp://skynet-login.isi.edu" > 
    </gridftp>
    <jobmanager universe="vanilla" url="skynet-login.isi.edu/jobmanager-fork" major="2" />
    <workdirectory >/nfs/scratch01/tiberius</workdirectory>
  </pool>
-->
<!--
  <pool handle="teraport" >
    <gridftp  url="gsiftp://tp-grid1.uchicago.edu" /> 
    <jobmanager universe="vanilla" url="tp-grid1.uchicago.edu/jobmanager-pbs" major="2" />
    <workdirectory >/home/tiberius/scratch/SWIFT-WORK</workdirectory>
  </pool>
-->
<!--
<pool handle="ncsa_32" >
    <gridftp  url="gsiftp://login-w.ncsa.teragrid.org" />
    <jobmanager universe="vanilla" url="grid-w.ncsa.teragrid.org/jobmanager" major="2" /> 
    <workdirectory >/u/ac/tstef</workdirectory>
</pool>
-->
<!--
<pool handle="purdue" >
    <gridftp  url="gsiftp://tg-data.purdue.teragrid.org" />
    <jobmanager universe="vanilla" url="tg-gatekeeper.purdue.teragrid.org" major="2" />
    <workdirectory >/scratch/teragrid/stef</workdirectory>
</pool>
-->
<!-- 
<pool handle="tacc" >
    <gridftp  url="gsiftp://tg-gridftp.lonestar.tacc.teragrid.org" />
    <jobmanager universe="vanilla" url="tg-login.tacc.teragrid.org/jobmanager-lsf" major="2" />
    <workdirectory >/work/teragrid/tstef</workdirectory>
</pool>
-->
<!-- 
<pool handle="UC" >
    <gridftp url="gsiftp://tg-gridftp.uc.teragrid.org" />
    <execution provider="gt4" jobmanager="PBS" url="tg-grid.uc.teragrid.org" />
    <workdirectory >/disks/scratchgpfs1/tstef</workdirectory>
</pool>
 -->
 
<!-- OSG SITES -->
<!-- 
<pool handle="OSG_LIGO_PSU" >
    <gridftp  url="gsiftp://grid3.aset.psu.edu" />
    <jobmanager universe="vanilla" url="grid3.aset.psu.edu/jobmanager-pbs" major="2" />
    <workdirectory >/usr1/grid3/data</workdirectory>
</pool>
 -->
<!-- 
<pool handle="fnal" >
    <gridftp  url="gsiftp://fngp-osg.fnal.gov" />
    <jobmanager universe="vanilla" url="fngp-osg.fnal.gov/jobmanager-pbs" major="2" minor="2" />
    <workdirectory >/grid/data</workdirectory>
</pool>
-->
<!-- 
<pool handle="prod_slac" >
    <gridftp  url="gsiftp://osgserv01.slac.stanford.edu" />
    <jobmanager universe="vanilla" url="osgserv01.slac.stanford.edu/jobmanager-lsf" major="2" />
    <workdirectory >/nfs/slac/g/grid/osg/data</workdirectory>
</pool>
-->
<!-- 
<pool handle="bnl_atlas_2" >
    <gridftp  url="gsiftp://gridgk02.racf.bnl.gov" />
    <jobmanager universe="vanilla" url="gridgk02.racf.bnl.gov/jobmanager-condor" major="2" />
    <workdirectory >/usatlas/prodjob/share/</workdirectory>
</pool>
-->
<!--
<pool handle="unm_hpc" >
    <gridftp  url="gsiftp://milta.alliance.unm.edu" />
    <jobmanager universe="vanilla" url="milta.alliance.unm.edu/jobmanager-pbs" major="2" />
    <workdirectory >/tmp</workdirectory>
</pool>
-->
<!--  
<pool handle="UWM_CMS" >
    <gridftp  url="gsiftp://cmsgrid02.hep.wisc.edu" />
    <jobmanager universe="vanilla" url="cmsgrid02.hep.wisc.edu/jobmanager-condor" major="2" />
    <workdirectory >/tmp</workdirectory>
</pool>
-->

</config>


2012-06-06 18:40:23,858-0500 DEBUG textfiles END SITES:
2012-06-06 18:40:23,862-0500 INFO  VDL2ExecutionContext Stack dump:
Level 1
[iA = 0, iB = 0, bA = false, bB = false]
	vdl:instanceconfig = Swift configuration []
	vdl:operation = run
	swift.home = /usr/local/swift/bin/..
	PATH_SEPARATOR = /


2012-06-06 18:40:24,573-0500 INFO  unknown Using sites file: 0-throttle-sites.xml
2012-06-06 18:40:24,622-0500 INFO  unknown Using tc.data: tc.data
2012-06-06 18:40:24,758-0500 INFO  AbstractScheduler Setting resources to: {localhost=localhost}
2012-06-06 18:40:25,413-0500 INFO  unknown Swift 0.93 swift-r5483 cog-r3339

2012-06-06 18:40:25,413-0500 INFO  unknown RUNID id=run:20120606-1840-n9kybgjb
2012-06-06 18:40:25,462-0500 INFO  SetFieldValue Set: inputNames=test
2012-06-06 18:40:25,487-0500 INFO  RootDataNode Found data inputfiles:messagefile[] - Open.[0]
2012-06-06 18:40:25,491-0500 DEBUG vdl:mains FOREACH_IT_START line=13 thread=0-1-0
2012-06-06 18:40:25,491-0500 DEBUG vdl:mains SCOPE thread=0-1-0
2012-06-06 18:40:25,496-0500 INFO  SetFieldValue Set: swift#mapper#17001=0.result
2012-06-06 18:40:25,501-0500 DEBUG countwords PROCEDURE line=5 thread=0-1-0-1 name=countwords
2012-06-06 18:40:25,502-0500 INFO  RootDataNode Found mapped data c:countfile - Open.$
2012-06-06 18:40:25,518-0500 INFO  vdl:execute START thread=0-1-0-1 tr=a1sm10ms
2012-06-06 18:40:25,554-0500 INFO  WeightedHostScoreScheduler CONTACT_SELECTED host=localhost, score=99.854
2012-06-06 18:40:25,563-0500 INFO  GlobalSubmitQueue No global submit throttle set. Using default (1024)
2012-06-06 18:40:25,568-0500 INFO  LateBindingScheduler JobQueue: 0
2012-06-06 18:40:25,572-0500 INFO  LateBindingScheduler JobQueue: 0
2012-06-06 18:40:25,578-0500 INFO  vdl:initshareddir START host=localhost - Initializing shared directory
2012-06-06 18:40:25,585-0500 INFO  LateBindingScheduler JobQueue: 0
2012-06-06 18:40:25,613-0500 INFO  LateBindingScheduler JobQueue: 0
2012-06-06 18:40:25,618-0500 INFO  LateBindingScheduler JobQueue: 0
2012-06-06 18:40:25,622-0500 INFO  LateBindingScheduler JobQueue: 0
2012-06-06 18:40:25,630-0500 INFO  LateBindingScheduler JobQueue: 0
2012-06-06 18:40:25,638-0500 INFO  LateBindingScheduler JobQueue: 0
2012-06-06 18:40:25,642-0500 INFO  vdl:initshareddir END host=localhost - Done initializing shared directory
2012-06-06 18:40:25,648-0500 DEBUG vdl:execute2 THREAD_ASSOCIATION jobid=a1sm10ms-9kn7mesk thread=0-1-0-1-1 host=localhost replicationGroup=8kn7mesk
2012-06-06 18:40:25,665-0500 INFO  vdl:createdirset START jobid=a1sm10ms-9kn7mesk host=localhost - Initializing directory structure
2012-06-06 18:40:25,666-0500 INFO  vdl:createdirset END jobid=a1sm10ms-9kn7mesk - Done initializing directory structure
2012-06-06 18:40:25,668-0500 INFO  vdl:dostagein START jobid=a1sm10ms-9kn7mesk - Staging in files
2012-06-06 18:40:25,694-0500 INFO  LateBindingScheduler JobQueue: 0
2012-06-06 18:40:25,706-0500 DEBUG vdl:dostagein CDM: file://localhost/test : DEFAULT
2012-06-06 18:40:25,722-0500 DEBUG vdl:dostageinfile FILE_STAGE_IN_START file=test srchost=localhost srcdir= srcname=test desthost=localhost destdir=scott1sm10msB-20120606-1840-n9kybgjb/shared/ provider=file policy=DEFAULT
2012-06-06 18:40:25,730-0500 INFO  LateBindingScheduler JobQueue: 0
2012-06-06 18:40:25,732-0500 DEBUG vdl:dostageinfile FILE_STAGE_IN_END file=test srchost=localhost srcdir= srcname=test desthost=localhost destdir=scott1sm10msB-20120606-1840-n9kybgjb/shared/ provider=file
2012-06-06 18:40:25,735-0500 INFO  vdl:dostagein END jobid=a1sm10ms-9kn7mesk - Staging in finished
2012-06-06 18:40:25,740-0500 DEBUG vdl:execute2 JOB_START jobid=a1sm10ms-9kn7mesk tr=a1sm10ms arguments=[] tmpdir=scott1sm10msB-20120606-1840-n9kybgjb/jobs/9/a1sm10ms-9kn7mesk host=localhost
2012-06-06 18:40:25,748-0500 DEBUG textfiles BEGIN TC:
#This is the transformation catalog.
#
#It comes pre-configured with a number of simple transformations with
#paths that are likely to work on a linux box. However, on some systems,
#the paths to these executables will be different (for example, sometimes
#some of these programs are found in /usr/bin rather than in /bin)
#
#NOTE WELL: fields in this file must be separated by tabs, not spaces; and
#there must be no trailing whitespace at the end of each line.
#
# sitename  transformation  path   INSTALLED  platform  profiles
localhost 	echo 		/bin/echo	INSTALLED	INTEL32::LINUX	null
localhost 	cat 		/bin/cat	INSTALLED	INTEL32::LINUX	null
localhost 	ls 		/bin/ls		INSTALLED	INTEL32::LINUX	null
localhost 	grep 		/bin/grep	INSTALLED	INTEL32::LINUX	null
localhost 	sort 		/bin/sort	INSTALLED	INTEL32::LINUX	null
localhost 	paste 		/bin/paste	INSTALLED	INTEL32::LINUX	null
localhost 	cp 		/bin/cp         INSTALLED	INTEL32::LINUX	null
localhost 	touch 		/bin/touch      INSTALLED	INTEL32::LINUX	null
localhost	wc		/usr/bin/wc	INSTALLED	INTEL32::LINUX	null
localhost	sh		/bin/wc		INSTALLED	INTEL32::LINUX	null
localhost	scott3a		/home/skrieder/swift/multi/scott3a.sh		INSTALLED	INTEL32::LINUX	null
localhost	scott3b		/home/skrieder/swift/multi/scott3b.sh		INSTALLED	INTEL32::LINUX	null
localhost	cka		/home/skrieder/swift/cuda/1sm1ms		INSTALLED	INTEL32::LINUX	null
localhost	a1sm0ms		/home/skrieder/swift/cuda/1sm0ms		INSTALLED	INTEL32::LINUX	null
localhost	a1sm1ms		/home/skrieder/swift/cuda/1sm1ms		INSTALLED	INTEL32::LINUX	null
localhost	a1sm10ms	/home/skrieder/swift/cuda/1sm10ms		INSTALLED	INTEL32::LINUX	null
localhost	a1sm100ms	/home/skrieder/swift/cuda/1sm100ms		INSTALLED	INTEL32::LINUX	null
localhost	a2sm0ms		/home/skrieder/swift/cuda/2sm0ms		INSTALLED	INTEL32::LINUX	null
localhost	a2sm1ms		/home/skrieder/swift/cuda/2sm1ms		INSTALLED	INTEL32::LINUX	null
localhost	a2sm10ms	/home/skrieder/swift/cuda/2sm10ms		INSTALLED	INTEL32::LINUX	null
localhost	a2sm100ms	/home/skrieder/swift/cuda/2sm100ms		INSTALLED	INTEL32::LINUX	null
localhost	a4sm0ms		/home/skrieder/swift/cuda/4sm0ms		INSTALLED	INTEL32::LINUX	null
localhost	a4sm1ms		/home/skrieder/swift/cuda/4sm1ms		INSTALLED	INTEL32::LINUX	null
localhost	a4sm10ms	/home/skrieder/swift/cuda/4sm10ms		INSTALLED	INTEL32::LINUX	null
localhost	a4sm100ms	/home/skrieder/swift/cuda/4sm100ms		INSTALLED	INTEL32::LINUX	null
localhost	a8sm0ms		/home/skrieder/swift/cuda/8sm0ms		INSTALLED	INTEL32::LINUX	null
localhost	a8sm1ms		/home/skrieder/swift/cuda/8sm1ms		INSTALLED	INTEL32::LINUX	null
localhost	a8sm10ms	/home/skrieder/swift/cuda/8sm10ms		INSTALLED	INTEL32::LINUX	null
localhost	a8sm100ms	/home/skrieder/swift/cuda/8sm100ms		INSTALLED	INTEL32::LINUX	null
localhost	a16sm0ms	/home/skrieder/swift/cuda/16sm0ms		INSTALLED	INTEL32::LINUX	null
localhost	a16sm1ms	/home/skrieder/swift/cuda/16sm1ms		INSTALLED	INTEL32::LINUX	null
localhost	a16sm10ms	/home/skrieder/swift/cuda/16sm10ms		INSTALLED	INTEL32::LINUX	null
localhost	a16sm100ms	/home/skrieder/swift/cuda/16sm100ms		INSTALLED	INTEL32::LINUX	null
localhost	sleep0ms	/home/skrieder/swift/c/sleep0ms			INSTALLED	INTEL32::LINUX	null
localhost	sleep1ms	/home/skrieder/swift/c/sleep1ms			INSTALLED	INTEL32::LINUX	null
localhost	sleep10ms	/home/skrieder/swift/c/sleep10ms		INSTALLED	INTEL32::LINUX	null
localhost	sleep100ms	/home/skrieder/swift/c/sleep100ms			INSTALLED	INTEL32::LINUX	null
localhost	sleep1000ms	/home/skrieder/swift/c/sleep1000ms			INSTALLED	INTEL32::LINUX	null
localhost	sleep10000ms	/home/skrieder/swift/c/sleep10000ms			INSTALLED	INTEL32::LINUX	null
localhost	hello		/home/skrieder/swift/multi/hello			INSTALLED	INTEL32::LINUX	null


2012-06-06 18:40:25,748-0500 DEBUG textfiles END TC:
2012-06-06 18:40:25,760-0500 INFO  GridExec TASK_DEFINITION: Task(type=JOB_SUBMISSION, identity=urn:0-1-0-1-1-1339026024613) is /bin/bash shared/_swiftwrap a1sm10ms-9kn7mesk -jobdir 9 -scratch  -e /home/skrieder/swift/cuda/1sm10ms -out 0.result -err stderr.txt -i -d  -if test -of 0.result -k  -cdmfile  -status files -a
2012-06-06 18:40:25,775-0500 INFO  JobSubmissionTaskHandler Submit: in: /var/tmp/scott1sm10msB-20120606-1840-n9kybgjb command: /bin/bash /var/tmp/scott1sm10msB-20120606-1840-n9kybgjb/shared/_swiftwrap a1sm10ms-9kn7mesk -jobdir 9 -scratch  -e /home/skrieder/swift/cuda/1sm10ms -out 0.result -err stderr.txt -i -d  -if test -of 0.result -k  -cdmfile  -status files -a
2012-06-06 18:40:26,030-0500 INFO  LateBindingScheduler JobQueue: 0
2012-06-06 18:40:26,036-0500 DEBUG vdl:checkjobstatus START jobid=a1sm10ms-9kn7mesk
2012-06-06 18:40:26,040-0500 INFO  LateBindingScheduler JobQueue: 0
2012-06-06 18:40:26,041-0500 INFO  vdl:checkjobstatus SUCCESS jobid=a1sm10ms-9kn7mesk - Success file found
2012-06-06 18:40:26,044-0500 DEBUG vdl:execute2 STAGING_OUT jobid=a1sm10ms-9kn7mesk
2012-06-06 18:40:26,048-0500 INFO  vdl:dostageout START jobid=a1sm10ms-9kn7mesk - Staging out files
2012-06-06 18:40:26,049-0500 DEBUG vdl:dostageout stageouts: [[$, c:countfile - Open]]
2012-06-06 18:40:26,067-0500 DEBUG vdl:dostageout FILE_STAGE_OUT_START srcname=0.result srcdir=scott1sm10msB-20120606-1840-n9kybgjb/shared/ srchost=localhost destdir= desthost=localhost provider=file
2012-06-06 18:40:26,069-0500 INFO  LateBindingScheduler JobQueue: 0
2012-06-06 18:40:26,080-0500 INFO  LateBindingScheduler JobQueue: 0
2012-06-06 18:40:26,082-0500 DEBUG vdl:dostageout FILE_STAGE_OUT_END srcname=0.result srcdir=scott1sm10msB-20120606-1840-n9kybgjb/shared/ srchost=localhost destdir= desthost=localhost provider=file
2012-06-06 18:40:26,086-0500 INFO  LateBindingScheduler JobQueue: 0
2012-06-06 18:40:26,094-0500 INFO  vdl:dostageout END jobid=a1sm10ms-9kn7mesk - Staging out finished
2012-06-06 18:40:26,104-0500 DEBUG vdl:execute2 JOB_END jobid=a1sm10ms-9kn7mesk
2012-06-06 18:40:26,106-0500 INFO  vdl:execute END_SUCCESS thread=0-1-0-1 tr=a1sm10ms
2012-06-06 18:40:26,109-0500 DEBUG countwords PROCEDURE_END line=5
2012-06-06 18:40:26,112-0500 DEBUG vdl:mains FOREACH_IT_END line=13 thread=0-1-0
2012-06-06 18:40:26,136-0500 DEBUG vdl:mains Starting cleanups
2012-06-06 18:40:26,137-0500 INFO  vdl:cleanups START cleanups=[[scott1sm10msB-20120606-1840-n9kybgjb, localhost]]
2012-06-06 18:40:26,138-0500 INFO  vdl:cleanup START dir=scott1sm10msB-20120606-1840-n9kybgjb host=localhost
2012-06-06 18:40:26,139-0500 DEBUG vdl:cleanup cdmfile 
2012-06-06 18:40:26,141-0500 INFO  GridExec TASK_DEFINITION: Task(type=JOB_SUBMISSION, identity=urn:0-1-1339026024624) is /bin/rm -rf scott1sm10msB-20120606-1840-n9kybgjb
2012-06-06 18:40:26,142-0500 INFO  JobSubmissionTaskHandler Submit: in: /var/tmp command: /bin/rm -rf scott1sm10msB-20120606-1840-n9kybgjb
2012-06-06 18:40:26,143-0500 INFO  LateBindingScheduler JobQueue: 0
2012-06-06 18:40:26,145-0500 INFO  vdl:cleanup END dir=scott1sm10msB-20120606-1840-n9kybgjb host=localhost
2012-06-06 18:40:26,146-0500 INFO  vdl:cleanups END cleanups=[[scott1sm10msB-20120606-1840-n9kybgjb, localhost]]
2012-06-06 18:40:26,146-0500 DEBUG vdl:mains Ending cleanups
2012-06-06 18:40:26,147-0500 INFO  Loader Swift finished with no errors
