2012-06-06 00:29:33,845-0500 DEBUG Loader arguments: [-tc.file, tc.data, -sites.file, 0-throttle-sites.xml, scott16sm10ms.swift]
2012-06-06 00:29:33,846-0500 DEBUG Loader Max heap: 252248064
2012-06-06 00:29:33,847-0500 DEBUG textfiles BEGIN SWIFTSCRIPT:

type messagefile; 
type countfile; 

app (countfile t) countwords (messagefile f) {   
     a16sm10ms stdout=@filename(t);
}

string inputNames = "scott3a.sh scott3a.sh scott3a.sh scott3a.sh scott3a.sh scott3a.sh scott3a.sh scott3a.sh scott3a.sh scott3a.sh scott3a.sh scott3a.sh scott3a.sh scott3a.sh scott3a.sh scott3a.sh scott3a.sh scott3a.sh scott3a.sh scott3a.sh scott3a.sh scott3a.sh scott3a.sh scott3a.sh scott3a.sh scott3a.sh scott3a.sh scott3a.sh scott3a.sh scott3a.sh scott3a.sh scott3a.sh scott3a.sh scott3a.sh scott3a.sh scott3a.sh scott3a.sh scott3a.sh scott3a.sh scott3a.sh scott3a.sh scott3a.sh scott3a.sh scott3a.sh scott3a.sh scott3a.sh scott3a.sh scott3a.sh scott3a.sh scott3a.sh scott3a.sh scott3a.sh scott3a.sh scott3a.sh scott3a.sh scott3a.sh scott3a.sh scott3a.sh scott3a.sh scott3a.sh scott3a.sh scott3a.sh scott3a.sh scott3a.sh";

messagefile inputfiles[] <fixed_array_mapper;files=inputNames>;

foreach f,i in inputfiles {
  countfile c <single_file_mapper; file=@strcat(i, ".result")>;
  c = countwords(f);
}


2012-06-06 00:29:33,847-0500 DEBUG textfiles END SWIFTSCRIPT:
2012-06-06 00:29:33,847-0500 DEBUG Loader kmlversion is >239b8550-a5ff-44be-a124-5e7ecd70737d<
2012-06-06 00:29:33,847-0500 DEBUG Loader build version is >239b8550-a5ff-44be-a124-5e7ecd70737d<
2012-06-06 00:29:33,847-0500 DEBUG Loader Recompilation suppressed.
2012-06-06 00:29:33,996-0500 DEBUG Loader setting: sites.file to: 0-throttle-sites.xml
2012-06-06 00:29:33,996-0500 DEBUG Loader setting: tc.file to: tc.data
2012-06-06 00:29:33,998-0500 DEBUG textfiles BEGIN SITES:
<config>

<!-- sites.xml specifies details of the sites that Swift can run on.

The first entry entry, for localhost, should work on most linux-like systems
without any change.

It may be necessary to change the two occurences of /var/tmp to a different
working directory.

The jobThrottle profile is set to 0 so that Swift will not try to run more
than two jobs at once (the minimum) when using the local sites. This is
appropriate for local execution, but make sure if/when using another
execution mechanism to submit to an HPC resource that this jobThrottle
is removed.

-->


  <pool handle="localhost">
    <filesystem provider="local" />
    <execution provider="local" />
    <workdirectory >/var/tmp</workdirectory>
    <profile namespace="karajan" key="jobThrottle">0</profile>
  </pool>





<!-- The remainder of this file is commented out by default. It contains
example site definitions for a number of sites on TeraGrid and OSG.

How this list was constructed:

1. Teragrid
http://www.teragrid.org/userinfo/hardware/resources.php
fill out the gatekeeper info and the gridftp hostname
for the storage/workspace, login into the machine, and make yourself a
temporary directory

2. OSG
http://osg-cat.grid.iu.edu/index.php?site_name=osgcat
sort by CPUs
Add the gatekeeper hostname into the jobmanager name and into the gridftp url
Add the ($TMP) or ($WNTMP) to the storage element in the gridftp url AND
into the workspace element

TODO by user:
customize the storage and workdirectory to use your personal working directories

-->


<!--
  <pool handle="skynet" >
    <gridftp url="gsiftp://skynet-login.isi.edu" > 
    </gridftp>
    <jobmanager universe="vanilla" url="skynet-login.isi.edu/jobmanager-fork" major="2" />
    <workdirectory >/nfs/scratch01/tiberius</workdirectory>
  </pool>
-->
<!--
  <pool handle="teraport" >
    <gridftp  url="gsiftp://tp-grid1.uchicago.edu" /> 
    <jobmanager universe="vanilla" url="tp-grid1.uchicago.edu/jobmanager-pbs" major="2" />
    <workdirectory >/home/tiberius/scratch/SWIFT-WORK</workdirectory>
  </pool>
-->
<!--
<pool handle="ncsa_32" >
    <gridftp  url="gsiftp://login-w.ncsa.teragrid.org" />
    <jobmanager universe="vanilla" url="grid-w.ncsa.teragrid.org/jobmanager" major="2" /> 
    <workdirectory >/u/ac/tstef</workdirectory>
</pool>
-->
<!--
<pool handle="purdue" >
    <gridftp  url="gsiftp://tg-data.purdue.teragrid.org" />
    <jobmanager universe="vanilla" url="tg-gatekeeper.purdue.teragrid.org" major="2" />
    <workdirectory >/scratch/teragrid/stef</workdirectory>
</pool>
-->
<!-- 
<pool handle="tacc" >
    <gridftp  url="gsiftp://tg-gridftp.lonestar.tacc.teragrid.org" />
    <jobmanager universe="vanilla" url="tg-login.tacc.teragrid.org/jobmanager-lsf" major="2" />
    <workdirectory >/work/teragrid/tstef</workdirectory>
</pool>
-->
<!-- 
<pool handle="UC" >
    <gridftp url="gsiftp://tg-gridftp.uc.teragrid.org" />
    <execution provider="gt4" jobmanager="PBS" url="tg-grid.uc.teragrid.org" />
    <workdirectory >/disks/scratchgpfs1/tstef</workdirectory>
</pool>
 -->
 
<!-- OSG SITES -->
<!-- 
<pool handle="OSG_LIGO_PSU" >
    <gridftp  url="gsiftp://grid3.aset.psu.edu" />
    <jobmanager universe="vanilla" url="grid3.aset.psu.edu/jobmanager-pbs" major="2" />
    <workdirectory >/usr1/grid3/data</workdirectory>
</pool>
 -->
<!-- 
<pool handle="fnal" >
    <gridftp  url="gsiftp://fngp-osg.fnal.gov" />
    <jobmanager universe="vanilla" url="fngp-osg.fnal.gov/jobmanager-pbs" major="2" minor="2" />
    <workdirectory >/grid/data</workdirectory>
</pool>
-->
<!-- 
<pool handle="prod_slac" >
    <gridftp  url="gsiftp://osgserv01.slac.stanford.edu" />
    <jobmanager universe="vanilla" url="osgserv01.slac.stanford.edu/jobmanager-lsf" major="2" />
    <workdirectory >/nfs/slac/g/grid/osg/data</workdirectory>
</pool>
-->
<!-- 
<pool handle="bnl_atlas_2" >
    <gridftp  url="gsiftp://gridgk02.racf.bnl.gov" />
    <jobmanager universe="vanilla" url="gridgk02.racf.bnl.gov/jobmanager-condor" major="2" />
    <workdirectory >/usatlas/prodjob/share/</workdirectory>
</pool>
-->
<!--
<pool handle="unm_hpc" >
    <gridftp  url="gsiftp://milta.alliance.unm.edu" />
    <jobmanager universe="vanilla" url="milta.alliance.unm.edu/jobmanager-pbs" major="2" />
    <workdirectory >/tmp</workdirectory>
</pool>
-->
<!--  
<pool handle="UWM_CMS" >
    <gridftp  url="gsiftp://cmsgrid02.hep.wisc.edu" />
    <jobmanager universe="vanilla" url="cmsgrid02.hep.wisc.edu/jobmanager-condor" major="2" />
    <workdirectory >/tmp</workdirectory>
</pool>
-->

</config>


2012-06-06 00:29:33,999-0500 DEBUG textfiles END SITES:
2012-06-06 00:29:34,003-0500 INFO  VDL2ExecutionContext Stack dump:
Level 1
[iA = 0, iB = 0, bA = false, bB = false]
	vdl:instanceconfig = Swift configuration []
	vdl:operation = run
	swift.home = /usr/local/swift/bin/..
	PATH_SEPARATOR = /


2012-06-06 00:29:34,690-0500 INFO  unknown Using sites file: 0-throttle-sites.xml
2012-06-06 00:29:34,730-0500 INFO  unknown Using tc.data: tc.data
2012-06-06 00:29:34,844-0500 INFO  AbstractScheduler Setting resources to: {localhost=localhost}
2012-06-06 00:29:35,591-0500 INFO  unknown Swift 0.93 swift-r5483 cog-r3339

2012-06-06 00:29:35,592-0500 INFO  unknown RUNID id=run:20120606-0029-vua5f5d3
2012-06-06 00:29:35,646-0500 INFO  SetFieldValue Set: inputNames=scott3a.sh scott3a.sh scott3a.sh scott3a.sh scott3a.sh scott3a.sh scott3a.sh scott3a.sh scott3a.sh scott3a.sh scott3a.sh scott3a.sh scott3a.sh scott3a.sh scott3a.sh scott3a.sh scott3a.sh scott3a.sh scott3a.sh scott3a.sh scott3a.sh scott3a.sh scott3a.sh scott3a.sh scott3a.sh scott3a.sh scott3a.sh scott3a.sh scott3a.sh scott3a.sh scott3a.sh scott3a.sh scott3a.sh scott3a.sh scott3a.sh scott3a.sh scott3a.sh scott3a.sh scott3a.sh scott3a.sh scott3a.sh scott3a.sh scott3a.sh scott3a.sh scott3a.sh scott3a.sh scott3a.sh scott3a.sh scott3a.sh scott3a.sh scott3a.sh scott3a.sh scott3a.sh scott3a.sh scott3a.sh scott3a.sh scott3a.sh scott3a.sh scott3a.sh scott3a.sh scott3a.sh scott3a.sh scott3a.sh scott3a.sh
2012-06-06 00:29:35,658-0500 INFO  RootDataNode Found data inputfiles:messagefile[] - Open.[0]
2012-06-06 00:29:35,658-0500 INFO  RootDataNode Found data inputfiles:messagefile[] - Open.[1]
2012-06-06 00:29:35,658-0500 INFO  RootDataNode Found data inputfiles:messagefile[] - Open.[2]
2012-06-06 00:29:35,658-0500 INFO  RootDataNode Found data inputfiles:messagefile[] - Open.[3]
2012-06-06 00:29:35,658-0500 INFO  RootDataNode Found data inputfiles:messagefile[] - Open.[4]
2012-06-06 00:29:35,658-0500 INFO  RootDataNode Found data inputfiles:messagefile[] - Open.[5]
2012-06-06 00:29:35,658-0500 INFO  RootDataNode Found data inputfiles:messagefile[] - Open.[6]
2012-06-06 00:29:35,658-0500 INFO  RootDataNode Found data inputfiles:messagefile[] - Open.[7]
2012-06-06 00:29:35,658-0500 INFO  RootDataNode Found data inputfiles:messagefile[] - Open.[8]
2012-06-06 00:29:35,659-0500 INFO  RootDataNode Found data inputfiles:messagefile[] - Open.[9]
2012-06-06 00:29:35,659-0500 INFO  RootDataNode Found data inputfiles:messagefile[] - Open.[10]
2012-06-06 00:29:35,659-0500 INFO  RootDataNode Found data inputfiles:messagefile[] - Open.[11]
2012-06-06 00:29:35,659-0500 INFO  RootDataNode Found data inputfiles:messagefile[] - Open.[12]
2012-06-06 00:29:35,659-0500 INFO  RootDataNode Found data inputfiles:messagefile[] - Open.[13]
2012-06-06 00:29:35,659-0500 INFO  RootDataNode Found data inputfiles:messagefile[] - Open.[14]
2012-06-06 00:29:35,659-0500 INFO  RootDataNode Found data inputfiles:messagefile[] - Open.[15]
2012-06-06 00:29:35,659-0500 INFO  RootDataNode Found data inputfiles:messagefile[] - Open.[16]
2012-06-06 00:29:35,659-0500 INFO  RootDataNode Found data inputfiles:messagefile[] - Open.[17]
2012-06-06 00:29:35,659-0500 INFO  RootDataNode Found data inputfiles:messagefile[] - Open.[18]
2012-06-06 00:29:35,660-0500 INFO  RootDataNode Found data inputfiles:messagefile[] - Open.[19]
2012-06-06 00:29:35,660-0500 INFO  RootDataNode Found data inputfiles:messagefile[] - Open.[20]
2012-06-06 00:29:35,660-0500 INFO  RootDataNode Found data inputfiles:messagefile[] - Open.[21]
2012-06-06 00:29:35,660-0500 INFO  RootDataNode Found data inputfiles:messagefile[] - Open.[22]
2012-06-06 00:29:35,660-0500 INFO  RootDataNode Found data inputfiles:messagefile[] - Open.[23]
2012-06-06 00:29:35,660-0500 INFO  RootDataNode Found data inputfiles:messagefile[] - Open.[24]
2012-06-06 00:29:35,660-0500 INFO  RootDataNode Found data inputfiles:messagefile[] - Open.[25]
2012-06-06 00:29:35,660-0500 INFO  RootDataNode Found data inputfiles:messagefile[] - Open.[26]
2012-06-06 00:29:35,660-0500 INFO  RootDataNode Found data inputfiles:messagefile[] - Open.[27]
2012-06-06 00:29:35,660-0500 INFO  RootDataNode Found data inputfiles:messagefile[] - Open.[28]
2012-06-06 00:29:35,661-0500 INFO  RootDataNode Found data inputfiles:messagefile[] - Open.[29]
2012-06-06 00:29:35,661-0500 INFO  RootDataNode Found data inputfiles:messagefile[] - Open.[30]
2012-06-06 00:29:35,661-0500 INFO  RootDataNode Found data inputfiles:messagefile[] - Open.[31]
2012-06-06 00:29:35,661-0500 INFO  RootDataNode Found data inputfiles:messagefile[] - Open.[32]
2012-06-06 00:29:35,661-0500 INFO  RootDataNode Found data inputfiles:messagefile[] - Open.[33]
2012-06-06 00:29:35,661-0500 INFO  RootDataNode Found data inputfiles:messagefile[] - Open.[34]
2012-06-06 00:29:35,661-0500 INFO  RootDataNode Found data inputfiles:messagefile[] - Open.[35]
2012-06-06 00:29:35,661-0500 INFO  RootDataNode Found data inputfiles:messagefile[] - Open.[36]
2012-06-06 00:29:35,661-0500 INFO  RootDataNode Found data inputfiles:messagefile[] - Open.[37]
2012-06-06 00:29:35,661-0500 INFO  RootDataNode Found data inputfiles:messagefile[] - Open.[38]
2012-06-06 00:29:35,661-0500 INFO  RootDataNode Found data inputfiles:messagefile[] - Open.[39]
2012-06-06 00:29:35,662-0500 INFO  RootDataNode Found data inputfiles:messagefile[] - Open.[40]
2012-06-06 00:29:35,662-0500 INFO  RootDataNode Found data inputfiles:messagefile[] - Open.[41]
2012-06-06 00:29:35,662-0500 INFO  RootDataNode Found data inputfiles:messagefile[] - Open.[42]
2012-06-06 00:29:35,662-0500 INFO  RootDataNode Found data inputfiles:messagefile[] - Open.[43]
2012-06-06 00:29:35,662-0500 INFO  RootDataNode Found data inputfiles:messagefile[] - Open.[44]
2012-06-06 00:29:35,662-0500 INFO  RootDataNode Found data inputfiles:messagefile[] - Open.[45]
2012-06-06 00:29:35,662-0500 INFO  RootDataNode Found data inputfiles:messagefile[] - Open.[46]
2012-06-06 00:29:35,662-0500 INFO  RootDataNode Found data inputfiles:messagefile[] - Open.[47]
2012-06-06 00:29:35,662-0500 INFO  RootDataNode Found data inputfiles:messagefile[] - Open.[48]
2012-06-06 00:29:35,662-0500 INFO  RootDataNode Found data inputfiles:messagefile[] - Open.[49]
2012-06-06 00:29:35,663-0500 INFO  RootDataNode Found data inputfiles:messagefile[] - Open.[50]
2012-06-06 00:29:35,663-0500 INFO  RootDataNode Found data inputfiles:messagefile[] - Open.[51]
2012-06-06 00:29:35,663-0500 INFO  RootDataNode Found data inputfiles:messagefile[] - Open.[52]
2012-06-06 00:29:35,663-0500 INFO  RootDataNode Found data inputfiles:messagefile[] - Open.[53]
2012-06-06 00:29:35,663-0500 INFO  RootDataNode Found data inputfiles:messagefile[] - Open.[54]
2012-06-06 00:29:35,663-0500 INFO  RootDataNode Found data inputfiles:messagefile[] - Open.[55]
2012-06-06 00:29:35,663-0500 INFO  RootDataNode Found data inputfiles:messagefile[] - Open.[56]
2012-06-06 00:29:35,663-0500 INFO  RootDataNode Found data inputfiles:messagefile[] - Open.[57]
2012-06-06 00:29:35,663-0500 INFO  RootDataNode Found data inputfiles:messagefile[] - Open.[58]
2012-06-06 00:29:35,664-0500 INFO  RootDataNode Found data inputfiles:messagefile[] - Open.[59]
2012-06-06 00:29:35,664-0500 INFO  RootDataNode Found data inputfiles:messagefile[] - Open.[60]
2012-06-06 00:29:35,664-0500 INFO  RootDataNode Found data inputfiles:messagefile[] - Open.[61]
2012-06-06 00:29:35,664-0500 INFO  RootDataNode Found data inputfiles:messagefile[] - Open.[62]
2012-06-06 00:29:35,664-0500 INFO  RootDataNode Found data inputfiles:messagefile[] - Open.[63]
2012-06-06 00:29:35,670-0500 DEBUG vdl:mains FOREACH_IT_START line=13 thread=0-1-0
2012-06-06 00:29:35,670-0500 DEBUG vdl:mains FOREACH_IT_START line=13 thread=0-1-2
2012-06-06 00:29:35,670-0500 DEBUG vdl:mains FOREACH_IT_START line=13 thread=0-1-3
2012-06-06 00:29:35,670-0500 DEBUG vdl:mains FOREACH_IT_START line=13 thread=0-1-7
2012-06-06 00:29:35,671-0500 DEBUG vdl:mains FOREACH_IT_START line=13 thread=0-1-6
2012-06-06 00:29:35,670-0500 DEBUG vdl:mains FOREACH_IT_START line=13 thread=0-1-1
2012-06-06 00:29:35,672-0500 DEBUG vdl:mains FOREACH_IT_START line=13 thread=0-1-8
2012-06-06 00:29:35,672-0500 DEBUG vdl:mains FOREACH_IT_START line=13 thread=0-1-10
2012-06-06 00:29:35,673-0500 DEBUG vdl:mains SCOPE thread=0-1-0
2012-06-06 00:29:35,673-0500 DEBUG vdl:mains SCOPE thread=0-1-2
2012-06-06 00:29:35,673-0500 DEBUG vdl:mains SCOPE thread=0-1-3
2012-06-06 00:29:35,673-0500 DEBUG vdl:mains FOREACH_IT_START line=13 thread=0-1-11
2012-06-06 00:29:35,674-0500 DEBUG vdl:mains FOREACH_IT_START line=13 thread=0-1-14
2012-06-06 00:29:35,674-0500 DEBUG vdl:mains SCOPE thread=0-1-1
2012-06-06 00:29:35,672-0500 DEBUG vdl:mains FOREACH_IT_START line=13 thread=0-1-9
2012-06-06 00:29:35,675-0500 DEBUG vdl:mains FOREACH_IT_START line=13 thread=0-1-16
2012-06-06 00:29:35,675-0500 DEBUG vdl:mains SCOPE thread=0-1-8
2012-06-06 00:29:35,675-0500 DEBUG vdl:mains FOREACH_IT_START line=13 thread=0-1-15
2012-06-06 00:29:35,676-0500 DEBUG vdl:mains FOREACH_IT_START line=13 thread=0-1-18
2012-06-06 00:29:35,674-0500 DEBUG vdl:mains SCOPE thread=0-1-6
2012-06-06 00:29:35,673-0500 DEBUG vdl:mains SCOPE thread=0-1-7
2012-06-06 00:29:35,673-0500 DEBUG vdl:mains FOREACH_IT_START line=13 thread=0-1-13
2012-06-06 00:29:35,673-0500 DEBUG vdl:mains FOREACH_IT_START line=13 thread=0-1-12
2012-06-06 00:29:35,677-0500 DEBUG vdl:mains FOREACH_IT_START line=13 thread=0-1-25
2012-06-06 00:29:35,676-0500 DEBUG vdl:mains FOREACH_IT_START line=13 thread=0-1-20
2012-06-06 00:29:35,678-0500 DEBUG vdl:mains FOREACH_IT_START line=13 thread=0-1-27
2012-06-06 00:29:35,678-0500 DEBUG vdl:mains FOREACH_IT_START line=13 thread=0-1-26
2012-06-06 00:29:35,679-0500 DEBUG vdl:mains FOREACH_IT_START line=13 thread=0-1-5
2012-06-06 00:29:35,679-0500 DEBUG vdl:mains FOREACH_IT_START line=13 thread=0-1-29
2012-06-06 00:29:35,679-0500 DEBUG vdl:mains SCOPE thread=0-1-14
2012-06-06 00:29:35,679-0500 DEBUG vdl:mains FOREACH_IT_START line=13 thread=0-1-28
2012-06-06 00:29:35,676-0500 DEBUG vdl:mains FOREACH_IT_START line=13 thread=0-1-23
2012-06-06 00:29:35,676-0500 DEBUG vdl:mains FOREACH_IT_START line=13 thread=0-1-17
2012-06-06 00:29:35,676-0500 DEBUG vdl:mains FOREACH_IT_START line=13 thread=0-1-21
2012-06-06 00:29:35,676-0500 DEBUG vdl:mains FOREACH_IT_START line=13 thread=0-1-22
2012-06-06 00:29:35,676-0500 DEBUG vdl:mains FOREACH_IT_START line=13 thread=0-1-19
2012-06-06 00:29:35,681-0500 DEBUG vdl:mains SCOPE thread=0-1-9
2012-06-06 00:29:35,681-0500 DEBUG vdl:mains FOREACH_IT_START line=13 thread=0-1-36
2012-06-06 00:29:35,676-0500 DEBUG vdl:mains SCOPE thread=0-1-10
2012-06-06 00:29:35,681-0500 DEBUG vdl:mains FOREACH_IT_START line=13 thread=0-1-39
2012-06-06 00:29:35,681-0500 DEBUG vdl:mains FOREACH_IT_START line=13 thread=0-1-32
2012-06-06 00:29:35,681-0500 DEBUG vdl:mains FOREACH_IT_START line=13 thread=0-1-35
2012-06-06 00:29:35,681-0500 DEBUG vdl:mains FOREACH_IT_START line=13 thread=0-1-38
2012-06-06 00:29:35,681-0500 DEBUG vdl:mains FOREACH_IT_START line=13 thread=0-1-37
2012-06-06 00:29:35,681-0500 DEBUG vdl:mains FOREACH_IT_START line=13 thread=0-1-40
2012-06-06 00:29:35,680-0500 DEBUG vdl:mains FOREACH_IT_START line=13 thread=0-1-33
2012-06-06 00:29:35,679-0500 DEBUG vdl:mains FOREACH_IT_START line=13 thread=0-1-31
2012-06-06 00:29:35,679-0500 DEBUG vdl:mains SCOPE thread=0-1-11
2012-06-06 00:29:35,677-0500 DEBUG vdl:mains FOREACH_IT_START line=13 thread=0-1-24
2012-06-06 00:29:35,683-0500 DEBUG vdl:mains FOREACH_IT_START line=13 thread=0-1-48
2012-06-06 00:29:35,683-0500 DEBUG vdl:mains FOREACH_IT_START line=13 thread=0-1-49
2012-06-06 00:29:35,683-0500 DEBUG vdl:mains FOREACH_IT_START line=13 thread=0-1-45
2012-06-06 00:29:35,683-0500 DEBUG vdl:mains FOREACH_IT_START line=13 thread=0-1-46
2012-06-06 00:29:35,683-0500 DEBUG vdl:mains FOREACH_IT_START line=13 thread=0-1-43
2012-06-06 00:29:35,682-0500 DEBUG vdl:mains FOREACH_IT_START line=13 thread=0-1-41
2012-06-06 00:29:35,682-0500 DEBUG vdl:mains FOREACH_IT_START line=13 thread=0-1-30
2012-06-06 00:29:35,682-0500 DEBUG vdl:mains FOREACH_IT_START line=13 thread=0-1-42
2012-06-06 00:29:35,682-0500 DEBUG vdl:mains FOREACH_IT_START line=13 thread=0-1-4
2012-06-06 00:29:35,682-0500 DEBUG vdl:mains SCOPE thread=0-1-16
2012-06-06 00:29:35,685-0500 DEBUG vdl:mains FOREACH_IT_START line=13 thread=0-1-53
2012-06-06 00:29:35,684-0500 DEBUG vdl:mains SCOPE thread=0-1-13
2012-06-06 00:29:35,684-0500 DEBUG vdl:mains SCOPE thread=0-1-12
2012-06-06 00:29:35,684-0500 DEBUG vdl:mains FOREACH_IT_START line=13 thread=0-1-51
2012-06-06 00:29:35,684-0500 DEBUG vdl:mains SCOPE thread=0-1-15
2012-06-06 00:29:35,684-0500 DEBUG vdl:mains SCOPE thread=0-1-18
2012-06-06 00:29:35,684-0500 DEBUG vdl:mains FOREACH_IT_START line=13 thread=0-1-52
2012-06-06 00:29:35,683-0500 DEBUG vdl:mains FOREACH_IT_START line=13 thread=0-1-44
2012-06-06 00:29:35,683-0500 DEBUG vdl:mains FOREACH_IT_START line=13 thread=0-1-50
2012-06-06 00:29:35,686-0500 DEBUG vdl:mains FOREACH_IT_START line=13 thread=0-1-57
2012-06-06 00:29:35,686-0500 DEBUG vdl:mains FOREACH_IT_START line=13 thread=0-1-59
2012-06-06 00:29:35,686-0500 DEBUG vdl:mains SCOPE thread=0-1-26
2012-06-06 00:29:35,686-0500 DEBUG vdl:mains FOREACH_IT_START line=13 thread=0-1-34
2012-06-06 00:29:35,686-0500 DEBUG vdl:mains SCOPE thread=0-1-27
2012-06-06 00:29:35,685-0500 DEBUG vdl:mains SCOPE thread=0-1-20
2012-06-06 00:29:35,685-0500 DEBUG vdl:mains FOREACH_IT_START line=13 thread=0-1-56
2012-06-06 00:29:35,685-0500 DEBUG vdl:mains FOREACH_IT_START line=13 thread=0-1-55
2012-06-06 00:29:35,685-0500 DEBUG vdl:mains FOREACH_IT_START line=13 thread=0-1-54
2012-06-06 00:29:35,685-0500 DEBUG vdl:mains SCOPE thread=0-1-25
2012-06-06 00:29:35,688-0500 DEBUG vdl:mains SCOPE thread=0-1-23
2012-06-06 00:29:35,688-0500 DEBUG vdl:mains SCOPE thread=0-1-28
2012-06-06 00:29:35,689-0500 DEBUG vdl:mains SCOPE thread=0-1-21
2012-06-06 00:29:35,689-0500 DEBUG vdl:mains SCOPE thread=0-1-22
2012-06-06 00:29:35,687-0500 DEBUG vdl:mains SCOPE thread=0-1-29
2012-06-06 00:29:35,687-0500 DEBUG vdl:mains SCOPE thread=0-1-5
2012-06-06 00:29:35,687-0500 DEBUG vdl:mains FOREACH_IT_START line=13 thread=0-1-63
2012-06-06 00:29:35,689-0500 DEBUG vdl:mains SCOPE thread=0-1-37
2012-06-06 00:29:35,687-0500 DEBUG vdl:mains FOREACH_IT_START line=13 thread=0-1-60
2012-06-06 00:29:35,687-0500 DEBUG vdl:mains FOREACH_IT_START line=13 thread=0-1-61
2012-06-06 00:29:35,687-0500 DEBUG vdl:mains FOREACH_IT_START line=13 thread=0-1-58
2012-06-06 00:29:35,690-0500 DEBUG vdl:mains SCOPE thread=0-1-31
2012-06-06 00:29:35,689-0500 DEBUG vdl:mains SCOPE thread=0-1-33
2012-06-06 00:29:35,689-0500 DEBUG vdl:mains SCOPE thread=0-1-40
2012-06-06 00:29:35,689-0500 DEBUG vdl:mains SCOPE thread=0-1-35
2012-06-06 00:29:35,689-0500 DEBUG vdl:mains SCOPE thread=0-1-38
2012-06-06 00:29:35,689-0500 DEBUG vdl:mains SCOPE thread=0-1-32
2012-06-06 00:29:35,689-0500 DEBUG vdl:mains SCOPE thread=0-1-39
2012-06-06 00:29:35,689-0500 DEBUG vdl:mains SCOPE thread=0-1-19
2012-06-06 00:29:35,689-0500 DEBUG vdl:mains SCOPE thread=0-1-36
2012-06-06 00:29:35,688-0500 DEBUG vdl:mains SCOPE thread=0-1-17
2012-06-06 00:29:35,691-0500 DEBUG vdl:mains SCOPE thread=0-1-30
2012-06-06 00:29:35,691-0500 DEBUG vdl:mains FOREACH_IT_START line=13 thread=0-1-62
2012-06-06 00:29:35,691-0500 DEBUG vdl:mains SCOPE thread=0-1-43
2012-06-06 00:29:35,691-0500 DEBUG vdl:mains SCOPE thread=0-1-41
2012-06-06 00:29:35,693-0500 DEBUG vdl:mains SCOPE thread=0-1-51
2012-06-06 00:29:35,691-0500 DEBUG vdl:mains SCOPE thread=0-1-46
2012-06-06 00:29:35,691-0500 DEBUG vdl:mains SCOPE thread=0-1-45
2012-06-06 00:29:35,691-0500 DEBUG vdl:mains SCOPE thread=0-1-49
2012-06-06 00:29:35,691-0500 DEBUG vdl:mains SCOPE thread=0-1-48
2012-06-06 00:29:35,690-0500 DEBUG vdl:mains SCOPE thread=0-1-24
2012-06-06 00:29:35,694-0500 DEBUG vdl:mains SCOPE thread=0-1-34
2012-06-06 00:29:35,693-0500 DEBUG vdl:mains SCOPE thread=0-1-57
2012-06-06 00:29:35,693-0500 DEBUG vdl:mains SCOPE thread=0-1-59
2012-06-06 00:29:35,693-0500 DEBUG vdl:mains SCOPE thread=0-1-52
2012-06-06 00:29:35,693-0500 DEBUG vdl:mains SCOPE thread=0-1-50
2012-06-06 00:29:35,693-0500 DEBUG vdl:mains SCOPE thread=0-1-44
2012-06-06 00:29:35,692-0500 DEBUG vdl:mains FOREACH_IT_START line=13 thread=0-1-47
2012-06-06 00:29:35,692-0500 DEBUG vdl:mains SCOPE thread=0-1-53
2012-06-06 00:29:35,692-0500 DEBUG vdl:mains SCOPE thread=0-1-4
2012-06-06 00:29:35,696-0500 DEBUG vdl:mains SCOPE thread=0-1-60
2012-06-06 00:29:35,696-0500 DEBUG vdl:mains SCOPE thread=0-1-61
2012-06-06 00:29:35,696-0500 DEBUG vdl:mains SCOPE thread=0-1-62
2012-06-06 00:29:35,692-0500 DEBUG vdl:mains SCOPE thread=0-1-42
2012-06-06 00:29:35,698-0500 DEBUG vdl:mains SCOPE thread=0-1-47
2012-06-06 00:29:35,696-0500 DEBUG vdl:mains SCOPE thread=0-1-58
2012-06-06 00:29:35,695-0500 DEBUG vdl:mains SCOPE thread=0-1-63
2012-06-06 00:29:35,695-0500 DEBUG vdl:mains SCOPE thread=0-1-54
2012-06-06 00:29:35,695-0500 DEBUG vdl:mains SCOPE thread=0-1-55
2012-06-06 00:29:35,694-0500 DEBUG vdl:mains SCOPE thread=0-1-56
2012-06-06 00:29:35,736-0500 INFO  SetFieldValue Set: swift#mapper#17001=37.result
2012-06-06 00:29:35,736-0500 INFO  SetFieldValue Set: swift#mapper#17001=1.result
2012-06-06 00:29:35,736-0500 INFO  SetFieldValue Set: swift#mapper#17001=18.result
2012-06-06 00:29:35,737-0500 INFO  SetFieldValue Set: swift#mapper#17001=35.result
2012-06-06 00:29:35,737-0500 INFO  SetFieldValue Set: swift#mapper#17001=22.result
2012-06-06 00:29:35,737-0500 INFO  SetFieldValue Set: swift#mapper#17001=12.result
2012-06-06 00:29:35,737-0500 INFO  SetFieldValue Set: swift#mapper#17001=9.result
2012-06-06 00:29:35,738-0500 INFO  SetFieldValue Set: swift#mapper#17001=15.result
2012-06-06 00:29:35,738-0500 INFO  SetFieldValue Set: swift#mapper#17001=7.result
2012-06-06 00:29:35,737-0500 INFO  SetFieldValue Set: swift#mapper#17001=25.result
2012-06-06 00:29:35,738-0500 INFO  SetFieldValue Set: swift#mapper#17001=38.result
2012-06-06 00:29:35,739-0500 INFO  SetFieldValue Set: swift#mapper#17001=11.result
2012-06-06 00:29:35,739-0500 INFO  SetFieldValue Set: swift#mapper#17001=8.result
2012-06-06 00:29:35,739-0500 INFO  SetFieldValue Set: swift#mapper#17001=2.result
2012-06-06 00:29:35,740-0500 INFO  SetFieldValue Set: swift#mapper#17001=3.result
2012-06-06 00:29:35,741-0500 INFO  SetFieldValue Set: swift#mapper#17001=41.result
2012-06-06 00:29:35,741-0500 INFO  RootDataNode Found mapped data c:countfile - Open.$
2012-06-06 00:29:35,741-0500 INFO  RootDataNode Found mapped data c:countfile - Open.$
2012-06-06 00:29:35,741-0500 INFO  RootDataNode Found mapped data c:countfile - Open.$
2012-06-06 00:29:35,741-0500 INFO  RootDataNode Found mapped data c:countfile - Open.$
2012-06-06 00:29:35,742-0500 INFO  RootDataNode Found mapped data c:countfile - Open.$
2012-06-06 00:29:35,742-0500 INFO  RootDataNode Found mapped data c:countfile - Open.$
2012-06-06 00:29:35,742-0500 INFO  RootDataNode Found mapped data c:countfile - Open.$
2012-06-06 00:29:35,742-0500 INFO  RootDataNode Found mapped data c:countfile - Open.$
2012-06-06 00:29:35,742-0500 INFO  RootDataNode Found mapped data c:countfile - Open.$
2012-06-06 00:29:35,742-0500 INFO  SetFieldValue Set: swift#mapper#17001=24.result
2012-06-06 00:29:35,742-0500 INFO  RootDataNode Found mapped data c:countfile - Open.$
2012-06-06 00:29:35,741-0500 INFO  RootDataNode Found mapped data c:countfile - Open.$
2012-06-06 00:29:35,741-0500 INFO  RootDataNode Found mapped data c:countfile - Open.$
2012-06-06 00:29:35,743-0500 INFO  SetFieldValue Set: swift#mapper#17001=29.result
2012-06-06 00:29:35,741-0500 INFO  SetFieldValue Set: swift#mapper#17001=0.result
2012-06-06 00:29:35,743-0500 INFO  RootDataNode Found mapped data c:countfile - Open.$
2012-06-06 00:29:35,743-0500 INFO  SetFieldValue Set: swift#mapper#17001=48.result
2012-06-06 00:29:35,743-0500 INFO  SetFieldValue Set: swift#mapper#17001=52.result
2012-06-06 00:29:35,744-0500 INFO  SetFieldValue Set: swift#mapper#17001=28.result
2012-06-06 00:29:35,744-0500 INFO  RootDataNode Found mapped data c:countfile - Open.$
2012-06-06 00:29:35,743-0500 INFO  RootDataNode Found mapped data c:countfile - Open.$
2012-06-06 00:29:35,744-0500 INFO  SetFieldValue Set: swift#mapper#17001=57.result
2012-06-06 00:29:35,743-0500 INFO  SetFieldValue Set: swift#mapper#17001=13.result
2012-06-06 00:29:35,742-0500 INFO  RootDataNode Found mapped data c:countfile - Open.$
2012-06-06 00:29:35,742-0500 INFO  SetFieldValue Set: swift#mapper#17001=19.result
2012-06-06 00:29:35,742-0500 INFO  SetFieldValue Set: swift#mapper#17001=14.result
2012-06-06 00:29:35,745-0500 INFO  RootDataNode Found mapped data c:countfile - Open.$
2012-06-06 00:29:35,745-0500 INFO  SetFieldValue Set: swift#mapper#17001=61.result
2012-06-06 00:29:35,745-0500 INFO  SetFieldValue Set: swift#mapper#17001=16.result
2012-06-06 00:29:35,745-0500 INFO  SetFieldValue Set: swift#mapper#17001=36.result
2012-06-06 00:29:35,746-0500 INFO  RootDataNode Found mapped data c:countfile - Open.$
2012-06-06 00:29:35,745-0500 INFO  RootDataNode Found mapped data c:countfile - Open.$
2012-06-06 00:29:35,746-0500 INFO  SetFieldValue Set: swift#mapper#17001=49.result
2012-06-06 00:29:35,746-0500 INFO  RootDataNode Found mapped data c:countfile - Open.$
2012-06-06 00:29:35,745-0500 INFO  SetFieldValue Set: swift#mapper#17001=17.result
2012-06-06 00:29:35,744-0500 INFO  SetFieldValue Set: swift#mapper#17001=20.result
2012-06-06 00:29:35,744-0500 INFO  SetFieldValue Set: swift#mapper#17001=46.result
2012-06-06 00:29:35,744-0500 INFO  SetFieldValue Set: swift#mapper#17001=32.result
2012-06-06 00:29:35,743-0500 INFO  SetFieldValue Set: swift#mapper#17001=5.result
2012-06-06 00:29:35,747-0500 INFO  RootDataNode Found mapped data c:countfile - Open.$
2012-06-06 00:29:35,747-0500 INFO  SetFieldValue Set: swift#mapper#17001=21.result
2012-06-06 00:29:35,746-0500 INFO  SetFieldValue Set: swift#mapper#17001=33.result
2012-06-06 00:29:35,746-0500 INFO  RootDataNode Found mapped data c:countfile - Open.$
2012-06-06 00:29:35,746-0500 INFO  SetFieldValue Set: swift#mapper#17001=39.result
2012-06-06 00:29:35,746-0500 INFO  SetFieldValue Set: swift#mapper#17001=31.result
2012-06-06 00:29:35,745-0500 INFO  RootDataNode Found mapped data c:countfile - Open.$
2012-06-06 00:29:35,745-0500 INFO  RootDataNode Found mapped data c:countfile - Open.$
2012-06-06 00:29:35,748-0500 INFO  RootDataNode Found mapped data c:countfile - Open.$
2012-06-06 00:29:35,748-0500 INFO  SetFieldValue Set: swift#mapper#17001=10.result
2012-06-06 00:29:35,748-0500 INFO  SetFieldValue Set: swift#mapper#17001=6.result
2012-06-06 00:29:35,748-0500 INFO  RootDataNode Found mapped data c:countfile - Open.$
2012-06-06 00:29:35,748-0500 INFO  SetFieldValue Set: swift#mapper#17001=30.result
2012-06-06 00:29:35,749-0500 INFO  SetFieldValue Set: swift#mapper#17001=43.result
2012-06-06 00:29:35,749-0500 INFO  SetFieldValue Set: swift#mapper#17001=26.result
2012-06-06 00:29:35,747-0500 INFO  SetFieldValue Set: swift#mapper#17001=23.result
2012-06-06 00:29:35,747-0500 INFO  RootDataNode Found mapped data c:countfile - Open.$
2012-06-06 00:29:35,749-0500 INFO  RootDataNode Found mapped data c:countfile - Open.$
2012-06-06 00:29:35,750-0500 INFO  SetFieldValue Set: swift#mapper#17001=27.result
2012-06-06 00:29:35,747-0500 INFO  SetFieldValue Set: swift#mapper#17001=4.result
2012-06-06 00:29:35,747-0500 INFO  SetFieldValue Set: swift#mapper#17001=50.result
2012-06-06 00:29:35,750-0500 INFO  SetFieldValue Set: swift#mapper#17001=47.result
2012-06-06 00:29:35,750-0500 INFO  RootDataNode Found mapped data c:countfile - Open.$
2012-06-06 00:29:35,750-0500 INFO  RootDataNode Found mapped data c:countfile - Open.$
2012-06-06 00:29:35,751-0500 INFO  RootDataNode Found mapped data c:countfile - Open.$
2012-06-06 00:29:35,751-0500 INFO  RootDataNode Found mapped data c:countfile - Open.$
2012-06-06 00:29:35,751-0500 INFO  RootDataNode Found mapped data c:countfile - Open.$
2012-06-06 00:29:35,751-0500 INFO  RootDataNode Found mapped data c:countfile - Open.$
2012-06-06 00:29:35,752-0500 INFO  RootDataNode Found mapped data c:countfile - Open.$
2012-06-06 00:29:35,752-0500 INFO  RootDataNode Found mapped data c:countfile - Open.$
2012-06-06 00:29:35,752-0500 INFO  RootDataNode Found mapped data c:countfile - Open.$
2012-06-06 00:29:35,750-0500 INFO  RootDataNode Found mapped data c:countfile - Open.$
2012-06-06 00:29:35,752-0500 INFO  RootDataNode Found mapped data c:countfile - Open.$
2012-06-06 00:29:35,749-0500 INFO  SetFieldValue Set: swift#mapper#17001=40.result
2012-06-06 00:29:35,749-0500 INFO  RootDataNode Found mapped data c:countfile - Open.$
2012-06-06 00:29:35,748-0500 INFO  SetFieldValue Set: swift#mapper#17001=44.result
2012-06-06 00:29:35,753-0500 INFO  SetFieldValue Set: swift#mapper#17001=56.result
2012-06-06 00:29:35,753-0500 INFO  RootDataNode Found mapped data c:countfile - Open.$
2012-06-06 00:29:35,753-0500 INFO  RootDataNode Found mapped data c:countfile - Open.$
2012-06-06 00:29:35,748-0500 INFO  SetFieldValue Set: swift#mapper#17001=42.result
2012-06-06 00:29:35,754-0500 INFO  SetFieldValue Set: swift#mapper#17001=59.result
2012-06-06 00:29:35,754-0500 INFO  SetFieldValue Set: swift#mapper#17001=34.result
2012-06-06 00:29:35,754-0500 INFO  RootDataNode Found mapped data c:countfile - Open.$
2012-06-06 00:29:35,754-0500 INFO  SetFieldValue Set: swift#mapper#17001=55.result
2012-06-06 00:29:35,748-0500 INFO  RootDataNode Found mapped data c:countfile - Open.$
2012-06-06 00:29:35,755-0500 INFO  SetFieldValue Set: swift#mapper#17001=62.result
2012-06-06 00:29:35,755-0500 INFO  SetFieldValue Set: swift#mapper#17001=45.result
2012-06-06 00:29:35,754-0500 INFO  RootDataNode Found mapped data c:countfile - Open.$
2012-06-06 00:29:35,755-0500 INFO  SetFieldValue Set: swift#mapper#17001=51.result
2012-06-06 00:29:35,755-0500 INFO  RootDataNode Found mapped data c:countfile - Open.$
2012-06-06 00:29:35,756-0500 INFO  RootDataNode Found mapped data c:countfile - Open.$
2012-06-06 00:29:35,756-0500 INFO  RootDataNode Found mapped data c:countfile - Open.$
2012-06-06 00:29:35,757-0500 INFO  RootDataNode Found mapped data c:countfile - Open.$
2012-06-06 00:29:35,757-0500 INFO  RootDataNode Found mapped data c:countfile - Open.$
2012-06-06 00:29:35,758-0500 INFO  SetFieldValue Set: swift#mapper#17001=58.result
2012-06-06 00:29:35,753-0500 INFO  RootDataNode Found mapped data c:countfile - Open.$
2012-06-06 00:29:35,753-0500 INFO  RootDataNode Found mapped data c:countfile - Open.$
2012-06-06 00:29:35,752-0500 INFO  RootDataNode Found mapped data c:countfile - Open.$
2012-06-06 00:29:35,760-0500 INFO  RootDataNode Found mapped data c:countfile - Open.$
2012-06-06 00:29:35,752-0500 INFO  RootDataNode Found mapped data c:countfile - Open.$
2012-06-06 00:29:35,760-0500 INFO  SetFieldValue Set: swift#mapper#17001=60.result
2012-06-06 00:29:35,751-0500 INFO  SetFieldValue Set: swift#mapper#17001=63.result
2012-06-06 00:29:35,750-0500 INFO  RootDataNode Found mapped data c:countfile - Open.$
2012-06-06 00:29:35,750-0500 INFO  RootDataNode Found mapped data c:countfile - Open.$
2012-06-06 00:29:35,760-0500 INFO  SetFieldValue Set: swift#mapper#17001=53.result
2012-06-06 00:29:35,759-0500 INFO  SetFieldValue Set: swift#mapper#17001=54.result
2012-06-06 00:29:35,757-0500 INFO  RootDataNode Found mapped data c:countfile - Open.$
2012-06-06 00:29:35,756-0500 INFO  RootDataNode Found mapped data c:countfile - Open.$
2012-06-06 00:29:35,763-0500 INFO  RootDataNode Found mapped data c:countfile - Open.$
2012-06-06 00:29:35,763-0500 INFO  RootDataNode Found mapped data c:countfile - Open.$
2012-06-06 00:29:35,755-0500 INFO  RootDataNode Found mapped data c:countfile - Open.$
2012-06-06 00:29:35,762-0500 INFO  RootDataNode Found mapped data c:countfile - Open.$
2012-06-06 00:29:35,765-0500 INFO  RootDataNode Found mapped data c:countfile - Open.$
2012-06-06 00:29:35,765-0500 DEBUG countwords PROCEDURE line=5 thread=0-1-0-1 name=countwords
2012-06-06 00:29:35,765-0500 DEBUG countwords PROCEDURE line=5 thread=0-1-14-1 name=countwords
2012-06-06 00:29:35,765-0500 DEBUG countwords PROCEDURE line=5 thread=0-1-3-1 name=countwords
2012-06-06 00:29:35,765-0500 DEBUG countwords PROCEDURE line=5 thread=0-1-41-1 name=countwords
2012-06-06 00:29:35,765-0500 DEBUG countwords PROCEDURE line=5 thread=0-1-31-1 name=countwords
2012-06-06 00:29:35,765-0500 DEBUG countwords PROCEDURE line=5 thread=0-1-35-1 name=countwords
2012-06-06 00:29:35,766-0500 DEBUG countwords PROCEDURE line=5 thread=0-1-18-1 name=countwords
2012-06-06 00:29:35,766-0500 DEBUG countwords PROCEDURE line=5 thread=0-1-4-1 name=countwords
2012-06-06 00:29:35,766-0500 DEBUG countwords PROCEDURE line=5 thread=0-1-22-1 name=countwords
2012-06-06 00:29:35,766-0500 DEBUG countwords PROCEDURE line=5 thread=0-1-30-1 name=countwords
2012-06-06 00:29:35,766-0500 DEBUG countwords PROCEDURE line=5 thread=0-1-48-1 name=countwords
2012-06-06 00:29:35,766-0500 DEBUG countwords PROCEDURE line=5 thread=0-1-11-1 name=countwords
2012-06-06 00:29:35,767-0500 DEBUG countwords PROCEDURE line=5 thread=0-1-13-1 name=countwords
2012-06-06 00:29:35,767-0500 DEBUG countwords PROCEDURE line=5 thread=0-1-29-1 name=countwords
2012-06-06 00:29:35,767-0500 DEBUG countwords PROCEDURE line=5 thread=0-1-17-1 name=countwords
2012-06-06 00:29:35,767-0500 DEBUG countwords PROCEDURE line=5 thread=0-1-46-1 name=countwords
2012-06-06 00:29:35,767-0500 DEBUG countwords PROCEDURE line=5 thread=0-1-25-1 name=countwords
2012-06-06 00:29:35,767-0500 DEBUG countwords PROCEDURE line=5 thread=0-1-44-1 name=countwords
2012-06-06 00:29:35,767-0500 DEBUG countwords PROCEDURE line=5 thread=0-1-23-1 name=countwords
2012-06-06 00:29:35,767-0500 DEBUG countwords PROCEDURE line=5 thread=0-1-9-1 name=countwords
2012-06-06 00:29:35,767-0500 DEBUG countwords PROCEDURE line=5 thread=0-1-20-1 name=countwords
2012-06-06 00:29:35,768-0500 DEBUG countwords PROCEDURE line=5 thread=0-1-28-1 name=countwords
2012-06-06 00:29:35,765-0500 DEBUG countwords PROCEDURE line=5 thread=0-1-37-1 name=countwords
2012-06-06 00:29:35,768-0500 DEBUG countwords PROCEDURE line=5 thread=0-1-43-1 name=countwords
2012-06-06 00:29:35,766-0500 DEBUG countwords PROCEDURE line=5 thread=0-1-21-1 name=countwords
2012-06-06 00:29:35,766-0500 DEBUG countwords PROCEDURE line=5 thread=0-1-8-1 name=countwords
2012-06-06 00:29:35,766-0500 DEBUG countwords PROCEDURE line=5 thread=0-1-49-1 name=countwords
2012-06-06 00:29:35,768-0500 DEBUG countwords PROCEDURE line=5 thread=0-1-7-1 name=countwords
2012-06-06 00:29:35,766-0500 DEBUG countwords PROCEDURE line=5 thread=0-1-39-1 name=countwords
2012-06-06 00:29:35,766-0500 DEBUG countwords PROCEDURE line=5 thread=0-1-50-1 name=countwords
2012-06-06 00:29:35,765-0500 DEBUG countwords PROCEDURE line=5 thread=0-1-57-1 name=countwords
2012-06-06 00:29:35,765-0500 DEBUG countwords PROCEDURE line=5 thread=0-1-1-1 name=countwords
2012-06-06 00:29:35,765-0500 DEBUG countwords PROCEDURE line=5 thread=0-1-19-1 name=countwords
2012-06-06 00:29:35,765-0500 DEBUG countwords PROCEDURE line=5 thread=0-1-52-1 name=countwords
2012-06-06 00:29:35,765-0500 DEBUG countwords PROCEDURE line=5 thread=0-1-32-1 name=countwords
2012-06-06 00:29:35,769-0500 DEBUG countwords PROCEDURE line=5 thread=0-1-10-1 name=countwords
2012-06-06 00:29:35,769-0500 DEBUG countwords PROCEDURE line=5 thread=0-1-16-1 name=countwords
2012-06-06 00:29:35,769-0500 DEBUG countwords PROCEDURE line=5 thread=0-1-2-1 name=countwords
2012-06-06 00:29:35,769-0500 DEBUG countwords PROCEDURE line=5 thread=0-1-6-1 name=countwords
2012-06-06 00:29:35,769-0500 DEBUG countwords PROCEDURE line=5 thread=0-1-5-1 name=countwords
2012-06-06 00:29:35,770-0500 DEBUG countwords PROCEDURE line=5 thread=0-1-24-1 name=countwords
2012-06-06 00:29:35,770-0500 DEBUG countwords PROCEDURE line=5 thread=0-1-36-1 name=countwords
2012-06-06 00:29:35,770-0500 DEBUG countwords PROCEDURE line=5 thread=0-1-56-1 name=countwords
2012-06-06 00:29:35,769-0500 DEBUG countwords PROCEDURE line=5 thread=0-1-38-1 name=countwords
2012-06-06 00:29:35,771-0500 DEBUG countwords PROCEDURE line=5 thread=0-1-59-1 name=countwords
2012-06-06 00:29:35,769-0500 DEBUG countwords PROCEDURE line=5 thread=0-1-27-1 name=countwords
2012-06-06 00:29:35,769-0500 DEBUG countwords PROCEDURE line=5 thread=0-1-33-1 name=countwords
2012-06-06 00:29:35,769-0500 DEBUG countwords PROCEDURE line=5 thread=0-1-12-1 name=countwords
2012-06-06 00:29:35,771-0500 DEBUG countwords PROCEDURE line=5 thread=0-1-55-1 name=countwords
2012-06-06 00:29:35,773-0500 DEBUG countwords PROCEDURE line=5 thread=0-1-45-1 name=countwords
2012-06-06 00:29:35,773-0500 DEBUG countwords PROCEDURE line=5 thread=0-1-62-1 name=countwords
2012-06-06 00:29:35,773-0500 DEBUG countwords PROCEDURE line=5 thread=0-1-58-1 name=countwords
2012-06-06 00:29:35,768-0500 DEBUG countwords PROCEDURE line=5 thread=0-1-15-1 name=countwords
2012-06-06 00:29:35,774-0500 DEBUG countwords PROCEDURE line=5 thread=0-1-54-1 name=countwords
2012-06-06 00:29:35,774-0500 DEBUG countwords PROCEDURE line=5 thread=0-1-53-1 name=countwords
2012-06-06 00:29:35,768-0500 DEBUG countwords PROCEDURE line=5 thread=0-1-26-1 name=countwords
2012-06-06 00:29:35,775-0500 DEBUG countwords PROCEDURE line=5 thread=0-1-60-1 name=countwords
2012-06-06 00:29:35,773-0500 DEBUG countwords PROCEDURE line=5 thread=0-1-51-1 name=countwords
2012-06-06 00:29:35,771-0500 DEBUG countwords PROCEDURE line=5 thread=0-1-47-1 name=countwords
2012-06-06 00:29:35,771-0500 DEBUG countwords PROCEDURE line=5 thread=0-1-42-1 name=countwords
2012-06-06 00:29:35,771-0500 DEBUG countwords PROCEDURE line=5 thread=0-1-34-1 name=countwords
2012-06-06 00:29:35,771-0500 DEBUG countwords PROCEDURE line=5 thread=0-1-40-1 name=countwords
2012-06-06 00:29:35,770-0500 DEBUG countwords PROCEDURE line=5 thread=0-1-61-1 name=countwords
2012-06-06 00:29:35,769-0500 DEBUG countwords PROCEDURE line=5 thread=0-1-63-1 name=countwords
2012-06-06 00:29:35,798-0500 INFO  vdl:execute START thread=0-1-6-1 tr=a16sm10ms
2012-06-06 00:29:35,798-0500 INFO  vdl:execute START thread=0-1-23-1 tr=a16sm10ms
2012-06-06 00:29:35,798-0500 INFO  vdl:execute START thread=0-1-5-1 tr=a16sm10ms
2012-06-06 00:29:35,798-0500 INFO  vdl:execute START thread=0-1-38-1 tr=a16sm10ms
2012-06-06 00:29:35,798-0500 INFO  vdl:execute START thread=0-1-4-1 tr=a16sm10ms
2012-06-06 00:29:35,798-0500 INFO  vdl:execute START thread=0-1-46-1 tr=a16sm10ms
2012-06-06 00:29:35,798-0500 INFO  vdl:execute START thread=0-1-17-1 tr=a16sm10ms
2012-06-06 00:29:35,799-0500 INFO  vdl:execute START thread=0-1-56-1 tr=a16sm10ms
2012-06-06 00:29:35,799-0500 INFO  vdl:execute START thread=0-1-57-1 tr=a16sm10ms
2012-06-06 00:29:35,799-0500 INFO  vdl:execute START thread=0-1-18-1 tr=a16sm10ms
2012-06-06 00:29:35,799-0500 INFO  vdl:execute START thread=0-1-8-1 tr=a16sm10ms
2012-06-06 00:29:35,799-0500 INFO  vdl:execute START thread=0-1-44-1 tr=a16sm10ms
2012-06-06 00:29:35,799-0500 INFO  vdl:execute START thread=0-1-24-1 tr=a16sm10ms
2012-06-06 00:29:35,798-0500 INFO  vdl:execute START thread=0-1-37-1 tr=a16sm10ms
2012-06-06 00:29:35,798-0500 INFO  vdl:execute START thread=0-1-28-1 tr=a16sm10ms
2012-06-06 00:29:35,798-0500 INFO  vdl:execute START thread=0-1-21-1 tr=a16sm10ms
2012-06-06 00:29:35,798-0500 INFO  vdl:execute START thread=0-1-43-1 tr=a16sm10ms
2012-06-06 00:29:35,800-0500 INFO  vdl:execute START thread=0-1-50-1 tr=a16sm10ms
2012-06-06 00:29:35,798-0500 INFO  vdl:execute START thread=0-1-20-1 tr=a16sm10ms
2012-06-06 00:29:35,800-0500 INFO  vdl:execute START thread=0-1-19-1 tr=a16sm10ms
2012-06-06 00:29:35,800-0500 INFO  vdl:execute START thread=0-1-55-1 tr=a16sm10ms
2012-06-06 00:29:35,800-0500 INFO  vdl:execute START thread=0-1-15-1 tr=a16sm10ms
2012-06-06 00:29:35,800-0500 INFO  vdl:execute START thread=0-1-53-1 tr=a16sm10ms
2012-06-06 00:29:35,800-0500 INFO  vdl:execute START thread=0-1-12-1 tr=a16sm10ms
2012-06-06 00:29:35,800-0500 INFO  vdl:execute START thread=0-1-35-1 tr=a16sm10ms
2012-06-06 00:29:35,799-0500 INFO  vdl:execute START thread=0-1-39-1 tr=a16sm10ms
2012-06-06 00:29:35,799-0500 INFO  vdl:execute START thread=0-1-49-1 tr=a16sm10ms
2012-06-06 00:29:35,799-0500 INFO  vdl:execute START thread=0-1-33-1 tr=a16sm10ms
2012-06-06 00:29:35,799-0500 INFO  vdl:execute START thread=0-1-59-1 tr=a16sm10ms
2012-06-06 00:29:35,799-0500 INFO  vdl:execute START thread=0-1-27-1 tr=a16sm10ms
2012-06-06 00:29:35,801-0500 INFO  vdl:execute START thread=0-1-9-1 tr=a16sm10ms
2012-06-06 00:29:35,801-0500 INFO  vdl:execute START thread=0-1-26-1 tr=a16sm10ms
2012-06-06 00:29:35,801-0500 INFO  vdl:execute START thread=0-1-13-1 tr=a16sm10ms
2012-06-06 00:29:35,802-0500 INFO  vdl:execute START thread=0-1-58-1 tr=a16sm10ms
2012-06-06 00:29:35,801-0500 INFO  vdl:execute START thread=0-1-2-1 tr=a16sm10ms
2012-06-06 00:29:35,801-0500 INFO  vdl:execute START thread=0-1-11-1 tr=a16sm10ms
2012-06-06 00:29:35,801-0500 INFO  vdl:execute START thread=0-1-3-1 tr=a16sm10ms
2012-06-06 00:29:35,803-0500 INFO  vdl:execute START thread=0-1-36-1 tr=a16sm10ms
2012-06-06 00:29:35,800-0500 INFO  vdl:execute START thread=0-1-1-1 tr=a16sm10ms
2012-06-06 00:29:35,804-0500 INFO  vdl:execute START thread=0-1-25-1 tr=a16sm10ms
2012-06-06 00:29:35,800-0500 INFO  vdl:execute START thread=0-1-54-1 tr=a16sm10ms
2012-06-06 00:29:35,804-0500 INFO  vdl:execute START thread=0-1-22-1 tr=a16sm10ms
2012-06-06 00:29:35,805-0500 INFO  vdl:execute START thread=0-1-60-1 tr=a16sm10ms
2012-06-06 00:29:35,800-0500 INFO  vdl:execute START thread=0-1-31-1 tr=a16sm10ms
2012-06-06 00:29:35,800-0500 INFO  vdl:execute START thread=0-1-52-1 tr=a16sm10ms
2012-06-06 00:29:35,805-0500 INFO  vdl:execute START thread=0-1-48-1 tr=a16sm10ms
2012-06-06 00:29:35,805-0500 INFO  vdl:execute START thread=0-1-42-1 tr=a16sm10ms
2012-06-06 00:29:35,805-0500 INFO  vdl:execute START thread=0-1-40-1 tr=a16sm10ms
2012-06-06 00:29:35,806-0500 INFO  vdl:execute START thread=0-1-63-1 tr=a16sm10ms
2012-06-06 00:29:35,805-0500 INFO  vdl:execute START thread=0-1-47-1 tr=a16sm10ms
2012-06-06 00:29:35,804-0500 INFO  vdl:execute START thread=0-1-41-1 tr=a16sm10ms
2012-06-06 00:29:35,806-0500 INFO  vdl:execute START thread=0-1-30-1 tr=a16sm10ms
2012-06-06 00:29:35,804-0500 INFO  vdl:execute START thread=0-1-16-1 tr=a16sm10ms
2012-06-06 00:29:35,806-0500 INFO  vdl:execute START thread=0-1-45-1 tr=a16sm10ms
2012-06-06 00:29:35,803-0500 INFO  vdl:execute START thread=0-1-0-1 tr=a16sm10ms
2012-06-06 00:29:35,803-0500 INFO  vdl:execute START thread=0-1-29-1 tr=a16sm10ms
2012-06-06 00:29:35,802-0500 INFO  vdl:execute START thread=0-1-7-1 tr=a16sm10ms
2012-06-06 00:29:35,801-0500 INFO  vdl:execute START thread=0-1-14-1 tr=a16sm10ms
2012-06-06 00:29:35,808-0500 INFO  vdl:execute START thread=0-1-32-1 tr=a16sm10ms
2012-06-06 00:29:35,807-0500 INFO  vdl:execute START thread=0-1-34-1 tr=a16sm10ms
2012-06-06 00:29:35,806-0500 INFO  vdl:execute START thread=0-1-10-1 tr=a16sm10ms
2012-06-06 00:29:35,806-0500 INFO  vdl:execute START thread=0-1-51-1 tr=a16sm10ms
2012-06-06 00:29:35,806-0500 INFO  vdl:execute START thread=0-1-61-1 tr=a16sm10ms
2012-06-06 00:29:35,805-0500 INFO  vdl:execute START thread=0-1-62-1 tr=a16sm10ms
2012-06-06 00:29:35,840-0500 INFO  WeightedHostScoreScheduler CONTACT_SELECTED host=localhost, score=1.000
2012-06-06 00:29:35,842-0500 INFO  GlobalSubmitQueue No global submit throttle set. Using default (1024)
2012-06-06 00:29:35,844-0500 INFO  LateBindingScheduler JobQueue: 63
2012-06-06 00:29:35,845-0500 INFO  LateBindingScheduler JobQueue: 63
2012-06-06 00:29:35,846-0500 INFO  vdl:initshareddir START host=localhost - Initializing shared directory
2012-06-06 00:29:35,849-0500 INFO  LateBindingScheduler JobQueue: 63
2012-06-06 00:29:35,861-0500 INFO  LateBindingScheduler JobQueue: 63
2012-06-06 00:29:35,866-0500 INFO  LateBindingScheduler JobQueue: 63
2012-06-06 00:29:35,870-0500 INFO  LateBindingScheduler JobQueue: 63
2012-06-06 00:29:35,879-0500 INFO  LateBindingScheduler JobQueue: 63
2012-06-06 00:29:35,888-0500 INFO  LateBindingScheduler JobQueue: 63
2012-06-06 00:29:35,891-0500 INFO  vdl:initshareddir END host=localhost - Done initializing shared directory
2012-06-06 00:29:35,895-0500 DEBUG vdl:execute2 THREAD_ASSOCIATION jobid=a16sm10ms-g65lddsk thread=0-1-60-1-1 host=localhost replicationGroup=j55lddsk
2012-06-06 00:29:35,906-0500 INFO  vdl:createdirset START jobid=a16sm10ms-g65lddsk host=localhost - Initializing directory structure
2012-06-06 00:29:35,906-0500 INFO  vdl:createdirset END jobid=a16sm10ms-g65lddsk - Done initializing directory structure
2012-06-06 00:29:35,907-0500 INFO  vdl:dostagein START jobid=a16sm10ms-g65lddsk - Staging in files
2012-06-06 00:29:35,925-0500 INFO  LateBindingScheduler JobQueue: 63
2012-06-06 00:29:35,936-0500 DEBUG vdl:dostagein CDM: file://localhost/scott3a.sh : DEFAULT
2012-06-06 00:29:35,946-0500 DEBUG vdl:dostageinfile FILE_STAGE_IN_START file=scott3a.sh srchost=localhost srcdir= srcname=scott3a.sh desthost=localhost destdir=scott16sm10ms-20120606-0029-vua5f5d3/shared/ provider=file policy=DEFAULT
2012-06-06 00:29:35,949-0500 INFO  LateBindingScheduler JobQueue: 63
2012-06-06 00:29:35,950-0500 DEBUG vdl:dostageinfile FILE_STAGE_IN_END file=scott3a.sh srchost=localhost srcdir= srcname=scott3a.sh desthost=localhost destdir=scott16sm10ms-20120606-0029-vua5f5d3/shared/ provider=file
2012-06-06 00:29:35,952-0500 INFO  vdl:dostagein END jobid=a16sm10ms-g65lddsk - Staging in finished
2012-06-06 00:29:35,956-0500 DEBUG vdl:execute2 JOB_START jobid=a16sm10ms-g65lddsk tr=a16sm10ms arguments=[] tmpdir=scott16sm10ms-20120606-0029-vua5f5d3/jobs/g/a16sm10ms-g65lddsk host=localhost
2012-06-06 00:29:35,964-0500 DEBUG textfiles BEGIN TC:
#This is the transformation catalog.
#
#It comes pre-configured with a number of simple transformations with
#paths that are likely to work on a linux box. However, on some systems,
#the paths to these executables will be different (for example, sometimes
#some of these programs are found in /usr/bin rather than in /bin)
#
#NOTE WELL: fields in this file must be separated by tabs, not spaces; and
#there must be no trailing whitespace at the end of each line.
#
# sitename  transformation  path   INSTALLED  platform  profiles
localhost 	echo 		/bin/echo	INSTALLED	INTEL32::LINUX	null
localhost 	cat 		/bin/cat	INSTALLED	INTEL32::LINUX	null
localhost 	ls 		/bin/ls		INSTALLED	INTEL32::LINUX	null
localhost 	grep 		/bin/grep	INSTALLED	INTEL32::LINUX	null
localhost 	sort 		/bin/sort	INSTALLED	INTEL32::LINUX	null
localhost 	paste 		/bin/paste	INSTALLED	INTEL32::LINUX	null
localhost 	cp 		/bin/cp         INSTALLED	INTEL32::LINUX	null
localhost 	touch 		/bin/touch      INSTALLED	INTEL32::LINUX	null
localhost	wc		/usr/bin/wc	INSTALLED	INTEL32::LINUX	null
localhost	sh		/bin/wc		INSTALLED	INTEL32::LINUX	null
localhost	scott3a		/home/skrieder/swift/multi/scott3a.sh		INSTALLED	INTEL32::LINUX	null
localhost	scott3b		/home/skrieder/swift/multi/scott3b.sh		INSTALLED	INTEL32::LINUX	null
localhost	cka		/home/skrieder/swift/cuda/1sm1ms		INSTALLED	INTEL32::LINUX	null
localhost	a1sm0ms		/home/skrieder/swift/cuda/1sm0ms		INSTALLED	INTEL32::LINUX	null
localhost	a1sm1ms		/home/skrieder/swift/cuda/1sm1ms		INSTALLED	INTEL32::LINUX	null
localhost	a1sm10ms	/home/skrieder/swift/cuda/1sm10ms		INSTALLED	INTEL32::LINUX	null
localhost	a1sm100ms	/home/skrieder/swift/cuda/1sm100ms		INSTALLED	INTEL32::LINUX	null
localhost	a2sm0ms		/home/skrieder/swift/cuda/2sm0ms		INSTALLED	INTEL32::LINUX	null
localhost	a2sm1ms		/home/skrieder/swift/cuda/2sm1ms		INSTALLED	INTEL32::LINUX	null
localhost	a2sm10ms	/home/skrieder/swift/cuda/2sm10ms		INSTALLED	INTEL32::LINUX	null
localhost	a2sm100ms	/home/skrieder/swift/cuda/2sm100ms		INSTALLED	INTEL32::LINUX	null
localhost	a4sm0ms		/home/skrieder/swift/cuda/4sm0ms		INSTALLED	INTEL32::LINUX	null
localhost	a4sm1ms		/home/skrieder/swift/cuda/4sm1ms		INSTALLED	INTEL32::LINUX	null
localhost	a4sm10ms	/home/skrieder/swift/cuda/4sm10ms		INSTALLED	INTEL32::LINUX	null
localhost	a4sm100ms	/home/skrieder/swift/cuda/4sm100ms		INSTALLED	INTEL32::LINUX	null
localhost	a8sm0ms		/home/skrieder/swift/cuda/8sm0ms		INSTALLED	INTEL32::LINUX	null
localhost	a8sm1ms		/home/skrieder/swift/cuda/8sm1ms		INSTALLED	INTEL32::LINUX	null
localhost	a8sm10ms	/home/skrieder/swift/cuda/8sm10ms		INSTALLED	INTEL32::LINUX	null
localhost	a8sm100ms	/home/skrieder/swift/cuda/8sm100ms		INSTALLED	INTEL32::LINUX	null
localhost	a16sm0ms	/home/skrieder/swift/cuda/16sm0ms		INSTALLED	INTEL32::LINUX	null
localhost	a16sm1ms	/home/skrieder/swift/cuda/16sm1ms		INSTALLED	INTEL32::LINUX	null
localhost	a16sm10ms	/home/skrieder/swift/cuda/16sm10ms		INSTALLED	INTEL32::LINUX	null
localhost	a16sm100ms	/home/skrieder/swift/cuda/16sm100ms		INSTALLED	INTEL32::LINUX	null


2012-06-06 00:29:35,964-0500 DEBUG textfiles END TC:
2012-06-06 00:29:35,975-0500 INFO  GridExec TASK_DEFINITION: Task(type=JOB_SUBMISSION, identity=urn:0-1-60-1-1-1338960574790) is /bin/bash shared/_swiftwrap a16sm10ms-g65lddsk -jobdir g -scratch  -e /home/skrieder/swift/cuda/16sm10ms -out 60.result -err stderr.txt -i -d  -if scott3a.sh -of 60.result -k  -cdmfile  -status files -a
2012-06-06 00:29:35,986-0500 INFO  JobSubmissionTaskHandler Submit: in: /var/tmp/scott16sm10ms-20120606-0029-vua5f5d3 command: /bin/bash /var/tmp/scott16sm10ms-20120606-0029-vua5f5d3/shared/_swiftwrap a16sm10ms-g65lddsk -jobdir g -scratch  -e /home/skrieder/swift/cuda/16sm10ms -out 60.result -err stderr.txt -i -d  -if scott3a.sh -of 60.result -k  -cdmfile  -status files -a
2012-06-06 00:29:36,220-0500 INFO  LateBindingScheduler JobQueue: 63
2012-06-06 00:29:36,225-0500 DEBUG vdl:checkjobstatus START jobid=a16sm10ms-g65lddsk
2012-06-06 00:29:36,228-0500 INFO  LateBindingScheduler JobQueue: 63
2012-06-06 00:29:36,229-0500 INFO  vdl:checkjobstatus SUCCESS jobid=a16sm10ms-g65lddsk - Success file found
2012-06-06 00:29:36,230-0500 DEBUG vdl:execute2 STAGING_OUT jobid=a16sm10ms-g65lddsk
2012-06-06 00:29:36,232-0500 INFO  vdl:dostageout START jobid=a16sm10ms-g65lddsk - Staging out files
2012-06-06 00:29:36,233-0500 DEBUG vdl:dostageout stageouts: [[$, c:countfile - Open]]
2012-06-06 00:29:36,242-0500 DEBUG vdl:dostageout FILE_STAGE_OUT_START srcname=60.result srcdir=scott16sm10ms-20120606-0029-vua5f5d3/shared/ srchost=localhost destdir= desthost=localhost provider=file
2012-06-06 00:29:36,246-0500 INFO  LateBindingScheduler JobQueue: 63
2012-06-06 00:29:36,250-0500 INFO  LateBindingScheduler JobQueue: 63
2012-06-06 00:29:36,251-0500 DEBUG vdl:dostageout FILE_STAGE_OUT_END srcname=60.result srcdir=scott16sm10ms-20120606-0029-vua5f5d3/shared/ srchost=localhost destdir= desthost=localhost provider=file
2012-06-06 00:29:36,255-0500 INFO  LateBindingScheduler JobQueue: 63
2012-06-06 00:29:36,257-0500 INFO  vdl:dostageout END jobid=a16sm10ms-g65lddsk - Staging out finished
2012-06-06 00:29:36,259-0500 DEBUG vdl:execute2 JOB_END jobid=a16sm10ms-g65lddsk
2012-06-06 00:29:36,260-0500 INFO  vdl:execute END_SUCCESS thread=0-1-60-1 tr=a16sm10ms
2012-06-06 00:29:36,261-0500 DEBUG countwords PROCEDURE_END line=5
2012-06-06 00:29:36,261-0500 DEBUG vdl:mains FOREACH_IT_END line=13 thread=0-1-60
2012-06-06 00:29:36,757-0500 INFO  WeightedHostScoreScheduler CONTACT_SELECTED host=localhost, score=1.887
2012-06-06 00:29:36,761-0500 DEBUG vdl:execute2 THREAD_ASSOCIATION jobid=a16sm10ms-h65lddsk thread=0-1-16-1-1 host=localhost replicationGroup=165lddsk
2012-06-06 00:29:36,765-0500 INFO  vdl:createdirset START jobid=a16sm10ms-h65lddsk host=localhost - Initializing directory structure
2012-06-06 00:29:36,766-0500 INFO  vdl:createdirset END jobid=a16sm10ms-h65lddsk - Done initializing directory structure
2012-06-06 00:29:36,767-0500 INFO  vdl:dostagein START jobid=a16sm10ms-h65lddsk - Staging in files
2012-06-06 00:29:36,770-0500 INFO  LateBindingScheduler JobQueue: 62
2012-06-06 00:29:36,771-0500 DEBUG vdl:dostagein CDM: file://localhost/scott3a.sh : DEFAULT
2012-06-06 00:29:36,773-0500 INFO  vdl:dostagein END jobid=a16sm10ms-h65lddsk - Staging in finished
2012-06-06 00:29:36,774-0500 DEBUG vdl:execute2 JOB_START jobid=a16sm10ms-h65lddsk tr=a16sm10ms arguments=[] tmpdir=scott16sm10ms-20120606-0029-vua5f5d3/jobs/h/a16sm10ms-h65lddsk host=localhost
2012-06-06 00:29:36,778-0500 INFO  GridExec TASK_DEFINITION: Task(type=JOB_SUBMISSION, identity=urn:0-1-16-1-1-1338960574803) is /bin/bash shared/_swiftwrap a16sm10ms-h65lddsk -jobdir h -scratch  -e /home/skrieder/swift/cuda/16sm10ms -out 16.result -err stderr.txt -i -d  -if scott3a.sh -of 16.result -k  -cdmfile  -status files -a
2012-06-06 00:29:36,781-0500 INFO  JobSubmissionTaskHandler Submit: in: /var/tmp/scott16sm10ms-20120606-0029-vua5f5d3 command: /bin/bash /var/tmp/scott16sm10ms-20120606-0029-vua5f5d3/shared/_swiftwrap a16sm10ms-h65lddsk -jobdir h -scratch  -e /home/skrieder/swift/cuda/16sm10ms -out 16.result -err stderr.txt -i -d  -if scott3a.sh -of 16.result -k  -cdmfile  -status files -a
2012-06-06 00:29:37,027-0500 INFO  LateBindingScheduler JobQueue: 62
2012-06-06 00:29:37,028-0500 DEBUG vdl:checkjobstatus START jobid=a16sm10ms-h65lddsk
2012-06-06 00:29:37,031-0500 INFO  LateBindingScheduler JobQueue: 62
2012-06-06 00:29:37,032-0500 INFO  vdl:checkjobstatus SUCCESS jobid=a16sm10ms-h65lddsk - Success file found
2012-06-06 00:29:37,032-0500 DEBUG vdl:execute2 STAGING_OUT jobid=a16sm10ms-h65lddsk
2012-06-06 00:29:37,033-0500 INFO  vdl:dostageout START jobid=a16sm10ms-h65lddsk - Staging out files
2012-06-06 00:29:37,034-0500 DEBUG vdl:dostageout stageouts: [[$, c:countfile - Open]]
2012-06-06 00:29:37,037-0500 DEBUG vdl:dostageout FILE_STAGE_OUT_START srcname=16.result srcdir=scott16sm10ms-20120606-0029-vua5f5d3/shared/ srchost=localhost destdir= desthost=localhost provider=file
2012-06-06 00:29:37,040-0500 INFO  LateBindingScheduler JobQueue: 62
2012-06-06 00:29:37,047-0500 INFO  LateBindingScheduler JobQueue: 62
2012-06-06 00:29:37,048-0500 DEBUG vdl:dostageout FILE_STAGE_OUT_END srcname=16.result srcdir=scott16sm10ms-20120606-0029-vua5f5d3/shared/ srchost=localhost destdir= desthost=localhost provider=file
2012-06-06 00:29:37,051-0500 INFO  LateBindingScheduler JobQueue: 62
2012-06-06 00:29:37,053-0500 INFO  vdl:dostageout END jobid=a16sm10ms-h65lddsk - Staging out finished
2012-06-06 00:29:37,054-0500 DEBUG vdl:execute2 JOB_END jobid=a16sm10ms-h65lddsk
2012-06-06 00:29:37,055-0500 INFO  vdl:execute END_SUCCESS thread=0-1-16-1 tr=a16sm10ms
2012-06-06 00:29:37,055-0500 DEBUG countwords PROCEDURE_END line=5
2012-06-06 00:29:37,056-0500 DEBUG vdl:mains FOREACH_IT_END line=13 thread=0-1-16
2012-06-06 00:29:37,552-0500 INFO  WeightedHostScoreScheduler CONTACT_SELECTED host=localhost, score=2.351
2012-06-06 00:29:37,556-0500 DEBUG vdl:execute2 THREAD_ASSOCIATION jobid=a16sm10ms-i65lddsk thread=0-1-47-1-1 host=localhost replicationGroup=y55lddsk
2012-06-06 00:29:37,559-0500 INFO  vdl:createdirset START jobid=a16sm10ms-i65lddsk host=localhost - Initializing directory structure
2012-06-06 00:29:37,560-0500 INFO  vdl:createdirset END jobid=a16sm10ms-i65lddsk - Done initializing directory structure
2012-06-06 00:29:37,560-0500 INFO  vdl:dostagein START jobid=a16sm10ms-i65lddsk - Staging in files
2012-06-06 00:29:37,563-0500 INFO  LateBindingScheduler JobQueue: 61
2012-06-06 00:29:37,564-0500 DEBUG vdl:dostagein CDM: file://localhost/scott3a.sh : DEFAULT
2012-06-06 00:29:37,565-0500 INFO  vdl:dostagein END jobid=a16sm10ms-i65lddsk - Staging in finished
2012-06-06 00:29:37,566-0500 DEBUG vdl:execute2 JOB_START jobid=a16sm10ms-i65lddsk tr=a16sm10ms arguments=[] tmpdir=scott16sm10ms-20120606-0029-vua5f5d3/jobs/i/a16sm10ms-i65lddsk host=localhost
2012-06-06 00:29:37,571-0500 INFO  GridExec TASK_DEFINITION: Task(type=JOB_SUBMISSION, identity=urn:0-1-47-1-1-1338960574816) is /bin/bash shared/_swiftwrap a16sm10ms-i65lddsk -jobdir i -scratch  -e /home/skrieder/swift/cuda/16sm10ms -out 47.result -err stderr.txt -i -d  -if scott3a.sh -of 47.result -k  -cdmfile  -status files -a
2012-06-06 00:29:37,574-0500 INFO  JobSubmissionTaskHandler Submit: in: /var/tmp/scott16sm10ms-20120606-0029-vua5f5d3 command: /bin/bash /var/tmp/scott16sm10ms-20120606-0029-vua5f5d3/shared/_swiftwrap a16sm10ms-i65lddsk -jobdir i -scratch  -e /home/skrieder/swift/cuda/16sm10ms -out 47.result -err stderr.txt -i -d  -if scott3a.sh -of 47.result -k  -cdmfile  -status files -a
2012-06-06 00:29:37,821-0500 INFO  LateBindingScheduler JobQueue: 61
2012-06-06 00:29:37,823-0500 DEBUG vdl:checkjobstatus START jobid=a16sm10ms-i65lddsk
2012-06-06 00:29:37,826-0500 INFO  LateBindingScheduler JobQueue: 61
2012-06-06 00:29:37,828-0500 INFO  vdl:checkjobstatus SUCCESS jobid=a16sm10ms-i65lddsk - Success file found
2012-06-06 00:29:37,829-0500 DEBUG vdl:execute2 STAGING_OUT jobid=a16sm10ms-i65lddsk
2012-06-06 00:29:37,830-0500 INFO  vdl:dostageout START jobid=a16sm10ms-i65lddsk - Staging out files
2012-06-06 00:29:37,831-0500 DEBUG vdl:dostageout stageouts: [[$, c:countfile - Open]]
2012-06-06 00:29:37,833-0500 DEBUG vdl:dostageout FILE_STAGE_OUT_START srcname=47.result srcdir=scott16sm10ms-20120606-0029-vua5f5d3/shared/ srchost=localhost destdir= desthost=localhost provider=file
2012-06-06 00:29:37,837-0500 INFO  LateBindingScheduler JobQueue: 61
2012-06-06 00:29:37,846-0500 INFO  LateBindingScheduler JobQueue: 61
2012-06-06 00:29:37,849-0500 DEBUG vdl:dostageout FILE_STAGE_OUT_END srcname=47.result srcdir=scott16sm10ms-20120606-0029-vua5f5d3/shared/ srchost=localhost destdir= desthost=localhost provider=file
2012-06-06 00:29:37,853-0500 INFO  LateBindingScheduler JobQueue: 61
2012-06-06 00:29:37,857-0500 INFO  vdl:dostageout END jobid=a16sm10ms-i65lddsk - Staging out finished
2012-06-06 00:29:37,858-0500 DEBUG vdl:execute2 JOB_END jobid=a16sm10ms-i65lddsk
2012-06-06 00:29:37,859-0500 INFO  vdl:execute END_SUCCESS thread=0-1-47-1 tr=a16sm10ms
2012-06-06 00:29:37,860-0500 DEBUG countwords PROCEDURE_END line=5
2012-06-06 00:29:37,861-0500 DEBUG vdl:mains FOREACH_IT_END line=13 thread=0-1-47
2012-06-06 00:29:38,356-0500 INFO  WeightedHostScoreScheduler CONTACT_SELECTED host=localhost, score=2.902
2012-06-06 00:29:38,359-0500 DEBUG vdl:execute2 THREAD_ASSOCIATION jobid=a16sm10ms-j65lddsk thread=0-1-2-1-1 host=localhost replicationGroup=n55lddsk
2012-06-06 00:29:38,368-0500 INFO  vdl:createdirset START jobid=a16sm10ms-j65lddsk host=localhost - Initializing directory structure
2012-06-06 00:29:38,368-0500 INFO  vdl:createdirset END jobid=a16sm10ms-j65lddsk - Done initializing directory structure
2012-06-06 00:29:38,369-0500 INFO  vdl:dostagein START jobid=a16sm10ms-j65lddsk - Staging in files
2012-06-06 00:29:38,375-0500 INFO  LateBindingScheduler JobQueue: 60
2012-06-06 00:29:38,378-0500 DEBUG vdl:dostagein CDM: file://localhost/scott3a.sh : DEFAULT
2012-06-06 00:29:38,380-0500 INFO  vdl:dostagein END jobid=a16sm10ms-j65lddsk - Staging in finished
2012-06-06 00:29:38,382-0500 DEBUG vdl:execute2 JOB_START jobid=a16sm10ms-j65lddsk tr=a16sm10ms arguments=[] tmpdir=scott16sm10ms-20120606-0029-vua5f5d3/jobs/j/a16sm10ms-j65lddsk host=localhost
2012-06-06 00:29:38,388-0500 INFO  GridExec TASK_DEFINITION: Task(type=JOB_SUBMISSION, identity=urn:0-1-2-1-1-1338960574829) is /bin/bash shared/_swiftwrap a16sm10ms-j65lddsk -jobdir j -scratch  -e /home/skrieder/swift/cuda/16sm10ms -out 2.result -err stderr.txt -i -d  -if scott3a.sh -of 2.result -k  -cdmfile  -status files -a
2012-06-06 00:29:38,391-0500 INFO  JobSubmissionTaskHandler Submit: in: /var/tmp/scott16sm10ms-20120606-0029-vua5f5d3 command: /bin/bash /var/tmp/scott16sm10ms-20120606-0029-vua5f5d3/shared/_swiftwrap a16sm10ms-j65lddsk -jobdir j -scratch  -e /home/skrieder/swift/cuda/16sm10ms -out 2.result -err stderr.txt -i -d  -if scott3a.sh -of 2.result -k  -cdmfile  -status files -a
2012-06-06 00:29:38,619-0500 INFO  LateBindingScheduler JobQueue: 60
2012-06-06 00:29:38,621-0500 DEBUG vdl:checkjobstatus START jobid=a16sm10ms-j65lddsk
2012-06-06 00:29:38,623-0500 INFO  LateBindingScheduler JobQueue: 60
2012-06-06 00:29:38,626-0500 INFO  vdl:checkjobstatus SUCCESS jobid=a16sm10ms-j65lddsk - Success file found
2012-06-06 00:29:38,628-0500 DEBUG vdl:execute2 STAGING_OUT jobid=a16sm10ms-j65lddsk
2012-06-06 00:29:38,629-0500 INFO  vdl:dostageout START jobid=a16sm10ms-j65lddsk - Staging out files
2012-06-06 00:29:38,629-0500 DEBUG vdl:dostageout stageouts: [[$, c:countfile - Open]]
2012-06-06 00:29:38,638-0500 DEBUG vdl:dostageout FILE_STAGE_OUT_START srcname=2.result srcdir=scott16sm10ms-20120606-0029-vua5f5d3/shared/ srchost=localhost destdir= desthost=localhost provider=file
2012-06-06 00:29:38,640-0500 INFO  LateBindingScheduler JobQueue: 60
2012-06-06 00:29:38,647-0500 INFO  LateBindingScheduler JobQueue: 60
2012-06-06 00:29:38,649-0500 DEBUG vdl:dostageout FILE_STAGE_OUT_END srcname=2.result srcdir=scott16sm10ms-20120606-0029-vua5f5d3/shared/ srchost=localhost destdir= desthost=localhost provider=file
2012-06-06 00:29:38,652-0500 INFO  LateBindingScheduler JobQueue: 60
2012-06-06 00:29:38,655-0500 INFO  vdl:dostageout END jobid=a16sm10ms-j65lddsk - Staging out finished
2012-06-06 00:29:38,657-0500 DEBUG vdl:execute2 JOB_END jobid=a16sm10ms-j65lddsk
2012-06-06 00:29:38,658-0500 INFO  vdl:execute END_SUCCESS thread=0-1-2-1 tr=a16sm10ms
2012-06-06 00:29:38,659-0500 DEBUG countwords PROCEDURE_END line=5
2012-06-06 00:29:38,660-0500 DEBUG vdl:mains FOREACH_IT_END line=13 thread=0-1-2
2012-06-06 00:29:39,154-0500 INFO  WeightedHostScoreScheduler CONTACT_SELECTED host=localhost, score=3.543
2012-06-06 00:29:39,157-0500 DEBUG vdl:execute2 THREAD_ASSOCIATION jobid=a16sm10ms-k65lddsk thread=0-1-45-1-1 host=localhost replicationGroup=265lddsk
2012-06-06 00:29:39,161-0500 INFO  vdl:createdirset START jobid=a16sm10ms-k65lddsk host=localhost - Initializing directory structure
2012-06-06 00:29:39,162-0500 INFO  vdl:createdirset END jobid=a16sm10ms-k65lddsk - Done initializing directory structure
2012-06-06 00:29:39,163-0500 INFO  vdl:dostagein START jobid=a16sm10ms-k65lddsk - Staging in files
2012-06-06 00:29:39,167-0500 INFO  LateBindingScheduler JobQueue: 59
2012-06-06 00:29:39,168-0500 DEBUG vdl:dostagein CDM: file://localhost/scott3a.sh : DEFAULT
2012-06-06 00:29:39,170-0500 INFO  vdl:dostagein END jobid=a16sm10ms-k65lddsk - Staging in finished
2012-06-06 00:29:39,171-0500 DEBUG vdl:execute2 JOB_START jobid=a16sm10ms-k65lddsk tr=a16sm10ms arguments=[] tmpdir=scott16sm10ms-20120606-0029-vua5f5d3/jobs/k/a16sm10ms-k65lddsk host=localhost
2012-06-06 00:29:39,175-0500 INFO  GridExec TASK_DEFINITION: Task(type=JOB_SUBMISSION, identity=urn:0-1-45-1-1-1338960574842) is /bin/bash shared/_swiftwrap a16sm10ms-k65lddsk -jobdir k -scratch  -e /home/skrieder/swift/cuda/16sm10ms -out 45.result -err stderr.txt -i -d  -if scott3a.sh -of 45.result -k  -cdmfile  -status files -a
2012-06-06 00:29:39,178-0500 INFO  JobSubmissionTaskHandler Submit: in: /var/tmp/scott16sm10ms-20120606-0029-vua5f5d3 command: /bin/bash /var/tmp/scott16sm10ms-20120606-0029-vua5f5d3/shared/_swiftwrap a16sm10ms-k65lddsk -jobdir k -scratch  -e /home/skrieder/swift/cuda/16sm10ms -out 45.result -err stderr.txt -i -d  -if scott3a.sh -of 45.result -k  -cdmfile  -status files -a
2012-06-06 00:29:39,424-0500 INFO  LateBindingScheduler JobQueue: 59
2012-06-06 00:29:39,426-0500 DEBUG vdl:checkjobstatus START jobid=a16sm10ms-k65lddsk
2012-06-06 00:29:39,429-0500 INFO  LateBindingScheduler JobQueue: 59
2012-06-06 00:29:39,430-0500 INFO  vdl:checkjobstatus SUCCESS jobid=a16sm10ms-k65lddsk - Success file found
2012-06-06 00:29:39,431-0500 DEBUG vdl:execute2 STAGING_OUT jobid=a16sm10ms-k65lddsk
2012-06-06 00:29:39,432-0500 INFO  vdl:dostageout START jobid=a16sm10ms-k65lddsk - Staging out files
2012-06-06 00:29:39,433-0500 DEBUG vdl:dostageout stageouts: [[$, c:countfile - Open]]
2012-06-06 00:29:39,436-0500 DEBUG vdl:dostageout FILE_STAGE_OUT_START srcname=45.result srcdir=scott16sm10ms-20120606-0029-vua5f5d3/shared/ srchost=localhost destdir= desthost=localhost provider=file
2012-06-06 00:29:39,440-0500 INFO  LateBindingScheduler JobQueue: 59
2012-06-06 00:29:39,447-0500 INFO  LateBindingScheduler JobQueue: 59
2012-06-06 00:29:39,449-0500 DEBUG vdl:dostageout FILE_STAGE_OUT_END srcname=45.result srcdir=scott16sm10ms-20120606-0029-vua5f5d3/shared/ srchost=localhost destdir= desthost=localhost provider=file
2012-06-06 00:29:39,452-0500 INFO  LateBindingScheduler JobQueue: 59
2012-06-06 00:29:39,454-0500 INFO  vdl:dostageout END jobid=a16sm10ms-k65lddsk - Staging out finished
2012-06-06 00:29:39,457-0500 DEBUG vdl:execute2 JOB_END jobid=a16sm10ms-k65lddsk
2012-06-06 00:29:39,459-0500 INFO  vdl:execute END_SUCCESS thread=0-1-45-1 tr=a16sm10ms
2012-06-06 00:29:39,460-0500 DEBUG countwords PROCEDURE_END line=5
2012-06-06 00:29:39,460-0500 DEBUG vdl:mains FOREACH_IT_END line=13 thread=0-1-45
2012-06-06 00:29:39,954-0500 INFO  WeightedHostScoreScheduler CONTACT_SELECTED host=localhost, score=4.275
2012-06-06 00:29:39,957-0500 DEBUG vdl:execute2 THREAD_ASSOCIATION jobid=a16sm10ms-l65lddsk thread=0-1-11-1-1 host=localhost replicationGroup=m55lddsk
2012-06-06 00:29:39,962-0500 INFO  vdl:createdirset START jobid=a16sm10ms-l65lddsk host=localhost - Initializing directory structure
2012-06-06 00:29:39,962-0500 INFO  vdl:createdirset END jobid=a16sm10ms-l65lddsk - Done initializing directory structure
2012-06-06 00:29:39,963-0500 INFO  vdl:dostagein START jobid=a16sm10ms-l65lddsk - Staging in files
2012-06-06 00:29:39,967-0500 INFO  LateBindingScheduler JobQueue: 58
2012-06-06 00:29:39,968-0500 DEBUG vdl:dostagein CDM: file://localhost/scott3a.sh : DEFAULT
2012-06-06 00:29:39,969-0500 INFO  vdl:dostagein END jobid=a16sm10ms-l65lddsk - Staging in finished
2012-06-06 00:29:39,970-0500 DEBUG vdl:execute2 JOB_START jobid=a16sm10ms-l65lddsk tr=a16sm10ms arguments=[] tmpdir=scott16sm10ms-20120606-0029-vua5f5d3/jobs/l/a16sm10ms-l65lddsk host=localhost
2012-06-06 00:29:39,975-0500 INFO  GridExec TASK_DEFINITION: Task(type=JOB_SUBMISSION, identity=urn:0-1-11-1-1-1338960574855) is /bin/bash shared/_swiftwrap a16sm10ms-l65lddsk -jobdir l -scratch  -e /home/skrieder/swift/cuda/16sm10ms -out 11.result -err stderr.txt -i -d  -if scott3a.sh -of 11.result -k  -cdmfile  -status files -a
2012-06-06 00:29:39,978-0500 INFO  JobSubmissionTaskHandler Submit: in: /var/tmp/scott16sm10ms-20120606-0029-vua5f5d3 command: /bin/bash /var/tmp/scott16sm10ms-20120606-0029-vua5f5d3/shared/_swiftwrap a16sm10ms-l65lddsk -jobdir l -scratch  -e /home/skrieder/swift/cuda/16sm10ms -out 11.result -err stderr.txt -i -d  -if scott3a.sh -of 11.result -k  -cdmfile  -status files -a
2012-06-06 00:29:40,204-0500 INFO  LateBindingScheduler JobQueue: 58
2012-06-06 00:29:40,206-0500 DEBUG vdl:checkjobstatus START jobid=a16sm10ms-l65lddsk
2012-06-06 00:29:40,208-0500 INFO  LateBindingScheduler JobQueue: 58
2012-06-06 00:29:40,209-0500 INFO  vdl:checkjobstatus SUCCESS jobid=a16sm10ms-l65lddsk - Success file found
2012-06-06 00:29:40,211-0500 DEBUG vdl:execute2 STAGING_OUT jobid=a16sm10ms-l65lddsk
2012-06-06 00:29:40,212-0500 INFO  vdl:dostageout START jobid=a16sm10ms-l65lddsk - Staging out files
2012-06-06 00:29:40,213-0500 DEBUG vdl:dostageout stageouts: [[$, c:countfile - Open]]
2012-06-06 00:29:40,215-0500 DEBUG vdl:dostageout FILE_STAGE_OUT_START srcname=11.result srcdir=scott16sm10ms-20120606-0029-vua5f5d3/shared/ srchost=localhost destdir= desthost=localhost provider=file
2012-06-06 00:29:40,220-0500 INFO  LateBindingScheduler JobQueue: 58
2012-06-06 00:29:40,228-0500 INFO  LateBindingScheduler JobQueue: 58
2012-06-06 00:29:40,229-0500 DEBUG vdl:dostageout FILE_STAGE_OUT_END srcname=11.result srcdir=scott16sm10ms-20120606-0029-vua5f5d3/shared/ srchost=localhost destdir= desthost=localhost provider=file
2012-06-06 00:29:40,233-0500 INFO  LateBindingScheduler JobQueue: 58
2012-06-06 00:29:40,236-0500 INFO  vdl:dostageout END jobid=a16sm10ms-l65lddsk - Staging out finished
2012-06-06 00:29:40,237-0500 DEBUG vdl:execute2 JOB_END jobid=a16sm10ms-l65lddsk
2012-06-06 00:29:40,238-0500 INFO  vdl:execute END_SUCCESS thread=0-1-11-1 tr=a16sm10ms
2012-06-06 00:29:40,239-0500 DEBUG countwords PROCEDURE_END line=5
2012-06-06 00:29:40,240-0500 DEBUG vdl:mains FOREACH_IT_END line=13 thread=0-1-11
2012-06-06 00:29:40,734-0500 INFO  WeightedHostScoreScheduler CONTACT_SELECTED host=localhost, score=5.096
2012-06-06 00:29:40,737-0500 DEBUG vdl:execute2 THREAD_ASSOCIATION jobid=a16sm10ms-m65lddsk thread=0-1-31-1-1 host=localhost replicationGroup=o55lddsk
2012-06-06 00:29:40,741-0500 INFO  vdl:createdirset START jobid=a16sm10ms-m65lddsk host=localhost - Initializing directory structure
2012-06-06 00:29:40,742-0500 INFO  vdl:createdirset END jobid=a16sm10ms-m65lddsk - Done initializing directory structure
2012-06-06 00:29:40,743-0500 INFO  vdl:dostagein START jobid=a16sm10ms-m65lddsk - Staging in files
2012-06-06 00:29:40,747-0500 INFO  LateBindingScheduler JobQueue: 57
2012-06-06 00:29:40,749-0500 DEBUG vdl:dostagein CDM: file://localhost/scott3a.sh : DEFAULT
2012-06-06 00:29:40,750-0500 INFO  vdl:dostagein END jobid=a16sm10ms-m65lddsk - Staging in finished
2012-06-06 00:29:40,751-0500 DEBUG vdl:execute2 JOB_START jobid=a16sm10ms-m65lddsk tr=a16sm10ms arguments=[] tmpdir=scott16sm10ms-20120606-0029-vua5f5d3/jobs/m/a16sm10ms-m65lddsk host=localhost
2012-06-06 00:29:40,758-0500 INFO  GridExec TASK_DEFINITION: Task(type=JOB_SUBMISSION, identity=urn:0-1-31-1-1-1338960574868) is /bin/bash shared/_swiftwrap a16sm10ms-m65lddsk -jobdir m -scratch  -e /home/skrieder/swift/cuda/16sm10ms -out 31.result -err stderr.txt -i -d  -if scott3a.sh -of 31.result -k  -cdmfile  -status files -a
2012-06-06 00:29:40,761-0500 INFO  JobSubmissionTaskHandler Submit: in: /var/tmp/scott16sm10ms-20120606-0029-vua5f5d3 command: /bin/bash /var/tmp/scott16sm10ms-20120606-0029-vua5f5d3/shared/_swiftwrap a16sm10ms-m65lddsk -jobdir m -scratch  -e /home/skrieder/swift/cuda/16sm10ms -out 31.result -err stderr.txt -i -d  -if scott3a.sh -of 31.result -k  -cdmfile  -status files -a
2012-06-06 00:29:41,028-0500 INFO  LateBindingScheduler JobQueue: 57
2012-06-06 00:29:41,030-0500 DEBUG vdl:checkjobstatus START jobid=a16sm10ms-m65lddsk
2012-06-06 00:29:41,032-0500 INFO  LateBindingScheduler JobQueue: 57
2012-06-06 00:29:41,033-0500 INFO  vdl:checkjobstatus SUCCESS jobid=a16sm10ms-m65lddsk - Success file found
2012-06-06 00:29:41,034-0500 DEBUG vdl:execute2 STAGING_OUT jobid=a16sm10ms-m65lddsk
2012-06-06 00:29:41,035-0500 INFO  vdl:dostageout START jobid=a16sm10ms-m65lddsk - Staging out files
2012-06-06 00:29:41,036-0500 DEBUG vdl:dostageout stageouts: [[$, c:countfile - Open]]
2012-06-06 00:29:41,038-0500 DEBUG vdl:dostageout FILE_STAGE_OUT_START srcname=31.result srcdir=scott16sm10ms-20120606-0029-vua5f5d3/shared/ srchost=localhost destdir= desthost=localhost provider=file
2012-06-06 00:29:41,042-0500 INFO  LateBindingScheduler JobQueue: 57
2012-06-06 00:29:41,049-0500 INFO  LateBindingScheduler JobQueue: 57
2012-06-06 00:29:41,051-0500 DEBUG vdl:dostageout FILE_STAGE_OUT_END srcname=31.result srcdir=scott16sm10ms-20120606-0029-vua5f5d3/shared/ srchost=localhost destdir= desthost=localhost provider=file
2012-06-06 00:29:41,054-0500 INFO  LateBindingScheduler JobQueue: 57
2012-06-06 00:29:41,056-0500 INFO  vdl:dostageout END jobid=a16sm10ms-m65lddsk - Staging out finished
2012-06-06 00:29:41,057-0500 DEBUG vdl:execute2 JOB_END jobid=a16sm10ms-m65lddsk
2012-06-06 00:29:41,058-0500 INFO  vdl:execute END_SUCCESS thread=0-1-31-1 tr=a16sm10ms
2012-06-06 00:29:41,059-0500 DEBUG countwords PROCEDURE_END line=5
2012-06-06 00:29:41,060-0500 DEBUG vdl:mains FOREACH_IT_END line=13 thread=0-1-31
2012-06-06 00:29:41,555-0500 INFO  WeightedHostScoreScheduler CONTACT_SELECTED host=localhost, score=6.001
2012-06-06 00:29:41,558-0500 DEBUG vdl:execute2 THREAD_ASSOCIATION jobid=a16sm10ms-n65lddsk thread=0-1-27-1-1 host=localhost replicationGroup=l55lddsk
2012-06-06 00:29:41,562-0500 INFO  vdl:createdirset START jobid=a16sm10ms-n65lddsk host=localhost - Initializing directory structure
2012-06-06 00:29:41,563-0500 INFO  vdl:createdirset END jobid=a16sm10ms-n65lddsk - Done initializing directory structure
2012-06-06 00:29:41,564-0500 INFO  vdl:dostagein START jobid=a16sm10ms-n65lddsk - Staging in files
2012-06-06 00:29:41,569-0500 INFO  LateBindingScheduler JobQueue: 56
2012-06-06 00:29:41,570-0500 DEBUG vdl:dostagein CDM: file://localhost/scott3a.sh : DEFAULT
2012-06-06 00:29:41,572-0500 INFO  vdl:dostagein END jobid=a16sm10ms-n65lddsk - Staging in finished
2012-06-06 00:29:41,573-0500 DEBUG vdl:execute2 JOB_START jobid=a16sm10ms-n65lddsk tr=a16sm10ms arguments=[] tmpdir=scott16sm10ms-20120606-0029-vua5f5d3/jobs/n/a16sm10ms-n65lddsk host=localhost
2012-06-06 00:29:41,578-0500 INFO  GridExec TASK_DEFINITION: Task(type=JOB_SUBMISSION, identity=urn:0-1-27-1-1-1338960574881) is /bin/bash shared/_swiftwrap a16sm10ms-n65lddsk -jobdir n -scratch  -e /home/skrieder/swift/cuda/16sm10ms -out 27.result -err stderr.txt -i -d  -if scott3a.sh -of 27.result -k  -cdmfile  -status files -a
2012-06-06 00:29:41,581-0500 INFO  JobSubmissionTaskHandler Submit: in: /var/tmp/scott16sm10ms-20120606-0029-vua5f5d3 command: /bin/bash /var/tmp/scott16sm10ms-20120606-0029-vua5f5d3/shared/_swiftwrap a16sm10ms-n65lddsk -jobdir n -scratch  -e /home/skrieder/swift/cuda/16sm10ms -out 27.result -err stderr.txt -i -d  -if scott3a.sh -of 27.result -k  -cdmfile  -status files -a
2012-06-06 00:29:41,826-0500 INFO  LateBindingScheduler JobQueue: 56
2012-06-06 00:29:41,828-0500 DEBUG vdl:checkjobstatus START jobid=a16sm10ms-n65lddsk
2012-06-06 00:29:41,831-0500 INFO  LateBindingScheduler JobQueue: 56
2012-06-06 00:29:41,831-0500 INFO  vdl:checkjobstatus SUCCESS jobid=a16sm10ms-n65lddsk - Success file found
2012-06-06 00:29:41,832-0500 DEBUG vdl:execute2 STAGING_OUT jobid=a16sm10ms-n65lddsk
2012-06-06 00:29:41,834-0500 INFO  vdl:dostageout START jobid=a16sm10ms-n65lddsk - Staging out files
2012-06-06 00:29:41,834-0500 DEBUG vdl:dostageout stageouts: [[$, c:countfile - Open]]
2012-06-06 00:29:41,841-0500 DEBUG vdl:dostageout FILE_STAGE_OUT_START srcname=27.result srcdir=scott16sm10ms-20120606-0029-vua5f5d3/shared/ srchost=localhost destdir= desthost=localhost provider=file
2012-06-06 00:29:41,845-0500 INFO  LateBindingScheduler JobQueue: 56
2012-06-06 00:29:41,854-0500 INFO  LateBindingScheduler JobQueue: 56
2012-06-06 00:29:41,855-0500 DEBUG vdl:dostageout FILE_STAGE_OUT_END srcname=27.result srcdir=scott16sm10ms-20120606-0029-vua5f5d3/shared/ srchost=localhost destdir= desthost=localhost provider=file
2012-06-06 00:29:41,858-0500 INFO  LateBindingScheduler JobQueue: 56
2012-06-06 00:29:41,860-0500 INFO  vdl:dostageout END jobid=a16sm10ms-n65lddsk - Staging out finished
2012-06-06 00:29:41,863-0500 DEBUG vdl:execute2 JOB_END jobid=a16sm10ms-n65lddsk
2012-06-06 00:29:41,864-0500 INFO  vdl:execute END_SUCCESS thread=0-1-27-1 tr=a16sm10ms
2012-06-06 00:29:41,865-0500 DEBUG countwords PROCEDURE_END line=5
2012-06-06 00:29:41,866-0500 DEBUG vdl:mains FOREACH_IT_END line=13 thread=0-1-27
2012-06-06 00:29:42,359-0500 INFO  WeightedHostScoreScheduler CONTACT_SELECTED host=localhost, score=6.983
2012-06-06 00:29:42,362-0500 DEBUG vdl:execute2 THREAD_ASSOCIATION jobid=a16sm10ms-o65lddsk thread=0-1-25-1-1 host=localhost replicationGroup=p55lddsk
2012-06-06 00:29:42,366-0500 INFO  vdl:createdirset START jobid=a16sm10ms-o65lddsk host=localhost - Initializing directory structure
2012-06-06 00:29:42,366-0500 INFO  vdl:createdirset END jobid=a16sm10ms-o65lddsk - Done initializing directory structure
2012-06-06 00:29:42,367-0500 INFO  vdl:dostagein START jobid=a16sm10ms-o65lddsk - Staging in files
2012-06-06 00:29:42,371-0500 INFO  LateBindingScheduler JobQueue: 55
2012-06-06 00:29:42,372-0500 DEBUG vdl:dostagein CDM: file://localhost/scott3a.sh : DEFAULT
2012-06-06 00:29:42,374-0500 INFO  vdl:dostagein END jobid=a16sm10ms-o65lddsk - Staging in finished
2012-06-06 00:29:42,375-0500 DEBUG vdl:execute2 JOB_START jobid=a16sm10ms-o65lddsk tr=a16sm10ms arguments=[] tmpdir=scott16sm10ms-20120606-0029-vua5f5d3/jobs/o/a16sm10ms-o65lddsk host=localhost
2012-06-06 00:29:42,380-0500 INFO  GridExec TASK_DEFINITION: Task(type=JOB_SUBMISSION, identity=urn:0-1-25-1-1-1338960574894) is /bin/bash shared/_swiftwrap a16sm10ms-o65lddsk -jobdir o -scratch  -e /home/skrieder/swift/cuda/16sm10ms -out 25.result -err stderr.txt -i -d  -if scott3a.sh -of 25.result -k  -cdmfile  -status files -a
2012-06-06 00:29:42,383-0500 INFO  JobSubmissionTaskHandler Submit: in: /var/tmp/scott16sm10ms-20120606-0029-vua5f5d3 command: /bin/bash /var/tmp/scott16sm10ms-20120606-0029-vua5f5d3/shared/_swiftwrap a16sm10ms-o65lddsk -jobdir o -scratch  -e /home/skrieder/swift/cuda/16sm10ms -out 25.result -err stderr.txt -i -d  -if scott3a.sh -of 25.result -k  -cdmfile  -status files -a
2012-06-06 00:29:42,610-0500 INFO  LateBindingScheduler JobQueue: 55
2012-06-06 00:29:42,612-0500 DEBUG vdl:checkjobstatus START jobid=a16sm10ms-o65lddsk
2012-06-06 00:29:42,615-0500 INFO  LateBindingScheduler JobQueue: 55
2012-06-06 00:29:42,616-0500 INFO  vdl:checkjobstatus SUCCESS jobid=a16sm10ms-o65lddsk - Success file found
2012-06-06 00:29:42,617-0500 DEBUG vdl:execute2 STAGING_OUT jobid=a16sm10ms-o65lddsk
2012-06-06 00:29:42,618-0500 INFO  vdl:dostageout START jobid=a16sm10ms-o65lddsk - Staging out files
2012-06-06 00:29:42,618-0500 DEBUG vdl:dostageout stageouts: [[$, c:countfile - Open]]
2012-06-06 00:29:42,621-0500 DEBUG vdl:dostageout FILE_STAGE_OUT_START srcname=25.result srcdir=scott16sm10ms-20120606-0029-vua5f5d3/shared/ srchost=localhost destdir= desthost=localhost provider=file
2012-06-06 00:29:42,625-0500 INFO  LateBindingScheduler JobQueue: 55
2012-06-06 00:29:42,633-0500 INFO  LateBindingScheduler JobQueue: 55
2012-06-06 00:29:42,634-0500 DEBUG vdl:dostageout FILE_STAGE_OUT_END srcname=25.result srcdir=scott16sm10ms-20120606-0029-vua5f5d3/shared/ srchost=localhost destdir= desthost=localhost provider=file
2012-06-06 00:29:42,637-0500 INFO  LateBindingScheduler JobQueue: 55
2012-06-06 00:29:42,640-0500 INFO  vdl:dostageout END jobid=a16sm10ms-o65lddsk - Staging out finished
2012-06-06 00:29:42,642-0500 DEBUG vdl:execute2 JOB_END jobid=a16sm10ms-o65lddsk
2012-06-06 00:29:42,643-0500 INFO  vdl:execute END_SUCCESS thread=0-1-25-1 tr=a16sm10ms
2012-06-06 00:29:42,644-0500 DEBUG countwords PROCEDURE_END line=5
2012-06-06 00:29:42,645-0500 DEBUG vdl:mains FOREACH_IT_END line=13 thread=0-1-25
2012-06-06 00:29:43,139-0500 INFO  WeightedHostScoreScheduler CONTACT_SELECTED host=localhost, score=8.035
2012-06-06 00:29:43,142-0500 DEBUG vdl:execute2 THREAD_ASSOCIATION jobid=a16sm10ms-p65lddsk thread=0-1-42-1-1 host=localhost replicationGroup=s55lddsk
2012-06-06 00:29:43,146-0500 INFO  vdl:createdirset START jobid=a16sm10ms-p65lddsk host=localhost - Initializing directory structure
2012-06-06 00:29:43,146-0500 INFO  vdl:createdirset END jobid=a16sm10ms-p65lddsk - Done initializing directory structure
2012-06-06 00:29:43,147-0500 INFO  vdl:dostagein START jobid=a16sm10ms-p65lddsk - Staging in files
2012-06-06 00:29:43,150-0500 INFO  LateBindingScheduler JobQueue: 54
2012-06-06 00:29:43,151-0500 DEBUG vdl:dostagein CDM: file://localhost/scott3a.sh : DEFAULT
2012-06-06 00:29:43,153-0500 INFO  vdl:dostagein END jobid=a16sm10ms-p65lddsk - Staging in finished
2012-06-06 00:29:43,154-0500 DEBUG vdl:execute2 JOB_START jobid=a16sm10ms-p65lddsk tr=a16sm10ms arguments=[] tmpdir=scott16sm10ms-20120606-0029-vua5f5d3/jobs/p/a16sm10ms-p65lddsk host=localhost
2012-06-06 00:29:43,158-0500 INFO  GridExec TASK_DEFINITION: Task(type=JOB_SUBMISSION, identity=urn:0-1-42-1-1-1338960574907) is /bin/bash shared/_swiftwrap a16sm10ms-p65lddsk -jobdir p -scratch  -e /home/skrieder/swift/cuda/16sm10ms -out 42.result -err stderr.txt -i -d  -if scott3a.sh -of 42.result -k  -cdmfile  -status files -a
2012-06-06 00:29:43,160-0500 INFO  JobSubmissionTaskHandler Submit: in: /var/tmp/scott16sm10ms-20120606-0029-vua5f5d3 command: /bin/bash /var/tmp/scott16sm10ms-20120606-0029-vua5f5d3/shared/_swiftwrap a16sm10ms-p65lddsk -jobdir p -scratch  -e /home/skrieder/swift/cuda/16sm10ms -out 42.result -err stderr.txt -i -d  -if scott3a.sh -of 42.result -k  -cdmfile  -status files -a
2012-06-06 00:29:43,386-0500 INFO  LateBindingScheduler JobQueue: 54
2012-06-06 00:29:43,387-0500 DEBUG vdl:checkjobstatus START jobid=a16sm10ms-p65lddsk
2012-06-06 00:29:43,390-0500 INFO  LateBindingScheduler JobQueue: 54
2012-06-06 00:29:43,390-0500 INFO  vdl:checkjobstatus SUCCESS jobid=a16sm10ms-p65lddsk - Success file found
2012-06-06 00:29:43,391-0500 DEBUG vdl:execute2 STAGING_OUT jobid=a16sm10ms-p65lddsk
2012-06-06 00:29:43,392-0500 INFO  vdl:dostageout START jobid=a16sm10ms-p65lddsk - Staging out files
2012-06-06 00:29:43,392-0500 DEBUG vdl:dostageout stageouts: [[$, c:countfile - Open]]
2012-06-06 00:29:43,395-0500 DEBUG vdl:dostageout FILE_STAGE_OUT_START srcname=42.result srcdir=scott16sm10ms-20120606-0029-vua5f5d3/shared/ srchost=localhost destdir= desthost=localhost provider=file
2012-06-06 00:29:43,398-0500 INFO  LateBindingScheduler JobQueue: 54
2012-06-06 00:29:43,405-0500 INFO  LateBindingScheduler JobQueue: 54
2012-06-06 00:29:43,406-0500 DEBUG vdl:dostageout FILE_STAGE_OUT_END srcname=42.result srcdir=scott16sm10ms-20120606-0029-vua5f5d3/shared/ srchost=localhost destdir= desthost=localhost provider=file
2012-06-06 00:29:43,409-0500 INFO  LateBindingScheduler JobQueue: 54
2012-06-06 00:29:43,411-0500 INFO  vdl:dostageout END jobid=a16sm10ms-p65lddsk - Staging out finished
2012-06-06 00:29:43,412-0500 DEBUG vdl:execute2 JOB_END jobid=a16sm10ms-p65lddsk
2012-06-06 00:29:43,413-0500 INFO  vdl:execute END_SUCCESS thread=0-1-42-1 tr=a16sm10ms
2012-06-06 00:29:43,414-0500 DEBUG countwords PROCEDURE_END line=5
2012-06-06 00:29:43,415-0500 DEBUG vdl:mains FOREACH_IT_END line=13 thread=0-1-42
2012-06-06 00:29:43,910-0500 INFO  WeightedHostScoreScheduler CONTACT_SELECTED host=localhost, score=9.148
2012-06-06 00:29:43,913-0500 DEBUG vdl:execute2 THREAD_ASSOCIATION jobid=a16sm10ms-q65lddsk thread=0-1-41-1-1 host=localhost replicationGroup=z55lddsk
2012-06-06 00:29:43,917-0500 INFO  vdl:createdirset START jobid=a16sm10ms-q65lddsk host=localhost - Initializing directory structure
2012-06-06 00:29:43,918-0500 INFO  vdl:createdirset END jobid=a16sm10ms-q65lddsk - Done initializing directory structure
2012-06-06 00:29:43,918-0500 INFO  vdl:dostagein START jobid=a16sm10ms-q65lddsk - Staging in files
2012-06-06 00:29:43,922-0500 INFO  LateBindingScheduler JobQueue: 53
2012-06-06 00:29:43,923-0500 DEBUG vdl:dostagein CDM: file://localhost/scott3a.sh : DEFAULT
2012-06-06 00:29:43,924-0500 INFO  vdl:dostagein END jobid=a16sm10ms-q65lddsk - Staging in finished
2012-06-06 00:29:43,925-0500 DEBUG vdl:execute2 JOB_START jobid=a16sm10ms-q65lddsk tr=a16sm10ms arguments=[] tmpdir=scott16sm10ms-20120606-0029-vua5f5d3/jobs/q/a16sm10ms-q65lddsk host=localhost
2012-06-06 00:29:43,930-0500 INFO  GridExec TASK_DEFINITION: Task(type=JOB_SUBMISSION, identity=urn:0-1-41-1-1-1338960574920) is /bin/bash shared/_swiftwrap a16sm10ms-q65lddsk -jobdir q -scratch  -e /home/skrieder/swift/cuda/16sm10ms -out 41.result -err stderr.txt -i -d  -if scott3a.sh -of 41.result -k  -cdmfile  -status files -a
2012-06-06 00:29:43,933-0500 INFO  JobSubmissionTaskHandler Submit: in: /var/tmp/scott16sm10ms-20120606-0029-vua5f5d3 command: /bin/bash /var/tmp/scott16sm10ms-20120606-0029-vua5f5d3/shared/_swiftwrap a16sm10ms-q65lddsk -jobdir q -scratch  -e /home/skrieder/swift/cuda/16sm10ms -out 41.result -err stderr.txt -i -d  -if scott3a.sh -of 41.result -k  -cdmfile  -status files -a
