2012-06-05 13:58:51,282-0500 DEBUG Loader arguments: [-tc.file, tc.data, -sites.file, 8-throttle-sites.xml, scott2sm1ms.swift]
2012-06-05 13:58:51,282-0500 DEBUG Loader Max heap: 252248064
2012-06-05 13:58:51,283-0500 DEBUG textfiles BEGIN SWIFTSCRIPT:

type messagefile; 
type countfile; 

app (countfile t) countwords (messagefile f) {   
     a2sm1ms stdout=@filename(t);
}

string inputNames = "scott3a.sh scott3a.sh scott3a.sh scott3a.sh scott3a.sh scott3a.sh scott3a.sh scott3a.sh scott3a.sh scott3a.sh scott3a.sh scott3a.sh scott3a.sh scott3a.sh scott3a.sh scott3a.sh scott3a.sh scott3a.sh scott3a.sh scott3a.sh scott3a.sh scott3a.sh scott3a.sh scott3a.sh scott3a.sh scott3a.sh scott3a.sh scott3a.sh scott3a.sh scott3a.sh scott3a.sh scott3a.sh scott3a.sh scott3a.sh scott3a.sh scott3a.sh scott3a.sh scott3a.sh scott3a.sh scott3a.sh scott3a.sh scott3a.sh scott3a.sh scott3a.sh scott3a.sh scott3a.sh scott3a.sh scott3a.sh scott3a.sh scott3a.sh scott3a.sh scott3a.sh scott3a.sh scott3a.sh scott3a.sh scott3a.sh scott3a.sh scott3a.sh scott3a.sh scott3a.sh scott3a.sh scott3a.sh scott3a.sh scott3a.sh";

messagefile inputfiles[] <fixed_array_mapper;files=inputNames>;

foreach f,i in inputfiles {
  countfile c <single_file_mapper; file=@strcat(i, ".result")>;
  c = countwords(f);
}


2012-06-05 13:58:51,283-0500 DEBUG textfiles END SWIFTSCRIPT:
2012-06-05 13:58:51,283-0500 DEBUG Loader kmlversion is >239b8550-a5ff-44be-a124-5e7ecd70737d<
2012-06-05 13:58:51,283-0500 DEBUG Loader build version is >239b8550-a5ff-44be-a124-5e7ecd70737d<
2012-06-05 13:58:51,283-0500 DEBUG Loader Recompilation suppressed.
2012-06-05 13:58:51,434-0500 DEBUG Loader setting: sites.file to: 8-throttle-sites.xml
2012-06-05 13:58:51,434-0500 DEBUG Loader setting: tc.file to: tc.data
2012-06-05 13:58:51,436-0500 DEBUG textfiles BEGIN SITES:
<config>

<!-- sites.xml specifies details of the sites that Swift can run on.

The first entry entry, for localhost, should work on most linux-like systems
without any change.

It may be necessary to change the two occurences of /var/tmp to a different
working directory.

The jobThrottle profile is set to 0 so that Swift will not try to run more
than two jobs at once (the minimum) when using the local sites. This is
appropriate for local execution, but make sure if/when using another
execution mechanism to submit to an HPC resource that this jobThrottle
is removed.

-->


  <pool handle="localhost">
    <filesystem provider="local" />
    <execution provider="local" />
    <workdirectory >/var/tmp</workdirectory>
    <profile namespace="karajan" key="jobThrottle">8</profile>
  </pool>





<!-- The remainder of this file is commented out by default. It contains
example site definitions for a number of sites on TeraGrid and OSG.

How this list was constructed:

1. Teragrid
http://www.teragrid.org/userinfo/hardware/resources.php
fill out the gatekeeper info and the gridftp hostname
for the storage/workspace, login into the machine, and make yourself a
temporary directory

2. OSG
http://osg-cat.grid.iu.edu/index.php?site_name=osgcat
sort by CPUs
Add the gatekeeper hostname into the jobmanager name and into the gridftp url
Add the ($TMP) or ($WNTMP) to the storage element in the gridftp url AND
into the workspace element

TODO by user:
customize the storage and workdirectory to use your personal working directories

-->


<!--
  <pool handle="skynet" >
    <gridftp url="gsiftp://skynet-login.isi.edu" > 
    </gridftp>
    <jobmanager universe="vanilla" url="skynet-login.isi.edu/jobmanager-fork" major="2" />
    <workdirectory >/nfs/scratch01/tiberius</workdirectory>
  </pool>
-->
<!--
  <pool handle="teraport" >
    <gridftp  url="gsiftp://tp-grid1.uchicago.edu" /> 
    <jobmanager universe="vanilla" url="tp-grid1.uchicago.edu/jobmanager-pbs" major="2" />
    <workdirectory >/home/tiberius/scratch/SWIFT-WORK</workdirectory>
  </pool>
-->
<!--
<pool handle="ncsa_32" >
    <gridftp  url="gsiftp://login-w.ncsa.teragrid.org" />
    <jobmanager universe="vanilla" url="grid-w.ncsa.teragrid.org/jobmanager" major="2" /> 
    <workdirectory >/u/ac/tstef</workdirectory>
</pool>
-->
<!--
<pool handle="purdue" >
    <gridftp  url="gsiftp://tg-data.purdue.teragrid.org" />
    <jobmanager universe="vanilla" url="tg-gatekeeper.purdue.teragrid.org" major="2" />
    <workdirectory >/scratch/teragrid/stef</workdirectory>
</pool>
-->
<!-- 
<pool handle="tacc" >
    <gridftp  url="gsiftp://tg-gridftp.lonestar.tacc.teragrid.org" />
    <jobmanager universe="vanilla" url="tg-login.tacc.teragrid.org/jobmanager-lsf" major="2" />
    <workdirectory >/work/teragrid/tstef</workdirectory>
</pool>
-->
<!-- 
<pool handle="UC" >
    <gridftp url="gsiftp://tg-gridftp.uc.teragrid.org" />
    <execution provider="gt4" jobmanager="PBS" url="tg-grid.uc.teragrid.org" />
    <workdirectory >/disks/scratchgpfs1/tstef</workdirectory>
</pool>
 -->
 
<!-- OSG SITES -->
<!-- 
<pool handle="OSG_LIGO_PSU" >
    <gridftp  url="gsiftp://grid3.aset.psu.edu" />
    <jobmanager universe="vanilla" url="grid3.aset.psu.edu/jobmanager-pbs" major="2" />
    <workdirectory >/usr1/grid3/data</workdirectory>
</pool>
 -->
<!-- 
<pool handle="fnal" >
    <gridftp  url="gsiftp://fngp-osg.fnal.gov" />
    <jobmanager universe="vanilla" url="fngp-osg.fnal.gov/jobmanager-pbs" major="2" minor="2" />
    <workdirectory >/grid/data</workdirectory>
</pool>
-->
<!-- 
<pool handle="prod_slac" >
    <gridftp  url="gsiftp://osgserv01.slac.stanford.edu" />
    <jobmanager universe="vanilla" url="osgserv01.slac.stanford.edu/jobmanager-lsf" major="2" />
    <workdirectory >/nfs/slac/g/grid/osg/data</workdirectory>
</pool>
-->
<!-- 
<pool handle="bnl_atlas_2" >
    <gridftp  url="gsiftp://gridgk02.racf.bnl.gov" />
    <jobmanager universe="vanilla" url="gridgk02.racf.bnl.gov/jobmanager-condor" major="2" />
    <workdirectory >/usatlas/prodjob/share/</workdirectory>
</pool>
-->
<!--
<pool handle="unm_hpc" >
    <gridftp  url="gsiftp://milta.alliance.unm.edu" />
    <jobmanager universe="vanilla" url="milta.alliance.unm.edu/jobmanager-pbs" major="2" />
    <workdirectory >/tmp</workdirectory>
</pool>
-->
<!--  
<pool handle="UWM_CMS" >
    <gridftp  url="gsiftp://cmsgrid02.hep.wisc.edu" />
    <jobmanager universe="vanilla" url="cmsgrid02.hep.wisc.edu/jobmanager-condor" major="2" />
    <workdirectory >/tmp</workdirectory>
</pool>
-->

</config>


2012-06-05 13:58:51,437-0500 DEBUG textfiles END SITES:
2012-06-05 13:58:51,441-0500 INFO  VDL2ExecutionContext Stack dump:
Level 1
[iA = 0, iB = 0, bA = false, bB = false]
	vdl:instanceconfig = Swift configuration []
	vdl:operation = run
	swift.home = /usr/local/swift/bin/..
	PATH_SEPARATOR = /


2012-06-05 13:58:52,081-0500 INFO  unknown Using sites file: 8-throttle-sites.xml
2012-06-05 13:58:52,119-0500 INFO  unknown Using tc.data: tc.data
2012-06-05 13:58:52,288-0500 INFO  AbstractScheduler Setting resources to: {localhost=localhost}
2012-06-05 13:58:53,089-0500 INFO  unknown Swift 0.93 swift-r5483 cog-r3339

2012-06-05 13:58:53,090-0500 INFO  unknown RUNID id=run:20120605-1358-k3xbve3g
2012-06-05 13:58:53,141-0500 INFO  SetFieldValue Set: inputNames=scott3a.sh scott3a.sh scott3a.sh scott3a.sh scott3a.sh scott3a.sh scott3a.sh scott3a.sh scott3a.sh scott3a.sh scott3a.sh scott3a.sh scott3a.sh scott3a.sh scott3a.sh scott3a.sh scott3a.sh scott3a.sh scott3a.sh scott3a.sh scott3a.sh scott3a.sh scott3a.sh scott3a.sh scott3a.sh scott3a.sh scott3a.sh scott3a.sh scott3a.sh scott3a.sh scott3a.sh scott3a.sh scott3a.sh scott3a.sh scott3a.sh scott3a.sh scott3a.sh scott3a.sh scott3a.sh scott3a.sh scott3a.sh scott3a.sh scott3a.sh scott3a.sh scott3a.sh scott3a.sh scott3a.sh scott3a.sh scott3a.sh scott3a.sh scott3a.sh scott3a.sh scott3a.sh scott3a.sh scott3a.sh scott3a.sh scott3a.sh scott3a.sh scott3a.sh scott3a.sh scott3a.sh scott3a.sh scott3a.sh scott3a.sh
2012-06-05 13:58:53,170-0500 INFO  RootDataNode Found data inputfiles:messagefile[] - Open.[0]
2012-06-05 13:58:53,170-0500 INFO  RootDataNode Found data inputfiles:messagefile[] - Open.[1]
2012-06-05 13:58:53,170-0500 INFO  RootDataNode Found data inputfiles:messagefile[] - Open.[2]
2012-06-05 13:58:53,170-0500 INFO  RootDataNode Found data inputfiles:messagefile[] - Open.[3]
2012-06-05 13:58:53,170-0500 INFO  RootDataNode Found data inputfiles:messagefile[] - Open.[4]
2012-06-05 13:58:53,170-0500 INFO  RootDataNode Found data inputfiles:messagefile[] - Open.[5]
2012-06-05 13:58:53,170-0500 INFO  RootDataNode Found data inputfiles:messagefile[] - Open.[6]
2012-06-05 13:58:53,170-0500 INFO  RootDataNode Found data inputfiles:messagefile[] - Open.[7]
2012-06-05 13:58:53,171-0500 INFO  RootDataNode Found data inputfiles:messagefile[] - Open.[8]
2012-06-05 13:58:53,171-0500 INFO  RootDataNode Found data inputfiles:messagefile[] - Open.[9]
2012-06-05 13:58:53,171-0500 INFO  RootDataNode Found data inputfiles:messagefile[] - Open.[10]
2012-06-05 13:58:53,171-0500 INFO  RootDataNode Found data inputfiles:messagefile[] - Open.[11]
2012-06-05 13:58:53,171-0500 INFO  RootDataNode Found data inputfiles:messagefile[] - Open.[12]
2012-06-05 13:58:53,171-0500 INFO  RootDataNode Found data inputfiles:messagefile[] - Open.[13]
2012-06-05 13:58:53,171-0500 INFO  RootDataNode Found data inputfiles:messagefile[] - Open.[14]
2012-06-05 13:58:53,171-0500 INFO  RootDataNode Found data inputfiles:messagefile[] - Open.[15]
2012-06-05 13:58:53,171-0500 INFO  RootDataNode Found data inputfiles:messagefile[] - Open.[16]
2012-06-05 13:58:53,171-0500 INFO  RootDataNode Found data inputfiles:messagefile[] - Open.[17]
2012-06-05 13:58:53,171-0500 INFO  RootDataNode Found data inputfiles:messagefile[] - Open.[18]
2012-06-05 13:58:53,172-0500 INFO  RootDataNode Found data inputfiles:messagefile[] - Open.[19]
2012-06-05 13:58:53,172-0500 INFO  RootDataNode Found data inputfiles:messagefile[] - Open.[20]
2012-06-05 13:58:53,172-0500 INFO  RootDataNode Found data inputfiles:messagefile[] - Open.[21]
2012-06-05 13:58:53,172-0500 INFO  RootDataNode Found data inputfiles:messagefile[] - Open.[22]
2012-06-05 13:58:53,172-0500 INFO  RootDataNode Found data inputfiles:messagefile[] - Open.[23]
2012-06-05 13:58:53,172-0500 INFO  RootDataNode Found data inputfiles:messagefile[] - Open.[24]
2012-06-05 13:58:53,172-0500 INFO  RootDataNode Found data inputfiles:messagefile[] - Open.[25]
2012-06-05 13:58:53,172-0500 INFO  RootDataNode Found data inputfiles:messagefile[] - Open.[26]
2012-06-05 13:58:53,172-0500 INFO  RootDataNode Found data inputfiles:messagefile[] - Open.[27]
2012-06-05 13:58:53,172-0500 INFO  RootDataNode Found data inputfiles:messagefile[] - Open.[28]
2012-06-05 13:58:53,173-0500 INFO  RootDataNode Found data inputfiles:messagefile[] - Open.[29]
2012-06-05 13:58:53,173-0500 INFO  RootDataNode Found data inputfiles:messagefile[] - Open.[30]
2012-06-05 13:58:53,173-0500 INFO  RootDataNode Found data inputfiles:messagefile[] - Open.[31]
2012-06-05 13:58:53,173-0500 INFO  RootDataNode Found data inputfiles:messagefile[] - Open.[32]
2012-06-05 13:58:53,173-0500 INFO  RootDataNode Found data inputfiles:messagefile[] - Open.[33]
2012-06-05 13:58:53,173-0500 INFO  RootDataNode Found data inputfiles:messagefile[] - Open.[34]
2012-06-05 13:58:53,173-0500 INFO  RootDataNode Found data inputfiles:messagefile[] - Open.[35]
2012-06-05 13:58:53,173-0500 INFO  RootDataNode Found data inputfiles:messagefile[] - Open.[36]
2012-06-05 13:58:53,173-0500 INFO  RootDataNode Found data inputfiles:messagefile[] - Open.[37]
2012-06-05 13:58:53,173-0500 INFO  RootDataNode Found data inputfiles:messagefile[] - Open.[38]
2012-06-05 13:58:53,173-0500 INFO  RootDataNode Found data inputfiles:messagefile[] - Open.[39]
2012-06-05 13:58:53,174-0500 INFO  RootDataNode Found data inputfiles:messagefile[] - Open.[40]
2012-06-05 13:58:53,174-0500 INFO  RootDataNode Found data inputfiles:messagefile[] - Open.[41]
2012-06-05 13:58:53,174-0500 INFO  RootDataNode Found data inputfiles:messagefile[] - Open.[42]
2012-06-05 13:58:53,174-0500 INFO  RootDataNode Found data inputfiles:messagefile[] - Open.[43]
2012-06-05 13:58:53,174-0500 INFO  RootDataNode Found data inputfiles:messagefile[] - Open.[44]
2012-06-05 13:58:53,174-0500 INFO  RootDataNode Found data inputfiles:messagefile[] - Open.[45]
2012-06-05 13:58:53,174-0500 INFO  RootDataNode Found data inputfiles:messagefile[] - Open.[46]
2012-06-05 13:58:53,174-0500 INFO  RootDataNode Found data inputfiles:messagefile[] - Open.[47]
2012-06-05 13:58:53,174-0500 INFO  RootDataNode Found data inputfiles:messagefile[] - Open.[48]
2012-06-05 13:58:53,174-0500 INFO  RootDataNode Found data inputfiles:messagefile[] - Open.[49]
2012-06-05 13:58:53,174-0500 INFO  RootDataNode Found data inputfiles:messagefile[] - Open.[50]
2012-06-05 13:58:53,175-0500 INFO  RootDataNode Found data inputfiles:messagefile[] - Open.[51]
2012-06-05 13:58:53,175-0500 INFO  RootDataNode Found data inputfiles:messagefile[] - Open.[52]
2012-06-05 13:58:53,175-0500 INFO  RootDataNode Found data inputfiles:messagefile[] - Open.[53]
2012-06-05 13:58:53,175-0500 INFO  RootDataNode Found data inputfiles:messagefile[] - Open.[54]
2012-06-05 13:58:53,175-0500 INFO  RootDataNode Found data inputfiles:messagefile[] - Open.[55]
2012-06-05 13:58:53,175-0500 INFO  RootDataNode Found data inputfiles:messagefile[] - Open.[56]
2012-06-05 13:58:53,175-0500 INFO  RootDataNode Found data inputfiles:messagefile[] - Open.[57]
2012-06-05 13:58:53,175-0500 INFO  RootDataNode Found data inputfiles:messagefile[] - Open.[58]
2012-06-05 13:58:53,175-0500 INFO  RootDataNode Found data inputfiles:messagefile[] - Open.[59]
2012-06-05 13:58:53,175-0500 INFO  RootDataNode Found data inputfiles:messagefile[] - Open.[60]
2012-06-05 13:58:53,175-0500 INFO  RootDataNode Found data inputfiles:messagefile[] - Open.[61]
2012-06-05 13:58:53,176-0500 INFO  RootDataNode Found data inputfiles:messagefile[] - Open.[62]
2012-06-05 13:58:53,176-0500 INFO  RootDataNode Found data inputfiles:messagefile[] - Open.[63]
2012-06-05 13:58:53,182-0500 DEBUG vdl:mains FOREACH_IT_START line=13 thread=0-1-5
2012-06-05 13:58:53,182-0500 DEBUG vdl:mains FOREACH_IT_START line=13 thread=0-1-3
2012-06-05 13:58:53,183-0500 DEBUG vdl:mains FOREACH_IT_START line=13 thread=0-1-6
2012-06-05 13:58:53,183-0500 DEBUG vdl:mains FOREACH_IT_START line=13 thread=0-1-0
2012-06-05 13:58:53,183-0500 DEBUG vdl:mains FOREACH_IT_START line=13 thread=0-1-9
2012-06-05 13:58:53,184-0500 DEBUG vdl:mains FOREACH_IT_START line=13 thread=0-1-13
2012-06-05 13:58:53,182-0500 DEBUG vdl:mains FOREACH_IT_START line=13 thread=0-1-2
2012-06-05 13:58:53,182-0500 DEBUG vdl:mains FOREACH_IT_START line=13 thread=0-1-1
2012-06-05 13:58:53,184-0500 DEBUG vdl:mains FOREACH_IT_START line=13 thread=0-1-15
2012-06-05 13:58:53,185-0500 DEBUG vdl:mains SCOPE thread=0-1-6
2012-06-05 13:58:53,184-0500 DEBUG vdl:mains FOREACH_IT_START line=13 thread=0-1-10
2012-06-05 13:58:53,184-0500 DEBUG vdl:mains FOREACH_IT_START line=13 thread=0-1-11
2012-06-05 13:58:53,183-0500 DEBUG vdl:mains FOREACH_IT_START line=13 thread=0-1-8
2012-06-05 13:58:53,183-0500 DEBUG vdl:mains FOREACH_IT_START line=13 thread=0-1-7
2012-06-05 13:58:53,186-0500 DEBUG vdl:mains SCOPE thread=0-1-13
2012-06-05 13:58:53,185-0500 DEBUG vdl:mains SCOPE thread=0-1-9
2012-06-05 13:58:53,188-0500 DEBUG vdl:mains SCOPE thread=0-1-15
2012-06-05 13:58:53,185-0500 DEBUG vdl:mains FOREACH_IT_START line=13 thread=0-1-4
2012-06-05 13:58:53,185-0500 DEBUG vdl:mains FOREACH_IT_START line=13 thread=0-1-16
2012-06-05 13:58:53,185-0500 DEBUG vdl:mains FOREACH_IT_START line=13 thread=0-1-17
2012-06-05 13:58:53,185-0500 DEBUG vdl:mains SCOPE thread=0-1-0
2012-06-05 13:58:53,184-0500 DEBUG vdl:mains SCOPE thread=0-1-3
2012-06-05 13:58:53,184-0500 DEBUG vdl:mains SCOPE thread=0-1-5
2012-06-05 13:58:53,189-0500 DEBUG vdl:mains SCOPE thread=0-1-11
2012-06-05 13:58:53,190-0500 DEBUG vdl:mains SCOPE thread=0-1-7
2012-06-05 13:58:53,189-0500 DEBUG vdl:mains SCOPE thread=0-1-10
2012-06-05 13:58:53,188-0500 DEBUG vdl:mains SCOPE thread=0-1-1
2012-06-05 13:58:53,191-0500 DEBUG vdl:mains SCOPE thread=0-1-4
2012-06-05 13:58:53,191-0500 DEBUG vdl:mains SCOPE thread=0-1-16
2012-06-05 13:58:53,192-0500 DEBUG vdl:mains SCOPE thread=0-1-17
2012-06-05 13:58:53,193-0500 DEBUG vdl:mains FOREACH_IT_START line=13 thread=0-1-18
2012-06-05 13:58:53,193-0500 DEBUG vdl:mains FOREACH_IT_START line=13 thread=0-1-19
2012-06-05 13:58:53,193-0500 DEBUG vdl:mains FOREACH_IT_START line=13 thread=0-1-20
2012-06-05 13:58:53,193-0500 DEBUG vdl:mains FOREACH_IT_START line=13 thread=0-1-24
2012-06-05 13:58:53,193-0500 DEBUG vdl:mains FOREACH_IT_START line=13 thread=0-1-29
2012-06-05 13:58:53,193-0500 DEBUG vdl:mains FOREACH_IT_START line=13 thread=0-1-21
2012-06-05 13:58:53,194-0500 DEBUG vdl:mains FOREACH_IT_START line=13 thread=0-1-26
2012-06-05 13:58:53,188-0500 DEBUG vdl:mains FOREACH_IT_START line=13 thread=0-1-12
2012-06-05 13:58:53,194-0500 DEBUG vdl:mains FOREACH_IT_START line=13 thread=0-1-30
2012-06-05 13:58:53,188-0500 DEBUG vdl:mains FOREACH_IT_START line=13 thread=0-1-14
2012-06-05 13:58:53,187-0500 DEBUG vdl:mains SCOPE thread=0-1-2
2012-06-05 13:58:53,194-0500 DEBUG vdl:mains FOREACH_IT_START line=13 thread=0-1-32
2012-06-05 13:58:53,194-0500 DEBUG vdl:mains FOREACH_IT_START line=13 thread=0-1-34
2012-06-05 13:58:53,194-0500 DEBUG vdl:mains FOREACH_IT_START line=13 thread=0-1-33
2012-06-05 13:58:53,194-0500 DEBUG vdl:mains FOREACH_IT_START line=13 thread=0-1-31
2012-06-05 13:58:53,194-0500 DEBUG vdl:mains FOREACH_IT_START line=13 thread=0-1-27
2012-06-05 13:58:53,194-0500 DEBUG vdl:mains FOREACH_IT_START line=13 thread=0-1-28
2012-06-05 13:58:53,193-0500 DEBUG vdl:mains FOREACH_IT_START line=13 thread=0-1-23
2012-06-05 13:58:53,193-0500 DEBUG vdl:mains FOREACH_IT_START line=13 thread=0-1-25
2012-06-05 13:58:53,193-0500 DEBUG vdl:mains FOREACH_IT_START line=13 thread=0-1-22
2012-06-05 13:58:53,190-0500 DEBUG vdl:mains SCOPE thread=0-1-8
2012-06-05 13:58:53,197-0500 DEBUG vdl:mains FOREACH_IT_START line=13 thread=0-1-45
2012-06-05 13:58:53,196-0500 DEBUG vdl:mains FOREACH_IT_START line=13 thread=0-1-42
2012-06-05 13:58:53,196-0500 DEBUG vdl:mains FOREACH_IT_START line=13 thread=0-1-36
2012-06-05 13:58:53,196-0500 DEBUG vdl:mains FOREACH_IT_START line=13 thread=0-1-43
2012-06-05 13:58:53,196-0500 DEBUG vdl:mains FOREACH_IT_START line=13 thread=0-1-44
2012-06-05 13:58:53,198-0500 DEBUG vdl:mains FOREACH_IT_START line=13 thread=0-1-50
2012-06-05 13:58:53,195-0500 DEBUG vdl:mains FOREACH_IT_START line=13 thread=0-1-37
2012-06-05 13:58:53,195-0500 DEBUG vdl:mains FOREACH_IT_START line=13 thread=0-1-40
2012-06-05 13:58:53,195-0500 DEBUG vdl:mains FOREACH_IT_START line=13 thread=0-1-35
2012-06-05 13:58:53,195-0500 DEBUG vdl:mains FOREACH_IT_START line=13 thread=0-1-39
2012-06-05 13:58:53,199-0500 DEBUG vdl:mains FOREACH_IT_START line=13 thread=0-1-55
2012-06-05 13:58:53,195-0500 DEBUG vdl:mains FOREACH_IT_START line=13 thread=0-1-38
2012-06-05 13:58:53,199-0500 DEBUG vdl:mains FOREACH_IT_START line=13 thread=0-1-56
2012-06-05 13:58:53,199-0500 DEBUG vdl:mains FOREACH_IT_START line=13 thread=0-1-57
2012-06-05 13:58:53,199-0500 DEBUG vdl:mains FOREACH_IT_START line=13 thread=0-1-51
2012-06-05 13:58:53,199-0500 DEBUG vdl:mains FOREACH_IT_START line=13 thread=0-1-54
2012-06-05 13:58:53,199-0500 DEBUG vdl:mains FOREACH_IT_START line=13 thread=0-1-53
2012-06-05 13:58:53,198-0500 DEBUG vdl:mains FOREACH_IT_START line=13 thread=0-1-52
2012-06-05 13:58:53,198-0500 DEBUG vdl:mains FOREACH_IT_START line=13 thread=0-1-48
2012-06-05 13:58:53,197-0500 DEBUG vdl:mains FOREACH_IT_START line=13 thread=0-1-49
2012-06-05 13:58:53,197-0500 DEBUG vdl:mains FOREACH_IT_START line=13 thread=0-1-47
2012-06-05 13:58:53,201-0500 DEBUG vdl:mains FOREACH_IT_START line=13 thread=0-1-62
2012-06-05 13:58:53,197-0500 DEBUG vdl:mains FOREACH_IT_START line=13 thread=0-1-46
2012-06-05 13:58:53,197-0500 DEBUG vdl:mains FOREACH_IT_START line=13 thread=0-1-41
2012-06-05 13:58:53,201-0500 DEBUG vdl:mains SCOPE thread=0-1-24
2012-06-05 13:58:53,201-0500 DEBUG vdl:mains SCOPE thread=0-1-20
2012-06-05 13:58:53,202-0500 DEBUG vdl:mains SCOPE thread=0-1-12
2012-06-05 13:58:53,201-0500 DEBUG vdl:mains SCOPE thread=0-1-19
2012-06-05 13:58:53,200-0500 DEBUG vdl:mains FOREACH_IT_START line=13 thread=0-1-63
2012-06-05 13:58:53,202-0500 DEBUG vdl:mains SCOPE thread=0-1-14
2012-06-05 13:58:53,200-0500 DEBUG vdl:mains SCOPE thread=0-1-18
2012-06-05 13:58:53,200-0500 DEBUG vdl:mains FOREACH_IT_START line=13 thread=0-1-59
2012-06-05 13:58:53,200-0500 DEBUG vdl:mains FOREACH_IT_START line=13 thread=0-1-61
2012-06-05 13:58:53,200-0500 DEBUG vdl:mains FOREACH_IT_START line=13 thread=0-1-60
2012-06-05 13:58:53,200-0500 DEBUG vdl:mains FOREACH_IT_START line=13 thread=0-1-58
2012-06-05 13:58:53,202-0500 DEBUG vdl:mains SCOPE thread=0-1-27
2012-06-05 13:58:53,202-0500 DEBUG vdl:mains SCOPE thread=0-1-31
2012-06-05 13:58:53,202-0500 DEBUG vdl:mains SCOPE thread=0-1-33
2012-06-05 13:58:53,202-0500 DEBUG vdl:mains SCOPE thread=0-1-34
2012-06-05 13:58:53,202-0500 DEBUG vdl:mains SCOPE thread=0-1-32
2012-06-05 13:58:53,202-0500 DEBUG vdl:mains SCOPE thread=0-1-30
2012-06-05 13:58:53,202-0500 DEBUG vdl:mains SCOPE thread=0-1-26
2012-06-05 13:58:53,201-0500 DEBUG vdl:mains SCOPE thread=0-1-21
2012-06-05 13:58:53,201-0500 DEBUG vdl:mains SCOPE thread=0-1-29
2012-06-05 13:58:53,204-0500 DEBUG vdl:mains SCOPE thread=0-1-37
2012-06-05 13:58:53,203-0500 DEBUG vdl:mains SCOPE thread=0-1-50
2012-06-05 13:58:53,203-0500 DEBUG vdl:mains SCOPE thread=0-1-44
2012-06-05 13:58:53,203-0500 DEBUG vdl:mains SCOPE thread=0-1-43
2012-06-05 13:58:53,203-0500 DEBUG vdl:mains SCOPE thread=0-1-36
2012-06-05 13:58:53,203-0500 DEBUG vdl:mains SCOPE thread=0-1-42
2012-06-05 13:58:53,203-0500 DEBUG vdl:mains SCOPE thread=0-1-45
2012-06-05 13:58:53,203-0500 DEBUG vdl:mains SCOPE thread=0-1-22
2012-06-05 13:58:53,203-0500 DEBUG vdl:mains SCOPE thread=0-1-25
2012-06-05 13:58:53,203-0500 DEBUG vdl:mains SCOPE thread=0-1-28
2012-06-05 13:58:53,203-0500 DEBUG vdl:mains SCOPE thread=0-1-23
2012-06-05 13:58:53,205-0500 DEBUG vdl:mains SCOPE thread=0-1-51
2012-06-05 13:58:53,205-0500 DEBUG vdl:mains SCOPE thread=0-1-57
2012-06-05 13:58:53,205-0500 DEBUG vdl:mains SCOPE thread=0-1-56
2012-06-05 13:58:53,205-0500 DEBUG vdl:mains SCOPE thread=0-1-38
2012-06-05 13:58:53,205-0500 DEBUG vdl:mains SCOPE thread=0-1-39
2012-06-05 13:58:53,205-0500 DEBUG vdl:mains SCOPE thread=0-1-55
2012-06-05 13:58:53,204-0500 DEBUG vdl:mains SCOPE thread=0-1-35
2012-06-05 13:58:53,204-0500 DEBUG vdl:mains SCOPE thread=0-1-40
2012-06-05 13:58:53,206-0500 DEBUG vdl:mains SCOPE thread=0-1-46
2012-06-05 13:58:53,206-0500 DEBUG vdl:mains SCOPE thread=0-1-41
2012-06-05 13:58:53,206-0500 DEBUG vdl:mains SCOPE thread=0-1-62
2012-06-05 13:58:53,206-0500 DEBUG vdl:mains SCOPE thread=0-1-47
2012-06-05 13:58:53,206-0500 DEBUG vdl:mains SCOPE thread=0-1-49
2012-06-05 13:58:53,205-0500 DEBUG vdl:mains SCOPE thread=0-1-48
2012-06-05 13:58:53,205-0500 DEBUG vdl:mains SCOPE thread=0-1-52
2012-06-05 13:58:53,205-0500 DEBUG vdl:mains SCOPE thread=0-1-54
2012-06-05 13:58:53,205-0500 DEBUG vdl:mains SCOPE thread=0-1-53
2012-06-05 13:58:53,207-0500 DEBUG vdl:mains SCOPE thread=0-1-58
2012-06-05 13:58:53,207-0500 DEBUG vdl:mains SCOPE thread=0-1-60
2012-06-05 13:58:53,207-0500 DEBUG vdl:mains SCOPE thread=0-1-61
2012-06-05 13:58:53,207-0500 DEBUG vdl:mains SCOPE thread=0-1-59
2012-06-05 13:58:53,206-0500 DEBUG vdl:mains SCOPE thread=0-1-63
2012-06-05 13:58:53,242-0500 INFO  SetFieldValue Set: swift#mapper#17001=13.result
2012-06-05 13:58:53,242-0500 INFO  SetFieldValue Set: swift#mapper#17001=1.result
2012-06-05 13:58:53,243-0500 INFO  SetFieldValue Set: swift#mapper#17001=24.result
2012-06-05 13:58:53,243-0500 INFO  SetFieldValue Set: swift#mapper#17001=3.result
2012-06-05 13:58:53,244-0500 INFO  SetFieldValue Set: swift#mapper#17001=6.result
2012-06-05 13:58:53,244-0500 INFO  SetFieldValue Set: swift#mapper#17001=15.result
2012-06-05 13:58:53,244-0500 INFO  SetFieldValue Set: swift#mapper#17001=4.result
2012-06-05 13:58:53,245-0500 INFO  SetFieldValue Set: swift#mapper#17001=11.result
2012-06-05 13:58:53,245-0500 INFO  SetFieldValue Set: swift#mapper#17001=5.result
2012-06-05 13:58:53,246-0500 INFO  SetFieldValue Set: swift#mapper#17001=22.result
2012-06-05 13:58:53,246-0500 INFO  SetFieldValue Set: swift#mapper#17001=12.result
2012-06-05 13:58:53,247-0500 INFO  SetFieldValue Set: swift#mapper#17001=43.result
2012-06-05 13:58:53,247-0500 INFO  SetFieldValue Set: swift#mapper#17001=50.result
2012-06-05 13:58:53,246-0500 INFO  SetFieldValue Set: swift#mapper#17001=28.result
2012-06-05 13:58:53,248-0500 INFO  SetFieldValue Set: swift#mapper#17001=42.result
2012-06-05 13:58:53,246-0500 INFO  SetFieldValue Set: swift#mapper#17001=19.result
2012-06-05 13:58:53,248-0500 INFO  SetFieldValue Set: swift#mapper#17001=17.result
2012-06-05 13:58:53,249-0500 INFO  SetFieldValue Set: swift#mapper#17001=57.result
2012-06-05 13:58:53,248-0500 INFO  SetFieldValue Set: swift#mapper#17001=7.result
2012-06-05 13:58:53,248-0500 INFO  SetFieldValue Set: swift#mapper#17001=20.result
2012-06-05 13:58:53,249-0500 INFO  SetFieldValue Set: swift#mapper#17001=10.result
2012-06-05 13:58:53,249-0500 INFO  SetFieldValue Set: swift#mapper#17001=23.result
2012-06-05 13:58:53,250-0500 INFO  SetFieldValue Set: swift#mapper#17001=8.result
2012-06-05 13:58:53,250-0500 INFO  SetFieldValue Set: swift#mapper#17001=56.result
2012-06-05 13:58:53,250-0500 INFO  SetFieldValue Set: swift#mapper#17001=2.result
2012-06-05 13:58:53,251-0500 INFO  SetFieldValue Set: swift#mapper#17001=51.result
2012-06-05 13:58:53,251-0500 INFO  SetFieldValue Set: swift#mapper#17001=33.result
2012-06-05 13:58:53,251-0500 INFO  SetFieldValue Set: swift#mapper#17001=18.result
2012-06-05 13:58:53,252-0500 INFO  SetFieldValue Set: swift#mapper#17001=53.result
2012-06-05 13:58:53,252-0500 INFO  SetFieldValue Set: swift#mapper#17001=30.result
2012-06-05 13:58:53,252-0500 INFO  SetFieldValue Set: swift#mapper#17001=36.result
2012-06-05 13:58:53,252-0500 INFO  SetFieldValue Set: swift#mapper#17001=21.result
2012-06-05 13:58:53,251-0500 INFO  SetFieldValue Set: swift#mapper#17001=14.result
2012-06-05 13:58:53,252-0500 INFO  SetFieldValue Set: swift#mapper#17001=46.result
2012-06-05 13:58:53,253-0500 INFO  SetFieldValue Set: swift#mapper#17001=0.result
2012-06-05 13:58:53,253-0500 INFO  SetFieldValue Set: swift#mapper#17001=16.result
2012-06-05 13:58:53,253-0500 INFO  SetFieldValue Set: swift#mapper#17001=40.result
2012-06-05 13:58:53,254-0500 INFO  SetFieldValue Set: swift#mapper#17001=47.result
2012-06-05 13:58:53,253-0500 INFO  SetFieldValue Set: swift#mapper#17001=54.result
2012-06-05 13:58:53,254-0500 INFO  SetFieldValue Set: swift#mapper#17001=39.result
2012-06-05 13:58:53,253-0500 INFO  SetFieldValue Set: swift#mapper#17001=9.result
2012-06-05 13:58:53,253-0500 INFO  SetFieldValue Set: swift#mapper#17001=27.result
2012-06-05 13:58:53,255-0500 INFO  SetFieldValue Set: swift#mapper#17001=34.result
2012-06-05 13:58:53,255-0500 INFO  SetFieldValue Set: swift#mapper#17001=35.result
2012-06-05 13:58:53,256-0500 INFO  SetFieldValue Set: swift#mapper#17001=48.result
2012-06-05 13:58:53,256-0500 INFO  SetFieldValue Set: swift#mapper#17001=58.result
2012-06-05 13:58:53,256-0500 INFO  SetFieldValue Set: swift#mapper#17001=25.result
2012-06-05 13:58:53,257-0500 INFO  SetFieldValue Set: swift#mapper#17001=38.result
2012-06-05 13:58:53,257-0500 INFO  SetFieldValue Set: swift#mapper#17001=49.result
2012-06-05 13:58:53,257-0500 INFO  SetFieldValue Set: swift#mapper#17001=26.result
2012-06-05 13:58:53,254-0500 INFO  SetFieldValue Set: swift#mapper#17001=41.result
2012-06-05 13:58:53,258-0500 INFO  SetFieldValue Set: swift#mapper#17001=55.result
2012-06-05 13:58:53,254-0500 INFO  SetFieldValue Set: swift#mapper#17001=62.result
2012-06-05 13:58:53,259-0500 INFO  SetFieldValue Set: swift#mapper#17001=63.result
2012-06-05 13:58:53,259-0500 INFO  SetFieldValue Set: swift#mapper#17001=45.result
2012-06-05 13:58:53,254-0500 INFO  SetFieldValue Set: swift#mapper#17001=44.result
2012-06-05 13:58:53,260-0500 INFO  SetFieldValue Set: swift#mapper#17001=60.result
2012-06-05 13:58:53,260-0500 INFO  SetFieldValue Set: swift#mapper#17001=61.result
2012-06-05 13:58:53,261-0500 INFO  SetFieldValue Set: swift#mapper#17001=37.result
2012-06-05 13:58:53,262-0500 INFO  SetFieldValue Set: swift#mapper#17001=59.result
2012-06-05 13:58:53,264-0500 DEBUG countwords PROCEDURE line=5 thread=0-1-42-1 name=countwords
2012-06-05 13:58:53,253-0500 INFO  SetFieldValue Set: swift#mapper#17001=29.result
2012-06-05 13:58:53,265-0500 DEBUG countwords PROCEDURE line=5 thread=0-1-7-1 name=countwords
2012-06-05 13:58:53,264-0500 DEBUG countwords PROCEDURE line=5 thread=0-1-22-1 name=countwords
2012-06-05 13:58:53,264-0500 DEBUG countwords PROCEDURE line=5 thread=0-1-24-1 name=countwords
2012-06-05 13:58:53,264-0500 DEBUG countwords PROCEDURE line=5 thread=0-1-11-1 name=countwords
2012-06-05 13:58:53,264-0500 DEBUG countwords PROCEDURE line=5 thread=0-1-13-1 name=countwords
2012-06-05 13:58:53,264-0500 DEBUG countwords PROCEDURE line=5 thread=0-1-36-1 name=countwords
2012-06-05 13:58:53,264-0500 DEBUG countwords PROCEDURE line=5 thread=0-1-1-1 name=countwords
2012-06-05 13:58:53,265-0500 DEBUG countwords PROCEDURE line=5 thread=0-1-33-1 name=countwords
2012-06-05 13:58:53,259-0500 INFO  SetFieldValue Set: swift#mapper#17001=52.result
2012-06-05 13:58:53,257-0500 INFO  SetFieldValue Set: swift#mapper#17001=31.result
2012-06-05 13:58:53,255-0500 INFO  SetFieldValue Set: swift#mapper#17001=32.result
2012-06-05 13:58:53,266-0500 DEBUG countwords PROCEDURE line=5 thread=0-1-12-1 name=countwords
2012-06-05 13:58:53,265-0500 DEBUG countwords PROCEDURE line=5 thread=0-1-23-1 name=countwords
2012-06-05 13:58:53,265-0500 DEBUG countwords PROCEDURE line=5 thread=0-1-57-1 name=countwords
2012-06-05 13:58:53,265-0500 DEBUG countwords PROCEDURE line=5 thread=0-1-46-1 name=countwords
2012-06-05 13:58:53,265-0500 DEBUG countwords PROCEDURE line=5 thread=0-1-53-1 name=countwords
2012-06-05 13:58:53,265-0500 DEBUG countwords PROCEDURE line=5 thread=0-1-21-1 name=countwords
2012-06-05 13:58:53,265-0500 DEBUG countwords PROCEDURE line=5 thread=0-1-17-1 name=countwords
2012-06-05 13:58:53,265-0500 DEBUG countwords PROCEDURE line=5 thread=0-1-14-1 name=countwords
2012-06-05 13:58:53,265-0500 DEBUG countwords PROCEDURE line=5 thread=0-1-2-1 name=countwords
2012-06-05 13:58:53,265-0500 DEBUG countwords PROCEDURE line=5 thread=0-1-5-1 name=countwords
2012-06-05 13:58:53,267-0500 DEBUG countwords PROCEDURE line=5 thread=0-1-43-1 name=countwords
2012-06-05 13:58:53,267-0500 DEBUG countwords PROCEDURE line=5 thread=0-1-9-1 name=countwords
2012-06-05 13:58:53,266-0500 DEBUG countwords PROCEDURE line=5 thread=0-1-16-1 name=countwords
2012-06-05 13:58:53,267-0500 DEBUG countwords PROCEDURE line=5 thread=0-1-6-1 name=countwords
2012-06-05 13:58:53,266-0500 DEBUG countwords PROCEDURE line=5 thread=0-1-19-1 name=countwords
2012-06-05 13:58:53,266-0500 DEBUG countwords PROCEDURE line=5 thread=0-1-54-1 name=countwords
2012-06-05 13:58:53,267-0500 DEBUG countwords PROCEDURE line=5 thread=0-1-56-1 name=countwords
2012-06-05 13:58:53,266-0500 DEBUG countwords PROCEDURE line=5 thread=0-1-10-1 name=countwords
2012-06-05 13:58:53,266-0500 DEBUG countwords PROCEDURE line=5 thread=0-1-15-1 name=countwords
2012-06-05 13:58:53,266-0500 DEBUG countwords PROCEDURE line=5 thread=0-1-8-1 name=countwords
2012-06-05 13:58:53,266-0500 DEBUG countwords PROCEDURE line=5 thread=0-1-44-1 name=countwords
2012-06-05 13:58:53,268-0500 DEBUG countwords PROCEDURE line=5 thread=0-1-39-1 name=countwords
2012-06-05 13:58:53,268-0500 DEBUG countwords PROCEDURE line=5 thread=0-1-50-1 name=countwords
2012-06-05 13:58:53,268-0500 DEBUG countwords PROCEDURE line=5 thread=0-1-29-1 name=countwords
2012-06-05 13:58:53,266-0500 DEBUG countwords PROCEDURE line=5 thread=0-1-51-1 name=countwords
2012-06-05 13:58:53,266-0500 DEBUG countwords PROCEDURE line=5 thread=0-1-40-1 name=countwords
2012-06-05 13:58:53,269-0500 DEBUG countwords PROCEDURE line=5 thread=0-1-41-1 name=countwords
2012-06-05 13:58:53,268-0500 DEBUG countwords PROCEDURE line=5 thread=0-1-34-1 name=countwords
2012-06-05 13:58:53,268-0500 DEBUG countwords PROCEDURE line=5 thread=0-1-47-1 name=countwords
2012-06-05 13:58:53,268-0500 DEBUG countwords PROCEDURE line=5 thread=0-1-30-1 name=countwords
2012-06-05 13:58:53,268-0500 DEBUG countwords PROCEDURE line=5 thread=0-1-35-1 name=countwords
2012-06-05 13:58:53,270-0500 DEBUG countwords PROCEDURE line=5 thread=0-1-26-1 name=countwords
2012-06-05 13:58:53,271-0500 DEBUG countwords PROCEDURE line=5 thread=0-1-28-1 name=countwords
2012-06-05 13:58:53,271-0500 DEBUG countwords PROCEDURE line=5 thread=0-1-27-1 name=countwords
2012-06-05 13:58:53,271-0500 DEBUG countwords PROCEDURE line=5 thread=0-1-52-1 name=countwords
2012-06-05 13:58:53,271-0500 DEBUG countwords PROCEDURE line=5 thread=0-1-3-1 name=countwords
2012-06-05 13:58:53,267-0500 DEBUG countwords PROCEDURE line=5 thread=0-1-4-1 name=countwords
2012-06-05 13:58:53,267-0500 DEBUG countwords PROCEDURE line=5 thread=0-1-18-1 name=countwords
2012-06-05 13:58:53,272-0500 DEBUG countwords PROCEDURE line=5 thread=0-1-63-1 name=countwords
2012-06-05 13:58:53,272-0500 DEBUG countwords PROCEDURE line=5 thread=0-1-55-1 name=countwords
2012-06-05 13:58:53,272-0500 DEBUG countwords PROCEDURE line=5 thread=0-1-45-1 name=countwords
2012-06-05 13:58:53,272-0500 DEBUG countwords PROCEDURE line=5 thread=0-1-32-1 name=countwords
2012-06-05 13:58:53,273-0500 DEBUG countwords PROCEDURE line=5 thread=0-1-60-1 name=countwords
2012-06-05 13:58:53,273-0500 DEBUG countwords PROCEDURE line=5 thread=0-1-0-1 name=countwords
2012-06-05 13:58:53,267-0500 DEBUG countwords PROCEDURE line=5 thread=0-1-20-1 name=countwords
2012-06-05 13:58:53,274-0500 DEBUG countwords PROCEDURE line=5 thread=0-1-37-1 name=countwords
2012-06-05 13:58:53,273-0500 DEBUG countwords PROCEDURE line=5 thread=0-1-61-1 name=countwords
2012-06-05 13:58:53,271-0500 DEBUG countwords PROCEDURE line=5 thread=0-1-25-1 name=countwords
2012-06-05 13:58:53,271-0500 DEBUG countwords PROCEDURE line=5 thread=0-1-38-1 name=countwords
2012-06-05 13:58:53,271-0500 DEBUG countwords PROCEDURE line=5 thread=0-1-49-1 name=countwords
2012-06-05 13:58:53,269-0500 DEBUG countwords PROCEDURE line=5 thread=0-1-58-1 name=countwords
2012-06-05 13:58:53,269-0500 DEBUG countwords PROCEDURE line=5 thread=0-1-62-1 name=countwords
2012-06-05 13:58:53,269-0500 DEBUG countwords PROCEDURE line=5 thread=0-1-48-1 name=countwords
2012-06-05 13:58:53,269-0500 DEBUG countwords PROCEDURE line=5 thread=0-1-31-1 name=countwords
2012-06-05 13:58:53,288-0500 DEBUG countwords PROCEDURE line=5 thread=0-1-59-1 name=countwords
2012-06-05 13:58:53,299-0500 INFO  vdl:execute START thread=0-1-2-1 tr=a2sm1ms
2012-06-05 13:58:53,299-0500 INFO  vdl:execute START thread=0-1-7-1 tr=a2sm1ms
2012-06-05 13:58:53,299-0500 INFO  vdl:execute START thread=0-1-16-1 tr=a2sm1ms
2012-06-05 13:58:53,299-0500 INFO  vdl:execute START thread=0-1-39-1 tr=a2sm1ms
2012-06-05 13:58:53,299-0500 INFO  vdl:execute START thread=0-1-33-1 tr=a2sm1ms
2012-06-05 13:58:53,299-0500 INFO  vdl:execute START thread=0-1-42-1 tr=a2sm1ms
2012-06-05 13:58:53,299-0500 INFO  vdl:execute START thread=0-1-6-1 tr=a2sm1ms
2012-06-05 13:58:53,299-0500 INFO  vdl:execute START thread=0-1-21-1 tr=a2sm1ms
2012-06-05 13:58:53,300-0500 INFO  vdl:execute START thread=0-1-20-1 tr=a2sm1ms
2012-06-05 13:58:53,299-0500 INFO  vdl:execute START thread=0-1-60-1 tr=a2sm1ms
2012-06-05 13:58:53,299-0500 INFO  vdl:execute START thread=0-1-29-1 tr=a2sm1ms
2012-06-05 13:58:53,300-0500 INFO  vdl:execute START thread=0-1-41-1 tr=a2sm1ms
2012-06-05 13:58:53,299-0500 INFO  vdl:execute START thread=0-1-51-1 tr=a2sm1ms
2012-06-05 13:58:53,300-0500 INFO  vdl:execute START thread=0-1-47-1 tr=a2sm1ms
2012-06-05 13:58:53,300-0500 INFO  vdl:execute START thread=0-1-27-1 tr=a2sm1ms
2012-06-05 13:58:53,300-0500 INFO  vdl:execute START thread=0-1-34-1 tr=a2sm1ms
2012-06-05 13:58:53,300-0500 INFO  vdl:execute START thread=0-1-17-1 tr=a2sm1ms
2012-06-05 13:58:53,300-0500 INFO  vdl:execute START thread=0-1-18-1 tr=a2sm1ms
2012-06-05 13:58:53,300-0500 INFO  vdl:execute START thread=0-1-10-1 tr=a2sm1ms
2012-06-05 13:58:53,301-0500 INFO  vdl:execute START thread=0-1-4-1 tr=a2sm1ms
2012-06-05 13:58:53,299-0500 INFO  vdl:execute START thread=0-1-14-1 tr=a2sm1ms
2012-06-05 13:58:53,299-0500 INFO  vdl:execute START thread=0-1-8-1 tr=a2sm1ms
2012-06-05 13:58:53,299-0500 INFO  vdl:execute START thread=0-1-44-1 tr=a2sm1ms
2012-06-05 13:58:53,299-0500 INFO  vdl:execute START thread=0-1-22-1 tr=a2sm1ms
2012-06-05 13:58:53,299-0500 INFO  vdl:execute START thread=0-1-15-1 tr=a2sm1ms
2012-06-05 13:58:53,299-0500 INFO  vdl:execute START thread=0-1-19-1 tr=a2sm1ms
2012-06-05 13:58:53,299-0500 INFO  vdl:execute START thread=0-1-56-1 tr=a2sm1ms
2012-06-05 13:58:53,301-0500 INFO  vdl:execute START thread=0-1-57-1 tr=a2sm1ms
2012-06-05 13:58:53,301-0500 INFO  vdl:execute START thread=0-1-23-1 tr=a2sm1ms
2012-06-05 13:58:53,301-0500 INFO  vdl:execute START thread=0-1-30-1 tr=a2sm1ms
2012-06-05 13:58:53,301-0500 INFO  vdl:execute START thread=0-1-3-1 tr=a2sm1ms
2012-06-05 13:58:53,301-0500 INFO  vdl:execute START thread=0-1-0-1 tr=a2sm1ms
2012-06-05 13:58:53,301-0500 INFO  vdl:execute START thread=0-1-63-1 tr=a2sm1ms
2012-06-05 13:58:53,302-0500 INFO  vdl:execute START thread=0-1-52-1 tr=a2sm1ms
2012-06-05 13:58:53,301-0500 INFO  vdl:execute START thread=0-1-46-1 tr=a2sm1ms
2012-06-05 13:58:53,303-0500 INFO  vdl:execute START thread=0-1-26-1 tr=a2sm1ms
2012-06-05 13:58:53,301-0500 INFO  vdl:execute START thread=0-1-37-1 tr=a2sm1ms
2012-06-05 13:58:53,303-0500 INFO  vdl:execute START thread=0-1-12-1 tr=a2sm1ms
2012-06-05 13:58:53,304-0500 INFO  vdl:execute START thread=0-1-55-1 tr=a2sm1ms
2012-06-05 13:58:53,301-0500 INFO  vdl:execute START thread=0-1-28-1 tr=a2sm1ms
2012-06-05 13:58:53,300-0500 INFO  vdl:execute START thread=0-1-1-1 tr=a2sm1ms
2012-06-05 13:58:53,300-0500 INFO  vdl:execute START thread=0-1-53-1 tr=a2sm1ms
2012-06-05 13:58:53,304-0500 INFO  vdl:execute START thread=0-1-61-1 tr=a2sm1ms
2012-06-05 13:58:53,303-0500 INFO  vdl:execute START thread=0-1-9-1 tr=a2sm1ms
2012-06-05 13:58:53,303-0500 INFO  vdl:execute START thread=0-1-36-1 tr=a2sm1ms
2012-06-05 13:58:53,305-0500 INFO  vdl:execute START thread=0-1-54-1 tr=a2sm1ms
2012-06-05 13:58:53,305-0500 INFO  vdl:execute START thread=0-1-38-1 tr=a2sm1ms
2012-06-05 13:58:53,305-0500 INFO  vdl:execute START thread=0-1-32-1 tr=a2sm1ms
2012-06-05 13:58:53,306-0500 INFO  vdl:execute START thread=0-1-58-1 tr=a2sm1ms
2012-06-05 13:58:53,306-0500 INFO  vdl:execute START thread=0-1-62-1 tr=a2sm1ms
2012-06-05 13:58:53,306-0500 INFO  vdl:execute START thread=0-1-35-1 tr=a2sm1ms
2012-06-05 13:58:53,303-0500 INFO  vdl:execute START thread=0-1-50-1 tr=a2sm1ms
2012-06-05 13:58:53,302-0500 INFO  vdl:execute START thread=0-1-40-1 tr=a2sm1ms
2012-06-05 13:58:53,301-0500 INFO  vdl:execute START thread=0-1-13-1 tr=a2sm1ms
2012-06-05 13:58:53,306-0500 INFO  vdl:execute START thread=0-1-48-1 tr=a2sm1ms
2012-06-05 13:58:53,306-0500 INFO  vdl:execute START thread=0-1-49-1 tr=a2sm1ms
2012-06-05 13:58:53,305-0500 INFO  vdl:execute START thread=0-1-25-1 tr=a2sm1ms
2012-06-05 13:58:53,304-0500 INFO  vdl:execute START thread=0-1-24-1 tr=a2sm1ms
2012-06-05 13:58:53,308-0500 INFO  vdl:execute START thread=0-1-31-1 tr=a2sm1ms
2012-06-05 13:58:53,308-0500 INFO  vdl:execute START thread=0-1-45-1 tr=a2sm1ms
2012-06-05 13:58:53,309-0500 INFO  vdl:execute START thread=0-1-59-1 tr=a2sm1ms
2012-06-05 13:58:53,312-0500 INFO  vdl:execute START thread=0-1-5-1 tr=a2sm1ms
2012-06-05 13:58:53,313-0500 INFO  vdl:execute START thread=0-1-11-1 tr=a2sm1ms
2012-06-05 13:58:53,313-0500 INFO  vdl:execute START thread=0-1-43-1 tr=a2sm1ms
2012-06-05 13:58:53,338-0500 INFO  WeightedHostScoreScheduler CONTACT_SELECTED host=localhost, score=1.000
2012-06-05 13:58:53,339-0500 INFO  WeightedHostScoreScheduler CONTACT_SELECTED host=localhost, score=1.000
2012-06-05 13:58:53,339-0500 INFO  WeightedHostScoreScheduler CONTACT_SELECTED host=localhost, score=1.000
2012-06-05 13:58:53,339-0500 INFO  WeightedHostScoreScheduler CONTACT_SELECTED host=localhost, score=1.000
2012-06-05 13:58:53,339-0500 INFO  WeightedHostScoreScheduler CONTACT_SELECTED host=localhost, score=1.000
2012-06-05 13:58:53,340-0500 INFO  WeightedHostScoreScheduler CONTACT_SELECTED host=localhost, score=1.000
2012-06-05 13:58:53,340-0500 INFO  WeightedHostScoreScheduler CONTACT_SELECTED host=localhost, score=1.000
2012-06-05 13:58:53,340-0500 INFO  WeightedHostScoreScheduler CONTACT_SELECTED host=localhost, score=1.000
2012-06-05 13:58:53,340-0500 INFO  WeightedHostScoreScheduler CONTACT_SELECTED host=localhost, score=1.000
2012-06-05 13:58:53,343-0500 INFO  GlobalSubmitQueue No global submit throttle set. Using default (1024)
2012-06-05 13:58:53,345-0500 INFO  LateBindingScheduler JobQueue: 55
2012-06-05 13:58:53,346-0500 INFO  LateBindingScheduler JobQueue: 55
2012-06-05 13:58:53,349-0500 INFO  vdl:initshareddir START host=localhost - Initializing shared directory
2012-06-05 13:58:53,351-0500 INFO  LateBindingScheduler JobQueue: 55
2012-06-05 13:58:53,351-0500 INFO  WeightedHostScoreScheduler CONTACT_SELECTED host=localhost, score=1.060
2012-06-05 13:58:53,362-0500 INFO  LateBindingScheduler JobQueue: 54
2012-06-05 13:58:53,364-0500 INFO  LateBindingScheduler JobQueue: 54
2012-06-05 13:58:53,364-0500 INFO  WeightedHostScoreScheduler CONTACT_SELECTED host=localhost, score=1.192
2012-06-05 13:58:53,366-0500 INFO  LateBindingScheduler JobQueue: 53
2012-06-05 13:58:53,366-0500 INFO  WeightedHostScoreScheduler CONTACT_SELECTED host=localhost, score=1.264
2012-06-05 13:58:53,373-0500 INFO  LateBindingScheduler JobQueue: 52
2012-06-05 13:58:53,377-0500 INFO  LateBindingScheduler JobQueue: 52
2012-06-05 13:58:53,377-0500 INFO  WeightedHostScoreScheduler CONTACT_SELECTED host=localhost, score=1.419
2012-06-05 13:58:53,379-0500 INFO  vdl:initshareddir END host=localhost - Done initializing shared directory
2012-06-05 13:58:53,384-0500 DEBUG vdl:execute2 THREAD_ASSOCIATION jobid=a2sm1ms-n9idncsk thread=0-1-24-1-1 host=localhost replicationGroup=89idncsk
2012-06-05 13:58:53,385-0500 DEBUG vdl:execute2 THREAD_ASSOCIATION jobid=a2sm1ms-o9idncsk thread=0-1-32-1-1 host=localhost replicationGroup=t8idncsk
2012-06-05 13:58:53,385-0500 DEBUG vdl:execute2 THREAD_ASSOCIATION jobid=a2sm1ms-r9idncsk thread=0-1-1-1-1 host=localhost replicationGroup=g8idncsk
2012-06-05 13:58:53,386-0500 DEBUG vdl:execute2 THREAD_ASSOCIATION jobid=a2sm1ms-s9idncsk thread=0-1-38-1-1 host=localhost replicationGroup=s8idncsk
2012-06-05 13:58:53,386-0500 DEBUG vdl:execute2 THREAD_ASSOCIATION jobid=a2sm1ms-u9idncsk thread=0-1-3-1-1 host=localhost replicationGroup=a8idncsk
2012-06-05 13:58:53,386-0500 DEBUG vdl:execute2 THREAD_ASSOCIATION jobid=a2sm1ms-x9idncsk thread=0-1-23-1-1 host=localhost replicationGroup=88idncsk
2012-06-05 13:58:53,385-0500 DEBUG vdl:execute2 THREAD_ASSOCIATION jobid=a2sm1ms-m9idncsk thread=0-1-49-1-1 host=localhost replicationGroup=69idncsk
2012-06-05 13:58:53,385-0500 DEBUG vdl:execute2 THREAD_ASSOCIATION jobid=a2sm1ms-l9idncsk thread=0-1-8-1-1 host=localhost replicationGroup=99idncsk
2012-06-05 13:58:53,396-0500 INFO  vdl:createdirset START jobid=a2sm1ms-n9idncsk host=localhost - Initializing directory structure
2012-06-05 13:58:53,386-0500 DEBUG vdl:execute2 THREAD_ASSOCIATION jobid=a2sm1ms-v9idncsk thread=0-1-5-1-1 host=localhost replicationGroup=e9idncsk
2012-06-05 13:58:53,396-0500 INFO  vdl:createdirset START jobid=a2sm1ms-s9idncsk host=localhost - Initializing directory structure
2012-06-05 13:58:53,386-0500 DEBUG vdl:execute2 THREAD_ASSOCIATION jobid=a2sm1ms-q9idncsk thread=0-1-31-1-1 host=localhost replicationGroup=a9idncsk
2012-06-05 13:58:53,386-0500 DEBUG vdl:execute2 THREAD_ASSOCIATION jobid=a2sm1ms-t9idncsk thread=0-1-18-1-1 host=localhost replicationGroup=18idncsk
2012-06-05 13:58:53,385-0500 DEBUG vdl:execute2 THREAD_ASSOCIATION jobid=a2sm1ms-k9idncsk thread=0-1-14-1-1 host=localhost replicationGroup=q7idncsk
2012-06-05 13:58:53,385-0500 DEBUG vdl:execute2 THREAD_ASSOCIATION jobid=a2sm1ms-p9idncsk thread=0-1-6-1-1 host=localhost replicationGroup=q8idncsk
2012-06-05 13:58:53,399-0500 INFO  vdl:createdirset START jobid=a2sm1ms-v9idncsk host=localhost - Initializing directory structure
2012-06-05 13:58:53,399-0500 INFO  vdl:createdirset START jobid=a2sm1ms-q9idncsk host=localhost - Initializing directory structure
2012-06-05 13:58:53,397-0500 INFO  vdl:createdirset START jobid=a2sm1ms-u9idncsk host=localhost - Initializing directory structure
2012-06-05 13:58:53,397-0500 INFO  vdl:createdirset END jobid=a2sm1ms-s9idncsk - Done initializing directory structure
2012-06-05 13:58:53,396-0500 INFO  vdl:createdirset END jobid=a2sm1ms-n9idncsk - Done initializing directory structure
2012-06-05 13:58:53,396-0500 INFO  vdl:createdirset START jobid=a2sm1ms-o9idncsk host=localhost - Initializing directory structure
2012-06-05 13:58:53,396-0500 INFO  vdl:createdirset START jobid=a2sm1ms-m9idncsk host=localhost - Initializing directory structure
2012-06-05 13:58:53,396-0500 INFO  vdl:createdirset START jobid=a2sm1ms-x9idncsk host=localhost - Initializing directory structure
2012-06-05 13:58:53,396-0500 INFO  vdl:createdirset START jobid=a2sm1ms-r9idncsk host=localhost - Initializing directory structure
2012-06-05 13:58:53,400-0500 INFO  vdl:createdirset END jobid=a2sm1ms-m9idncsk - Done initializing directory structure
2012-06-05 13:58:53,400-0500 INFO  vdl:createdirset END jobid=a2sm1ms-o9idncsk - Done initializing directory structure
2012-06-05 13:58:53,401-0500 INFO  vdl:dostagein START jobid=a2sm1ms-m9idncsk - Staging in files
2012-06-05 13:58:53,400-0500 INFO  vdl:createdirset START jobid=a2sm1ms-p9idncsk host=localhost - Initializing directory structure
2012-06-05 13:58:53,400-0500 INFO  vdl:createdirset END jobid=a2sm1ms-u9idncsk - Done initializing directory structure
2012-06-05 13:58:53,401-0500 INFO  vdl:createdirset END jobid=a2sm1ms-p9idncsk - Done initializing directory structure
2012-06-05 13:58:53,401-0500 INFO  vdl:dostagein START jobid=a2sm1ms-u9idncsk - Staging in files
2012-06-05 13:58:53,399-0500 INFO  vdl:createdirset END jobid=a2sm1ms-q9idncsk - Done initializing directory structure
2012-06-05 13:58:53,399-0500 INFO  vdl:createdirset END jobid=a2sm1ms-v9idncsk - Done initializing directory structure
2012-06-05 13:58:53,399-0500 INFO  vdl:createdirset START jobid=a2sm1ms-k9idncsk host=localhost - Initializing directory structure
2012-06-05 13:58:53,399-0500 INFO  vdl:createdirset START jobid=a2sm1ms-t9idncsk host=localhost - Initializing directory structure
2012-06-05 13:58:53,402-0500 INFO  vdl:dostagein START jobid=a2sm1ms-v9idncsk - Staging in files
2012-06-05 13:58:53,402-0500 INFO  vdl:dostagein START jobid=a2sm1ms-q9idncsk - Staging in files
2012-06-05 13:58:53,402-0500 INFO  vdl:dostagein START jobid=a2sm1ms-p9idncsk - Staging in files
2012-06-05 13:58:53,401-0500 INFO  vdl:createdirset START jobid=a2sm1ms-l9idncsk host=localhost - Initializing directory structure
2012-06-05 13:58:53,401-0500 INFO  vdl:dostagein START jobid=a2sm1ms-o9idncsk - Staging in files
2012-06-05 13:58:53,401-0500 INFO  vdl:dostagein START jobid=a2sm1ms-n9idncsk - Staging in files
2012-06-05 13:58:53,403-0500 INFO  vdl:createdirset END jobid=a2sm1ms-l9idncsk - Done initializing directory structure
2012-06-05 13:58:53,401-0500 INFO  vdl:dostagein START jobid=a2sm1ms-s9idncsk - Staging in files
2012-06-05 13:58:53,404-0500 INFO  vdl:dostagein START jobid=a2sm1ms-l9idncsk - Staging in files
2012-06-05 13:58:53,400-0500 INFO  vdl:createdirset END jobid=a2sm1ms-r9idncsk - Done initializing directory structure
2012-06-05 13:58:53,400-0500 INFO  vdl:createdirset END jobid=a2sm1ms-x9idncsk - Done initializing directory structure
2012-06-05 13:58:53,407-0500 INFO  vdl:dostagein START jobid=a2sm1ms-r9idncsk - Staging in files
2012-06-05 13:58:53,402-0500 INFO  vdl:createdirset END jobid=a2sm1ms-t9idncsk - Done initializing directory structure
2012-06-05 13:58:53,402-0500 INFO  vdl:createdirset END jobid=a2sm1ms-k9idncsk - Done initializing directory structure
2012-06-05 13:58:53,407-0500 INFO  vdl:dostagein START jobid=a2sm1ms-x9idncsk - Staging in files
2012-06-05 13:58:53,408-0500 INFO  vdl:dostagein START jobid=a2sm1ms-t9idncsk - Staging in files
2012-06-05 13:58:53,408-0500 INFO  vdl:dostagein START jobid=a2sm1ms-k9idncsk - Staging in files
2012-06-05 13:58:53,411-0500 INFO  LateBindingScheduler JobQueue: 56
2012-06-05 13:58:53,411-0500 INFO  LateBindingScheduler JobQueue: 56
2012-06-05 13:58:53,411-0500 INFO  LateBindingScheduler JobQueue: 56
2012-06-05 13:58:53,411-0500 INFO  LateBindingScheduler JobQueue: 53
2012-06-05 13:58:53,412-0500 INFO  LateBindingScheduler JobQueue: 53
2012-06-05 13:58:53,412-0500 INFO  LateBindingScheduler JobQueue: 53
2012-06-05 13:58:53,412-0500 INFO  LateBindingScheduler JobQueue: 53
2012-06-05 13:58:53,412-0500 INFO  LateBindingScheduler JobQueue: 53
2012-06-05 13:58:53,413-0500 INFO  LateBindingScheduler JobQueue: 52
2012-06-05 13:58:53,413-0500 INFO  LateBindingScheduler JobQueue: 51
2012-06-05 13:58:53,413-0500 INFO  LateBindingScheduler JobQueue: 51
2012-06-05 13:58:53,413-0500 INFO  LateBindingScheduler JobQueue: 51
2012-06-05 13:58:53,414-0500 INFO  LateBindingScheduler JobQueue: 51
2012-06-05 13:58:53,414-0500 DEBUG vdl:dostagein CDM: file://localhost/scott3a.sh : DEFAULT
2012-06-05 13:58:53,414-0500 DEBUG vdl:dostagein CDM: file://localhost/scott3a.sh : DEFAULT
2012-06-05 13:58:53,414-0500 DEBUG vdl:dostagein CDM: file://localhost/scott3a.sh : DEFAULT
2012-06-05 13:58:53,414-0500 DEBUG vdl:dostagein CDM: file://localhost/scott3a.sh : DEFAULT
2012-06-05 13:58:53,414-0500 DEBUG vdl:dostagein CDM: file://localhost/scott3a.sh : DEFAULT
2012-06-05 13:58:53,414-0500 DEBUG vdl:dostagein CDM: file://localhost/scott3a.sh : DEFAULT
2012-06-05 13:58:53,414-0500 DEBUG vdl:dostagein CDM: file://localhost/scott3a.sh : DEFAULT
2012-06-05 13:58:53,415-0500 DEBUG vdl:dostagein CDM: file://localhost/scott3a.sh : DEFAULT
2012-06-05 13:58:53,415-0500 DEBUG vdl:dostagein CDM: file://localhost/scott3a.sh : DEFAULT
2012-06-05 13:58:53,414-0500 DEBUG vdl:dostagein CDM: file://localhost/scott3a.sh : DEFAULT
2012-06-05 13:58:53,414-0500 DEBUG vdl:dostagein CDM: file://localhost/scott3a.sh : DEFAULT
2012-06-05 13:58:53,414-0500 DEBUG vdl:dostagein CDM: file://localhost/scott3a.sh : DEFAULT
2012-06-05 13:58:53,414-0500 DEBUG vdl:dostagein CDM: file://localhost/scott3a.sh : DEFAULT
2012-06-05 13:58:53,419-0500 DEBUG vdl:dostageinfile FILE_STAGE_IN_START file=scott3a.sh srchost=localhost srcdir= srcname=scott3a.sh desthost=localhost destdir=scott2sm1ms-20120605-1358-k3xbve3g/shared/ provider=file policy=DEFAULT
2012-06-05 13:58:53,421-0500 INFO  LateBindingScheduler JobQueue: 51
2012-06-05 13:58:53,421-0500 INFO  WeightedHostScoreScheduler CONTACT_SELECTED host=localhost, score=1.503
2012-06-05 13:58:53,421-0500 DEBUG vdl:dostageinfile FILE_STAGE_IN_END file=scott3a.sh srchost=localhost srcdir= srcname=scott3a.sh desthost=localhost destdir=scott2sm1ms-20120605-1358-k3xbve3g/shared/ provider=file
2012-06-05 13:58:53,422-0500 DEBUG vdl:execute2 THREAD_ASSOCIATION jobid=a2sm1ms-y9idncsk thread=0-1-12-1-1 host=localhost replicationGroup=h8idncsk
2012-06-05 13:58:53,423-0500 INFO  vdl:dostagein END jobid=a2sm1ms-o9idncsk - Staging in finished
2012-06-05 13:58:53,423-0500 INFO  vdl:dostagein END jobid=a2sm1ms-q9idncsk - Staging in finished
2012-06-05 13:58:53,423-0500 INFO  vdl:dostagein END jobid=a2sm1ms-n9idncsk - Staging in finished
2012-06-05 13:58:53,423-0500 INFO  vdl:dostagein END jobid=a2sm1ms-k9idncsk - Staging in finished
2012-06-05 13:58:53,424-0500 INFO  vdl:dostagein END jobid=a2sm1ms-v9idncsk - Staging in finished
2012-06-05 13:58:53,423-0500 INFO  vdl:dostagein END jobid=a2sm1ms-m9idncsk - Staging in finished
2012-06-05 13:58:53,424-0500 INFO  vdl:dostagein END jobid=a2sm1ms-l9idncsk - Staging in finished
2012-06-05 13:58:53,424-0500 INFO  vdl:dostagein END jobid=a2sm1ms-t9idncsk - Staging in finished
2012-06-05 13:58:53,423-0500 INFO  vdl:dostagein END jobid=a2sm1ms-u9idncsk - Staging in finished
2012-06-05 13:58:53,423-0500 INFO  vdl:dostagein END jobid=a2sm1ms-p9idncsk - Staging in finished
2012-06-05 13:58:53,425-0500 DEBUG vdl:execute2 JOB_START jobid=a2sm1ms-l9idncsk tr=a2sm1ms arguments=[] tmpdir=scott2sm1ms-20120605-1358-k3xbve3g/jobs/l/a2sm1ms-l9idncsk host=localhost
2012-06-05 13:58:53,425-0500 DEBUG vdl:execute2 JOB_START jobid=a2sm1ms-n9idncsk tr=a2sm1ms arguments=[] tmpdir=scott2sm1ms-20120605-1358-k3xbve3g/jobs/n/a2sm1ms-n9idncsk host=localhost
2012-06-05 13:58:53,425-0500 DEBUG vdl:execute2 JOB_START jobid=a2sm1ms-t9idncsk tr=a2sm1ms arguments=[] tmpdir=scott2sm1ms-20120605-1358-k3xbve3g/jobs/t/a2sm1ms-t9idncsk host=localhost
2012-06-05 13:58:53,425-0500 DEBUG vdl:execute2 JOB_START jobid=a2sm1ms-u9idncsk tr=a2sm1ms arguments=[] tmpdir=scott2sm1ms-20120605-1358-k3xbve3g/jobs/u/a2sm1ms-u9idncsk host=localhost
2012-06-05 13:58:53,425-0500 DEBUG vdl:execute2 JOB_START jobid=a2sm1ms-p9idncsk tr=a2sm1ms arguments=[] tmpdir=scott2sm1ms-20120605-1358-k3xbve3g/jobs/p/a2sm1ms-p9idncsk host=localhost
2012-06-05 13:58:53,423-0500 INFO  vdl:dostagein END jobid=a2sm1ms-s9idncsk - Staging in finished
2012-06-05 13:58:53,423-0500 INFO  vdl:dostagein END jobid=a2sm1ms-r9idncsk - Staging in finished
2012-06-05 13:58:53,423-0500 INFO  vdl:dostagein END jobid=a2sm1ms-x9idncsk - Staging in finished
2012-06-05 13:58:53,426-0500 INFO  vdl:createdirset START jobid=a2sm1ms-y9idncsk host=localhost - Initializing directory structure
2012-06-05 13:58:53,426-0500 DEBUG vdl:execute2 JOB_START jobid=a2sm1ms-s9idncsk tr=a2sm1ms arguments=[] tmpdir=scott2sm1ms-20120605-1358-k3xbve3g/jobs/s/a2sm1ms-s9idncsk host=localhost
2012-06-05 13:58:53,426-0500 INFO  vdl:createdirset END jobid=a2sm1ms-y9idncsk - Done initializing directory structure
2012-06-05 13:58:53,426-0500 DEBUG vdl:execute2 JOB_START jobid=a2sm1ms-r9idncsk tr=a2sm1ms arguments=[] tmpdir=scott2sm1ms-20120605-1358-k3xbve3g/jobs/r/a2sm1ms-r9idncsk host=localhost
2012-06-05 13:58:53,427-0500 INFO  vdl:dostagein START jobid=a2sm1ms-y9idncsk - Staging in files
2012-06-05 13:58:53,425-0500 DEBUG vdl:execute2 JOB_START jobid=a2sm1ms-q9idncsk tr=a2sm1ms arguments=[] tmpdir=scott2sm1ms-20120605-1358-k3xbve3g/jobs/q/a2sm1ms-q9idncsk host=localhost
2012-06-05 13:58:53,425-0500 DEBUG vdl:execute2 JOB_START jobid=a2sm1ms-v9idncsk tr=a2sm1ms arguments=[] tmpdir=scott2sm1ms-20120605-1358-k3xbve3g/jobs/v/a2sm1ms-v9idncsk host=localhost
2012-06-05 13:58:53,425-0500 DEBUG vdl:execute2 JOB_START jobid=a2sm1ms-m9idncsk tr=a2sm1ms arguments=[] tmpdir=scott2sm1ms-20120605-1358-k3xbve3g/jobs/m/a2sm1ms-m9idncsk host=localhost
2012-06-05 13:58:53,425-0500 DEBUG vdl:execute2 JOB_START jobid=a2sm1ms-k9idncsk tr=a2sm1ms arguments=[] tmpdir=scott2sm1ms-20120605-1358-k3xbve3g/jobs/k/a2sm1ms-k9idncsk host=localhost
2012-06-05 13:58:53,429-0500 DEBUG textfiles BEGIN TC:
#This is the transformation catalog.
#
#It comes pre-configured with a number of simple transformations with
#paths that are likely to work on a linux box. However, on some systems,
#the paths to these executables will be different (for example, sometimes
#some of these programs are found in /usr/bin rather than in /bin)
#
#NOTE WELL: fields in this file must be separated by tabs, not spaces; and
#there must be no trailing whitespace at the end of each line.
#
# sitename  transformation  path   INSTALLED  platform  profiles
localhost 	echo 		/bin/echo	INSTALLED	INTEL32::LINUX	null
localhost 	cat 		/bin/cat	INSTALLED	INTEL32::LINUX	null
localhost 	ls 		/bin/ls		INSTALLED	INTEL32::LINUX	null
localhost 	grep 		/bin/grep	INSTALLED	INTEL32::LINUX	null
localhost 	sort 		/bin/sort	INSTALLED	INTEL32::LINUX	null
localhost 	paste 		/bin/paste	INSTALLED	INTEL32::LINUX	null
localhost 	cp 		/bin/cp         INSTALLED	INTEL32::LINUX	null
localhost 	touch 		/bin/touch      INSTALLED	INTEL32::LINUX	null
localhost	wc		/usr/bin/wc	INSTALLED	INTEL32::LINUX	null
localhost	sh		/bin/wc		INSTALLED	INTEL32::LINUX	null
localhost	scott3a		/home/skrieder/swift/multi/scott3a.sh		INSTALLED	INTEL32::LINUX	null
localhost	scott3b		/home/skrieder/swift/multi/scott3b.sh		INSTALLED	INTEL32::LINUX	null
localhost	cka		/home/skrieder/swift/cuda/1sm1ms		INSTALLED	INTEL32::LINUX	null
localhost	a1sm0ms		/home/skrieder/swift/cuda/1sm0ms		INSTALLED	INTEL32::LINUX	null
localhost	a1sm1ms		/home/skrieder/swift/cuda/1sm1ms		INSTALLED	INTEL32::LINUX	null
localhost	a1sm10ms	/home/skrieder/swift/cuda/1sm10ms		INSTALLED	INTEL32::LINUX	null
localhost	a1sm100ms	/home/skrieder/swift/cuda/1sm100ms		INSTALLED	INTEL32::LINUX	null
localhost	a2sm0ms		/home/skrieder/swift/cuda/2sm0ms		INSTALLED	INTEL32::LINUX	null
localhost	a2sm1ms		/home/skrieder/swift/cuda/2sm1ms		INSTALLED	INTEL32::LINUX	null
localhost	a2sm10ms	/home/skrieder/swift/cuda/2sm10ms		INSTALLED	INTEL32::LINUX	null
localhost	a2sm100ms	/home/skrieder/swift/cuda/2sm100ms		INSTALLED	INTEL32::LINUX	null
localhost	a4sm0ms		/home/skrieder/swift/cuda/4sm0ms		INSTALLED	INTEL32::LINUX	null
localhost	a4sm1ms		/home/skrieder/swift/cuda/4sm1ms		INSTALLED	INTEL32::LINUX	null
localhost	a4sm10ms	/home/skrieder/swift/cuda/4sm10ms		INSTALLED	INTEL32::LINUX	null
localhost	a4sm100ms	/home/skrieder/swift/cuda/4sm100ms		INSTALLED	INTEL32::LINUX	null
localhost	a8sm0ms		/home/skrieder/swift/cuda/8sm0ms		INSTALLED	INTEL32::LINUX	null
localhost	a8sm1ms		/home/skrieder/swift/cuda/8sm1ms		INSTALLED	INTEL32::LINUX	null
localhost	a8sm10ms	/home/skrieder/swift/cuda/8sm10ms		INSTALLED	INTEL32::LINUX	null
localhost	a8sm100ms	/home/skrieder/swift/cuda/8sm100ms		INSTALLED	INTEL32::LINUX	null
localhost	a16sm0ms	/home/skrieder/swift/cuda/16sm0ms		INSTALLED	INTEL32::LINUX	null
localhost	a16sm1ms	/home/skrieder/swift/cuda/16sm1ms		INSTALLED	INTEL32::LINUX	null
localhost	a16sm10ms	/home/skrieder/swift/cuda/16sm10ms		INSTALLED	INTEL32::LINUX	null
localhost	a16sm100ms	/home/skrieder/swift/cuda/16sm100ms		INSTALLED	INTEL32::LINUX	null


2012-06-05 13:58:53,429-0500 DEBUG textfiles END TC:
2012-06-05 13:58:53,425-0500 DEBUG vdl:execute2 JOB_START jobid=a2sm1ms-o9idncsk tr=a2sm1ms arguments=[] tmpdir=scott2sm1ms-20120605-1358-k3xbve3g/jobs/o/a2sm1ms-o9idncsk host=localhost
2012-06-05 13:58:53,426-0500 DEBUG vdl:execute2 JOB_START jobid=a2sm1ms-x9idncsk tr=a2sm1ms arguments=[] tmpdir=scott2sm1ms-20120605-1358-k3xbve3g/jobs/x/a2sm1ms-x9idncsk host=localhost
2012-06-05 13:58:53,431-0500 INFO  LateBindingScheduler JobQueue: 50
2012-06-05 13:58:53,435-0500 DEBUG vdl:dostagein CDM: file://localhost/scott3a.sh : DEFAULT
2012-06-05 13:58:53,438-0500 INFO  vdl:dostagein END jobid=a2sm1ms-y9idncsk - Staging in finished
2012-06-05 13:58:53,439-0500 DEBUG vdl:execute2 JOB_START jobid=a2sm1ms-y9idncsk tr=a2sm1ms arguments=[] tmpdir=scott2sm1ms-20120605-1358-k3xbve3g/jobs/y/a2sm1ms-y9idncsk host=localhost
2012-06-05 13:58:53,446-0500 INFO  GridExec TASK_DEFINITION: Task(type=JOB_SUBMISSION, identity=urn:0-1-8-1-1-1338922732216) is /bin/bash shared/_swiftwrap a2sm1ms-l9idncsk -jobdir l -scratch  -e /home/skrieder/swift/cuda/2sm1ms -out 8.result -err stderr.txt -i -d  -if scott3a.sh -of 8.result -k  -cdmfile  -status files -a
2012-06-05 13:58:53,446-0500 INFO  GridExec TASK_DEFINITION: Task(type=JOB_SUBMISSION, identity=urn:0-1-5-1-1-1338922732223) is /bin/bash shared/_swiftwrap a2sm1ms-v9idncsk -jobdir v -scratch  -e /home/skrieder/swift/cuda/2sm1ms -out 5.result -err stderr.txt -i -d  -if scott3a.sh -of 5.result -k  -cdmfile  -status files -a
2012-06-05 13:58:53,446-0500 INFO  GridExec TASK_DEFINITION: Task(type=JOB_SUBMISSION, identity=urn:0-1-3-1-1-1338922732221) is /bin/bash shared/_swiftwrap a2sm1ms-u9idncsk -jobdir u -scratch  -e /home/skrieder/swift/cuda/2sm1ms -out 3.result -err stderr.txt -i -d  -if scott3a.sh -of 3.result -k  -cdmfile  -status files -a
2012-06-05 13:58:53,446-0500 INFO  GridExec TASK_DEFINITION: Task(type=JOB_SUBMISSION, identity=urn:0-1-23-1-1-1338922732217) is /bin/bash shared/_swiftwrap a2sm1ms-x9idncsk -jobdir x -scratch  -e /home/skrieder/swift/cuda/2sm1ms -out 23.result -err stderr.txt -i -d  -if scott3a.sh -of 23.result -k  -cdmfile  -status files -a
2012-06-05 13:58:53,446-0500 INFO  GridExec TASK_DEFINITION: Task(type=JOB_SUBMISSION, identity=urn:0-1-1-1-1-1338922732228) is /bin/bash shared/_swiftwrap a2sm1ms-r9idncsk -jobdir r -scratch  -e /home/skrieder/swift/cuda/2sm1ms -out 1.result -err stderr.txt -i -d  -if scott3a.sh -of 1.result -k  -cdmfile  -status files -a
2012-06-05 13:58:53,446-0500 INFO  GridExec TASK_DEFINITION: Task(type=JOB_SUBMISSION, identity=urn:0-1-18-1-1-1338922732224) is /bin/bash shared/_swiftwrap a2sm1ms-t9idncsk -jobdir t -scratch  -e /home/skrieder/swift/cuda/2sm1ms -out 18.result -err stderr.txt -i -d  -if scott3a.sh -of 18.result -k  -cdmfile  -status files -a
2012-06-05 13:58:53,446-0500 INFO  GridExec TASK_DEFINITION: Task(type=JOB_SUBMISSION, identity=urn:0-1-49-1-1-1338922732226) is /bin/bash shared/_swiftwrap a2sm1ms-m9idncsk -jobdir m -scratch  -e /home/skrieder/swift/cuda/2sm1ms -out 49.result -err stderr.txt -i -d  -if scott3a.sh -of 49.result -k  -cdmfile  -status files -a
2012-06-05 13:58:53,446-0500 INFO  GridExec TASK_DEFINITION: Task(type=JOB_SUBMISSION, identity=urn:0-1-6-1-1-1338922732227) is /bin/bash shared/_swiftwrap a2sm1ms-p9idncsk -jobdir p -scratch  -e /home/skrieder/swift/cuda/2sm1ms -out 6.result -err stderr.txt -i -d  -if scott3a.sh -of 6.result -k  -cdmfile  -status files -a
2012-06-05 13:58:53,447-0500 INFO  GridExec TASK_DEFINITION: Task(type=JOB_SUBMISSION, identity=urn:0-1-12-1-1-1338922732232) is /bin/bash shared/_swiftwrap a2sm1ms-y9idncsk -jobdir y -scratch  -e /home/skrieder/swift/cuda/2sm1ms -out 12.result -err stderr.txt -i -d  -if scott3a.sh -of 12.result -k  -cdmfile  -status files -a
2012-06-05 13:58:53,447-0500 INFO  GridExec TASK_DEFINITION: Task(type=JOB_SUBMISSION, identity=urn:0-1-31-1-1-1338922732231) is /bin/bash shared/_swiftwrap a2sm1ms-q9idncsk -jobdir q -scratch  -e /home/skrieder/swift/cuda/2sm1ms -out 31.result -err stderr.txt -i -d  -if scott3a.sh -of 31.result -k  -cdmfile  -status files -a
2012-06-05 13:58:53,446-0500 INFO  GridExec TASK_DEFINITION: Task(type=JOB_SUBMISSION, identity=urn:0-1-24-1-1-1338922732225) is /bin/bash shared/_swiftwrap a2sm1ms-n9idncsk -jobdir n -scratch  -e /home/skrieder/swift/cuda/2sm1ms -out 24.result -err stderr.txt -i -d  -if scott3a.sh -of 24.result -k  -cdmfile  -status files -a
2012-06-05 13:58:53,446-0500 INFO  GridExec TASK_DEFINITION: Task(type=JOB_SUBMISSION, identity=urn:0-1-38-1-1-1338922732218) is /bin/bash shared/_swiftwrap a2sm1ms-s9idncsk -jobdir s -scratch  -e /home/skrieder/swift/cuda/2sm1ms -out 38.result -err stderr.txt -i -d  -if scott3a.sh -of 38.result -k  -cdmfile  -status files -a
2012-06-05 13:58:53,446-0500 INFO  GridExec TASK_DEFINITION: Task(type=JOB_SUBMISSION, identity=urn:0-1-14-1-1-1338922732219) is /bin/bash shared/_swiftwrap a2sm1ms-k9idncsk -jobdir k -scratch  -e /home/skrieder/swift/cuda/2sm1ms -out 14.result -err stderr.txt -i -d  -if scott3a.sh -of 14.result -k  -cdmfile  -status files -a
2012-06-05 13:58:53,446-0500 INFO  GridExec TASK_DEFINITION: Task(type=JOB_SUBMISSION, identity=urn:0-1-32-1-1-1338922732222) is /bin/bash shared/_swiftwrap a2sm1ms-o9idncsk -jobdir o -scratch  -e /home/skrieder/swift/cuda/2sm1ms -out 32.result -err stderr.txt -i -d  -if scott3a.sh -of 32.result -k  -cdmfile  -status files -a
2012-06-05 13:58:53,451-0500 INFO  JobSubmissionTaskHandler Submit: in: /var/tmp/scott2sm1ms-20120605-1358-k3xbve3g command: /bin/bash /var/tmp/scott2sm1ms-20120605-1358-k3xbve3g/shared/_swiftwrap a2sm1ms-l9idncsk -jobdir l -scratch  -e /home/skrieder/swift/cuda/2sm1ms -out 8.result -err stderr.txt -i -d  -if scott3a.sh -of 8.result -k  -cdmfile  -status files -a
2012-06-05 13:58:53,451-0500 INFO  JobSubmissionTaskHandler Submit: in: /var/tmp/scott2sm1ms-20120605-1358-k3xbve3g command: /bin/bash /var/tmp/scott2sm1ms-20120605-1358-k3xbve3g/shared/_swiftwrap a2sm1ms-p9idncsk -jobdir p -scratch  -e /home/skrieder/swift/cuda/2sm1ms -out 6.result -err stderr.txt -i -d  -if scott3a.sh -of 6.result -k  -cdmfile  -status files -a
2012-06-05 13:58:53,452-0500 INFO  JobSubmissionTaskHandler Submit: in: /var/tmp/scott2sm1ms-20120605-1358-k3xbve3g command: /bin/bash /var/tmp/scott2sm1ms-20120605-1358-k3xbve3g/shared/_swiftwrap a2sm1ms-m9idncsk -jobdir m -scratch  -e /home/skrieder/swift/cuda/2sm1ms -out 49.result -err stderr.txt -i -d  -if scott3a.sh -of 49.result -k  -cdmfile  -status files -a
2012-06-05 13:58:53,452-0500 INFO  JobSubmissionTaskHandler Submit: in: /var/tmp/scott2sm1ms-20120605-1358-k3xbve3g command: /bin/bash /var/tmp/scott2sm1ms-20120605-1358-k3xbve3g/shared/_swiftwrap a2sm1ms-t9idncsk -jobdir t -scratch  -e /home/skrieder/swift/cuda/2sm1ms -out 18.result -err stderr.txt -i -d  -if scott3a.sh -of 18.result -k  -cdmfile  -status files -a
2012-06-05 13:58:53,452-0500 INFO  JobSubmissionTaskHandler Submit: in: /var/tmp/scott2sm1ms-20120605-1358-k3xbve3g command: /bin/bash /var/tmp/scott2sm1ms-20120605-1358-k3xbve3g/shared/_swiftwrap a2sm1ms-v9idncsk -jobdir v -scratch  -e /home/skrieder/swift/cuda/2sm1ms -out 5.result -err stderr.txt -i -d  -if scott3a.sh -of 5.result -k  -cdmfile  -status files -a
2012-06-05 13:58:53,452-0500 INFO  JobSubmissionTaskHandler Submit: in: /var/tmp/scott2sm1ms-20120605-1358-k3xbve3g command: /bin/bash /var/tmp/scott2sm1ms-20120605-1358-k3xbve3g/shared/_swiftwrap a2sm1ms-o9idncsk -jobdir o -scratch  -e /home/skrieder/swift/cuda/2sm1ms -out 32.result -err stderr.txt -i -d  -if scott3a.sh -of 32.result -k  -cdmfile  -status files -a
2012-06-05 13:58:53,453-0500 INFO  JobSubmissionTaskHandler Submit: in: /var/tmp/scott2sm1ms-20120605-1358-k3xbve3g command: /bin/bash /var/tmp/scott2sm1ms-20120605-1358-k3xbve3g/shared/_swiftwrap a2sm1ms-k9idncsk -jobdir k -scratch  -e /home/skrieder/swift/cuda/2sm1ms -out 14.result -err stderr.txt -i -d  -if scott3a.sh -of 14.result -k  -cdmfile  -status files -a
2012-06-05 13:58:53,453-0500 INFO  JobSubmissionTaskHandler Submit: in: /var/tmp/scott2sm1ms-20120605-1358-k3xbve3g command: /bin/bash /var/tmp/scott2sm1ms-20120605-1358-k3xbve3g/shared/_swiftwrap a2sm1ms-s9idncsk -jobdir s -scratch  -e /home/skrieder/swift/cuda/2sm1ms -out 38.result -err stderr.txt -i -d  -if scott3a.sh -of 38.result -k  -cdmfile  -status files -a
2012-06-05 13:58:53,454-0500 INFO  JobSubmissionTaskHandler Submit: in: /var/tmp/scott2sm1ms-20120605-1358-k3xbve3g command: /bin/bash /var/tmp/scott2sm1ms-20120605-1358-k3xbve3g/shared/_swiftwrap a2sm1ms-u9idncsk -jobdir u -scratch  -e /home/skrieder/swift/cuda/2sm1ms -out 3.result -err stderr.txt -i -d  -if scott3a.sh -of 3.result -k  -cdmfile  -status files -a
2012-06-05 13:58:53,454-0500 INFO  JobSubmissionTaskHandler Submit: in: /var/tmp/scott2sm1ms-20120605-1358-k3xbve3g command: /bin/bash /var/tmp/scott2sm1ms-20120605-1358-k3xbve3g/shared/_swiftwrap a2sm1ms-x9idncsk -jobdir x -scratch  -e /home/skrieder/swift/cuda/2sm1ms -out 23.result -err stderr.txt -i -d  -if scott3a.sh -of 23.result -k  -cdmfile  -status files -a
2012-06-05 13:58:53,459-0500 INFO  JobSubmissionTaskHandler Submit: in: /var/tmp/scott2sm1ms-20120605-1358-k3xbve3g command: /bin/bash /var/tmp/scott2sm1ms-20120605-1358-k3xbve3g/shared/_swiftwrap a2sm1ms-n9idncsk -jobdir n -scratch  -e /home/skrieder/swift/cuda/2sm1ms -out 24.result -err stderr.txt -i -d  -if scott3a.sh -of 24.result -k  -cdmfile  -status files -a
2012-06-05 13:58:53,499-0500 INFO  JobSubmissionTaskHandler Submit: in: /var/tmp/scott2sm1ms-20120605-1358-k3xbve3g command: /bin/bash /var/tmp/scott2sm1ms-20120605-1358-k3xbve3g/shared/_swiftwrap a2sm1ms-r9idncsk -jobdir r -scratch  -e /home/skrieder/swift/cuda/2sm1ms -out 1.result -err stderr.txt -i -d  -if scott3a.sh -of 1.result -k  -cdmfile  -status files -a
2012-06-05 13:58:53,503-0500 INFO  JobSubmissionTaskHandler Submit: in: /var/tmp/scott2sm1ms-20120605-1358-k3xbve3g command: /bin/bash /var/tmp/scott2sm1ms-20120605-1358-k3xbve3g/shared/_swiftwrap a2sm1ms-q9idncsk -jobdir q -scratch  -e /home/skrieder/swift/cuda/2sm1ms -out 31.result -err stderr.txt -i -d  -if scott3a.sh -of 31.result -k  -cdmfile  -status files -a
2012-06-05 13:58:53,504-0500 INFO  JobSubmissionTaskHandler Submit: in: /var/tmp/scott2sm1ms-20120605-1358-k3xbve3g command: /bin/bash /var/tmp/scott2sm1ms-20120605-1358-k3xbve3g/shared/_swiftwrap a2sm1ms-y9idncsk -jobdir y -scratch  -e /home/skrieder/swift/cuda/2sm1ms -out 12.result -err stderr.txt -i -d  -if scott3a.sh -of 12.result -k  -cdmfile  -status files -a
2012-06-05 13:58:53,944-0500 INFO  LateBindingScheduler JobQueue: 50
2012-06-05 13:58:53,950-0500 DEBUG vdl:checkjobstatus START jobid=a2sm1ms-t9idncsk
2012-06-05 13:58:53,959-0500 INFO  LateBindingScheduler JobQueue: 50
2012-06-05 13:58:53,960-0500 INFO  vdl:checkerrorfile FAILURE jobid=a2sm1ms-t9idncsk - Failure file found
2012-06-05 13:58:53,966-0500 INFO  LateBindingScheduler JobQueue: 50
2012-06-05 13:58:53,976-0500 INFO  LateBindingScheduler JobQueue: 50
2012-06-05 13:58:53,976-0500 INFO  LateBindingScheduler JobQueue: 50
2012-06-05 13:58:53,983-0500 DEBUG vdl:execute2 STAGING_OUT jobid=a2sm1ms-t9idncsk
2012-06-05 13:58:53,985-0500 INFO  vdl:dostageout START jobid=a2sm1ms-t9idncsk - Staging out files
2012-06-05 13:58:53,986-0500 DEBUG vdl:dostageout stageouts: [[$, c:countfile - Open]]
2012-06-05 13:58:53,989-0500 DEBUG vdl:dostageout FILE_STAGE_OUT_START srcname=18.result srcdir=scott2sm1ms-20120605-1358-k3xbve3g/shared/ srchost=localhost destdir= desthost=localhost provider=file
2012-06-05 13:58:53,994-0500 INFO  LateBindingScheduler JobQueue: 50
2012-06-05 13:58:54,016-0500 INFO  LateBindingScheduler JobQueue: 50
2012-06-05 13:58:54,019-0500 DEBUG vdl:checkjobstatus START jobid=a2sm1ms-s9idncsk
2012-06-05 13:58:54,028-0500 INFO  LateBindingScheduler JobQueue: 50
2012-06-05 13:58:54,031-0500 INFO  vdl:checkerrorfile NO_STATUS_FILE jobid=a2sm1ms-t9idncsk - Error file missing
2012-06-05 13:58:54,033-0500 DEBUG vdl:execute2 APPLICATION_EXCEPTION jobid=a2sm1ms-t9idncsk - Application exception: null
Caused by: org.globus.cog.abstraction.impl.file.FileNotFoundException: File not found: /var/tmp/scott2sm1ms-20120605-1358-k3xbve3g/shared/18.result
2012-06-05 13:58:54,039-0500 INFO  LateBindingScheduler JobQueue: 50
2012-06-05 13:58:54,040-0500 INFO  vdl:checkerrorfile FAILURE jobid=a2sm1ms-s9idncsk - Failure file found
2012-06-05 13:58:54,043-0500 INFO  LateBindingScheduler JobQueue: 50
2012-06-05 13:58:54,044-0500 INFO  LateBindingScheduler JobQueue: 50
2012-06-05 13:58:54,051-0500 INFO  LateBindingScheduler JobQueue: 52
2012-06-05 13:58:54,052-0500 INFO  LateBindingScheduler JobQueue: 51
2012-06-05 13:58:54,053-0500 INFO  LateBindingScheduler JobQueue: 50
2012-06-05 13:58:54,055-0500 DEBUG vdl:execute2 STAGING_OUT jobid=a2sm1ms-s9idncsk
2012-06-05 13:58:54,056-0500 INFO  vdl:dostageout START jobid=a2sm1ms-s9idncsk - Staging out files
2012-06-05 13:58:54,056-0500 DEBUG vdl:dostageout stageouts: [[$, c:countfile - Open]]
2012-06-05 13:58:54,061-0500 DEBUG vdl:dostageout FILE_STAGE_OUT_START srcname=38.result srcdir=scott2sm1ms-20120605-1358-k3xbve3g/shared/ srchost=localhost destdir= desthost=localhost provider=file
2012-06-05 13:58:54,068-0500 INFO  LateBindingScheduler JobQueue: 50
2012-06-05 13:58:54,071-0500 INFO  LateBindingScheduler JobQueue: 50
2012-06-05 13:58:54,081-0500 INFO  LateBindingScheduler JobQueue: 51
2012-06-05 13:58:54,091-0500 INFO  LateBindingScheduler JobQueue: 50
2012-06-05 13:58:54,095-0500 INFO  LateBindingScheduler JobQueue: 50
2012-06-05 13:58:54,096-0500 INFO  vdl:checkerrorfile NO_STATUS_FILE jobid=a2sm1ms-s9idncsk - Error file missing
2012-06-05 13:58:54,096-0500 DEBUG vdl:execute2 APPLICATION_EXCEPTION jobid=a2sm1ms-s9idncsk - Application exception: null
Caused by: org.globus.cog.abstraction.impl.file.FileNotFoundException: File not found: /var/tmp/scott2sm1ms-20120605-1358-k3xbve3g/shared/38.result
2012-06-05 13:58:54,101-0500 INFO  LateBindingScheduler JobQueue: 51
2012-06-05 13:58:54,103-0500 INFO  LateBindingScheduler JobQueue: 51
2012-06-05 13:58:54,108-0500 INFO  LateBindingScheduler JobQueue: 51
2012-06-05 13:58:54,110-0500 INFO  LateBindingScheduler JobQueue: 51
2012-06-05 13:58:54,120-0500 INFO  LateBindingScheduler JobQueue: 51
2012-06-05 13:58:54,350-0500 INFO  LateBindingScheduler JobQueue: 52
2012-06-05 13:58:54,353-0500 DEBUG vdl:checkjobstatus START jobid=a2sm1ms-o9idncsk
2012-06-05 13:58:54,359-0500 INFO  LateBindingScheduler JobQueue: 52
2012-06-05 13:58:54,360-0500 INFO  LateBindingScheduler JobQueue: 52
2012-06-05 13:58:54,360-0500 INFO  vdl:checkerrorfile FAILURE jobid=a2sm1ms-o9idncsk - Failure file found
2012-06-05 13:58:54,361-0500 DEBUG vdl:checkjobstatus START jobid=a2sm1ms-l9idncsk
2012-06-05 13:58:54,364-0500 INFO  LateBindingScheduler JobQueue: 52
2012-06-05 13:58:54,368-0500 INFO  LateBindingScheduler JobQueue: 54
2012-06-05 13:58:54,369-0500 INFO  LateBindingScheduler JobQueue: 53
2012-06-05 13:58:54,370-0500 DEBUG vdl:execute2 STAGING_OUT jobid=a2sm1ms-o9idncsk
2012-06-05 13:58:54,371-0500 INFO  LateBindingScheduler JobQueue: 52
2012-06-05 13:58:54,371-0500 INFO  vdl:dostageout START jobid=a2sm1ms-o9idncsk - Staging out files
2012-06-05 13:58:54,372-0500 DEBUG vdl:dostageout stageouts: [[$, c:countfile - Open]]
2012-06-05 13:58:54,372-0500 INFO  vdl:checkerrorfile FAILURE jobid=a2sm1ms-l9idncsk - Failure file found
2012-06-05 13:58:54,373-0500 INFO  LateBindingScheduler JobQueue: 52
2012-06-05 13:58:54,374-0500 DEBUG vdl:checkjobstatus START jobid=a2sm1ms-k9idncsk
2012-06-05 13:58:54,376-0500 INFO  LateBindingScheduler JobQueue: 52
2012-06-05 13:58:54,376-0500 DEBUG vdl:dostageout FILE_STAGE_OUT_START srcname=32.result srcdir=scott2sm1ms-20120605-1358-k3xbve3g/shared/ srchost=localhost destdir= desthost=localhost provider=file
2012-06-05 13:58:54,377-0500 INFO  LateBindingScheduler JobQueue: 53
2012-06-05 13:58:54,378-0500 INFO  LateBindingScheduler JobQueue: 53
2012-06-05 13:58:54,378-0500 INFO  LateBindingScheduler JobQueue: 53
2012-06-05 13:58:54,378-0500 INFO  vdl:checkerrorfile FAILURE jobid=a2sm1ms-k9idncsk - Failure file found
2012-06-05 13:58:54,380-0500 INFO  LateBindingScheduler JobQueue: 52
2012-06-05 13:58:54,381-0500 DEBUG vdl:execute2 STAGING_OUT jobid=a2sm1ms-l9idncsk
2012-06-05 13:58:54,382-0500 INFO  vdl:dostageout START jobid=a2sm1ms-l9idncsk - Staging out files
2012-06-05 13:58:54,383-0500 DEBUG vdl:dostageout stageouts: [[$, c:countfile - Open]]
2012-06-05 13:58:54,384-0500 INFO  LateBindingScheduler JobQueue: 52
2012-06-05 13:58:54,386-0500 DEBUG vdl:dostageout FILE_STAGE_OUT_START srcname=8.result srcdir=scott2sm1ms-20120605-1358-k3xbve3g/shared/ srchost=localhost destdir= desthost=localhost provider=file
2012-06-05 13:58:54,388-0500 INFO  LateBindingScheduler JobQueue: 52
2012-06-05 13:58:54,388-0500 INFO  LateBindingScheduler JobQueue: 52
2012-06-05 13:58:54,389-0500 DEBUG vdl:execute2 STAGING_OUT jobid=a2sm1ms-k9idncsk
2012-06-05 13:58:54,389-0500 INFO  LateBindingScheduler JobQueue: 52
2012-06-05 13:58:54,389-0500 INFO  vdl:dostageout START jobid=a2sm1ms-k9idncsk - Staging out files
2012-06-05 13:58:54,390-0500 DEBUG vdl:dostageout stageouts: [[$, c:countfile - Open]]
2012-06-05 13:58:54,391-0500 DEBUG vdl:dostageout FILE_STAGE_OUT_START srcname=14.result srcdir=scott2sm1ms-20120605-1358-k3xbve3g/shared/ srchost=localhost destdir= desthost=localhost provider=file
2012-06-05 13:58:54,393-0500 INFO  LateBindingScheduler JobQueue: 52
2012-06-05 13:58:54,395-0500 INFO  LateBindingScheduler JobQueue: 52
2012-06-05 13:58:54,395-0500 INFO  vdl:checkerrorfile NO_STATUS_FILE jobid=a2sm1ms-o9idncsk - Error file missing
2012-06-05 13:58:54,398-0500 DEBUG vdl:execute2 APPLICATION_EXCEPTION jobid=a2sm1ms-o9idncsk - Application exception: null
Caused by: org.globus.cog.abstraction.impl.file.FileNotFoundException: File not found: /var/tmp/scott2sm1ms-20120605-1358-k3xbve3g/shared/32.result
2012-06-05 13:58:54,401-0500 INFO  LateBindingScheduler JobQueue: 53
2012-06-05 13:58:54,401-0500 DEBUG vdl:checkjobstatus START jobid=a2sm1ms-v9idncsk
2012-06-05 13:58:54,406-0500 INFO  LateBindingScheduler JobQueue: 53
2012-06-05 13:58:54,406-0500 INFO  LateBindingScheduler JobQueue: 52
2012-06-05 13:58:54,406-0500 INFO  vdl:checkerrorfile NO_STATUS_FILE jobid=a2sm1ms-l9idncsk - Error file missing
2012-06-05 13:58:54,406-0500 DEBUG vdl:execute2 APPLICATION_EXCEPTION jobid=a2sm1ms-l9idncsk - Application exception: null
Caused by: org.globus.cog.abstraction.impl.file.FileNotFoundException: File not found: /var/tmp/scott2sm1ms-20120605-1358-k3xbve3g/shared/8.result
2012-06-05 13:58:54,407-0500 INFO  LateBindingScheduler JobQueue: 53
2012-06-05 13:58:54,407-0500 INFO  vdl:checkerrorfile NO_STATUS_FILE jobid=a2sm1ms-k9idncsk - Error file missing
2012-06-05 13:58:54,407-0500 DEBUG vdl:execute2 APPLICATION_EXCEPTION jobid=a2sm1ms-k9idncsk - Application exception: null
Caused by: org.globus.cog.abstraction.impl.file.FileNotFoundException: File not found: /var/tmp/scott2sm1ms-20120605-1358-k3xbve3g/shared/14.result
2012-06-05 13:58:54,409-0500 INFO  LateBindingScheduler JobQueue: 55
2012-06-05 13:58:54,409-0500 INFO  vdl:checkerrorfile FAILURE jobid=a2sm1ms-v9idncsk - Failure file found
2012-06-05 13:58:54,409-0500 INFO  LateBindingScheduler JobQueue: 52
2012-06-05 13:58:54,410-0500 INFO  LateBindingScheduler JobQueue: 53
2012-06-05 13:58:54,410-0500 INFO  LateBindingScheduler JobQueue: 53
2012-06-05 13:58:54,411-0500 INFO  LateBindingScheduler JobQueue: 54
2012-06-05 13:58:54,411-0500 INFO  LateBindingScheduler JobQueue: 54
2012-06-05 13:58:54,412-0500 INFO  LateBindingScheduler JobQueue: 54
2012-06-05 13:58:54,412-0500 INFO  LateBindingScheduler JobQueue: 54
2012-06-05 13:58:54,412-0500 INFO  LateBindingScheduler JobQueue: 52
2012-06-05 13:58:54,412-0500 INFO  LateBindingScheduler JobQueue: 52
2012-06-05 13:58:54,413-0500 DEBUG vdl:execute2 STAGING_OUT jobid=a2sm1ms-v9idncsk
2012-06-05 13:58:54,413-0500 INFO  LateBindingScheduler JobQueue: 54
2012-06-05 13:58:54,413-0500 INFO  vdl:dostageout START jobid=a2sm1ms-v9idncsk - Staging out files
2012-06-05 13:58:54,413-0500 DEBUG vdl:dostageout stageouts: [[$, c:countfile - Open]]
2012-06-05 13:58:54,414-0500 INFO  LateBindingScheduler JobQueue: 53
2012-06-05 13:58:54,414-0500 INFO  LateBindingScheduler JobQueue: 53
2012-06-05 13:58:54,414-0500 DEBUG vdl:dostageout FILE_STAGE_OUT_START srcname=5.result srcdir=scott2sm1ms-20120605-1358-k3xbve3g/shared/ srchost=localhost destdir= desthost=localhost provider=file
2012-06-05 13:58:54,415-0500 INFO  LateBindingScheduler JobQueue: 53
2012-06-05 13:58:54,416-0500 DEBUG vdl:checkjobstatus START jobid=a2sm1ms-m9idncsk
2012-06-05 13:58:54,416-0500 INFO  LateBindingScheduler JobQueue: 52
2012-06-05 13:58:54,417-0500 INFO  LateBindingScheduler JobQueue: 53
2012-06-05 13:58:54,417-0500 INFO  LateBindingScheduler JobQueue: 54
2012-06-05 13:58:54,417-0500 INFO  LateBindingScheduler JobQueue: 54
2012-06-05 13:58:54,420-0500 INFO  LateBindingScheduler JobQueue: 53
2012-06-05 13:58:54,420-0500 INFO  vdl:checkerrorfile FAILURE jobid=a2sm1ms-m9idncsk - Failure file found
2012-06-05 13:58:54,422-0500 INFO  LateBindingScheduler JobQueue: 53
2012-06-05 13:58:54,422-0500 INFO  LateBindingScheduler JobQueue: 53
2012-06-05 13:58:54,423-0500 INFO  LateBindingScheduler JobQueue: 53
2012-06-05 13:58:54,425-0500 INFO  LateBindingScheduler JobQueue: 55
2012-06-05 13:58:54,426-0500 INFO  LateBindingScheduler JobQueue: 55
2012-06-05 13:58:54,427-0500 DEBUG vdl:execute2 STAGING_OUT jobid=a2sm1ms-m9idncsk
2012-06-05 13:58:54,427-0500 INFO  vdl:dostageout START jobid=a2sm1ms-m9idncsk - Staging out files
2012-06-05 13:58:54,428-0500 DEBUG vdl:dostageout stageouts: [[$, c:countfile - Open]]
2012-06-05 13:58:54,428-0500 INFO  LateBindingScheduler JobQueue: 55
2012-06-05 13:58:54,429-0500 DEBUG vdl:dostageout FILE_STAGE_OUT_START srcname=49.result srcdir=scott2sm1ms-20120605-1358-k3xbve3g/shared/ srchost=localhost destdir= desthost=localhost provider=file
2012-06-05 13:58:54,429-0500 INFO  vdl:checkerrorfile NO_STATUS_FILE jobid=a2sm1ms-v9idncsk - Error file missing
2012-06-05 13:58:54,429-0500 DEBUG vdl:execute2 APPLICATION_EXCEPTION jobid=a2sm1ms-v9idncsk - Application exception: null
Caused by: org.globus.cog.abstraction.impl.file.FileNotFoundException: File not found: /var/tmp/scott2sm1ms-20120605-1358-k3xbve3g/shared/5.result
2012-06-05 13:58:54,429-0500 INFO  LateBindingScheduler JobQueue: 55
2012-06-05 13:58:54,434-0500 INFO  LateBindingScheduler JobQueue: 55
2012-06-05 13:58:54,435-0500 INFO  LateBindingScheduler JobQueue: 56
2012-06-05 13:58:54,437-0500 INFO  LateBindingScheduler JobQueue: 55
2012-06-05 13:58:54,437-0500 INFO  LateBindingScheduler JobQueue: 55
2012-06-05 13:58:54,438-0500 INFO  vdl:checkerrorfile NO_STATUS_FILE jobid=a2sm1ms-m9idncsk - Error file missing
2012-06-05 13:58:54,438-0500 DEBUG vdl:execute2 APPLICATION_EXCEPTION jobid=a2sm1ms-m9idncsk - Application exception: null
Caused by: org.globus.cog.abstraction.impl.file.FileNotFoundException: File not found: /var/tmp/scott2sm1ms-20120605-1358-k3xbve3g/shared/49.result
2012-06-05 13:58:54,438-0500 INFO  LateBindingScheduler JobQueue: 55
2012-06-05 13:58:54,440-0500 INFO  LateBindingScheduler JobQueue: 55
2012-06-05 13:58:54,440-0500 INFO  LateBindingScheduler JobQueue: 55
2012-06-05 13:58:54,441-0500 INFO  LateBindingScheduler JobQueue: 55
2012-06-05 13:58:54,443-0500 INFO  LateBindingScheduler JobQueue: 56
2012-06-05 13:58:54,443-0500 INFO  LateBindingScheduler JobQueue: 56
2012-06-05 13:58:54,444-0500 DEBUG vdl:checkjobstatus START jobid=a2sm1ms-u9idncsk
2012-06-05 13:58:54,444-0500 INFO  LateBindingScheduler JobQueue: 57
2012-06-05 13:58:54,450-0500 INFO  LateBindingScheduler JobQueue: 56
2012-06-05 13:58:54,453-0500 INFO  LateBindingScheduler JobQueue: 56
2012-06-05 13:58:54,453-0500 INFO  vdl:checkerrorfile FAILURE jobid=a2sm1ms-u9idncsk - Failure file found
2012-06-05 13:58:54,455-0500 INFO  LateBindingScheduler JobQueue: 57
2012-06-05 13:58:54,459-0500 INFO  LateBindingScheduler JobQueue: 57
2012-06-05 13:58:54,459-0500 INFO  LateBindingScheduler JobQueue: 57
2012-06-05 13:58:54,460-0500 DEBUG vdl:execute2 STAGING_OUT jobid=a2sm1ms-u9idncsk
2012-06-05 13:58:54,460-0500 INFO  vdl:dostageout START jobid=a2sm1ms-u9idncsk - Staging out files
2012-06-05 13:58:54,461-0500 DEBUG vdl:dostageout stageouts: [[$, c:countfile - Open]]
2012-06-05 13:58:54,462-0500 DEBUG vdl:dostageout FILE_STAGE_OUT_START srcname=3.result srcdir=scott2sm1ms-20120605-1358-k3xbve3g/shared/ srchost=localhost destdir= desthost=localhost provider=file
2012-06-05 13:58:54,464-0500 INFO  LateBindingScheduler JobQueue: 57
2012-06-05 13:58:54,470-0500 INFO  LateBindingScheduler JobQueue: 57
2012-06-05 13:58:54,472-0500 DEBUG vdl:checkjobstatus START jobid=a2sm1ms-p9idncsk
2012-06-05 13:58:54,476-0500 INFO  LateBindingScheduler JobQueue: 58
2012-06-05 13:58:54,476-0500 INFO  vdl:checkerrorfile FAILURE jobid=a2sm1ms-p9idncsk - Failure file found
2012-06-05 13:58:54,477-0500 INFO  LateBindingScheduler JobQueue: 57
2012-06-05 13:58:54,477-0500 INFO  vdl:checkerrorfile NO_STATUS_FILE jobid=a2sm1ms-u9idncsk - Error file missing
2012-06-05 13:58:54,477-0500 INFO  LateBindingScheduler JobQueue: 57
2012-06-05 13:58:54,477-0500 DEBUG vdl:execute2 APPLICATION_EXCEPTION jobid=a2sm1ms-u9idncsk - Application exception: null
Caused by: org.globus.cog.abstraction.impl.file.FileNotFoundException: File not found: /var/tmp/scott2sm1ms-20120605-1358-k3xbve3g/shared/3.result
2012-06-05 13:58:54,478-0500 INFO  LateBindingScheduler JobQueue: 57
2012-06-05 13:58:54,478-0500 INFO  LateBindingScheduler JobQueue: 57
2012-06-05 13:58:54,480-0500 DEBUG vdl:execute2 STAGING_OUT jobid=a2sm1ms-p9idncsk
2012-06-05 13:58:54,481-0500 INFO  vdl:dostageout START jobid=a2sm1ms-p9idncsk - Staging out files
2012-06-05 13:58:54,481-0500 DEBUG vdl:dostageout stageouts: [[$, c:countfile - Open]]
2012-06-05 13:58:54,481-0500 INFO  LateBindingScheduler JobQueue: 57
2012-06-05 13:58:54,484-0500 DEBUG vdl:dostageout FILE_STAGE_OUT_START srcname=6.result srcdir=scott2sm1ms-20120605-1358-k3xbve3g/shared/ srchost=localhost destdir= desthost=localhost provider=file
2012-06-05 13:58:54,484-0500 INFO  LateBindingScheduler JobQueue: 58
2012-06-05 13:58:54,485-0500 INFO  LateBindingScheduler JobQueue: 57
2012-06-05 13:58:54,487-0500 INFO  LateBindingScheduler JobQueue: 57
2012-06-05 13:58:54,489-0500 INFO  LateBindingScheduler JobQueue: 58
2012-06-05 13:58:54,493-0500 INFO  LateBindingScheduler JobQueue: 58
2012-06-05 13:58:54,500-0500 INFO  LateBindingScheduler JobQueue: 58
2012-06-05 13:58:54,501-0500 INFO  vdl:checkerrorfile NO_STATUS_FILE jobid=a2sm1ms-p9idncsk - Error file missing
2012-06-05 13:58:54,501-0500 DEBUG vdl:execute2 APPLICATION_EXCEPTION jobid=a2sm1ms-p9idncsk - Application exception: null
Caused by: org.globus.cog.abstraction.impl.file.FileNotFoundException: File not found: /var/tmp/scott2sm1ms-20120605-1358-k3xbve3g/shared/6.result
2012-06-05 13:58:54,505-0500 INFO  LateBindingScheduler JobQueue: 58
2012-06-05 13:58:54,507-0500 INFO  LateBindingScheduler JobQueue: 58
2012-06-05 13:58:54,511-0500 INFO  LateBindingScheduler JobQueue: 58
2012-06-05 13:58:54,515-0500 INFO  LateBindingScheduler JobQueue: 58
2012-06-05 13:58:54,520-0500 INFO  LateBindingScheduler JobQueue: 58
2012-06-05 13:58:54,596-0500 INFO  LateBindingScheduler JobQueue: 59
2012-06-05 13:58:54,600-0500 DEBUG vdl:checkjobstatus START jobid=a2sm1ms-x9idncsk
2012-06-05 13:58:54,613-0500 INFO  LateBindingScheduler JobQueue: 59
2012-06-05 13:58:54,614-0500 INFO  vdl:checkerrorfile FAILURE jobid=a2sm1ms-x9idncsk - Failure file found
2012-06-05 13:58:54,617-0500 INFO  LateBindingScheduler JobQueue: 59
2012-06-05 13:58:54,620-0500 INFO  LateBindingScheduler JobQueue: 59
2012-06-05 13:58:54,620-0500 INFO  LateBindingScheduler JobQueue: 59
2012-06-05 13:58:54,620-0500 INFO  LateBindingScheduler JobQueue: 59
2012-06-05 13:58:54,621-0500 DEBUG vdl:execute2 STAGING_OUT jobid=a2sm1ms-x9idncsk
2012-06-05 13:58:54,621-0500 INFO  vdl:dostageout START jobid=a2sm1ms-x9idncsk - Staging out files
2012-06-05 13:58:54,621-0500 DEBUG vdl:dostageout stageouts: [[$, c:countfile - Open]]
2012-06-05 13:58:54,621-0500 DEBUG vdl:checkjobstatus START jobid=a2sm1ms-q9idncsk
2012-06-05 13:58:54,622-0500 DEBUG vdl:dostageout FILE_STAGE_OUT_START srcname=23.result srcdir=scott2sm1ms-20120605-1358-k3xbve3g/shared/ srchost=localhost destdir= desthost=localhost provider=file
2012-06-05 13:58:54,622-0500 INFO  LateBindingScheduler JobQueue: 59
2012-06-05 13:58:54,623-0500 INFO  LateBindingScheduler JobQueue: 59
2012-06-05 13:58:54,624-0500 INFO  vdl:checkerrorfile FAILURE jobid=a2sm1ms-q9idncsk - Failure file found
2012-06-05 13:58:54,625-0500 INFO  LateBindingScheduler JobQueue: 59
2012-06-05 13:58:54,626-0500 INFO  LateBindingScheduler JobQueue: 59
2012-06-05 13:58:54,626-0500 INFO  LateBindingScheduler JobQueue: 59
2012-06-05 13:58:54,627-0500 DEBUG vdl:execute2 STAGING_OUT jobid=a2sm1ms-q9idncsk
2012-06-05 13:58:54,627-0500 INFO  vdl:dostageout START jobid=a2sm1ms-q9idncsk - Staging out files
2012-06-05 13:58:54,627-0500 DEBUG vdl:dostageout stageouts: [[$, c:countfile - Open]]
2012-06-05 13:58:54,627-0500 DEBUG vdl:dostageout FILE_STAGE_OUT_START srcname=31.result srcdir=scott2sm1ms-20120605-1358-k3xbve3g/shared/ srchost=localhost destdir= desthost=localhost provider=file
2012-06-05 13:58:54,628-0500 INFO  LateBindingScheduler JobQueue: 60
2012-06-05 13:58:54,631-0500 INFO  LateBindingScheduler JobQueue: 59
2012-06-05 13:58:54,631-0500 INFO  vdl:checkerrorfile NO_STATUS_FILE jobid=a2sm1ms-x9idncsk - Error file missing
2012-06-05 13:58:54,632-0500 DEBUG vdl:execute2 APPLICATION_EXCEPTION jobid=a2sm1ms-x9idncsk - Application exception: null
Caused by: org.globus.cog.abstraction.impl.file.FileNotFoundException: File not found: /var/tmp/scott2sm1ms-20120605-1358-k3xbve3g/shared/23.result
2012-06-05 13:58:54,634-0500 INFO  LateBindingScheduler JobQueue: 59
2012-06-05 13:58:54,635-0500 INFO  LateBindingScheduler JobQueue: 59
2012-06-05 13:58:54,635-0500 INFO  LateBindingScheduler JobQueue: 59
2012-06-05 13:58:54,635-0500 INFO  vdl:checkerrorfile NO_STATUS_FILE jobid=a2sm1ms-q9idncsk - Error file missing
2012-06-05 13:58:54,636-0500 DEBUG vdl:execute2 APPLICATION_EXCEPTION jobid=a2sm1ms-q9idncsk - Application exception: null
Caused by: org.globus.cog.abstraction.impl.file.FileNotFoundException: File not found: /var/tmp/scott2sm1ms-20120605-1358-k3xbve3g/shared/31.result
2012-06-05 13:58:54,638-0500 INFO  LateBindingScheduler JobQueue: 59
2012-06-05 13:58:54,638-0500 INFO  LateBindingScheduler JobQueue: 59
2012-06-05 13:58:54,639-0500 INFO  LateBindingScheduler JobQueue: 60
2012-06-05 13:58:54,639-0500 INFO  LateBindingScheduler JobQueue: 59
2012-06-05 13:58:54,641-0500 INFO  LateBindingScheduler JobQueue: 59
2012-06-05 13:58:54,641-0500 INFO  LateBindingScheduler JobQueue: 59
2012-06-05 13:58:54,642-0500 INFO  LateBindingScheduler JobQueue: 59
2012-06-05 13:58:54,643-0500 INFO  LateBindingScheduler JobQueue: 60
2012-06-05 13:58:54,647-0500 INFO  LateBindingScheduler JobQueue: 61
2012-06-05 13:58:54,647-0500 DEBUG vdl:checkjobstatus START jobid=a2sm1ms-n9idncsk
2012-06-05 13:58:54,649-0500 INFO  LateBindingScheduler JobQueue: 61
2012-06-05 13:58:54,649-0500 INFO  vdl:checkerrorfile FAILURE jobid=a2sm1ms-n9idncsk - Failure file found
2012-06-05 13:58:54,651-0500 INFO  LateBindingScheduler JobQueue: 61
2012-06-05 13:58:54,652-0500 INFO  LateBindingScheduler JobQueue: 62
2012-06-05 13:58:54,652-0500 INFO  LateBindingScheduler JobQueue: 62
2012-06-05 13:58:54,653-0500 INFO  LateBindingScheduler JobQueue: 61
2012-06-05 13:58:54,653-0500 DEBUG vdl:checkjobstatus START jobid=a2sm1ms-y9idncsk
2012-06-05 13:58:54,653-0500 DEBUG vdl:execute2 STAGING_OUT jobid=a2sm1ms-n9idncsk
2012-06-05 13:58:54,654-0500 INFO  vdl:dostageout START jobid=a2sm1ms-n9idncsk - Staging out files
2012-06-05 13:58:54,654-0500 DEBUG vdl:dostageout stageouts: [[$, c:countfile - Open]]
2012-06-05 13:58:54,655-0500 DEBUG vdl:dostageout FILE_STAGE_OUT_START srcname=24.result srcdir=scott2sm1ms-20120605-1358-k3xbve3g/shared/ srchost=localhost destdir= desthost=localhost provider=file
2012-06-05 13:58:54,655-0500 INFO  LateBindingScheduler JobQueue: 63
2012-06-05 13:58:54,656-0500 INFO  LateBindingScheduler JobQueue: 62
2012-06-05 13:58:54,656-0500 DEBUG vdl:checkjobstatus START jobid=a2sm1ms-r9idncsk
2012-06-05 13:58:54,656-0500 INFO  LateBindingScheduler JobQueue: 62
2012-06-05 13:58:54,657-0500 INFO  vdl:checkerrorfile FAILURE jobid=a2sm1ms-y9idncsk - Failure file found
2012-06-05 13:58:54,659-0500 INFO  LateBindingScheduler JobQueue: 61
2012-06-05 13:58:54,659-0500 INFO  LateBindingScheduler JobQueue: 61
2012-06-05 13:58:54,659-0500 INFO  vdl:checkerrorfile FAILURE jobid=a2sm1ms-r9idncsk - Failure file found
2012-06-05 13:58:54,661-0500 INFO  LateBindingScheduler JobQueue: 61
2012-06-05 13:58:54,661-0500 INFO  LateBindingScheduler JobQueue: 61
2012-06-05 13:58:54,662-0500 DEBUG vdl:execute2 STAGING_OUT jobid=a2sm1ms-y9idncsk
2012-06-05 13:58:54,662-0500 INFO  LateBindingScheduler JobQueue: 62
2012-06-05 13:58:54,662-0500 INFO  vdl:dostageout START jobid=a2sm1ms-y9idncsk - Staging out files
2012-06-05 13:58:54,663-0500 DEBUG vdl:dostageout stageouts: [[$, c:countfile - Open]]
2012-06-05 13:58:54,664-0500 INFO  LateBindingScheduler JobQueue: 61
2012-06-05 13:58:54,664-0500 DEBUG vdl:dostageout FILE_STAGE_OUT_START srcname=12.result srcdir=scott2sm1ms-20120605-1358-k3xbve3g/shared/ srchost=localhost destdir= desthost=localhost provider=file
2012-06-05 13:58:54,664-0500 INFO  LateBindingScheduler JobQueue: 61
2012-06-05 13:58:54,665-0500 DEBUG vdl:execute2 STAGING_OUT jobid=a2sm1ms-r9idncsk
2012-06-05 13:58:54,666-0500 INFO  LateBindingScheduler JobQueue: 61
2012-06-05 13:58:54,666-0500 INFO  LateBindingScheduler JobQueue: 61
2012-06-05 13:58:54,666-0500 INFO  vdl:dostageout START jobid=a2sm1ms-r9idncsk - Staging out files
2012-06-05 13:58:54,666-0500 INFO  vdl:checkerrorfile NO_STATUS_FILE jobid=a2sm1ms-n9idncsk - Error file missing
2012-06-05 13:58:54,666-0500 DEBUG vdl:dostageout stageouts: [[$, c:countfile - Open]]
2012-06-05 13:58:54,667-0500 DEBUG vdl:execute2 APPLICATION_EXCEPTION jobid=a2sm1ms-n9idncsk - Application exception: null
Caused by: org.globus.cog.abstraction.impl.file.FileNotFoundException: File not found: /var/tmp/scott2sm1ms-20120605-1358-k3xbve3g/shared/24.result
2012-06-05 13:58:54,667-0500 DEBUG vdl:dostageout FILE_STAGE_OUT_START srcname=1.result srcdir=scott2sm1ms-20120605-1358-k3xbve3g/shared/ srchost=localhost destdir= desthost=localhost provider=file
2012-06-05 13:58:54,668-0500 INFO  LateBindingScheduler JobQueue: 62
2012-06-05 13:58:54,669-0500 INFO  LateBindingScheduler JobQueue: 61
2012-06-05 13:58:54,671-0500 INFO  LateBindingScheduler JobQueue: 62
2012-06-05 13:58:54,672-0500 INFO  LateBindingScheduler JobQueue: 62
2012-06-05 13:58:54,673-0500 INFO  LateBindingScheduler JobQueue: 61
2012-06-05 13:58:54,673-0500 INFO  vdl:checkerrorfile NO_STATUS_FILE jobid=a2sm1ms-y9idncsk - Error file missing
2012-06-05 13:58:54,673-0500 DEBUG vdl:execute2 APPLICATION_EXCEPTION jobid=a2sm1ms-y9idncsk - Application exception: null
Caused by: org.globus.cog.abstraction.impl.file.FileNotFoundException: File not found: /var/tmp/scott2sm1ms-20120605-1358-k3xbve3g/shared/12.result
2012-06-05 13:58:54,674-0500 INFO  LateBindingScheduler JobQueue: 61
2012-06-05 13:58:54,675-0500 INFO  LateBindingScheduler JobQueue: 62
2012-06-05 13:58:54,675-0500 INFO  vdl:checkerrorfile NO_STATUS_FILE jobid=a2sm1ms-r9idncsk - Error file missing
2012-06-05 13:58:54,676-0500 INFO  LateBindingScheduler JobQueue: 61
2012-06-05 13:58:54,676-0500 DEBUG vdl:execute2 APPLICATION_EXCEPTION jobid=a2sm1ms-r9idncsk - Application exception: null
Caused by: org.globus.cog.abstraction.impl.file.FileNotFoundException: File not found: /var/tmp/scott2sm1ms-20120605-1358-k3xbve3g/shared/1.result
2012-06-05 13:58:54,676-0500 INFO  LateBindingScheduler JobQueue: 61
2012-06-05 13:58:54,677-0500 INFO  LateBindingScheduler JobQueue: 61
2012-06-05 13:58:54,678-0500 INFO  LateBindingScheduler JobQueue: 63
2012-06-05 13:58:54,679-0500 INFO  LateBindingScheduler JobQueue: 62
2012-06-05 13:58:54,679-0500 INFO  LateBindingScheduler JobQueue: 62
2012-06-05 13:58:54,680-0500 INFO  LateBindingScheduler JobQueue: 62
2012-06-05 13:58:54,681-0500 INFO  LateBindingScheduler JobQueue: 62
2012-06-05 13:58:54,682-0500 INFO  LateBindingScheduler JobQueue: 62
2012-06-05 13:58:54,683-0500 INFO  LateBindingScheduler JobQueue: 62
2012-06-05 13:58:54,685-0500 INFO  LateBindingScheduler JobQueue: 62
