2012-06-06 13:28:32,796-0500 DEBUG Loader arguments: [-tc.file, tc.data, -sites.file, 0-throttle-sites.xml, sleep1ms.swift]
2012-06-06 13:28:32,796-0500 DEBUG Loader Max heap: 252248064
2012-06-06 13:28:32,797-0500 DEBUG textfiles BEGIN SWIFTSCRIPT:

type messagefile; 
type countfile; 

app (countfile t) countwords (messagefile f) {   
     sleep1ms stdout=@filename(t);
}

string inputNames = "scott3a.sh scott3a.sh scott3a.sh scott3a.sh scott3a.sh scott3a.sh scott3a.sh scott3a.sh scott3a.sh scott3a.sh scott3a.sh scott3a.sh scott3a.sh scott3a.sh scott3a.sh scott3a.sh scott3a.sh scott3a.sh scott3a.sh scott3a.sh scott3a.sh scott3a.sh scott3a.sh scott3a.sh scott3a.sh scott3a.sh scott3a.sh scott3a.sh scott3a.sh scott3a.sh scott3a.sh scott3a.sh scott3a.sh scott3a.sh scott3a.sh scott3a.sh scott3a.sh scott3a.sh scott3a.sh scott3a.sh scott3a.sh scott3a.sh scott3a.sh scott3a.sh scott3a.sh scott3a.sh scott3a.sh scott3a.sh scott3a.sh scott3a.sh scott3a.sh scott3a.sh scott3a.sh scott3a.sh scott3a.sh scott3a.sh scott3a.sh scott3a.sh scott3a.sh scott3a.sh scott3a.sh scott3a.sh scott3a.sh scott3a.sh";

messagefile inputfiles[] <fixed_array_mapper;files=inputNames>;

foreach f,i in inputfiles {
  countfile c <single_file_mapper; file=@strcat(i, ".result")>;
  c = countwords(f);
}


2012-06-06 13:28:32,798-0500 DEBUG textfiles END SWIFTSCRIPT:
2012-06-06 13:28:32,798-0500 INFO  Loader sleep1ms.swift: source file is new. Recompiling.
2012-06-06 13:28:33,369-0500 INFO  Karajan Validation of XML intermediate file was successful
2012-06-06 13:28:33,559-0500 DEBUG Loader setting: sites.file to: 0-throttle-sites.xml
2012-06-06 13:28:33,560-0500 DEBUG Loader setting: tc.file to: tc.data
2012-06-06 13:28:33,561-0500 DEBUG textfiles BEGIN SITES:
<config>

<!-- sites.xml specifies details of the sites that Swift can run on.

The first entry entry, for localhost, should work on most linux-like systems
without any change.

It may be necessary to change the two occurences of /var/tmp to a different
working directory.

The jobThrottle profile is set to 0 so that Swift will not try to run more
than two jobs at once (the minimum) when using the local sites. This is
appropriate for local execution, but make sure if/when using another
execution mechanism to submit to an HPC resource that this jobThrottle
is removed.

-->


  <pool handle="localhost">
    <filesystem provider="local" />
    <execution provider="local" />
    <workdirectory >/var/tmp</workdirectory>
    <profile namespace="karajan" key="jobThrottle">0</profile>
  </pool>





<!-- The remainder of this file is commented out by default. It contains
example site definitions for a number of sites on TeraGrid and OSG.

How this list was constructed:

1. Teragrid
http://www.teragrid.org/userinfo/hardware/resources.php
fill out the gatekeeper info and the gridftp hostname
for the storage/workspace, login into the machine, and make yourself a
temporary directory

2. OSG
http://osg-cat.grid.iu.edu/index.php?site_name=osgcat
sort by CPUs
Add the gatekeeper hostname into the jobmanager name and into the gridftp url
Add the ($TMP) or ($WNTMP) to the storage element in the gridftp url AND
into the workspace element

TODO by user:
customize the storage and workdirectory to use your personal working directories

-->


<!--
  <pool handle="skynet" >
    <gridftp url="gsiftp://skynet-login.isi.edu" > 
    </gridftp>
    <jobmanager universe="vanilla" url="skynet-login.isi.edu/jobmanager-fork" major="2" />
    <workdirectory >/nfs/scratch01/tiberius</workdirectory>
  </pool>
-->
<!--
  <pool handle="teraport" >
    <gridftp  url="gsiftp://tp-grid1.uchicago.edu" /> 
    <jobmanager universe="vanilla" url="tp-grid1.uchicago.edu/jobmanager-pbs" major="2" />
    <workdirectory >/home/tiberius/scratch/SWIFT-WORK</workdirectory>
  </pool>
-->
<!--
<pool handle="ncsa_32" >
    <gridftp  url="gsiftp://login-w.ncsa.teragrid.org" />
    <jobmanager universe="vanilla" url="grid-w.ncsa.teragrid.org/jobmanager" major="2" /> 
    <workdirectory >/u/ac/tstef</workdirectory>
</pool>
-->
<!--
<pool handle="purdue" >
    <gridftp  url="gsiftp://tg-data.purdue.teragrid.org" />
    <jobmanager universe="vanilla" url="tg-gatekeeper.purdue.teragrid.org" major="2" />
    <workdirectory >/scratch/teragrid/stef</workdirectory>
</pool>
-->
<!-- 
<pool handle="tacc" >
    <gridftp  url="gsiftp://tg-gridftp.lonestar.tacc.teragrid.org" />
    <jobmanager universe="vanilla" url="tg-login.tacc.teragrid.org/jobmanager-lsf" major="2" />
    <workdirectory >/work/teragrid/tstef</workdirectory>
</pool>
-->
<!-- 
<pool handle="UC" >
    <gridftp url="gsiftp://tg-gridftp.uc.teragrid.org" />
    <execution provider="gt4" jobmanager="PBS" url="tg-grid.uc.teragrid.org" />
    <workdirectory >/disks/scratchgpfs1/tstef</workdirectory>
</pool>
 -->
 
<!-- OSG SITES -->
<!-- 
<pool handle="OSG_LIGO_PSU" >
    <gridftp  url="gsiftp://grid3.aset.psu.edu" />
    <jobmanager universe="vanilla" url="grid3.aset.psu.edu/jobmanager-pbs" major="2" />
    <workdirectory >/usr1/grid3/data</workdirectory>
</pool>
 -->
<!-- 
<pool handle="fnal" >
    <gridftp  url="gsiftp://fngp-osg.fnal.gov" />
    <jobmanager universe="vanilla" url="fngp-osg.fnal.gov/jobmanager-pbs" major="2" minor="2" />
    <workdirectory >/grid/data</workdirectory>
</pool>
-->
<!-- 
<pool handle="prod_slac" >
    <gridftp  url="gsiftp://osgserv01.slac.stanford.edu" />
    <jobmanager universe="vanilla" url="osgserv01.slac.stanford.edu/jobmanager-lsf" major="2" />
    <workdirectory >/nfs/slac/g/grid/osg/data</workdirectory>
</pool>
-->
<!-- 
<pool handle="bnl_atlas_2" >
    <gridftp  url="gsiftp://gridgk02.racf.bnl.gov" />
    <jobmanager universe="vanilla" url="gridgk02.racf.bnl.gov/jobmanager-condor" major="2" />
    <workdirectory >/usatlas/prodjob/share/</workdirectory>
</pool>
-->
<!--
<pool handle="unm_hpc" >
    <gridftp  url="gsiftp://milta.alliance.unm.edu" />
    <jobmanager universe="vanilla" url="milta.alliance.unm.edu/jobmanager-pbs" major="2" />
    <workdirectory >/tmp</workdirectory>
</pool>
-->
<!--  
<pool handle="UWM_CMS" >
    <gridftp  url="gsiftp://cmsgrid02.hep.wisc.edu" />
    <jobmanager universe="vanilla" url="cmsgrid02.hep.wisc.edu/jobmanager-condor" major="2" />
    <workdirectory >/tmp</workdirectory>
</pool>
-->

</config>


2012-06-06 13:28:33,562-0500 DEBUG textfiles END SITES:
2012-06-06 13:28:33,565-0500 INFO  VDL2ExecutionContext Stack dump:
Level 1
[iA = 0, iB = 0, bA = false, bB = false]
	vdl:instanceconfig = Swift configuration []
	vdl:operation = run
	swift.home = /usr/local/swift/bin/..
	PATH_SEPARATOR = /


2012-06-06 13:28:34,194-0500 INFO  unknown Using sites file: 0-throttle-sites.xml
2012-06-06 13:28:34,231-0500 INFO  unknown Using tc.data: tc.data
2012-06-06 13:28:34,344-0500 INFO  AbstractScheduler Setting resources to: {localhost=localhost}
2012-06-06 13:28:34,992-0500 INFO  unknown Swift 0.93 swift-r5483 cog-r3339

2012-06-06 13:28:34,993-0500 INFO  unknown RUNID id=run:20120606-1328-2yfc3851
2012-06-06 13:28:35,049-0500 INFO  SetFieldValue Set: inputNames=scott3a.sh scott3a.sh scott3a.sh scott3a.sh scott3a.sh scott3a.sh scott3a.sh scott3a.sh scott3a.sh scott3a.sh scott3a.sh scott3a.sh scott3a.sh scott3a.sh scott3a.sh scott3a.sh scott3a.sh scott3a.sh scott3a.sh scott3a.sh scott3a.sh scott3a.sh scott3a.sh scott3a.sh scott3a.sh scott3a.sh scott3a.sh scott3a.sh scott3a.sh scott3a.sh scott3a.sh scott3a.sh scott3a.sh scott3a.sh scott3a.sh scott3a.sh scott3a.sh scott3a.sh scott3a.sh scott3a.sh scott3a.sh scott3a.sh scott3a.sh scott3a.sh scott3a.sh scott3a.sh scott3a.sh scott3a.sh scott3a.sh scott3a.sh scott3a.sh scott3a.sh scott3a.sh scott3a.sh scott3a.sh scott3a.sh scott3a.sh scott3a.sh scott3a.sh scott3a.sh scott3a.sh scott3a.sh scott3a.sh scott3a.sh
2012-06-06 13:28:35,062-0500 INFO  RootDataNode Found data inputfiles:messagefile[] - Open.[0]
2012-06-06 13:28:35,062-0500 INFO  RootDataNode Found data inputfiles:messagefile[] - Open.[1]
2012-06-06 13:28:35,062-0500 INFO  RootDataNode Found data inputfiles:messagefile[] - Open.[2]
2012-06-06 13:28:35,062-0500 INFO  RootDataNode Found data inputfiles:messagefile[] - Open.[3]
2012-06-06 13:28:35,062-0500 INFO  RootDataNode Found data inputfiles:messagefile[] - Open.[4]
2012-06-06 13:28:35,062-0500 INFO  RootDataNode Found data inputfiles:messagefile[] - Open.[5]
2012-06-06 13:28:35,062-0500 INFO  RootDataNode Found data inputfiles:messagefile[] - Open.[6]
2012-06-06 13:28:35,062-0500 INFO  RootDataNode Found data inputfiles:messagefile[] - Open.[7]
2012-06-06 13:28:35,062-0500 INFO  RootDataNode Found data inputfiles:messagefile[] - Open.[8]
2012-06-06 13:28:35,062-0500 INFO  RootDataNode Found data inputfiles:messagefile[] - Open.[9]
2012-06-06 13:28:35,062-0500 INFO  RootDataNode Found data inputfiles:messagefile[] - Open.[10]
2012-06-06 13:28:35,063-0500 INFO  RootDataNode Found data inputfiles:messagefile[] - Open.[11]
2012-06-06 13:28:35,063-0500 INFO  RootDataNode Found data inputfiles:messagefile[] - Open.[12]
2012-06-06 13:28:35,063-0500 INFO  RootDataNode Found data inputfiles:messagefile[] - Open.[13]
2012-06-06 13:28:35,063-0500 INFO  RootDataNode Found data inputfiles:messagefile[] - Open.[14]
2012-06-06 13:28:35,063-0500 INFO  RootDataNode Found data inputfiles:messagefile[] - Open.[15]
2012-06-06 13:28:35,063-0500 INFO  RootDataNode Found data inputfiles:messagefile[] - Open.[16]
2012-06-06 13:28:35,063-0500 INFO  RootDataNode Found data inputfiles:messagefile[] - Open.[17]
2012-06-06 13:28:35,063-0500 INFO  RootDataNode Found data inputfiles:messagefile[] - Open.[18]
2012-06-06 13:28:35,063-0500 INFO  RootDataNode Found data inputfiles:messagefile[] - Open.[19]
2012-06-06 13:28:35,063-0500 INFO  RootDataNode Found data inputfiles:messagefile[] - Open.[20]
2012-06-06 13:28:35,063-0500 INFO  RootDataNode Found data inputfiles:messagefile[] - Open.[21]
2012-06-06 13:28:35,064-0500 INFO  RootDataNode Found data inputfiles:messagefile[] - Open.[22]
2012-06-06 13:28:35,064-0500 INFO  RootDataNode Found data inputfiles:messagefile[] - Open.[23]
2012-06-06 13:28:35,064-0500 INFO  RootDataNode Found data inputfiles:messagefile[] - Open.[24]
2012-06-06 13:28:35,064-0500 INFO  RootDataNode Found data inputfiles:messagefile[] - Open.[25]
2012-06-06 13:28:35,064-0500 INFO  RootDataNode Found data inputfiles:messagefile[] - Open.[26]
2012-06-06 13:28:35,064-0500 INFO  RootDataNode Found data inputfiles:messagefile[] - Open.[27]
2012-06-06 13:28:35,064-0500 INFO  RootDataNode Found data inputfiles:messagefile[] - Open.[28]
2012-06-06 13:28:35,064-0500 INFO  RootDataNode Found data inputfiles:messagefile[] - Open.[29]
2012-06-06 13:28:35,064-0500 INFO  RootDataNode Found data inputfiles:messagefile[] - Open.[30]
2012-06-06 13:28:35,064-0500 INFO  RootDataNode Found data inputfiles:messagefile[] - Open.[31]
2012-06-06 13:28:35,064-0500 INFO  RootDataNode Found data inputfiles:messagefile[] - Open.[32]
2012-06-06 13:28:35,064-0500 INFO  RootDataNode Found data inputfiles:messagefile[] - Open.[33]
2012-06-06 13:28:35,065-0500 INFO  RootDataNode Found data inputfiles:messagefile[] - Open.[34]
2012-06-06 13:28:35,065-0500 INFO  RootDataNode Found data inputfiles:messagefile[] - Open.[35]
2012-06-06 13:28:35,065-0500 INFO  RootDataNode Found data inputfiles:messagefile[] - Open.[36]
2012-06-06 13:28:35,065-0500 INFO  RootDataNode Found data inputfiles:messagefile[] - Open.[37]
2012-06-06 13:28:35,065-0500 INFO  RootDataNode Found data inputfiles:messagefile[] - Open.[38]
2012-06-06 13:28:35,065-0500 INFO  RootDataNode Found data inputfiles:messagefile[] - Open.[39]
2012-06-06 13:28:35,065-0500 INFO  RootDataNode Found data inputfiles:messagefile[] - Open.[40]
2012-06-06 13:28:35,065-0500 INFO  RootDataNode Found data inputfiles:messagefile[] - Open.[41]
2012-06-06 13:28:35,065-0500 INFO  RootDataNode Found data inputfiles:messagefile[] - Open.[42]
2012-06-06 13:28:35,065-0500 INFO  RootDataNode Found data inputfiles:messagefile[] - Open.[43]
2012-06-06 13:28:35,066-0500 INFO  RootDataNode Found data inputfiles:messagefile[] - Open.[44]
2012-06-06 13:28:35,066-0500 INFO  RootDataNode Found data inputfiles:messagefile[] - Open.[45]
2012-06-06 13:28:35,066-0500 INFO  RootDataNode Found data inputfiles:messagefile[] - Open.[46]
2012-06-06 13:28:35,066-0500 INFO  RootDataNode Found data inputfiles:messagefile[] - Open.[47]
2012-06-06 13:28:35,066-0500 INFO  RootDataNode Found data inputfiles:messagefile[] - Open.[48]
2012-06-06 13:28:35,066-0500 INFO  RootDataNode Found data inputfiles:messagefile[] - Open.[49]
2012-06-06 13:28:35,066-0500 INFO  RootDataNode Found data inputfiles:messagefile[] - Open.[50]
2012-06-06 13:28:35,066-0500 INFO  RootDataNode Found data inputfiles:messagefile[] - Open.[51]
2012-06-06 13:28:35,066-0500 INFO  RootDataNode Found data inputfiles:messagefile[] - Open.[52]
2012-06-06 13:28:35,066-0500 INFO  RootDataNode Found data inputfiles:messagefile[] - Open.[53]
2012-06-06 13:28:35,066-0500 INFO  RootDataNode Found data inputfiles:messagefile[] - Open.[54]
2012-06-06 13:28:35,067-0500 INFO  RootDataNode Found data inputfiles:messagefile[] - Open.[55]
2012-06-06 13:28:35,067-0500 INFO  RootDataNode Found data inputfiles:messagefile[] - Open.[56]
2012-06-06 13:28:35,067-0500 INFO  RootDataNode Found data inputfiles:messagefile[] - Open.[57]
2012-06-06 13:28:35,067-0500 INFO  RootDataNode Found data inputfiles:messagefile[] - Open.[58]
2012-06-06 13:28:35,067-0500 INFO  RootDataNode Found data inputfiles:messagefile[] - Open.[59]
2012-06-06 13:28:35,067-0500 INFO  RootDataNode Found data inputfiles:messagefile[] - Open.[60]
2012-06-06 13:28:35,067-0500 INFO  RootDataNode Found data inputfiles:messagefile[] - Open.[61]
2012-06-06 13:28:35,067-0500 INFO  RootDataNode Found data inputfiles:messagefile[] - Open.[62]
2012-06-06 13:28:35,067-0500 INFO  RootDataNode Found data inputfiles:messagefile[] - Open.[63]
2012-06-06 13:28:35,073-0500 DEBUG vdl:mains FOREACH_IT_START line=13 thread=0-1-0
2012-06-06 13:28:35,073-0500 DEBUG vdl:mains FOREACH_IT_START line=13 thread=0-1-3
2012-06-06 13:28:35,074-0500 DEBUG vdl:mains FOREACH_IT_START line=13 thread=0-1-4
2012-06-06 13:28:35,074-0500 DEBUG vdl:mains FOREACH_IT_START line=13 thread=0-1-2
2012-06-06 13:28:35,074-0500 DEBUG vdl:mains FOREACH_IT_START line=13 thread=0-1-1
2012-06-06 13:28:35,077-0500 DEBUG vdl:mains FOREACH_IT_START line=13 thread=0-1-5
2012-06-06 13:28:35,078-0500 DEBUG vdl:mains SCOPE thread=0-1-0
2012-06-06 13:28:35,078-0500 DEBUG vdl:mains SCOPE thread=0-1-3
2012-06-06 13:28:35,078-0500 DEBUG vdl:mains FOREACH_IT_START line=13 thread=0-1-7
2012-06-06 13:28:35,078-0500 DEBUG vdl:mains SCOPE thread=0-1-4
2012-06-06 13:28:35,079-0500 DEBUG vdl:mains SCOPE thread=0-1-2
2012-06-06 13:28:35,080-0500 DEBUG vdl:mains FOREACH_IT_START line=13 thread=0-1-9
2012-06-06 13:28:35,080-0500 DEBUG vdl:mains FOREACH_IT_START line=13 thread=0-1-6
2012-06-06 13:28:35,081-0500 DEBUG vdl:mains FOREACH_IT_START line=13 thread=0-1-10
2012-06-06 13:28:35,081-0500 DEBUG vdl:mains FOREACH_IT_START line=13 thread=0-1-11
2012-06-06 13:28:35,082-0500 DEBUG vdl:mains FOREACH_IT_START line=13 thread=0-1-14
2012-06-06 13:28:35,079-0500 DEBUG vdl:mains FOREACH_IT_START line=13 thread=0-1-8
2012-06-06 13:28:35,082-0500 DEBUG vdl:mains FOREACH_IT_START line=13 thread=0-1-12
2012-06-06 13:28:35,079-0500 DEBUG vdl:mains SCOPE thread=0-1-1
2012-06-06 13:28:35,083-0500 DEBUG vdl:mains FOREACH_IT_START line=13 thread=0-1-17
2012-06-06 13:28:35,083-0500 DEBUG vdl:mains FOREACH_IT_START line=13 thread=0-1-19
2012-06-06 13:28:35,083-0500 DEBUG vdl:mains FOREACH_IT_START line=13 thread=0-1-22
2012-06-06 13:28:35,083-0500 DEBUG vdl:mains FOREACH_IT_START line=13 thread=0-1-20
2012-06-06 13:28:35,084-0500 DEBUG vdl:mains FOREACH_IT_START line=13 thread=0-1-21
2012-06-06 13:28:35,084-0500 DEBUG vdl:mains FOREACH_IT_START line=13 thread=0-1-24
2012-06-06 13:28:35,082-0500 DEBUG vdl:mains FOREACH_IT_START line=13 thread=0-1-13
2012-06-06 13:28:35,082-0500 DEBUG vdl:mains SCOPE thread=0-1-5
2012-06-06 13:28:35,082-0500 DEBUG vdl:mains FOREACH_IT_START line=13 thread=0-1-16
2012-06-06 13:28:35,084-0500 DEBUG vdl:mains SCOPE thread=0-1-7
2012-06-06 13:28:35,082-0500 DEBUG vdl:mains FOREACH_IT_START line=13 thread=0-1-15
2012-06-06 13:28:35,084-0500 DEBUG vdl:mains FOREACH_IT_START line=13 thread=0-1-23
2012-06-06 13:28:35,084-0500 DEBUG vdl:mains FOREACH_IT_START line=13 thread=0-1-26
2012-06-06 13:28:35,085-0500 DEBUG vdl:mains FOREACH_IT_START line=13 thread=0-1-28
2012-06-06 13:28:35,085-0500 DEBUG vdl:mains FOREACH_IT_START line=13 thread=0-1-27
2012-06-06 13:28:35,086-0500 DEBUG vdl:mains SCOPE thread=0-1-9
2012-06-06 13:28:35,086-0500 DEBUG vdl:mains FOREACH_IT_START line=13 thread=0-1-29
2012-06-06 13:28:35,083-0500 DEBUG vdl:mains FOREACH_IT_START line=13 thread=0-1-18
2012-06-06 13:28:35,086-0500 DEBUG vdl:mains FOREACH_IT_START line=13 thread=0-1-32
2012-06-06 13:28:35,086-0500 DEBUG vdl:mains SCOPE thread=0-1-10
2012-06-06 13:28:35,086-0500 DEBUG vdl:mains SCOPE thread=0-1-11
2012-06-06 13:28:35,086-0500 DEBUG vdl:mains FOREACH_IT_START line=13 thread=0-1-42
2012-06-06 13:28:35,086-0500 DEBUG vdl:mains SCOPE thread=0-1-6
2012-06-06 13:28:35,086-0500 DEBUG vdl:mains FOREACH_IT_START line=13 thread=0-1-33
2012-06-06 13:28:35,086-0500 DEBUG vdl:mains FOREACH_IT_START line=13 thread=0-1-31
2012-06-06 13:28:35,087-0500 DEBUG vdl:mains FOREACH_IT_START line=13 thread=0-1-48
2012-06-06 13:28:35,086-0500 DEBUG vdl:mains FOREACH_IT_START line=13 thread=0-1-30
2012-06-06 13:28:35,084-0500 DEBUG vdl:mains FOREACH_IT_START line=13 thread=0-1-25
2012-06-06 13:28:35,087-0500 DEBUG vdl:mains SCOPE thread=0-1-8
2012-06-06 13:28:35,087-0500 DEBUG vdl:mains SCOPE thread=0-1-14
2012-06-06 13:28:35,087-0500 DEBUG vdl:mains FOREACH_IT_START line=13 thread=0-1-51
2012-06-06 13:28:35,087-0500 DEBUG vdl:mains FOREACH_IT_START line=13 thread=0-1-47
2012-06-06 13:28:35,087-0500 DEBUG vdl:mains FOREACH_IT_START line=13 thread=0-1-50
2012-06-06 13:28:35,086-0500 DEBUG vdl:mains FOREACH_IT_START line=13 thread=0-1-45
2012-06-06 13:28:35,086-0500 DEBUG vdl:mains FOREACH_IT_START line=13 thread=0-1-39
2012-06-06 13:28:35,088-0500 DEBUG vdl:mains FOREACH_IT_START line=13 thread=0-1-61
2012-06-06 13:28:35,086-0500 DEBUG vdl:mains FOREACH_IT_START line=13 thread=0-1-41
2012-06-06 13:28:35,086-0500 DEBUG vdl:mains FOREACH_IT_START line=13 thread=0-1-43
2012-06-06 13:28:35,088-0500 DEBUG vdl:mains FOREACH_IT_START line=13 thread=0-1-63
2012-06-06 13:28:35,086-0500 DEBUG vdl:mains FOREACH_IT_START line=13 thread=0-1-44
2012-06-06 13:28:35,086-0500 DEBUG vdl:mains FOREACH_IT_START line=13 thread=0-1-35
2012-06-06 13:28:35,088-0500 DEBUG vdl:mains FOREACH_IT_START line=13 thread=0-1-34
2012-06-06 13:28:35,088-0500 DEBUG vdl:mains FOREACH_IT_START line=13 thread=0-1-60
2012-06-06 13:28:35,088-0500 DEBUG vdl:mains FOREACH_IT_START line=13 thread=0-1-56
2012-06-06 13:28:35,088-0500 DEBUG vdl:mains FOREACH_IT_START line=13 thread=0-1-57
2012-06-06 13:28:35,088-0500 DEBUG vdl:mains SCOPE thread=0-1-12
2012-06-06 13:28:35,088-0500 DEBUG vdl:mains FOREACH_IT_START line=13 thread=0-1-59
2012-06-06 13:28:35,087-0500 DEBUG vdl:mains FOREACH_IT_START line=13 thread=0-1-58
2012-06-06 13:28:35,087-0500 DEBUG vdl:mains FOREACH_IT_START line=13 thread=0-1-53
2012-06-06 13:28:35,087-0500 DEBUG vdl:mains FOREACH_IT_START line=13 thread=0-1-55
2012-06-06 13:28:35,087-0500 DEBUG vdl:mains FOREACH_IT_START line=13 thread=0-1-54
2012-06-06 13:28:35,087-0500 DEBUG vdl:mains FOREACH_IT_START line=13 thread=0-1-52
2012-06-06 13:28:35,087-0500 DEBUG vdl:mains FOREACH_IT_START line=13 thread=0-1-46
2012-06-06 13:28:35,089-0500 DEBUG vdl:mains SCOPE thread=0-1-13
2012-06-06 13:28:35,089-0500 DEBUG vdl:mains SCOPE thread=0-1-24
2012-06-06 13:28:35,089-0500 DEBUG vdl:mains SCOPE thread=0-1-21
2012-06-06 13:28:35,089-0500 DEBUG vdl:mains FOREACH_IT_START line=13 thread=0-1-40
2012-06-06 13:28:35,089-0500 DEBUG vdl:mains FOREACH_IT_START line=13 thread=0-1-37
2012-06-06 13:28:35,089-0500 DEBUG vdl:mains SCOPE thread=0-1-20
2012-06-06 13:28:35,088-0500 DEBUG vdl:mains FOREACH_IT_START line=13 thread=0-1-38
2012-06-06 13:28:35,088-0500 DEBUG vdl:mains SCOPE thread=0-1-22
2012-06-06 13:28:35,088-0500 DEBUG vdl:mains SCOPE thread=0-1-19
2012-06-06 13:28:35,088-0500 DEBUG vdl:mains SCOPE thread=0-1-17
2012-06-06 13:28:35,090-0500 DEBUG vdl:mains SCOPE thread=0-1-27
2012-06-06 13:28:35,090-0500 DEBUG vdl:mains SCOPE thread=0-1-28
2012-06-06 13:28:35,090-0500 DEBUG vdl:mains FOREACH_IT_START line=13 thread=0-1-36
2012-06-06 13:28:35,089-0500 DEBUG vdl:mains SCOPE thread=0-1-26
2012-06-06 13:28:35,089-0500 DEBUG vdl:mains SCOPE thread=0-1-23
2012-06-06 13:28:35,089-0500 DEBUG vdl:mains SCOPE thread=0-1-15
2012-06-06 13:28:35,089-0500 DEBUG vdl:mains SCOPE thread=0-1-16
2012-06-06 13:28:35,091-0500 DEBUG vdl:mains SCOPE thread=0-1-25
2012-06-06 13:28:35,091-0500 DEBUG vdl:mains SCOPE thread=0-1-48
2012-06-06 13:28:35,091-0500 DEBUG vdl:mains SCOPE thread=0-1-30
2012-06-06 13:28:35,091-0500 DEBUG vdl:mains SCOPE thread=0-1-31
2012-06-06 13:28:35,091-0500 DEBUG vdl:mains SCOPE thread=0-1-33
2012-06-06 13:28:35,091-0500 DEBUG vdl:mains SCOPE thread=0-1-42
2012-06-06 13:28:35,091-0500 DEBUG vdl:mains SCOPE thread=0-1-41
2012-06-06 13:28:35,090-0500 DEBUG vdl:mains SCOPE thread=0-1-32
2012-06-06 13:28:35,090-0500 DEBUG vdl:mains SCOPE thread=0-1-18
2012-06-06 13:28:35,090-0500 DEBUG vdl:mains SCOPE thread=0-1-29
2012-06-06 13:28:35,092-0500 DEBUG vdl:mains SCOPE thread=0-1-44
2012-06-06 13:28:35,092-0500 DEBUG vdl:mains SCOPE thread=0-1-35
2012-06-06 13:28:35,092-0500 DEBUG vdl:mains SCOPE thread=0-1-60
2012-06-06 13:28:35,092-0500 DEBUG vdl:mains SCOPE thread=0-1-63
2012-06-06 13:28:35,092-0500 DEBUG vdl:mains SCOPE thread=0-1-43
2012-06-06 13:28:35,092-0500 DEBUG vdl:mains SCOPE thread=0-1-59
2012-06-06 13:28:35,091-0500 DEBUG vdl:mains FOREACH_IT_START line=13 thread=0-1-49
2012-06-06 13:28:35,091-0500 DEBUG vdl:mains SCOPE thread=0-1-61
2012-06-06 13:28:35,092-0500 DEBUG vdl:mains SCOPE thread=0-1-55
2012-06-06 13:28:35,093-0500 DEBUG vdl:mains SCOPE thread=0-1-54
2012-06-06 13:28:35,091-0500 DEBUG vdl:mains SCOPE thread=0-1-39
2012-06-06 13:28:35,091-0500 DEBUG vdl:mains SCOPE thread=0-1-45
2012-06-06 13:28:35,091-0500 DEBUG vdl:mains SCOPE thread=0-1-50
2012-06-06 13:28:35,091-0500 DEBUG vdl:mains SCOPE thread=0-1-51
2012-06-06 13:28:35,091-0500 DEBUG vdl:mains SCOPE thread=0-1-47
2012-06-06 13:28:35,093-0500 DEBUG vdl:mains FOREACH_IT_START line=13 thread=0-1-62
2012-06-06 13:28:35,093-0500 DEBUG vdl:mains SCOPE thread=0-1-52
2012-06-06 13:28:35,093-0500 DEBUG vdl:mains SCOPE thread=0-1-46
2012-06-06 13:28:35,092-0500 DEBUG vdl:mains SCOPE thread=0-1-53
2012-06-06 13:28:35,092-0500 DEBUG vdl:mains SCOPE thread=0-1-58
2012-06-06 13:28:35,094-0500 DEBUG vdl:mains SCOPE thread=0-1-36
2012-06-06 13:28:35,092-0500 DEBUG vdl:mains SCOPE thread=0-1-57
2012-06-06 13:28:35,095-0500 DEBUG vdl:mains SCOPE thread=0-1-49
2012-06-06 13:28:35,095-0500 DEBUG vdl:mains SCOPE thread=0-1-62
2012-06-06 13:28:35,092-0500 DEBUG vdl:mains SCOPE thread=0-1-56
2012-06-06 13:28:35,092-0500 DEBUG vdl:mains SCOPE thread=0-1-34
2012-06-06 13:28:35,093-0500 DEBUG vdl:mains SCOPE thread=0-1-38
2012-06-06 13:28:35,093-0500 DEBUG vdl:mains SCOPE thread=0-1-37
2012-06-06 13:28:35,093-0500 DEBUG vdl:mains SCOPE thread=0-1-40
2012-06-06 13:28:35,133-0500 INFO  SetFieldValue Set: swift#mapper#17001=19.result
2012-06-06 13:28:35,133-0500 INFO  SetFieldValue Set: swift#mapper#17001=14.result
2012-06-06 13:28:35,133-0500 INFO  SetFieldValue Set: swift#mapper#17001=8.result
2012-06-06 13:28:35,133-0500 INFO  SetFieldValue Set: swift#mapper#17001=12.result
2012-06-06 13:28:35,133-0500 INFO  SetFieldValue Set: swift#mapper#17001=15.result
2012-06-06 13:28:35,133-0500 INFO  SetFieldValue Set: swift#mapper#17001=10.result
2012-06-06 13:28:35,134-0500 INFO  SetFieldValue Set: swift#mapper#17001=54.result
2012-06-06 13:28:35,134-0500 INFO  SetFieldValue Set: swift#mapper#17001=1.result
2012-06-06 13:28:35,134-0500 INFO  SetFieldValue Set: swift#mapper#17001=32.result
2012-06-06 13:28:35,134-0500 INFO  SetFieldValue Set: swift#mapper#17001=27.result
2012-06-06 13:28:35,134-0500 INFO  SetFieldValue Set: swift#mapper#17001=58.result
2012-06-06 13:28:35,135-0500 INFO  SetFieldValue Set: swift#mapper#17001=47.result
2012-06-06 13:28:35,135-0500 INFO  SetFieldValue Set: swift#mapper#17001=24.result
2012-06-06 13:28:35,135-0500 INFO  SetFieldValue Set: swift#mapper#17001=23.result
2012-06-06 13:28:35,135-0500 INFO  SetFieldValue Set: swift#mapper#17001=30.result
2012-06-06 13:28:35,135-0500 INFO  SetFieldValue Set: swift#mapper#17001=6.result
2012-06-06 13:28:35,136-0500 INFO  SetFieldValue Set: swift#mapper#17001=16.result
2012-06-06 13:28:35,133-0500 INFO  SetFieldValue Set: swift#mapper#17001=13.result
2012-06-06 13:28:35,135-0500 INFO  SetFieldValue Set: swift#mapper#17001=44.result
2012-06-06 13:28:35,135-0500 INFO  SetFieldValue Set: swift#mapper#17001=36.result
2012-06-06 13:28:35,135-0500 INFO  SetFieldValue Set: swift#mapper#17001=0.result
2012-06-06 13:28:35,134-0500 INFO  SetFieldValue Set: swift#mapper#17001=21.result
2012-06-06 13:28:35,134-0500 INFO  SetFieldValue Set: swift#mapper#17001=17.result
2012-06-06 13:28:35,133-0500 INFO  SetFieldValue Set: swift#mapper#17001=5.result
2012-06-06 13:28:35,133-0500 INFO  SetFieldValue Set: swift#mapper#17001=20.result
2012-06-06 13:28:35,137-0500 INFO  SetFieldValue Set: swift#mapper#17001=52.result
2012-06-06 13:28:35,136-0500 INFO  SetFieldValue Set: swift#mapper#17001=11.result
2012-06-06 13:28:35,138-0500 INFO  RootDataNode Found mapped data c:countfile - Open.$
2012-06-06 13:28:35,138-0500 INFO  RootDataNode Found mapped data c:countfile - Open.$
2012-06-06 13:28:35,138-0500 INFO  RootDataNode Found mapped data c:countfile - Open.$
2012-06-06 13:28:35,138-0500 INFO  RootDataNode Found mapped data c:countfile - Open.$
2012-06-06 13:28:35,138-0500 INFO  RootDataNode Found mapped data c:countfile - Open.$
2012-06-06 13:28:35,139-0500 INFO  RootDataNode Found mapped data c:countfile - Open.$
2012-06-06 13:28:35,139-0500 INFO  RootDataNode Found mapped data c:countfile - Open.$
2012-06-06 13:28:35,139-0500 INFO  RootDataNode Found mapped data c:countfile - Open.$
2012-06-06 13:28:35,138-0500 INFO  RootDataNode Found mapped data c:countfile - Open.$
2012-06-06 13:28:35,139-0500 INFO  RootDataNode Found mapped data c:countfile - Open.$
2012-06-06 13:28:35,139-0500 INFO  SetFieldValue Set: swift#mapper#17001=2.result
2012-06-06 13:28:35,139-0500 INFO  SetFieldValue Set: swift#mapper#17001=7.result
2012-06-06 13:28:35,138-0500 INFO  SetFieldValue Set: swift#mapper#17001=26.result
2012-06-06 13:28:35,138-0500 INFO  RootDataNode Found mapped data c:countfile - Open.$
2012-06-06 13:28:35,140-0500 INFO  RootDataNode Found mapped data c:countfile - Open.$
2012-06-06 13:28:35,138-0500 INFO  RootDataNode Found mapped data c:countfile - Open.$
2012-06-06 13:28:35,138-0500 INFO  RootDataNode Found mapped data c:countfile - Open.$
2012-06-06 13:28:35,138-0500 INFO  SetFieldValue Set: swift#mapper#17001=46.result
2012-06-06 13:28:35,140-0500 INFO  RootDataNode Found mapped data c:countfile - Open.$
2012-06-06 13:28:35,140-0500 INFO  SetFieldValue Set: swift#mapper#17001=28.result
2012-06-06 13:28:35,141-0500 INFO  RootDataNode Found mapped data c:countfile - Open.$
2012-06-06 13:28:35,141-0500 INFO  SetFieldValue Set: swift#mapper#17001=63.result
2012-06-06 13:28:35,141-0500 INFO  SetFieldValue Set: swift#mapper#17001=4.result
2012-06-06 13:28:35,141-0500 INFO  RootDataNode Found mapped data c:countfile - Open.$
2012-06-06 13:28:35,138-0500 INFO  RootDataNode Found mapped data c:countfile - Open.$
2012-06-06 13:28:35,138-0500 INFO  RootDataNode Found mapped data c:countfile - Open.$
2012-06-06 13:28:35,142-0500 INFO  SetFieldValue Set: swift#mapper#17001=35.result
2012-06-06 13:28:35,141-0500 INFO  RootDataNode Found mapped data c:countfile - Open.$
2012-06-06 13:28:35,141-0500 INFO  RootDataNode Found mapped data c:countfile - Open.$
2012-06-06 13:28:35,140-0500 INFO  SetFieldValue Set: swift#mapper#17001=3.result
2012-06-06 13:28:35,140-0500 INFO  RootDataNode Found mapped data c:countfile - Open.$
2012-06-06 13:28:35,140-0500 INFO  RootDataNode Found mapped data c:countfile - Open.$
2012-06-06 13:28:35,140-0500 INFO  RootDataNode Found mapped data c:countfile - Open.$
2012-06-06 13:28:35,140-0500 INFO  RootDataNode Found mapped data c:countfile - Open.$
2012-06-06 13:28:35,140-0500 INFO  RootDataNode Found mapped data c:countfile - Open.$
2012-06-06 13:28:35,140-0500 INFO  RootDataNode Found mapped data c:countfile - Open.$
2012-06-06 13:28:35,143-0500 INFO  RootDataNode Found mapped data c:countfile - Open.$
2012-06-06 13:28:35,143-0500 INFO  RootDataNode Found mapped data c:countfile - Open.$
2012-06-06 13:28:35,143-0500 INFO  SetFieldValue Set: swift#mapper#17001=42.result
2012-06-06 13:28:35,143-0500 INFO  SetFieldValue Set: swift#mapper#17001=59.result
2012-06-06 13:28:35,142-0500 INFO  SetFieldValue Set: swift#mapper#17001=33.result
2012-06-06 13:28:35,142-0500 INFO  RootDataNode Found mapped data c:countfile - Open.$
2012-06-06 13:28:35,142-0500 INFO  SetFieldValue Set: swift#mapper#17001=56.result
2012-06-06 13:28:35,142-0500 INFO  SetFieldValue Set: swift#mapper#17001=41.result
2012-06-06 13:28:35,142-0500 INFO  SetFieldValue Set: swift#mapper#17001=25.result
2012-06-06 13:28:35,142-0500 INFO  SetFieldValue Set: swift#mapper#17001=18.result
2012-06-06 13:28:35,144-0500 INFO  RootDataNode Found mapped data c:countfile - Open.$
2012-06-06 13:28:35,144-0500 INFO  SetFieldValue Set: swift#mapper#17001=40.result
2012-06-06 13:28:35,143-0500 INFO  SetFieldValue Set: swift#mapper#17001=9.result
2012-06-06 13:28:35,143-0500 INFO  RootDataNode Found mapped data c:countfile - Open.$
2012-06-06 13:28:35,143-0500 INFO  SetFieldValue Set: swift#mapper#17001=45.result
2012-06-06 13:28:35,143-0500 INFO  RootDataNode Found mapped data c:countfile - Open.$
2012-06-06 13:28:35,143-0500 INFO  SetFieldValue Set: swift#mapper#17001=31.result
2012-06-06 13:28:35,145-0500 INFO  SetFieldValue Set: swift#mapper#17001=55.result
2012-06-06 13:28:35,143-0500 INFO  RootDataNode Found mapped data c:countfile - Open.$
2012-06-06 13:28:35,146-0500 INFO  SetFieldValue Set: swift#mapper#17001=53.result
2012-06-06 13:28:35,146-0500 INFO  RootDataNode Found mapped data c:countfile - Open.$
2012-06-06 13:28:35,146-0500 INFO  SetFieldValue Set: swift#mapper#17001=57.result
2012-06-06 13:28:35,146-0500 INFO  RootDataNode Found mapped data c:countfile - Open.$
2012-06-06 13:28:35,146-0500 INFO  RootDataNode Found mapped data c:countfile - Open.$
2012-06-06 13:28:35,146-0500 INFO  SetFieldValue Set: swift#mapper#17001=43.result
2012-06-06 13:28:35,145-0500 INFO  RootDataNode Found mapped data c:countfile - Open.$
2012-06-06 13:28:35,145-0500 INFO  SetFieldValue Set: swift#mapper#17001=29.result
2012-06-06 13:28:35,144-0500 INFO  SetFieldValue Set: swift#mapper#17001=48.result
2012-06-06 13:28:35,144-0500 INFO  RootDataNode Found mapped data c:countfile - Open.$
2012-06-06 13:28:35,147-0500 INFO  RootDataNode Found mapped data c:countfile - Open.$
2012-06-06 13:28:35,147-0500 INFO  RootDataNode Found mapped data c:countfile - Open.$
2012-06-06 13:28:35,144-0500 INFO  SetFieldValue Set: swift#mapper#17001=37.result
2012-06-06 13:28:35,148-0500 INFO  RootDataNode Found mapped data c:countfile - Open.$
2012-06-06 13:28:35,148-0500 INFO  SetFieldValue Set: swift#mapper#17001=51.result
2012-06-06 13:28:35,148-0500 INFO  RootDataNode Found mapped data c:countfile - Open.$
2012-06-06 13:28:35,148-0500 INFO  RootDataNode Found mapped data c:countfile - Open.$
2012-06-06 13:28:35,148-0500 INFO  RootDataNode Found mapped data c:countfile - Open.$
2012-06-06 13:28:35,148-0500 INFO  SetFieldValue Set: swift#mapper#17001=62.result
2012-06-06 13:28:35,148-0500 INFO  RootDataNode Found mapped data c:countfile - Open.$
2012-06-06 13:28:35,149-0500 INFO  SetFieldValue Set: swift#mapper#17001=22.result
2012-06-06 13:28:35,149-0500 INFO  RootDataNode Found mapped data c:countfile - Open.$
2012-06-06 13:28:35,144-0500 INFO  SetFieldValue Set: swift#mapper#17001=60.result
2012-06-06 13:28:35,149-0500 INFO  RootDataNode Found mapped data c:countfile - Open.$
2012-06-06 13:28:35,150-0500 INFO  RootDataNode Found mapped data c:countfile - Open.$
2012-06-06 13:28:35,150-0500 INFO  RootDataNode Found mapped data c:countfile - Open.$
2012-06-06 13:28:35,150-0500 INFO  RootDataNode Found mapped data c:countfile - Open.$
2012-06-06 13:28:35,150-0500 INFO  RootDataNode Found mapped data c:countfile - Open.$
2012-06-06 13:28:35,150-0500 INFO  RootDataNode Found mapped data c:countfile - Open.$
2012-06-06 13:28:35,152-0500 INFO  SetFieldValue Set: swift#mapper#17001=34.result
2012-06-06 13:28:35,152-0500 INFO  SetFieldValue Set: swift#mapper#17001=38.result
2012-06-06 13:28:35,152-0500 INFO  SetFieldValue Set: swift#mapper#17001=49.result
2012-06-06 13:28:35,149-0500 INFO  SetFieldValue Set: swift#mapper#17001=39.result
2012-06-06 13:28:35,153-0500 INFO  RootDataNode Found mapped data c:countfile - Open.$
2012-06-06 13:28:35,154-0500 INFO  RootDataNode Found mapped data c:countfile - Open.$
2012-06-06 13:28:35,154-0500 INFO  RootDataNode Found mapped data c:countfile - Open.$
2012-06-06 13:28:35,147-0500 INFO  SetFieldValue Set: swift#mapper#17001=61.result
2012-06-06 13:28:35,147-0500 INFO  RootDataNode Found mapped data c:countfile - Open.$
2012-06-06 13:28:35,147-0500 INFO  SetFieldValue Set: swift#mapper#17001=50.result
2012-06-06 13:28:35,146-0500 INFO  RootDataNode Found mapped data c:countfile - Open.$
2012-06-06 13:28:35,146-0500 INFO  RootDataNode Found mapped data c:countfile - Open.$
2012-06-06 13:28:35,146-0500 INFO  RootDataNode Found mapped data c:countfile - Open.$
2012-06-06 13:28:35,146-0500 INFO  RootDataNode Found mapped data c:countfile - Open.$
2012-06-06 13:28:35,156-0500 INFO  RootDataNode Found mapped data c:countfile - Open.$
2012-06-06 13:28:35,158-0500 INFO  RootDataNode Found mapped data c:countfile - Open.$
2012-06-06 13:28:35,158-0500 INFO  RootDataNode Found mapped data c:countfile - Open.$
2012-06-06 13:28:35,159-0500 DEBUG countwords PROCEDURE line=5 thread=0-1-60-1 name=countwords
2012-06-06 13:28:35,159-0500 DEBUG countwords PROCEDURE line=5 thread=0-1-9-1 name=countwords
2012-06-06 13:28:35,159-0500 DEBUG countwords PROCEDURE line=5 thread=0-1-45-1 name=countwords
2012-06-06 13:28:35,159-0500 DEBUG countwords PROCEDURE line=5 thread=0-1-1-1 name=countwords
2012-06-06 13:28:35,159-0500 DEBUG countwords PROCEDURE line=5 thread=0-1-14-1 name=countwords
2012-06-06 13:28:35,159-0500 DEBUG countwords PROCEDURE line=5 thread=0-1-5-1 name=countwords
2012-06-06 13:28:35,159-0500 DEBUG countwords PROCEDURE line=5 thread=0-1-28-1 name=countwords
2012-06-06 13:28:35,160-0500 DEBUG countwords PROCEDURE line=5 thread=0-1-18-1 name=countwords
2012-06-06 13:28:35,160-0500 DEBUG countwords PROCEDURE line=5 thread=0-1-13-1 name=countwords
2012-06-06 13:28:35,160-0500 DEBUG countwords PROCEDURE line=5 thread=0-1-35-1 name=countwords
2012-06-06 13:28:35,160-0500 DEBUG countwords PROCEDURE line=5 thread=0-1-0-1 name=countwords
2012-06-06 13:28:35,159-0500 DEBUG countwords PROCEDURE line=5 thread=0-1-47-1 name=countwords
2012-06-06 13:28:35,159-0500 DEBUG countwords PROCEDURE line=5 thread=0-1-44-1 name=countwords
2012-06-06 13:28:35,159-0500 DEBUG countwords PROCEDURE line=5 thread=0-1-37-1 name=countwords
2012-06-06 13:28:35,159-0500 DEBUG countwords PROCEDURE line=5 thread=0-1-7-1 name=countwords
2012-06-06 13:28:35,159-0500 DEBUG countwords PROCEDURE line=5 thread=0-1-40-1 name=countwords
2012-06-06 13:28:35,159-0500 DEBUG countwords PROCEDURE line=5 thread=0-1-23-1 name=countwords
2012-06-06 13:28:35,161-0500 DEBUG countwords PROCEDURE line=5 thread=0-1-36-1 name=countwords
2012-06-06 13:28:35,161-0500 DEBUG countwords PROCEDURE line=5 thread=0-1-41-1 name=countwords
2012-06-06 13:28:35,161-0500 DEBUG countwords PROCEDURE line=5 thread=0-1-12-1 name=countwords
2012-06-06 13:28:35,160-0500 DEBUG countwords PROCEDURE line=5 thread=0-1-32-1 name=countwords
2012-06-06 13:28:35,160-0500 DEBUG countwords PROCEDURE line=5 thread=0-1-26-1 name=countwords
2012-06-06 13:28:35,160-0500 DEBUG countwords PROCEDURE line=5 thread=0-1-3-1 name=countwords
2012-06-06 13:28:35,160-0500 DEBUG countwords PROCEDURE line=5 thread=0-1-48-1 name=countwords
2012-06-06 13:28:35,160-0500 DEBUG countwords PROCEDURE line=5 thread=0-1-52-1 name=countwords
2012-06-06 13:28:35,160-0500 DEBUG countwords PROCEDURE line=5 thread=0-1-25-1 name=countwords
2012-06-06 13:28:35,160-0500 DEBUG countwords PROCEDURE line=5 thread=0-1-10-1 name=countwords
2012-06-06 13:28:35,160-0500 DEBUG countwords PROCEDURE line=5 thread=0-1-27-1 name=countwords
2012-06-06 13:28:35,162-0500 DEBUG countwords PROCEDURE line=5 thread=0-1-24-1 name=countwords
2012-06-06 13:28:35,162-0500 DEBUG countwords PROCEDURE line=5 thread=0-1-21-1 name=countwords
2012-06-06 13:28:35,162-0500 DEBUG countwords PROCEDURE line=5 thread=0-1-42-1 name=countwords
2012-06-06 13:28:35,162-0500 DEBUG countwords PROCEDURE line=5 thread=0-1-16-1 name=countwords
2012-06-06 13:28:35,161-0500 DEBUG countwords PROCEDURE line=5 thread=0-1-11-1 name=countwords
2012-06-06 13:28:35,161-0500 DEBUG countwords PROCEDURE line=5 thread=0-1-6-1 name=countwords
2012-06-06 13:28:35,161-0500 DEBUG countwords PROCEDURE line=5 thread=0-1-19-1 name=countwords
2012-06-06 13:28:35,161-0500 DEBUG countwords PROCEDURE line=5 thread=0-1-8-1 name=countwords
2012-06-06 13:28:35,163-0500 DEBUG countwords PROCEDURE line=5 thread=0-1-54-1 name=countwords
2012-06-06 13:28:35,161-0500 DEBUG countwords PROCEDURE line=5 thread=0-1-53-1 name=countwords
2012-06-06 13:28:35,161-0500 DEBUG countwords PROCEDURE line=5 thread=0-1-20-1 name=countwords
2012-06-06 13:28:35,161-0500 DEBUG countwords PROCEDURE line=5 thread=0-1-29-1 name=countwords
2012-06-06 13:28:35,163-0500 DEBUG countwords PROCEDURE line=5 thread=0-1-56-1 name=countwords
2012-06-06 13:28:35,163-0500 DEBUG countwords PROCEDURE line=5 thread=0-1-15-1 name=countwords
2012-06-06 13:28:35,163-0500 DEBUG countwords PROCEDURE line=5 thread=0-1-46-1 name=countwords
2012-06-06 13:28:35,163-0500 DEBUG countwords PROCEDURE line=5 thread=0-1-33-1 name=countwords
2012-06-06 13:28:35,164-0500 DEBUG countwords PROCEDURE line=5 thread=0-1-4-1 name=countwords
2012-06-06 13:28:35,163-0500 DEBUG countwords PROCEDURE line=5 thread=0-1-50-1 name=countwords
2012-06-06 13:28:35,163-0500 DEBUG countwords PROCEDURE line=5 thread=0-1-31-1 name=countwords
2012-06-06 13:28:35,162-0500 DEBUG countwords PROCEDURE line=5 thread=0-1-59-1 name=countwords
2012-06-06 13:28:35,162-0500 DEBUG countwords PROCEDURE line=5 thread=0-1-17-1 name=countwords
2012-06-06 13:28:35,164-0500 DEBUG countwords PROCEDURE line=5 thread=0-1-57-1 name=countwords
2012-06-06 13:28:35,165-0500 DEBUG countwords PROCEDURE line=5 thread=0-1-61-1 name=countwords
2012-06-06 13:28:35,165-0500 DEBUG countwords PROCEDURE line=5 thread=0-1-62-1 name=countwords
2012-06-06 13:28:35,164-0500 DEBUG countwords PROCEDURE line=5 thread=0-1-39-1 name=countwords
2012-06-06 13:28:35,162-0500 DEBUG countwords PROCEDURE line=5 thread=0-1-2-1 name=countwords
2012-06-06 13:28:35,162-0500 DEBUG countwords PROCEDURE line=5 thread=0-1-30-1 name=countwords
2012-06-06 13:28:35,162-0500 DEBUG countwords PROCEDURE line=5 thread=0-1-63-1 name=countwords
2012-06-06 13:28:35,167-0500 DEBUG countwords PROCEDURE line=5 thread=0-1-49-1 name=countwords
2012-06-06 13:28:35,164-0500 DEBUG countwords PROCEDURE line=5 thread=0-1-58-1 name=countwords
2012-06-06 13:28:35,164-0500 DEBUG countwords PROCEDURE line=5 thread=0-1-22-1 name=countwords
2012-06-06 13:28:35,164-0500 DEBUG countwords PROCEDURE line=5 thread=0-1-43-1 name=countwords
2012-06-06 13:28:35,163-0500 DEBUG countwords PROCEDURE line=5 thread=0-1-51-1 name=countwords
2012-06-06 13:28:35,163-0500 DEBUG countwords PROCEDURE line=5 thread=0-1-55-1 name=countwords
2012-06-06 13:28:35,168-0500 DEBUG countwords PROCEDURE line=5 thread=0-1-34-1 name=countwords
2012-06-06 13:28:35,168-0500 DEBUG countwords PROCEDURE line=5 thread=0-1-38-1 name=countwords
2012-06-06 13:28:35,191-0500 INFO  vdl:execute START thread=0-1-48-1 tr=sleep1ms
2012-06-06 13:28:35,191-0500 INFO  vdl:execute START thread=0-1-7-1 tr=sleep1ms
2012-06-06 13:28:35,191-0500 INFO  vdl:execute START thread=0-1-13-1 tr=sleep1ms
2012-06-06 13:28:35,191-0500 INFO  vdl:execute START thread=0-1-37-1 tr=sleep1ms
2012-06-06 13:28:35,191-0500 INFO  vdl:execute START thread=0-1-33-1 tr=sleep1ms
2012-06-06 13:28:35,191-0500 INFO  vdl:execute START thread=0-1-12-1 tr=sleep1ms
2012-06-06 13:28:35,191-0500 INFO  vdl:execute START thread=0-1-44-1 tr=sleep1ms
2012-06-06 13:28:35,191-0500 INFO  vdl:execute START thread=0-1-42-1 tr=sleep1ms
2012-06-06 13:28:35,191-0500 INFO  vdl:execute START thread=0-1-14-1 tr=sleep1ms
2012-06-06 13:28:35,191-0500 INFO  vdl:execute START thread=0-1-58-1 tr=sleep1ms
2012-06-06 13:28:35,191-0500 INFO  vdl:execute START thread=0-1-61-1 tr=sleep1ms
2012-06-06 13:28:35,191-0500 INFO  vdl:execute START thread=0-1-5-1 tr=sleep1ms
2012-06-06 13:28:35,191-0500 INFO  vdl:execute START thread=0-1-24-1 tr=sleep1ms
2012-06-06 13:28:35,191-0500 INFO  vdl:execute START thread=0-1-17-1 tr=sleep1ms
2012-06-06 13:28:35,191-0500 INFO  vdl:execute START thread=0-1-16-1 tr=sleep1ms
2012-06-06 13:28:35,191-0500 INFO  vdl:execute START thread=0-1-45-1 tr=sleep1ms
2012-06-06 13:28:35,191-0500 INFO  vdl:execute START thread=0-1-32-1 tr=sleep1ms
2012-06-06 13:28:35,192-0500 INFO  vdl:execute START thread=0-1-47-1 tr=sleep1ms
2012-06-06 13:28:35,192-0500 INFO  vdl:execute START thread=0-1-39-1 tr=sleep1ms
2012-06-06 13:28:35,192-0500 INFO  vdl:execute START thread=0-1-29-1 tr=sleep1ms
2012-06-06 13:28:35,191-0500 INFO  vdl:execute START thread=0-1-2-1 tr=sleep1ms
2012-06-06 13:28:35,191-0500 INFO  vdl:execute START thread=0-1-8-1 tr=sleep1ms
2012-06-06 13:28:35,193-0500 INFO  vdl:execute START thread=0-1-18-1 tr=sleep1ms
2012-06-06 13:28:35,193-0500 INFO  vdl:execute START thread=0-1-52-1 tr=sleep1ms
2012-06-06 13:28:35,193-0500 INFO  vdl:execute START thread=0-1-10-1 tr=sleep1ms
2012-06-06 13:28:35,193-0500 INFO  vdl:execute START thread=0-1-26-1 tr=sleep1ms
2012-06-06 13:28:35,192-0500 INFO  vdl:execute START thread=0-1-25-1 tr=sleep1ms
2012-06-06 13:28:35,193-0500 INFO  vdl:execute START thread=0-1-22-1 tr=sleep1ms
2012-06-06 13:28:35,193-0500 INFO  vdl:execute START thread=0-1-3-1 tr=sleep1ms
2012-06-06 13:28:35,192-0500 INFO  vdl:execute START thread=0-1-49-1 tr=sleep1ms
2012-06-06 13:28:35,192-0500 INFO  vdl:execute START thread=0-1-23-1 tr=sleep1ms
2012-06-06 13:28:35,192-0500 INFO  vdl:execute START thread=0-1-1-1 tr=sleep1ms
2012-06-06 13:28:35,192-0500 INFO  vdl:execute START thread=0-1-46-1 tr=sleep1ms
2012-06-06 13:28:35,192-0500 INFO  vdl:execute START thread=0-1-9-1 tr=sleep1ms
2012-06-06 13:28:35,192-0500 INFO  vdl:execute START thread=0-1-63-1 tr=sleep1ms
2012-06-06 13:28:35,192-0500 INFO  vdl:execute START thread=0-1-19-1 tr=sleep1ms
2012-06-06 13:28:35,194-0500 INFO  vdl:execute START thread=0-1-40-1 tr=sleep1ms
2012-06-06 13:28:35,194-0500 INFO  vdl:execute START thread=0-1-56-1 tr=sleep1ms
2012-06-06 13:28:35,194-0500 INFO  vdl:execute START thread=0-1-53-1 tr=sleep1ms
2012-06-06 13:28:35,194-0500 INFO  vdl:execute START thread=0-1-60-1 tr=sleep1ms
2012-06-06 13:28:35,194-0500 INFO  vdl:execute START thread=0-1-0-1 tr=sleep1ms
2012-06-06 13:28:35,194-0500 INFO  vdl:execute START thread=0-1-62-1 tr=sleep1ms
2012-06-06 13:28:35,194-0500 INFO  vdl:execute START thread=0-1-4-1 tr=sleep1ms
2012-06-06 13:28:35,193-0500 INFO  vdl:execute START thread=0-1-59-1 tr=sleep1ms
2012-06-06 13:28:35,193-0500 INFO  vdl:execute START thread=0-1-6-1 tr=sleep1ms
2012-06-06 13:28:35,193-0500 INFO  vdl:execute START thread=0-1-51-1 tr=sleep1ms
2012-06-06 13:28:35,193-0500 INFO  vdl:execute START thread=0-1-43-1 tr=sleep1ms
2012-06-06 13:28:35,197-0500 INFO  vdl:execute START thread=0-1-50-1 tr=sleep1ms
2012-06-06 13:28:35,193-0500 INFO  vdl:execute START thread=0-1-15-1 tr=sleep1ms
2012-06-06 13:28:35,197-0500 INFO  vdl:execute START thread=0-1-27-1 tr=sleep1ms
2012-06-06 13:28:35,198-0500 INFO  vdl:execute START thread=0-1-11-1 tr=sleep1ms
2012-06-06 13:28:35,199-0500 INFO  vdl:execute START thread=0-1-28-1 tr=sleep1ms
2012-06-06 13:28:35,197-0500 INFO  vdl:execute START thread=0-1-31-1 tr=sleep1ms
2012-06-06 13:28:35,196-0500 INFO  vdl:execute START thread=0-1-21-1 tr=sleep1ms
2012-06-06 13:28:35,196-0500 INFO  vdl:execute START thread=0-1-36-1 tr=sleep1ms
2012-06-06 13:28:35,196-0500 INFO  vdl:execute START thread=0-1-30-1 tr=sleep1ms
2012-06-06 13:28:35,194-0500 INFO  vdl:execute START thread=0-1-38-1 tr=sleep1ms
2012-06-06 13:28:35,200-0500 INFO  vdl:execute START thread=0-1-54-1 tr=sleep1ms
2012-06-06 13:28:35,194-0500 INFO  vdl:execute START thread=0-1-41-1 tr=sleep1ms
2012-06-06 13:28:35,194-0500 INFO  vdl:execute START thread=0-1-55-1 tr=sleep1ms
2012-06-06 13:28:35,202-0500 INFO  vdl:execute START thread=0-1-35-1 tr=sleep1ms
2012-06-06 13:28:35,194-0500 INFO  vdl:execute START thread=0-1-57-1 tr=sleep1ms
2012-06-06 13:28:35,199-0500 INFO  vdl:execute START thread=0-1-34-1 tr=sleep1ms
2012-06-06 13:28:35,198-0500 INFO  vdl:execute START thread=0-1-20-1 tr=sleep1ms
2012-06-06 13:28:35,235-0500 INFO  WeightedHostScoreScheduler CONTACT_SELECTED host=localhost, score=1.000
2012-06-06 13:28:35,238-0500 INFO  GlobalSubmitQueue No global submit throttle set. Using default (1024)
2012-06-06 13:28:35,239-0500 INFO  LateBindingScheduler JobQueue: 63
2012-06-06 13:28:35,241-0500 INFO  LateBindingScheduler JobQueue: 63
2012-06-06 13:28:35,243-0500 INFO  vdl:initshareddir START host=localhost - Initializing shared directory
2012-06-06 13:28:35,245-0500 INFO  LateBindingScheduler JobQueue: 63
2012-06-06 13:28:35,257-0500 INFO  LateBindingScheduler JobQueue: 63
2012-06-06 13:28:35,259-0500 INFO  LateBindingScheduler JobQueue: 63
2012-06-06 13:28:35,261-0500 INFO  LateBindingScheduler JobQueue: 63
2012-06-06 13:28:35,263-0500 INFO  LateBindingScheduler JobQueue: 63
2012-06-06 13:28:35,267-0500 INFO  LateBindingScheduler JobQueue: 63
2012-06-06 13:28:35,268-0500 INFO  vdl:initshareddir END host=localhost - Done initializing shared directory
2012-06-06 13:28:35,270-0500 DEBUG vdl:execute2 THREAD_ASSOCIATION jobid=sleep1ms-2x9q9esk thread=0-1-45-1-1 host=localhost replicationGroup=iu9q9esk
2012-06-06 13:28:35,278-0500 INFO  vdl:createdirset START jobid=sleep1ms-2x9q9esk host=localhost - Initializing directory structure
2012-06-06 13:28:35,278-0500 INFO  vdl:createdirset END jobid=sleep1ms-2x9q9esk - Done initializing directory structure
2012-06-06 13:28:35,279-0500 INFO  vdl:dostagein START jobid=sleep1ms-2x9q9esk - Staging in files
2012-06-06 13:28:35,298-0500 INFO  LateBindingScheduler JobQueue: 63
2012-06-06 13:28:35,309-0500 DEBUG vdl:dostagein CDM: file://localhost/scott3a.sh : DEFAULT
2012-06-06 13:28:35,317-0500 DEBUG vdl:dostageinfile FILE_STAGE_IN_START file=scott3a.sh srchost=localhost srcdir= srcname=scott3a.sh desthost=localhost destdir=sleep1ms-20120606-1328-2yfc3851/shared/ provider=file policy=DEFAULT
2012-06-06 13:28:35,320-0500 INFO  LateBindingScheduler JobQueue: 63
2012-06-06 13:28:35,340-0500 DEBUG vdl:dostageinfile FILE_STAGE_IN_END file=scott3a.sh srchost=localhost srcdir= srcname=scott3a.sh desthost=localhost destdir=sleep1ms-20120606-1328-2yfc3851/shared/ provider=file
2012-06-06 13:28:35,340-0500 INFO  vdl:dostagein END jobid=sleep1ms-2x9q9esk - Staging in finished
2012-06-06 13:28:35,342-0500 DEBUG vdl:execute2 JOB_START jobid=sleep1ms-2x9q9esk tr=sleep1ms arguments=[] tmpdir=sleep1ms-20120606-1328-2yfc3851/jobs/2/sleep1ms-2x9q9esk host=localhost
2012-06-06 13:28:35,344-0500 DEBUG textfiles BEGIN TC:
#This is the transformation catalog.
#
#It comes pre-configured with a number of simple transformations with
#paths that are likely to work on a linux box. However, on some systems,
#the paths to these executables will be different (for example, sometimes
#some of these programs are found in /usr/bin rather than in /bin)
#
#NOTE WELL: fields in this file must be separated by tabs, not spaces; and
#there must be no trailing whitespace at the end of each line.
#
# sitename  transformation  path   INSTALLED  platform  profiles
localhost 	echo 		/bin/echo	INSTALLED	INTEL32::LINUX	null
localhost 	cat 		/bin/cat	INSTALLED	INTEL32::LINUX	null
localhost 	ls 		/bin/ls		INSTALLED	INTEL32::LINUX	null
localhost 	grep 		/bin/grep	INSTALLED	INTEL32::LINUX	null
localhost 	sort 		/bin/sort	INSTALLED	INTEL32::LINUX	null
localhost 	paste 		/bin/paste	INSTALLED	INTEL32::LINUX	null
localhost 	cp 		/bin/cp         INSTALLED	INTEL32::LINUX	null
localhost 	touch 		/bin/touch      INSTALLED	INTEL32::LINUX	null
localhost	wc		/usr/bin/wc	INSTALLED	INTEL32::LINUX	null
localhost	sh		/bin/wc		INSTALLED	INTEL32::LINUX	null
localhost	scott3a		/home/skrieder/swift/multi/scott3a.sh		INSTALLED	INTEL32::LINUX	null
localhost	scott3b		/home/skrieder/swift/multi/scott3b.sh		INSTALLED	INTEL32::LINUX	null
localhost	cka		/home/skrieder/swift/cuda/1sm1ms		INSTALLED	INTEL32::LINUX	null
localhost	a1sm0ms		/home/skrieder/swift/cuda/1sm0ms		INSTALLED	INTEL32::LINUX	null
localhost	a1sm1ms		/home/skrieder/swift/cuda/1sm1ms		INSTALLED	INTEL32::LINUX	null
localhost	a1sm10ms	/home/skrieder/swift/cuda/1sm10ms		INSTALLED	INTEL32::LINUX	null
localhost	a1sm100ms	/home/skrieder/swift/cuda/1sm100ms		INSTALLED	INTEL32::LINUX	null
localhost	a2sm0ms		/home/skrieder/swift/cuda/2sm0ms		INSTALLED	INTEL32::LINUX	null
localhost	a2sm1ms		/home/skrieder/swift/cuda/2sm1ms		INSTALLED	INTEL32::LINUX	null
localhost	a2sm10ms	/home/skrieder/swift/cuda/2sm10ms		INSTALLED	INTEL32::LINUX	null
localhost	a2sm100ms	/home/skrieder/swift/cuda/2sm100ms		INSTALLED	INTEL32::LINUX	null
localhost	a4sm0ms		/home/skrieder/swift/cuda/4sm0ms		INSTALLED	INTEL32::LINUX	null
localhost	a4sm1ms		/home/skrieder/swift/cuda/4sm1ms		INSTALLED	INTEL32::LINUX	null
localhost	a4sm10ms	/home/skrieder/swift/cuda/4sm10ms		INSTALLED	INTEL32::LINUX	null
localhost	a4sm100ms	/home/skrieder/swift/cuda/4sm100ms		INSTALLED	INTEL32::LINUX	null
localhost	a8sm0ms		/home/skrieder/swift/cuda/8sm0ms		INSTALLED	INTEL32::LINUX	null
localhost	a8sm1ms		/home/skrieder/swift/cuda/8sm1ms		INSTALLED	INTEL32::LINUX	null
localhost	a8sm10ms	/home/skrieder/swift/cuda/8sm10ms		INSTALLED	INTEL32::LINUX	null
localhost	a8sm100ms	/home/skrieder/swift/cuda/8sm100ms		INSTALLED	INTEL32::LINUX	null
localhost	a16sm0ms	/home/skrieder/swift/cuda/16sm0ms		INSTALLED	INTEL32::LINUX	null
localhost	a16sm1ms	/home/skrieder/swift/cuda/16sm1ms		INSTALLED	INTEL32::LINUX	null
localhost	a16sm10ms	/home/skrieder/swift/cuda/16sm10ms		INSTALLED	INTEL32::LINUX	null
localhost	a16sm100ms	/home/skrieder/swift/cuda/16sm100ms		INSTALLED	INTEL32::LINUX	null
localhost	sleep0ms	/home/skrieder/swift/c/sleep0ms			INSTALLED	INTEL32::LINUX	null
localhost	sleep1ms	/home/skrieder/swift/c/sleep1ms			INSTALLED	INTEL32::LINUX	null
localhost	sleep10ms	/home/skrieder/swift/c/sleep10ms		INSTALLED	INTEL32::LINUX	null
localhost	sleep100ms	/home/skrieder/swift/c/sleep100ms			INSTALLED	INTEL32::LINUX	null
localhost	sleep1000ms	/home/skrieder/swift/c/sleep1000ms			INSTALLED	INTEL32::LINUX	null
localhost	sleep10000ms	/home/skrieder/swift/c/sleep10000ms			INSTALLED	INTEL32::LINUX	null


2012-06-06 13:28:35,344-0500 DEBUG textfiles END TC:
2012-06-06 13:28:35,356-0500 INFO  GridExec TASK_DEFINITION: Task(type=JOB_SUBMISSION, identity=urn:0-1-45-1-1-1339007314291) is /bin/bash shared/_swiftwrap sleep1ms-2x9q9esk -jobdir 2 -scratch  -e /home/skrieder/swift/c/sleep1ms -out 45.result -err stderr.txt -i -d  -if scott3a.sh -of 45.result -k  -cdmfile  -status files -a
2012-06-06 13:28:35,363-0500 INFO  JobSubmissionTaskHandler Submit: in: /var/tmp/sleep1ms-20120606-1328-2yfc3851 command: /bin/bash /var/tmp/sleep1ms-20120606-1328-2yfc3851/shared/_swiftwrap sleep1ms-2x9q9esk -jobdir 2 -scratch  -e /home/skrieder/swift/c/sleep1ms -out 45.result -err stderr.txt -i -d  -if scott3a.sh -of 45.result -k  -cdmfile  -status files -a
2012-06-06 13:28:35,489-0500 INFO  LateBindingScheduler JobQueue: 63
2012-06-06 13:28:35,494-0500 DEBUG vdl:checkjobstatus START jobid=sleep1ms-2x9q9esk
2012-06-06 13:28:35,505-0500 INFO  LateBindingScheduler JobQueue: 63
2012-06-06 13:28:35,506-0500 INFO  vdl:checkerrorfile FAILURE jobid=sleep1ms-2x9q9esk - Failure file found
2012-06-06 13:28:35,512-0500 INFO  LateBindingScheduler JobQueue: 63
2012-06-06 13:28:35,516-0500 INFO  LateBindingScheduler JobQueue: 64
2012-06-06 13:28:35,518-0500 INFO  LateBindingScheduler JobQueue: 63
2012-06-06 13:28:35,520-0500 DEBUG vdl:execute2 STAGING_OUT jobid=sleep1ms-2x9q9esk
2012-06-06 13:28:35,522-0500 INFO  vdl:dostageout START jobid=sleep1ms-2x9q9esk - Staging out files
2012-06-06 13:28:35,523-0500 DEBUG vdl:dostageout stageouts: [[$, c:countfile - Open]]
2012-06-06 13:28:35,532-0500 DEBUG vdl:dostageout FILE_STAGE_OUT_START srcname=45.result srcdir=sleep1ms-20120606-1328-2yfc3851/shared/ srchost=localhost destdir= desthost=localhost provider=file
2012-06-06 13:28:35,536-0500 INFO  LateBindingScheduler JobQueue: 63
2012-06-06 13:28:35,555-0500 INFO  LateBindingScheduler JobQueue: 63
2012-06-06 13:28:35,556-0500 INFO  vdl:checkerrorfile NO_STATUS_FILE jobid=sleep1ms-2x9q9esk - Error file missing
2012-06-06 13:28:35,558-0500 DEBUG vdl:execute2 APPLICATION_EXCEPTION jobid=sleep1ms-2x9q9esk - Application exception: null
Caused by: org.globus.cog.abstraction.impl.file.FileNotFoundException: File not found: /var/tmp/sleep1ms-20120606-1328-2yfc3851/shared/45.result
2012-06-06 13:28:35,566-0500 INFO  LateBindingScheduler JobQueue: 63
2012-06-06 13:28:35,572-0500 INFO  LateBindingScheduler JobQueue: 63
2012-06-06 13:28:35,576-0500 INFO  LateBindingScheduler JobQueue: 63
2012-06-06 13:28:35,580-0500 INFO  LateBindingScheduler JobQueue: 63
2012-06-06 13:28:35,589-0500 INFO  LateBindingScheduler JobQueue: 63
2012-06-06 13:28:35,599-0500 INFO  WeightedHostScoreScheduler CONTACT_SELECTED host=localhost, score=0.000
2012-06-06 13:28:35,603-0500 DEBUG vdl:execute2 THREAD_ASSOCIATION jobid=sleep1ms-4x9q9esk thread=0-1-40-1-1 host=localhost replicationGroup=3v9q9esk
2012-06-06 13:28:35,606-0500 INFO  vdl:createdirset START jobid=sleep1ms-4x9q9esk host=localhost - Initializing directory structure
2012-06-06 13:28:35,607-0500 INFO  vdl:createdirset END jobid=sleep1ms-4x9q9esk - Done initializing directory structure
2012-06-06 13:28:35,607-0500 INFO  vdl:dostagein START jobid=sleep1ms-4x9q9esk - Staging in files
2012-06-06 13:28:35,611-0500 INFO  LateBindingScheduler JobQueue: 63
2012-06-06 13:28:35,612-0500 DEBUG vdl:dostagein CDM: file://localhost/scott3a.sh : DEFAULT
2012-06-06 13:28:35,613-0500 INFO  vdl:dostagein END jobid=sleep1ms-4x9q9esk - Staging in finished
2012-06-06 13:28:35,614-0500 DEBUG vdl:execute2 JOB_START jobid=sleep1ms-4x9q9esk tr=sleep1ms arguments=[] tmpdir=sleep1ms-20120606-1328-2yfc3851/jobs/4/sleep1ms-4x9q9esk host=localhost
2012-06-06 13:28:35,618-0500 INFO  GridExec TASK_DEFINITION: Task(type=JOB_SUBMISSION, identity=urn:0-1-40-1-1-1339007314333) is /bin/bash shared/_swiftwrap sleep1ms-4x9q9esk -jobdir 4 -scratch  -e /home/skrieder/swift/c/sleep1ms -out 40.result -err stderr.txt -i -d  -if scott3a.sh -of 40.result -k  -cdmfile  -status files -a
2012-06-06 13:28:35,622-0500 INFO  JobSubmissionTaskHandler Submit: in: /var/tmp/sleep1ms-20120606-1328-2yfc3851 command: /bin/bash /var/tmp/sleep1ms-20120606-1328-2yfc3851/shared/_swiftwrap sleep1ms-4x9q9esk -jobdir 4 -scratch  -e /home/skrieder/swift/c/sleep1ms -out 40.result -err stderr.txt -i -d  -if scott3a.sh -of 40.result -k  -cdmfile  -status files -a
2012-06-06 13:28:35,765-0500 INFO  LateBindingScheduler JobQueue: 63
2012-06-06 13:28:35,767-0500 DEBUG vdl:checkjobstatus START jobid=sleep1ms-4x9q9esk
2012-06-06 13:28:35,775-0500 INFO  LateBindingScheduler JobQueue: 63
2012-06-06 13:28:35,776-0500 INFO  vdl:checkerrorfile FAILURE jobid=sleep1ms-4x9q9esk - Failure file found
2012-06-06 13:28:35,780-0500 INFO  LateBindingScheduler JobQueue: 63
2012-06-06 13:28:35,784-0500 INFO  LateBindingScheduler JobQueue: 63
2012-06-06 13:28:35,784-0500 INFO  LateBindingScheduler JobQueue: 63
2012-06-06 13:28:35,786-0500 DEBUG vdl:execute2 STAGING_OUT jobid=sleep1ms-4x9q9esk
2012-06-06 13:28:35,786-0500 INFO  vdl:dostageout START jobid=sleep1ms-4x9q9esk - Staging out files
2012-06-06 13:28:35,787-0500 DEBUG vdl:dostageout stageouts: [[$, c:countfile - Open]]
2012-06-06 13:28:35,790-0500 DEBUG vdl:dostageout FILE_STAGE_OUT_START srcname=40.result srcdir=sleep1ms-20120606-1328-2yfc3851/shared/ srchost=localhost destdir= desthost=localhost provider=file
2012-06-06 13:28:35,794-0500 INFO  LateBindingScheduler JobQueue: 63
2012-06-06 13:28:35,817-0500 INFO  LateBindingScheduler JobQueue: 63
2012-06-06 13:28:35,818-0500 INFO  vdl:checkerrorfile NO_STATUS_FILE jobid=sleep1ms-4x9q9esk - Error file missing
2012-06-06 13:28:35,819-0500 DEBUG vdl:execute2 APPLICATION_EXCEPTION jobid=sleep1ms-4x9q9esk - Application exception: null
Caused by: org.globus.cog.abstraction.impl.file.FileNotFoundException: File not found: /var/tmp/sleep1ms-20120606-1328-2yfc3851/shared/40.result
2012-06-06 13:28:35,827-0500 INFO  LateBindingScheduler JobQueue: 63
2012-06-06 13:28:35,832-0500 INFO  LateBindingScheduler JobQueue: 63
2012-06-06 13:28:35,838-0500 INFO  LateBindingScheduler JobQueue: 63
2012-06-06 13:28:35,843-0500 INFO  LateBindingScheduler JobQueue: 63
2012-06-06 13:28:35,850-0500 INFO  LateBindingScheduler JobQueue: 63
2012-06-06 13:28:36,359-0500 INFO  WeightedHostScoreScheduler CONTACT_SELECTED host=localhost, score=0.000
2012-06-06 13:28:36,362-0500 DEBUG vdl:execute2 THREAD_ASSOCIATION jobid=sleep1ms-6x9q9esk thread=0-1-27-1-1 host=localhost replicationGroup=0v9q9esk
2012-06-06 13:28:36,366-0500 INFO  vdl:createdirset START jobid=sleep1ms-6x9q9esk host=localhost - Initializing directory structure
2012-06-06 13:28:36,367-0500 INFO  vdl:createdirset END jobid=sleep1ms-6x9q9esk - Done initializing directory structure
2012-06-06 13:28:36,368-0500 INFO  vdl:dostagein START jobid=sleep1ms-6x9q9esk - Staging in files
2012-06-06 13:28:36,371-0500 INFO  LateBindingScheduler JobQueue: 63
2012-06-06 13:28:36,372-0500 DEBUG vdl:dostagein CDM: file://localhost/scott3a.sh : DEFAULT
2012-06-06 13:28:36,374-0500 INFO  vdl:dostagein END jobid=sleep1ms-6x9q9esk - Staging in finished
2012-06-06 13:28:36,375-0500 DEBUG vdl:execute2 JOB_START jobid=sleep1ms-6x9q9esk tr=sleep1ms arguments=[] tmpdir=sleep1ms-20120606-1328-2yfc3851/jobs/6/sleep1ms-6x9q9esk host=localhost
2012-06-06 13:28:36,379-0500 INFO  GridExec TASK_DEFINITION: Task(type=JOB_SUBMISSION, identity=urn:0-1-27-1-1-1339007314375) is /bin/bash shared/_swiftwrap sleep1ms-6x9q9esk -jobdir 6 -scratch  -e /home/skrieder/swift/c/sleep1ms -out 27.result -err stderr.txt -i -d  -if scott3a.sh -of 27.result -k  -cdmfile  -status files -a
2012-06-06 13:28:36,381-0500 INFO  JobSubmissionTaskHandler Submit: in: /var/tmp/sleep1ms-20120606-1328-2yfc3851 command: /bin/bash /var/tmp/sleep1ms-20120606-1328-2yfc3851/shared/_swiftwrap sleep1ms-6x9q9esk -jobdir 6 -scratch  -e /home/skrieder/swift/c/sleep1ms -out 27.result -err stderr.txt -i -d  -if scott3a.sh -of 27.result -k  -cdmfile  -status files -a
2012-06-06 13:28:36,525-0500 INFO  LateBindingScheduler JobQueue: 63
2012-06-06 13:28:36,527-0500 DEBUG vdl:checkjobstatus START jobid=sleep1ms-6x9q9esk
2012-06-06 13:28:36,534-0500 INFO  LateBindingScheduler JobQueue: 63
2012-06-06 13:28:36,535-0500 INFO  vdl:checkerrorfile FAILURE jobid=sleep1ms-6x9q9esk - Failure file found
2012-06-06 13:28:36,538-0500 INFO  LateBindingScheduler JobQueue: 63
2012-06-06 13:28:36,542-0500 INFO  LateBindingScheduler JobQueue: 63
2012-06-06 13:28:36,542-0500 INFO  LateBindingScheduler JobQueue: 63
2012-06-06 13:28:36,544-0500 DEBUG vdl:execute2 STAGING_OUT jobid=sleep1ms-6x9q9esk
2012-06-06 13:28:36,545-0500 INFO  vdl:dostageout START jobid=sleep1ms-6x9q9esk - Staging out files
2012-06-06 13:28:36,545-0500 DEBUG vdl:dostageout stageouts: [[$, c:countfile - Open]]
2012-06-06 13:28:36,548-0500 DEBUG vdl:dostageout FILE_STAGE_OUT_START srcname=27.result srcdir=sleep1ms-20120606-1328-2yfc3851/shared/ srchost=localhost destdir= desthost=localhost provider=file
2012-06-06 13:28:36,552-0500 INFO  LateBindingScheduler JobQueue: 63
2012-06-06 13:28:36,574-0500 INFO  LateBindingScheduler JobQueue: 63
2012-06-06 13:28:36,575-0500 INFO  vdl:checkerrorfile NO_STATUS_FILE jobid=sleep1ms-6x9q9esk - Error file missing
2012-06-06 13:28:36,576-0500 DEBUG vdl:execute2 APPLICATION_EXCEPTION jobid=sleep1ms-6x9q9esk - Application exception: null
Caused by: org.globus.cog.abstraction.impl.file.FileNotFoundException: File not found: /var/tmp/sleep1ms-20120606-1328-2yfc3851/shared/27.result
2012-06-06 13:28:36,584-0500 INFO  LateBindingScheduler JobQueue: 63
2012-06-06 13:28:36,588-0500 INFO  LateBindingScheduler JobQueue: 63
2012-06-06 13:28:36,595-0500 INFO  LateBindingScheduler JobQueue: 63
2012-06-06 13:28:36,599-0500 INFO  LateBindingScheduler JobQueue: 63
2012-06-06 13:28:36,606-0500 INFO  LateBindingScheduler JobQueue: 63
2012-06-06 13:28:39,617-0500 INFO  WeightedHostScoreScheduler CONTACT_SELECTED host=localhost, score=0.000
2012-06-06 13:28:39,620-0500 DEBUG vdl:execute2 THREAD_ASSOCIATION jobid=sleep1ms-8x9q9esk thread=0-1-26-1-1 host=localhost replicationGroup=nu9q9esk
2012-06-06 13:28:39,624-0500 INFO  vdl:createdirset START jobid=sleep1ms-8x9q9esk host=localhost - Initializing directory structure
2012-06-06 13:28:39,625-0500 INFO  vdl:createdirset END jobid=sleep1ms-8x9q9esk - Done initializing directory structure
2012-06-06 13:28:39,626-0500 INFO  vdl:dostagein START jobid=sleep1ms-8x9q9esk - Staging in files
2012-06-06 13:28:39,630-0500 INFO  LateBindingScheduler JobQueue: 63
2012-06-06 13:28:39,633-0500 DEBUG vdl:dostagein CDM: file://localhost/scott3a.sh : DEFAULT
2012-06-06 13:28:39,635-0500 INFO  vdl:dostagein END jobid=sleep1ms-8x9q9esk - Staging in finished
2012-06-06 13:28:39,636-0500 DEBUG vdl:execute2 JOB_START jobid=sleep1ms-8x9q9esk tr=sleep1ms arguments=[] tmpdir=sleep1ms-20120606-1328-2yfc3851/jobs/8/sleep1ms-8x9q9esk host=localhost
2012-06-06 13:28:39,645-0500 INFO  GridExec TASK_DEFINITION: Task(type=JOB_SUBMISSION, identity=urn:0-1-26-1-1-1339007314417) is /bin/bash shared/_swiftwrap sleep1ms-8x9q9esk -jobdir 8 -scratch  -e /home/skrieder/swift/c/sleep1ms -out 26.result -err stderr.txt -i -d  -if scott3a.sh -of 26.result -k  -cdmfile  -status files -a
2012-06-06 13:28:39,648-0500 INFO  JobSubmissionTaskHandler Submit: in: /var/tmp/sleep1ms-20120606-1328-2yfc3851 command: /bin/bash /var/tmp/sleep1ms-20120606-1328-2yfc3851/shared/_swiftwrap sleep1ms-8x9q9esk -jobdir 8 -scratch  -e /home/skrieder/swift/c/sleep1ms -out 26.result -err stderr.txt -i -d  -if scott3a.sh -of 26.result -k  -cdmfile  -status files -a
2012-06-06 13:28:39,772-0500 INFO  LateBindingScheduler JobQueue: 63
2012-06-06 13:28:39,775-0500 DEBUG vdl:checkjobstatus START jobid=sleep1ms-8x9q9esk
2012-06-06 13:28:39,785-0500 INFO  LateBindingScheduler JobQueue: 63
2012-06-06 13:28:39,787-0500 INFO  vdl:checkerrorfile FAILURE jobid=sleep1ms-8x9q9esk - Failure file found
2012-06-06 13:28:39,794-0500 INFO  LateBindingScheduler JobQueue: 63
2012-06-06 13:28:39,801-0500 INFO  LateBindingScheduler JobQueue: 63
2012-06-06 13:28:39,802-0500 INFO  LateBindingScheduler JobQueue: 63
2012-06-06 13:28:39,807-0500 DEBUG vdl:execute2 STAGING_OUT jobid=sleep1ms-8x9q9esk
2012-06-06 13:28:39,809-0500 INFO  vdl:dostageout START jobid=sleep1ms-8x9q9esk - Staging out files
2012-06-06 13:28:39,809-0500 DEBUG vdl:dostageout stageouts: [[$, c:countfile - Open]]
2012-06-06 13:28:39,812-0500 DEBUG vdl:dostageout FILE_STAGE_OUT_START srcname=26.result srcdir=sleep1ms-20120606-1328-2yfc3851/shared/ srchost=localhost destdir= desthost=localhost provider=file
2012-06-06 13:28:39,816-0500 INFO  LateBindingScheduler JobQueue: 63
2012-06-06 13:28:39,838-0500 INFO  LateBindingScheduler JobQueue: 63
2012-06-06 13:28:39,839-0500 INFO  vdl:checkerrorfile NO_STATUS_FILE jobid=sleep1ms-8x9q9esk - Error file missing
2012-06-06 13:28:39,843-0500 DEBUG vdl:execute2 APPLICATION_EXCEPTION jobid=sleep1ms-8x9q9esk - Application exception: null
Caused by: org.globus.cog.abstraction.impl.file.FileNotFoundException: File not found: /var/tmp/sleep1ms-20120606-1328-2yfc3851/shared/26.result
2012-06-06 13:28:39,852-0500 INFO  LateBindingScheduler JobQueue: 63
2012-06-06 13:28:39,858-0500 INFO  LateBindingScheduler JobQueue: 63
2012-06-06 13:28:39,864-0500 INFO  LateBindingScheduler JobQueue: 63
2012-06-06 13:28:39,869-0500 INFO  LateBindingScheduler JobQueue: 63
2012-06-06 13:28:39,876-0500 INFO  LateBindingScheduler JobQueue: 63
2012-06-06 13:28:47,390-0500 INFO  WeightedHostScoreScheduler CONTACT_SELECTED host=localhost, score=0.000
2012-06-06 13:28:47,395-0500 DEBUG vdl:execute2 THREAD_ASSOCIATION jobid=sleep1ms-ax9q9esk thread=0-1-2-1-1 host=localhost replicationGroup=hu9q9esk
2012-06-06 13:28:47,400-0500 INFO  vdl:createdirset START jobid=sleep1ms-ax9q9esk host=localhost - Initializing directory structure
2012-06-06 13:28:47,400-0500 INFO  vdl:createdirset END jobid=sleep1ms-ax9q9esk - Done initializing directory structure
2012-06-06 13:28:47,401-0500 INFO  vdl:dostagein START jobid=sleep1ms-ax9q9esk - Staging in files
2012-06-06 13:28:47,405-0500 INFO  LateBindingScheduler JobQueue: 63
2012-06-06 13:28:47,406-0500 DEBUG vdl:dostagein CDM: file://localhost/scott3a.sh : DEFAULT
2012-06-06 13:28:47,408-0500 INFO  vdl:dostagein END jobid=sleep1ms-ax9q9esk - Staging in finished
2012-06-06 13:28:47,409-0500 DEBUG vdl:execute2 JOB_START jobid=sleep1ms-ax9q9esk tr=sleep1ms arguments=[] tmpdir=sleep1ms-20120606-1328-2yfc3851/jobs/a/sleep1ms-ax9q9esk host=localhost
2012-06-06 13:28:47,414-0500 INFO  GridExec TASK_DEFINITION: Task(type=JOB_SUBMISSION, identity=urn:0-1-2-1-1-1339007314459) is /bin/bash shared/_swiftwrap sleep1ms-ax9q9esk -jobdir a -scratch  -e /home/skrieder/swift/c/sleep1ms -out 2.result -err stderr.txt -i -d  -if scott3a.sh -of 2.result -k  -cdmfile  -status files -a
2012-06-06 13:28:47,417-0500 INFO  JobSubmissionTaskHandler Submit: in: /var/tmp/sleep1ms-20120606-1328-2yfc3851 command: /bin/bash /var/tmp/sleep1ms-20120606-1328-2yfc3851/shared/_swiftwrap sleep1ms-ax9q9esk -jobdir a -scratch  -e /home/skrieder/swift/c/sleep1ms -out 2.result -err stderr.txt -i -d  -if scott3a.sh -of 2.result -k  -cdmfile  -status files -a
2012-06-06 13:28:47,561-0500 INFO  LateBindingScheduler JobQueue: 63
2012-06-06 13:28:47,563-0500 DEBUG vdl:checkjobstatus START jobid=sleep1ms-ax9q9esk
2012-06-06 13:28:47,572-0500 INFO  LateBindingScheduler JobQueue: 63
2012-06-06 13:28:47,573-0500 INFO  vdl:checkerrorfile FAILURE jobid=sleep1ms-ax9q9esk - Failure file found
2012-06-06 13:28:47,579-0500 INFO  LateBindingScheduler JobQueue: 63
2012-06-06 13:28:47,584-0500 INFO  LateBindingScheduler JobQueue: 63
2012-06-06 13:28:47,584-0500 INFO  LateBindingScheduler JobQueue: 63
2012-06-06 13:28:47,587-0500 DEBUG vdl:execute2 STAGING_OUT jobid=sleep1ms-ax9q9esk
2012-06-06 13:28:47,588-0500 INFO  vdl:dostageout START jobid=sleep1ms-ax9q9esk - Staging out files
2012-06-06 13:28:47,589-0500 DEBUG vdl:dostageout stageouts: [[$, c:countfile - Open]]
2012-06-06 13:28:47,591-0500 DEBUG vdl:dostageout FILE_STAGE_OUT_START srcname=2.result srcdir=sleep1ms-20120606-1328-2yfc3851/shared/ srchost=localhost destdir= desthost=localhost provider=file
2012-06-06 13:28:47,595-0500 INFO  LateBindingScheduler JobQueue: 63
2012-06-06 13:28:47,618-0500 INFO  LateBindingScheduler JobQueue: 63
2012-06-06 13:28:47,619-0500 INFO  vdl:checkerrorfile NO_STATUS_FILE jobid=sleep1ms-ax9q9esk - Error file missing
2012-06-06 13:28:47,620-0500 DEBUG vdl:execute2 APPLICATION_EXCEPTION jobid=sleep1ms-ax9q9esk - Application exception: null
Caused by: org.globus.cog.abstraction.impl.file.FileNotFoundException: File not found: /var/tmp/sleep1ms-20120606-1328-2yfc3851/shared/2.result
2012-06-06 13:28:47,629-0500 INFO  LateBindingScheduler JobQueue: 63
2012-06-06 13:28:47,635-0500 INFO  LateBindingScheduler JobQueue: 63
2012-06-06 13:28:47,640-0500 INFO  LateBindingScheduler JobQueue: 63
2012-06-06 13:28:47,645-0500 INFO  LateBindingScheduler JobQueue: 63
2012-06-06 13:28:47,650-0500 INFO  LateBindingScheduler JobQueue: 63
