2012-06-01 14:33:21,182-0500 DEBUG Loader arguments: [zhao-foreach.swift]
2012-06-01 14:33:21,182-0500 DEBUG Loader Max heap: 252248064
2012-06-01 14:33:21,183-0500 DEBUG textfiles BEGIN SWIFTSCRIPT:

type messagefile; 
type countfile; 

app (countfile t) countwords (messagefile f) {   
     scott3a stdout=@filename(t);
}

string inputNames = "scott3a.sh";

messagefile inputfiles[] <fixed_array_mapper;files=inputNames>;

foreach f in inputfiles {
  countfile c <"result.txt">;
  c = countwords(f);
}


2012-06-01 14:33:21,183-0500 DEBUG textfiles END SWIFTSCRIPT:
2012-06-01 14:33:21,183-0500 DEBUG Loader kmlversion is >239b8550-a5ff-44be-a124-5e7ecd70737d<
2012-06-01 14:33:21,183-0500 DEBUG Loader build version is >239b8550-a5ff-44be-a124-5e7ecd70737d<
2012-06-01 14:33:21,183-0500 DEBUG Loader Recompilation suppressed.
2012-06-01 14:33:21,329-0500 DEBUG textfiles using default sites file
2012-06-01 14:33:21,334-0500 INFO  VDL2ExecutionContext Stack dump:
Level 1
[iA = 0, iB = 0, bA = false, bB = false]
	vdl:instanceconfig = Swift configuration []
	vdl:operation = run
	swift.home = /usr/local/swift/bin/..
	PATH_SEPARATOR = /


2012-06-01 14:33:21,984-0500 INFO  unknown Using sites file: /usr/local/swift/bin/../etc/sites.xml
2012-06-01 14:33:22,018-0500 INFO  unknown Using tc.data: /usr/local/swift/bin/../etc/tc.data
2012-06-01 14:33:22,123-0500 INFO  AbstractScheduler Setting resources to: {localhost=localhost}
2012-06-01 14:33:22,932-0500 INFO  unknown Swift 0.93 swift-r5483 cog-r3339

2012-06-01 14:33:22,933-0500 INFO  unknown RUNID id=run:20120601-1433-5s62yce7
2012-06-01 14:33:22,975-0500 INFO  SetFieldValue Set: inputNames=scott3a.sh
2012-06-01 14:33:22,988-0500 INFO  RootDataNode Found data inputfiles:messagefile[] - Open.[0]
2012-06-01 14:33:22,992-0500 DEBUG vdl:mains FOREACH_IT_START line=13 thread=0-1-0
2012-06-01 14:33:22,993-0500 DEBUG vdl:mains SCOPE thread=0-1-0
2012-06-01 14:33:23,003-0500 DEBUG countwords PROCEDURE line=5 thread=0-1-0-1 name=countwords
2012-06-01 14:33:23,012-0500 INFO  vdl:execute START thread=0-1-0-1 tr=scott3a
2012-06-01 14:33:23,035-0500 INFO  WeightedHostScoreScheduler CONTACT_SELECTED host=localhost, score=1.000
2012-06-01 14:33:23,041-0500 INFO  GlobalSubmitQueue No global submit throttle set. Using default (1024)
2012-06-01 14:33:23,047-0500 INFO  LateBindingScheduler JobQueue: 0
2012-06-01 14:33:23,050-0500 INFO  LateBindingScheduler JobQueue: 0
2012-06-01 14:33:23,057-0500 INFO  vdl:initshareddir START host=localhost - Initializing shared directory
2012-06-01 14:33:23,063-0500 INFO  LateBindingScheduler JobQueue: 0
2012-06-01 14:33:23,093-0500 INFO  LateBindingScheduler JobQueue: 0
2012-06-01 14:33:23,096-0500 INFO  LateBindingScheduler JobQueue: 0
2012-06-01 14:33:23,100-0500 INFO  LateBindingScheduler JobQueue: 0
2012-06-01 14:33:23,103-0500 INFO  LateBindingScheduler JobQueue: 0
2012-06-01 14:33:23,105-0500 INFO  LateBindingScheduler JobQueue: 0
2012-06-01 14:33:23,106-0500 INFO  vdl:initshareddir END host=localhost - Done initializing shared directory
2012-06-01 14:33:23,108-0500 DEBUG vdl:execute2 THREAD_ASSOCIATION jobid=scott3a-ah5g46sk thread=0-1-0-1-1 host=localhost replicationGroup=9h5g46sk
2012-06-01 14:33:23,116-0500 INFO  vdl:createdirset START jobid=scott3a-ah5g46sk host=localhost - Initializing directory structure
2012-06-01 14:33:23,117-0500 INFO  vdl:createdirset END jobid=scott3a-ah5g46sk - Done initializing directory structure
2012-06-01 14:33:23,118-0500 INFO  vdl:dostagein START jobid=scott3a-ah5g46sk - Staging in files
2012-06-01 14:33:23,125-0500 INFO  LateBindingScheduler JobQueue: 0
2012-06-01 14:33:23,136-0500 DEBUG vdl:dostagein CDM: file://localhost/scott3a.sh : DEFAULT
2012-06-01 14:33:23,141-0500 DEBUG vdl:dostageinfile FILE_STAGE_IN_START file=scott3a.sh srchost=localhost srcdir= srcname=scott3a.sh desthost=localhost destdir=zhao-foreach-20120601-1433-5s62yce7/shared/ provider=file policy=DEFAULT
2012-06-01 14:33:23,145-0500 INFO  LateBindingScheduler JobQueue: 0
2012-06-01 14:33:23,147-0500 DEBUG vdl:dostageinfile FILE_STAGE_IN_END file=scott3a.sh srchost=localhost srcdir= srcname=scott3a.sh desthost=localhost destdir=zhao-foreach-20120601-1433-5s62yce7/shared/ provider=file
2012-06-01 14:33:23,148-0500 INFO  vdl:dostagein END jobid=scott3a-ah5g46sk - Staging in finished
2012-06-01 14:33:23,150-0500 DEBUG vdl:execute2 JOB_START jobid=scott3a-ah5g46sk tr=scott3a arguments=[] tmpdir=zhao-foreach-20120601-1433-5s62yce7/jobs/a/scott3a-ah5g46sk host=localhost
2012-06-01 14:33:23,156-0500 DEBUG textfiles BEGIN TC:
#This is the transformation catalog.
#
#It comes pre-configured with a number of simple transformations with
#paths that are likely to work on a linux box. However, on some systems,
#the paths to these executables will be different (for example, sometimes
#some of these programs are found in /usr/bin rather than in /bin)
#
#NOTE WELL: fields in this file must be separated by tabs, not spaces; and
#there must be no trailing whitespace at the end of each line.
#
# sitename  transformation  path   INSTALLED  platform  profiles
localhost 	echo 		/bin/echo	INSTALLED	INTEL32::LINUX	null
localhost 	cat 		/bin/cat	INSTALLED	INTEL32::LINUX	null
localhost 	ls 		/bin/ls		INSTALLED	INTEL32::LINUX	null
localhost 	grep 		/bin/grep	INSTALLED	INTEL32::LINUX	null
localhost 	sort 		/bin/sort	INSTALLED	INTEL32::LINUX	null
localhost 	paste 		/bin/paste	INSTALLED	INTEL32::LINUX	null
localhost 	cp 		/bin/cp         INSTALLED	INTEL32::LINUX	null
localhost 	touch 		/bin/touch      INSTALLED	INTEL32::LINUX	null
localhost	wc		/usr/bin/wc	INSTALLED	INTEL32::LINUX	null
localhost	sh		/bin/wc		INSTALLED	INTEL32::LINUX	null
localhost	scott3a		/home/skrieder/swift/multi/scott3a.sh		INSTALLED	INTEL32::LINUX	null


2012-06-01 14:33:23,156-0500 DEBUG textfiles END TC:
2012-06-01 14:33:23,170-0500 INFO  GridExec TASK_DEFINITION: Task(type=JOB_SUBMISSION, identity=urn:0-1-0-1-1-1338579202016) is /bin/bash shared/_swiftwrap scott3a-ah5g46sk -jobdir a -scratch  -e /home/skrieder/swift/multi/scott3a.sh -out result.txt -err stderr.txt -i -d  -if scott3a.sh -of result.txt -k  -cdmfile  -status files -a
2012-06-01 14:33:23,178-0500 INFO  JobSubmissionTaskHandler Submit: in: /var/tmp/zhao-foreach-20120601-1433-5s62yce7 command: /bin/bash /var/tmp/zhao-foreach-20120601-1433-5s62yce7/shared/_swiftwrap scott3a-ah5g46sk -jobdir a -scratch  -e /home/skrieder/swift/multi/scott3a.sh -out result.txt -err stderr.txt -i -d  -if scott3a.sh -of result.txt -k  -cdmfile  -status files -a
2012-06-01 14:33:23,329-0500 INFO  LateBindingScheduler JobQueue: 0
2012-06-01 14:33:23,336-0500 DEBUG vdl:checkjobstatus START jobid=scott3a-ah5g46sk
2012-06-01 14:33:23,339-0500 INFO  LateBindingScheduler JobQueue: 0
2012-06-01 14:33:23,341-0500 INFO  vdl:checkjobstatus SUCCESS jobid=scott3a-ah5g46sk - Success file found
2012-06-01 14:33:23,344-0500 DEBUG vdl:execute2 STAGING_OUT jobid=scott3a-ah5g46sk
2012-06-01 14:33:23,347-0500 INFO  vdl:dostageout START jobid=scott3a-ah5g46sk - Staging out files
2012-06-01 14:33:23,349-0500 DEBUG vdl:dostageout stageouts: [[$, c:countfile - Open]]
2012-06-01 14:33:23,367-0500 DEBUG vdl:dostageout FILE_STAGE_OUT_START srcname=result.txt srcdir=zhao-foreach-20120601-1433-5s62yce7/shared/ srchost=localhost destdir= desthost=localhost provider=file
2012-06-01 14:33:23,370-0500 INFO  LateBindingScheduler JobQueue: 0
2012-06-01 14:33:23,381-0500 INFO  LateBindingScheduler JobQueue: 0
2012-06-01 14:33:23,382-0500 DEBUG vdl:dostageout FILE_STAGE_OUT_END srcname=result.txt srcdir=zhao-foreach-20120601-1433-5s62yce7/shared/ srchost=localhost destdir= desthost=localhost provider=file
2012-06-01 14:33:23,386-0500 INFO  LateBindingScheduler JobQueue: 0
2012-06-01 14:33:23,394-0500 INFO  vdl:dostageout END jobid=scott3a-ah5g46sk - Staging out finished
2012-06-01 14:33:23,404-0500 DEBUG vdl:execute2 JOB_END jobid=scott3a-ah5g46sk
2012-06-01 14:33:23,407-0500 INFO  vdl:execute END_SUCCESS thread=0-1-0-1 tr=scott3a
2012-06-01 14:33:23,409-0500 DEBUG countwords PROCEDURE_END line=5
2012-06-01 14:33:23,412-0500 DEBUG vdl:mains FOREACH_IT_END line=13 thread=0-1-0
2012-06-01 14:33:23,433-0500 DEBUG vdl:mains Starting cleanups
2012-06-01 14:33:23,434-0500 INFO  vdl:cleanups START cleanups=[[zhao-foreach-20120601-1433-5s62yce7, localhost]]
2012-06-01 14:33:23,435-0500 INFO  vdl:cleanup START dir=zhao-foreach-20120601-1433-5s62yce7 host=localhost
2012-06-01 14:33:23,435-0500 DEBUG vdl:cleanup cdmfile 
2012-06-01 14:33:23,438-0500 INFO  GridExec TASK_DEFINITION: Task(type=JOB_SUBMISSION, identity=urn:0-1-1338579202027) is /bin/rm -rf zhao-foreach-20120601-1433-5s62yce7
2012-06-01 14:33:23,439-0500 INFO  JobSubmissionTaskHandler Submit: in: /var/tmp command: /bin/rm -rf zhao-foreach-20120601-1433-5s62yce7
2012-06-01 14:33:23,439-0500 INFO  LateBindingScheduler JobQueue: 0
2012-06-01 14:33:23,440-0500 INFO  vdl:cleanup END dir=zhao-foreach-20120601-1433-5s62yce7 host=localhost
2012-06-01 14:33:23,441-0500 INFO  vdl:cleanups END cleanups=[[zhao-foreach-20120601-1433-5s62yce7, localhost]]
2012-06-01 14:33:23,441-0500 DEBUG vdl:mains Ending cleanups
2012-06-01 14:33:23,442-0500 INFO  Loader Swift finished with no errors
