2012-06-01 14:48:03,904-0500 DEBUG Loader arguments: [-tc.file, tc.data, zhao-foreach.swift]
2012-06-01 14:48:03,904-0500 DEBUG Loader Max heap: 252248064
2012-06-01 14:48:03,905-0500 DEBUG textfiles BEGIN SWIFTSCRIPT:

type messagefile; 
type countfile; 

app (countfile t) countwords (messagefile f) {   
     cka stdout=@filename(t);
}

string inputNames = "scott3a.sh";

messagefile inputfiles[] <fixed_array_mapper;files=inputNames>;

foreach f in inputfiles {
  countfile c <"result.txt">;
  c = countwords(f);
}


2012-06-01 14:48:03,905-0500 DEBUG textfiles END SWIFTSCRIPT:
2012-06-01 14:48:03,905-0500 DEBUG Loader kmlversion is >239b8550-a5ff-44be-a124-5e7ecd70737d<
2012-06-01 14:48:03,905-0500 DEBUG Loader build version is >239b8550-a5ff-44be-a124-5e7ecd70737d<
2012-06-01 14:48:03,905-0500 DEBUG Loader Recompilation suppressed.
2012-06-01 14:48:04,053-0500 DEBUG Loader setting: tc.file to: tc.data
2012-06-01 14:48:04,053-0500 DEBUG textfiles using default sites file
2012-06-01 14:48:04,057-0500 INFO  VDL2ExecutionContext Stack dump:
Level 1
[iA = 0, iB = 0, bA = false, bB = false]
	vdl:instanceconfig = Swift configuration []
	vdl:operation = run
	swift.home = /usr/local/swift/bin/..
	PATH_SEPARATOR = /


2012-06-01 14:48:04,712-0500 INFO  unknown Using sites file: /usr/local/swift/bin/../etc/sites.xml
2012-06-01 14:48:04,749-0500 INFO  unknown Using tc.data: tc.data
2012-06-01 14:48:04,850-0500 INFO  AbstractScheduler Setting resources to: {localhost=localhost}
2012-06-01 14:48:05,594-0500 INFO  unknown Swift 0.93 swift-r5483 cog-r3339

2012-06-01 14:48:05,595-0500 INFO  unknown RUNID id=run:20120601-1448-eebzfsf1
2012-06-01 14:48:05,644-0500 INFO  SetFieldValue Set: inputNames=scott3a.sh
2012-06-01 14:48:05,664-0500 INFO  RootDataNode Found data inputfiles:messagefile[] - Open.[0]
2012-06-01 14:48:05,666-0500 DEBUG vdl:mains FOREACH_IT_START line=13 thread=0-1-0
2012-06-01 14:48:05,666-0500 DEBUG vdl:mains SCOPE thread=0-1-0
2012-06-01 14:48:05,668-0500 INFO  RootDataNode Found mapped data c:countfile - Open.$
2012-06-01 14:48:05,672-0500 DEBUG countwords PROCEDURE line=5 thread=0-1-0-1 name=countwords
2012-06-01 14:48:05,676-0500 INFO  vdl:execute START thread=0-1-0-1 tr=cka
2012-06-01 14:48:05,690-0500 INFO  WeightedHostScoreScheduler CONTACT_SELECTED host=localhost, score=1.000
2012-06-01 14:48:05,696-0500 INFO  GlobalSubmitQueue No global submit throttle set. Using default (1024)
2012-06-01 14:48:05,701-0500 INFO  LateBindingScheduler JobQueue: 0
2012-06-01 14:48:05,705-0500 INFO  LateBindingScheduler JobQueue: 0
2012-06-01 14:48:05,708-0500 INFO  vdl:initshareddir START host=localhost - Initializing shared directory
2012-06-01 14:48:05,713-0500 INFO  LateBindingScheduler JobQueue: 0
2012-06-01 14:48:05,742-0500 INFO  LateBindingScheduler JobQueue: 0
2012-06-01 14:48:05,747-0500 INFO  LateBindingScheduler JobQueue: 0
2012-06-01 14:48:05,751-0500 INFO  LateBindingScheduler JobQueue: 0
2012-06-01 14:48:05,759-0500 INFO  LateBindingScheduler JobQueue: 0
2012-06-01 14:48:05,767-0500 INFO  LateBindingScheduler JobQueue: 0
2012-06-01 14:48:05,771-0500 INFO  vdl:initshareddir END host=localhost - Done initializing shared directory
2012-06-01 14:48:05,778-0500 DEBUG vdl:execute2 THREAD_ASSOCIATION jobid=cka-63q156sk thread=0-1-0-1-1 host=localhost replicationGroup=53q156sk
2012-06-01 14:48:05,802-0500 INFO  vdl:createdirset START jobid=cka-63q156sk host=localhost - Initializing directory structure
2012-06-01 14:48:05,804-0500 INFO  vdl:createdirset END jobid=cka-63q156sk - Done initializing directory structure
2012-06-01 14:48:05,808-0500 INFO  vdl:dostagein START jobid=cka-63q156sk - Staging in files
2012-06-01 14:48:05,833-0500 INFO  LateBindingScheduler JobQueue: 0
2012-06-01 14:48:05,845-0500 DEBUG vdl:dostagein CDM: file://localhost/scott3a.sh : DEFAULT
2012-06-01 14:48:05,862-0500 DEBUG vdl:dostageinfile FILE_STAGE_IN_START file=scott3a.sh srchost=localhost srcdir= srcname=scott3a.sh desthost=localhost destdir=zhao-foreach-20120601-1448-eebzfsf1/shared/ provider=file policy=DEFAULT
2012-06-01 14:48:05,870-0500 INFO  LateBindingScheduler JobQueue: 0
2012-06-01 14:48:05,873-0500 DEBUG vdl:dostageinfile FILE_STAGE_IN_END file=scott3a.sh srchost=localhost srcdir= srcname=scott3a.sh desthost=localhost destdir=zhao-foreach-20120601-1448-eebzfsf1/shared/ provider=file
2012-06-01 14:48:05,875-0500 INFO  vdl:dostagein END jobid=cka-63q156sk - Staging in finished
2012-06-01 14:48:05,880-0500 DEBUG vdl:execute2 JOB_START jobid=cka-63q156sk tr=cka arguments=[] tmpdir=zhao-foreach-20120601-1448-eebzfsf1/jobs/6/cka-63q156sk host=localhost
2012-06-01 14:48:05,890-0500 DEBUG textfiles BEGIN TC:
#This is the transformation catalog.
#
#It comes pre-configured with a number of simple transformations with
#paths that are likely to work on a linux box. However, on some systems,
#the paths to these executables will be different (for example, sometimes
#some of these programs are found in /usr/bin rather than in /bin)
#
#NOTE WELL: fields in this file must be separated by tabs, not spaces; and
#there must be no trailing whitespace at the end of each line.
#
# sitename  transformation  path   INSTALLED  platform  profiles
localhost 	echo 		/bin/echo	INSTALLED	INTEL32::LINUX	null
localhost 	cat 		/bin/cat	INSTALLED	INTEL32::LINUX	null
localhost 	ls 		/bin/ls		INSTALLED	INTEL32::LINUX	null
localhost 	grep 		/bin/grep	INSTALLED	INTEL32::LINUX	null
localhost 	sort 		/bin/sort	INSTALLED	INTEL32::LINUX	null
localhost 	paste 		/bin/paste	INSTALLED	INTEL32::LINUX	null
localhost 	cp 		/bin/cp         INSTALLED	INTEL32::LINUX	null
localhost 	touch 		/bin/touch      INSTALLED	INTEL32::LINUX	null
localhost	wc		/usr/bin/wc	INSTALLED	INTEL32::LINUX	null
localhost	sh		/bin/wc		INSTALLED	INTEL32::LINUX	null
localhost	scott3a		/home/skrieder/swift/multi/scott3a.sh		INSTALLED	INTEL32::LINUX	null
localhost	scott3b		/home/skrieder/swift/multi/scott3b.sh		INSTALLED	INTEL32::LINUX	null
localhost	cka		/home/skrieder/swift/cuda/1sm1ms		INSTALLED	INTEL32::LINUX	null


2012-06-01 14:48:05,890-0500 DEBUG textfiles END TC:
2012-06-01 14:48:05,899-0500 INFO  GridExec TASK_DEFINITION: Task(type=JOB_SUBMISSION, identity=urn:0-1-0-1-1-1338580084744) is /bin/bash shared/_swiftwrap cka-63q156sk -jobdir 6 -scratch  -e /home/skrieder/swift/cuda/1sm1ms -out result.txt -err stderr.txt -i -d  -if scott3a.sh -of result.txt -k  -cdmfile  -status files -a
2012-06-01 14:48:05,914-0500 INFO  JobSubmissionTaskHandler Submit: in: /var/tmp/zhao-foreach-20120601-1448-eebzfsf1 command: /bin/bash /var/tmp/zhao-foreach-20120601-1448-eebzfsf1/shared/_swiftwrap cka-63q156sk -jobdir 6 -scratch  -e /home/skrieder/swift/cuda/1sm1ms -out result.txt -err stderr.txt -i -d  -if scott3a.sh -of result.txt -k  -cdmfile  -status files -a
2012-06-01 14:48:06,163-0500 INFO  LateBindingScheduler JobQueue: 0
2012-06-01 14:48:06,168-0500 DEBUG vdl:checkjobstatus START jobid=cka-63q156sk
2012-06-01 14:48:06,172-0500 INFO  LateBindingScheduler JobQueue: 0
2012-06-01 14:48:06,174-0500 INFO  vdl:checkjobstatus SUCCESS jobid=cka-63q156sk - Success file found
2012-06-01 14:48:06,176-0500 DEBUG vdl:execute2 STAGING_OUT jobid=cka-63q156sk
2012-06-01 14:48:06,180-0500 INFO  vdl:dostageout START jobid=cka-63q156sk - Staging out files
2012-06-01 14:48:06,181-0500 DEBUG vdl:dostageout stageouts: [[$, c:countfile - Open]]
2012-06-01 14:48:06,200-0500 DEBUG vdl:dostageout FILE_STAGE_OUT_START srcname=result.txt srcdir=zhao-foreach-20120601-1448-eebzfsf1/shared/ srchost=localhost destdir= desthost=localhost provider=file
2012-06-01 14:48:06,202-0500 INFO  LateBindingScheduler JobQueue: 0
2012-06-01 14:48:06,213-0500 INFO  LateBindingScheduler JobQueue: 0
2012-06-01 14:48:06,215-0500 DEBUG vdl:dostageout FILE_STAGE_OUT_END srcname=result.txt srcdir=zhao-foreach-20120601-1448-eebzfsf1/shared/ srchost=localhost destdir= desthost=localhost provider=file
2012-06-01 14:48:06,219-0500 INFO  LateBindingScheduler JobQueue: 0
2012-06-01 14:48:06,227-0500 INFO  vdl:dostageout END jobid=cka-63q156sk - Staging out finished
2012-06-01 14:48:06,237-0500 DEBUG vdl:execute2 JOB_END jobid=cka-63q156sk
2012-06-01 14:48:06,240-0500 INFO  vdl:execute END_SUCCESS thread=0-1-0-1 tr=cka
2012-06-01 14:48:06,243-0500 DEBUG countwords PROCEDURE_END line=5
2012-06-01 14:48:06,246-0500 DEBUG vdl:mains FOREACH_IT_END line=13 thread=0-1-0
2012-06-01 14:48:06,271-0500 DEBUG vdl:mains Starting cleanups
2012-06-01 14:48:06,272-0500 INFO  vdl:cleanups START cleanups=[[zhao-foreach-20120601-1448-eebzfsf1, localhost]]
2012-06-01 14:48:06,274-0500 INFO  vdl:cleanup START dir=zhao-foreach-20120601-1448-eebzfsf1 host=localhost
2012-06-01 14:48:06,274-0500 DEBUG vdl:cleanup cdmfile 
2012-06-01 14:48:06,276-0500 INFO  GridExec TASK_DEFINITION: Task(type=JOB_SUBMISSION, identity=urn:0-1-1338580084755) is /bin/rm -rf zhao-foreach-20120601-1448-eebzfsf1
2012-06-01 14:48:06,277-0500 INFO  JobSubmissionTaskHandler Submit: in: /var/tmp command: /bin/rm -rf zhao-foreach-20120601-1448-eebzfsf1
2012-06-01 14:48:06,278-0500 INFO  LateBindingScheduler JobQueue: 0
2012-06-01 14:48:06,279-0500 INFO  vdl:cleanup END dir=zhao-foreach-20120601-1448-eebzfsf1 host=localhost
2012-06-01 14:48:06,280-0500 INFO  vdl:cleanups END cleanups=[[zhao-foreach-20120601-1448-eebzfsf1, localhost]]
2012-06-01 14:48:06,280-0500 DEBUG vdl:mains Ending cleanups
2012-06-01 14:48:06,281-0500 INFO  Loader Swift finished with no errors
