2012-06-01 14:24:41,233-0500 DEBUG Loader arguments: [zhao-foreach.swift]
2012-06-01 14:24:41,233-0500 DEBUG Loader Max heap: 252248064
2012-06-01 14:24:41,234-0500 DEBUG textfiles BEGIN SWIFTSCRIPT:

type messagefile; 
type countfile; 

app (countfile t) countwords (messagefile f) {   
     scott3a stdout=@filename(t);
}

string inputNames = "scott3a.sh";

messagefile inputfiles[] <fixed_array_mapper;files=inputNames>;

foreach f in inputfiles {
  countfile c;
  c = countwords(f);
}


2012-06-01 14:24:41,234-0500 DEBUG textfiles END SWIFTSCRIPT:
2012-06-01 14:24:41,234-0500 INFO  Loader zhao-foreach.swift: source file is new. Recompiling.
2012-06-01 14:24:41,798-0500 INFO  Karajan Validation of XML intermediate file was successful
2012-06-01 14:24:41,982-0500 DEBUG textfiles using default sites file
2012-06-01 14:24:41,986-0500 INFO  VDL2ExecutionContext Stack dump:
Level 1
[iA = 0, iB = 0, bA = false, bB = false]
	vdl:instanceconfig = Swift configuration []
	vdl:operation = run
	swift.home = /usr/local/swift/bin/..
	PATH_SEPARATOR = /


2012-06-01 14:24:42,616-0500 INFO  unknown Using sites file: /usr/local/swift/bin/../etc/sites.xml
2012-06-01 14:24:42,655-0500 INFO  unknown Using tc.data: /usr/local/swift/bin/../etc/tc.data
2012-06-01 14:24:42,761-0500 INFO  AbstractScheduler Setting resources to: {localhost=localhost}
2012-06-01 14:24:43,380-0500 INFO  unknown Swift 0.93 swift-r5483 cog-r3339

2012-06-01 14:24:43,381-0500 INFO  unknown RUNID id=run:20120601-1424-rr8ncqj3
2012-06-01 14:24:43,432-0500 INFO  SetFieldValue Set: inputNames=scott3a.sh
2012-06-01 14:24:43,441-0500 INFO  RootDataNode Found data inputfiles:messagefile[] - Open.[0]
2012-06-01 14:24:43,445-0500 DEBUG vdl:mains FOREACH_IT_START line=13 thread=0-1-0
2012-06-01 14:24:43,446-0500 DEBUG vdl:mains SCOPE thread=0-1-0
2012-06-01 14:24:43,454-0500 DEBUG countwords PROCEDURE line=5 thread=0-1-0-1 name=countwords
2012-06-01 14:24:43,461-0500 INFO  vdl:execute START thread=0-1-0-1 tr=scott3a
2012-06-01 14:24:43,479-0500 INFO  WeightedHostScoreScheduler CONTACT_SELECTED host=localhost, score=1.000
2012-06-01 14:24:43,487-0500 INFO  GlobalSubmitQueue No global submit throttle set. Using default (1024)
2012-06-01 14:24:43,492-0500 INFO  LateBindingScheduler JobQueue: 0
2012-06-01 14:24:43,496-0500 INFO  LateBindingScheduler JobQueue: 0
2012-06-01 14:24:43,499-0500 INFO  vdl:initshareddir START host=localhost - Initializing shared directory
2012-06-01 14:24:43,503-0500 INFO  LateBindingScheduler JobQueue: 0
2012-06-01 14:24:43,531-0500 INFO  LateBindingScheduler JobQueue: 0
2012-06-01 14:24:43,535-0500 INFO  LateBindingScheduler JobQueue: 0
2012-06-01 14:24:43,539-0500 INFO  LateBindingScheduler JobQueue: 0
2012-06-01 14:24:43,547-0500 INFO  LateBindingScheduler JobQueue: 0
2012-06-01 14:24:43,554-0500 INFO  LateBindingScheduler JobQueue: 0
2012-06-01 14:24:43,558-0500 INFO  vdl:initshareddir END host=localhost - Done initializing shared directory
2012-06-01 14:24:43,564-0500 DEBUG vdl:execute2 THREAD_ASSOCIATION jobid=scott3a-ji1446sk thread=0-1-0-1-1 host=localhost replicationGroup=ii1446sk
2012-06-01 14:24:43,587-0500 INFO  vdl:createdirset START jobid=scott3a-ji1446sk host=localhost - Initializing directory structure
2012-06-01 14:24:43,594-0500 INFO  vdl:createdirs START path=_concurrent dir=zhao-foreach-20120601-1424-rr8ncqj3/shared - Creating directory structure
2012-06-01 14:24:43,597-0500 INFO  LateBindingScheduler JobQueue: 0
2012-06-01 14:24:43,599-0500 INFO  vdl:createdirset END jobid=scott3a-ji1446sk - Done initializing directory structure
2012-06-01 14:24:43,602-0500 INFO  vdl:dostagein START jobid=scott3a-ji1446sk - Staging in files
2012-06-01 14:24:43,628-0500 INFO  LateBindingScheduler JobQueue: 0
2012-06-01 14:24:43,641-0500 DEBUG vdl:dostagein CDM: file://localhost/scott3a.sh : DEFAULT
2012-06-01 14:24:43,656-0500 DEBUG vdl:dostageinfile FILE_STAGE_IN_START file=scott3a.sh srchost=localhost srcdir= srcname=scott3a.sh desthost=localhost destdir=zhao-foreach-20120601-1424-rr8ncqj3/shared/ provider=file policy=DEFAULT
2012-06-01 14:24:43,665-0500 INFO  LateBindingScheduler JobQueue: 0
2012-06-01 14:24:43,667-0500 DEBUG vdl:dostageinfile FILE_STAGE_IN_END file=scott3a.sh srchost=localhost srcdir= srcname=scott3a.sh desthost=localhost destdir=zhao-foreach-20120601-1424-rr8ncqj3/shared/ provider=file
2012-06-01 14:24:43,669-0500 INFO  vdl:dostagein END jobid=scott3a-ji1446sk - Staging in finished
2012-06-01 14:24:43,674-0500 DEBUG vdl:execute2 JOB_START jobid=scott3a-ji1446sk tr=scott3a arguments=[] tmpdir=zhao-foreach-20120601-1424-rr8ncqj3/jobs/j/scott3a-ji1446sk host=localhost
2012-06-01 14:24:43,688-0500 DEBUG textfiles BEGIN TC:
#This is the transformation catalog.
#
#It comes pre-configured with a number of simple transformations with
#paths that are likely to work on a linux box. However, on some systems,
#the paths to these executables will be different (for example, sometimes
#some of these programs are found in /usr/bin rather than in /bin)
#
#NOTE WELL: fields in this file must be separated by tabs, not spaces; and
#there must be no trailing whitespace at the end of each line.
#
# sitename  transformation  path   INSTALLED  platform  profiles
localhost 	echo 		/bin/echo	INSTALLED	INTEL32::LINUX	null
localhost 	cat 		/bin/cat	INSTALLED	INTEL32::LINUX	null
localhost 	ls 		/bin/ls		INSTALLED	INTEL32::LINUX	null
localhost 	grep 		/bin/grep	INSTALLED	INTEL32::LINUX	null
localhost 	sort 		/bin/sort	INSTALLED	INTEL32::LINUX	null
localhost 	paste 		/bin/paste	INSTALLED	INTEL32::LINUX	null
localhost 	cp 		/bin/cp         INSTALLED	INTEL32::LINUX	null
localhost 	touch 		/bin/touch      INSTALLED	INTEL32::LINUX	null
localhost	wc		/usr/bin/wc	INSTALLED	INTEL32::LINUX	null
localhost	sh		/bin/wc		INSTALLED	INTEL32::LINUX	null
localhost	scott3a		/home/skrieder/swift/multi/scott3a.sh		INSTALLED	INTEL32::LINUX	null


2012-06-01 14:24:43,688-0500 DEBUG textfiles END TC:
2012-06-01 14:24:43,722-0500 INFO  GridExec TASK_DEFINITION: Task(type=JOB_SUBMISSION, identity=urn:0-1-0-1-1-1338578682649) is /bin/bash shared/_swiftwrap scott3a-ji1446sk -jobdir j -scratch  -e /home/skrieder/swift/multi/scott3a.sh -out _concurrent/c-36cc6fcd-8333-4052-9174-b998305e4948-1-0 -err stderr.txt -i -d _concurrent -if scott3a.sh -of _concurrent/c-36cc6fcd-8333-4052-9174-b998305e4948-1-0 -k  -cdmfile  -status files -a
2012-06-01 14:24:43,739-0500 INFO  JobSubmissionTaskHandler Submit: in: /var/tmp/zhao-foreach-20120601-1424-rr8ncqj3 command: /bin/bash /var/tmp/zhao-foreach-20120601-1424-rr8ncqj3/shared/_swiftwrap scott3a-ji1446sk -jobdir j -scratch  -e /home/skrieder/swift/multi/scott3a.sh -out _concurrent/c-36cc6fcd-8333-4052-9174-b998305e4948-1-0 -err stderr.txt -i -d _concurrent -if scott3a.sh -of _concurrent/c-36cc6fcd-8333-4052-9174-b998305e4948-1-0 -k  -cdmfile  -status files -a
2012-06-01 14:24:43,870-0500 INFO  LateBindingScheduler JobQueue: 0
2012-06-01 14:24:43,876-0500 DEBUG vdl:checkjobstatus START jobid=scott3a-ji1446sk
2012-06-01 14:24:43,888-0500 INFO  LateBindingScheduler JobQueue: 0
2012-06-01 14:24:43,890-0500 INFO  vdl:checkerrorfile FAILURE jobid=scott3a-ji1446sk - Failure file found
2012-06-01 14:24:43,894-0500 INFO  LateBindingScheduler JobQueue: 0
2012-06-01 14:24:43,898-0500 INFO  LateBindingScheduler JobQueue: 0
2012-06-01 14:24:43,900-0500 INFO  LateBindingScheduler JobQueue: 0
2012-06-01 14:24:43,904-0500 DEBUG vdl:execute2 STAGING_OUT jobid=scott3a-ji1446sk
2012-06-01 14:24:43,908-0500 INFO  vdl:dostageout START jobid=scott3a-ji1446sk - Staging out files
2012-06-01 14:24:43,909-0500 DEBUG vdl:dostageout stageouts: [[$, c:countfile - Open]]
2012-06-01 14:24:43,927-0500 DEBUG vdl:dostageout FILE_STAGE_OUT_START srcname=c-36cc6fcd-8333-4052-9174-b998305e4948-1-0 srcdir=zhao-foreach-20120601-1424-rr8ncqj3/shared/_concurrent srchost=localhost destdir=_concurrent desthost=localhost provider=file
2012-06-01 14:24:43,930-0500 INFO  LateBindingScheduler JobQueue: 0
2012-06-01 14:24:43,960-0500 INFO  LateBindingScheduler JobQueue: 0
2012-06-01 14:24:43,962-0500 INFO  vdl:checkerrorfile NO_STATUS_FILE jobid=scott3a-ji1446sk - Error file missing
2012-06-01 14:24:43,966-0500 DEBUG vdl:execute2 APPLICATION_EXCEPTION jobid=scott3a-ji1446sk - Application exception: null
Caused by: org.globus.cog.abstraction.impl.file.FileNotFoundException: File not found: /var/tmp/zhao-foreach-20120601-1424-rr8ncqj3/shared/_concurrent/c-36cc6fcd-8333-4052-9174-b998305e4948-1-0
2012-06-01 14:24:44,007-0500 INFO  LateBindingScheduler JobQueue: 0
2012-06-01 14:24:45,028-0500 INFO  WeightedHostScoreScheduler CONTACT_SELECTED host=localhost, score=0.000
2012-06-01 14:24:45,034-0500 DEBUG vdl:execute2 THREAD_ASSOCIATION jobid=scott3a-li1446sk thread=0-1-0-1-1 host=localhost replicationGroup=ki1446sk
2012-06-01 14:24:45,044-0500 INFO  vdl:createdirset START jobid=scott3a-li1446sk host=localhost - Initializing directory structure
2012-06-01 14:24:45,048-0500 INFO  vdl:createdirset END jobid=scott3a-li1446sk - Done initializing directory structure
2012-06-01 14:24:45,051-0500 INFO  vdl:dostagein START jobid=scott3a-li1446sk - Staging in files
2012-06-01 14:24:45,068-0500 INFO  LateBindingScheduler JobQueue: 0
2012-06-01 14:24:45,072-0500 DEBUG vdl:dostagein CDM: file://localhost/scott3a.sh : DEFAULT
2012-06-01 14:24:45,078-0500 INFO  vdl:dostagein END jobid=scott3a-li1446sk - Staging in finished
2012-06-01 14:24:45,081-0500 DEBUG vdl:execute2 JOB_START jobid=scott3a-li1446sk tr=scott3a arguments=[] tmpdir=zhao-foreach-20120601-1424-rr8ncqj3/jobs/l/scott3a-li1446sk host=localhost
2012-06-01 14:24:45,100-0500 INFO  GridExec TASK_DEFINITION: Task(type=JOB_SUBMISSION, identity=urn:0-1-0-1-1-1338578682691) is /bin/bash shared/_swiftwrap scott3a-li1446sk -jobdir l -scratch  -e /home/skrieder/swift/multi/scott3a.sh -out _concurrent/c-36cc6fcd-8333-4052-9174-b998305e4948-1-0 -err stderr.txt -i -d _concurrent -if scott3a.sh -of _concurrent/c-36cc6fcd-8333-4052-9174-b998305e4948-1-0 -k  -cdmfile  -status files -a
2012-06-01 14:24:45,101-0500 INFO  JobSubmissionTaskHandler Submit: in: /var/tmp/zhao-foreach-20120601-1424-rr8ncqj3 command: /bin/bash /var/tmp/zhao-foreach-20120601-1424-rr8ncqj3/shared/_swiftwrap scott3a-li1446sk -jobdir l -scratch  -e /home/skrieder/swift/multi/scott3a.sh -out _concurrent/c-36cc6fcd-8333-4052-9174-b998305e4948-1-0 -err stderr.txt -i -d _concurrent -if scott3a.sh -of _concurrent/c-36cc6fcd-8333-4052-9174-b998305e4948-1-0 -k  -cdmfile  -status files -a
2012-06-01 14:24:45,225-0500 INFO  LateBindingScheduler JobQueue: 0
2012-06-01 14:24:45,229-0500 DEBUG vdl:checkjobstatus START jobid=scott3a-li1446sk
2012-06-01 14:24:45,237-0500 INFO  LateBindingScheduler JobQueue: 0
2012-06-01 14:24:45,238-0500 INFO  vdl:checkerrorfile FAILURE jobid=scott3a-li1446sk - Failure file found
2012-06-01 14:24:45,242-0500 INFO  LateBindingScheduler JobQueue: 0
2012-06-01 14:24:45,247-0500 INFO  LateBindingScheduler JobQueue: 0
2012-06-01 14:24:45,248-0500 INFO  LateBindingScheduler JobQueue: 0
2012-06-01 14:24:45,251-0500 DEBUG vdl:execute2 STAGING_OUT jobid=scott3a-li1446sk
2012-06-01 14:24:45,254-0500 INFO  vdl:dostageout START jobid=scott3a-li1446sk - Staging out files
2012-06-01 14:24:45,254-0500 DEBUG vdl:dostageout stageouts: [[$, c:countfile - Open]]
2012-06-01 14:24:45,265-0500 DEBUG vdl:dostageout FILE_STAGE_OUT_START srcname=c-36cc6fcd-8333-4052-9174-b998305e4948-1-0 srcdir=zhao-foreach-20120601-1424-rr8ncqj3/shared/_concurrent srchost=localhost destdir=_concurrent desthost=localhost provider=file
2012-06-01 14:24:45,268-0500 INFO  LateBindingScheduler JobQueue: 0
2012-06-01 14:24:45,295-0500 INFO  LateBindingScheduler JobQueue: 0
2012-06-01 14:24:45,296-0500 INFO  vdl:checkerrorfile NO_STATUS_FILE jobid=scott3a-li1446sk - Error file missing
2012-06-01 14:24:45,298-0500 DEBUG vdl:execute2 APPLICATION_EXCEPTION jobid=scott3a-li1446sk - Application exception: null
Caused by: org.globus.cog.abstraction.impl.file.FileNotFoundException: File not found: /var/tmp/zhao-foreach-20120601-1424-rr8ncqj3/shared/_concurrent/c-36cc6fcd-8333-4052-9174-b998305e4948-1-0
2012-06-01 14:24:45,335-0500 INFO  LateBindingScheduler JobQueue: 0
2012-06-01 14:24:50,854-0500 INFO  WeightedHostScoreScheduler CONTACT_SELECTED host=localhost, score=0.000
2012-06-01 14:24:50,861-0500 DEBUG vdl:execute2 THREAD_ASSOCIATION jobid=scott3a-ni1446sk thread=0-1-0-1-1 host=localhost replicationGroup=mi1446sk
2012-06-01 14:24:50,872-0500 INFO  vdl:createdirset START jobid=scott3a-ni1446sk host=localhost - Initializing directory structure
2012-06-01 14:24:50,874-0500 INFO  vdl:createdirset END jobid=scott3a-ni1446sk - Done initializing directory structure
2012-06-01 14:24:50,875-0500 INFO  vdl:dostagein START jobid=scott3a-ni1446sk - Staging in files
2012-06-01 14:24:50,883-0500 INFO  LateBindingScheduler JobQueue: 0
2012-06-01 14:24:50,884-0500 DEBUG vdl:dostagein CDM: file://localhost/scott3a.sh : DEFAULT
2012-06-01 14:24:50,888-0500 INFO  vdl:dostagein END jobid=scott3a-ni1446sk - Staging in finished
2012-06-01 14:24:50,890-0500 DEBUG vdl:execute2 JOB_START jobid=scott3a-ni1446sk tr=scott3a arguments=[] tmpdir=zhao-foreach-20120601-1424-rr8ncqj3/jobs/n/scott3a-ni1446sk host=localhost
2012-06-01 14:24:50,900-0500 INFO  GridExec TASK_DEFINITION: Task(type=JOB_SUBMISSION, identity=urn:0-1-0-1-1-1338578682733) is /bin/bash shared/_swiftwrap scott3a-ni1446sk -jobdir n -scratch  -e /home/skrieder/swift/multi/scott3a.sh -out _concurrent/c-36cc6fcd-8333-4052-9174-b998305e4948-1-0 -err stderr.txt -i -d _concurrent -if scott3a.sh -of _concurrent/c-36cc6fcd-8333-4052-9174-b998305e4948-1-0 -k  -cdmfile  -status files -a
2012-06-01 14:24:50,902-0500 INFO  JobSubmissionTaskHandler Submit: in: /var/tmp/zhao-foreach-20120601-1424-rr8ncqj3 command: /bin/bash /var/tmp/zhao-foreach-20120601-1424-rr8ncqj3/shared/_swiftwrap scott3a-ni1446sk -jobdir n -scratch  -e /home/skrieder/swift/multi/scott3a.sh -out _concurrent/c-36cc6fcd-8333-4052-9174-b998305e4948-1-0 -err stderr.txt -i -d _concurrent -if scott3a.sh -of _concurrent/c-36cc6fcd-8333-4052-9174-b998305e4948-1-0 -k  -cdmfile  -status files -a
2012-06-01 14:24:51,026-0500 INFO  LateBindingScheduler JobQueue: 0
2012-06-01 14:24:51,029-0500 DEBUG vdl:checkjobstatus START jobid=scott3a-ni1446sk
2012-06-01 14:24:51,037-0500 INFO  LateBindingScheduler JobQueue: 0
2012-06-01 14:24:51,038-0500 INFO  vdl:checkerrorfile FAILURE jobid=scott3a-ni1446sk - Failure file found
2012-06-01 14:24:51,043-0500 INFO  LateBindingScheduler JobQueue: 0
2012-06-01 14:24:51,047-0500 INFO  LateBindingScheduler JobQueue: 1
2012-06-01 14:24:51,048-0500 INFO  LateBindingScheduler JobQueue: 0
2012-06-01 14:24:51,051-0500 DEBUG vdl:execute2 STAGING_OUT jobid=scott3a-ni1446sk
2012-06-01 14:24:51,054-0500 INFO  vdl:dostageout START jobid=scott3a-ni1446sk - Staging out files
2012-06-01 14:24:51,054-0500 DEBUG vdl:dostageout stageouts: [[$, c:countfile - Open]]
2012-06-01 14:24:51,061-0500 DEBUG vdl:dostageout FILE_STAGE_OUT_START srcname=c-36cc6fcd-8333-4052-9174-b998305e4948-1-0 srcdir=zhao-foreach-20120601-1424-rr8ncqj3/shared/_concurrent srchost=localhost destdir=_concurrent desthost=localhost provider=file
2012-06-01 14:24:51,064-0500 INFO  LateBindingScheduler JobQueue: 0
2012-06-01 14:24:51,087-0500 INFO  LateBindingScheduler JobQueue: 0
2012-06-01 14:24:51,088-0500 INFO  vdl:checkerrorfile NO_STATUS_FILE jobid=scott3a-ni1446sk - Error file missing
2012-06-01 14:24:51,090-0500 DEBUG vdl:execute2 APPLICATION_EXCEPTION jobid=scott3a-ni1446sk - Application exception: null
Caused by: org.globus.cog.abstraction.impl.file.FileNotFoundException: File not found: /var/tmp/zhao-foreach-20120601-1424-rr8ncqj3/shared/_concurrent/c-36cc6fcd-8333-4052-9174-b998305e4948-1-0
2012-06-01 14:24:51,122-0500 INFO  LateBindingScheduler JobQueue: 0
2012-06-01 14:24:51,130-0500 INFO  vdl:execute END_FAILURE thread=0-1-0-1 tr=scott3a
2012-06-01 14:24:51,137-0500 DEBUG VDL2ExecutionContext Exception in scott3a:
Arguments: []
Host: localhost
Directory: zhao-foreach-20120601-1424-rr8ncqj3/jobs/n/scott3a-ni1446sk
stderr.txt: 

stdout.txt: 

----

Exception in scott3a:
Arguments: []
Host: localhost
Directory: zhao-foreach-20120601-1424-rr8ncqj3/jobs/n/scott3a-ni1446sk
stderr.txt: 

stdout.txt: 

----

Caused by: null
Caused by: org.globus.cog.abstraction.impl.file.FileNotFoundException: File not found: /var/tmp/zhao-foreach-20120601-1424-rr8ncqj3/shared/_concurrent/c-36cc6fcd-8333-4052-9174-b998305e4948-1-0
	at org.globus.cog.karajan.workflow.nodes.functions.KException.function(KException.java:29)
	at org.globus.cog.karajan.workflow.nodes.functions.AbstractFunction.post(AbstractFunction.java:27)
	at org.globus.cog.karajan.workflow.nodes.AbstractSequentialWithArguments.completed(AbstractSequentialWithArguments.java:194)
	at org.globus.cog.karajan.workflow.nodes.FlowNode.complete(FlowNode.java:214)
	at org.globus.cog.karajan.workflow.nodes.FlowContainer.post(FlowContainer.java:58)
	at org.globus.cog.karajan.workflow.nodes.functions.AbstractFunction.post(AbstractFunction.java:28)
	at org.globus.cog.karajan.workflow.nodes.Sequential.startNext(Sequential.java:29)
	at org.globus.cog.karajan.workflow.nodes.Sequential.executeChildren(Sequential.java:20)
	at org.globus.cog.karajan.workflow.nodes.FlowContainer.execute(FlowContainer.java:63)
	at org.globus.cog.karajan.workflow.nodes.FlowNode.restart(FlowNode.java:139)
	at org.globus.cog.karajan.workflow.nodes.FlowNode.start(FlowNode.java:197)
	at org.globus.cog.karajan.workflow.events.EventBus.start(EventBus.java:104)
	at org.globus.cog.karajan.workflow.events.EventTargetPair.run(EventTargetPair.java:40)
	at java.util.concurrent.Executors$RunnableAdapter.call(Executors.java:471)
	at java.util.concurrent.FutureTask$Sync.innerRun(FutureTask.java:334)
	at java.util.concurrent.FutureTask.run(FutureTask.java:166)
	at java.util.concurrent.ThreadPoolExecutor.runWorker(ThreadPoolExecutor.java:1110)
	at java.util.concurrent.ThreadPoolExecutor$Worker.run(ThreadPoolExecutor.java:603)
	at java.lang.Thread.run(Thread.java:722)
Caused by: null
Caused by: org.globus.cog.abstraction.impl.file.FileNotFoundException: File not found: /var/tmp/zhao-foreach-20120601-1424-rr8ncqj3/shared/_concurrent/c-36cc6fcd-8333-4052-9174-b998305e4948-1-0
	at org.globus.cog.karajan.workflow.nodes.FlowNode.failImmediately(FlowNode.java:101)
	at org.globus.cog.karajan.workflow.nodes.grid.AbstractGridNode$1.run(AbstractGridNode.java:308)
	... 6 more
Caused by: org.globus.cog.abstraction.impl.file.FileNotFoundException: File not found: /var/tmp/zhao-foreach-20120601-1424-rr8ncqj3/shared/_concurrent/c-36cc6fcd-8333-4052-9174-b998305e4948-1-0
	at org.globus.cog.abstraction.impl.file.local.FileResourceImpl.getFile(FileResourceImpl.java:225)
	at org.globus.cog.abstraction.impl.file.local.FileResourceImpl.putFile(FileResourceImpl.java:286)
	at org.globus.cog.abstraction.impl.file.AbstractFileResource.putFile(AbstractFileResource.java:152)
	at org.globus.cog.abstraction.impl.fileTransfer.DelegatedFileTransferHandler.doDestination(DelegatedFileTransferHandler.java:314)
	at org.globus.cog.abstraction.impl.fileTransfer.CachingDelegatedFileTransferHandler.doDestination(CachingDelegatedFileTransferHandler.java:46)
	at org.globus.cog.abstraction.impl.fileTransfer.DelegatedFileTransferHandler.run(DelegatedFileTransferHandler.java:487)
	... 1 more
2012-06-01 14:24:51,256-0500 INFO  ExecutionContext Detailed exception: 
Exception in scott3a:
Arguments: []
Host: localhost
Directory: zhao-foreach-20120601-1424-rr8ncqj3/jobs/n/scott3a-ni1446sk
stderr.txt: 

stdout.txt: 

----

Caused by: null
Caused by: org.globus.cog.abstraction.impl.file.FileNotFoundException: File not found: /var/tmp/zhao-foreach-20120601-1424-rr8ncqj3/shared/_concurrent/c-36cc6fcd-8333-4052-9174-b998305e4948-1-0
	at org.globus.cog.karajan.workflow.nodes.functions.KException.function(KException.java:29)
	at org.globus.cog.karajan.workflow.nodes.functions.AbstractFunction.post(AbstractFunction.java:27)
	at org.globus.cog.karajan.workflow.nodes.AbstractSequentialWithArguments.completed(AbstractSequentialWithArguments.java:194)
	at org.globus.cog.karajan.workflow.nodes.FlowNode.complete(FlowNode.java:214)
	at org.globus.cog.karajan.workflow.nodes.FlowContainer.post(FlowContainer.java:58)
	at org.globus.cog.karajan.workflow.nodes.functions.AbstractFunction.post(AbstractFunction.java:28)
	at org.globus.cog.karajan.workflow.nodes.Sequential.startNext(Sequential.java:29)
	at org.globus.cog.karajan.workflow.nodes.Sequential.executeChildren(Sequential.java:20)
	at org.globus.cog.karajan.workflow.nodes.FlowContainer.execute(FlowContainer.java:63)
	at org.globus.cog.karajan.workflow.nodes.FlowNode.restart(FlowNode.java:139)
	at org.globus.cog.karajan.workflow.nodes.FlowNode.start(FlowNode.java:197)
	at org.globus.cog.karajan.workflow.events.EventBus.start(EventBus.java:104)
	at org.globus.cog.karajan.workflow.events.EventTargetPair.run(EventTargetPair.java:40)
	at java.util.concurrent.Executors$RunnableAdapter.call(Executors.java:471)
	at java.util.concurrent.FutureTask$Sync.innerRun(FutureTask.java:334)
	at java.util.concurrent.FutureTask.run(FutureTask.java:166)
	at java.util.concurrent.ThreadPoolExecutor.runWorker(ThreadPoolExecutor.java:1110)
	at java.util.concurrent.ThreadPoolExecutor$Worker.run(ThreadPoolExecutor.java:603)
	at java.lang.Thread.run(Thread.java:722)
Caused by: null
Caused by: org.globus.cog.abstraction.impl.file.FileNotFoundException: File not found: /var/tmp/zhao-foreach-20120601-1424-rr8ncqj3/shared/_concurrent/c-36cc6fcd-8333-4052-9174-b998305e4948-1-0
	at org.globus.cog.karajan.workflow.nodes.FlowNode.failImmediately(FlowNode.java:101)
	at org.globus.cog.karajan.workflow.nodes.grid.AbstractGridNode$1.run(AbstractGridNode.java:308)
	... 6 more
Caused by: org.globus.cog.abstraction.impl.file.FileNotFoundException: File not found: /var/tmp/zhao-foreach-20120601-1424-rr8ncqj3/shared/_concurrent/c-36cc6fcd-8333-4052-9174-b998305e4948-1-0
	at org.globus.cog.abstraction.impl.file.local.FileResourceImpl.getFile(FileResourceImpl.java:225)
	at org.globus.cog.abstraction.impl.file.local.FileResourceImpl.putFile(FileResourceImpl.java:286)
	at org.globus.cog.abstraction.impl.file.AbstractFileResource.putFile(AbstractFileResource.java:152)
	at org.globus.cog.abstraction.impl.fileTransfer.DelegatedFileTransferHandler.doDestination(DelegatedFileTransferHandler.java:314)
	at org.globus.cog.abstraction.impl.fileTransfer.CachingDelegatedFileTransferHandler.doDestination(CachingDelegatedFileTransferHandler.java:46)
	at org.globus.cog.abstraction.impl.fileTransfer.DelegatedFileTransferHandler.run(DelegatedFileTransferHandler.java:487)
	... 1 more
2012-06-01 14:24:51,256-0500 INFO  Loader Swift finished with errors
