2012-06-01 14:37:46,442-0500 DEBUG Loader arguments: [zhao-foreach.swift]
2012-06-01 14:37:46,442-0500 DEBUG Loader Max heap: 252248064
2012-06-01 14:37:46,443-0500 DEBUG textfiles BEGIN SWIFTSCRIPT:

type messagefile; 
type countfile; 

app (countfile t) countwords (messagefile f) {   
     scott3b stdout=@filename(t);
}

string inputNames = "scott3a.sh";

messagefile inputfiles[] <fixed_array_mapper;files=inputNames>;

foreach f in inputfiles {
  countfile c <"result.txt">;
  c = countwords(f);
}


2012-06-01 14:37:46,444-0500 DEBUG textfiles END SWIFTSCRIPT:
2012-06-01 14:37:46,444-0500 INFO  Loader zhao-foreach.swift: source file is new. Recompiling.
2012-06-01 14:37:46,444-0500 DEBUG Loader kmlversion is >239b8550-a5ff-44be-a124-5e7ecd70737d<
2012-06-01 14:37:46,444-0500 DEBUG Loader build version is >239b8550-a5ff-44be-a124-5e7ecd70737d<
2012-06-01 14:37:47,007-0500 INFO  Karajan Validation of XML intermediate file was successful
2012-06-01 14:37:47,191-0500 DEBUG textfiles using default sites file
2012-06-01 14:37:47,195-0500 INFO  VDL2ExecutionContext Stack dump:
Level 1
[iA = 0, iB = 0, bA = false, bB = false]
	vdl:instanceconfig = Swift configuration []
	vdl:operation = run
	swift.home = /usr/local/swift/bin/..
	PATH_SEPARATOR = /


2012-06-01 14:37:47,895-0500 INFO  unknown Using sites file: /usr/local/swift/bin/../etc/sites.xml
2012-06-01 14:37:47,929-0500 INFO  unknown Using tc.data: /usr/local/swift/bin/../etc/tc.data
2012-06-01 14:37:48,052-0500 INFO  AbstractScheduler Setting resources to: {localhost=localhost}
2012-06-01 14:37:48,705-0500 INFO  unknown Swift 0.93 swift-r5483 cog-r3339

2012-06-01 14:37:48,706-0500 INFO  unknown RUNID id=run:20120601-1437-jjh4qchb
2012-06-01 14:37:48,752-0500 INFO  SetFieldValue Set: inputNames=scott3a.sh
2012-06-01 14:37:48,763-0500 INFO  RootDataNode Found data inputfiles:messagefile[] - Open.[0]
2012-06-01 14:37:48,765-0500 DEBUG vdl:mains FOREACH_IT_START line=13 thread=0-1-0
2012-06-01 14:37:48,765-0500 DEBUG vdl:mains SCOPE thread=0-1-0
2012-06-01 14:37:48,768-0500 INFO  RootDataNode Found mapped data c:countfile - Open.$
2012-06-01 14:37:48,773-0500 DEBUG countwords PROCEDURE line=5 thread=0-1-0-1 name=countwords
2012-06-01 14:37:48,780-0500 INFO  vdl:execute START thread=0-1-0-1 tr=scott3b
2012-06-01 14:37:48,797-0500 INFO  WeightedHostScoreScheduler CONTACT_SELECTED host=localhost, score=1.000
2012-06-01 14:37:48,803-0500 INFO  GlobalSubmitQueue No global submit throttle set. Using default (1024)
2012-06-01 14:37:48,808-0500 INFO  LateBindingScheduler JobQueue: 0
2012-06-01 14:37:48,809-0500 INFO  LateBindingScheduler JobQueue: 0
2012-06-01 14:37:48,815-0500 INFO  vdl:initshareddir START host=localhost - Initializing shared directory
2012-06-01 14:37:48,822-0500 INFO  LateBindingScheduler JobQueue: 0
2012-06-01 14:37:48,853-0500 INFO  LateBindingScheduler JobQueue: 0
2012-06-01 14:37:48,857-0500 INFO  LateBindingScheduler JobQueue: 0
2012-06-01 14:37:48,858-0500 INFO  LateBindingScheduler JobQueue: 0
2012-06-01 14:37:48,862-0500 INFO  LateBindingScheduler JobQueue: 0
2012-06-01 14:37:48,868-0500 INFO  LateBindingScheduler JobQueue: 0
2012-06-01 14:37:48,870-0500 INFO  vdl:initshareddir END host=localhost - Done initializing shared directory
2012-06-01 14:37:48,872-0500 DEBUG vdl:execute2 THREAD_ASSOCIATION jobid=scott3b-0icm46sk thread=0-1-0-1-1 host=localhost replicationGroup=zhcm46sk
2012-06-01 14:37:48,881-0500 INFO  vdl:createdirset START jobid=scott3b-0icm46sk host=localhost - Initializing directory structure
2012-06-01 14:37:48,882-0500 INFO  vdl:createdirset END jobid=scott3b-0icm46sk - Done initializing directory structure
2012-06-01 14:37:48,883-0500 INFO  vdl:dostagein START jobid=scott3b-0icm46sk - Staging in files
2012-06-01 14:37:48,898-0500 INFO  LateBindingScheduler JobQueue: 0
2012-06-01 14:37:48,904-0500 DEBUG vdl:dostagein CDM: file://localhost/scott3a.sh : DEFAULT
2012-06-01 14:37:48,908-0500 DEBUG vdl:dostageinfile FILE_STAGE_IN_START file=scott3a.sh srchost=localhost srcdir= srcname=scott3a.sh desthost=localhost destdir=zhao-foreach-20120601-1437-jjh4qchb/shared/ provider=file policy=DEFAULT
2012-06-01 14:37:48,912-0500 INFO  LateBindingScheduler JobQueue: 0
2012-06-01 14:37:48,914-0500 DEBUG vdl:dostageinfile FILE_STAGE_IN_END file=scott3a.sh srchost=localhost srcdir= srcname=scott3a.sh desthost=localhost destdir=zhao-foreach-20120601-1437-jjh4qchb/shared/ provider=file
2012-06-01 14:37:48,914-0500 INFO  vdl:dostagein END jobid=scott3b-0icm46sk - Staging in finished
2012-06-01 14:37:48,916-0500 DEBUG vdl:execute2 JOB_START jobid=scott3b-0icm46sk tr=scott3b arguments=[] tmpdir=zhao-foreach-20120601-1437-jjh4qchb/jobs/0/scott3b-0icm46sk host=localhost
2012-06-01 14:37:48,919-0500 DEBUG textfiles BEGIN TC:
#This is the transformation catalog.
#
#It comes pre-configured with a number of simple transformations with
#paths that are likely to work on a linux box. However, on some systems,
#the paths to these executables will be different (for example, sometimes
#some of these programs are found in /usr/bin rather than in /bin)
#
#NOTE WELL: fields in this file must be separated by tabs, not spaces; and
#there must be no trailing whitespace at the end of each line.
#
# sitename  transformation  path   INSTALLED  platform  profiles
localhost 	echo 		/bin/echo	INSTALLED	INTEL32::LINUX	null
localhost 	cat 		/bin/cat	INSTALLED	INTEL32::LINUX	null
localhost 	ls 		/bin/ls		INSTALLED	INTEL32::LINUX	null
localhost 	grep 		/bin/grep	INSTALLED	INTEL32::LINUX	null
localhost 	sort 		/bin/sort	INSTALLED	INTEL32::LINUX	null
localhost 	paste 		/bin/paste	INSTALLED	INTEL32::LINUX	null
localhost 	cp 		/bin/cp         INSTALLED	INTEL32::LINUX	null
localhost 	touch 		/bin/touch      INSTALLED	INTEL32::LINUX	null
localhost	wc		/usr/bin/wc	INSTALLED	INTEL32::LINUX	null
localhost	sh		/bin/wc		INSTALLED	INTEL32::LINUX	null
localhost	scott3a		/home/skrieder/swift/multi/scott3a.sh		INSTALLED	INTEL32::LINUX	null
localhost	scott3b		/home/skrieder/swift/multi/scott3b.sh		INSTALLED	INTEL32::LINUX	null


2012-06-01 14:37:48,920-0500 DEBUG textfiles END TC:
2012-06-01 14:37:48,928-0500 INFO  GridExec TASK_DEFINITION: Task(type=JOB_SUBMISSION, identity=urn:0-1-0-1-1-1338579467927) is /bin/bash shared/_swiftwrap scott3b-0icm46sk -jobdir 0 -scratch  -e /home/skrieder/swift/multi/scott3b.sh -out result.txt -err stderr.txt -i -d  -if scott3a.sh -of result.txt -k  -cdmfile  -status files -a
2012-06-01 14:37:48,945-0500 INFO  JobSubmissionTaskHandler Submit: in: /var/tmp/zhao-foreach-20120601-1437-jjh4qchb command: /bin/bash /var/tmp/zhao-foreach-20120601-1437-jjh4qchb/shared/_swiftwrap scott3b-0icm46sk -jobdir 0 -scratch  -e /home/skrieder/swift/multi/scott3b.sh -out result.txt -err stderr.txt -i -d  -if scott3a.sh -of result.txt -k  -cdmfile  -status files -a
2012-06-01 14:37:49,200-0500 INFO  LateBindingScheduler JobQueue: 0
2012-06-01 14:37:49,206-0500 DEBUG vdl:checkjobstatus START jobid=scott3b-0icm46sk
2012-06-01 14:37:49,210-0500 INFO  LateBindingScheduler JobQueue: 0
2012-06-01 14:37:49,211-0500 INFO  vdl:checkjobstatus SUCCESS jobid=scott3b-0icm46sk - Success file found
2012-06-01 14:37:49,214-0500 DEBUG vdl:execute2 STAGING_OUT jobid=scott3b-0icm46sk
2012-06-01 14:37:49,217-0500 INFO  vdl:dostageout START jobid=scott3b-0icm46sk - Staging out files
2012-06-01 14:37:49,219-0500 DEBUG vdl:dostageout stageouts: [[$, c:countfile - Open]]
2012-06-01 14:37:49,236-0500 DEBUG vdl:dostageout FILE_STAGE_OUT_START srcname=result.txt srcdir=zhao-foreach-20120601-1437-jjh4qchb/shared/ srchost=localhost destdir= desthost=localhost provider=file
2012-06-01 14:37:49,239-0500 INFO  LateBindingScheduler JobQueue: 0
2012-06-01 14:37:49,249-0500 INFO  LateBindingScheduler JobQueue: 0
2012-06-01 14:37:49,251-0500 DEBUG vdl:dostageout FILE_STAGE_OUT_END srcname=result.txt srcdir=zhao-foreach-20120601-1437-jjh4qchb/shared/ srchost=localhost destdir= desthost=localhost provider=file
2012-06-01 14:37:49,255-0500 INFO  LateBindingScheduler JobQueue: 0
2012-06-01 14:37:49,263-0500 INFO  vdl:dostageout END jobid=scott3b-0icm46sk - Staging out finished
2012-06-01 14:37:49,272-0500 DEBUG vdl:execute2 JOB_END jobid=scott3b-0icm46sk
2012-06-01 14:37:49,275-0500 INFO  vdl:execute END_SUCCESS thread=0-1-0-1 tr=scott3b
2012-06-01 14:37:49,277-0500 DEBUG countwords PROCEDURE_END line=5
2012-06-01 14:37:49,281-0500 DEBUG vdl:mains FOREACH_IT_END line=13 thread=0-1-0
2012-06-01 14:37:49,303-0500 DEBUG vdl:mains Starting cleanups
2012-06-01 14:37:49,304-0500 INFO  vdl:cleanups START cleanups=[[zhao-foreach-20120601-1437-jjh4qchb, localhost]]
2012-06-01 14:37:49,305-0500 INFO  vdl:cleanup START dir=zhao-foreach-20120601-1437-jjh4qchb host=localhost
2012-06-01 14:37:49,306-0500 DEBUG vdl:cleanup cdmfile 
2012-06-01 14:37:49,308-0500 INFO  GridExec TASK_DEFINITION: Task(type=JOB_SUBMISSION, identity=urn:0-1-1338579467938) is /bin/rm -rf zhao-foreach-20120601-1437-jjh4qchb
2012-06-01 14:37:49,309-0500 INFO  JobSubmissionTaskHandler Submit: in: /var/tmp command: /bin/rm -rf zhao-foreach-20120601-1437-jjh4qchb
2012-06-01 14:37:49,309-0500 INFO  LateBindingScheduler JobQueue: 0
2012-06-01 14:37:49,310-0500 INFO  vdl:cleanup END dir=zhao-foreach-20120601-1437-jjh4qchb host=localhost
2012-06-01 14:37:49,310-0500 INFO  vdl:cleanups END cleanups=[[zhao-foreach-20120601-1437-jjh4qchb, localhost]]
2012-06-01 14:37:49,310-0500 DEBUG vdl:mains Ending cleanups
2012-06-01 14:37:49,311-0500 INFO  Loader Swift finished with no errors
