2012-06-01 15:02:08,403-0500 DEBUG Loader arguments: [-tc.file, tc.data, zhao-foreach.swift]
2012-06-01 15:02:08,403-0500 DEBUG Loader Max heap: 252248064
2012-06-01 15:02:08,404-0500 DEBUG textfiles BEGIN SWIFTSCRIPT:

type messagefile; 
type countfile; 

app (countfile t) countwords (messagefile f) {   
     cka stdout=@filename(t);
}

string inputNames = "scott3a.sh scott3a.sh scott3a.sh scott3a.sh scott3a.sh scott3a.sh scott3a.sh scott3a.sh";

messagefile inputfiles[] <fixed_array_mapper;files=inputNames>;

foreach f,i in inputfiles {
  countfile c <single_file_mapper; file=@strcat(i, ".result")>;
  c = countwords(f);
}


2012-06-01 15:02:08,404-0500 DEBUG textfiles END SWIFTSCRIPT:
2012-06-01 15:02:08,404-0500 INFO  Loader zhao-foreach.swift: source file is new. Recompiling.
2012-06-01 15:02:08,405-0500 DEBUG Loader kmlversion is >239b8550-a5ff-44be-a124-5e7ecd70737d<
2012-06-01 15:02:08,405-0500 DEBUG Loader build version is >239b8550-a5ff-44be-a124-5e7ecd70737d<
2012-06-01 15:02:08,970-0500 INFO  Karajan Validation of XML intermediate file was successful
2012-06-01 15:02:09,158-0500 DEBUG Loader setting: tc.file to: tc.data
2012-06-01 15:02:09,159-0500 DEBUG textfiles using default sites file
2012-06-01 15:02:09,162-0500 INFO  VDL2ExecutionContext Stack dump:
Level 1
[iA = 0, iB = 0, bA = false, bB = false]
	vdl:instanceconfig = Swift configuration []
	vdl:operation = run
	swift.home = /usr/local/swift/bin/..
	PATH_SEPARATOR = /


2012-06-01 15:02:09,780-0500 INFO  unknown Using sites file: /usr/local/swift/bin/../etc/sites.xml
2012-06-01 15:02:09,817-0500 INFO  unknown Using tc.data: tc.data
2012-06-01 15:02:09,915-0500 INFO  AbstractScheduler Setting resources to: {localhost=localhost}
2012-06-01 15:02:10,524-0500 INFO  unknown Swift 0.93 swift-r5483 cog-r3339

2012-06-01 15:02:10,525-0500 INFO  unknown RUNID id=run:20120601-1502-4k800zsd
2012-06-01 15:02:10,574-0500 INFO  SetFieldValue Set: inputNames=scott3a.sh scott3a.sh scott3a.sh scott3a.sh scott3a.sh scott3a.sh scott3a.sh scott3a.sh
2012-06-01 15:02:10,595-0500 INFO  RootDataNode Found data inputfiles:messagefile[] - Open.[0]
2012-06-01 15:02:10,595-0500 INFO  RootDataNode Found data inputfiles:messagefile[] - Open.[1]
2012-06-01 15:02:10,595-0500 INFO  RootDataNode Found data inputfiles:messagefile[] - Open.[2]
2012-06-01 15:02:10,595-0500 INFO  RootDataNode Found data inputfiles:messagefile[] - Open.[3]
2012-06-01 15:02:10,595-0500 INFO  RootDataNode Found data inputfiles:messagefile[] - Open.[4]
2012-06-01 15:02:10,595-0500 INFO  RootDataNode Found data inputfiles:messagefile[] - Open.[5]
2012-06-01 15:02:10,596-0500 INFO  RootDataNode Found data inputfiles:messagefile[] - Open.[6]
2012-06-01 15:02:10,596-0500 INFO  RootDataNode Found data inputfiles:messagefile[] - Open.[7]
2012-06-01 15:02:10,600-0500 DEBUG vdl:mains FOREACH_IT_START line=13 thread=0-1-3
2012-06-01 15:02:10,600-0500 DEBUG vdl:mains FOREACH_IT_START line=13 thread=0-1-1
2012-06-01 15:02:10,600-0500 DEBUG vdl:mains FOREACH_IT_START line=13 thread=0-1-7
2012-06-01 15:02:10,600-0500 DEBUG vdl:mains FOREACH_IT_START line=13 thread=0-1-5
2012-06-01 15:02:10,600-0500 DEBUG vdl:mains SCOPE thread=0-1-3
2012-06-01 15:02:10,601-0500 DEBUG vdl:mains SCOPE thread=0-1-7
2012-06-01 15:02:10,601-0500 DEBUG vdl:mains SCOPE thread=0-1-5
2012-06-01 15:02:10,601-0500 DEBUG vdl:mains FOREACH_IT_START line=13 thread=0-1-4
2012-06-01 15:02:10,602-0500 DEBUG vdl:mains SCOPE thread=0-1-4
2012-06-01 15:02:10,603-0500 DEBUG vdl:mains FOREACH_IT_START line=13 thread=0-1-2
2012-06-01 15:02:10,606-0500 DEBUG vdl:mains SCOPE thread=0-1-2
2012-06-01 15:02:10,600-0500 DEBUG vdl:mains FOREACH_IT_START line=13 thread=0-1-6
2012-06-01 15:02:10,600-0500 DEBUG vdl:mains SCOPE thread=0-1-1
2012-06-01 15:02:10,610-0500 DEBUG vdl:mains SCOPE thread=0-1-6
2012-06-01 15:02:10,610-0500 DEBUG countwords PROCEDURE line=5 thread=0-1-3-1 name=countwords
2012-06-01 15:02:10,611-0500 DEBUG countwords PROCEDURE line=5 thread=0-1-5-1 name=countwords
2012-06-01 15:02:10,611-0500 DEBUG countwords PROCEDURE line=5 thread=0-1-4-1 name=countwords
2012-06-01 15:02:10,600-0500 DEBUG vdl:mains FOREACH_IT_START line=13 thread=0-1-0
2012-06-01 15:02:10,613-0500 INFO  SetFieldValue Set: swift#mapper#17001=2.result
2012-06-01 15:02:10,610-0500 DEBUG countwords PROCEDURE line=5 thread=0-1-7-1 name=countwords
2012-06-01 15:02:10,609-0500 INFO  SetFieldValue Set: swift#mapper#17001=4.result
2012-06-01 15:02:10,614-0500 INFO  SetFieldValue Set: swift#mapper#17001=1.result
2012-06-01 15:02:10,615-0500 DEBUG countwords PROCEDURE line=5 thread=0-1-2-1 name=countwords
2012-06-01 15:02:10,616-0500 INFO  SetFieldValue Set: swift#mapper#17001=6.result
2012-06-01 15:02:10,616-0500 DEBUG countwords PROCEDURE line=5 thread=0-1-6-1 name=countwords
2012-06-01 15:02:10,609-0500 INFO  SetFieldValue Set: swift#mapper#17001=3.result
2012-06-01 15:02:10,609-0500 INFO  SetFieldValue Set: swift#mapper#17001=5.result
2012-06-01 15:02:10,608-0500 INFO  SetFieldValue Set: swift#mapper#17001=7.result
2012-06-01 15:02:10,616-0500 DEBUG countwords PROCEDURE line=5 thread=0-1-1-1 name=countwords
2012-06-01 15:02:10,613-0500 DEBUG vdl:mains SCOPE thread=0-1-0
2012-06-01 15:02:10,622-0500 INFO  vdl:execute START thread=0-1-2-1 tr=cka
2012-06-01 15:02:10,622-0500 INFO  vdl:execute START thread=0-1-3-1 tr=cka
2012-06-01 15:02:10,622-0500 INFO  vdl:execute START thread=0-1-5-1 tr=cka
2012-06-01 15:02:10,623-0500 INFO  vdl:execute START thread=0-1-7-1 tr=cka
2012-06-01 15:02:10,622-0500 INFO  vdl:execute START thread=0-1-4-1 tr=cka
2012-06-01 15:02:10,624-0500 INFO  vdl:execute START thread=0-1-6-1 tr=cka
2012-06-01 15:02:10,625-0500 INFO  vdl:execute START thread=0-1-1-1 tr=cka
2012-06-01 15:02:10,626-0500 INFO  SetFieldValue Set: swift#mapper#17001=0.result
2012-06-01 15:02:10,629-0500 DEBUG countwords PROCEDURE line=5 thread=0-1-0-1 name=countwords
2012-06-01 15:02:10,631-0500 INFO  vdl:execute START thread=0-1-0-1 tr=cka
2012-06-01 15:02:10,636-0500 INFO  WeightedHostScoreScheduler CONTACT_SELECTED host=localhost, score=1.000
2012-06-01 15:02:10,639-0500 INFO  GlobalSubmitQueue No global submit throttle set. Using default (1024)
2012-06-01 15:02:10,640-0500 INFO  LateBindingScheduler JobQueue: 7
2012-06-01 15:02:10,642-0500 INFO  LateBindingScheduler JobQueue: 7
2012-06-01 15:02:10,644-0500 INFO  vdl:initshareddir START host=localhost - Initializing shared directory
2012-06-01 15:02:10,647-0500 INFO  LateBindingScheduler JobQueue: 7
2012-06-01 15:02:10,659-0500 INFO  LateBindingScheduler JobQueue: 7
2012-06-01 15:02:10,663-0500 INFO  LateBindingScheduler JobQueue: 7
2012-06-01 15:02:10,665-0500 INFO  LateBindingScheduler JobQueue: 7
2012-06-01 15:02:10,667-0500 INFO  LateBindingScheduler JobQueue: 7
2012-06-01 15:02:10,670-0500 INFO  LateBindingScheduler JobQueue: 7
2012-06-01 15:02:10,671-0500 INFO  vdl:initshareddir END host=localhost - Done initializing shared directory
2012-06-01 15:02:10,673-0500 DEBUG vdl:execute2 THREAD_ASSOCIATION jobid=cka-hyfl56sk thread=0-1-1-1-1 host=localhost replicationGroup=eyfl56sk
2012-06-01 15:02:10,678-0500 INFO  vdl:createdirset START jobid=cka-hyfl56sk host=localhost - Initializing directory structure
2012-06-01 15:02:10,678-0500 INFO  vdl:createdirset END jobid=cka-hyfl56sk - Done initializing directory structure
2012-06-01 15:02:10,679-0500 INFO  vdl:dostagein START jobid=cka-hyfl56sk - Staging in files
2012-06-01 15:02:10,686-0500 INFO  LateBindingScheduler JobQueue: 7
2012-06-01 15:02:10,692-0500 DEBUG vdl:dostagein CDM: file://localhost/scott3a.sh : DEFAULT
2012-06-01 15:02:10,696-0500 DEBUG vdl:dostageinfile FILE_STAGE_IN_START file=scott3a.sh srchost=localhost srcdir= srcname=scott3a.sh desthost=localhost destdir=zhao-foreach-20120601-1502-4k800zsd/shared/ provider=file policy=DEFAULT
2012-06-01 15:02:10,700-0500 INFO  LateBindingScheduler JobQueue: 7
2012-06-01 15:02:10,702-0500 DEBUG vdl:dostageinfile FILE_STAGE_IN_END file=scott3a.sh srchost=localhost srcdir= srcname=scott3a.sh desthost=localhost destdir=zhao-foreach-20120601-1502-4k800zsd/shared/ provider=file
2012-06-01 15:02:10,704-0500 INFO  vdl:dostagein END jobid=cka-hyfl56sk - Staging in finished
2012-06-01 15:02:10,707-0500 DEBUG vdl:execute2 JOB_START jobid=cka-hyfl56sk tr=cka arguments=[] tmpdir=zhao-foreach-20120601-1502-4k800zsd/jobs/h/cka-hyfl56sk host=localhost
2012-06-01 15:02:10,710-0500 DEBUG textfiles BEGIN TC:
#This is the transformation catalog.
#
#It comes pre-configured with a number of simple transformations with
#paths that are likely to work on a linux box. However, on some systems,
#the paths to these executables will be different (for example, sometimes
#some of these programs are found in /usr/bin rather than in /bin)
#
#NOTE WELL: fields in this file must be separated by tabs, not spaces; and
#there must be no trailing whitespace at the end of each line.
#
# sitename  transformation  path   INSTALLED  platform  profiles
localhost 	echo 		/bin/echo	INSTALLED	INTEL32::LINUX	null
localhost 	cat 		/bin/cat	INSTALLED	INTEL32::LINUX	null
localhost 	ls 		/bin/ls		INSTALLED	INTEL32::LINUX	null
localhost 	grep 		/bin/grep	INSTALLED	INTEL32::LINUX	null
localhost 	sort 		/bin/sort	INSTALLED	INTEL32::LINUX	null
localhost 	paste 		/bin/paste	INSTALLED	INTEL32::LINUX	null
localhost 	cp 		/bin/cp         INSTALLED	INTEL32::LINUX	null
localhost 	touch 		/bin/touch      INSTALLED	INTEL32::LINUX	null
localhost	wc		/usr/bin/wc	INSTALLED	INTEL32::LINUX	null
localhost	sh		/bin/wc		INSTALLED	INTEL32::LINUX	null
localhost	scott3a		/home/skrieder/swift/multi/scott3a.sh		INSTALLED	INTEL32::LINUX	null
localhost	scott3b		/home/skrieder/swift/multi/scott3b.sh		INSTALLED	INTEL32::LINUX	null
localhost	cka		/home/skrieder/swift/cuda/1sm1ms		INSTALLED	INTEL32::LINUX	null


2012-06-01 15:02:10,711-0500 DEBUG textfiles END TC:
2012-06-01 15:02:10,719-0500 INFO  GridExec TASK_DEFINITION: Task(type=JOB_SUBMISSION, identity=urn:0-1-1-1-1-1338580929820) is /bin/bash shared/_swiftwrap cka-hyfl56sk -jobdir h -scratch  -e /home/skrieder/swift/cuda/1sm1ms -out 1.result -err stderr.txt -i -d  -if scott3a.sh -of 1.result -k  -cdmfile  -status files -a
2012-06-01 15:02:10,729-0500 INFO  JobSubmissionTaskHandler Submit: in: /var/tmp/zhao-foreach-20120601-1502-4k800zsd command: /bin/bash /var/tmp/zhao-foreach-20120601-1502-4k800zsd/shared/_swiftwrap cka-hyfl56sk -jobdir h -scratch  -e /home/skrieder/swift/cuda/1sm1ms -out 1.result -err stderr.txt -i -d  -if scott3a.sh -of 1.result -k  -cdmfile  -status files -a
2012-06-01 15:02:11,004-0500 INFO  LateBindingScheduler JobQueue: 7
2012-06-01 15:02:11,010-0500 DEBUG vdl:checkjobstatus START jobid=cka-hyfl56sk
2012-06-01 15:02:11,013-0500 INFO  LateBindingScheduler JobQueue: 7
2012-06-01 15:02:11,015-0500 INFO  vdl:checkjobstatus SUCCESS jobid=cka-hyfl56sk - Success file found
2012-06-01 15:02:11,017-0500 DEBUG vdl:execute2 STAGING_OUT jobid=cka-hyfl56sk
2012-06-01 15:02:11,021-0500 INFO  vdl:dostageout START jobid=cka-hyfl56sk - Staging out files
2012-06-01 15:02:11,022-0500 DEBUG vdl:dostageout stageouts: [[$, c:countfile - Open]]
2012-06-01 15:02:11,039-0500 DEBUG vdl:dostageout FILE_STAGE_OUT_START srcname=1.result srcdir=zhao-foreach-20120601-1502-4k800zsd/shared/ srchost=localhost destdir= desthost=localhost provider=file
2012-06-01 15:02:11,041-0500 INFO  LateBindingScheduler JobQueue: 7
2012-06-01 15:02:11,051-0500 INFO  LateBindingScheduler JobQueue: 7
2012-06-01 15:02:11,053-0500 DEBUG vdl:dostageout FILE_STAGE_OUT_END srcname=1.result srcdir=zhao-foreach-20120601-1502-4k800zsd/shared/ srchost=localhost destdir= desthost=localhost provider=file
2012-06-01 15:02:11,057-0500 INFO  LateBindingScheduler JobQueue: 7
2012-06-01 15:02:11,064-0500 INFO  vdl:dostageout END jobid=cka-hyfl56sk - Staging out finished
2012-06-01 15:02:11,074-0500 DEBUG vdl:execute2 JOB_END jobid=cka-hyfl56sk
2012-06-01 15:02:11,076-0500 INFO  vdl:execute END_SUCCESS thread=0-1-1-1 tr=cka
2012-06-01 15:02:11,079-0500 DEBUG countwords PROCEDURE_END line=5
2012-06-01 15:02:11,081-0500 DEBUG vdl:mains FOREACH_IT_END line=13 thread=0-1-1
2012-06-01 15:02:11,559-0500 INFO  WeightedHostScoreScheduler CONTACT_SELECTED host=localhost, score=1.887
2012-06-01 15:02:11,565-0500 DEBUG vdl:execute2 THREAD_ASSOCIATION jobid=cka-iyfl56sk thread=0-1-0-1-1 host=localhost replicationGroup=gyfl56sk
2012-06-01 15:02:11,574-0500 INFO  vdl:createdirset START jobid=cka-iyfl56sk host=localhost - Initializing directory structure
2012-06-01 15:02:11,575-0500 INFO  vdl:createdirset END jobid=cka-iyfl56sk - Done initializing directory structure
2012-06-01 15:02:11,577-0500 INFO  vdl:dostagein START jobid=cka-iyfl56sk - Staging in files
2012-06-01 15:02:11,583-0500 INFO  LateBindingScheduler JobQueue: 6
2012-06-01 15:02:11,585-0500 DEBUG vdl:dostagein CDM: file://localhost/scott3a.sh : DEFAULT
2012-06-01 15:02:11,588-0500 INFO  vdl:dostagein END jobid=cka-iyfl56sk - Staging in finished
2012-06-01 15:02:11,590-0500 DEBUG vdl:execute2 JOB_START jobid=cka-iyfl56sk tr=cka arguments=[] tmpdir=zhao-foreach-20120601-1502-4k800zsd/jobs/i/cka-iyfl56sk host=localhost
2012-06-01 15:02:11,600-0500 INFO  GridExec TASK_DEFINITION: Task(type=JOB_SUBMISSION, identity=urn:0-1-0-1-1-1338580929833) is /bin/bash shared/_swiftwrap cka-iyfl56sk -jobdir i -scratch  -e /home/skrieder/swift/cuda/1sm1ms -out 0.result -err stderr.txt -i -d  -if scott3a.sh -of 0.result -k  -cdmfile  -status files -a
2012-06-01 15:02:11,601-0500 INFO  JobSubmissionTaskHandler Submit: in: /var/tmp/zhao-foreach-20120601-1502-4k800zsd command: /bin/bash /var/tmp/zhao-foreach-20120601-1502-4k800zsd/shared/_swiftwrap cka-iyfl56sk -jobdir i -scratch  -e /home/skrieder/swift/cuda/1sm1ms -out 0.result -err stderr.txt -i -d  -if scott3a.sh -of 0.result -k  -cdmfile  -status files -a
2012-06-01 15:02:11,848-0500 INFO  LateBindingScheduler JobQueue: 6
2012-06-01 15:02:11,851-0500 DEBUG vdl:checkjobstatus START jobid=cka-iyfl56sk
2012-06-01 15:02:11,853-0500 INFO  LateBindingScheduler JobQueue: 6
2012-06-01 15:02:11,854-0500 INFO  vdl:checkjobstatus SUCCESS jobid=cka-iyfl56sk - Success file found
2012-06-01 15:02:11,856-0500 DEBUG vdl:execute2 STAGING_OUT jobid=cka-iyfl56sk
2012-06-01 15:02:11,858-0500 INFO  vdl:dostageout START jobid=cka-iyfl56sk - Staging out files
2012-06-01 15:02:11,858-0500 DEBUG vdl:dostageout stageouts: [[$, c:countfile - Open]]
2012-06-01 15:02:11,866-0500 DEBUG vdl:dostageout FILE_STAGE_OUT_START srcname=0.result srcdir=zhao-foreach-20120601-1502-4k800zsd/shared/ srchost=localhost destdir= desthost=localhost provider=file
2012-06-01 15:02:11,868-0500 INFO  LateBindingScheduler JobQueue: 6
2012-06-01 15:02:11,874-0500 INFO  LateBindingScheduler JobQueue: 6
2012-06-01 15:02:11,875-0500 DEBUG vdl:dostageout FILE_STAGE_OUT_END srcname=0.result srcdir=zhao-foreach-20120601-1502-4k800zsd/shared/ srchost=localhost destdir= desthost=localhost provider=file
2012-06-01 15:02:11,878-0500 INFO  LateBindingScheduler JobQueue: 6
2012-06-01 15:02:11,882-0500 INFO  vdl:dostageout END jobid=cka-iyfl56sk - Staging out finished
2012-06-01 15:02:11,886-0500 DEBUG vdl:execute2 JOB_END jobid=cka-iyfl56sk
2012-06-01 15:02:11,887-0500 INFO  vdl:execute END_SUCCESS thread=0-1-0-1 tr=cka
2012-06-01 15:02:11,889-0500 DEBUG countwords PROCEDURE_END line=5
2012-06-01 15:02:11,891-0500 DEBUG vdl:mains FOREACH_IT_END line=13 thread=0-1-0
2012-06-01 15:02:12,379-0500 INFO  WeightedHostScoreScheduler CONTACT_SELECTED host=localhost, score=2.351
2012-06-01 15:02:12,391-0500 DEBUG vdl:execute2 THREAD_ASSOCIATION jobid=cka-jyfl56sk thread=0-1-4-1-1 host=localhost replicationGroup=9yfl56sk
2012-06-01 15:02:12,408-0500 INFO  vdl:createdirset START jobid=cka-jyfl56sk host=localhost - Initializing directory structure
2012-06-01 15:02:12,409-0500 INFO  vdl:createdirset END jobid=cka-jyfl56sk - Done initializing directory structure
2012-06-01 15:02:12,413-0500 INFO  vdl:dostagein START jobid=cka-jyfl56sk - Staging in files
2012-06-01 15:02:12,425-0500 INFO  LateBindingScheduler JobQueue: 5
2012-06-01 15:02:12,429-0500 DEBUG vdl:dostagein CDM: file://localhost/scott3a.sh : DEFAULT
2012-06-01 15:02:12,433-0500 INFO  vdl:dostagein END jobid=cka-jyfl56sk - Staging in finished
2012-06-01 15:02:12,436-0500 DEBUG vdl:execute2 JOB_START jobid=cka-jyfl56sk tr=cka arguments=[] tmpdir=zhao-foreach-20120601-1502-4k800zsd/jobs/j/cka-jyfl56sk host=localhost
2012-06-01 15:02:12,448-0500 INFO  GridExec TASK_DEFINITION: Task(type=JOB_SUBMISSION, identity=urn:0-1-4-1-1-1338580929846) is /bin/bash shared/_swiftwrap cka-jyfl56sk -jobdir j -scratch  -e /home/skrieder/swift/cuda/1sm1ms -out 4.result -err stderr.txt -i -d  -if scott3a.sh -of 4.result -k  -cdmfile  -status files -a
2012-06-01 15:02:12,450-0500 INFO  JobSubmissionTaskHandler Submit: in: /var/tmp/zhao-foreach-20120601-1502-4k800zsd command: /bin/bash /var/tmp/zhao-foreach-20120601-1502-4k800zsd/shared/_swiftwrap cka-jyfl56sk -jobdir j -scratch  -e /home/skrieder/swift/cuda/1sm1ms -out 4.result -err stderr.txt -i -d  -if scott3a.sh -of 4.result -k  -cdmfile  -status files -a
2012-06-01 15:02:12,675-0500 INFO  LateBindingScheduler JobQueue: 5
2012-06-01 15:02:12,679-0500 DEBUG vdl:checkjobstatus START jobid=cka-jyfl56sk
2012-06-01 15:02:12,682-0500 INFO  LateBindingScheduler JobQueue: 5
2012-06-01 15:02:12,684-0500 INFO  vdl:checkjobstatus SUCCESS jobid=cka-jyfl56sk - Success file found
2012-06-01 15:02:12,685-0500 DEBUG vdl:execute2 STAGING_OUT jobid=cka-jyfl56sk
2012-06-01 15:02:12,687-0500 INFO  vdl:dostageout START jobid=cka-jyfl56sk - Staging out files
2012-06-01 15:02:12,688-0500 DEBUG vdl:dostageout stageouts: [[$, c:countfile - Open]]
2012-06-01 15:02:12,697-0500 DEBUG vdl:dostageout FILE_STAGE_OUT_START srcname=4.result srcdir=zhao-foreach-20120601-1502-4k800zsd/shared/ srchost=localhost destdir= desthost=localhost provider=file
2012-06-01 15:02:12,699-0500 INFO  LateBindingScheduler JobQueue: 5
2012-06-01 15:02:12,707-0500 INFO  LateBindingScheduler JobQueue: 5
2012-06-01 15:02:12,709-0500 DEBUG vdl:dostageout FILE_STAGE_OUT_END srcname=4.result srcdir=zhao-foreach-20120601-1502-4k800zsd/shared/ srchost=localhost destdir= desthost=localhost provider=file
2012-06-01 15:02:12,712-0500 INFO  LateBindingScheduler JobQueue: 5
2012-06-01 15:02:12,718-0500 INFO  vdl:dostageout END jobid=cka-jyfl56sk - Staging out finished
2012-06-01 15:02:12,723-0500 DEBUG vdl:execute2 JOB_END jobid=cka-jyfl56sk
2012-06-01 15:02:12,725-0500 INFO  vdl:execute END_SUCCESS thread=0-1-4-1 tr=cka
2012-06-01 15:02:12,726-0500 DEBUG countwords PROCEDURE_END line=5
2012-06-01 15:02:12,728-0500 DEBUG vdl:mains FOREACH_IT_END line=13 thread=0-1-4
2012-06-01 15:02:13,214-0500 INFO  WeightedHostScoreScheduler CONTACT_SELECTED host=localhost, score=2.902
2012-06-01 15:02:13,221-0500 DEBUG vdl:execute2 THREAD_ASSOCIATION jobid=cka-kyfl56sk thread=0-1-3-1-1 host=localhost replicationGroup=byfl56sk
2012-06-01 15:02:13,230-0500 INFO  vdl:createdirset START jobid=cka-kyfl56sk host=localhost - Initializing directory structure
2012-06-01 15:02:13,232-0500 INFO  vdl:createdirset END jobid=cka-kyfl56sk - Done initializing directory structure
2012-06-01 15:02:13,234-0500 INFO  vdl:dostagein START jobid=cka-kyfl56sk - Staging in files
2012-06-01 15:02:13,241-0500 INFO  LateBindingScheduler JobQueue: 4
2012-06-01 15:02:13,242-0500 DEBUG vdl:dostagein CDM: file://localhost/scott3a.sh : DEFAULT
2012-06-01 15:02:13,246-0500 INFO  vdl:dostagein END jobid=cka-kyfl56sk - Staging in finished
2012-06-01 15:02:13,249-0500 DEBUG vdl:execute2 JOB_START jobid=cka-kyfl56sk tr=cka arguments=[] tmpdir=zhao-foreach-20120601-1502-4k800zsd/jobs/k/cka-kyfl56sk host=localhost
2012-06-01 15:02:13,263-0500 INFO  GridExec TASK_DEFINITION: Task(type=JOB_SUBMISSION, identity=urn:0-1-3-1-1-1338580929859) is /bin/bash shared/_swiftwrap cka-kyfl56sk -jobdir k -scratch  -e /home/skrieder/swift/cuda/1sm1ms -out 3.result -err stderr.txt -i -d  -if scott3a.sh -of 3.result -k  -cdmfile  -status files -a
2012-06-01 15:02:13,264-0500 INFO  JobSubmissionTaskHandler Submit: in: /var/tmp/zhao-foreach-20120601-1502-4k800zsd command: /bin/bash /var/tmp/zhao-foreach-20120601-1502-4k800zsd/shared/_swiftwrap cka-kyfl56sk -jobdir k -scratch  -e /home/skrieder/swift/cuda/1sm1ms -out 3.result -err stderr.txt -i -d  -if scott3a.sh -of 3.result -k  -cdmfile  -status files -a
2012-06-01 15:02:13,490-0500 INFO  LateBindingScheduler JobQueue: 4
2012-06-01 15:02:13,493-0500 DEBUG vdl:checkjobstatus START jobid=cka-kyfl56sk
2012-06-01 15:02:13,497-0500 INFO  LateBindingScheduler JobQueue: 4
2012-06-01 15:02:13,498-0500 INFO  vdl:checkjobstatus SUCCESS jobid=cka-kyfl56sk - Success file found
2012-06-01 15:02:13,499-0500 DEBUG vdl:execute2 STAGING_OUT jobid=cka-kyfl56sk
2012-06-01 15:02:13,501-0500 INFO  vdl:dostageout START jobid=cka-kyfl56sk - Staging out files
2012-06-01 15:02:13,502-0500 DEBUG vdl:dostageout stageouts: [[$, c:countfile - Open]]
2012-06-01 15:02:13,510-0500 DEBUG vdl:dostageout FILE_STAGE_OUT_START srcname=3.result srcdir=zhao-foreach-20120601-1502-4k800zsd/shared/ srchost=localhost destdir= desthost=localhost provider=file
2012-06-01 15:02:13,512-0500 INFO  LateBindingScheduler JobQueue: 4
2012-06-01 15:02:13,519-0500 INFO  LateBindingScheduler JobQueue: 4
2012-06-01 15:02:13,521-0500 DEBUG vdl:dostageout FILE_STAGE_OUT_END srcname=3.result srcdir=zhao-foreach-20120601-1502-4k800zsd/shared/ srchost=localhost destdir= desthost=localhost provider=file
2012-06-01 15:02:13,524-0500 INFO  LateBindingScheduler JobQueue: 4
2012-06-01 15:02:13,528-0500 INFO  vdl:dostageout END jobid=cka-kyfl56sk - Staging out finished
2012-06-01 15:02:13,532-0500 DEBUG vdl:execute2 JOB_END jobid=cka-kyfl56sk
2012-06-01 15:02:13,534-0500 INFO  vdl:execute END_SUCCESS thread=0-1-3-1 tr=cka
2012-06-01 15:02:13,535-0500 DEBUG countwords PROCEDURE_END line=5
2012-06-01 15:02:13,537-0500 DEBUG vdl:mains FOREACH_IT_END line=13 thread=0-1-3
2012-06-01 15:02:14,025-0500 INFO  WeightedHostScoreScheduler CONTACT_SELECTED host=localhost, score=3.543
2012-06-01 15:02:14,031-0500 DEBUG vdl:execute2 THREAD_ASSOCIATION jobid=cka-lyfl56sk thread=0-1-6-1-1 host=localhost replicationGroup=cyfl56sk
2012-06-01 15:02:14,041-0500 INFO  vdl:createdirset START jobid=cka-lyfl56sk host=localhost - Initializing directory structure
2012-06-01 15:02:14,042-0500 INFO  vdl:createdirset END jobid=cka-lyfl56sk - Done initializing directory structure
2012-06-01 15:02:14,043-0500 INFO  vdl:dostagein START jobid=cka-lyfl56sk - Staging in files
2012-06-01 15:02:14,051-0500 INFO  LateBindingScheduler JobQueue: 3
2012-06-01 15:02:14,052-0500 DEBUG vdl:dostagein CDM: file://localhost/scott3a.sh : DEFAULT
2012-06-01 15:02:14,055-0500 INFO  vdl:dostagein END jobid=cka-lyfl56sk - Staging in finished
2012-06-01 15:02:14,057-0500 DEBUG vdl:execute2 JOB_START jobid=cka-lyfl56sk tr=cka arguments=[] tmpdir=zhao-foreach-20120601-1502-4k800zsd/jobs/l/cka-lyfl56sk host=localhost
2012-06-01 15:02:14,067-0500 INFO  GridExec TASK_DEFINITION: Task(type=JOB_SUBMISSION, identity=urn:0-1-6-1-1-1338580929872) is /bin/bash shared/_swiftwrap cka-lyfl56sk -jobdir l -scratch  -e /home/skrieder/swift/cuda/1sm1ms -out 6.result -err stderr.txt -i -d  -if scott3a.sh -of 6.result -k  -cdmfile  -status files -a
2012-06-01 15:02:14,068-0500 INFO  JobSubmissionTaskHandler Submit: in: /var/tmp/zhao-foreach-20120601-1502-4k800zsd command: /bin/bash /var/tmp/zhao-foreach-20120601-1502-4k800zsd/shared/_swiftwrap cka-lyfl56sk -jobdir l -scratch  -e /home/skrieder/swift/cuda/1sm1ms -out 6.result -err stderr.txt -i -d  -if scott3a.sh -of 6.result -k  -cdmfile  -status files -a
2012-06-01 15:02:14,293-0500 INFO  LateBindingScheduler JobQueue: 3
2012-06-01 15:02:14,297-0500 DEBUG vdl:checkjobstatus START jobid=cka-lyfl56sk
2012-06-01 15:02:14,300-0500 INFO  LateBindingScheduler JobQueue: 3
2012-06-01 15:02:14,301-0500 INFO  vdl:checkjobstatus SUCCESS jobid=cka-lyfl56sk - Success file found
2012-06-01 15:02:14,302-0500 DEBUG vdl:execute2 STAGING_OUT jobid=cka-lyfl56sk
2012-06-01 15:02:14,304-0500 INFO  vdl:dostageout START jobid=cka-lyfl56sk - Staging out files
2012-06-01 15:02:14,304-0500 DEBUG vdl:dostageout stageouts: [[$, c:countfile - Open]]
2012-06-01 15:02:14,311-0500 DEBUG vdl:dostageout FILE_STAGE_OUT_START srcname=6.result srcdir=zhao-foreach-20120601-1502-4k800zsd/shared/ srchost=localhost destdir= desthost=localhost provider=file
2012-06-01 15:02:14,314-0500 INFO  LateBindingScheduler JobQueue: 3
2012-06-01 15:02:14,320-0500 INFO  LateBindingScheduler JobQueue: 3
2012-06-01 15:02:14,322-0500 DEBUG vdl:dostageout FILE_STAGE_OUT_END srcname=6.result srcdir=zhao-foreach-20120601-1502-4k800zsd/shared/ srchost=localhost destdir= desthost=localhost provider=file
2012-06-01 15:02:14,325-0500 INFO  LateBindingScheduler JobQueue: 3
2012-06-01 15:02:14,329-0500 INFO  vdl:dostageout END jobid=cka-lyfl56sk - Staging out finished
2012-06-01 15:02:14,333-0500 DEBUG vdl:execute2 JOB_END jobid=cka-lyfl56sk
2012-06-01 15:02:14,334-0500 INFO  vdl:execute END_SUCCESS thread=0-1-6-1 tr=cka
2012-06-01 15:02:14,336-0500 DEBUG countwords PROCEDURE_END line=5
2012-06-01 15:02:14,337-0500 DEBUG vdl:mains FOREACH_IT_END line=13 thread=0-1-6
2012-06-01 15:02:14,826-0500 INFO  WeightedHostScoreScheduler CONTACT_SELECTED host=localhost, score=4.275
2012-06-01 15:02:14,832-0500 DEBUG vdl:execute2 THREAD_ASSOCIATION jobid=cka-myfl56sk thread=0-1-2-1-1 host=localhost replicationGroup=ayfl56sk
2012-06-01 15:02:14,840-0500 INFO  vdl:createdirset START jobid=cka-myfl56sk host=localhost - Initializing directory structure
2012-06-01 15:02:14,841-0500 INFO  vdl:createdirset END jobid=cka-myfl56sk - Done initializing directory structure
2012-06-01 15:02:14,843-0500 INFO  vdl:dostagein START jobid=cka-myfl56sk - Staging in files
2012-06-01 15:02:14,850-0500 INFO  LateBindingScheduler JobQueue: 2
2012-06-01 15:02:14,851-0500 DEBUG vdl:dostagein CDM: file://localhost/scott3a.sh : DEFAULT
2012-06-01 15:02:14,854-0500 INFO  vdl:dostagein END jobid=cka-myfl56sk - Staging in finished
2012-06-01 15:02:14,856-0500 DEBUG vdl:execute2 JOB_START jobid=cka-myfl56sk tr=cka arguments=[] tmpdir=zhao-foreach-20120601-1502-4k800zsd/jobs/m/cka-myfl56sk host=localhost
2012-06-01 15:02:14,865-0500 INFO  GridExec TASK_DEFINITION: Task(type=JOB_SUBMISSION, identity=urn:0-1-2-1-1-1338580929885) is /bin/bash shared/_swiftwrap cka-myfl56sk -jobdir m -scratch  -e /home/skrieder/swift/cuda/1sm1ms -out 2.result -err stderr.txt -i -d  -if scott3a.sh -of 2.result -k  -cdmfile  -status files -a
2012-06-01 15:02:14,867-0500 INFO  JobSubmissionTaskHandler Submit: in: /var/tmp/zhao-foreach-20120601-1502-4k800zsd command: /bin/bash /var/tmp/zhao-foreach-20120601-1502-4k800zsd/shared/_swiftwrap cka-myfl56sk -jobdir m -scratch  -e /home/skrieder/swift/cuda/1sm1ms -out 2.result -err stderr.txt -i -d  -if scott3a.sh -of 2.result -k  -cdmfile  -status files -a
2012-06-01 15:02:15,073-0500 INFO  LateBindingScheduler JobQueue: 2
2012-06-01 15:02:15,075-0500 DEBUG vdl:checkjobstatus START jobid=cka-myfl56sk
2012-06-01 15:02:15,078-0500 INFO  LateBindingScheduler JobQueue: 2
2012-06-01 15:02:15,079-0500 INFO  vdl:checkjobstatus SUCCESS jobid=cka-myfl56sk - Success file found
2012-06-01 15:02:15,080-0500 DEBUG vdl:execute2 STAGING_OUT jobid=cka-myfl56sk
2012-06-01 15:02:15,082-0500 INFO  vdl:dostageout START jobid=cka-myfl56sk - Staging out files
2012-06-01 15:02:15,083-0500 DEBUG vdl:dostageout stageouts: [[$, c:countfile - Open]]
2012-06-01 15:02:15,088-0500 DEBUG vdl:dostageout FILE_STAGE_OUT_START srcname=2.result srcdir=zhao-foreach-20120601-1502-4k800zsd/shared/ srchost=localhost destdir= desthost=localhost provider=file
2012-06-01 15:02:15,091-0500 INFO  LateBindingScheduler JobQueue: 2
2012-06-01 15:02:15,097-0500 INFO  LateBindingScheduler JobQueue: 2
2012-06-01 15:02:15,099-0500 DEBUG vdl:dostageout FILE_STAGE_OUT_END srcname=2.result srcdir=zhao-foreach-20120601-1502-4k800zsd/shared/ srchost=localhost destdir= desthost=localhost provider=file
2012-06-01 15:02:15,102-0500 INFO  LateBindingScheduler JobQueue: 2
2012-06-01 15:02:15,105-0500 INFO  vdl:dostageout END jobid=cka-myfl56sk - Staging out finished
2012-06-01 15:02:15,108-0500 DEBUG vdl:execute2 JOB_END jobid=cka-myfl56sk
2012-06-01 15:02:15,110-0500 INFO  vdl:execute END_SUCCESS thread=0-1-2-1 tr=cka
2012-06-01 15:02:15,111-0500 DEBUG countwords PROCEDURE_END line=5
2012-06-01 15:02:15,113-0500 DEBUG vdl:mains FOREACH_IT_END line=13 thread=0-1-2
2012-06-01 15:02:15,603-0500 INFO  WeightedHostScoreScheduler CONTACT_SELECTED host=localhost, score=5.096
2012-06-01 15:02:15,607-0500 DEBUG vdl:execute2 THREAD_ASSOCIATION jobid=cka-nyfl56sk thread=0-1-7-1-1 host=localhost replicationGroup=fyfl56sk
2012-06-01 15:02:15,614-0500 INFO  vdl:createdirset START jobid=cka-nyfl56sk host=localhost - Initializing directory structure
2012-06-01 15:02:15,615-0500 INFO  vdl:createdirset END jobid=cka-nyfl56sk - Done initializing directory structure
2012-06-01 15:02:15,617-0500 INFO  vdl:dostagein START jobid=cka-nyfl56sk - Staging in files
2012-06-01 15:02:15,622-0500 INFO  LateBindingScheduler JobQueue: 1
2012-06-01 15:02:15,624-0500 DEBUG vdl:dostagein CDM: file://localhost/scott3a.sh : DEFAULT
2012-06-01 15:02:15,626-0500 INFO  vdl:dostagein END jobid=cka-nyfl56sk - Staging in finished
2012-06-01 15:02:15,628-0500 DEBUG vdl:execute2 JOB_START jobid=cka-nyfl56sk tr=cka arguments=[] tmpdir=zhao-foreach-20120601-1502-4k800zsd/jobs/n/cka-nyfl56sk host=localhost
2012-06-01 15:02:15,636-0500 INFO  GridExec TASK_DEFINITION: Task(type=JOB_SUBMISSION, identity=urn:0-1-7-1-1-1338580929898) is /bin/bash shared/_swiftwrap cka-nyfl56sk -jobdir n -scratch  -e /home/skrieder/swift/cuda/1sm1ms -out 7.result -err stderr.txt -i -d  -if scott3a.sh -of 7.result -k  -cdmfile  -status files -a
2012-06-01 15:02:15,637-0500 INFO  JobSubmissionTaskHandler Submit: in: /var/tmp/zhao-foreach-20120601-1502-4k800zsd command: /bin/bash /var/tmp/zhao-foreach-20120601-1502-4k800zsd/shared/_swiftwrap cka-nyfl56sk -jobdir n -scratch  -e /home/skrieder/swift/cuda/1sm1ms -out 7.result -err stderr.txt -i -d  -if scott3a.sh -of 7.result -k  -cdmfile  -status files -a
2012-06-01 15:02:15,863-0500 INFO  LateBindingScheduler JobQueue: 1
2012-06-01 15:02:15,865-0500 DEBUG vdl:checkjobstatus START jobid=cka-nyfl56sk
2012-06-01 15:02:15,868-0500 INFO  LateBindingScheduler JobQueue: 1
2012-06-01 15:02:15,869-0500 INFO  vdl:checkjobstatus SUCCESS jobid=cka-nyfl56sk - Success file found
2012-06-01 15:02:15,870-0500 DEBUG vdl:execute2 STAGING_OUT jobid=cka-nyfl56sk
2012-06-01 15:02:15,871-0500 INFO  vdl:dostageout START jobid=cka-nyfl56sk - Staging out files
2012-06-01 15:02:15,872-0500 DEBUG vdl:dostageout stageouts: [[$, c:countfile - Open]]
2012-06-01 15:02:15,875-0500 DEBUG vdl:dostageout FILE_STAGE_OUT_START srcname=7.result srcdir=zhao-foreach-20120601-1502-4k800zsd/shared/ srchost=localhost destdir= desthost=localhost provider=file
2012-06-01 15:02:15,877-0500 INFO  LateBindingScheduler JobQueue: 1
2012-06-01 15:02:15,883-0500 INFO  LateBindingScheduler JobQueue: 1
2012-06-01 15:02:15,884-0500 DEBUG vdl:dostageout FILE_STAGE_OUT_END srcname=7.result srcdir=zhao-foreach-20120601-1502-4k800zsd/shared/ srchost=localhost destdir= desthost=localhost provider=file
2012-06-01 15:02:15,887-0500 INFO  LateBindingScheduler JobQueue: 1
2012-06-01 15:02:15,890-0500 INFO  vdl:dostageout END jobid=cka-nyfl56sk - Staging out finished
2012-06-01 15:02:15,893-0500 DEBUG vdl:execute2 JOB_END jobid=cka-nyfl56sk
2012-06-01 15:02:15,894-0500 INFO  vdl:execute END_SUCCESS thread=0-1-7-1 tr=cka
2012-06-01 15:02:15,895-0500 DEBUG countwords PROCEDURE_END line=5
2012-06-01 15:02:15,895-0500 DEBUG vdl:mains FOREACH_IT_END line=13 thread=0-1-7
2012-06-01 15:02:16,388-0500 INFO  WeightedHostScoreScheduler CONTACT_SELECTED host=localhost, score=6.001
2012-06-01 15:02:16,393-0500 DEBUG vdl:execute2 THREAD_ASSOCIATION jobid=cka-oyfl56sk thread=0-1-5-1-1 host=localhost replicationGroup=dyfl56sk
2012-06-01 15:02:16,397-0500 INFO  vdl:createdirset START jobid=cka-oyfl56sk host=localhost - Initializing directory structure
2012-06-01 15:02:16,398-0500 INFO  vdl:createdirset END jobid=cka-oyfl56sk - Done initializing directory structure
2012-06-01 15:02:16,399-0500 INFO  vdl:dostagein START jobid=cka-oyfl56sk - Staging in files
2012-06-01 15:02:16,405-0500 INFO  LateBindingScheduler JobQueue: 0
2012-06-01 15:02:16,406-0500 DEBUG vdl:dostagein CDM: file://localhost/scott3a.sh : DEFAULT
2012-06-01 15:02:16,408-0500 INFO  vdl:dostagein END jobid=cka-oyfl56sk - Staging in finished
2012-06-01 15:02:16,409-0500 DEBUG vdl:execute2 JOB_START jobid=cka-oyfl56sk tr=cka arguments=[] tmpdir=zhao-foreach-20120601-1502-4k800zsd/jobs/o/cka-oyfl56sk host=localhost
2012-06-01 15:02:16,416-0500 INFO  GridExec TASK_DEFINITION: Task(type=JOB_SUBMISSION, identity=urn:0-1-5-1-1-1338580929911) is /bin/bash shared/_swiftwrap cka-oyfl56sk -jobdir o -scratch  -e /home/skrieder/swift/cuda/1sm1ms -out 5.result -err stderr.txt -i -d  -if scott3a.sh -of 5.result -k  -cdmfile  -status files -a
2012-06-01 15:02:16,417-0500 INFO  JobSubmissionTaskHandler Submit: in: /var/tmp/zhao-foreach-20120601-1502-4k800zsd command: /bin/bash /var/tmp/zhao-foreach-20120601-1502-4k800zsd/shared/_swiftwrap cka-oyfl56sk -jobdir o -scratch  -e /home/skrieder/swift/cuda/1sm1ms -out 5.result -err stderr.txt -i -d  -if scott3a.sh -of 5.result -k  -cdmfile  -status files -a
2012-06-01 15:02:16,643-0500 INFO  LateBindingScheduler JobQueue: 0
2012-06-01 15:02:16,645-0500 DEBUG vdl:checkjobstatus START jobid=cka-oyfl56sk
2012-06-01 15:02:16,648-0500 INFO  LateBindingScheduler JobQueue: 0
2012-06-01 15:02:16,649-0500 INFO  vdl:checkjobstatus SUCCESS jobid=cka-oyfl56sk - Success file found
2012-06-01 15:02:16,650-0500 DEBUG vdl:execute2 STAGING_OUT jobid=cka-oyfl56sk
2012-06-01 15:02:16,651-0500 INFO  vdl:dostageout START jobid=cka-oyfl56sk - Staging out files
2012-06-01 15:02:16,651-0500 DEBUG vdl:dostageout stageouts: [[$, c:countfile - Open]]
2012-06-01 15:02:16,659-0500 DEBUG vdl:dostageout FILE_STAGE_OUT_START srcname=5.result srcdir=zhao-foreach-20120601-1502-4k800zsd/shared/ srchost=localhost destdir= desthost=localhost provider=file
2012-06-01 15:02:16,661-0500 INFO  LateBindingScheduler JobQueue: 0
2012-06-01 15:02:16,667-0500 INFO  LateBindingScheduler JobQueue: 0
2012-06-01 15:02:16,668-0500 DEBUG vdl:dostageout FILE_STAGE_OUT_END srcname=5.result srcdir=zhao-foreach-20120601-1502-4k800zsd/shared/ srchost=localhost destdir= desthost=localhost provider=file
2012-06-01 15:02:16,671-0500 INFO  LateBindingScheduler JobQueue: 0
2012-06-01 15:02:16,673-0500 INFO  vdl:dostageout END jobid=cka-oyfl56sk - Staging out finished
2012-06-01 15:02:16,675-0500 DEBUG vdl:execute2 JOB_END jobid=cka-oyfl56sk
2012-06-01 15:02:16,676-0500 INFO  vdl:execute END_SUCCESS thread=0-1-5-1 tr=cka
2012-06-01 15:02:16,677-0500 DEBUG countwords PROCEDURE_END line=5
2012-06-01 15:02:16,678-0500 DEBUG vdl:mains FOREACH_IT_END line=13 thread=0-1-5
2012-06-01 15:02:16,696-0500 DEBUG vdl:mains Starting cleanups
2012-06-01 15:02:16,697-0500 INFO  vdl:cleanups START cleanups=[[zhao-foreach-20120601-1502-4k800zsd, localhost]]
2012-06-01 15:02:16,698-0500 INFO  vdl:cleanup START dir=zhao-foreach-20120601-1502-4k800zsd host=localhost
2012-06-01 15:02:16,698-0500 DEBUG vdl:cleanup cdmfile 
2012-06-01 15:02:16,700-0500 INFO  GridExec TASK_DEFINITION: Task(type=JOB_SUBMISSION, identity=urn:0-1-1338580929922) is /bin/rm -rf zhao-foreach-20120601-1502-4k800zsd
2012-06-01 15:02:16,701-0500 INFO  JobSubmissionTaskHandler Submit: in: /var/tmp command: /bin/rm -rf zhao-foreach-20120601-1502-4k800zsd
2012-06-01 15:02:16,702-0500 INFO  LateBindingScheduler JobQueue: 0
2012-06-01 15:02:16,704-0500 INFO  vdl:cleanup END dir=zhao-foreach-20120601-1502-4k800zsd host=localhost
2012-06-01 15:02:16,705-0500 INFO  vdl:cleanups END cleanups=[[zhao-foreach-20120601-1502-4k800zsd, localhost]]
2012-06-01 15:02:16,706-0500 DEBUG vdl:mains Ending cleanups
2012-06-01 15:02:16,709-0500 INFO  Loader Swift finished with no errors
