2012-06-01 08:59:22,680-0500 DEBUG Loader arguments: [foreach.swift]
2012-06-01 08:59:22,680-0500 DEBUG Loader Max heap: 252248064
2012-06-01 08:59:22,681-0500 DEBUG textfiles BEGIN SWIFTSCRIPT:
type messagefile; 
type countfile; 

app (countfile t) countwords (messagefile f) {   
     sh "scott3a.sh" stdout=@filename(t);
}

string inputNames = "scott3a.sh";

messagefile inputfiles[] <fixed_array_mapper;files=inputNames>;

foreach f in inputfiles {
  countfile c;
  c = countwords(f);
}


2012-06-01 08:59:22,681-0500 DEBUG textfiles END SWIFTSCRIPT:
2012-06-01 08:59:22,682-0500 INFO  Loader foreach.swift: source file is new. Recompiling.
2012-06-01 08:59:22,682-0500 DEBUG Loader kmlversion is >239b8550-a5ff-44be-a124-5e7ecd70737d<
2012-06-01 08:59:22,682-0500 DEBUG Loader build version is >239b8550-a5ff-44be-a124-5e7ecd70737d<
2012-06-01 08:59:23,610-0500 INFO  Karajan Validation of XML intermediate file was successful
2012-06-01 08:59:23,797-0500 DEBUG textfiles using default sites file
2012-06-01 08:59:23,801-0500 INFO  VDL2ExecutionContext Stack dump:
Level 1
[iA = 0, iB = 0, bA = false, bB = false]
	vdl:instanceconfig = Swift configuration []
	vdl:operation = run
	swift.home = /usr/local/swift/bin/..
	PATH_SEPARATOR = /


2012-06-01 08:59:24,460-0500 INFO  unknown Using sites file: /usr/local/swift/bin/../etc/sites.xml
2012-06-01 08:59:24,496-0500 INFO  unknown Using tc.data: /usr/local/swift/bin/../etc/tc.data
2012-06-01 08:59:24,609-0500 WARN  File On line 24in File /usr/local/swift/bin/../etc/tc.data

java.lang.IllegalStateException: Error : Illegal TCType defined. Please specify one of the predefined types 
 [INSTALLED, SOURCE, STATIC_BINARY, DYNAMIC_BINARY, PACMAN_PACKAGE, SCRIPT]
	at org.globus.swift.catalog.types.TCType.fromValue(TCType.java:73)
	at org.globus.swift.catalog.types.TCType.fromString(TCType.java:85)
	at org.globus.swift.catalog.transformation.File.populateTC(File.java:1085)
	at org.globus.swift.catalog.transformation.File.populateTC(File.java:1034)
	at org.globus.swift.catalog.transformation.File.<init>(File.java:149)
	at org.globus.swift.catalog.transformation.File.getNonSingletonInstance(File.java:116)
	at org.griphyn.vdl.karajan.VDSAdaptiveScheduler.setProperty(VDSAdaptiveScheduler.java:71)
	at org.globus.cog.karajan.workflow.nodes.grid.SchedulerNode.newScheduler(SchedulerNode.java:104)
	at org.globus.cog.karajan.workflow.nodes.grid.SchedulerNode.post(SchedulerNode.java:63)
	at org.globus.cog.karajan.workflow.nodes.AbstractSequentialWithArguments.completed(AbstractSequentialWithArguments.java:194)
	at org.globus.cog.karajan.workflow.nodes.FlowNode.complete(FlowNode.java:214)
	at org.globus.cog.karajan.workflow.nodes.FlowContainer.post(FlowContainer.java:58)
	at org.globus.cog.karajan.workflow.nodes.AbstractSequentialWithArguments.completed(AbstractSequentialWithArguments.java:194)
	at org.globus.cog.karajan.workflow.nodes.user.UserDefinedElement.completed(UserDefinedElement.java:286)
	at org.globus.cog.karajan.workflow.nodes.user.SequentialImplicitExecutionUDE.completed(SequentialImplicitExecutionUDE.java:89)
	at org.globus.cog.karajan.workflow.nodes.FlowNode.complete(FlowNode.java:214)
	at org.globus.cog.karajan.workflow.nodes.FlowContainer.post(FlowContainer.java:58)
	at org.globus.cog.karajan.workflow.nodes.functions.AbstractFunction.post(AbstractFunction.java:28)
	at org.globus.cog.karajan.workflow.nodes.AbstractSequentialWithArguments.completed(AbstractSequentialWithArguments.java:194)
	at org.globus.cog.karajan.workflow.nodes.FlowNode.complete(FlowNode.java:214)
	at org.globus.cog.karajan.workflow.nodes.ExecuteFile.completed(ExecuteFile.java:158)
	at org.globus.cog.karajan.workflow.nodes.FlowNode.complete(FlowNode.java:214)
	at org.globus.cog.karajan.workflow.nodes.FlowContainer.post(FlowContainer.java:58)
	at org.globus.cog.karajan.workflow.nodes.Sequential.startNext(Sequential.java:29)
	at org.globus.cog.karajan.workflow.nodes.Sequential.completed(Sequential.java:24)
	at org.globus.cog.karajan.workflow.nodes.FlowNode.complete(FlowNode.java:214)
	at org.globus.cog.karajan.workflow.nodes.FlowContainer.post(FlowContainer.java:58)
	at org.globus.cog.karajan.workflow.nodes.AbstractSequentialWithArguments.completed(AbstractSequentialWithArguments.java:194)
	at org.globus.cog.karajan.workflow.nodes.user.UserDefinedElement.completed(UserDefinedElement.java:286)
	at org.globus.cog.karajan.workflow.nodes.user.SequentialImplicitExecutionUDE.completed(SequentialImplicitExecutionUDE.java:89)
	at org.globus.cog.karajan.workflow.nodes.FlowNode.complete(FlowNode.java:214)
	at org.globus.cog.karajan.workflow.nodes.FlowContainer.post(FlowContainer.java:58)
	at org.globus.cog.karajan.workflow.nodes.functions.AbstractFunction.post(AbstractFunction.java:28)
	at org.globus.cog.karajan.workflow.nodes.AbstractSequentialWithArguments.completed(AbstractSequentialWithArguments.java:194)
	at org.globus.cog.karajan.workflow.nodes.FlowNode.complete(FlowNode.java:214)
	at org.globus.cog.karajan.workflow.nodes.FlowContainer.post(FlowContainer.java:58)
	at org.globus.cog.karajan.workflow.nodes.AbstractSequentialWithArguments.completed(AbstractSequentialWithArguments.java:194)
	at org.globus.cog.karajan.workflow.nodes.PartialArgumentsContainer.nonArgChildCompleted(PartialArgumentsContainer.java:105)
	at org.globus.cog.karajan.workflow.nodes.PartialArgumentsContainer.completed(PartialArgumentsContainer.java:86)
	at org.globus.cog.karajan.workflow.nodes.FlowNode.complete(FlowNode.java:214)
	at org.globus.cog.karajan.workflow.nodes.Maybe.failed(Maybe.java:23)
	at org.globus.cog.karajan.workflow.nodes.FlowNode.failImmediately(FlowNode.java:89)
	at org.globus.cog.karajan.workflow.nodes.FlowNode.failed(FlowNode.java:245)
	at org.globus.cog.karajan.workflow.nodes.FlowNode.failImmediately(FlowNode.java:89)
	at org.globus.cog.karajan.workflow.nodes.FlowNode.restart(FlowNode.java:151)
	at org.globus.cog.karajan.workflow.nodes.FlowNode.start(FlowNode.java:197)
	at org.globus.cog.karajan.workflow.FlowElementWrapper.start(FlowElementWrapper.java:227)
	at org.globus.cog.karajan.workflow.events.EventBus.start(EventBus.java:104)
	at org.globus.cog.karajan.workflow.events.EventTargetPair.run(EventTargetPair.java:40)
	at java.util.concurrent.Executors$RunnableAdapter.call(Executors.java:471)
	at java.util.concurrent.FutureTask$Sync.innerRun(FutureTask.java:334)
	at java.util.concurrent.FutureTask.run(FutureTask.java:166)
	at java.util.concurrent.ThreadPoolExecutor.runWorker(ThreadPoolExecutor.java:1110)
	at java.util.concurrent.ThreadPoolExecutor$Worker.run(ThreadPoolExecutor.java:603)
	at java.lang.Thread.run(Thread.java:722)
2012-06-01 08:59:24,616-0500 INFO  AbstractScheduler Setting resources to: {localhost=localhost}
2012-06-01 08:59:25,180-0500 INFO  unknown Swift 0.93 swift-r5483 cog-r3339

2012-06-01 08:59:25,181-0500 INFO  unknown RUNID id=run:20120601-0859-3864yah1
2012-06-01 08:59:25,235-0500 INFO  SetFieldValue Set: inputNames=scott3a.sh
2012-06-01 08:59:25,247-0500 INFO  RootDataNode Found data inputfiles:messagefile[] - Open.[0]
2012-06-01 08:59:25,250-0500 DEBUG vdl:mains FOREACH_IT_START line=12 thread=0-1-0
2012-06-01 08:59:25,251-0500 DEBUG vdl:mains SCOPE thread=0-1-0
2012-06-01 08:59:25,264-0500 DEBUG countwords PROCEDURE line=4 thread=0-1-0-1 name=countwords
2012-06-01 08:59:25,274-0500 INFO  vdl:execute START thread=0-1-0-1 tr=sh
2012-06-01 08:59:25,298-0500 INFO  WeightedHostScoreScheduler CONTACT_SELECTED host=localhost, score=1.000
2012-06-01 08:59:25,305-0500 INFO  GlobalSubmitQueue No global submit throttle set. Using default (1024)
2012-06-01 08:59:25,310-0500 INFO  LateBindingScheduler JobQueue: 0
2012-06-01 08:59:25,314-0500 INFO  LateBindingScheduler JobQueue: 0
2012-06-01 08:59:25,317-0500 INFO  vdl:initshareddir START host=localhost - Initializing shared directory
2012-06-01 08:59:25,320-0500 INFO  LateBindingScheduler JobQueue: 0
2012-06-01 08:59:25,345-0500 INFO  LateBindingScheduler JobQueue: 0
2012-06-01 08:59:25,349-0500 INFO  LateBindingScheduler JobQueue: 0
2012-06-01 08:59:25,352-0500 INFO  LateBindingScheduler JobQueue: 0
2012-06-01 08:59:25,354-0500 INFO  LateBindingScheduler JobQueue: 0
2012-06-01 08:59:25,357-0500 INFO  LateBindingScheduler JobQueue: 0
2012-06-01 08:59:25,358-0500 INFO  vdl:initshareddir END host=localhost - Done initializing shared directory
2012-06-01 08:59:25,360-0500 DEBUG vdl:execute2 THREAD_ASSOCIATION jobid=sh-6bs3q5sk thread=0-1-0-1-1 host=localhost replicationGroup=5bs3q5sk
2012-06-01 08:59:25,369-0500 INFO  vdl:createdirset START jobid=sh-6bs3q5sk host=localhost - Initializing directory structure
2012-06-01 08:59:25,371-0500 INFO  vdl:createdirs START path=_concurrent dir=foreach-20120601-0859-3864yah1/shared - Creating directory structure
2012-06-01 08:59:25,372-0500 INFO  LateBindingScheduler JobQueue: 0
2012-06-01 08:59:25,373-0500 INFO  vdl:createdirset END jobid=sh-6bs3q5sk - Done initializing directory structure
2012-06-01 08:59:25,373-0500 INFO  vdl:dostagein START jobid=sh-6bs3q5sk - Staging in files
2012-06-01 08:59:25,380-0500 INFO  LateBindingScheduler JobQueue: 0
2012-06-01 08:59:25,383-0500 DEBUG vdl:dostagein CDM: file://localhost/scott3a.sh : DEFAULT
2012-06-01 08:59:25,387-0500 DEBUG vdl:dostageinfile FILE_STAGE_IN_START file=scott3a.sh srchost=localhost srcdir= srcname=scott3a.sh desthost=localhost destdir=foreach-20120601-0859-3864yah1/shared/ provider=file policy=DEFAULT
2012-06-01 08:59:25,391-0500 INFO  LateBindingScheduler JobQueue: 0
2012-06-01 08:59:25,393-0500 DEBUG vdl:dostageinfile FILE_STAGE_IN_END file=scott3a.sh srchost=localhost srcdir= srcname=scott3a.sh desthost=localhost destdir=foreach-20120601-0859-3864yah1/shared/ provider=file
2012-06-01 08:59:25,394-0500 INFO  vdl:dostagein END jobid=sh-6bs3q5sk - Staging in finished
2012-06-01 08:59:25,396-0500 DEBUG vdl:execute2 JOB_START jobid=sh-6bs3q5sk tr=sh arguments=[scott3a.sh] tmpdir=foreach-20120601-0859-3864yah1/jobs/6/sh-6bs3q5sk host=localhost
2012-06-01 08:59:25,400-0500 DEBUG textfiles BEGIN TC:
#This is the transformation catalog.
#
#It comes pre-configured with a number of simple transformations with
#paths that are likely to work on a linux box. However, on some systems,
#the paths to these executables will be different (for example, sometimes
#some of these programs are found in /usr/bin rather than in /bin)
#
#NOTE WELL: fields in this file must be separated by tabs, not spaces; and
#there must be no trailing whitespace at the end of each line.
#
# sitename  transformation  path   INSTALLED  platform  profiles
localhost 	echo 		/bin/echo	INSTALLED	INTEL32::LINUX	null
localhost 	cat 		/bin/cat	INSTALLED	INTEL32::LINUX	null
localhost 	ls 		/bin/ls		INSTALLED	INTEL32::LINUX	null
localhost 	grep 		/bin/grep	INSTALLED	INTEL32::LINUX	null
localhost 	sort 		/bin/sort	INSTALLED	INTEL32::LINUX	null
localhost 	paste 		/bin/paste	INSTALLED	INTEL32::LINUX	null
localhost 	cp 		/bin/cp         INSTALLED	INTEL32::LINUX	null
localhost 	touch 		/bin/touch      INSTALLED	INTEL32::LINUX	null
localhost	wc		/usr/bin/wc	INSTALLED	INTEL32::LINUX	null
localhost	sh		/bin/sh		INSTALLED	INTEL32::LINUX	null
localhost	sleep		/bin/sleep	INSTALLED	INTEL32::LINUX	null
localhost	tr		/usr/bin/tr	INSTALLED	INTEL32::LINUX	null
localhost	scott.sh	/Users/scottkrieder/swift/examples/swift/tutorial/scott.sh	INTSALLED	INTEL32::LINUX	null


2012-06-01 08:59:25,400-0500 DEBUG textfiles END TC:
2012-06-01 08:59:25,404-0500 WARN  File On line 24in File /usr/local/swift/bin/../etc/tc.data

java.lang.IllegalStateException: Error : Illegal TCType defined. Please specify one of the predefined types 
 [INSTALLED, SOURCE, STATIC_BINARY, DYNAMIC_BINARY, PACMAN_PACKAGE, SCRIPT]
	at org.globus.swift.catalog.types.TCType.fromValue(TCType.java:73)
	at org.globus.swift.catalog.types.TCType.fromString(TCType.java:85)
	at org.globus.swift.catalog.transformation.File.populateTC(File.java:1085)
	at org.globus.swift.catalog.transformation.File.populateTC(File.java:1034)
	at org.globus.swift.catalog.transformation.File.<init>(File.java:149)
	at org.globus.swift.catalog.transformation.File.getNonSingletonInstance(File.java:116)
	at org.griphyn.vdl.karajan.lib.VDLFunction.getTC(VDLFunction.java:492)
	at org.griphyn.vdl.karajan.lib.Executable.function(Executable.java:24)
	at org.griphyn.vdl.karajan.lib.VDLFunction.post(VDLFunction.java:62)
	at org.globus.cog.karajan.workflow.nodes.AbstractSequentialWithArguments.completed(AbstractSequentialWithArguments.java:194)
	at org.globus.cog.karajan.workflow.nodes.FlowNode.complete(FlowNode.java:214)
	at org.globus.cog.karajan.workflow.nodes.FlowContainer.post(FlowContainer.java:58)
	at org.globus.cog.karajan.workflow.nodes.functions.AbstractFunction.post(AbstractFunction.java:28)
	at org.globus.cog.karajan.workflow.nodes.Sequential.startNext(Sequential.java:29)
	at org.globus.cog.karajan.workflow.nodes.Sequential.executeChildren(Sequential.java:20)
	at org.globus.cog.karajan.workflow.nodes.FlowContainer.execute(FlowContainer.java:63)
	at org.globus.cog.karajan.workflow.nodes.FlowNode.restart(FlowNode.java:139)
	at org.globus.cog.karajan.workflow.nodes.FlowNode.start(FlowNode.java:197)
	at org.globus.cog.karajan.workflow.FlowElementWrapper.start(FlowElementWrapper.java:227)
	at org.globus.cog.karajan.workflow.events.EventBus.start(EventBus.java:104)
	at org.globus.cog.karajan.workflow.events.EventTargetPair.run(EventTargetPair.java:40)
	at java.util.concurrent.Executors$RunnableAdapter.call(Executors.java:471)
	at java.util.concurrent.FutureTask$Sync.innerRun(FutureTask.java:334)
	at java.util.concurrent.FutureTask.run(FutureTask.java:166)
	at java.util.concurrent.ThreadPoolExecutor.runWorker(ThreadPoolExecutor.java:1110)
	at java.util.concurrent.ThreadPoolExecutor$Worker.run(ThreadPoolExecutor.java:603)
	at java.lang.Thread.run(Thread.java:722)
2012-06-01 08:59:25,414-0500 INFO  GridExec TASK_DEFINITION: Task(type=JOB_SUBMISSION, identity=urn:0-1-0-1-1-1338559164493) is /bin/bash shared/_swiftwrap sh-6bs3q5sk -jobdir 6 -scratch  -e /bin/sh -out _concurrent/c-9d05126a-177c-4e40-b4ae-5f23fc06111e-1-0 -err stderr.txt -i -d _concurrent -if scott3a.sh -of _concurrent/c-9d05126a-177c-4e40-b4ae-5f23fc06111e-1-0 -k  -cdmfile  -status files -a scott3a.sh
2012-06-01 08:59:25,421-0500 INFO  JobSubmissionTaskHandler Submit: in: /var/tmp/foreach-20120601-0859-3864yah1 command: /bin/bash /var/tmp/foreach-20120601-0859-3864yah1/shared/_swiftwrap sh-6bs3q5sk -jobdir 6 -scratch  -e /bin/sh -out _concurrent/c-9d05126a-177c-4e40-b4ae-5f23fc06111e-1-0 -err stderr.txt -i -d _concurrent -if scott3a.sh -of _concurrent/c-9d05126a-177c-4e40-b4ae-5f23fc06111e-1-0 -k  -cdmfile  -status files -a scott3a.sh
2012-06-01 08:59:25,572-0500 INFO  LateBindingScheduler JobQueue: 0
2012-06-01 08:59:25,578-0500 DEBUG vdl:checkjobstatus START jobid=sh-6bs3q5sk
2012-06-01 08:59:25,582-0500 INFO  LateBindingScheduler JobQueue: 0
2012-06-01 08:59:25,583-0500 INFO  vdl:checkjobstatus SUCCESS jobid=sh-6bs3q5sk - Success file found
2012-06-01 08:59:25,586-0500 DEBUG vdl:execute2 STAGING_OUT jobid=sh-6bs3q5sk
2012-06-01 08:59:25,589-0500 INFO  vdl:dostageout START jobid=sh-6bs3q5sk - Staging out files
2012-06-01 08:59:25,591-0500 DEBUG vdl:dostageout stageouts: [[$, c:countfile - Open]]
2012-06-01 08:59:25,609-0500 DEBUG vdl:dostageout FILE_STAGE_OUT_START srcname=c-9d05126a-177c-4e40-b4ae-5f23fc06111e-1-0 srcdir=foreach-20120601-0859-3864yah1/shared/_concurrent srchost=localhost destdir=_concurrent desthost=localhost provider=file
2012-06-01 08:59:25,612-0500 INFO  LateBindingScheduler JobQueue: 0
2012-06-01 08:59:25,629-0500 INFO  LateBindingScheduler JobQueue: 0
2012-06-01 08:59:25,631-0500 DEBUG vdl:dostageout FILE_STAGE_OUT_END srcname=c-9d05126a-177c-4e40-b4ae-5f23fc06111e-1-0 srcdir=foreach-20120601-0859-3864yah1/shared/_concurrent srchost=localhost destdir=_concurrent desthost=localhost provider=file
2012-06-01 08:59:25,635-0500 INFO  LateBindingScheduler JobQueue: 0
2012-06-01 08:59:25,642-0500 INFO  vdl:dostageout END jobid=sh-6bs3q5sk - Staging out finished
2012-06-01 08:59:25,652-0500 DEBUG vdl:execute2 JOB_END jobid=sh-6bs3q5sk
2012-06-01 08:59:25,655-0500 INFO  vdl:execute END_SUCCESS thread=0-1-0-1 tr=sh
2012-06-01 08:59:25,657-0500 DEBUG countwords PROCEDURE_END line=4
2012-06-01 08:59:25,660-0500 DEBUG vdl:mains FOREACH_IT_END line=12 thread=0-1-0
2012-06-01 08:59:25,683-0500 DEBUG vdl:mains Starting cleanups
2012-06-01 08:59:25,684-0500 INFO  vdl:cleanups START cleanups=[[foreach-20120601-0859-3864yah1, localhost]]
2012-06-01 08:59:25,685-0500 INFO  vdl:cleanup START dir=foreach-20120601-0859-3864yah1 host=localhost
2012-06-01 08:59:25,686-0500 DEBUG vdl:cleanup cdmfile 
2012-06-01 08:59:25,690-0500 INFO  GridExec TASK_DEFINITION: Task(type=JOB_SUBMISSION, identity=urn:0-1-1338559164504) is /bin/rm -rf foreach-20120601-0859-3864yah1
2012-06-01 08:59:25,690-0500 INFO  JobSubmissionTaskHandler Submit: in: /var/tmp command: /bin/rm -rf foreach-20120601-0859-3864yah1
2012-06-01 08:59:25,691-0500 INFO  LateBindingScheduler JobQueue: 0
2012-06-01 08:59:25,691-0500 INFO  vdl:cleanup END dir=foreach-20120601-0859-3864yah1 host=localhost
2012-06-01 08:59:25,691-0500 INFO  vdl:cleanups END cleanups=[[foreach-20120601-0859-3864yah1, localhost]]
2012-06-01 08:59:25,692-0500 DEBUG vdl:mains Ending cleanups
2012-06-01 08:59:25,693-0500 INFO  Loader Swift finished with no errors
