2012-06-01 09:07:45,292-0500 DEBUG Loader arguments: [foreach.swift]
2012-06-01 09:07:45,292-0500 DEBUG Loader Max heap: 252248064
2012-06-01 09:07:45,293-0500 DEBUG textfiles BEGIN SWIFTSCRIPT:
type messagefile; 
type countfile; 

app (countfile t) countwords (messagefile f) {   
     sleep "0" stdout=@filename(t);
}

string inputNames = "scott3a.sh";

messagefile inputfiles[] <fixed_array_mapper;files=inputNames>;

foreach f in inputfiles {
  countfile c;
  c = countwords(f);
}


2012-06-01 09:07:45,293-0500 DEBUG textfiles END SWIFTSCRIPT:
2012-06-01 09:07:45,293-0500 INFO  Loader foreach.swift: source file is new. Recompiling.
2012-06-01 09:07:45,293-0500 DEBUG Loader kmlversion is >239b8550-a5ff-44be-a124-5e7ecd70737d<
2012-06-01 09:07:45,293-0500 DEBUG Loader build version is >239b8550-a5ff-44be-a124-5e7ecd70737d<
2012-06-01 09:07:45,859-0500 INFO  Karajan Validation of XML intermediate file was successful
2012-06-01 09:07:46,045-0500 DEBUG textfiles using default sites file
2012-06-01 09:07:46,048-0500 INFO  VDL2ExecutionContext Stack dump:
Level 1
[iA = 0, iB = 0, bA = false, bB = false]
	vdl:instanceconfig = Swift configuration []
	vdl:operation = run
	swift.home = /usr/local/swift/bin/..
	PATH_SEPARATOR = /


2012-06-01 09:07:46,649-0500 INFO  unknown Using sites file: /usr/local/swift/bin/../etc/sites.xml
2012-06-01 09:07:46,688-0500 INFO  unknown Using tc.data: /usr/local/swift/bin/../etc/tc.data
2012-06-01 09:07:46,797-0500 WARN  File On line 24in File /usr/local/swift/bin/../etc/tc.data

java.lang.IllegalStateException: Error : Illegal TCType defined. Please specify one of the predefined types 
 [INSTALLED, SOURCE, STATIC_BINARY, DYNAMIC_BINARY, PACMAN_PACKAGE, SCRIPT]
	at org.globus.swift.catalog.types.TCType.fromValue(TCType.java:73)
	at org.globus.swift.catalog.types.TCType.fromString(TCType.java:85)
	at org.globus.swift.catalog.transformation.File.populateTC(File.java:1085)
	at org.globus.swift.catalog.transformation.File.populateTC(File.java:1034)
	at org.globus.swift.catalog.transformation.File.<init>(File.java:149)
	at org.globus.swift.catalog.transformation.File.getNonSingletonInstance(File.java:116)
	at org.griphyn.vdl.karajan.VDSAdaptiveScheduler.setProperty(VDSAdaptiveScheduler.java:71)
	at org.globus.cog.karajan.workflow.nodes.grid.SchedulerNode.newScheduler(SchedulerNode.java:104)
	at org.globus.cog.karajan.workflow.nodes.grid.SchedulerNode.post(SchedulerNode.java:63)
	at org.globus.cog.karajan.workflow.nodes.AbstractSequentialWithArguments.completed(AbstractSequentialWithArguments.java:194)
	at org.globus.cog.karajan.workflow.nodes.FlowNode.complete(FlowNode.java:214)
	at org.globus.cog.karajan.workflow.nodes.FlowContainer.post(FlowContainer.java:58)
	at org.globus.cog.karajan.workflow.nodes.AbstractSequentialWithArguments.completed(AbstractSequentialWithArguments.java:194)
	at org.globus.cog.karajan.workflow.nodes.user.UserDefinedElement.completed(UserDefinedElement.java:286)
	at org.globus.cog.karajan.workflow.nodes.user.SequentialImplicitExecutionUDE.completed(SequentialImplicitExecutionUDE.java:89)
	at org.globus.cog.karajan.workflow.nodes.FlowNode.complete(FlowNode.java:214)
	at org.globus.cog.karajan.workflow.nodes.FlowContainer.post(FlowContainer.java:58)
	at org.globus.cog.karajan.workflow.nodes.functions.AbstractFunction.post(AbstractFunction.java:28)
	at org.globus.cog.karajan.workflow.nodes.AbstractSequentialWithArguments.completed(AbstractSequentialWithArguments.java:194)
	at org.globus.cog.karajan.workflow.nodes.FlowNode.complete(FlowNode.java:214)
	at org.globus.cog.karajan.workflow.nodes.ExecuteFile.completed(ExecuteFile.java:158)
	at org.globus.cog.karajan.workflow.nodes.FlowNode.complete(FlowNode.java:214)
	at org.globus.cog.karajan.workflow.nodes.FlowContainer.post(FlowContainer.java:58)
	at org.globus.cog.karajan.workflow.nodes.Sequential.startNext(Sequential.java:29)
	at org.globus.cog.karajan.workflow.nodes.Sequential.completed(Sequential.java:24)
	at org.globus.cog.karajan.workflow.nodes.FlowNode.complete(FlowNode.java:214)
	at org.globus.cog.karajan.workflow.nodes.FlowContainer.post(FlowContainer.java:58)
	at org.globus.cog.karajan.workflow.nodes.AbstractSequentialWithArguments.completed(AbstractSequentialWithArguments.java:194)
	at org.globus.cog.karajan.workflow.nodes.user.UserDefinedElement.completed(UserDefinedElement.java:286)
	at org.globus.cog.karajan.workflow.nodes.user.SequentialImplicitExecutionUDE.completed(SequentialImplicitExecutionUDE.java:89)
	at org.globus.cog.karajan.workflow.nodes.FlowNode.complete(FlowNode.java:214)
	at org.globus.cog.karajan.workflow.nodes.FlowContainer.post(FlowContainer.java:58)
	at org.globus.cog.karajan.workflow.nodes.functions.AbstractFunction.post(AbstractFunction.java:28)
	at org.globus.cog.karajan.workflow.nodes.AbstractSequentialWithArguments.completed(AbstractSequentialWithArguments.java:194)
	at org.globus.cog.karajan.workflow.nodes.FlowNode.complete(FlowNode.java:214)
	at org.globus.cog.karajan.workflow.nodes.FlowContainer.post(FlowContainer.java:58)
	at org.globus.cog.karajan.workflow.nodes.AbstractSequentialWithArguments.completed(AbstractSequentialWithArguments.java:194)
	at org.globus.cog.karajan.workflow.nodes.PartialArgumentsContainer.nonArgChildCompleted(PartialArgumentsContainer.java:105)
	at org.globus.cog.karajan.workflow.nodes.PartialArgumentsContainer.completed(PartialArgumentsContainer.java:86)
	at org.globus.cog.karajan.workflow.nodes.FlowNode.complete(FlowNode.java:214)
	at org.globus.cog.karajan.workflow.nodes.Maybe.failed(Maybe.java:23)
	at org.globus.cog.karajan.workflow.nodes.FlowNode.failImmediately(FlowNode.java:89)
	at org.globus.cog.karajan.workflow.nodes.FlowNode.failed(FlowNode.java:245)
	at org.globus.cog.karajan.workflow.nodes.FlowNode.failImmediately(FlowNode.java:89)
	at org.globus.cog.karajan.workflow.nodes.FlowNode.restart(FlowNode.java:151)
	at org.globus.cog.karajan.workflow.nodes.FlowNode.start(FlowNode.java:197)
	at org.globus.cog.karajan.workflow.FlowElementWrapper.start(FlowElementWrapper.java:227)
	at org.globus.cog.karajan.workflow.events.EventBus.start(EventBus.java:104)
	at org.globus.cog.karajan.workflow.events.EventTargetPair.run(EventTargetPair.java:40)
	at java.util.concurrent.Executors$RunnableAdapter.call(Executors.java:471)
	at java.util.concurrent.FutureTask$Sync.innerRun(FutureTask.java:334)
	at java.util.concurrent.FutureTask.run(FutureTask.java:166)
	at java.util.concurrent.ThreadPoolExecutor.runWorker(ThreadPoolExecutor.java:1110)
	at java.util.concurrent.ThreadPoolExecutor$Worker.run(ThreadPoolExecutor.java:603)
	at java.lang.Thread.run(Thread.java:722)
2012-06-01 09:07:46,804-0500 INFO  AbstractScheduler Setting resources to: {localhost=localhost}
2012-06-01 09:07:47,528-0500 INFO  unknown Swift 0.93 swift-r5483 cog-r3339

2012-06-01 09:07:47,528-0500 INFO  unknown RUNID id=run:20120601-0907-hydj6hgg
2012-06-01 09:07:47,591-0500 INFO  SetFieldValue Set: inputNames=scott3a.sh
2012-06-01 09:07:47,613-0500 INFO  RootDataNode Found data inputfiles:messagefile[] - Open.[0]
2012-06-01 09:07:47,615-0500 DEBUG vdl:mains FOREACH_IT_START line=12 thread=0-1-0
2012-06-01 09:07:47,616-0500 DEBUG vdl:mains SCOPE thread=0-1-0
2012-06-01 09:07:47,623-0500 DEBUG countwords PROCEDURE line=4 thread=0-1-0-1 name=countwords
2012-06-01 09:07:47,630-0500 INFO  vdl:execute START thread=0-1-0-1 tr=sleep
2012-06-01 09:07:47,646-0500 INFO  WeightedHostScoreScheduler CONTACT_SELECTED host=localhost, score=1.000
2012-06-01 09:07:47,651-0500 INFO  GlobalSubmitQueue No global submit throttle set. Using default (1024)
2012-06-01 09:07:47,655-0500 INFO  LateBindingScheduler JobQueue: 0
2012-06-01 09:07:47,658-0500 INFO  LateBindingScheduler JobQueue: 0
2012-06-01 09:07:47,663-0500 INFO  vdl:initshareddir START host=localhost - Initializing shared directory
2012-06-01 09:07:47,668-0500 INFO  LateBindingScheduler JobQueue: 0
2012-06-01 09:07:47,698-0500 INFO  LateBindingScheduler JobQueue: 0
2012-06-01 09:07:47,702-0500 INFO  LateBindingScheduler JobQueue: 0
2012-06-01 09:07:47,706-0500 INFO  LateBindingScheduler JobQueue: 0
2012-06-01 09:07:47,710-0500 INFO  LateBindingScheduler JobQueue: 0
2012-06-01 09:07:47,718-0500 INFO  LateBindingScheduler JobQueue: 0
2012-06-01 09:07:47,722-0500 INFO  vdl:initshareddir END host=localhost - Done initializing shared directory
2012-06-01 09:07:47,728-0500 DEBUG vdl:execute2 THREAD_ASSOCIATION jobid=sleep-vaifq5sk thread=0-1-0-1-1 host=localhost replicationGroup=uaifq5sk
2012-06-01 09:07:47,749-0500 INFO  vdl:createdirset START jobid=sleep-vaifq5sk host=localhost - Initializing directory structure
2012-06-01 09:07:47,756-0500 INFO  vdl:createdirs START path=_concurrent dir=foreach-20120601-0907-hydj6hgg/shared - Creating directory structure
2012-06-01 09:07:47,758-0500 INFO  LateBindingScheduler JobQueue: 0
2012-06-01 09:07:47,760-0500 INFO  vdl:createdirset END jobid=sleep-vaifq5sk - Done initializing directory structure
2012-06-01 09:07:47,763-0500 INFO  vdl:dostagein START jobid=sleep-vaifq5sk - Staging in files
2012-06-01 09:07:47,787-0500 INFO  LateBindingScheduler JobQueue: 0
2012-06-01 09:07:47,799-0500 DEBUG vdl:dostagein CDM: file://localhost/scott3a.sh : DEFAULT
2012-06-01 09:07:47,803-0500 DEBUG vdl:dostageinfile FILE_STAGE_IN_START file=scott3a.sh srchost=localhost srcdir= srcname=scott3a.sh desthost=localhost destdir=foreach-20120601-0907-hydj6hgg/shared/ provider=file policy=DEFAULT
2012-06-01 09:07:47,807-0500 INFO  LateBindingScheduler JobQueue: 0
2012-06-01 09:07:47,809-0500 DEBUG vdl:dostageinfile FILE_STAGE_IN_END file=scott3a.sh srchost=localhost srcdir= srcname=scott3a.sh desthost=localhost destdir=foreach-20120601-0907-hydj6hgg/shared/ provider=file
2012-06-01 09:07:47,809-0500 INFO  vdl:dostagein END jobid=sleep-vaifq5sk - Staging in finished
2012-06-01 09:07:47,811-0500 DEBUG vdl:execute2 JOB_START jobid=sleep-vaifq5sk tr=sleep arguments=[0] tmpdir=foreach-20120601-0907-hydj6hgg/jobs/v/sleep-vaifq5sk host=localhost
2012-06-01 09:07:47,815-0500 DEBUG textfiles BEGIN TC:
#This is the transformation catalog.
#
#It comes pre-configured with a number of simple transformations with
#paths that are likely to work on a linux box. However, on some systems,
#the paths to these executables will be different (for example, sometimes
#some of these programs are found in /usr/bin rather than in /bin)
#
#NOTE WELL: fields in this file must be separated by tabs, not spaces; and
#there must be no trailing whitespace at the end of each line.
#
# sitename  transformation  path   INSTALLED  platform  profiles
localhost 	echo 		/bin/echo	INSTALLED	INTEL32::LINUX	null
localhost 	cat 		/bin/cat	INSTALLED	INTEL32::LINUX	null
localhost 	ls 		/bin/ls		INSTALLED	INTEL32::LINUX	null
localhost 	grep 		/bin/grep	INSTALLED	INTEL32::LINUX	null
localhost 	sort 		/bin/sort	INSTALLED	INTEL32::LINUX	null
localhost 	paste 		/bin/paste	INSTALLED	INTEL32::LINUX	null
localhost 	cp 		/bin/cp         INSTALLED	INTEL32::LINUX	null
localhost 	touch 		/bin/touch      INSTALLED	INTEL32::LINUX	null
localhost	wc		/usr/bin/wc	INSTALLED	INTEL32::LINUX	null
localhost	sh		/bin/sh		INSTALLED	INTEL32::LINUX	null
localhost	sleep		/bin/sleep	INSTALLED	INTEL32::LINUX	null
localhost	tr		/usr/bin/tr	INSTALLED	INTEL32::LINUX	null
localhost	scott.sh	/Users/scottkrieder/swift/examples/swift/tutorial/scott.sh	INTSALLED	INTEL32::LINUX	null


2012-06-01 09:07:47,815-0500 DEBUG textfiles END TC:
2012-06-01 09:07:47,817-0500 WARN  File On line 24in File /usr/local/swift/bin/../etc/tc.data

java.lang.IllegalStateException: Error : Illegal TCType defined. Please specify one of the predefined types 
 [INSTALLED, SOURCE, STATIC_BINARY, DYNAMIC_BINARY, PACMAN_PACKAGE, SCRIPT]
	at org.globus.swift.catalog.types.TCType.fromValue(TCType.java:73)
	at org.globus.swift.catalog.types.TCType.fromString(TCType.java:85)
	at org.globus.swift.catalog.transformation.File.populateTC(File.java:1085)
	at org.globus.swift.catalog.transformation.File.populateTC(File.java:1034)
	at org.globus.swift.catalog.transformation.File.<init>(File.java:149)
	at org.globus.swift.catalog.transformation.File.getNonSingletonInstance(File.java:116)
	at org.griphyn.vdl.karajan.lib.VDLFunction.getTC(VDLFunction.java:492)
	at org.griphyn.vdl.karajan.lib.Executable.function(Executable.java:24)
	at org.griphyn.vdl.karajan.lib.VDLFunction.post(VDLFunction.java:62)
	at org.globus.cog.karajan.workflow.nodes.AbstractSequentialWithArguments.completed(AbstractSequentialWithArguments.java:194)
	at org.globus.cog.karajan.workflow.nodes.FlowNode.complete(FlowNode.java:214)
	at org.globus.cog.karajan.workflow.nodes.FlowContainer.post(FlowContainer.java:58)
	at org.globus.cog.karajan.workflow.nodes.functions.AbstractFunction.post(AbstractFunction.java:28)
	at org.globus.cog.karajan.workflow.nodes.Sequential.startNext(Sequential.java:29)
	at org.globus.cog.karajan.workflow.nodes.Sequential.executeChildren(Sequential.java:20)
	at org.globus.cog.karajan.workflow.nodes.FlowContainer.execute(FlowContainer.java:63)
	at org.globus.cog.karajan.workflow.nodes.FlowNode.restart(FlowNode.java:139)
	at org.globus.cog.karajan.workflow.nodes.FlowNode.start(FlowNode.java:197)
	at org.globus.cog.karajan.workflow.FlowElementWrapper.start(FlowElementWrapper.java:227)
	at org.globus.cog.karajan.workflow.events.EventBus.start(EventBus.java:104)
	at org.globus.cog.karajan.workflow.events.EventTargetPair.run(EventTargetPair.java:40)
	at java.util.concurrent.Executors$RunnableAdapter.call(Executors.java:471)
	at java.util.concurrent.FutureTask$Sync.innerRun(FutureTask.java:334)
	at java.util.concurrent.FutureTask.run(FutureTask.java:166)
	at java.util.concurrent.ThreadPoolExecutor.runWorker(ThreadPoolExecutor.java:1110)
	at java.util.concurrent.ThreadPoolExecutor$Worker.run(ThreadPoolExecutor.java:603)
	at java.lang.Thread.run(Thread.java:722)
2012-06-01 09:07:47,825-0500 INFO  GridExec TASK_DEFINITION: Task(type=JOB_SUBMISSION, identity=urn:0-1-0-1-1-1338559666682) is /bin/bash shared/_swiftwrap sleep-vaifq5sk -jobdir v -scratch  -e /bin/sleep -out _concurrent/c-2ba670e4-2e91-45a2-a807-e2eabcd64c81-1-0 -err stderr.txt -i -d _concurrent -if scott3a.sh -of _concurrent/c-2ba670e4-2e91-45a2-a807-e2eabcd64c81-1-0 -k  -cdmfile  -status files -a 0
2012-06-01 09:07:47,842-0500 INFO  JobSubmissionTaskHandler Submit: in: /var/tmp/foreach-20120601-0907-hydj6hgg command: /bin/bash /var/tmp/foreach-20120601-0907-hydj6hgg/shared/_swiftwrap sleep-vaifq5sk -jobdir v -scratch  -e /bin/sleep -out _concurrent/c-2ba670e4-2e91-45a2-a807-e2eabcd64c81-1-0 -err stderr.txt -i -d _concurrent -if scott3a.sh -of _concurrent/c-2ba670e4-2e91-45a2-a807-e2eabcd64c81-1-0 -k  -cdmfile  -status files -a 0
2012-06-01 09:07:47,993-0500 INFO  LateBindingScheduler JobQueue: 0
2012-06-01 09:07:48,000-0500 DEBUG vdl:checkjobstatus START jobid=sleep-vaifq5sk
2012-06-01 09:07:48,003-0500 INFO  LateBindingScheduler JobQueue: 0
2012-06-01 09:07:48,005-0500 INFO  vdl:checkjobstatus SUCCESS jobid=sleep-vaifq5sk - Success file found
2012-06-01 09:07:48,008-0500 DEBUG vdl:execute2 STAGING_OUT jobid=sleep-vaifq5sk
2012-06-01 09:07:48,012-0500 INFO  vdl:dostageout START jobid=sleep-vaifq5sk - Staging out files
2012-06-01 09:07:48,013-0500 DEBUG vdl:dostageout stageouts: [[$, c:countfile - Open]]
2012-06-01 09:07:48,032-0500 DEBUG vdl:dostageout FILE_STAGE_OUT_START srcname=c-2ba670e4-2e91-45a2-a807-e2eabcd64c81-1-0 srcdir=foreach-20120601-0907-hydj6hgg/shared/_concurrent srchost=localhost destdir=_concurrent desthost=localhost provider=file
2012-06-01 09:07:48,034-0500 INFO  LateBindingScheduler JobQueue: 0
2012-06-01 09:07:48,044-0500 INFO  LateBindingScheduler JobQueue: 0
2012-06-01 09:07:48,046-0500 DEBUG vdl:dostageout FILE_STAGE_OUT_END srcname=c-2ba670e4-2e91-45a2-a807-e2eabcd64c81-1-0 srcdir=foreach-20120601-0907-hydj6hgg/shared/_concurrent srchost=localhost destdir=_concurrent desthost=localhost provider=file
2012-06-01 09:07:48,050-0500 INFO  LateBindingScheduler JobQueue: 0
2012-06-01 09:07:48,058-0500 INFO  vdl:dostageout END jobid=sleep-vaifq5sk - Staging out finished
2012-06-01 09:07:48,068-0500 DEBUG vdl:execute2 JOB_END jobid=sleep-vaifq5sk
2012-06-01 09:07:48,070-0500 INFO  vdl:execute END_SUCCESS thread=0-1-0-1 tr=sleep
2012-06-01 09:07:48,073-0500 DEBUG countwords PROCEDURE_END line=4
2012-06-01 09:07:48,076-0500 DEBUG vdl:mains FOREACH_IT_END line=12 thread=0-1-0
2012-06-01 09:07:48,101-0500 DEBUG vdl:mains Starting cleanups
2012-06-01 09:07:48,102-0500 INFO  vdl:cleanups START cleanups=[[foreach-20120601-0907-hydj6hgg, localhost]]
2012-06-01 09:07:48,103-0500 INFO  vdl:cleanup START dir=foreach-20120601-0907-hydj6hgg host=localhost
2012-06-01 09:07:48,104-0500 DEBUG vdl:cleanup cdmfile 
2012-06-01 09:07:48,106-0500 INFO  GridExec TASK_DEFINITION: Task(type=JOB_SUBMISSION, identity=urn:0-1-1338559666693) is /bin/rm -rf foreach-20120601-0907-hydj6hgg
2012-06-01 09:07:48,107-0500 INFO  JobSubmissionTaskHandler Submit: in: /var/tmp command: /bin/rm -rf foreach-20120601-0907-hydj6hgg
2012-06-01 09:07:48,107-0500 INFO  LateBindingScheduler JobQueue: 0
2012-06-01 09:07:48,108-0500 INFO  vdl:cleanup END dir=foreach-20120601-0907-hydj6hgg host=localhost
2012-06-01 09:07:48,110-0500 INFO  vdl:cleanups END cleanups=[[foreach-20120601-0907-hydj6hgg, localhost]]
2012-06-01 09:07:48,111-0500 DEBUG vdl:mains Ending cleanups
2012-06-01 09:07:48,112-0500 INFO  Loader Swift finished with no errors
