2012-05-18 17:53:31,192-0500 DEBUG Loader arguments: [arrays.swift]
2012-05-18 17:53:31,192-0500 DEBUG Loader Max heap: 265093120
2012-05-18 17:53:31,194-0500 DEBUG textfiles BEGIN SWIFTSCRIPT:
type messagefile; 

app (messagefile t) greeting (string s[]) {   
     echo s[0] s[1] s[2] stdout=@filename(t);
}

messagefile outfile <"arrays.txt">;

string words[] = ["how","are","you"];

outfile = greeting(words);



2012-05-18 17:53:31,194-0500 DEBUG textfiles END SWIFTSCRIPT:
2012-05-18 17:53:31,195-0500 DEBUG Loader kmlversion is >239b8550-a5ff-44be-a124-5e7ecd70737d<
2012-05-18 17:53:31,195-0500 DEBUG Loader build version is >239b8550-a5ff-44be-a124-5e7ecd70737d<
2012-05-18 17:53:31,195-0500 DEBUG Loader Recompilation suppressed.
2012-05-18 17:53:31,453-0500 DEBUG textfiles using default sites file
2012-05-18 17:53:31,460-0500 INFO  VDL2ExecutionContext Stack dump:
Level 1
[iA = 0, iB = 0, bA = false, bB = false]
	vdl:instanceconfig = Swift configuration []
	vdl:operation = run
	swift.home = /usr/local/swift/bin/..
	PATH_SEPARATOR = /


2012-05-18 17:53:32,483-0500 INFO  unknown Using sites file: /usr/local/swift/bin/../etc/sites.xml
2012-05-18 17:53:32,525-0500 INFO  unknown Using tc.data: /usr/local/swift/bin/../etc/tc.data
2012-05-18 17:53:32,696-0500 INFO  AbstractScheduler Setting resources to: {localhost=localhost}
2012-05-18 17:53:33,466-0500 INFO  unknown Swift 0.93 swift-r5483 cog-r3339

2012-05-18 17:53:33,467-0500 INFO  unknown RUNID id=run:20120518-1753-k817fkp7
2012-05-18 17:53:33,547-0500 INFO  RootDataNode Found mapped data outfile:messagefile - Open.$
2012-05-18 17:53:33,596-0500 DEBUG greeting PROCEDURE line=3 thread=0-1 name=greeting
2012-05-18 17:53:33,598-0500 INFO  CreateArray CREATEARRAY START array=dataset:20120518-1753-gk8x5l7g:720000000009
2012-05-18 17:53:33,599-0500 INFO  CreateArray CREATEARRAY MEMBER array=dataset:20120518-1753-gk8x5l7g:720000000009 index=0 member=dataset:20120518-1753-gk8x5l7g:720000000002
2012-05-18 17:53:33,599-0500 INFO  CreateArray CREATEARRAY MEMBER array=dataset:20120518-1753-gk8x5l7g:720000000009 index=1 member=dataset:20120518-1753-gk8x5l7g:720000000001
2012-05-18 17:53:33,599-0500 INFO  CreateArray CREATEARRAY MEMBER array=dataset:20120518-1753-gk8x5l7g:720000000009 index=2 member=dataset:20120518-1753-gk8x5l7g:720000000003
2012-05-18 17:53:33,599-0500 INFO  CreateArray CREATEARRAY COMPLETED array=dataset:20120518-1753-gk8x5l7g:720000000009
2012-05-18 17:53:33,599-0500 INFO  SetFieldValue Set: words={2=you, 1=are, 0=how}
2012-05-18 17:53:33,652-0500 INFO  vdl:execute START thread=0-1 tr=echo
2012-05-18 17:53:33,664-0500 INFO  WeightedHostScoreScheduler CONTACT_SELECTED host=localhost, score=1.000
2012-05-18 17:53:33,666-0500 INFO  GlobalSubmitQueue No global submit throttle set. Using default (1024)
2012-05-18 17:53:33,668-0500 INFO  LateBindingScheduler JobQueue: 0
2012-05-18 17:53:33,669-0500 INFO  LateBindingScheduler JobQueue: 0
2012-05-18 17:53:33,671-0500 INFO  vdl:initshareddir START host=localhost - Initializing shared directory
2012-05-18 17:53:33,673-0500 INFO  LateBindingScheduler JobQueue: 0
2012-05-18 17:53:33,685-0500 INFO  LateBindingScheduler JobQueue: 0
2012-05-18 17:53:33,686-0500 INFO  LateBindingScheduler JobQueue: 0
2012-05-18 17:53:33,687-0500 INFO  LateBindingScheduler JobQueue: 0
2012-05-18 17:53:33,689-0500 INFO  LateBindingScheduler JobQueue: 0
2012-05-18 17:53:33,691-0500 INFO  LateBindingScheduler JobQueue: 0
2012-05-18 17:53:33,692-0500 INFO  vdl:initshareddir END host=localhost - Done initializing shared directory
2012-05-18 17:53:33,694-0500 DEBUG vdl:execute2 THREAD_ASSOCIATION jobid=echo-g41ebirk thread=0-1-1 host=localhost replicationGroup=f41ebirk
2012-05-18 17:53:33,700-0500 INFO  vdl:createdirset START jobid=echo-g41ebirk host=localhost - Initializing directory structure
2012-05-18 17:53:33,701-0500 INFO  vdl:createdirset END jobid=echo-g41ebirk - Done initializing directory structure
2012-05-18 17:53:33,702-0500 INFO  vdl:dostagein START jobid=echo-g41ebirk - Staging in files
2012-05-18 17:53:33,705-0500 INFO  vdl:dostagein END jobid=echo-g41ebirk - Staging in finished
2012-05-18 17:53:33,706-0500 DEBUG vdl:execute2 JOB_START jobid=echo-g41ebirk tr=echo arguments=[how, are, you] tmpdir=arrays-20120518-1753-k817fkp7/jobs/g/echo-g41ebirk host=localhost
2012-05-18 17:53:33,709-0500 DEBUG textfiles BEGIN TC:
#This is the transformation catalog.
#
#It comes pre-configured with a number of simple transformations with
#paths that are likely to work on a linux box. However, on some systems,
#the paths to these executables will be different (for example, sometimes
#some of these programs are found in /usr/bin rather than in /bin)
#
#NOTE WELL: fields in this file must be separated by tabs, not spaces; and
#there must be no trailing whitespace at the end of each line.
#
# sitename  transformation  path   INSTALLED  platform  profiles
localhost 	echo 		/bin/echo	INSTALLED	INTEL32::LINUX	null
localhost 	cat 		/bin/cat	INSTALLED	INTEL32::LINUX	null
localhost 	ls 		/bin/ls		INSTALLED	INTEL32::LINUX	null
localhost 	grep 		/bin/grep	INSTALLED	INTEL32::LINUX	null
localhost 	sort 		/bin/sort	INSTALLED	INTEL32::LINUX	null
localhost 	paste 		/bin/paste	INSTALLED	INTEL32::LINUX	null
localhost 	cp 		/bin/cp         INSTALLED	INTEL32::LINUX	null
localhost 	touch 		/bin/touch      INSTALLED	INTEL32::LINUX	null
localhost	wc		/usr/bin/wc	INSTALLED	INTEL32::LINUX	null


2012-05-18 17:53:33,710-0500 DEBUG textfiles END TC:
2012-05-18 17:53:33,721-0500 INFO  GridExec TASK_DEFINITION: Task(type=JOB_SUBMISSION, identity=urn:0-1-1-1337381612511) is /bin/bash shared/_swiftwrap echo-g41ebirk -jobdir g -scratch  -e /bin/echo -out arrays.txt -err stderr.txt -i -d  -if  -of arrays.txt -k  -cdmfile  -status files -a how are you
2012-05-18 17:53:33,727-0500 INFO  JobSubmissionTaskHandler Submit: in: /var/tmp/arrays-20120518-1753-k817fkp7 command: /bin/bash /var/tmp/arrays-20120518-1753-k817fkp7/shared/_swiftwrap echo-g41ebirk -jobdir g -scratch  -e /bin/echo -out arrays.txt -err stderr.txt -i -d  -if  -of arrays.txt -k  -cdmfile  -status files -a how are you
2012-05-18 17:53:33,813-0500 INFO  LateBindingScheduler JobQueue: 0
2012-05-18 17:53:33,816-0500 DEBUG vdl:checkjobstatus START jobid=echo-g41ebirk
2012-05-18 17:53:33,818-0500 INFO  LateBindingScheduler JobQueue: 0
2012-05-18 17:53:33,819-0500 INFO  vdl:checkjobstatus SUCCESS jobid=echo-g41ebirk - Success file found
2012-05-18 17:53:33,819-0500 DEBUG vdl:execute2 STAGING_OUT jobid=echo-g41ebirk
2012-05-18 17:53:33,820-0500 INFO  vdl:dostageout START jobid=echo-g41ebirk - Staging out files
2012-05-18 17:53:33,821-0500 DEBUG vdl:dostageout stageouts: [[$, outfile:messagefile - Open]]
2012-05-18 17:53:33,826-0500 DEBUG vdl:dostageout FILE_STAGE_OUT_START srcname=arrays.txt srcdir=arrays-20120518-1753-k817fkp7/shared/ srchost=localhost destdir= desthost=localhost provider=file
2012-05-18 17:53:33,827-0500 INFO  LateBindingScheduler JobQueue: 0
2012-05-18 17:53:33,835-0500 INFO  LateBindingScheduler JobQueue: 0
2012-05-18 17:53:33,836-0500 DEBUG vdl:dostageout FILE_STAGE_OUT_END srcname=arrays.txt srcdir=arrays-20120518-1753-k817fkp7/shared/ srchost=localhost destdir= desthost=localhost provider=file
2012-05-18 17:53:33,839-0500 INFO  LateBindingScheduler JobQueue: 0
2012-05-18 17:53:33,844-0500 INFO  vdl:dostageout END jobid=echo-g41ebirk - Staging out finished
2012-05-18 17:53:33,848-0500 DEBUG vdl:execute2 JOB_END jobid=echo-g41ebirk
2012-05-18 17:53:33,848-0500 INFO  vdl:execute END_SUCCESS thread=0-1 tr=echo
2012-05-18 17:53:33,849-0500 DEBUG greeting PROCEDURE_END line=3
2012-05-18 17:53:33,867-0500 DEBUG vdl:mains Starting cleanups
2012-05-18 17:53:33,868-0500 INFO  vdl:cleanups START cleanups=[[arrays-20120518-1753-k817fkp7, localhost]]
2012-05-18 17:53:33,869-0500 INFO  vdl:cleanup START dir=arrays-20120518-1753-k817fkp7 host=localhost
2012-05-18 17:53:33,870-0500 DEBUG vdl:cleanup cdmfile 
2012-05-18 17:53:33,873-0500 INFO  GridExec TASK_DEFINITION: Task(type=JOB_SUBMISSION, identity=urn:0-1-1337381612522) is /bin/rm -rf arrays-20120518-1753-k817fkp7
2012-05-18 17:53:33,878-0500 INFO  JobSubmissionTaskHandler Submit: in: /var/tmp command: /bin/rm -rf arrays-20120518-1753-k817fkp7
2012-05-18 17:53:33,879-0500 INFO  LateBindingScheduler JobQueue: 0
2012-05-18 17:53:33,931-0500 INFO  vdl:cleanup END dir=arrays-20120518-1753-k817fkp7 host=localhost
2012-05-18 17:53:33,932-0500 INFO  vdl:cleanups END cleanups=[[arrays-20120518-1753-k817fkp7, localhost]]
2012-05-18 17:53:33,933-0500 DEBUG vdl:mains Ending cleanups
2012-05-18 17:53:33,936-0500 INFO  Loader Swift finished with no errors
