2012-05-18 17:53:13,594-0500 DEBUG Loader arguments: [arrays.swift]
2012-05-18 17:53:13,594-0500 DEBUG Loader Max heap: 265093120
2012-05-18 17:53:13,596-0500 DEBUG textfiles BEGIN SWIFTSCRIPT:
type messagefile; 

app (messagefile t) greeting (string s[]) {   
     echo s[0] s[1] s[2] stdout=@filename(t);
}

messagefile outfile <"arrays.txt">;

string words[] = ["how","are","you"];

outfile = greeting(words);



2012-05-18 17:53:13,596-0500 DEBUG textfiles END SWIFTSCRIPT:
2012-05-18 17:53:13,598-0500 INFO  Loader arrays.swift: source file is new. Recompiling.
2012-05-18 17:53:14,681-0500 INFO  Karajan Validation of XML intermediate file was successful
2012-05-18 17:53:15,017-0500 DEBUG textfiles using default sites file
2012-05-18 17:53:15,026-0500 INFO  VDL2ExecutionContext Stack dump:
Level 1
[iA = 0, iB = 0, bA = false, bB = false]
	vdl:instanceconfig = Swift configuration []
	vdl:operation = run
	swift.home = /usr/local/swift/bin/..
	PATH_SEPARATOR = /


2012-05-18 17:53:15,944-0500 INFO  unknown Using sites file: /usr/local/swift/bin/../etc/sites.xml
2012-05-18 17:53:16,006-0500 INFO  unknown Using tc.data: /usr/local/swift/bin/../etc/tc.data
2012-05-18 17:53:16,157-0500 INFO  AbstractScheduler Setting resources to: {localhost=localhost}
2012-05-18 17:53:16,950-0500 INFO  unknown Swift 0.93 swift-r5483 cog-r3339

2012-05-18 17:53:16,951-0500 INFO  unknown RUNID id=run:20120518-1753-s19b61t2
2012-05-18 17:53:17,051-0500 INFO  CreateArray CREATEARRAY START array=dataset:20120518-1753-60xzkr6d:720000000009
2012-05-18 17:53:17,052-0500 INFO  CreateArray CREATEARRAY MEMBER array=dataset:20120518-1753-60xzkr6d:720000000009 index=0 member=dataset:20120518-1753-60xzkr6d:720000000002
2012-05-18 17:53:17,052-0500 INFO  CreateArray CREATEARRAY MEMBER array=dataset:20120518-1753-60xzkr6d:720000000009 index=1 member=dataset:20120518-1753-60xzkr6d:720000000001
2012-05-18 17:53:17,052-0500 INFO  CreateArray CREATEARRAY MEMBER array=dataset:20120518-1753-60xzkr6d:720000000009 index=2 member=dataset:20120518-1753-60xzkr6d:720000000003
2012-05-18 17:53:17,052-0500 INFO  CreateArray CREATEARRAY COMPLETED array=dataset:20120518-1753-60xzkr6d:720000000009
2012-05-18 17:53:17,052-0500 INFO  SetFieldValue Set: words={2=you, 1=are, 0=how}
2012-05-18 17:53:17,055-0500 DEBUG greeting PROCEDURE line=3 thread=0-1 name=greeting
2012-05-18 17:53:17,069-0500 INFO  vdl:execute START thread=0-1 tr=echo
2012-05-18 17:53:17,081-0500 INFO  WeightedHostScoreScheduler CONTACT_SELECTED host=localhost, score=1.000
2012-05-18 17:53:17,085-0500 INFO  GlobalSubmitQueue No global submit throttle set. Using default (1024)
2012-05-18 17:53:17,087-0500 INFO  LateBindingScheduler JobQueue: 0
2012-05-18 17:53:17,090-0500 INFO  LateBindingScheduler JobQueue: 0
2012-05-18 17:53:17,092-0500 INFO  vdl:initshareddir START host=localhost - Initializing shared directory
2012-05-18 17:53:17,094-0500 INFO  LateBindingScheduler JobQueue: 0
2012-05-18 17:53:17,111-0500 INFO  LateBindingScheduler JobQueue: 0
2012-05-18 17:53:17,114-0500 INFO  LateBindingScheduler JobQueue: 0
2012-05-18 17:53:17,116-0500 INFO  LateBindingScheduler JobQueue: 0
2012-05-18 17:53:17,118-0500 INFO  LateBindingScheduler JobQueue: 0
2012-05-18 17:53:17,121-0500 INFO  LateBindingScheduler JobQueue: 0
2012-05-18 17:53:17,122-0500 INFO  vdl:initshareddir END host=localhost - Done initializing shared directory
2012-05-18 17:53:17,126-0500 DEBUG vdl:execute2 THREAD_ASSOCIATION jobid=echo-8pmdbirk thread=0-1-1 host=localhost replicationGroup=7pmdbirk
2012-05-18 17:53:17,132-0500 INFO  vdl:createdirset START jobid=echo-8pmdbirk host=localhost - Initializing directory structure
2012-05-18 17:53:17,133-0500 INFO  vdl:createdirset END jobid=echo-8pmdbirk - Done initializing directory structure
2012-05-18 17:53:17,134-0500 INFO  vdl:dostagein START jobid=echo-8pmdbirk - Staging in files
2012-05-18 17:53:17,137-0500 INFO  vdl:dostagein END jobid=echo-8pmdbirk - Staging in finished
2012-05-18 17:53:17,138-0500 DEBUG vdl:execute2 JOB_START jobid=echo-8pmdbirk tr=echo arguments=[how, are, you] tmpdir=arrays-20120518-1753-s19b61t2/jobs/8/echo-8pmdbirk host=localhost
2012-05-18 17:53:17,143-0500 DEBUG textfiles BEGIN TC:
#This is the transformation catalog.
#
#It comes pre-configured with a number of simple transformations with
#paths that are likely to work on a linux box. However, on some systems,
#the paths to these executables will be different (for example, sometimes
#some of these programs are found in /usr/bin rather than in /bin)
#
#NOTE WELL: fields in this file must be separated by tabs, not spaces; and
#there must be no trailing whitespace at the end of each line.
#
# sitename  transformation  path   INSTALLED  platform  profiles
localhost 	echo 		/bin/echo	INSTALLED	INTEL32::LINUX	null
localhost 	cat 		/bin/cat	INSTALLED	INTEL32::LINUX	null
localhost 	ls 		/bin/ls		INSTALLED	INTEL32::LINUX	null
localhost 	grep 		/bin/grep	INSTALLED	INTEL32::LINUX	null
localhost 	sort 		/bin/sort	INSTALLED	INTEL32::LINUX	null
localhost 	paste 		/bin/paste	INSTALLED	INTEL32::LINUX	null
localhost 	cp 		/bin/cp         INSTALLED	INTEL32::LINUX	null
localhost 	touch 		/bin/touch      INSTALLED	INTEL32::LINUX	null
localhost	wc		/usr/bin/wc	INSTALLED	INTEL32::LINUX	null


2012-05-18 17:53:17,144-0500 DEBUG textfiles END TC:
2012-05-18 17:53:17,155-0500 INFO  GridExec TASK_DEFINITION: Task(type=JOB_SUBMISSION, identity=urn:0-1-1-1337381595975) is /bin/bash shared/_swiftwrap echo-8pmdbirk -jobdir 8 -scratch  -e /bin/echo -out arrays.txt -err stderr.txt -i -d  -if  -of arrays.txt -k  -cdmfile  -status files -a how are you
2012-05-18 17:53:17,163-0500 INFO  JobSubmissionTaskHandler Submit: in: /var/tmp/arrays-20120518-1753-s19b61t2 command: /bin/bash /var/tmp/arrays-20120518-1753-s19b61t2/shared/_swiftwrap echo-8pmdbirk -jobdir 8 -scratch  -e /bin/echo -out arrays.txt -err stderr.txt -i -d  -if  -of arrays.txt -k  -cdmfile  -status files -a how are you
2012-05-18 17:53:17,251-0500 INFO  LateBindingScheduler JobQueue: 0
2012-05-18 17:53:17,256-0500 DEBUG vdl:checkjobstatus START jobid=echo-8pmdbirk
2012-05-18 17:53:17,258-0500 INFO  LateBindingScheduler JobQueue: 0
2012-05-18 17:53:17,259-0500 INFO  vdl:checkjobstatus SUCCESS jobid=echo-8pmdbirk - Success file found
2012-05-18 17:53:17,265-0500 DEBUG vdl:execute2 STAGING_OUT jobid=echo-8pmdbirk
2012-05-18 17:53:17,266-0500 INFO  vdl:dostageout START jobid=echo-8pmdbirk - Staging out files
2012-05-18 17:53:17,266-0500 DEBUG vdl:dostageout stageouts: [[$, outfile:messagefile - Open]]
2012-05-18 17:53:17,271-0500 DEBUG vdl:dostageout FILE_STAGE_OUT_START srcname=arrays.txt srcdir=arrays-20120518-1753-s19b61t2/shared/ srchost=localhost destdir= desthost=localhost provider=file
2012-05-18 17:53:17,272-0500 INFO  LateBindingScheduler JobQueue: 0
2012-05-18 17:53:17,286-0500 INFO  LateBindingScheduler JobQueue: 0
2012-05-18 17:53:17,288-0500 DEBUG vdl:dostageout FILE_STAGE_OUT_END srcname=arrays.txt srcdir=arrays-20120518-1753-s19b61t2/shared/ srchost=localhost destdir= desthost=localhost provider=file
2012-05-18 17:53:17,292-0500 INFO  LateBindingScheduler JobQueue: 0
2012-05-18 17:53:17,298-0500 INFO  vdl:dostageout END jobid=echo-8pmdbirk - Staging out finished
2012-05-18 17:53:17,301-0500 DEBUG vdl:execute2 JOB_END jobid=echo-8pmdbirk
2012-05-18 17:53:17,302-0500 INFO  vdl:execute END_SUCCESS thread=0-1 tr=echo
2012-05-18 17:53:17,305-0500 DEBUG greeting PROCEDURE_END line=3
2012-05-18 17:53:17,325-0500 DEBUG vdl:mains Starting cleanups
2012-05-18 17:53:17,326-0500 INFO  vdl:cleanups START cleanups=[[arrays-20120518-1753-s19b61t2, localhost]]
2012-05-18 17:53:17,327-0500 INFO  vdl:cleanup START dir=arrays-20120518-1753-s19b61t2 host=localhost
2012-05-18 17:53:17,328-0500 DEBUG vdl:cleanup cdmfile 
2012-05-18 17:53:17,331-0500 INFO  GridExec TASK_DEFINITION: Task(type=JOB_SUBMISSION, identity=urn:0-1-1337381595986) is /bin/rm -rf arrays-20120518-1753-s19b61t2
2012-05-18 17:53:17,331-0500 INFO  JobSubmissionTaskHandler Submit: in: /var/tmp command: /bin/rm -rf arrays-20120518-1753-s19b61t2
2012-05-18 17:53:17,332-0500 INFO  LateBindingScheduler JobQueue: 0
2012-05-18 17:53:17,333-0500 INFO  vdl:cleanup END dir=arrays-20120518-1753-s19b61t2 host=localhost
2012-05-18 17:53:17,333-0500 INFO  vdl:cleanups END cleanups=[[arrays-20120518-1753-s19b61t2, localhost]]
2012-05-18 17:53:17,333-0500 DEBUG vdl:mains Ending cleanups
2012-05-18 17:53:17,336-0500 INFO  Loader Swift finished with no errors
