2012-05-18 17:53:54,696-0500 DEBUG Loader arguments: [foreach.swift]
2012-05-18 17:53:54,697-0500 DEBUG Loader Max heap: 265093120
2012-05-18 17:53:54,698-0500 DEBUG textfiles BEGIN SWIFTSCRIPT:
type messagefile; 
type countfile; 

app (countfile t) countwords (messagefile f) {   
     wc "-w" @filename(f) stdout=@filename(t);
}

string inputNames = "foreach.1.txt foreach.2.txt foreach.3.txt";

messagefile inputfiles[] <fixed_array_mapper;files=inputNames>;

foreach f in inputfiles {
  countfile c<regexp_mapper;
	    source=@f,
            match="(.*)txt",
            transform="\\1count">;
  c = countwords(f);
}


2012-05-18 17:53:54,698-0500 DEBUG textfiles END SWIFTSCRIPT:
2012-05-18 17:53:54,701-0500 DEBUG Loader kmlversion is >239b8550-a5ff-44be-a124-5e7ecd70737d<
2012-05-18 17:53:54,701-0500 DEBUG Loader build version is >239b8550-a5ff-44be-a124-5e7ecd70737d<
2012-05-18 17:53:54,701-0500 DEBUG Loader Recompilation suppressed.
2012-05-18 17:53:54,920-0500 DEBUG textfiles using default sites file
2012-05-18 17:53:54,927-0500 INFO  VDL2ExecutionContext Stack dump:
Level 1
[iA = 0, iB = 0, bA = false, bB = false]
	vdl:instanceconfig = Swift configuration []
	vdl:operation = run
	swift.home = /usr/local/swift/bin/..
	PATH_SEPARATOR = /


2012-05-18 17:53:55,897-0500 INFO  unknown Using sites file: /usr/local/swift/bin/../etc/sites.xml
2012-05-18 17:53:55,937-0500 INFO  unknown Using tc.data: /usr/local/swift/bin/../etc/tc.data
2012-05-18 17:53:56,110-0500 INFO  AbstractScheduler Setting resources to: {localhost=localhost}
2012-05-18 17:53:56,913-0500 INFO  unknown Swift 0.93 swift-r5483 cog-r3339

2012-05-18 17:53:56,914-0500 INFO  unknown RUNID id=run:20120518-1753-5xg7xcf6
2012-05-18 17:53:57,017-0500 INFO  SetFieldValue Set: inputNames=foreach.1.txt foreach.2.txt foreach.3.txt
2012-05-18 17:53:57,030-0500 INFO  RootDataNode Found data inputfiles:messagefile[] - Open.[0]
2012-05-18 17:53:57,030-0500 INFO  RootDataNode Found data inputfiles:messagefile[] - Open.[1]
2012-05-18 17:53:57,030-0500 INFO  RootDataNode Found data inputfiles:messagefile[] - Open.[2]
2012-05-18 17:53:57,032-0500 DEBUG vdl:mains FOREACH_IT_START line=12 thread=0-1-0
2012-05-18 17:53:57,033-0500 DEBUG vdl:mains FOREACH_IT_START line=12 thread=0-1-1
2012-05-18 17:53:57,033-0500 DEBUG vdl:mains FOREACH_IT_START line=12 thread=0-1-2
2012-05-18 17:53:57,033-0500 DEBUG vdl:mains SCOPE thread=0-1-0
2012-05-18 17:53:57,033-0500 DEBUG vdl:mains SCOPE thread=0-1-1
2012-05-18 17:53:57,033-0500 DEBUG vdl:mains SCOPE thread=0-1-2
2012-05-18 17:53:57,042-0500 INFO  SetFieldValue Set: swift#mapper#17003=(.*)txt
2012-05-18 17:53:57,042-0500 INFO  SetFieldValue Set: swift#mapper#17005=\1count
2012-05-18 17:53:57,044-0500 INFO  SetFieldValue Set: swift#mapper#17002=foreach.1.txt
2012-05-18 17:53:57,045-0500 INFO  SetFieldValue Set: swift#mapper#17003=(.*)txt
2012-05-18 17:53:57,045-0500 INFO  SetFieldValue Set: swift#mapper#17005=\1count
2012-05-18 17:53:57,045-0500 INFO  SetFieldValue Set: swift#mapper#17002=foreach.3.txt
2012-05-18 17:53:57,046-0500 DEBUG countwords PROCEDURE line=4 thread=0-1-0-3 name=countwords
2012-05-18 17:53:57,046-0500 DEBUG countwords PROCEDURE line=4 thread=0-1-2-3 name=countwords
2012-05-18 17:53:57,049-0500 INFO  RootDataNode Found mapped data c:countfile - Open.$
2012-05-18 17:53:57,049-0500 INFO  RootDataNode Found mapped data c:countfile - Open.$
2012-05-18 17:53:57,053-0500 INFO  vdl:execute START thread=0-1-0-3 tr=wc
2012-05-18 17:53:57,081-0500 INFO  SetFieldValue Set: swift#mapper#17003=(.*)txt
2012-05-18 17:53:57,081-0500 INFO  SetFieldValue Set: swift#mapper#17005=\1count
2012-05-18 17:53:57,081-0500 INFO  SetFieldValue Set: swift#mapper#17002=foreach.2.txt
2012-05-18 17:53:57,082-0500 INFO  RootDataNode Found mapped data c:countfile - Open.$
2012-05-18 17:53:57,083-0500 DEBUG countwords PROCEDURE line=4 thread=0-1-1-3 name=countwords
2012-05-18 17:53:57,084-0500 INFO  vdl:execute START thread=0-1-2-3 tr=wc
2012-05-18 17:53:57,089-0500 INFO  WeightedHostScoreScheduler CONTACT_SELECTED host=localhost, score=1.000
2012-05-18 17:53:57,089-0500 INFO  vdl:execute START thread=0-1-1-3 tr=wc
2012-05-18 17:53:57,092-0500 INFO  GlobalSubmitQueue No global submit throttle set. Using default (1024)
2012-05-18 17:53:57,094-0500 INFO  LateBindingScheduler JobQueue: 2
2012-05-18 17:53:57,095-0500 INFO  LateBindingScheduler JobQueue: 2
2012-05-18 17:53:57,096-0500 INFO  vdl:initshareddir START host=localhost - Initializing shared directory
2012-05-18 17:53:57,099-0500 INFO  LateBindingScheduler JobQueue: 2
2012-05-18 17:53:57,111-0500 INFO  LateBindingScheduler JobQueue: 2
2012-05-18 17:53:57,112-0500 INFO  LateBindingScheduler JobQueue: 2
2012-05-18 17:53:57,113-0500 INFO  LateBindingScheduler JobQueue: 2
2012-05-18 17:53:57,115-0500 INFO  LateBindingScheduler JobQueue: 2
2012-05-18 17:53:57,117-0500 INFO  LateBindingScheduler JobQueue: 2
2012-05-18 17:53:57,118-0500 INFO  vdl:initshareddir END host=localhost - Done initializing shared directory
2012-05-18 17:53:57,120-0500 DEBUG vdl:execute2 THREAD_ASSOCIATION jobid=wc-eakebirk thread=0-1-0-3-1 host=localhost replicationGroup=bakebirk
2012-05-18 17:53:57,126-0500 INFO  vdl:createdirset START jobid=wc-eakebirk host=localhost - Initializing directory structure
2012-05-18 17:53:57,127-0500 INFO  vdl:createdirset END jobid=wc-eakebirk - Done initializing directory structure
2012-05-18 17:53:57,127-0500 INFO  vdl:dostagein START jobid=wc-eakebirk - Staging in files
2012-05-18 17:53:57,136-0500 INFO  LateBindingScheduler JobQueue: 2
2012-05-18 17:53:57,140-0500 DEBUG vdl:dostagein CDM: file://localhost/foreach.1.txt : DEFAULT
2012-05-18 17:53:57,145-0500 DEBUG vdl:dostageinfile FILE_STAGE_IN_START file=foreach.1.txt srchost=localhost srcdir= srcname=foreach.1.txt desthost=localhost destdir=foreach-20120518-1753-5xg7xcf6/shared/ provider=file policy=DEFAULT
2012-05-18 17:53:57,148-0500 INFO  LateBindingScheduler JobQueue: 2
2012-05-18 17:53:57,149-0500 DEBUG vdl:dostageinfile FILE_STAGE_IN_END file=foreach.1.txt srchost=localhost srcdir= srcname=foreach.1.txt desthost=localhost destdir=foreach-20120518-1753-5xg7xcf6/shared/ provider=file
2012-05-18 17:53:57,150-0500 INFO  vdl:dostagein END jobid=wc-eakebirk - Staging in finished
2012-05-18 17:53:57,151-0500 DEBUG vdl:execute2 JOB_START jobid=wc-eakebirk tr=wc arguments=[-w, foreach.1.txt] tmpdir=foreach-20120518-1753-5xg7xcf6/jobs/e/wc-eakebirk host=localhost
2012-05-18 17:53:57,155-0500 DEBUG textfiles BEGIN TC:
#This is the transformation catalog.
#
#It comes pre-configured with a number of simple transformations with
#paths that are likely to work on a linux box. However, on some systems,
#the paths to these executables will be different (for example, sometimes
#some of these programs are found in /usr/bin rather than in /bin)
#
#NOTE WELL: fields in this file must be separated by tabs, not spaces; and
#there must be no trailing whitespace at the end of each line.
#
# sitename  transformation  path   INSTALLED  platform  profiles
localhost 	echo 		/bin/echo	INSTALLED	INTEL32::LINUX	null
localhost 	cat 		/bin/cat	INSTALLED	INTEL32::LINUX	null
localhost 	ls 		/bin/ls		INSTALLED	INTEL32::LINUX	null
localhost 	grep 		/bin/grep	INSTALLED	INTEL32::LINUX	null
localhost 	sort 		/bin/sort	INSTALLED	INTEL32::LINUX	null
localhost 	paste 		/bin/paste	INSTALLED	INTEL32::LINUX	null
localhost 	cp 		/bin/cp         INSTALLED	INTEL32::LINUX	null
localhost 	touch 		/bin/touch      INSTALLED	INTEL32::LINUX	null
localhost	wc		/usr/bin/wc	INSTALLED	INTEL32::LINUX	null


2012-05-18 17:53:57,155-0500 DEBUG textfiles END TC:
2012-05-18 17:53:57,166-0500 INFO  GridExec TASK_DEFINITION: Task(type=JOB_SUBMISSION, identity=urn:0-1-0-3-1-1337381635933) is /bin/bash shared/_swiftwrap wc-eakebirk -jobdir e -scratch  -e /usr/bin/wc -out foreach.1.count -err stderr.txt -i -d  -if foreach.1.txt -of foreach.1.count -k  -cdmfile  -status files -a -w foreach.1.txt
2012-05-18 17:53:57,172-0500 INFO  JobSubmissionTaskHandler Submit: in: /var/tmp/foreach-20120518-1753-5xg7xcf6 command: /bin/bash /var/tmp/foreach-20120518-1753-5xg7xcf6/shared/_swiftwrap wc-eakebirk -jobdir e -scratch  -e /usr/bin/wc -out foreach.1.count -err stderr.txt -i -d  -if foreach.1.txt -of foreach.1.count -k  -cdmfile  -status files -a -w foreach.1.txt
2012-05-18 17:53:57,326-0500 INFO  LateBindingScheduler JobQueue: 2
2012-05-18 17:53:57,329-0500 DEBUG vdl:checkjobstatus START jobid=wc-eakebirk
2012-05-18 17:53:57,330-0500 INFO  LateBindingScheduler JobQueue: 2
2012-05-18 17:53:57,331-0500 INFO  vdl:checkjobstatus SUCCESS jobid=wc-eakebirk - Success file found
2012-05-18 17:53:57,332-0500 DEBUG vdl:execute2 STAGING_OUT jobid=wc-eakebirk
2012-05-18 17:53:57,333-0500 INFO  vdl:dostageout START jobid=wc-eakebirk - Staging out files
2012-05-18 17:53:57,333-0500 DEBUG vdl:dostageout stageouts: [[$, c:countfile - Open]]
2012-05-18 17:53:57,339-0500 DEBUG vdl:dostageout FILE_STAGE_OUT_START srcname=foreach.1.count srcdir=foreach-20120518-1753-5xg7xcf6/shared/ srchost=localhost destdir= desthost=localhost provider=file
2012-05-18 17:53:57,339-0500 INFO  LateBindingScheduler JobQueue: 2
2012-05-18 17:53:57,343-0500 INFO  LateBindingScheduler JobQueue: 2
2012-05-18 17:53:57,344-0500 DEBUG vdl:dostageout FILE_STAGE_OUT_END srcname=foreach.1.count srcdir=foreach-20120518-1753-5xg7xcf6/shared/ srchost=localhost destdir= desthost=localhost provider=file
2012-05-18 17:53:57,345-0500 INFO  LateBindingScheduler JobQueue: 2
2012-05-18 17:53:57,348-0500 INFO  vdl:dostageout END jobid=wc-eakebirk - Staging out finished
2012-05-18 17:53:57,350-0500 DEBUG vdl:execute2 JOB_END jobid=wc-eakebirk
2012-05-18 17:53:57,353-0500 INFO  vdl:execute END_SUCCESS thread=0-1-0-3 tr=wc
2012-05-18 17:53:57,354-0500 DEBUG countwords PROCEDURE_END line=4
2012-05-18 17:53:57,355-0500 DEBUG vdl:mains FOREACH_IT_END line=12 thread=0-1-0
2012-05-18 17:53:57,848-0500 INFO  WeightedHostScoreScheduler CONTACT_SELECTED host=localhost, score=1.887
2012-05-18 17:53:57,852-0500 DEBUG vdl:execute2 THREAD_ASSOCIATION jobid=wc-fakebirk thread=0-1-2-3-1 host=localhost replicationGroup=cakebirk
2012-05-18 17:53:57,855-0500 INFO  vdl:createdirset START jobid=wc-fakebirk host=localhost - Initializing directory structure
2012-05-18 17:53:57,856-0500 INFO  vdl:createdirset END jobid=wc-fakebirk - Done initializing directory structure
2012-05-18 17:53:57,856-0500 INFO  vdl:dostagein START jobid=wc-fakebirk - Staging in files
2012-05-18 17:53:57,858-0500 INFO  LateBindingScheduler JobQueue: 1
2012-05-18 17:53:57,859-0500 DEBUG vdl:dostagein CDM: file://localhost/foreach.3.txt : DEFAULT
2012-05-18 17:53:57,860-0500 DEBUG vdl:dostageinfile FILE_STAGE_IN_START file=foreach.3.txt srchost=localhost srcdir= srcname=foreach.3.txt desthost=localhost destdir=foreach-20120518-1753-5xg7xcf6/shared/ provider=file policy=DEFAULT
2012-05-18 17:53:57,862-0500 INFO  LateBindingScheduler JobQueue: 1
2012-05-18 17:53:57,863-0500 DEBUG vdl:dostageinfile FILE_STAGE_IN_END file=foreach.3.txt srchost=localhost srcdir= srcname=foreach.3.txt desthost=localhost destdir=foreach-20120518-1753-5xg7xcf6/shared/ provider=file
2012-05-18 17:53:57,863-0500 INFO  vdl:dostagein END jobid=wc-fakebirk - Staging in finished
2012-05-18 17:53:57,864-0500 DEBUG vdl:execute2 JOB_START jobid=wc-fakebirk tr=wc arguments=[-w, foreach.3.txt] tmpdir=foreach-20120518-1753-5xg7xcf6/jobs/f/wc-fakebirk host=localhost
2012-05-18 17:53:57,867-0500 INFO  GridExec TASK_DEFINITION: Task(type=JOB_SUBMISSION, identity=urn:0-1-2-3-1-1337381635949) is /bin/bash shared/_swiftwrap wc-fakebirk -jobdir f -scratch  -e /usr/bin/wc -out foreach.3.count -err stderr.txt -i -d  -if foreach.3.txt -of foreach.3.count -k  -cdmfile  -status files -a -w foreach.3.txt
2012-05-18 17:53:57,867-0500 INFO  JobSubmissionTaskHandler Submit: in: /var/tmp/foreach-20120518-1753-5xg7xcf6 command: /bin/bash /var/tmp/foreach-20120518-1753-5xg7xcf6/shared/_swiftwrap wc-fakebirk -jobdir f -scratch  -e /usr/bin/wc -out foreach.3.count -err stderr.txt -i -d  -if foreach.3.txt -of foreach.3.count -k  -cdmfile  -status files -a -w foreach.3.txt
2012-05-18 17:53:57,967-0500 INFO  LateBindingScheduler JobQueue: 1
2012-05-18 17:53:57,968-0500 DEBUG vdl:checkjobstatus START jobid=wc-fakebirk
2012-05-18 17:53:57,970-0500 INFO  LateBindingScheduler JobQueue: 1
2012-05-18 17:53:57,970-0500 INFO  vdl:checkjobstatus SUCCESS jobid=wc-fakebirk - Success file found
2012-05-18 17:53:57,970-0500 DEBUG vdl:execute2 STAGING_OUT jobid=wc-fakebirk
2012-05-18 17:53:57,971-0500 INFO  vdl:dostageout START jobid=wc-fakebirk - Staging out files
2012-05-18 17:53:57,971-0500 DEBUG vdl:dostageout stageouts: [[$, c:countfile - Open]]
2012-05-18 17:53:57,974-0500 DEBUG vdl:dostageout FILE_STAGE_OUT_START srcname=foreach.3.count srcdir=foreach-20120518-1753-5xg7xcf6/shared/ srchost=localhost destdir= desthost=localhost provider=file
2012-05-18 17:53:57,974-0500 INFO  LateBindingScheduler JobQueue: 1
2012-05-18 17:53:57,977-0500 INFO  LateBindingScheduler JobQueue: 1
2012-05-18 17:53:57,977-0500 DEBUG vdl:dostageout FILE_STAGE_OUT_END srcname=foreach.3.count srcdir=foreach-20120518-1753-5xg7xcf6/shared/ srchost=localhost destdir= desthost=localhost provider=file
2012-05-18 17:53:57,978-0500 INFO  LateBindingScheduler JobQueue: 1
2012-05-18 17:53:57,979-0500 INFO  vdl:dostageout END jobid=wc-fakebirk - Staging out finished
2012-05-18 17:53:57,981-0500 DEBUG vdl:execute2 JOB_END jobid=wc-fakebirk
2012-05-18 17:53:57,981-0500 INFO  vdl:execute END_SUCCESS thread=0-1-2-3 tr=wc
2012-05-18 17:53:57,981-0500 DEBUG countwords PROCEDURE_END line=4
2012-05-18 17:53:57,982-0500 DEBUG vdl:mains FOREACH_IT_END line=12 thread=0-1-2
2012-05-18 17:53:58,480-0500 INFO  WeightedHostScoreScheduler CONTACT_SELECTED host=localhost, score=2.481
2012-05-18 17:53:58,483-0500 DEBUG vdl:execute2 THREAD_ASSOCIATION jobid=wc-gakebirk thread=0-1-1-3-1 host=localhost replicationGroup=dakebirk
2012-05-18 17:53:58,488-0500 INFO  vdl:createdirset START jobid=wc-gakebirk host=localhost - Initializing directory structure
2012-05-18 17:53:58,488-0500 INFO  vdl:createdirset END jobid=wc-gakebirk - Done initializing directory structure
2012-05-18 17:53:58,490-0500 INFO  vdl:dostagein START jobid=wc-gakebirk - Staging in files
2012-05-18 17:53:58,494-0500 INFO  LateBindingScheduler JobQueue: 0
2012-05-18 17:53:58,495-0500 DEBUG vdl:dostagein CDM: file://localhost/foreach.2.txt : DEFAULT
2012-05-18 17:53:58,497-0500 DEBUG vdl:dostageinfile FILE_STAGE_IN_START file=foreach.2.txt srchost=localhost srcdir= srcname=foreach.2.txt desthost=localhost destdir=foreach-20120518-1753-5xg7xcf6/shared/ provider=file policy=DEFAULT
2012-05-18 17:53:58,501-0500 INFO  LateBindingScheduler JobQueue: 0
2012-05-18 17:53:58,503-0500 DEBUG vdl:dostageinfile FILE_STAGE_IN_END file=foreach.2.txt srchost=localhost srcdir= srcname=foreach.2.txt desthost=localhost destdir=foreach-20120518-1753-5xg7xcf6/shared/ provider=file
2012-05-18 17:53:58,503-0500 INFO  vdl:dostagein END jobid=wc-gakebirk - Staging in finished
2012-05-18 17:53:58,504-0500 DEBUG vdl:execute2 JOB_START jobid=wc-gakebirk tr=wc arguments=[-w, foreach.2.txt] tmpdir=foreach-20120518-1753-5xg7xcf6/jobs/g/wc-gakebirk host=localhost
2012-05-18 17:53:58,508-0500 INFO  GridExec TASK_DEFINITION: Task(type=JOB_SUBMISSION, identity=urn:0-1-1-3-1-1337381635965) is /bin/bash shared/_swiftwrap wc-gakebirk -jobdir g -scratch  -e /usr/bin/wc -out foreach.2.count -err stderr.txt -i -d  -if foreach.2.txt -of foreach.2.count -k  -cdmfile  -status files -a -w foreach.2.txt
2012-05-18 17:53:58,508-0500 INFO  JobSubmissionTaskHandler Submit: in: /var/tmp/foreach-20120518-1753-5xg7xcf6 command: /bin/bash /var/tmp/foreach-20120518-1753-5xg7xcf6/shared/_swiftwrap wc-gakebirk -jobdir g -scratch  -e /usr/bin/wc -out foreach.2.count -err stderr.txt -i -d  -if foreach.2.txt -of foreach.2.count -k  -cdmfile  -status files -a -w foreach.2.txt
2012-05-18 17:53:58,624-0500 INFO  LateBindingScheduler JobQueue: 0
2012-05-18 17:53:58,627-0500 DEBUG vdl:checkjobstatus START jobid=wc-gakebirk
2012-05-18 17:53:58,629-0500 INFO  LateBindingScheduler JobQueue: 0
2012-05-18 17:53:58,630-0500 INFO  vdl:checkjobstatus SUCCESS jobid=wc-gakebirk - Success file found
2012-05-18 17:53:58,631-0500 DEBUG vdl:execute2 STAGING_OUT jobid=wc-gakebirk
2012-05-18 17:53:58,632-0500 INFO  vdl:dostageout START jobid=wc-gakebirk - Staging out files
2012-05-18 17:53:58,632-0500 DEBUG vdl:dostageout stageouts: [[$, c:countfile - Open]]
2012-05-18 17:53:58,636-0500 DEBUG vdl:dostageout FILE_STAGE_OUT_START srcname=foreach.2.count srcdir=foreach-20120518-1753-5xg7xcf6/shared/ srchost=localhost destdir= desthost=localhost provider=file
2012-05-18 17:53:58,637-0500 INFO  LateBindingScheduler JobQueue: 0
2012-05-18 17:53:58,643-0500 INFO  LateBindingScheduler JobQueue: 0
2012-05-18 17:53:58,645-0500 DEBUG vdl:dostageout FILE_STAGE_OUT_END srcname=foreach.2.count srcdir=foreach-20120518-1753-5xg7xcf6/shared/ srchost=localhost destdir= desthost=localhost provider=file
2012-05-18 17:53:58,646-0500 INFO  LateBindingScheduler JobQueue: 0
2012-05-18 17:53:58,652-0500 INFO  vdl:dostageout END jobid=wc-gakebirk - Staging out finished
2012-05-18 17:53:58,653-0500 DEBUG vdl:execute2 JOB_END jobid=wc-gakebirk
2012-05-18 17:53:58,654-0500 INFO  vdl:execute END_SUCCESS thread=0-1-1-3 tr=wc
2012-05-18 17:53:58,654-0500 DEBUG countwords PROCEDURE_END line=4
2012-05-18 17:53:58,655-0500 DEBUG vdl:mains FOREACH_IT_END line=12 thread=0-1-1
2012-05-18 17:53:58,673-0500 DEBUG vdl:mains Starting cleanups
2012-05-18 17:53:58,674-0500 INFO  vdl:cleanups START cleanups=[[foreach-20120518-1753-5xg7xcf6, localhost]]
2012-05-18 17:53:58,679-0500 INFO  vdl:cleanup START dir=foreach-20120518-1753-5xg7xcf6 host=localhost
2012-05-18 17:53:58,680-0500 DEBUG vdl:cleanup cdmfile 
2012-05-18 17:53:58,684-0500 INFO  GridExec TASK_DEFINITION: Task(type=JOB_SUBMISSION, identity=urn:0-1-1337381635976) is /bin/rm -rf foreach-20120518-1753-5xg7xcf6
2012-05-18 17:53:58,685-0500 INFO  JobSubmissionTaskHandler Submit: in: /var/tmp command: /bin/rm -rf foreach-20120518-1753-5xg7xcf6
2012-05-18 17:53:58,685-0500 INFO  LateBindingScheduler JobQueue: 0
2012-05-18 17:53:58,715-0500 INFO  vdl:cleanup END dir=foreach-20120518-1753-5xg7xcf6 host=localhost
2012-05-18 17:53:58,716-0500 INFO  vdl:cleanups END cleanups=[[foreach-20120518-1753-5xg7xcf6, localhost]]
2012-05-18 17:53:58,740-0500 DEBUG vdl:mains Ending cleanups
2012-05-18 17:53:58,745-0500 INFO  Loader Swift finished with no errors
