2012-05-18 17:43:15,642-0500 DEBUG Loader arguments: [/Users/scottkrieder/swift/examples/swift/tutorial/foreach.swift]
2012-05-18 17:43:15,643-0500 DEBUG Loader Max heap: 265093120
2012-05-18 17:43:15,644-0500 DEBUG textfiles BEGIN SWIFTSCRIPT:
type messagefile; 
type countfile; 

app (countfile t) countwords (messagefile f) {   
     wc "-w" @filename(f) stdout=@filename(t);
}

string inputNames = "foreach.1.txt foreach.2.txt foreach.3.txt";

messagefile inputfiles[] <fixed_array_mapper;files=inputNames>;

foreach f in inputfiles {
  countfile c<regexp_mapper;
	    source=@f,
            match="(.*)txt",
            transform="\\1count">;
  c = countwords(f);
}


2012-05-18 17:43:15,644-0500 DEBUG textfiles END SWIFTSCRIPT:
2012-05-18 17:43:15,645-0500 INFO  Loader /Users/scottkrieder/swift/examples/swift/tutorial/foreach.swift: source file is new. Recompiling.
2012-05-18 17:43:16,711-0500 INFO  Karajan Validation of XML intermediate file was successful
2012-05-18 17:43:17,010-0500 DEBUG textfiles using default sites file
2012-05-18 17:43:17,016-0500 INFO  VDL2ExecutionContext Stack dump:
Level 1
[iA = 0, iB = 0, bA = false, bB = false]
	vdl:instanceconfig = Swift configuration []
	vdl:operation = run
	swift.home = ../../../bin/..
	PATH_SEPARATOR = /


2012-05-18 17:43:17,889-0500 INFO  unknown Using sites file: ../../../bin/../etc/sites.xml
2012-05-18 17:43:17,941-0500 INFO  unknown Using tc.data: ../../../bin/../etc/tc.data
2012-05-18 17:43:18,078-0500 INFO  AbstractScheduler Setting resources to: {localhost=localhost}
2012-05-18 17:43:18,876-0500 INFO  unknown Swift 0.93 swift-r5483 cog-r3339

2012-05-18 17:43:18,877-0500 INFO  unknown RUNID id=run:20120518-1743-9mg76hua
2012-05-18 17:43:18,969-0500 INFO  SetFieldValue Set: inputNames=foreach.1.txt foreach.2.txt foreach.3.txt
2012-05-18 17:43:18,981-0500 INFO  RootDataNode Found data inputfiles:messagefile[] - Open.[0]
2012-05-18 17:43:18,981-0500 INFO  RootDataNode Found data inputfiles:messagefile[] - Open.[1]
2012-05-18 17:43:18,981-0500 INFO  RootDataNode Found data inputfiles:messagefile[] - Open.[2]
2012-05-18 17:43:18,983-0500 DEBUG vdl:mains FOREACH_IT_START line=12 thread=0-1-1
2012-05-18 17:43:18,983-0500 DEBUG vdl:mains FOREACH_IT_START line=12 thread=0-1-2
2012-05-18 17:43:18,983-0500 DEBUG vdl:mains SCOPE thread=0-1-1
2012-05-18 17:43:18,983-0500 DEBUG vdl:mains FOREACH_IT_START line=12 thread=0-1-0
2012-05-18 17:43:18,983-0500 DEBUG vdl:mains SCOPE thread=0-1-0
2012-05-18 17:43:18,983-0500 DEBUG vdl:mains SCOPE thread=0-1-2
2012-05-18 17:43:18,990-0500 INFO  SetFieldValue Set: swift#mapper#17003=(.*)txt
2012-05-18 17:43:18,990-0500 INFO  SetFieldValue Set: swift#mapper#17005=\1count
2012-05-18 17:43:18,990-0500 INFO  SetFieldValue Set: swift#mapper#17003=(.*)txt
2012-05-18 17:43:18,990-0500 INFO  SetFieldValue Set: swift#mapper#17005=\1count
2012-05-18 17:43:18,991-0500 INFO  SetFieldValue Set: swift#mapper#17003=(.*)txt
2012-05-18 17:43:18,991-0500 INFO  SetFieldValue Set: swift#mapper#17005=\1count
2012-05-18 17:43:18,993-0500 INFO  SetFieldValue Set: swift#mapper#17002=foreach.1.txt
2012-05-18 17:43:18,993-0500 DEBUG countwords PROCEDURE line=4 thread=0-1-0-3 name=countwords
2012-05-18 17:43:18,993-0500 DEBUG countwords PROCEDURE line=4 thread=0-1-1-3 name=countwords
2012-05-18 17:43:18,994-0500 DEBUG countwords PROCEDURE line=4 thread=0-1-2-3 name=countwords
2012-05-18 17:43:18,994-0500 INFO  SetFieldValue Set: swift#mapper#17002=foreach.2.txt
2012-05-18 17:43:18,995-0500 INFO  SetFieldValue Set: swift#mapper#17002=foreach.3.txt
2012-05-18 17:43:19,004-0500 INFO  vdl:execute START thread=0-1-1-3 tr=wc
2012-05-18 17:43:19,017-0500 INFO  vdl:execute START thread=0-1-2-3 tr=wc
2012-05-18 17:43:19,022-0500 INFO  vdl:execute START thread=0-1-0-3 tr=wc
2012-05-18 17:43:19,030-0500 INFO  WeightedHostScoreScheduler CONTACT_SELECTED host=localhost, score=1.000
2012-05-18 17:43:19,032-0500 INFO  GlobalSubmitQueue No global submit throttle set. Using default (1024)
2012-05-18 17:43:19,034-0500 INFO  LateBindingScheduler JobQueue: 2
2012-05-18 17:43:19,035-0500 INFO  LateBindingScheduler JobQueue: 2
2012-05-18 17:43:19,037-0500 INFO  vdl:initshareddir START host=localhost - Initializing shared directory
2012-05-18 17:43:19,039-0500 INFO  LateBindingScheduler JobQueue: 2
2012-05-18 17:43:19,051-0500 INFO  LateBindingScheduler JobQueue: 2
2012-05-18 17:43:19,053-0500 INFO  LateBindingScheduler JobQueue: 2
2012-05-18 17:43:19,054-0500 INFO  LateBindingScheduler JobQueue: 2
2012-05-18 17:43:19,056-0500 INFO  LateBindingScheduler JobQueue: 2
2012-05-18 17:43:19,058-0500 INFO  LateBindingScheduler JobQueue: 2
2012-05-18 17:43:19,059-0500 INFO  vdl:initshareddir END host=localhost - Done initializing shared directory
2012-05-18 17:43:19,060-0500 DEBUG vdl:execute2 THREAD_ASSOCIATION jobid=wc-hjozairk thread=0-1-1-3-1 host=localhost replicationGroup=ejozairk
2012-05-18 17:43:19,066-0500 INFO  vdl:createdirset START jobid=wc-hjozairk host=localhost - Initializing directory structure
2012-05-18 17:43:19,067-0500 INFO  vdl:createdirset END jobid=wc-hjozairk - Done initializing directory structure
2012-05-18 17:43:19,068-0500 INFO  vdl:dostagein START jobid=wc-hjozairk - Staging in files
2012-05-18 17:43:19,076-0500 INFO  LateBindingScheduler JobQueue: 2
2012-05-18 17:43:19,080-0500 DEBUG vdl:dostagein CDM: file://localhost/foreach.2.txt : DEFAULT
2012-05-18 17:43:19,085-0500 DEBUG vdl:dostageinfile FILE_STAGE_IN_START file=foreach.2.txt srchost=localhost srcdir= srcname=foreach.2.txt desthost=localhost destdir=foreach-20120518-1743-9mg76hua/shared/ provider=file policy=DEFAULT
2012-05-18 17:43:19,088-0500 INFO  LateBindingScheduler JobQueue: 2
2012-05-18 17:43:19,088-0500 DEBUG vdl:dostageinfile FILE_STAGE_IN_END file=foreach.2.txt srchost=localhost srcdir= srcname=foreach.2.txt desthost=localhost destdir=foreach-20120518-1743-9mg76hua/shared/ provider=file
2012-05-18 17:43:19,089-0500 INFO  vdl:dostagein END jobid=wc-hjozairk - Staging in finished
2012-05-18 17:43:19,090-0500 DEBUG vdl:execute2 JOB_START jobid=wc-hjozairk tr=wc arguments=[-w, foreach.2.txt] tmpdir=foreach-20120518-1743-9mg76hua/jobs/h/wc-hjozairk host=localhost
2012-05-18 17:43:19,093-0500 DEBUG textfiles BEGIN TC:
#This is the transformation catalog.
#
#It comes pre-configured with a number of simple transformations with
#paths that are likely to work on a linux box. However, on some systems,
#the paths to these executables will be different (for example, sometimes
#some of these programs are found in /usr/bin rather than in /bin)
#
#NOTE WELL: fields in this file must be separated by tabs, not spaces; and
#there must be no trailing whitespace at the end of each line.
#
# sitename  transformation  path   INSTALLED  platform  profiles
localhost 	echo 		/bin/echo	INSTALLED	INTEL32::LINUX	null
localhost 	cat 		/bin/cat	INSTALLED	INTEL32::LINUX	null
localhost 	ls 		/bin/ls		INSTALLED	INTEL32::LINUX	null
localhost 	grep 		/bin/grep	INSTALLED	INTEL32::LINUX	null
localhost 	sort 		/bin/sort	INSTALLED	INTEL32::LINUX	null
localhost 	paste 		/bin/paste	INSTALLED	INTEL32::LINUX	null
localhost 	cp 		/bin/cp         INSTALLED	INTEL32::LINUX	null
localhost 	touch 		/bin/touch      INSTALLED	INTEL32::LINUX	null
localhost	wc		/usr/bin/wc	INSTALLED	INTEL32::LINUX	null


2012-05-18 17:43:19,093-0500 DEBUG textfiles END TC:
2012-05-18 17:43:19,105-0500 INFO  GridExec TASK_DEFINITION: Task(type=JOB_SUBMISSION, identity=urn:0-1-1-3-1-1337380997926) is /bin/bash shared/_swiftwrap wc-hjozairk -jobdir h -scratch  -e /usr/bin/wc -out foreach.2.count -err stderr.txt -i -d  -if foreach.2.txt -of foreach.2.count -k  -cdmfile  -status files -a -w foreach.2.txt
2012-05-18 17:43:19,112-0500 INFO  JobSubmissionTaskHandler Submit: in: /var/tmp/foreach-20120518-1743-9mg76hua command: /bin/bash /var/tmp/foreach-20120518-1743-9mg76hua/shared/_swiftwrap wc-hjozairk -jobdir h -scratch  -e /usr/bin/wc -out foreach.2.count -err stderr.txt -i -d  -if foreach.2.txt -of foreach.2.count -k  -cdmfile  -status files -a -w foreach.2.txt
2012-05-18 17:43:19,218-0500 INFO  LateBindingScheduler JobQueue: 2
2012-05-18 17:43:19,221-0500 DEBUG vdl:checkjobstatus START jobid=wc-hjozairk
2012-05-18 17:43:19,223-0500 INFO  LateBindingScheduler JobQueue: 2
2012-05-18 17:43:19,225-0500 INFO  vdl:checkjobstatus SUCCESS jobid=wc-hjozairk - Success file found
2012-05-18 17:43:19,226-0500 DEBUG vdl:execute2 STAGING_OUT jobid=wc-hjozairk
2012-05-18 17:43:19,227-0500 INFO  vdl:dostageout START jobid=wc-hjozairk - Staging out files
2012-05-18 17:43:19,227-0500 DEBUG vdl:dostageout stageouts: [[$, c:countfile - Open]]
2012-05-18 17:43:19,233-0500 DEBUG vdl:dostageout FILE_STAGE_OUT_START srcname=foreach.2.count srcdir=foreach-20120518-1743-9mg76hua/shared/ srchost=localhost destdir= desthost=localhost provider=file
2012-05-18 17:43:19,234-0500 INFO  LateBindingScheduler JobQueue: 2
2012-05-18 17:43:19,261-0500 INFO  LateBindingScheduler JobQueue: 2
2012-05-18 17:43:19,264-0500 DEBUG vdl:dostageout FILE_STAGE_OUT_END srcname=foreach.2.count srcdir=foreach-20120518-1743-9mg76hua/shared/ srchost=localhost destdir= desthost=localhost provider=file
2012-05-18 17:43:19,268-0500 INFO  LateBindingScheduler JobQueue: 2
2012-05-18 17:43:19,271-0500 INFO  vdl:dostageout END jobid=wc-hjozairk - Staging out finished
2012-05-18 17:43:19,274-0500 DEBUG vdl:execute2 JOB_END jobid=wc-hjozairk
2012-05-18 17:43:19,275-0500 INFO  vdl:execute END_SUCCESS thread=0-1-1-3 tr=wc
2012-05-18 17:43:19,276-0500 DEBUG countwords PROCEDURE_END line=4
2012-05-18 17:43:19,276-0500 DEBUG vdl:mains FOREACH_IT_END line=12 thread=0-1-1
2012-05-18 17:43:19,771-0500 INFO  WeightedHostScoreScheduler CONTACT_SELECTED host=localhost, score=1.887
2012-05-18 17:43:19,777-0500 DEBUG vdl:execute2 THREAD_ASSOCIATION jobid=wc-ijozairk thread=0-1-0-3-1 host=localhost replicationGroup=gjozairk
2012-05-18 17:43:19,781-0500 INFO  vdl:createdirset START jobid=wc-ijozairk host=localhost - Initializing directory structure
2012-05-18 17:43:19,781-0500 INFO  vdl:createdirset END jobid=wc-ijozairk - Done initializing directory structure
2012-05-18 17:43:19,781-0500 INFO  vdl:dostagein START jobid=wc-ijozairk - Staging in files
2012-05-18 17:43:19,785-0500 INFO  LateBindingScheduler JobQueue: 1
2012-05-18 17:43:19,786-0500 DEBUG vdl:dostagein CDM: file://localhost/foreach.1.txt : DEFAULT
2012-05-18 17:43:19,787-0500 DEBUG vdl:dostageinfile FILE_STAGE_IN_START file=foreach.1.txt srchost=localhost srcdir= srcname=foreach.1.txt desthost=localhost destdir=foreach-20120518-1743-9mg76hua/shared/ provider=file policy=DEFAULT
2012-05-18 17:43:19,790-0500 INFO  LateBindingScheduler JobQueue: 1
2012-05-18 17:43:19,791-0500 DEBUG vdl:dostageinfile FILE_STAGE_IN_END file=foreach.1.txt srchost=localhost srcdir= srcname=foreach.1.txt desthost=localhost destdir=foreach-20120518-1743-9mg76hua/shared/ provider=file
2012-05-18 17:43:19,792-0500 INFO  vdl:dostagein END jobid=wc-ijozairk - Staging in finished
2012-05-18 17:43:19,793-0500 DEBUG vdl:execute2 JOB_START jobid=wc-ijozairk tr=wc arguments=[-w, foreach.1.txt] tmpdir=foreach-20120518-1743-9mg76hua/jobs/i/wc-ijozairk host=localhost
2012-05-18 17:43:19,796-0500 INFO  GridExec TASK_DEFINITION: Task(type=JOB_SUBMISSION, identity=urn:0-1-0-3-1-1337380997942) is /bin/bash shared/_swiftwrap wc-ijozairk -jobdir i -scratch  -e /usr/bin/wc -out foreach.1.count -err stderr.txt -i -d  -if foreach.1.txt -of foreach.1.count -k  -cdmfile  -status files -a -w foreach.1.txt
2012-05-18 17:43:19,797-0500 INFO  JobSubmissionTaskHandler Submit: in: /var/tmp/foreach-20120518-1743-9mg76hua command: /bin/bash /var/tmp/foreach-20120518-1743-9mg76hua/shared/_swiftwrap wc-ijozairk -jobdir i -scratch  -e /usr/bin/wc -out foreach.1.count -err stderr.txt -i -d  -if foreach.1.txt -of foreach.1.count -k  -cdmfile  -status files -a -w foreach.1.txt
2012-05-18 17:43:19,896-0500 INFO  LateBindingScheduler JobQueue: 1
2012-05-18 17:43:19,898-0500 DEBUG vdl:checkjobstatus START jobid=wc-ijozairk
2012-05-18 17:43:19,900-0500 INFO  LateBindingScheduler JobQueue: 1
2012-05-18 17:43:19,900-0500 INFO  vdl:checkjobstatus SUCCESS jobid=wc-ijozairk - Success file found
2012-05-18 17:43:19,902-0500 DEBUG vdl:execute2 STAGING_OUT jobid=wc-ijozairk
2012-05-18 17:43:19,904-0500 INFO  vdl:dostageout START jobid=wc-ijozairk - Staging out files
2012-05-18 17:43:19,904-0500 DEBUG vdl:dostageout stageouts: [[$, c:countfile - Open]]
2012-05-18 17:43:19,910-0500 DEBUG vdl:dostageout FILE_STAGE_OUT_START srcname=foreach.1.count srcdir=foreach-20120518-1743-9mg76hua/shared/ srchost=localhost destdir= desthost=localhost provider=file
2012-05-18 17:43:19,911-0500 INFO  LateBindingScheduler JobQueue: 1
2012-05-18 17:43:19,916-0500 INFO  LateBindingScheduler JobQueue: 1
2012-05-18 17:43:19,916-0500 DEBUG vdl:dostageout FILE_STAGE_OUT_END srcname=foreach.1.count srcdir=foreach-20120518-1743-9mg76hua/shared/ srchost=localhost destdir= desthost=localhost provider=file
2012-05-18 17:43:19,917-0500 INFO  LateBindingScheduler JobQueue: 1
2012-05-18 17:43:19,919-0500 INFO  vdl:dostageout END jobid=wc-ijozairk - Staging out finished
2012-05-18 17:43:19,920-0500 DEBUG vdl:execute2 JOB_END jobid=wc-ijozairk
2012-05-18 17:43:19,921-0500 INFO  vdl:execute END_SUCCESS thread=0-1-0-3 tr=wc
2012-05-18 17:43:19,921-0500 DEBUG countwords PROCEDURE_END line=4
2012-05-18 17:43:19,922-0500 DEBUG vdl:mains FOREACH_IT_END line=12 thread=0-1-0
2012-05-18 17:43:20,419-0500 INFO  WeightedHostScoreScheduler CONTACT_SELECTED host=localhost, score=2.481
2012-05-18 17:43:20,426-0500 DEBUG vdl:execute2 THREAD_ASSOCIATION jobid=wc-jjozairk thread=0-1-2-3-1 host=localhost replicationGroup=fjozairk
2012-05-18 17:43:20,435-0500 INFO  vdl:createdirset START jobid=wc-jjozairk host=localhost - Initializing directory structure
2012-05-18 17:43:20,435-0500 INFO  vdl:createdirset END jobid=wc-jjozairk - Done initializing directory structure
2012-05-18 17:43:20,436-0500 INFO  vdl:dostagein START jobid=wc-jjozairk - Staging in files
2012-05-18 17:43:20,439-0500 INFO  LateBindingScheduler JobQueue: 0
2012-05-18 17:43:20,439-0500 DEBUG vdl:dostagein CDM: file://localhost/foreach.3.txt : DEFAULT
2012-05-18 17:43:20,441-0500 DEBUG vdl:dostageinfile FILE_STAGE_IN_START file=foreach.3.txt srchost=localhost srcdir= srcname=foreach.3.txt desthost=localhost destdir=foreach-20120518-1743-9mg76hua/shared/ provider=file policy=DEFAULT
2012-05-18 17:43:20,443-0500 INFO  LateBindingScheduler JobQueue: 0
2012-05-18 17:43:20,444-0500 DEBUG vdl:dostageinfile FILE_STAGE_IN_END file=foreach.3.txt srchost=localhost srcdir= srcname=foreach.3.txt desthost=localhost destdir=foreach-20120518-1743-9mg76hua/shared/ provider=file
2012-05-18 17:43:20,444-0500 INFO  vdl:dostagein END jobid=wc-jjozairk - Staging in finished
2012-05-18 17:43:20,447-0500 DEBUG vdl:execute2 JOB_START jobid=wc-jjozairk tr=wc arguments=[-w, foreach.3.txt] tmpdir=foreach-20120518-1743-9mg76hua/jobs/j/wc-jjozairk host=localhost
2012-05-18 17:43:20,452-0500 INFO  GridExec TASK_DEFINITION: Task(type=JOB_SUBMISSION, identity=urn:0-1-2-3-1-1337380997958) is /bin/bash shared/_swiftwrap wc-jjozairk -jobdir j -scratch  -e /usr/bin/wc -out foreach.3.count -err stderr.txt -i -d  -if foreach.3.txt -of foreach.3.count -k  -cdmfile  -status files -a -w foreach.3.txt
2012-05-18 17:43:20,453-0500 INFO  JobSubmissionTaskHandler Submit: in: /var/tmp/foreach-20120518-1743-9mg76hua command: /bin/bash /var/tmp/foreach-20120518-1743-9mg76hua/shared/_swiftwrap wc-jjozairk -jobdir j -scratch  -e /usr/bin/wc -out foreach.3.count -err stderr.txt -i -d  -if foreach.3.txt -of foreach.3.count -k  -cdmfile  -status files -a -w foreach.3.txt
2012-05-18 17:43:20,546-0500 INFO  LateBindingScheduler JobQueue: 0
2012-05-18 17:43:20,550-0500 DEBUG vdl:checkjobstatus START jobid=wc-jjozairk
2012-05-18 17:43:20,551-0500 INFO  LateBindingScheduler JobQueue: 0
2012-05-18 17:43:20,551-0500 INFO  vdl:checkjobstatus SUCCESS jobid=wc-jjozairk - Success file found
2012-05-18 17:43:20,552-0500 DEBUG vdl:execute2 STAGING_OUT jobid=wc-jjozairk
2012-05-18 17:43:20,552-0500 INFO  vdl:dostageout START jobid=wc-jjozairk - Staging out files
2012-05-18 17:43:20,553-0500 DEBUG vdl:dostageout stageouts: [[$, c:countfile - Open]]
2012-05-18 17:43:20,556-0500 DEBUG vdl:dostageout FILE_STAGE_OUT_START srcname=foreach.3.count srcdir=foreach-20120518-1743-9mg76hua/shared/ srchost=localhost destdir= desthost=localhost provider=file
2012-05-18 17:43:20,558-0500 INFO  LateBindingScheduler JobQueue: 0
2012-05-18 17:43:20,563-0500 INFO  LateBindingScheduler JobQueue: 0
2012-05-18 17:43:20,564-0500 DEBUG vdl:dostageout FILE_STAGE_OUT_END srcname=foreach.3.count srcdir=foreach-20120518-1743-9mg76hua/shared/ srchost=localhost destdir= desthost=localhost provider=file
2012-05-18 17:43:20,565-0500 INFO  LateBindingScheduler JobQueue: 0
2012-05-18 17:43:20,568-0500 INFO  vdl:dostageout END jobid=wc-jjozairk - Staging out finished
2012-05-18 17:43:20,570-0500 DEBUG vdl:execute2 JOB_END jobid=wc-jjozairk
2012-05-18 17:43:20,571-0500 INFO  vdl:execute END_SUCCESS thread=0-1-2-3 tr=wc
2012-05-18 17:43:20,572-0500 DEBUG countwords PROCEDURE_END line=4
2012-05-18 17:43:20,572-0500 DEBUG vdl:mains FOREACH_IT_END line=12 thread=0-1-2
2012-05-18 17:43:20,594-0500 DEBUG vdl:mains Starting cleanups
2012-05-18 17:43:20,596-0500 INFO  vdl:cleanups START cleanups=[[foreach-20120518-1743-9mg76hua, localhost]]
2012-05-18 17:43:20,597-0500 INFO  vdl:cleanup START dir=foreach-20120518-1743-9mg76hua host=localhost
2012-05-18 17:43:20,598-0500 DEBUG vdl:cleanup cdmfile 
2012-05-18 17:43:20,602-0500 INFO  GridExec TASK_DEFINITION: Task(type=JOB_SUBMISSION, identity=urn:0-1-1337380997969) is /bin/rm -rf foreach-20120518-1743-9mg76hua
2012-05-18 17:43:20,602-0500 INFO  JobSubmissionTaskHandler Submit: in: /var/tmp command: /bin/rm -rf foreach-20120518-1743-9mg76hua
2012-05-18 17:43:20,603-0500 INFO  LateBindingScheduler JobQueue: 0
2012-05-18 17:43:20,637-0500 INFO  vdl:cleanup END dir=foreach-20120518-1743-9mg76hua host=localhost
2012-05-18 17:43:20,640-0500 INFO  vdl:cleanups END cleanups=[[foreach-20120518-1743-9mg76hua, localhost]]
2012-05-18 17:43:20,640-0500 DEBUG vdl:mains Ending cleanups
2012-05-18 17:43:20,648-0500 INFO  Loader Swift finished with no errors
