2012-05-25 13:07:38,371-0500 DEBUG Loader arguments: [hello.swift]
2012-05-25 13:07:38,371-0500 DEBUG Loader Max heap: 252248064
2012-05-25 13:07:38,372-0500 DEBUG textfiles BEGIN SWIFTSCRIPT:
type messagefile;

app (messagefile t) greeting() { 
    echo "Hello, world!" stdout=@filename(t);
}

messagefile outfile <"hello.txt">;

outfile = greeting();



2012-05-25 13:07:38,372-0500 DEBUG textfiles END SWIFTSCRIPT:
2012-05-25 13:07:38,373-0500 DEBUG Loader kmlversion is >239b8550-a5ff-44be-a124-5e7ecd70737d<
2012-05-25 13:07:38,373-0500 DEBUG Loader build version is >239b8550-a5ff-44be-a124-5e7ecd70737d<
2012-05-25 13:07:38,373-0500 DEBUG Loader Recompilation suppressed.
2012-05-25 13:07:38,515-0500 DEBUG textfiles using default sites file
2012-05-25 13:07:38,519-0500 INFO  VDL2ExecutionContext Stack dump:
Level 1
[iA = 0, iB = 0, bA = false, bB = false]
	vdl:instanceconfig = Swift configuration []
	vdl:operation = run
	swift.home = /usr/local/swift/bin/..
	PATH_SEPARATOR = /


2012-05-25 13:07:39,190-0500 INFO  unknown Using sites file: /usr/local/swift/bin/../etc/sites.xml
2012-05-25 13:07:39,226-0500 INFO  unknown Using tc.data: /usr/local/swift/bin/../etc/tc.data
2012-05-25 13:07:39,331-0500 WARN  File On line 24in File /usr/local/swift/bin/../etc/tc.data

java.lang.IllegalStateException: Error : Illegal TCType defined. Please specify one of the predefined types 
 [INSTALLED, SOURCE, STATIC_BINARY, DYNAMIC_BINARY, PACMAN_PACKAGE, SCRIPT]
	at org.globus.swift.catalog.types.TCType.fromValue(TCType.java:73)
	at org.globus.swift.catalog.types.TCType.fromString(TCType.java:85)
	at org.globus.swift.catalog.transformation.File.populateTC(File.java:1085)
	at org.globus.swift.catalog.transformation.File.populateTC(File.java:1034)
	at org.globus.swift.catalog.transformation.File.<init>(File.java:149)
	at org.globus.swift.catalog.transformation.File.getNonSingletonInstance(File.java:116)
	at org.griphyn.vdl.karajan.VDSAdaptiveScheduler.setProperty(VDSAdaptiveScheduler.java:71)
	at org.globus.cog.karajan.workflow.nodes.grid.SchedulerNode.newScheduler(SchedulerNode.java:104)
	at org.globus.cog.karajan.workflow.nodes.grid.SchedulerNode.post(SchedulerNode.java:63)
	at org.globus.cog.karajan.workflow.nodes.AbstractSequentialWithArguments.completed(AbstractSequentialWithArguments.java:194)
	at org.globus.cog.karajan.workflow.nodes.FlowNode.complete(FlowNode.java:214)
	at org.globus.cog.karajan.workflow.nodes.FlowContainer.post(FlowContainer.java:58)
	at org.globus.cog.karajan.workflow.nodes.AbstractSequentialWithArguments.completed(AbstractSequentialWithArguments.java:194)
	at org.globus.cog.karajan.workflow.nodes.user.UserDefinedElement.completed(UserDefinedElement.java:286)
	at org.globus.cog.karajan.workflow.nodes.user.SequentialImplicitExecutionUDE.completed(SequentialImplicitExecutionUDE.java:89)
	at org.globus.cog.karajan.workflow.nodes.FlowNode.complete(FlowNode.java:214)
	at org.globus.cog.karajan.workflow.nodes.FlowContainer.post(FlowContainer.java:58)
	at org.globus.cog.karajan.workflow.nodes.functions.AbstractFunction.post(AbstractFunction.java:28)
	at org.globus.cog.karajan.workflow.nodes.AbstractSequentialWithArguments.completed(AbstractSequentialWithArguments.java:194)
	at org.globus.cog.karajan.workflow.nodes.FlowNode.complete(FlowNode.java:214)
	at org.globus.cog.karajan.workflow.nodes.ExecuteFile.completed(ExecuteFile.java:158)
	at org.globus.cog.karajan.workflow.nodes.FlowNode.complete(FlowNode.java:214)
	at org.globus.cog.karajan.workflow.nodes.FlowContainer.post(FlowContainer.java:58)
	at org.globus.cog.karajan.workflow.nodes.Sequential.startNext(Sequential.java:29)
	at org.globus.cog.karajan.workflow.nodes.Sequential.completed(Sequential.java:24)
	at org.globus.cog.karajan.workflow.nodes.FlowNode.complete(FlowNode.java:214)
	at org.globus.cog.karajan.workflow.nodes.FlowContainer.post(FlowContainer.java:58)
	at org.globus.cog.karajan.workflow.nodes.AbstractSequentialWithArguments.completed(AbstractSequentialWithArguments.java:194)
	at org.globus.cog.karajan.workflow.nodes.user.UserDefinedElement.completed(UserDefinedElement.java:286)
	at org.globus.cog.karajan.workflow.nodes.user.SequentialImplicitExecutionUDE.completed(SequentialImplicitExecutionUDE.java:89)
	at org.globus.cog.karajan.workflow.nodes.FlowNode.complete(FlowNode.java:214)
	at org.globus.cog.karajan.workflow.nodes.FlowContainer.post(FlowContainer.java:58)
	at org.globus.cog.karajan.workflow.nodes.functions.AbstractFunction.post(AbstractFunction.java:28)
	at org.globus.cog.karajan.workflow.nodes.AbstractSequentialWithArguments.completed(AbstractSequentialWithArguments.java:194)
	at org.globus.cog.karajan.workflow.nodes.FlowNode.complete(FlowNode.java:214)
	at org.globus.cog.karajan.workflow.nodes.FlowContainer.post(FlowContainer.java:58)
	at org.globus.cog.karajan.workflow.nodes.AbstractSequentialWithArguments.completed(AbstractSequentialWithArguments.java:194)
	at org.globus.cog.karajan.workflow.nodes.PartialArgumentsContainer.nonArgChildCompleted(PartialArgumentsContainer.java:105)
	at org.globus.cog.karajan.workflow.nodes.PartialArgumentsContainer.completed(PartialArgumentsContainer.java:86)
	at org.globus.cog.karajan.workflow.nodes.FlowNode.complete(FlowNode.java:214)
	at org.globus.cog.karajan.workflow.nodes.Maybe.failed(Maybe.java:23)
	at org.globus.cog.karajan.workflow.nodes.FlowNode.failImmediately(FlowNode.java:89)
	at org.globus.cog.karajan.workflow.nodes.FlowNode.failed(FlowNode.java:245)
	at org.globus.cog.karajan.workflow.nodes.FlowNode.failImmediately(FlowNode.java:89)
	at org.globus.cog.karajan.workflow.nodes.FlowNode.restart(FlowNode.java:151)
	at org.globus.cog.karajan.workflow.nodes.FlowNode.start(FlowNode.java:197)
	at org.globus.cog.karajan.workflow.FlowElementWrapper.start(FlowElementWrapper.java:227)
	at org.globus.cog.karajan.workflow.events.EventBus.start(EventBus.java:104)
	at org.globus.cog.karajan.workflow.events.EventTargetPair.run(EventTargetPair.java:40)
	at java.util.concurrent.Executors$RunnableAdapter.call(Executors.java:471)
	at java.util.concurrent.FutureTask$Sync.innerRun(FutureTask.java:334)
	at java.util.concurrent.FutureTask.run(FutureTask.java:166)
	at java.util.concurrent.ThreadPoolExecutor.runWorker(ThreadPoolExecutor.java:1110)
	at java.util.concurrent.ThreadPoolExecutor$Worker.run(ThreadPoolExecutor.java:603)
	at java.lang.Thread.run(Thread.java:722)
2012-05-25 13:07:39,338-0500 INFO  AbstractScheduler Setting resources to: {localhost=localhost}
2012-05-25 13:07:40,086-0500 INFO  unknown Swift 0.93 swift-r5483 cog-r3339

2012-05-25 13:07:40,086-0500 INFO  unknown RUNID id=run:20120525-1307-yeagf8ud
2012-05-25 13:07:40,135-0500 INFO  RootDataNode Found mapped data outfile:messagefile - Open.$
2012-05-25 13:07:40,150-0500 DEBUG greeting PROCEDURE line=3 thread=0-1 name=greeting
2012-05-25 13:07:40,157-0500 INFO  vdl:execute START thread=0-1 tr=echo
2012-05-25 13:07:40,170-0500 INFO  WeightedHostScoreScheduler CONTACT_SELECTED host=localhost, score=1.000
2012-05-25 13:07:40,179-0500 INFO  GlobalSubmitQueue No global submit throttle set. Using default (1024)
2012-05-25 13:07:40,184-0500 INFO  LateBindingScheduler JobQueue: 0
2012-05-25 13:07:40,188-0500 INFO  LateBindingScheduler JobQueue: 0
2012-05-25 13:07:40,194-0500 INFO  vdl:initshareddir START host=localhost - Initializing shared directory
2012-05-25 13:07:40,201-0500 INFO  LateBindingScheduler JobQueue: 0
2012-05-25 13:07:40,231-0500 INFO  LateBindingScheduler JobQueue: 0
2012-05-25 13:07:40,236-0500 INFO  LateBindingScheduler JobQueue: 0
2012-05-25 13:07:40,239-0500 INFO  LateBindingScheduler JobQueue: 0
2012-05-25 13:07:40,246-0500 INFO  LateBindingScheduler JobQueue: 0
2012-05-25 13:07:40,255-0500 INFO  LateBindingScheduler JobQueue: 0
2012-05-25 13:07:40,259-0500 INFO  vdl:initshareddir END host=localhost - Done initializing shared directory
2012-05-25 13:07:40,265-0500 DEBUG vdl:execute2 THREAD_ASSOCIATION jobid=echo-3030itrk thread=0-1-1 host=localhost replicationGroup=2030itrk
2012-05-25 13:07:40,286-0500 INFO  vdl:createdirset START jobid=echo-3030itrk host=localhost - Initializing directory structure
2012-05-25 13:07:40,288-0500 INFO  vdl:createdirset END jobid=echo-3030itrk - Done initializing directory structure
2012-05-25 13:07:40,291-0500 INFO  vdl:dostagein START jobid=echo-3030itrk - Staging in files
2012-05-25 13:07:40,301-0500 INFO  vdl:dostagein END jobid=echo-3030itrk - Staging in finished
2012-05-25 13:07:40,306-0500 DEBUG vdl:execute2 JOB_START jobid=echo-3030itrk tr=echo arguments=[Hello, world!] tmpdir=hello-20120525-1307-yeagf8ud/jobs/3/echo-3030itrk host=localhost
2012-05-25 13:07:40,318-0500 DEBUG textfiles BEGIN TC:
#This is the transformation catalog.
#
#It comes pre-configured with a number of simple transformations with
#paths that are likely to work on a linux box. However, on some systems,
#the paths to these executables will be different (for example, sometimes
#some of these programs are found in /usr/bin rather than in /bin)
#
#NOTE WELL: fields in this file must be separated by tabs, not spaces; and
#there must be no trailing whitespace at the end of each line.
#
# sitename  transformation  path   INSTALLED  platform  profiles
localhost 	echo 		/bin/echo	INSTALLED	INTEL32::LINUX	null
localhost 	cat 		/bin/cat	INSTALLED	INTEL32::LINUX	null
localhost 	ls 		/bin/ls		INSTALLED	INTEL32::LINUX	null
localhost 	grep 		/bin/grep	INSTALLED	INTEL32::LINUX	null
localhost 	sort 		/bin/sort	INSTALLED	INTEL32::LINUX	null
localhost 	paste 		/bin/paste	INSTALLED	INTEL32::LINUX	null
localhost 	cp 		/bin/cp         INSTALLED	INTEL32::LINUX	null
localhost 	touch 		/bin/touch      INSTALLED	INTEL32::LINUX	null
localhost	wc		/usr/bin/wc	INSTALLED	INTEL32::LINUX	null
localhost	sh		/bin/sh		INSTALLED	INTEL32::LINUX	null
localhost	sleep		/bin/sleep	INSTALLED	INTEL32::LINUX	null
localhost	tr		/usr/bin/tr	INSTALLED	INTEL32::LINUX	null
localhost	scott.sh	/Users/scottkrieder/swift/examples/swift/tutorial/scott.sh	INTSALLED	INTEL32::LINUX	null


2012-05-25 13:07:40,319-0500 DEBUG textfiles END TC:
2012-05-25 13:07:40,326-0500 WARN  File On line 24in File /usr/local/swift/bin/../etc/tc.data

java.lang.IllegalStateException: Error : Illegal TCType defined. Please specify one of the predefined types 
 [INSTALLED, SOURCE, STATIC_BINARY, DYNAMIC_BINARY, PACMAN_PACKAGE, SCRIPT]
	at org.globus.swift.catalog.types.TCType.fromValue(TCType.java:73)
	at org.globus.swift.catalog.types.TCType.fromString(TCType.java:85)
	at org.globus.swift.catalog.transformation.File.populateTC(File.java:1085)
	at org.globus.swift.catalog.transformation.File.populateTC(File.java:1034)
	at org.globus.swift.catalog.transformation.File.<init>(File.java:149)
	at org.globus.swift.catalog.transformation.File.getNonSingletonInstance(File.java:116)
	at org.griphyn.vdl.karajan.lib.VDLFunction.getTC(VDLFunction.java:492)
	at org.griphyn.vdl.karajan.lib.Executable.function(Executable.java:24)
	at org.griphyn.vdl.karajan.lib.VDLFunction.post(VDLFunction.java:62)
	at org.globus.cog.karajan.workflow.nodes.AbstractSequentialWithArguments.completed(AbstractSequentialWithArguments.java:194)
	at org.globus.cog.karajan.workflow.nodes.FlowNode.complete(FlowNode.java:214)
	at org.globus.cog.karajan.workflow.nodes.FlowContainer.post(FlowContainer.java:58)
	at org.globus.cog.karajan.workflow.nodes.functions.AbstractFunction.post(AbstractFunction.java:28)
	at org.globus.cog.karajan.workflow.nodes.Sequential.startNext(Sequential.java:29)
	at org.globus.cog.karajan.workflow.nodes.Sequential.executeChildren(Sequential.java:20)
	at org.globus.cog.karajan.workflow.nodes.FlowContainer.execute(FlowContainer.java:63)
	at org.globus.cog.karajan.workflow.nodes.FlowNode.restart(FlowNode.java:139)
	at org.globus.cog.karajan.workflow.nodes.FlowNode.start(FlowNode.java:197)
	at org.globus.cog.karajan.workflow.FlowElementWrapper.start(FlowElementWrapper.java:227)
	at org.globus.cog.karajan.workflow.events.EventBus.start(EventBus.java:104)
	at org.globus.cog.karajan.workflow.events.EventTargetPair.run(EventTargetPair.java:40)
	at java.util.concurrent.Executors$RunnableAdapter.call(Executors.java:471)
	at java.util.concurrent.FutureTask$Sync.innerRun(FutureTask.java:334)
	at java.util.concurrent.FutureTask.run(FutureTask.java:166)
	at java.util.concurrent.ThreadPoolExecutor.runWorker(ThreadPoolExecutor.java:1110)
	at java.util.concurrent.ThreadPoolExecutor$Worker.run(ThreadPoolExecutor.java:603)
	at java.lang.Thread.run(Thread.java:722)
2012-05-25 13:07:40,355-0500 INFO  GridExec TASK_DEFINITION: Task(type=JOB_SUBMISSION, identity=urn:0-1-1-1337969259217) is /bin/bash shared/_swiftwrap echo-3030itrk -jobdir 3 -scratch  -e /bin/echo -out hello.txt -err stderr.txt -i -d  -if  -of hello.txt -k  -cdmfile  -status files -a Hello, world!
2012-05-25 13:07:40,373-0500 INFO  JobSubmissionTaskHandler Submit: in: /var/tmp/hello-20120525-1307-yeagf8ud command: /bin/bash /var/tmp/hello-20120525-1307-yeagf8ud/shared/_swiftwrap echo-3030itrk -jobdir 3 -scratch  -e /bin/echo -out hello.txt -err stderr.txt -i -d  -if  -of hello.txt -k  -cdmfile  -status files -a Hello, world!
2012-05-25 13:07:40,506-0500 INFO  LateBindingScheduler JobQueue: 0
2012-05-25 13:07:40,511-0500 DEBUG vdl:checkjobstatus START jobid=echo-3030itrk
2012-05-25 13:07:40,515-0500 INFO  LateBindingScheduler JobQueue: 0
2012-05-25 13:07:40,518-0500 INFO  vdl:checkjobstatus SUCCESS jobid=echo-3030itrk - Success file found
2012-05-25 13:07:40,521-0500 DEBUG vdl:execute2 STAGING_OUT jobid=echo-3030itrk
2012-05-25 13:07:40,524-0500 INFO  vdl:dostageout START jobid=echo-3030itrk - Staging out files
2012-05-25 13:07:40,525-0500 DEBUG vdl:dostageout stageouts: [[$, outfile:messagefile - Open]]
2012-05-25 13:07:40,542-0500 DEBUG vdl:dostageout FILE_STAGE_OUT_START srcname=hello.txt srcdir=hello-20120525-1307-yeagf8ud/shared/ srchost=localhost destdir= desthost=localhost provider=file
2012-05-25 13:07:40,545-0500 INFO  LateBindingScheduler JobQueue: 0
2012-05-25 13:07:40,565-0500 INFO  LateBindingScheduler JobQueue: 0
2012-05-25 13:07:40,567-0500 DEBUG vdl:dostageout FILE_STAGE_OUT_END srcname=hello.txt srcdir=hello-20120525-1307-yeagf8ud/shared/ srchost=localhost destdir= desthost=localhost provider=file
2012-05-25 13:07:40,576-0500 INFO  LateBindingScheduler JobQueue: 0
2012-05-25 13:07:40,592-0500 INFO  vdl:dostageout END jobid=echo-3030itrk - Staging out finished
2012-05-25 13:07:40,602-0500 DEBUG vdl:execute2 JOB_END jobid=echo-3030itrk
2012-05-25 13:07:40,605-0500 INFO  vdl:execute END_SUCCESS thread=0-1 tr=echo
2012-05-25 13:07:40,607-0500 DEBUG greeting PROCEDURE_END line=3
2012-05-25 13:07:40,630-0500 DEBUG vdl:mains Starting cleanups
2012-05-25 13:07:40,631-0500 INFO  vdl:cleanups START cleanups=[[hello-20120525-1307-yeagf8ud, localhost]]
2012-05-25 13:07:40,632-0500 INFO  vdl:cleanup START dir=hello-20120525-1307-yeagf8ud host=localhost
2012-05-25 13:07:40,633-0500 DEBUG vdl:cleanup cdmfile 
2012-05-25 13:07:40,635-0500 INFO  GridExec TASK_DEFINITION: Task(type=JOB_SUBMISSION, identity=urn:0-1-1337969259228) is /bin/rm -rf hello-20120525-1307-yeagf8ud
2012-05-25 13:07:40,636-0500 INFO  JobSubmissionTaskHandler Submit: in: /var/tmp command: /bin/rm -rf hello-20120525-1307-yeagf8ud
2012-05-25 13:07:40,637-0500 INFO  LateBindingScheduler JobQueue: 0
2012-05-25 13:07:40,638-0500 INFO  vdl:cleanup END dir=hello-20120525-1307-yeagf8ud host=localhost
2012-05-25 13:07:40,638-0500 INFO  vdl:cleanups END cleanups=[[hello-20120525-1307-yeagf8ud, localhost]]
2012-05-25 13:07:40,639-0500 DEBUG vdl:mains Ending cleanups
2012-05-25 13:07:40,640-0500 INFO  Loader Swift finished with no errors
