2012-05-18 18:13:01,699-0500 DEBUG Loader arguments: [hello.swift]
2012-05-18 18:13:01,700-0500 DEBUG Loader Max heap: 265093120
2012-05-18 18:13:01,701-0500 DEBUG textfiles BEGIN SWIFTSCRIPT:
type messagefile;

app (messagefile t) greeting() { 
    echo "Hello, world!" stdout=@filename(t);
}

messagefile outfile <"hello.txt">;

outfile = greeting();



2012-05-18 18:13:01,701-0500 DEBUG textfiles END SWIFTSCRIPT:
2012-05-18 18:13:01,702-0500 DEBUG Loader kmlversion is >239b8550-a5ff-44be-a124-5e7ecd70737d<
2012-05-18 18:13:01,702-0500 DEBUG Loader build version is >239b8550-a5ff-44be-a124-5e7ecd70737d<
2012-05-18 18:13:01,702-0500 DEBUG Loader Recompilation suppressed.
2012-05-18 18:13:01,912-0500 DEBUG textfiles using default sites file
2012-05-18 18:13:01,918-0500 INFO  VDL2ExecutionContext Stack dump:
Level 1
[iA = 0, iB = 0, bA = false, bB = false]
	vdl:instanceconfig = Swift configuration []
	vdl:operation = run
	swift.home = /usr/local/swift/bin/..
	PATH_SEPARATOR = /


2012-05-18 18:13:02,885-0500 INFO  unknown Using sites file: /usr/local/swift/bin/../etc/sites.xml
2012-05-18 18:13:02,927-0500 INFO  unknown Using tc.data: /usr/local/swift/bin/../etc/tc.data
2012-05-18 18:13:03,100-0500 INFO  AbstractScheduler Setting resources to: {localhost=localhost}
2012-05-18 18:13:03,910-0500 INFO  unknown Swift 0.93 swift-r5483 cog-r3339

2012-05-18 18:13:03,911-0500 INFO  unknown RUNID id=run:20120518-1813-gi7lt3od
2012-05-18 18:13:03,986-0500 DEBUG greeting PROCEDURE line=3 thread=0-1 name=greeting
2012-05-18 18:13:03,991-0500 INFO  vdl:execute START thread=0-1 tr=echo
2012-05-18 18:13:04,002-0500 INFO  WeightedHostScoreScheduler CONTACT_SELECTED host=localhost, score=1.000
2012-05-18 18:13:04,005-0500 INFO  GlobalSubmitQueue No global submit throttle set. Using default (1024)
2012-05-18 18:13:04,007-0500 INFO  LateBindingScheduler JobQueue: 0
2012-05-18 18:13:04,008-0500 INFO  LateBindingScheduler JobQueue: 0
2012-05-18 18:13:04,010-0500 INFO  vdl:initshareddir START host=localhost - Initializing shared directory
2012-05-18 18:13:04,012-0500 INFO  LateBindingScheduler JobQueue: 0
2012-05-18 18:13:04,029-0500 INFO  LateBindingScheduler JobQueue: 0
2012-05-18 18:13:04,031-0500 INFO  LateBindingScheduler JobQueue: 0
2012-05-18 18:13:04,032-0500 INFO  LateBindingScheduler JobQueue: 0
2012-05-18 18:13:04,034-0500 INFO  LateBindingScheduler JobQueue: 0
2012-05-18 18:13:04,037-0500 INFO  LateBindingScheduler JobQueue: 0
2012-05-18 18:13:04,038-0500 INFO  vdl:initshareddir END host=localhost - Done initializing shared directory
2012-05-18 18:13:04,050-0500 DEBUG vdl:execute2 THREAD_ASSOCIATION jobid=echo-mkb6cirk thread=0-1-1 host=localhost replicationGroup=lkb6cirk
2012-05-18 18:13:04,056-0500 INFO  vdl:createdirset START jobid=echo-mkb6cirk host=localhost - Initializing directory structure
2012-05-18 18:13:04,057-0500 INFO  vdl:createdirset END jobid=echo-mkb6cirk - Done initializing directory structure
2012-05-18 18:13:04,058-0500 INFO  vdl:dostagein START jobid=echo-mkb6cirk - Staging in files
2012-05-18 18:13:04,061-0500 INFO  vdl:dostagein END jobid=echo-mkb6cirk - Staging in finished
2012-05-18 18:13:04,062-0500 DEBUG vdl:execute2 JOB_START jobid=echo-mkb6cirk tr=echo arguments=[Hello, world!] tmpdir=hello-20120518-1813-gi7lt3od/jobs/m/echo-mkb6cirk host=localhost
2012-05-18 18:13:04,066-0500 DEBUG textfiles BEGIN TC:
#This is the transformation catalog.
#
#It comes pre-configured with a number of simple transformations with
#paths that are likely to work on a linux box. However, on some systems,
#the paths to these executables will be different (for example, sometimes
#some of these programs are found in /usr/bin rather than in /bin)
#
#NOTE WELL: fields in this file must be separated by tabs, not spaces; and
#there must be no trailing whitespace at the end of each line.
#
# sitename  transformation  path   INSTALLED  platform  profiles
localhost 	echo 		/bin/echo	INSTALLED	INTEL32::LINUX	null
localhost 	cat 		/bin/cat	INSTALLED	INTEL32::LINUX	null
localhost 	ls 		/bin/ls		INSTALLED	INTEL32::LINUX	null
localhost 	grep 		/bin/grep	INSTALLED	INTEL32::LINUX	null
localhost 	sort 		/bin/sort	INSTALLED	INTEL32::LINUX	null
localhost 	paste 		/bin/paste	INSTALLED	INTEL32::LINUX	null
localhost 	cp 		/bin/cp         INSTALLED	INTEL32::LINUX	null
localhost 	touch 		/bin/touch      INSTALLED	INTEL32::LINUX	null
localhost	wc		/usr/bin/wc	INSTALLED	INTEL32::LINUX	null


2012-05-18 18:13:04,066-0500 DEBUG textfiles END TC:
2012-05-18 18:13:04,077-0500 INFO  GridExec TASK_DEFINITION: Task(type=JOB_SUBMISSION, identity=urn:0-1-1-1337382782913) is /bin/bash shared/_swiftwrap echo-mkb6cirk -jobdir m -scratch  -e /bin/echo -out hello.txt -err stderr.txt -i -d  -if  -of hello.txt -k  -cdmfile  -status files -a Hello, world!
2012-05-18 18:13:04,083-0500 INFO  JobSubmissionTaskHandler Submit: in: /var/tmp/hello-20120518-1813-gi7lt3od command: /bin/bash /var/tmp/hello-20120518-1813-gi7lt3od/shared/_swiftwrap echo-mkb6cirk -jobdir m -scratch  -e /bin/echo -out hello.txt -err stderr.txt -i -d  -if  -of hello.txt -k  -cdmfile  -status files -a Hello, world!
2012-05-18 18:13:04,171-0500 INFO  LateBindingScheduler JobQueue: 0
2012-05-18 18:13:04,174-0500 DEBUG vdl:checkjobstatus START jobid=echo-mkb6cirk
2012-05-18 18:13:04,176-0500 INFO  LateBindingScheduler JobQueue: 0
2012-05-18 18:13:04,176-0500 INFO  vdl:checkjobstatus SUCCESS jobid=echo-mkb6cirk - Success file found
2012-05-18 18:13:04,177-0500 DEBUG vdl:execute2 STAGING_OUT jobid=echo-mkb6cirk
2012-05-18 18:13:04,178-0500 INFO  vdl:dostageout START jobid=echo-mkb6cirk - Staging out files
2012-05-18 18:13:04,179-0500 DEBUG vdl:dostageout stageouts: [[$, outfile:messagefile - Open]]
2012-05-18 18:13:04,184-0500 DEBUG vdl:dostageout FILE_STAGE_OUT_START srcname=hello.txt srcdir=hello-20120518-1813-gi7lt3od/shared/ srchost=localhost destdir= desthost=localhost provider=file
2012-05-18 18:13:04,185-0500 INFO  LateBindingScheduler JobQueue: 0
2012-05-18 18:13:04,206-0500 INFO  LateBindingScheduler JobQueue: 0
2012-05-18 18:13:04,207-0500 DEBUG vdl:dostageout FILE_STAGE_OUT_END srcname=hello.txt srcdir=hello-20120518-1813-gi7lt3od/shared/ srchost=localhost destdir= desthost=localhost provider=file
2012-05-18 18:13:04,211-0500 INFO  LateBindingScheduler JobQueue: 0
2012-05-18 18:13:04,217-0500 INFO  vdl:dostageout END jobid=echo-mkb6cirk - Staging out finished
2012-05-18 18:13:04,220-0500 DEBUG vdl:execute2 JOB_END jobid=echo-mkb6cirk
2012-05-18 18:13:04,221-0500 INFO  vdl:execute END_SUCCESS thread=0-1 tr=echo
2012-05-18 18:13:04,222-0500 DEBUG greeting PROCEDURE_END line=3
2012-05-18 18:13:04,239-0500 DEBUG vdl:mains Starting cleanups
2012-05-18 18:13:04,240-0500 INFO  vdl:cleanups START cleanups=[[hello-20120518-1813-gi7lt3od, localhost]]
2012-05-18 18:13:04,242-0500 INFO  vdl:cleanup START dir=hello-20120518-1813-gi7lt3od host=localhost
2012-05-18 18:13:04,242-0500 DEBUG vdl:cleanup cdmfile 
2012-05-18 18:13:04,245-0500 INFO  GridExec TASK_DEFINITION: Task(type=JOB_SUBMISSION, identity=urn:0-1-1337382782924) is /bin/rm -rf hello-20120518-1813-gi7lt3od
2012-05-18 18:13:04,245-0500 INFO  JobSubmissionTaskHandler Submit: in: /var/tmp command: /bin/rm -rf hello-20120518-1813-gi7lt3od
2012-05-18 18:13:04,245-0500 INFO  LateBindingScheduler JobQueue: 1
2012-05-18 18:13:04,301-0500 INFO  vdl:cleanup END dir=hello-20120518-1813-gi7lt3od host=localhost
2012-05-18 18:13:04,301-0500 INFO  vdl:cleanups END cleanups=[[hello-20120518-1813-gi7lt3od, localhost]]
2012-05-18 18:13:04,302-0500 DEBUG vdl:mains Ending cleanups
2012-05-18 18:13:04,305-0500 INFO  Loader Swift finished with no errors
