2012-05-23 13:24:11,525-0500 DEBUG Loader arguments: [-tc.file, ../../../etc/tc.data, scott.swift]
2012-05-23 13:24:11,525-0500 DEBUG Loader Max heap: 265093120
2012-05-23 13:24:11,527-0500 DEBUG textfiles BEGIN SWIFTSCRIPT:
type messagefile;

app (messagefile t) greeting() { 
   sh "/Users/scottkrieder/swift/examples/swift/tutorial/scott.sh" stdout=@filename(t);
}

messagefile outfile <"scott.txt">;

outfile = greeting();


2012-05-23 13:24:11,527-0500 DEBUG textfiles END SWIFTSCRIPT:
2012-05-23 13:24:11,527-0500 INFO  Loader scott.swift: source file is new. Recompiling.
2012-05-23 13:24:11,531-0500 DEBUG Loader kmlversion is >239b8550-a5ff-44be-a124-5e7ecd70737d<
2012-05-23 13:24:11,531-0500 DEBUG Loader build version is >239b8550-a5ff-44be-a124-5e7ecd70737d<
2012-05-23 13:24:12,572-0500 INFO  Karajan Validation of XML intermediate file was successful
2012-05-23 13:24:12,859-0500 DEBUG Loader setting: tc.file to: ../../../etc/tc.data
2012-05-23 13:24:12,860-0500 DEBUG textfiles using default sites file
2012-05-23 13:24:12,866-0500 INFO  VDL2ExecutionContext Stack dump:
Level 1
[iA = 0, iB = 0, bA = false, bB = false]
	vdl:instanceconfig = Swift configuration []
	vdl:operation = run
	swift.home = /usr/local/swift/bin/..
	PATH_SEPARATOR = /


2012-05-23 13:24:13,763-0500 INFO  unknown Using sites file: /usr/local/swift/bin/../etc/sites.xml
2012-05-23 13:24:13,802-0500 INFO  unknown Using tc.data: ../../../etc/tc.data
2012-05-23 13:24:13,959-0500 WARN  File On line 24in File ../../../etc/tc.data

java.lang.IllegalStateException: Error : Illegal TCType defined. Please specify one of the predefined types 
 [INSTALLED, SOURCE, STATIC_BINARY, DYNAMIC_BINARY, PACMAN_PACKAGE, SCRIPT]
	at org.globus.swift.catalog.types.TCType.fromValue(TCType.java:73)
	at org.globus.swift.catalog.types.TCType.fromString(TCType.java:85)
	at org.globus.swift.catalog.transformation.File.populateTC(File.java:1085)
	at org.globus.swift.catalog.transformation.File.populateTC(File.java:1034)
	at org.globus.swift.catalog.transformation.File.<init>(File.java:149)
	at org.globus.swift.catalog.transformation.File.getNonSingletonInstance(File.java:116)
	at org.griphyn.vdl.karajan.VDSAdaptiveScheduler.setProperty(VDSAdaptiveScheduler.java:71)
	at org.globus.cog.karajan.workflow.nodes.grid.SchedulerNode.newScheduler(SchedulerNode.java:104)
	at org.globus.cog.karajan.workflow.nodes.grid.SchedulerNode.post(SchedulerNode.java:63)
	at org.globus.cog.karajan.workflow.nodes.AbstractSequentialWithArguments.completed(AbstractSequentialWithArguments.java:194)
	at org.globus.cog.karajan.workflow.nodes.FlowNode.complete(FlowNode.java:214)
	at org.globus.cog.karajan.workflow.nodes.FlowContainer.post(FlowContainer.java:58)
	at org.globus.cog.karajan.workflow.nodes.AbstractSequentialWithArguments.completed(AbstractSequentialWithArguments.java:194)
	at org.globus.cog.karajan.workflow.nodes.user.UserDefinedElement.completed(UserDefinedElement.java:286)
	at org.globus.cog.karajan.workflow.nodes.user.SequentialImplicitExecutionUDE.completed(SequentialImplicitExecutionUDE.java:89)
	at org.globus.cog.karajan.workflow.nodes.FlowNode.complete(FlowNode.java:214)
	at org.globus.cog.karajan.workflow.nodes.FlowContainer.post(FlowContainer.java:58)
	at org.globus.cog.karajan.workflow.nodes.functions.AbstractFunction.post(AbstractFunction.java:28)
	at org.globus.cog.karajan.workflow.nodes.AbstractSequentialWithArguments.completed(AbstractSequentialWithArguments.java:194)
	at org.globus.cog.karajan.workflow.nodes.FlowNode.complete(FlowNode.java:214)
	at org.globus.cog.karajan.workflow.nodes.ExecuteFile.completed(ExecuteFile.java:158)
	at org.globus.cog.karajan.workflow.nodes.FlowNode.complete(FlowNode.java:214)
	at org.globus.cog.karajan.workflow.nodes.FlowContainer.post(FlowContainer.java:58)
	at org.globus.cog.karajan.workflow.nodes.Sequential.startNext(Sequential.java:29)
	at org.globus.cog.karajan.workflow.nodes.Sequential.completed(Sequential.java:24)
	at org.globus.cog.karajan.workflow.nodes.FlowNode.complete(FlowNode.java:214)
	at org.globus.cog.karajan.workflow.nodes.FlowContainer.post(FlowContainer.java:58)
	at org.globus.cog.karajan.workflow.nodes.AbstractSequentialWithArguments.completed(AbstractSequentialWithArguments.java:194)
	at org.globus.cog.karajan.workflow.nodes.user.UserDefinedElement.completed(UserDefinedElement.java:286)
	at org.globus.cog.karajan.workflow.nodes.user.SequentialImplicitExecutionUDE.completed(SequentialImplicitExecutionUDE.java:89)
	at org.globus.cog.karajan.workflow.nodes.FlowNode.complete(FlowNode.java:214)
	at org.globus.cog.karajan.workflow.nodes.FlowContainer.post(FlowContainer.java:58)
	at org.globus.cog.karajan.workflow.nodes.functions.AbstractFunction.post(AbstractFunction.java:28)
	at org.globus.cog.karajan.workflow.nodes.AbstractSequentialWithArguments.completed(AbstractSequentialWithArguments.java:194)
	at org.globus.cog.karajan.workflow.nodes.FlowNode.complete(FlowNode.java:214)
	at org.globus.cog.karajan.workflow.nodes.FlowContainer.post(FlowContainer.java:58)
	at org.globus.cog.karajan.workflow.nodes.AbstractSequentialWithArguments.completed(AbstractSequentialWithArguments.java:194)
	at org.globus.cog.karajan.workflow.nodes.PartialArgumentsContainer.nonArgChildCompleted(PartialArgumentsContainer.java:105)
	at org.globus.cog.karajan.workflow.nodes.PartialArgumentsContainer.completed(PartialArgumentsContainer.java:86)
	at org.globus.cog.karajan.workflow.nodes.FlowNode.complete(FlowNode.java:214)
	at org.globus.cog.karajan.workflow.nodes.Maybe.failed(Maybe.java:23)
	at org.globus.cog.karajan.workflow.nodes.FlowNode.failImmediately(FlowNode.java:89)
	at org.globus.cog.karajan.workflow.nodes.FlowNode.failed(FlowNode.java:245)
	at org.globus.cog.karajan.workflow.nodes.FlowNode.failImmediately(FlowNode.java:89)
	at org.globus.cog.karajan.workflow.nodes.FlowNode.restart(FlowNode.java:151)
	at org.globus.cog.karajan.workflow.nodes.FlowNode.start(FlowNode.java:197)
	at org.globus.cog.karajan.workflow.FlowElementWrapper.start(FlowElementWrapper.java:227)
	at org.globus.cog.karajan.workflow.events.EventBus.start(EventBus.java:104)
	at org.globus.cog.karajan.workflow.events.EventTargetPair.run(EventTargetPair.java:40)
	at java.util.concurrent.Executors$RunnableAdapter.call(Executors.java:441)
	at java.util.concurrent.FutureTask$Sync.innerRun(FutureTask.java:303)
	at java.util.concurrent.FutureTask.run(FutureTask.java:138)
	at java.util.concurrent.ThreadPoolExecutor$Worker.runTask(ThreadPoolExecutor.java:886)
	at java.util.concurrent.ThreadPoolExecutor$Worker.run(ThreadPoolExecutor.java:908)
	at java.lang.Thread.run(Thread.java:680)
2012-05-23 13:24:13,967-0500 INFO  AbstractScheduler Setting resources to: {localhost=localhost}
2012-05-23 13:24:14,783-0500 INFO  unknown Swift 0.93 swift-r5483 cog-r3339

2012-05-23 13:24:14,784-0500 INFO  unknown RUNID id=run:20120523-1324-f20v2ngc
2012-05-23 13:24:14,836-0500 INFO  RootDataNode Found mapped data outfile:messagefile - Open.$
2012-05-23 13:24:14,874-0500 DEBUG greeting PROCEDURE line=3 thread=0-1 name=greeting
2012-05-23 13:24:14,879-0500 INFO  vdl:execute START thread=0-1 tr=sh
2012-05-23 13:24:14,891-0500 INFO  WeightedHostScoreScheduler CONTACT_SELECTED host=localhost, score=1.000
2012-05-23 13:24:14,894-0500 INFO  GlobalSubmitQueue No global submit throttle set. Using default (1024)
2012-05-23 13:24:14,896-0500 INFO  LateBindingScheduler JobQueue: 0
2012-05-23 13:24:14,897-0500 INFO  LateBindingScheduler JobQueue: 0
2012-05-23 13:24:14,899-0500 INFO  vdl:initshareddir START host=localhost - Initializing shared directory
2012-05-23 13:24:14,901-0500 INFO  LateBindingScheduler JobQueue: 0
2012-05-23 13:24:14,913-0500 INFO  LateBindingScheduler JobQueue: 0
2012-05-23 13:24:14,914-0500 INFO  LateBindingScheduler JobQueue: 0
2012-05-23 13:24:14,916-0500 INFO  LateBindingScheduler JobQueue: 0
2012-05-23 13:24:14,918-0500 INFO  LateBindingScheduler JobQueue: 0
2012-05-23 13:24:14,920-0500 INFO  LateBindingScheduler JobQueue: 0
2012-05-23 13:24:14,921-0500 INFO  vdl:initshareddir END host=localhost - Done initializing shared directory
2012-05-23 13:24:14,923-0500 DEBUG vdl:execute2 THREAD_ASSOCIATION jobid=sh-hgyh8qrk thread=0-1-1 host=localhost replicationGroup=ggyh8qrk
2012-05-23 13:24:14,930-0500 INFO  vdl:createdirset START jobid=sh-hgyh8qrk host=localhost - Initializing directory structure
2012-05-23 13:24:14,930-0500 INFO  vdl:createdirset END jobid=sh-hgyh8qrk - Done initializing directory structure
2012-05-23 13:24:14,932-0500 INFO  vdl:dostagein START jobid=sh-hgyh8qrk - Staging in files
2012-05-23 13:24:14,936-0500 INFO  vdl:dostagein END jobid=sh-hgyh8qrk - Staging in finished
2012-05-23 13:24:14,937-0500 DEBUG vdl:execute2 JOB_START jobid=sh-hgyh8qrk tr=sh arguments=[/Users/scottkrieder/swift/examples/swift/tutorial/scott.sh] tmpdir=scott-20120523-1324-f20v2ngc/jobs/h/sh-hgyh8qrk host=localhost
2012-05-23 13:24:14,940-0500 DEBUG textfiles BEGIN TC:
#This is the transformation catalog.
#
#It comes pre-configured with a number of simple transformations with
#paths that are likely to work on a linux box. However, on some systems,
#the paths to these executables will be different (for example, sometimes
#some of these programs are found in /usr/bin rather than in /bin)
#
#NOTE WELL: fields in this file must be separated by tabs, not spaces; and
#there must be no trailing whitespace at the end of each line.
#
# sitename  transformation  path   INSTALLED  platform  profiles
localhost 	echo 		/bin/echo	INSTALLED	INTEL32::LINUX	null
localhost 	cat 		/bin/cat	INSTALLED	INTEL32::LINUX	null
localhost 	ls 		/bin/ls		INSTALLED	INTEL32::LINUX	null
localhost 	grep 		/bin/grep	INSTALLED	INTEL32::LINUX	null
localhost 	sort 		/bin/sort	INSTALLED	INTEL32::LINUX	null
localhost 	paste 		/bin/paste	INSTALLED	INTEL32::LINUX	null
localhost 	cp 		/bin/cp         INSTALLED	INTEL32::LINUX	null
localhost 	touch 		/bin/touch      INSTALLED	INTEL32::LINUX	null
localhost	wc		/usr/bin/wc	INSTALLED	INTEL32::LINUX	null
localhost	sh		/bin/sh		INSTALLED	INTEL32::LINUX	null
localhost	sleep		/bin/sleep	INSTALLED	INTEL32::LINUX	null
localhost	tr		/usr/bin/tr	INSTALLED	INTEL32::LINUX	null
localhost	scott.sh	/Users/scottkrieder/swift/examples/swift/tutorial/scott.sh	INTSALLED	INTEL32::LINUX	null


2012-05-23 13:24:14,941-0500 DEBUG textfiles END TC:
2012-05-23 13:24:14,943-0500 WARN  File On line 24in File ../../../etc/tc.data

java.lang.IllegalStateException: Error : Illegal TCType defined. Please specify one of the predefined types 
 [INSTALLED, SOURCE, STATIC_BINARY, DYNAMIC_BINARY, PACMAN_PACKAGE, SCRIPT]
	at org.globus.swift.catalog.types.TCType.fromValue(TCType.java:73)
	at org.globus.swift.catalog.types.TCType.fromString(TCType.java:85)
	at org.globus.swift.catalog.transformation.File.populateTC(File.java:1085)
	at org.globus.swift.catalog.transformation.File.populateTC(File.java:1034)
	at org.globus.swift.catalog.transformation.File.<init>(File.java:149)
	at org.globus.swift.catalog.transformation.File.getNonSingletonInstance(File.java:116)
	at org.griphyn.vdl.karajan.lib.VDLFunction.getTC(VDLFunction.java:492)
	at org.griphyn.vdl.karajan.lib.Executable.function(Executable.java:24)
	at org.griphyn.vdl.karajan.lib.VDLFunction.post(VDLFunction.java:62)
	at org.globus.cog.karajan.workflow.nodes.AbstractSequentialWithArguments.completed(AbstractSequentialWithArguments.java:194)
	at org.globus.cog.karajan.workflow.nodes.FlowNode.complete(FlowNode.java:214)
	at org.globus.cog.karajan.workflow.nodes.FlowContainer.post(FlowContainer.java:58)
	at org.globus.cog.karajan.workflow.nodes.functions.AbstractFunction.post(AbstractFunction.java:28)
	at org.globus.cog.karajan.workflow.nodes.Sequential.startNext(Sequential.java:29)
	at org.globus.cog.karajan.workflow.nodes.Sequential.executeChildren(Sequential.java:20)
	at org.globus.cog.karajan.workflow.nodes.FlowContainer.execute(FlowContainer.java:63)
	at org.globus.cog.karajan.workflow.nodes.FlowNode.restart(FlowNode.java:139)
	at org.globus.cog.karajan.workflow.nodes.FlowNode.start(FlowNode.java:197)
	at org.globus.cog.karajan.workflow.FlowElementWrapper.start(FlowElementWrapper.java:227)
	at org.globus.cog.karajan.workflow.events.EventBus.start(EventBus.java:104)
	at org.globus.cog.karajan.workflow.events.EventTargetPair.run(EventTargetPair.java:40)
	at java.util.concurrent.Executors$RunnableAdapter.call(Executors.java:441)
	at java.util.concurrent.FutureTask$Sync.innerRun(FutureTask.java:303)
	at java.util.concurrent.FutureTask.run(FutureTask.java:138)
	at java.util.concurrent.ThreadPoolExecutor$Worker.runTask(ThreadPoolExecutor.java:886)
	at java.util.concurrent.ThreadPoolExecutor$Worker.run(ThreadPoolExecutor.java:908)
	at java.lang.Thread.run(Thread.java:680)
2012-05-23 13:24:14,960-0500 INFO  GridExec TASK_DEFINITION: Task(type=JOB_SUBMISSION, identity=urn:0-1-1-1337797453792) is /bin/bash shared/_swiftwrap sh-hgyh8qrk -jobdir h -scratch  -e /bin/sh -out scott.txt -err stderr.txt -i -d  -if  -of scott.txt -k  -cdmfile  -status files -a /Users/scottkrieder/swift/examples/swift/tutorial/scott.sh
2012-05-23 13:24:14,967-0500 INFO  JobSubmissionTaskHandler Submit: in: /var/tmp/scott-20120523-1324-f20v2ngc command: /bin/bash /var/tmp/scott-20120523-1324-f20v2ngc/shared/_swiftwrap sh-hgyh8qrk -jobdir h -scratch  -e /bin/sh -out scott.txt -err stderr.txt -i -d  -if  -of scott.txt -k  -cdmfile  -status files -a /Users/scottkrieder/swift/examples/swift/tutorial/scott.sh
2012-05-23 13:24:25,066-0500 INFO  LateBindingScheduler JobQueue: 0
2012-05-23 13:24:25,070-0500 DEBUG vdl:checkjobstatus START jobid=sh-hgyh8qrk
2012-05-23 13:24:25,072-0500 INFO  LateBindingScheduler JobQueue: 0
2012-05-23 13:24:25,074-0500 INFO  vdl:checkjobstatus SUCCESS jobid=sh-hgyh8qrk - Success file found
2012-05-23 13:24:25,076-0500 DEBUG vdl:execute2 STAGING_OUT jobid=sh-hgyh8qrk
2012-05-23 13:24:25,077-0500 INFO  vdl:dostageout START jobid=sh-hgyh8qrk - Staging out files
2012-05-23 13:24:25,077-0500 DEBUG vdl:dostageout stageouts: [[$, outfile:messagefile - Open]]
2012-05-23 13:24:25,082-0500 DEBUG vdl:dostageout FILE_STAGE_OUT_START srcname=scott.txt srcdir=scott-20120523-1324-f20v2ngc/shared/ srchost=localhost destdir= desthost=localhost provider=file
2012-05-23 13:24:25,083-0500 INFO  LateBindingScheduler JobQueue: 0
2012-05-23 13:24:25,093-0500 INFO  LateBindingScheduler JobQueue: 0
2012-05-23 13:24:25,096-0500 DEBUG vdl:dostageout FILE_STAGE_OUT_END srcname=scott.txt srcdir=scott-20120523-1324-f20v2ngc/shared/ srchost=localhost destdir= desthost=localhost provider=file
2012-05-23 13:24:25,109-0500 INFO  LateBindingScheduler JobQueue: 0
2012-05-23 13:24:25,116-0500 INFO  vdl:dostageout END jobid=sh-hgyh8qrk - Staging out finished
2012-05-23 13:24:25,121-0500 DEBUG vdl:execute2 JOB_END jobid=sh-hgyh8qrk
2012-05-23 13:24:25,123-0500 INFO  vdl:execute END_SUCCESS thread=0-1 tr=sh
2012-05-23 13:24:25,124-0500 DEBUG greeting PROCEDURE_END line=3
2012-05-23 13:24:25,143-0500 DEBUG vdl:mains Starting cleanups
2012-05-23 13:24:25,144-0500 INFO  vdl:cleanups START cleanups=[[scott-20120523-1324-f20v2ngc, localhost]]
2012-05-23 13:24:25,146-0500 INFO  vdl:cleanup START dir=scott-20120523-1324-f20v2ngc host=localhost
2012-05-23 13:24:25,146-0500 DEBUG vdl:cleanup cdmfile 
2012-05-23 13:24:25,149-0500 INFO  GridExec TASK_DEFINITION: Task(type=JOB_SUBMISSION, identity=urn:0-1-1337797453803) is /bin/rm -rf scott-20120523-1324-f20v2ngc
2012-05-23 13:24:25,150-0500 INFO  JobSubmissionTaskHandler Submit: in: /var/tmp command: /bin/rm -rf scott-20120523-1324-f20v2ngc
2012-05-23 13:24:25,150-0500 INFO  LateBindingScheduler JobQueue: 0
2012-05-23 13:24:25,174-0500 INFO  vdl:cleanup END dir=scott-20120523-1324-f20v2ngc host=localhost
2012-05-23 13:24:25,181-0500 INFO  vdl:cleanups END cleanups=[[scott-20120523-1324-f20v2ngc, localhost]]
2012-05-23 13:24:25,182-0500 DEBUG vdl:mains Ending cleanups
2012-05-23 13:24:25,188-0500 INFO  Loader Swift finished with no errors
