2012-05-23 12:38:39,231-0500 DEBUG Loader arguments: [-tc.file, ../../../etc/tc.data, scott.swift]
2012-05-23 12:38:39,232-0500 DEBUG Loader Max heap: 265093120
2012-05-23 12:38:39,233-0500 DEBUG textfiles BEGIN SWIFTSCRIPT:
type messagefile;

app (messagefile t) greeting() { 
   sh "scott" stdout=@filename(t);
}

messagefile outfile <"scott.txt">;

outfile = greeting();



2012-05-23 12:38:39,233-0500 DEBUG textfiles END SWIFTSCRIPT:
2012-05-23 12:38:39,234-0500 INFO  Loader scott.swift: source file is new. Recompiling.
2012-05-23 12:38:40,353-0500 INFO  Karajan Validation of XML intermediate file was successful
2012-05-23 12:38:40,611-0500 DEBUG Loader setting: tc.file to: ../../../etc/tc.data
2012-05-23 12:38:40,611-0500 DEBUG textfiles using default sites file
2012-05-23 12:38:40,618-0500 INFO  VDL2ExecutionContext Stack dump:
Level 1
[iA = 0, iB = 0, bA = false, bB = false]
	vdl:instanceconfig = Swift configuration []
	vdl:operation = run
	swift.home = /usr/local/swift/bin/..
	PATH_SEPARATOR = /


2012-05-23 12:38:41,502-0500 INFO  unknown Using sites file: /usr/local/swift/bin/../etc/sites.xml
2012-05-23 12:38:41,542-0500 INFO  unknown Using tc.data: ../../../etc/tc.data
2012-05-23 12:38:41,690-0500 WARN  File On line 24in File ../../../etc/tc.data

java.lang.IllegalStateException: Error : Illegal TCType defined. Please specify one of the predefined types 
 [INSTALLED, SOURCE, STATIC_BINARY, DYNAMIC_BINARY, PACMAN_PACKAGE, SCRIPT]
	at org.globus.swift.catalog.types.TCType.fromValue(TCType.java:73)
	at org.globus.swift.catalog.types.TCType.fromString(TCType.java:85)
	at org.globus.swift.catalog.transformation.File.populateTC(File.java:1085)
	at org.globus.swift.catalog.transformation.File.populateTC(File.java:1034)
	at org.globus.swift.catalog.transformation.File.<init>(File.java:149)
	at org.globus.swift.catalog.transformation.File.getNonSingletonInstance(File.java:116)
	at org.griphyn.vdl.karajan.VDSAdaptiveScheduler.setProperty(VDSAdaptiveScheduler.java:71)
	at org.globus.cog.karajan.workflow.nodes.grid.SchedulerNode.newScheduler(SchedulerNode.java:104)
	at org.globus.cog.karajan.workflow.nodes.grid.SchedulerNode.post(SchedulerNode.java:63)
	at org.globus.cog.karajan.workflow.nodes.AbstractSequentialWithArguments.completed(AbstractSequentialWithArguments.java:194)
	at org.globus.cog.karajan.workflow.nodes.FlowNode.complete(FlowNode.java:214)
	at org.globus.cog.karajan.workflow.nodes.FlowContainer.post(FlowContainer.java:58)
	at org.globus.cog.karajan.workflow.nodes.AbstractSequentialWithArguments.completed(AbstractSequentialWithArguments.java:194)
	at org.globus.cog.karajan.workflow.nodes.user.UserDefinedElement.completed(UserDefinedElement.java:286)
	at org.globus.cog.karajan.workflow.nodes.user.SequentialImplicitExecutionUDE.completed(SequentialImplicitExecutionUDE.java:89)
	at org.globus.cog.karajan.workflow.nodes.FlowNode.complete(FlowNode.java:214)
	at org.globus.cog.karajan.workflow.nodes.FlowContainer.post(FlowContainer.java:58)
	at org.globus.cog.karajan.workflow.nodes.functions.AbstractFunction.post(AbstractFunction.java:28)
	at org.globus.cog.karajan.workflow.nodes.AbstractSequentialWithArguments.completed(AbstractSequentialWithArguments.java:194)
	at org.globus.cog.karajan.workflow.nodes.FlowNode.complete(FlowNode.java:214)
	at org.globus.cog.karajan.workflow.nodes.ExecuteFile.completed(ExecuteFile.java:158)
	at org.globus.cog.karajan.workflow.nodes.FlowNode.complete(FlowNode.java:214)
	at org.globus.cog.karajan.workflow.nodes.FlowContainer.post(FlowContainer.java:58)
	at org.globus.cog.karajan.workflow.nodes.Sequential.startNext(Sequential.java:29)
	at org.globus.cog.karajan.workflow.nodes.Sequential.completed(Sequential.java:24)
	at org.globus.cog.karajan.workflow.nodes.FlowNode.complete(FlowNode.java:214)
	at org.globus.cog.karajan.workflow.nodes.FlowContainer.post(FlowContainer.java:58)
	at org.globus.cog.karajan.workflow.nodes.AbstractSequentialWithArguments.completed(AbstractSequentialWithArguments.java:194)
	at org.globus.cog.karajan.workflow.nodes.user.UserDefinedElement.completed(UserDefinedElement.java:286)
	at org.globus.cog.karajan.workflow.nodes.user.SequentialImplicitExecutionUDE.completed(SequentialImplicitExecutionUDE.java:89)
	at org.globus.cog.karajan.workflow.nodes.FlowNode.complete(FlowNode.java:214)
	at org.globus.cog.karajan.workflow.nodes.FlowContainer.post(FlowContainer.java:58)
	at org.globus.cog.karajan.workflow.nodes.functions.AbstractFunction.post(AbstractFunction.java:28)
	at org.globus.cog.karajan.workflow.nodes.AbstractSequentialWithArguments.completed(AbstractSequentialWithArguments.java:194)
	at org.globus.cog.karajan.workflow.nodes.FlowNode.complete(FlowNode.java:214)
	at org.globus.cog.karajan.workflow.nodes.FlowContainer.post(FlowContainer.java:58)
	at org.globus.cog.karajan.workflow.nodes.AbstractSequentialWithArguments.completed(AbstractSequentialWithArguments.java:194)
	at org.globus.cog.karajan.workflow.nodes.PartialArgumentsContainer.nonArgChildCompleted(PartialArgumentsContainer.java:105)
	at org.globus.cog.karajan.workflow.nodes.PartialArgumentsContainer.completed(PartialArgumentsContainer.java:86)
	at org.globus.cog.karajan.workflow.nodes.FlowNode.complete(FlowNode.java:214)
	at org.globus.cog.karajan.workflow.nodes.Maybe.failed(Maybe.java:23)
	at org.globus.cog.karajan.workflow.nodes.FlowNode.failImmediately(FlowNode.java:89)
	at org.globus.cog.karajan.workflow.nodes.FlowNode.failed(FlowNode.java:245)
	at org.globus.cog.karajan.workflow.nodes.FlowNode.failImmediately(FlowNode.java:89)
	at org.globus.cog.karajan.workflow.nodes.FlowNode.restart(FlowNode.java:151)
	at org.globus.cog.karajan.workflow.nodes.FlowNode.start(FlowNode.java:197)
	at org.globus.cog.karajan.workflow.FlowElementWrapper.start(FlowElementWrapper.java:227)
	at org.globus.cog.karajan.workflow.events.EventBus.start(EventBus.java:104)
	at org.globus.cog.karajan.workflow.events.EventTargetPair.run(EventTargetPair.java:40)
	at java.util.concurrent.Executors$RunnableAdapter.call(Executors.java:441)
	at java.util.concurrent.FutureTask$Sync.innerRun(FutureTask.java:303)
	at java.util.concurrent.FutureTask.run(FutureTask.java:138)
	at java.util.concurrent.ThreadPoolExecutor$Worker.runTask(ThreadPoolExecutor.java:886)
	at java.util.concurrent.ThreadPoolExecutor$Worker.run(ThreadPoolExecutor.java:908)
	at java.lang.Thread.run(Thread.java:680)
2012-05-23 12:38:41,699-0500 INFO  AbstractScheduler Setting resources to: {localhost=localhost}
2012-05-23 12:38:42,475-0500 INFO  unknown Swift 0.93 swift-r5483 cog-r3339

2012-05-23 12:38:42,477-0500 INFO  unknown RUNID id=run:20120523-1238-1309j3a7
2012-05-23 12:38:42,558-0500 DEBUG greeting PROCEDURE line=3 thread=0-1 name=greeting
2012-05-23 12:38:42,563-0500 INFO  vdl:execute START thread=0-1 tr=sh
2012-05-23 12:38:42,575-0500 INFO  WeightedHostScoreScheduler CONTACT_SELECTED host=localhost, score=1.000
2012-05-23 12:38:42,577-0500 INFO  GlobalSubmitQueue No global submit throttle set. Using default (1024)
2012-05-23 12:38:42,579-0500 INFO  LateBindingScheduler JobQueue: 0
2012-05-23 12:38:42,580-0500 INFO  LateBindingScheduler JobQueue: 0
2012-05-23 12:38:42,582-0500 INFO  vdl:initshareddir START host=localhost - Initializing shared directory
2012-05-23 12:38:42,584-0500 INFO  LateBindingScheduler JobQueue: 0
2012-05-23 12:38:42,596-0500 INFO  LateBindingScheduler JobQueue: 0
2012-05-23 12:38:42,598-0500 INFO  LateBindingScheduler JobQueue: 0
2012-05-23 12:38:42,599-0500 INFO  LateBindingScheduler JobQueue: 0
2012-05-23 12:38:42,601-0500 INFO  LateBindingScheduler JobQueue: 0
2012-05-23 12:38:42,603-0500 INFO  LateBindingScheduler JobQueue: 0
2012-05-23 12:38:42,604-0500 INFO  vdl:initshareddir END host=localhost - Done initializing shared directory
2012-05-23 12:38:42,606-0500 DEBUG vdl:execute2 THREAD_ASSOCIATION jobid=sh-838o6qrk thread=0-1-1 host=localhost replicationGroup=738o6qrk
2012-05-23 12:38:42,612-0500 INFO  vdl:createdirset START jobid=sh-838o6qrk host=localhost - Initializing directory structure
2012-05-23 12:38:42,614-0500 INFO  vdl:createdirset END jobid=sh-838o6qrk - Done initializing directory structure
2012-05-23 12:38:42,615-0500 INFO  vdl:dostagein START jobid=sh-838o6qrk - Staging in files
2012-05-23 12:38:42,619-0500 INFO  vdl:dostagein END jobid=sh-838o6qrk - Staging in finished
2012-05-23 12:38:42,620-0500 DEBUG vdl:execute2 JOB_START jobid=sh-838o6qrk tr=sh arguments=[scott] tmpdir=scott-20120523-1238-1309j3a7/jobs/8/sh-838o6qrk host=localhost
2012-05-23 12:38:42,623-0500 DEBUG textfiles BEGIN TC:
#This is the transformation catalog.
#
#It comes pre-configured with a number of simple transformations with
#paths that are likely to work on a linux box. However, on some systems,
#the paths to these executables will be different (for example, sometimes
#some of these programs are found in /usr/bin rather than in /bin)
#
#NOTE WELL: fields in this file must be separated by tabs, not spaces; and
#there must be no trailing whitespace at the end of each line.
#
# sitename  transformation  path   INSTALLED  platform  profiles
localhost 	echo 		/bin/echo	INSTALLED	INTEL32::LINUX	null
localhost 	cat 		/bin/cat	INSTALLED	INTEL32::LINUX	null
localhost 	ls 		/bin/ls		INSTALLED	INTEL32::LINUX	null
localhost 	grep 		/bin/grep	INSTALLED	INTEL32::LINUX	null
localhost 	sort 		/bin/sort	INSTALLED	INTEL32::LINUX	null
localhost 	paste 		/bin/paste	INSTALLED	INTEL32::LINUX	null
localhost 	cp 		/bin/cp         INSTALLED	INTEL32::LINUX	null
localhost 	touch 		/bin/touch      INSTALLED	INTEL32::LINUX	null
localhost	wc		/usr/bin/wc	INSTALLED	INTEL32::LINUX	null
localhost	sh		/bin/sh		INSTALLED	INTEL32::LINUX	null
localhost	sleep		/bin/sleep	INSTALLED	INTEL32::LINUX	null
localhost	tr		/usr/bin/tr	INSTALLED	INTEL32::LINUX	null
localhost	scott.sh	/Users/scottkrieder/swift/examples/swift/tutorial/scott.sh	INTSALLED	INTEL32::LINUX	null
localhost	scott		/Users/scottkrieder/swift/examples/swift/tutorial/scott.sh	INTSALLED	INTEL32::LINUX	null


2012-05-23 12:38:42,624-0500 DEBUG textfiles END TC:
2012-05-23 12:38:42,626-0500 WARN  File On line 24in File ../../../etc/tc.data

java.lang.IllegalStateException: Error : Illegal TCType defined. Please specify one of the predefined types 
 [INSTALLED, SOURCE, STATIC_BINARY, DYNAMIC_BINARY, PACMAN_PACKAGE, SCRIPT]
	at org.globus.swift.catalog.types.TCType.fromValue(TCType.java:73)
	at org.globus.swift.catalog.types.TCType.fromString(TCType.java:85)
	at org.globus.swift.catalog.transformation.File.populateTC(File.java:1085)
	at org.globus.swift.catalog.transformation.File.populateTC(File.java:1034)
	at org.globus.swift.catalog.transformation.File.<init>(File.java:149)
	at org.globus.swift.catalog.transformation.File.getNonSingletonInstance(File.java:116)
	at org.griphyn.vdl.karajan.lib.VDLFunction.getTC(VDLFunction.java:492)
	at org.griphyn.vdl.karajan.lib.Executable.function(Executable.java:24)
	at org.griphyn.vdl.karajan.lib.VDLFunction.post(VDLFunction.java:62)
	at org.globus.cog.karajan.workflow.nodes.AbstractSequentialWithArguments.completed(AbstractSequentialWithArguments.java:194)
	at org.globus.cog.karajan.workflow.nodes.FlowNode.complete(FlowNode.java:214)
	at org.globus.cog.karajan.workflow.nodes.FlowContainer.post(FlowContainer.java:58)
	at org.globus.cog.karajan.workflow.nodes.functions.AbstractFunction.post(AbstractFunction.java:28)
	at org.globus.cog.karajan.workflow.nodes.Sequential.startNext(Sequential.java:29)
	at org.globus.cog.karajan.workflow.nodes.Sequential.executeChildren(Sequential.java:20)
	at org.globus.cog.karajan.workflow.nodes.FlowContainer.execute(FlowContainer.java:63)
	at org.globus.cog.karajan.workflow.nodes.FlowNode.restart(FlowNode.java:139)
	at org.globus.cog.karajan.workflow.nodes.FlowNode.start(FlowNode.java:197)
	at org.globus.cog.karajan.workflow.FlowElementWrapper.start(FlowElementWrapper.java:227)
	at org.globus.cog.karajan.workflow.events.EventBus.start(EventBus.java:104)
	at org.globus.cog.karajan.workflow.events.EventTargetPair.run(EventTargetPair.java:40)
	at java.util.concurrent.Executors$RunnableAdapter.call(Executors.java:441)
	at java.util.concurrent.FutureTask$Sync.innerRun(FutureTask.java:303)
	at java.util.concurrent.FutureTask.run(FutureTask.java:138)
	at java.util.concurrent.ThreadPoolExecutor$Worker.runTask(ThreadPoolExecutor.java:886)
	at java.util.concurrent.ThreadPoolExecutor$Worker.run(ThreadPoolExecutor.java:908)
	at java.lang.Thread.run(Thread.java:680)
2012-05-23 12:38:42,636-0500 INFO  GridExec TASK_DEFINITION: Task(type=JOB_SUBMISSION, identity=urn:0-1-1-1337794721531) is /bin/bash shared/_swiftwrap sh-838o6qrk -jobdir 8 -scratch  -e /bin/sh -out scott.txt -err stderr.txt -i -d  -if  -of scott.txt -k  -cdmfile  -status files -a scott
2012-05-23 12:38:42,643-0500 INFO  JobSubmissionTaskHandler Submit: in: /var/tmp/scott-20120523-1238-1309j3a7 command: /bin/bash /var/tmp/scott-20120523-1238-1309j3a7/shared/_swiftwrap sh-838o6qrk -jobdir 8 -scratch  -e /bin/sh -out scott.txt -err stderr.txt -i -d  -if  -of scott.txt -k  -cdmfile  -status files -a scott
2012-05-23 12:38:42,748-0500 INFO  LateBindingScheduler JobQueue: 0
2012-05-23 12:38:42,751-0500 DEBUG vdl:checkjobstatus START jobid=sh-838o6qrk
2012-05-23 12:38:42,756-0500 INFO  LateBindingScheduler JobQueue: 0
2012-05-23 12:38:42,757-0500 INFO  vdl:checkerrorfile FAILURE jobid=sh-838o6qrk - Failure file found
2012-05-23 12:38:42,758-0500 INFO  LateBindingScheduler JobQueue: 0
2012-05-23 12:38:42,760-0500 INFO  LateBindingScheduler JobQueue: 0
2012-05-23 12:38:42,760-0500 INFO  LateBindingScheduler JobQueue: 0
2012-05-23 12:38:42,761-0500 DEBUG vdl:execute2 STAGING_OUT jobid=sh-838o6qrk
2012-05-23 12:38:42,763-0500 INFO  vdl:dostageout START jobid=sh-838o6qrk - Staging out files
2012-05-23 12:38:42,763-0500 DEBUG vdl:dostageout stageouts: [[$, outfile:messagefile - Open]]
2012-05-23 12:38:42,769-0500 DEBUG vdl:dostageout FILE_STAGE_OUT_START srcname=scott.txt srcdir=scott-20120523-1238-1309j3a7/shared/ srchost=localhost destdir= desthost=localhost provider=file
2012-05-23 12:38:42,770-0500 INFO  LateBindingScheduler JobQueue: 0
2012-05-23 12:38:42,804-0500 INFO  LateBindingScheduler JobQueue: 0
2012-05-23 12:38:42,806-0500 INFO  vdl:checkerrorfile NO_STATUS_FILE jobid=sh-838o6qrk - Error file missing
2012-05-23 12:38:42,809-0500 DEBUG vdl:execute2 APPLICATION_EXCEPTION jobid=sh-838o6qrk - Application exception: null
Caused by: org.globus.cog.abstraction.impl.file.FileNotFoundException: File not found: /var/tmp/scott-20120523-1238-1309j3a7/shared/scott.txt
2012-05-23 12:38:42,825-0500 INFO  LateBindingScheduler JobQueue: 0
2012-05-23 12:38:42,828-0500 INFO  LateBindingScheduler JobQueue: 0
2012-05-23 12:38:42,833-0500 INFO  LateBindingScheduler JobQueue: 0
2012-05-23 12:38:42,840-0500 INFO  LateBindingScheduler JobQueue: 0
2012-05-23 12:38:42,845-0500 INFO  LateBindingScheduler JobQueue: 0
2012-05-23 12:38:42,865-0500 INFO  WeightedHostScoreScheduler CONTACT_SELECTED host=localhost, score=0.000
2012-05-23 12:38:42,869-0500 DEBUG vdl:execute2 THREAD_ASSOCIATION jobid=sh-a38o6qrk thread=0-1-1 host=localhost replicationGroup=938o6qrk
2012-05-23 12:38:42,873-0500 INFO  vdl:createdirset START jobid=sh-a38o6qrk host=localhost - Initializing directory structure
2012-05-23 12:38:42,873-0500 INFO  vdl:createdirset END jobid=sh-a38o6qrk - Done initializing directory structure
2012-05-23 12:38:42,874-0500 INFO  vdl:dostagein START jobid=sh-a38o6qrk - Staging in files
2012-05-23 12:38:42,874-0500 INFO  vdl:dostagein END jobid=sh-a38o6qrk - Staging in finished
2012-05-23 12:38:42,875-0500 DEBUG vdl:execute2 JOB_START jobid=sh-a38o6qrk tr=sh arguments=[scott] tmpdir=scott-20120523-1238-1309j3a7/jobs/a/sh-a38o6qrk host=localhost
2012-05-23 12:38:42,877-0500 INFO  GridExec TASK_DEFINITION: Task(type=JOB_SUBMISSION, identity=urn:0-1-1-1337794721571) is /bin/bash shared/_swiftwrap sh-a38o6qrk -jobdir a -scratch  -e /bin/sh -out scott.txt -err stderr.txt -i -d  -if  -of scott.txt -k  -cdmfile  -status files -a scott
2012-05-23 12:38:42,878-0500 INFO  JobSubmissionTaskHandler Submit: in: /var/tmp/scott-20120523-1238-1309j3a7 command: /bin/bash /var/tmp/scott-20120523-1238-1309j3a7/shared/_swiftwrap sh-a38o6qrk -jobdir a -scratch  -e /bin/sh -out scott.txt -err stderr.txt -i -d  -if  -of scott.txt -k  -cdmfile  -status files -a scott
2012-05-23 12:38:42,979-0500 INFO  LateBindingScheduler JobQueue: 0
2012-05-23 12:38:42,984-0500 DEBUG vdl:checkjobstatus START jobid=sh-a38o6qrk
2012-05-23 12:38:42,989-0500 INFO  LateBindingScheduler JobQueue: 0
2012-05-23 12:38:42,989-0500 INFO  vdl:checkerrorfile FAILURE jobid=sh-a38o6qrk - Failure file found
2012-05-23 12:38:43,020-0500 INFO  LateBindingScheduler JobQueue: 0
2012-05-23 12:38:43,021-0500 INFO  LateBindingScheduler JobQueue: 0
2012-05-23 12:38:43,022-0500 INFO  LateBindingScheduler JobQueue: 0
2012-05-23 12:38:43,024-0500 DEBUG vdl:execute2 STAGING_OUT jobid=sh-a38o6qrk
2012-05-23 12:38:43,025-0500 INFO  vdl:dostageout START jobid=sh-a38o6qrk - Staging out files
2012-05-23 12:38:43,026-0500 DEBUG vdl:dostageout stageouts: [[$, outfile:messagefile - Open]]
2012-05-23 12:38:43,028-0500 DEBUG vdl:dostageout FILE_STAGE_OUT_START srcname=scott.txt srcdir=scott-20120523-1238-1309j3a7/shared/ srchost=localhost destdir= desthost=localhost provider=file
2012-05-23 12:38:43,029-0500 INFO  LateBindingScheduler JobQueue: 0
2012-05-23 12:38:43,039-0500 INFO  LateBindingScheduler JobQueue: 0
2012-05-23 12:38:43,040-0500 INFO  vdl:checkerrorfile NO_STATUS_FILE jobid=sh-a38o6qrk - Error file missing
2012-05-23 12:38:43,043-0500 DEBUG vdl:execute2 APPLICATION_EXCEPTION jobid=sh-a38o6qrk - Application exception: null
Caused by: org.globus.cog.abstraction.impl.file.FileNotFoundException: File not found: /var/tmp/scott-20120523-1238-1309j3a7/shared/scott.txt
2012-05-23 12:38:43,050-0500 INFO  LateBindingScheduler JobQueue: 0
2012-05-23 12:38:43,051-0500 INFO  LateBindingScheduler JobQueue: 0
2012-05-23 12:38:43,055-0500 INFO  LateBindingScheduler JobQueue: 0
2012-05-23 12:38:43,057-0500 INFO  LateBindingScheduler JobQueue: 0
2012-05-23 12:38:43,062-0500 INFO  LateBindingScheduler JobQueue: 0
2012-05-23 12:38:44,071-0500 INFO  WeightedHostScoreScheduler CONTACT_SELECTED host=localhost, score=0.000
2012-05-23 12:38:44,073-0500 DEBUG vdl:execute2 THREAD_ASSOCIATION jobid=sh-c38o6qrk thread=0-1-1 host=localhost replicationGroup=b38o6qrk
2012-05-23 12:38:44,076-0500 INFO  vdl:createdirset START jobid=sh-c38o6qrk host=localhost - Initializing directory structure
2012-05-23 12:38:44,076-0500 INFO  vdl:createdirset END jobid=sh-c38o6qrk - Done initializing directory structure
2012-05-23 12:38:44,077-0500 INFO  vdl:dostagein START jobid=sh-c38o6qrk - Staging in files
2012-05-23 12:38:44,077-0500 INFO  vdl:dostagein END jobid=sh-c38o6qrk - Staging in finished
2012-05-23 12:38:44,078-0500 DEBUG vdl:execute2 JOB_START jobid=sh-c38o6qrk tr=sh arguments=[scott] tmpdir=scott-20120523-1238-1309j3a7/jobs/c/sh-c38o6qrk host=localhost
2012-05-23 12:38:44,081-0500 INFO  GridExec TASK_DEFINITION: Task(type=JOB_SUBMISSION, identity=urn:0-1-1-1337794721611) is /bin/bash shared/_swiftwrap sh-c38o6qrk -jobdir c -scratch  -e /bin/sh -out scott.txt -err stderr.txt -i -d  -if  -of scott.txt -k  -cdmfile  -status files -a scott
2012-05-23 12:38:44,081-0500 INFO  JobSubmissionTaskHandler Submit: in: /var/tmp/scott-20120523-1238-1309j3a7 command: /bin/bash /var/tmp/scott-20120523-1238-1309j3a7/shared/_swiftwrap sh-c38o6qrk -jobdir c -scratch  -e /bin/sh -out scott.txt -err stderr.txt -i -d  -if  -of scott.txt -k  -cdmfile  -status files -a scott
2012-05-23 12:38:44,165-0500 INFO  LateBindingScheduler JobQueue: 0
2012-05-23 12:38:44,166-0500 DEBUG vdl:checkjobstatus START jobid=sh-c38o6qrk
2012-05-23 12:38:44,169-0500 INFO  LateBindingScheduler JobQueue: 0
2012-05-23 12:38:44,170-0500 INFO  vdl:checkerrorfile FAILURE jobid=sh-c38o6qrk - Failure file found
2012-05-23 12:38:44,171-0500 INFO  LateBindingScheduler JobQueue: 0
2012-05-23 12:38:44,173-0500 INFO  LateBindingScheduler JobQueue: 1
2012-05-23 12:38:44,175-0500 INFO  LateBindingScheduler JobQueue: 0
2012-05-23 12:38:44,176-0500 DEBUG vdl:execute2 STAGING_OUT jobid=sh-c38o6qrk
2012-05-23 12:38:44,177-0500 INFO  vdl:dostageout START jobid=sh-c38o6qrk - Staging out files
2012-05-23 12:38:44,178-0500 DEBUG vdl:dostageout stageouts: [[$, outfile:messagefile - Open]]
2012-05-23 12:38:44,179-0500 DEBUG vdl:dostageout FILE_STAGE_OUT_START srcname=scott.txt srcdir=scott-20120523-1238-1309j3a7/shared/ srchost=localhost destdir= desthost=localhost provider=file
2012-05-23 12:38:44,180-0500 INFO  LateBindingScheduler JobQueue: 0
2012-05-23 12:38:44,190-0500 INFO  LateBindingScheduler JobQueue: 0
2012-05-23 12:38:44,190-0500 INFO  vdl:checkerrorfile NO_STATUS_FILE jobid=sh-c38o6qrk - Error file missing
2012-05-23 12:38:44,190-0500 DEBUG vdl:execute2 APPLICATION_EXCEPTION jobid=sh-c38o6qrk - Application exception: null
Caused by: org.globus.cog.abstraction.impl.file.FileNotFoundException: File not found: /var/tmp/scott-20120523-1238-1309j3a7/shared/scott.txt
2012-05-23 12:38:44,194-0500 INFO  LateBindingScheduler JobQueue: 0
2012-05-23 12:38:44,197-0500 INFO  LateBindingScheduler JobQueue: 0
2012-05-23 12:38:44,200-0500 INFO  LateBindingScheduler JobQueue: 0
2012-05-23 12:38:44,201-0500 INFO  LateBindingScheduler JobQueue: 0
2012-05-23 12:38:44,203-0500 INFO  LateBindingScheduler JobQueue: 0
2012-05-23 12:38:44,208-0500 INFO  vdl:execute END_FAILURE thread=0-1 tr=sh
2012-05-23 12:38:44,211-0500 DEBUG VDL2ExecutionContext Exception in sh:
Arguments: [scott]
Host: localhost
Directory: scott-20120523-1238-1309j3a7/jobs/c/sh-c38o6qrk
stderr.txt: /bin/sh: scott: No such file or directory

stdout.txt: 
----

Exception in sh:
Arguments: [scott]
Host: localhost
Directory: scott-20120523-1238-1309j3a7/jobs/c/sh-c38o6qrk
stderr.txt: /bin/sh: scott: No such file or directory

stdout.txt: 
----

Caused by: null
Caused by: org.globus.cog.abstraction.impl.file.FileNotFoundException: File not found: /var/tmp/scott-20120523-1238-1309j3a7/shared/scott.txt
	at org.globus.cog.karajan.workflow.nodes.functions.KException.function(KException.java:29)
	at org.globus.cog.karajan.workflow.nodes.functions.AbstractFunction.post(AbstractFunction.java:27)
	at org.globus.cog.karajan.workflow.nodes.AbstractSequentialWithArguments.completed(AbstractSequentialWithArguments.java:194)
	at org.globus.cog.karajan.workflow.nodes.FlowNode.complete(FlowNode.java:214)
	at org.globus.cog.karajan.workflow.nodes.FlowContainer.post(FlowContainer.java:58)
	at org.globus.cog.karajan.workflow.nodes.functions.AbstractFunction.post(AbstractFunction.java:28)
	at org.globus.cog.karajan.workflow.nodes.Sequential.startNext(Sequential.java:29)
	at org.globus.cog.karajan.workflow.nodes.Sequential.executeChildren(Sequential.java:20)
	at org.globus.cog.karajan.workflow.nodes.FlowContainer.execute(FlowContainer.java:63)
	at org.globus.cog.karajan.workflow.nodes.FlowNode.restart(FlowNode.java:139)
	at org.globus.cog.karajan.workflow.nodes.FlowNode.start(FlowNode.java:197)
	at org.globus.cog.karajan.workflow.events.EventBus.start(EventBus.java:104)
	at org.globus.cog.karajan.workflow.events.EventTargetPair.run(EventTargetPair.java:40)
	at java.util.concurrent.Executors$RunnableAdapter.call(Executors.java:441)
	at java.util.concurrent.FutureTask$Sync.innerRun(FutureTask.java:303)
	at java.util.concurrent.FutureTask.run(FutureTask.java:138)
	at java.util.concurrent.ThreadPoolExecutor$Worker.runTask(ThreadPoolExecutor.java:886)
	at java.util.concurrent.ThreadPoolExecutor$Worker.run(ThreadPoolExecutor.java:908)
	at java.lang.Thread.run(Thread.java:680)
Caused by: null
Caused by: org.globus.cog.abstraction.impl.file.FileNotFoundException: File not found: /var/tmp/scott-20120523-1238-1309j3a7/shared/scott.txt
	at org.globus.cog.karajan.workflow.nodes.FlowNode.failImmediately(FlowNode.java:101)
	at org.globus.cog.karajan.workflow.nodes.grid.AbstractGridNode$1.run(AbstractGridNode.java:308)
	... 6 more
Caused by: org.globus.cog.abstraction.impl.file.FileNotFoundException: File not found: /var/tmp/scott-20120523-1238-1309j3a7/shared/scott.txt
	at org.globus.cog.abstraction.impl.file.local.FileResourceImpl.getFile(FileResourceImpl.java:225)
	at org.globus.cog.abstraction.impl.file.local.FileResourceImpl.putFile(FileResourceImpl.java:286)
	at org.globus.cog.abstraction.impl.file.AbstractFileResource.putFile(AbstractFileResource.java:152)
	at org.globus.cog.abstraction.impl.fileTransfer.DelegatedFileTransferHandler.doDestination(DelegatedFileTransferHandler.java:314)
	at org.globus.cog.abstraction.impl.fileTransfer.CachingDelegatedFileTransferHandler.doDestination(CachingDelegatedFileTransferHandler.java:46)
	at org.globus.cog.abstraction.impl.fileTransfer.DelegatedFileTransferHandler.run(DelegatedFileTransferHandler.java:487)
	... 1 more
2012-05-23 12:38:44,459-0500 INFO  ExecutionContext Detailed exception: 
Exception in sh:
Arguments: [scott]
Host: localhost
Directory: scott-20120523-1238-1309j3a7/jobs/c/sh-c38o6qrk
stderr.txt: /bin/sh: scott: No such file or directory

stdout.txt: 
----

Caused by: null
Caused by: org.globus.cog.abstraction.impl.file.FileNotFoundException: File not found: /var/tmp/scott-20120523-1238-1309j3a7/shared/scott.txt
	at org.globus.cog.karajan.workflow.nodes.functions.KException.function(KException.java:29)
	at org.globus.cog.karajan.workflow.nodes.functions.AbstractFunction.post(AbstractFunction.java:27)
	at org.globus.cog.karajan.workflow.nodes.AbstractSequentialWithArguments.completed(AbstractSequentialWithArguments.java:194)
	at org.globus.cog.karajan.workflow.nodes.FlowNode.complete(FlowNode.java:214)
	at org.globus.cog.karajan.workflow.nodes.FlowContainer.post(FlowContainer.java:58)
	at org.globus.cog.karajan.workflow.nodes.functions.AbstractFunction.post(AbstractFunction.java:28)
	at org.globus.cog.karajan.workflow.nodes.Sequential.startNext(Sequential.java:29)
	at org.globus.cog.karajan.workflow.nodes.Sequential.executeChildren(Sequential.java:20)
	at org.globus.cog.karajan.workflow.nodes.FlowContainer.execute(FlowContainer.java:63)
	at org.globus.cog.karajan.workflow.nodes.FlowNode.restart(FlowNode.java:139)
	at org.globus.cog.karajan.workflow.nodes.FlowNode.start(FlowNode.java:197)
	at org.globus.cog.karajan.workflow.events.EventBus.start(EventBus.java:104)
	at org.globus.cog.karajan.workflow.events.EventTargetPair.run(EventTargetPair.java:40)
	at java.util.concurrent.Executors$RunnableAdapter.call(Executors.java:441)
	at java.util.concurrent.FutureTask$Sync.innerRun(FutureTask.java:303)
	at java.util.concurrent.FutureTask.run(FutureTask.java:138)
	at java.util.concurrent.ThreadPoolExecutor$Worker.runTask(ThreadPoolExecutor.java:886)
	at java.util.concurrent.ThreadPoolExecutor$Worker.run(ThreadPoolExecutor.java:908)
	at java.lang.Thread.run(Thread.java:680)
Caused by: null
Caused by: org.globus.cog.abstraction.impl.file.FileNotFoundException: File not found: /var/tmp/scott-20120523-1238-1309j3a7/shared/scott.txt
	at org.globus.cog.karajan.workflow.nodes.FlowNode.failImmediately(FlowNode.java:101)
	at org.globus.cog.karajan.workflow.nodes.grid.AbstractGridNode$1.run(AbstractGridNode.java:308)
	... 6 more
Caused by: org.globus.cog.abstraction.impl.file.FileNotFoundException: File not found: /var/tmp/scott-20120523-1238-1309j3a7/shared/scott.txt
	at org.globus.cog.abstraction.impl.file.local.FileResourceImpl.getFile(FileResourceImpl.java:225)
	at org.globus.cog.abstraction.impl.file.local.FileResourceImpl.putFile(FileResourceImpl.java:286)
	at org.globus.cog.abstraction.impl.file.AbstractFileResource.putFile(AbstractFileResource.java:152)
	at org.globus.cog.abstraction.impl.fileTransfer.DelegatedFileTransferHandler.doDestination(DelegatedFileTransferHandler.java:314)
	at org.globus.cog.abstraction.impl.fileTransfer.CachingDelegatedFileTransferHandler.doDestination(CachingDelegatedFileTransferHandler.java:46)
	at org.globus.cog.abstraction.impl.fileTransfer.DelegatedFileTransferHandler.run(DelegatedFileTransferHandler.java:487)
	... 1 more
2012-05-23 12:38:44,460-0500 INFO  Loader Swift finished with errors
