2012-05-23 11:42:13,969-0500 DEBUG Loader arguments: [-tc.file, ../../../etc/tc.data, scott.swift]
2012-05-23 11:42:13,970-0500 DEBUG Loader Max heap: 265093120
2012-05-23 11:42:13,971-0500 DEBUG textfiles BEGIN SWIFTSCRIPT:
type messagefile;

app (messagefile t) greeting() { 
    sh "scott.sh" stdout=@filename(t);
}

messagefile outfile <"scott.txt">;

outfile = greeting();



2012-05-23 11:42:13,972-0500 DEBUG textfiles END SWIFTSCRIPT:
2012-05-23 11:42:13,973-0500 INFO  Loader scott.swift: source file is new. Recompiling.
2012-05-23 11:42:13,974-0500 DEBUG Loader kmlversion is >239b8550-a5ff-44be-a124-5e7ecd70737d<
2012-05-23 11:42:13,974-0500 DEBUG Loader build version is >239b8550-a5ff-44be-a124-5e7ecd70737d<
2012-05-23 11:42:15,245-0500 INFO  Karajan Validation of XML intermediate file was successful
2012-05-23 11:42:15,573-0500 DEBUG Loader setting: tc.file to: ../../../etc/tc.data
2012-05-23 11:42:15,573-0500 DEBUG textfiles using default sites file
2012-05-23 11:42:15,585-0500 INFO  VDL2ExecutionContext Stack dump:
Level 1
[iA = 0, iB = 0, bA = false, bB = false]
	vdl:instanceconfig = Swift configuration []
	vdl:operation = run
	swift.home = /usr/local/swift/bin/..
	PATH_SEPARATOR = /


2012-05-23 11:42:16,698-0500 INFO  unknown Using sites file: /usr/local/swift/bin/../etc/sites.xml
2012-05-23 11:42:16,743-0500 INFO  unknown Using tc.data: ../../../etc/tc.data
2012-05-23 11:42:16,911-0500 WARN  File On line 24in File ../../../etc/tc.data

java.lang.IllegalStateException: Error : Illegal TCType defined. Please specify one of the predefined types 
 [INSTALLED, SOURCE, STATIC_BINARY, DYNAMIC_BINARY, PACMAN_PACKAGE, SCRIPT]
	at org.globus.swift.catalog.types.TCType.fromValue(TCType.java:73)
	at org.globus.swift.catalog.types.TCType.fromString(TCType.java:85)
	at org.globus.swift.catalog.transformation.File.populateTC(File.java:1085)
	at org.globus.swift.catalog.transformation.File.populateTC(File.java:1034)
	at org.globus.swift.catalog.transformation.File.<init>(File.java:149)
	at org.globus.swift.catalog.transformation.File.getNonSingletonInstance(File.java:116)
	at org.griphyn.vdl.karajan.VDSAdaptiveScheduler.setProperty(VDSAdaptiveScheduler.java:71)
	at org.globus.cog.karajan.workflow.nodes.grid.SchedulerNode.newScheduler(SchedulerNode.java:104)
	at org.globus.cog.karajan.workflow.nodes.grid.SchedulerNode.post(SchedulerNode.java:63)
	at org.globus.cog.karajan.workflow.nodes.AbstractSequentialWithArguments.completed(AbstractSequentialWithArguments.java:194)
	at org.globus.cog.karajan.workflow.nodes.FlowNode.complete(FlowNode.java:214)
	at org.globus.cog.karajan.workflow.nodes.FlowContainer.post(FlowContainer.java:58)
	at org.globus.cog.karajan.workflow.nodes.AbstractSequentialWithArguments.completed(AbstractSequentialWithArguments.java:194)
	at org.globus.cog.karajan.workflow.nodes.user.UserDefinedElement.completed(UserDefinedElement.java:286)
	at org.globus.cog.karajan.workflow.nodes.user.SequentialImplicitExecutionUDE.completed(SequentialImplicitExecutionUDE.java:89)
	at org.globus.cog.karajan.workflow.nodes.FlowNode.complete(FlowNode.java:214)
	at org.globus.cog.karajan.workflow.nodes.FlowContainer.post(FlowContainer.java:58)
	at org.globus.cog.karajan.workflow.nodes.functions.AbstractFunction.post(AbstractFunction.java:28)
	at org.globus.cog.karajan.workflow.nodes.AbstractSequentialWithArguments.completed(AbstractSequentialWithArguments.java:194)
	at org.globus.cog.karajan.workflow.nodes.FlowNode.complete(FlowNode.java:214)
	at org.globus.cog.karajan.workflow.nodes.ExecuteFile.completed(ExecuteFile.java:158)
	at org.globus.cog.karajan.workflow.nodes.FlowNode.complete(FlowNode.java:214)
	at org.globus.cog.karajan.workflow.nodes.FlowContainer.post(FlowContainer.java:58)
	at org.globus.cog.karajan.workflow.nodes.Sequential.startNext(Sequential.java:29)
	at org.globus.cog.karajan.workflow.nodes.Sequential.completed(Sequential.java:24)
	at org.globus.cog.karajan.workflow.nodes.FlowNode.complete(FlowNode.java:214)
	at org.globus.cog.karajan.workflow.nodes.FlowContainer.post(FlowContainer.java:58)
	at org.globus.cog.karajan.workflow.nodes.AbstractSequentialWithArguments.completed(AbstractSequentialWithArguments.java:194)
	at org.globus.cog.karajan.workflow.nodes.user.UserDefinedElement.completed(UserDefinedElement.java:286)
	at org.globus.cog.karajan.workflow.nodes.user.SequentialImplicitExecutionUDE.completed(SequentialImplicitExecutionUDE.java:89)
	at org.globus.cog.karajan.workflow.nodes.FlowNode.complete(FlowNode.java:214)
	at org.globus.cog.karajan.workflow.nodes.FlowContainer.post(FlowContainer.java:58)
	at org.globus.cog.karajan.workflow.nodes.functions.AbstractFunction.post(AbstractFunction.java:28)
	at org.globus.cog.karajan.workflow.nodes.AbstractSequentialWithArguments.completed(AbstractSequentialWithArguments.java:194)
	at org.globus.cog.karajan.workflow.nodes.FlowNode.complete(FlowNode.java:214)
	at org.globus.cog.karajan.workflow.nodes.FlowContainer.post(FlowContainer.java:58)
	at org.globus.cog.karajan.workflow.nodes.AbstractSequentialWithArguments.completed(AbstractSequentialWithArguments.java:194)
	at org.globus.cog.karajan.workflow.nodes.PartialArgumentsContainer.nonArgChildCompleted(PartialArgumentsContainer.java:105)
	at org.globus.cog.karajan.workflow.nodes.PartialArgumentsContainer.completed(PartialArgumentsContainer.java:86)
	at org.globus.cog.karajan.workflow.nodes.FlowNode.complete(FlowNode.java:214)
	at org.globus.cog.karajan.workflow.nodes.Maybe.failed(Maybe.java:23)
	at org.globus.cog.karajan.workflow.nodes.FlowNode.failImmediately(FlowNode.java:89)
	at org.globus.cog.karajan.workflow.nodes.FlowNode.failed(FlowNode.java:245)
	at org.globus.cog.karajan.workflow.nodes.FlowNode.failImmediately(FlowNode.java:89)
	at org.globus.cog.karajan.workflow.nodes.FlowNode.restart(FlowNode.java:151)
	at org.globus.cog.karajan.workflow.nodes.FlowNode.start(FlowNode.java:197)
	at org.globus.cog.karajan.workflow.FlowElementWrapper.start(FlowElementWrapper.java:227)
	at org.globus.cog.karajan.workflow.events.EventBus.start(EventBus.java:104)
	at org.globus.cog.karajan.workflow.events.EventTargetPair.run(EventTargetPair.java:40)
	at java.util.concurrent.Executors$RunnableAdapter.call(Executors.java:441)
	at java.util.concurrent.FutureTask$Sync.innerRun(FutureTask.java:303)
	at java.util.concurrent.FutureTask.run(FutureTask.java:138)
	at java.util.concurrent.ThreadPoolExecutor$Worker.runTask(ThreadPoolExecutor.java:886)
	at java.util.concurrent.ThreadPoolExecutor$Worker.run(ThreadPoolExecutor.java:908)
	at java.lang.Thread.run(Thread.java:680)
2012-05-23 11:42:16,922-0500 INFO  AbstractScheduler Setting resources to: {localhost=localhost}
2012-05-23 11:42:17,817-0500 INFO  unknown Swift 0.93 swift-r5483 cog-r3339

2012-05-23 11:42:17,817-0500 INFO  unknown RUNID id=run:20120523-1142-83hhznh6
2012-05-23 11:42:17,918-0500 DEBUG greeting PROCEDURE line=3 thread=0-1 name=greeting
2012-05-23 11:42:17,938-0500 INFO  vdl:execute START thread=0-1 tr=sh
2012-05-23 11:42:17,953-0500 INFO  WeightedHostScoreScheduler CONTACT_SELECTED host=localhost, score=1.000
2012-05-23 11:42:17,957-0500 INFO  GlobalSubmitQueue No global submit throttle set. Using default (1024)
2012-05-23 11:42:17,959-0500 INFO  LateBindingScheduler JobQueue: 0
2012-05-23 11:42:17,961-0500 INFO  LateBindingScheduler JobQueue: 0
2012-05-23 11:42:17,963-0500 INFO  vdl:initshareddir START host=localhost - Initializing shared directory
2012-05-23 11:42:17,966-0500 INFO  LateBindingScheduler JobQueue: 0
2012-05-23 11:42:17,980-0500 INFO  LateBindingScheduler JobQueue: 0
2012-05-23 11:42:17,983-0500 INFO  LateBindingScheduler JobQueue: 0
2012-05-23 11:42:17,985-0500 INFO  LateBindingScheduler JobQueue: 0
2012-05-23 11:42:17,987-0500 INFO  LateBindingScheduler JobQueue: 0
2012-05-23 11:42:17,990-0500 INFO  LateBindingScheduler JobQueue: 0
2012-05-23 11:42:17,991-0500 INFO  vdl:initshareddir END host=localhost - Done initializing shared directory
2012-05-23 11:42:17,994-0500 DEBUG vdl:execute2 THREAD_ASSOCIATION jobid=sh-rt9f4qrk thread=0-1-1 host=localhost replicationGroup=qt9f4qrk
2012-05-23 11:42:18,001-0500 INFO  vdl:createdirset START jobid=sh-rt9f4qrk host=localhost - Initializing directory structure
2012-05-23 11:42:18,001-0500 INFO  vdl:createdirset END jobid=sh-rt9f4qrk - Done initializing directory structure
2012-05-23 11:42:18,002-0500 INFO  vdl:dostagein START jobid=sh-rt9f4qrk - Staging in files
2012-05-23 11:42:18,006-0500 INFO  vdl:dostagein END jobid=sh-rt9f4qrk - Staging in finished
2012-05-23 11:42:18,007-0500 DEBUG vdl:execute2 JOB_START jobid=sh-rt9f4qrk tr=sh arguments=[scott.sh] tmpdir=scott-20120523-1142-83hhznh6/jobs/r/sh-rt9f4qrk host=localhost
2012-05-23 11:42:18,010-0500 DEBUG textfiles BEGIN TC:
#This is the transformation catalog.
#
#It comes pre-configured with a number of simple transformations with
#paths that are likely to work on a linux box. However, on some systems,
#the paths to these executables will be different (for example, sometimes
#some of these programs are found in /usr/bin rather than in /bin)
#
#NOTE WELL: fields in this file must be separated by tabs, not spaces; and
#there must be no trailing whitespace at the end of each line.
#
# sitename  transformation  path   INSTALLED  platform  profiles
localhost 	echo 		/bin/echo	INSTALLED	INTEL32::LINUX	null
localhost 	cat 		/bin/cat	INSTALLED	INTEL32::LINUX	null
localhost 	ls 		/bin/ls		INSTALLED	INTEL32::LINUX	null
localhost 	grep 		/bin/grep	INSTALLED	INTEL32::LINUX	null
localhost 	sort 		/bin/sort	INSTALLED	INTEL32::LINUX	null
localhost 	paste 		/bin/paste	INSTALLED	INTEL32::LINUX	null
localhost 	cp 		/bin/cp         INSTALLED	INTEL32::LINUX	null
localhost 	touch 		/bin/touch      INSTALLED	INTEL32::LINUX	null
localhost	wc		/usr/bin/wc	INSTALLED	INTEL32::LINUX	null
localhost	sh		/bin/sh		INSTALLED	INTEL32::LINUX	null
localhost	sleep		/bin/sleep	INSTALLED	INTEL32::LINUX	null
localhost	tr		/usr/bin/tr	INSTALLED	INTEL32::LINUX	null
localhost	scott.sh	/Users/scottkrieder/swift/examples/swift/tutorial/scott.sh	INTSALLED	INTEL32::LINUX	null


2012-05-23 11:42:18,010-0500 DEBUG textfiles END TC:
2012-05-23 11:42:18,012-0500 WARN  File On line 24in File ../../../etc/tc.data

java.lang.IllegalStateException: Error : Illegal TCType defined. Please specify one of the predefined types 
 [INSTALLED, SOURCE, STATIC_BINARY, DYNAMIC_BINARY, PACMAN_PACKAGE, SCRIPT]
	at org.globus.swift.catalog.types.TCType.fromValue(TCType.java:73)
	at org.globus.swift.catalog.types.TCType.fromString(TCType.java:85)
	at org.globus.swift.catalog.transformation.File.populateTC(File.java:1085)
	at org.globus.swift.catalog.transformation.File.populateTC(File.java:1034)
	at org.globus.swift.catalog.transformation.File.<init>(File.java:149)
	at org.globus.swift.catalog.transformation.File.getNonSingletonInstance(File.java:116)
	at org.griphyn.vdl.karajan.lib.VDLFunction.getTC(VDLFunction.java:492)
	at org.griphyn.vdl.karajan.lib.Executable.function(Executable.java:24)
	at org.griphyn.vdl.karajan.lib.VDLFunction.post(VDLFunction.java:62)
	at org.globus.cog.karajan.workflow.nodes.AbstractSequentialWithArguments.completed(AbstractSequentialWithArguments.java:194)
	at org.globus.cog.karajan.workflow.nodes.FlowNode.complete(FlowNode.java:214)
	at org.globus.cog.karajan.workflow.nodes.FlowContainer.post(FlowContainer.java:58)
	at org.globus.cog.karajan.workflow.nodes.functions.AbstractFunction.post(AbstractFunction.java:28)
	at org.globus.cog.karajan.workflow.nodes.Sequential.startNext(Sequential.java:29)
	at org.globus.cog.karajan.workflow.nodes.Sequential.executeChildren(Sequential.java:20)
	at org.globus.cog.karajan.workflow.nodes.FlowContainer.execute(FlowContainer.java:63)
	at org.globus.cog.karajan.workflow.nodes.FlowNode.restart(FlowNode.java:139)
	at org.globus.cog.karajan.workflow.nodes.FlowNode.start(FlowNode.java:197)
	at org.globus.cog.karajan.workflow.FlowElementWrapper.start(FlowElementWrapper.java:227)
	at org.globus.cog.karajan.workflow.events.EventBus.start(EventBus.java:104)
	at org.globus.cog.karajan.workflow.events.EventTargetPair.run(EventTargetPair.java:40)
	at java.util.concurrent.Executors$RunnableAdapter.call(Executors.java:441)
	at java.util.concurrent.FutureTask$Sync.innerRun(FutureTask.java:303)
	at java.util.concurrent.FutureTask.run(FutureTask.java:138)
	at java.util.concurrent.ThreadPoolExecutor$Worker.runTask(ThreadPoolExecutor.java:886)
	at java.util.concurrent.ThreadPoolExecutor$Worker.run(ThreadPoolExecutor.java:908)
	at java.lang.Thread.run(Thread.java:680)
2012-05-23 11:42:18,023-0500 INFO  GridExec TASK_DEFINITION: Task(type=JOB_SUBMISSION, identity=urn:0-1-1-1337791336727) is /bin/bash shared/_swiftwrap sh-rt9f4qrk -jobdir r -scratch  -e /bin/sh -out scott.txt -err stderr.txt -i -d  -if  -of scott.txt -k  -cdmfile  -status files -a scott.sh
2012-05-23 11:42:18,031-0500 INFO  JobSubmissionTaskHandler Submit: in: /var/tmp/scott-20120523-1142-83hhznh6 command: /bin/bash /var/tmp/scott-20120523-1142-83hhznh6/shared/_swiftwrap sh-rt9f4qrk -jobdir r -scratch  -e /bin/sh -out scott.txt -err stderr.txt -i -d  -if  -of scott.txt -k  -cdmfile  -status files -a scott.sh
2012-05-23 11:42:18,159-0500 INFO  LateBindingScheduler JobQueue: 0
2012-05-23 11:42:18,162-0500 DEBUG vdl:checkjobstatus START jobid=sh-rt9f4qrk
2012-05-23 11:42:18,168-0500 INFO  LateBindingScheduler JobQueue: 0
2012-05-23 11:42:18,170-0500 INFO  vdl:checkerrorfile FAILURE jobid=sh-rt9f4qrk - Failure file found
2012-05-23 11:42:18,172-0500 INFO  LateBindingScheduler JobQueue: 0
2012-05-23 11:42:18,175-0500 INFO  LateBindingScheduler JobQueue: 0
2012-05-23 11:42:18,177-0500 INFO  LateBindingScheduler JobQueue: 0
2012-05-23 11:42:18,180-0500 DEBUG vdl:execute2 STAGING_OUT jobid=sh-rt9f4qrk
2012-05-23 11:42:18,181-0500 INFO  vdl:dostageout START jobid=sh-rt9f4qrk - Staging out files
2012-05-23 11:42:18,181-0500 DEBUG vdl:dostageout stageouts: [[$, outfile:messagefile - Open]]
2012-05-23 11:42:18,186-0500 DEBUG vdl:dostageout FILE_STAGE_OUT_START srcname=scott.txt srcdir=scott-20120523-1142-83hhznh6/shared/ srchost=localhost destdir= desthost=localhost provider=file
2012-05-23 11:42:18,211-0500 INFO  LateBindingScheduler JobQueue: 0
2012-05-23 11:42:18,283-0500 INFO  LateBindingScheduler JobQueue: 0
2012-05-23 11:42:18,284-0500 INFO  vdl:checkerrorfile NO_STATUS_FILE jobid=sh-rt9f4qrk - Error file missing
2012-05-23 11:42:18,286-0500 DEBUG vdl:execute2 APPLICATION_EXCEPTION jobid=sh-rt9f4qrk - Application exception: null
Caused by: org.globus.cog.abstraction.impl.file.FileNotFoundException: File not found: /var/tmp/scott-20120523-1142-83hhznh6/shared/scott.txt
2012-05-23 11:42:18,292-0500 INFO  LateBindingScheduler JobQueue: 0
2012-05-23 11:42:18,296-0500 INFO  LateBindingScheduler JobQueue: 0
2012-05-23 11:42:18,306-0500 INFO  LateBindingScheduler JobQueue: 0
2012-05-23 11:42:18,308-0500 INFO  LateBindingScheduler JobQueue: 0
2012-05-23 11:42:18,312-0500 INFO  LateBindingScheduler JobQueue: 0
2012-05-23 11:42:18,324-0500 INFO  WeightedHostScoreScheduler CONTACT_SELECTED host=localhost, score=0.000
2012-05-23 11:42:18,333-0500 DEBUG vdl:execute2 THREAD_ASSOCIATION jobid=sh-tt9f4qrk thread=0-1-1 host=localhost replicationGroup=st9f4qrk
2012-05-23 11:42:18,338-0500 INFO  vdl:createdirset START jobid=sh-tt9f4qrk host=localhost - Initializing directory structure
2012-05-23 11:42:18,339-0500 INFO  vdl:createdirset END jobid=sh-tt9f4qrk - Done initializing directory structure
2012-05-23 11:42:18,340-0500 INFO  vdl:dostagein START jobid=sh-tt9f4qrk - Staging in files
2012-05-23 11:42:18,343-0500 INFO  vdl:dostagein END jobid=sh-tt9f4qrk - Staging in finished
2012-05-23 11:42:18,344-0500 DEBUG vdl:execute2 JOB_START jobid=sh-tt9f4qrk tr=sh arguments=[scott.sh] tmpdir=scott-20120523-1142-83hhznh6/jobs/t/sh-tt9f4qrk host=localhost
2012-05-23 11:42:18,350-0500 INFO  GridExec TASK_DEFINITION: Task(type=JOB_SUBMISSION, identity=urn:0-1-1-1337791336767) is /bin/bash shared/_swiftwrap sh-tt9f4qrk -jobdir t -scratch  -e /bin/sh -out scott.txt -err stderr.txt -i -d  -if  -of scott.txt -k  -cdmfile  -status files -a scott.sh
2012-05-23 11:42:18,350-0500 INFO  JobSubmissionTaskHandler Submit: in: /var/tmp/scott-20120523-1142-83hhznh6 command: /bin/bash /var/tmp/scott-20120523-1142-83hhznh6/shared/_swiftwrap sh-tt9f4qrk -jobdir t -scratch  -e /bin/sh -out scott.txt -err stderr.txt -i -d  -if  -of scott.txt -k  -cdmfile  -status files -a scott.sh
2012-05-23 11:42:18,488-0500 INFO  LateBindingScheduler JobQueue: 0
2012-05-23 11:42:18,490-0500 DEBUG vdl:checkjobstatus START jobid=sh-tt9f4qrk
2012-05-23 11:42:18,493-0500 INFO  LateBindingScheduler JobQueue: 0
2012-05-23 11:42:18,494-0500 INFO  vdl:checkerrorfile FAILURE jobid=sh-tt9f4qrk - Failure file found
2012-05-23 11:42:18,496-0500 INFO  LateBindingScheduler JobQueue: 0
2012-05-23 11:42:18,501-0500 INFO  LateBindingScheduler JobQueue: 0
2012-05-23 11:42:18,501-0500 INFO  LateBindingScheduler JobQueue: 0
2012-05-23 11:42:18,504-0500 DEBUG vdl:execute2 STAGING_OUT jobid=sh-tt9f4qrk
2012-05-23 11:42:18,507-0500 INFO  vdl:dostageout START jobid=sh-tt9f4qrk - Staging out files
2012-05-23 11:42:18,511-0500 DEBUG vdl:dostageout stageouts: [[$, outfile:messagefile - Open]]
2012-05-23 11:42:18,515-0500 DEBUG vdl:dostageout FILE_STAGE_OUT_START srcname=scott.txt srcdir=scott-20120523-1142-83hhznh6/shared/ srchost=localhost destdir= desthost=localhost provider=file
2012-05-23 11:42:18,516-0500 INFO  LateBindingScheduler JobQueue: 0
2012-05-23 11:42:18,526-0500 INFO  LateBindingScheduler JobQueue: 0
2012-05-23 11:42:18,526-0500 INFO  vdl:checkerrorfile NO_STATUS_FILE jobid=sh-tt9f4qrk - Error file missing
2012-05-23 11:42:18,527-0500 DEBUG vdl:execute2 APPLICATION_EXCEPTION jobid=sh-tt9f4qrk - Application exception: null
Caused by: org.globus.cog.abstraction.impl.file.FileNotFoundException: File not found: /var/tmp/scott-20120523-1142-83hhznh6/shared/scott.txt
2012-05-23 11:42:18,533-0500 INFO  LateBindingScheduler JobQueue: 0
2012-05-23 11:42:18,539-0500 INFO  LateBindingScheduler JobQueue: 0
2012-05-23 11:42:18,557-0500 INFO  LateBindingScheduler JobQueue: 0
2012-05-23 11:42:18,560-0500 INFO  LateBindingScheduler JobQueue: 0
2012-05-23 11:42:18,566-0500 INFO  LateBindingScheduler JobQueue: 0
2012-05-23 11:42:20,074-0500 INFO  WeightedHostScoreScheduler CONTACT_SELECTED host=localhost, score=0.000
2012-05-23 11:42:20,083-0500 DEBUG vdl:execute2 THREAD_ASSOCIATION jobid=sh-vt9f4qrk thread=0-1-1 host=localhost replicationGroup=ut9f4qrk
2012-05-23 11:42:20,092-0500 INFO  vdl:createdirset START jobid=sh-vt9f4qrk host=localhost - Initializing directory structure
2012-05-23 11:42:20,092-0500 INFO  vdl:createdirset END jobid=sh-vt9f4qrk - Done initializing directory structure
2012-05-23 11:42:20,093-0500 INFO  vdl:dostagein START jobid=sh-vt9f4qrk - Staging in files
2012-05-23 11:42:20,094-0500 INFO  vdl:dostagein END jobid=sh-vt9f4qrk - Staging in finished
2012-05-23 11:42:20,097-0500 DEBUG vdl:execute2 JOB_START jobid=sh-vt9f4qrk tr=sh arguments=[scott.sh] tmpdir=scott-20120523-1142-83hhznh6/jobs/v/sh-vt9f4qrk host=localhost
2012-05-23 11:42:20,102-0500 INFO  GridExec TASK_DEFINITION: Task(type=JOB_SUBMISSION, identity=urn:0-1-1-1337791336807) is /bin/bash shared/_swiftwrap sh-vt9f4qrk -jobdir v -scratch  -e /bin/sh -out scott.txt -err stderr.txt -i -d  -if  -of scott.txt -k  -cdmfile  -status files -a scott.sh
2012-05-23 11:42:20,103-0500 INFO  JobSubmissionTaskHandler Submit: in: /var/tmp/scott-20120523-1142-83hhznh6 command: /bin/bash /var/tmp/scott-20120523-1142-83hhznh6/shared/_swiftwrap sh-vt9f4qrk -jobdir v -scratch  -e /bin/sh -out scott.txt -err stderr.txt -i -d  -if  -of scott.txt -k  -cdmfile  -status files -a scott.sh
2012-05-23 11:42:20,201-0500 INFO  LateBindingScheduler JobQueue: 0
2012-05-23 11:42:20,203-0500 DEBUG vdl:checkjobstatus START jobid=sh-vt9f4qrk
2012-05-23 11:42:20,206-0500 INFO  LateBindingScheduler JobQueue: 0
2012-05-23 11:42:20,207-0500 INFO  vdl:checkerrorfile FAILURE jobid=sh-vt9f4qrk - Failure file found
2012-05-23 11:42:20,208-0500 INFO  LateBindingScheduler JobQueue: 0
2012-05-23 11:42:20,211-0500 INFO  LateBindingScheduler JobQueue: 0
2012-05-23 11:42:20,211-0500 INFO  LateBindingScheduler JobQueue: 0
2012-05-23 11:42:20,212-0500 DEBUG vdl:execute2 STAGING_OUT jobid=sh-vt9f4qrk
2012-05-23 11:42:20,213-0500 INFO  vdl:dostageout START jobid=sh-vt9f4qrk - Staging out files
2012-05-23 11:42:20,214-0500 DEBUG vdl:dostageout stageouts: [[$, outfile:messagefile - Open]]
2012-05-23 11:42:20,217-0500 DEBUG vdl:dostageout FILE_STAGE_OUT_START srcname=scott.txt srcdir=scott-20120523-1142-83hhznh6/shared/ srchost=localhost destdir= desthost=localhost provider=file
2012-05-23 11:42:20,218-0500 INFO  LateBindingScheduler JobQueue: 0
2012-05-23 11:42:20,224-0500 INFO  LateBindingScheduler JobQueue: 0
2012-05-23 11:42:20,225-0500 INFO  vdl:checkerrorfile NO_STATUS_FILE jobid=sh-vt9f4qrk - Error file missing
2012-05-23 11:42:20,225-0500 DEBUG vdl:execute2 APPLICATION_EXCEPTION jobid=sh-vt9f4qrk - Application exception: null
Caused by: org.globus.cog.abstraction.impl.file.FileNotFoundException: File not found: /var/tmp/scott-20120523-1142-83hhznh6/shared/scott.txt
2012-05-23 11:42:20,228-0500 INFO  LateBindingScheduler JobQueue: 0
2012-05-23 11:42:20,229-0500 INFO  LateBindingScheduler JobQueue: 0
2012-05-23 11:42:20,231-0500 INFO  LateBindingScheduler JobQueue: 0
2012-05-23 11:42:20,233-0500 INFO  LateBindingScheduler JobQueue: 0
2012-05-23 11:42:20,235-0500 INFO  LateBindingScheduler JobQueue: 0
2012-05-23 11:42:20,238-0500 INFO  vdl:execute END_FAILURE thread=0-1 tr=sh
2012-05-23 11:42:20,242-0500 DEBUG VDL2ExecutionContext Exception in sh:
Arguments: [scott.sh]
Host: localhost
Directory: scott-20120523-1142-83hhznh6/jobs/v/sh-vt9f4qrk
stderr.txt: /bin/sh: scott.sh: No such file or directory

stdout.txt: 
----

Exception in sh:
Arguments: [scott.sh]
Host: localhost
Directory: scott-20120523-1142-83hhznh6/jobs/v/sh-vt9f4qrk
stderr.txt: /bin/sh: scott.sh: No such file or directory

stdout.txt: 
----

Caused by: null
Caused by: org.globus.cog.abstraction.impl.file.FileNotFoundException: File not found: /var/tmp/scott-20120523-1142-83hhznh6/shared/scott.txt
	at org.globus.cog.karajan.workflow.nodes.functions.KException.function(KException.java:29)
	at org.globus.cog.karajan.workflow.nodes.functions.AbstractFunction.post(AbstractFunction.java:27)
	at org.globus.cog.karajan.workflow.nodes.AbstractSequentialWithArguments.completed(AbstractSequentialWithArguments.java:194)
	at org.globus.cog.karajan.workflow.nodes.FlowNode.complete(FlowNode.java:214)
	at org.globus.cog.karajan.workflow.nodes.FlowContainer.post(FlowContainer.java:58)
	at org.globus.cog.karajan.workflow.nodes.functions.AbstractFunction.post(AbstractFunction.java:28)
	at org.globus.cog.karajan.workflow.nodes.Sequential.startNext(Sequential.java:29)
	at org.globus.cog.karajan.workflow.nodes.Sequential.executeChildren(Sequential.java:20)
	at org.globus.cog.karajan.workflow.nodes.FlowContainer.execute(FlowContainer.java:63)
	at org.globus.cog.karajan.workflow.nodes.FlowNode.restart(FlowNode.java:139)
	at org.globus.cog.karajan.workflow.nodes.FlowNode.start(FlowNode.java:197)
	at org.globus.cog.karajan.workflow.events.EventBus.start(EventBus.java:104)
	at org.globus.cog.karajan.workflow.events.EventTargetPair.run(EventTargetPair.java:40)
	at java.util.concurrent.Executors$RunnableAdapter.call(Executors.java:441)
	at java.util.concurrent.FutureTask$Sync.innerRun(FutureTask.java:303)
	at java.util.concurrent.FutureTask.run(FutureTask.java:138)
	at java.util.concurrent.ThreadPoolExecutor$Worker.runTask(ThreadPoolExecutor.java:886)
	at java.util.concurrent.ThreadPoolExecutor$Worker.run(ThreadPoolExecutor.java:908)
	at java.lang.Thread.run(Thread.java:680)
Caused by: null
Caused by: org.globus.cog.abstraction.impl.file.FileNotFoundException: File not found: /var/tmp/scott-20120523-1142-83hhznh6/shared/scott.txt
	at org.globus.cog.karajan.workflow.nodes.FlowNode.failImmediately(FlowNode.java:101)
	at org.globus.cog.karajan.workflow.nodes.grid.AbstractGridNode$1.run(AbstractGridNode.java:308)
	... 6 more
Caused by: org.globus.cog.abstraction.impl.file.FileNotFoundException: File not found: /var/tmp/scott-20120523-1142-83hhznh6/shared/scott.txt
	at org.globus.cog.abstraction.impl.file.local.FileResourceImpl.getFile(FileResourceImpl.java:225)
	at org.globus.cog.abstraction.impl.file.local.FileResourceImpl.putFile(FileResourceImpl.java:286)
	at org.globus.cog.abstraction.impl.file.AbstractFileResource.putFile(AbstractFileResource.java:152)
	at org.globus.cog.abstraction.impl.fileTransfer.DelegatedFileTransferHandler.doDestination(DelegatedFileTransferHandler.java:314)
	at org.globus.cog.abstraction.impl.fileTransfer.CachingDelegatedFileTransferHandler.doDestination(CachingDelegatedFileTransferHandler.java:46)
	at org.globus.cog.abstraction.impl.fileTransfer.DelegatedFileTransferHandler.run(DelegatedFileTransferHandler.java:487)
	... 1 more
2012-05-23 11:42:20,496-0500 INFO  ExecutionContext Detailed exception: 
Exception in sh:
Arguments: [scott.sh]
Host: localhost
Directory: scott-20120523-1142-83hhznh6/jobs/v/sh-vt9f4qrk
stderr.txt: /bin/sh: scott.sh: No such file or directory

stdout.txt: 
----

Caused by: null
Caused by: org.globus.cog.abstraction.impl.file.FileNotFoundException: File not found: /var/tmp/scott-20120523-1142-83hhznh6/shared/scott.txt
	at org.globus.cog.karajan.workflow.nodes.functions.KException.function(KException.java:29)
	at org.globus.cog.karajan.workflow.nodes.functions.AbstractFunction.post(AbstractFunction.java:27)
	at org.globus.cog.karajan.workflow.nodes.AbstractSequentialWithArguments.completed(AbstractSequentialWithArguments.java:194)
	at org.globus.cog.karajan.workflow.nodes.FlowNode.complete(FlowNode.java:214)
	at org.globus.cog.karajan.workflow.nodes.FlowContainer.post(FlowContainer.java:58)
	at org.globus.cog.karajan.workflow.nodes.functions.AbstractFunction.post(AbstractFunction.java:28)
	at org.globus.cog.karajan.workflow.nodes.Sequential.startNext(Sequential.java:29)
	at org.globus.cog.karajan.workflow.nodes.Sequential.executeChildren(Sequential.java:20)
	at org.globus.cog.karajan.workflow.nodes.FlowContainer.execute(FlowContainer.java:63)
	at org.globus.cog.karajan.workflow.nodes.FlowNode.restart(FlowNode.java:139)
	at org.globus.cog.karajan.workflow.nodes.FlowNode.start(FlowNode.java:197)
	at org.globus.cog.karajan.workflow.events.EventBus.start(EventBus.java:104)
	at org.globus.cog.karajan.workflow.events.EventTargetPair.run(EventTargetPair.java:40)
	at java.util.concurrent.Executors$RunnableAdapter.call(Executors.java:441)
	at java.util.concurrent.FutureTask$Sync.innerRun(FutureTask.java:303)
	at java.util.concurrent.FutureTask.run(FutureTask.java:138)
	at java.util.concurrent.ThreadPoolExecutor$Worker.runTask(ThreadPoolExecutor.java:886)
	at java.util.concurrent.ThreadPoolExecutor$Worker.run(ThreadPoolExecutor.java:908)
	at java.lang.Thread.run(Thread.java:680)
Caused by: null
Caused by: org.globus.cog.abstraction.impl.file.FileNotFoundException: File not found: /var/tmp/scott-20120523-1142-83hhznh6/shared/scott.txt
	at org.globus.cog.karajan.workflow.nodes.FlowNode.failImmediately(FlowNode.java:101)
	at org.globus.cog.karajan.workflow.nodes.grid.AbstractGridNode$1.run(AbstractGridNode.java:308)
	... 6 more
Caused by: org.globus.cog.abstraction.impl.file.FileNotFoundException: File not found: /var/tmp/scott-20120523-1142-83hhznh6/shared/scott.txt
	at org.globus.cog.abstraction.impl.file.local.FileResourceImpl.getFile(FileResourceImpl.java:225)
	at org.globus.cog.abstraction.impl.file.local.FileResourceImpl.putFile(FileResourceImpl.java:286)
	at org.globus.cog.abstraction.impl.file.AbstractFileResource.putFile(AbstractFileResource.java:152)
	at org.globus.cog.abstraction.impl.fileTransfer.DelegatedFileTransferHandler.doDestination(DelegatedFileTransferHandler.java:314)
	at org.globus.cog.abstraction.impl.fileTransfer.CachingDelegatedFileTransferHandler.doDestination(CachingDelegatedFileTransferHandler.java:46)
	at org.globus.cog.abstraction.impl.fileTransfer.DelegatedFileTransferHandler.run(DelegatedFileTransferHandler.java:487)
	... 1 more
2012-05-23 11:42:20,497-0500 INFO  Loader Swift finished with errors
