2012-05-25 13:43:15,070-0500 DEBUG Loader arguments: [/home/skrieder/swift/examples/swift/tutorial/scott.swift]
2012-05-25 13:43:15,070-0500 DEBUG Loader Max heap: 252248064
2012-05-25 13:43:15,071-0500 DEBUG textfiles BEGIN SWIFTSCRIPT:
type messagefile;

app (messagefile t) greeting() { 
   sh "/home/skrieder/swift/examples/swift/tutorial/scott.sh" stdout=@filename(t);
}

messagefile outfile <"scott.txt">;

outfile = greeting();


2012-05-25 13:43:15,071-0500 DEBUG textfiles END SWIFTSCRIPT:
2012-05-25 13:43:15,071-0500 DEBUG Loader kmlversion is >239b8550-a5ff-44be-a124-5e7ecd70737d<
2012-05-25 13:43:15,071-0500 DEBUG Loader build version is >239b8550-a5ff-44be-a124-5e7ecd70737d<
2012-05-25 13:43:15,071-0500 DEBUG Loader Recompilation suppressed.
2012-05-25 13:43:15,214-0500 DEBUG textfiles using default sites file
2012-05-25 13:43:15,219-0500 INFO  VDL2ExecutionContext Stack dump:
Level 1
[iA = 0, iB = 0, bA = false, bB = false]
	vdl:instanceconfig = Swift configuration []
	vdl:operation = run
	swift.home = /usr/local/swift/bin/..
	PATH_SEPARATOR = /


2012-05-25 13:43:15,876-0500 INFO  unknown Using sites file: /usr/local/swift/bin/../etc/sites.xml
2012-05-25 13:43:15,914-0500 INFO  unknown Using tc.data: /usr/local/swift/bin/../etc/tc.data
2012-05-25 13:43:16,030-0500 WARN  File On line 24in File /usr/local/swift/bin/../etc/tc.data

java.lang.IllegalStateException: Error : Illegal TCType defined. Please specify one of the predefined types 
 [INSTALLED, SOURCE, STATIC_BINARY, DYNAMIC_BINARY, PACMAN_PACKAGE, SCRIPT]
	at org.globus.swift.catalog.types.TCType.fromValue(TCType.java:73)
	at org.globus.swift.catalog.types.TCType.fromString(TCType.java:85)
	at org.globus.swift.catalog.transformation.File.populateTC(File.java:1085)
	at org.globus.swift.catalog.transformation.File.populateTC(File.java:1034)
	at org.globus.swift.catalog.transformation.File.<init>(File.java:149)
	at org.globus.swift.catalog.transformation.File.getNonSingletonInstance(File.java:116)
	at org.griphyn.vdl.karajan.VDSAdaptiveScheduler.setProperty(VDSAdaptiveScheduler.java:71)
	at org.globus.cog.karajan.workflow.nodes.grid.SchedulerNode.newScheduler(SchedulerNode.java:104)
	at org.globus.cog.karajan.workflow.nodes.grid.SchedulerNode.post(SchedulerNode.java:63)
	at org.globus.cog.karajan.workflow.nodes.AbstractSequentialWithArguments.completed(AbstractSequentialWithArguments.java:194)
	at org.globus.cog.karajan.workflow.nodes.FlowNode.complete(FlowNode.java:214)
	at org.globus.cog.karajan.workflow.nodes.FlowContainer.post(FlowContainer.java:58)
	at org.globus.cog.karajan.workflow.nodes.AbstractSequentialWithArguments.completed(AbstractSequentialWithArguments.java:194)
	at org.globus.cog.karajan.workflow.nodes.user.UserDefinedElement.completed(UserDefinedElement.java:286)
	at org.globus.cog.karajan.workflow.nodes.user.SequentialImplicitExecutionUDE.completed(SequentialImplicitExecutionUDE.java:89)
	at org.globus.cog.karajan.workflow.nodes.FlowNode.complete(FlowNode.java:214)
	at org.globus.cog.karajan.workflow.nodes.FlowContainer.post(FlowContainer.java:58)
	at org.globus.cog.karajan.workflow.nodes.functions.AbstractFunction.post(AbstractFunction.java:28)
	at org.globus.cog.karajan.workflow.nodes.AbstractSequentialWithArguments.completed(AbstractSequentialWithArguments.java:194)
	at org.globus.cog.karajan.workflow.nodes.FlowNode.complete(FlowNode.java:214)
	at org.globus.cog.karajan.workflow.nodes.ExecuteFile.completed(ExecuteFile.java:158)
	at org.globus.cog.karajan.workflow.nodes.FlowNode.complete(FlowNode.java:214)
	at org.globus.cog.karajan.workflow.nodes.FlowContainer.post(FlowContainer.java:58)
	at org.globus.cog.karajan.workflow.nodes.Sequential.startNext(Sequential.java:29)
	at org.globus.cog.karajan.workflow.nodes.Sequential.completed(Sequential.java:24)
	at org.globus.cog.karajan.workflow.nodes.FlowNode.complete(FlowNode.java:214)
	at org.globus.cog.karajan.workflow.nodes.FlowContainer.post(FlowContainer.java:58)
	at org.globus.cog.karajan.workflow.nodes.AbstractSequentialWithArguments.completed(AbstractSequentialWithArguments.java:194)
	at org.globus.cog.karajan.workflow.nodes.user.UserDefinedElement.completed(UserDefinedElement.java:286)
	at org.globus.cog.karajan.workflow.nodes.user.SequentialImplicitExecutionUDE.completed(SequentialImplicitExecutionUDE.java:89)
	at org.globus.cog.karajan.workflow.nodes.FlowNode.complete(FlowNode.java:214)
	at org.globus.cog.karajan.workflow.nodes.FlowContainer.post(FlowContainer.java:58)
	at org.globus.cog.karajan.workflow.nodes.functions.AbstractFunction.post(AbstractFunction.java:28)
	at org.globus.cog.karajan.workflow.nodes.AbstractSequentialWithArguments.completed(AbstractSequentialWithArguments.java:194)
	at org.globus.cog.karajan.workflow.nodes.FlowNode.complete(FlowNode.java:214)
	at org.globus.cog.karajan.workflow.nodes.FlowContainer.post(FlowContainer.java:58)
	at org.globus.cog.karajan.workflow.nodes.AbstractSequentialWithArguments.completed(AbstractSequentialWithArguments.java:194)
	at org.globus.cog.karajan.workflow.nodes.PartialArgumentsContainer.nonArgChildCompleted(PartialArgumentsContainer.java:105)
	at org.globus.cog.karajan.workflow.nodes.PartialArgumentsContainer.completed(PartialArgumentsContainer.java:86)
	at org.globus.cog.karajan.workflow.nodes.FlowNode.complete(FlowNode.java:214)
	at org.globus.cog.karajan.workflow.nodes.Maybe.failed(Maybe.java:23)
	at org.globus.cog.karajan.workflow.nodes.FlowNode.failImmediately(FlowNode.java:89)
	at org.globus.cog.karajan.workflow.nodes.FlowNode.failed(FlowNode.java:245)
	at org.globus.cog.karajan.workflow.nodes.FlowNode.failImmediately(FlowNode.java:89)
	at org.globus.cog.karajan.workflow.nodes.FlowNode.restart(FlowNode.java:151)
	at org.globus.cog.karajan.workflow.nodes.FlowNode.start(FlowNode.java:197)
	at org.globus.cog.karajan.workflow.FlowElementWrapper.start(FlowElementWrapper.java:227)
	at org.globus.cog.karajan.workflow.events.EventBus.start(EventBus.java:104)
	at org.globus.cog.karajan.workflow.events.EventTargetPair.run(EventTargetPair.java:40)
	at java.util.concurrent.Executors$RunnableAdapter.call(Executors.java:471)
	at java.util.concurrent.FutureTask$Sync.innerRun(FutureTask.java:334)
	at java.util.concurrent.FutureTask.run(FutureTask.java:166)
	at java.util.concurrent.ThreadPoolExecutor.runWorker(ThreadPoolExecutor.java:1110)
	at java.util.concurrent.ThreadPoolExecutor$Worker.run(ThreadPoolExecutor.java:603)
	at java.lang.Thread.run(Thread.java:722)
2012-05-25 13:43:16,038-0500 INFO  AbstractScheduler Setting resources to: {localhost=localhost}
2012-05-25 13:43:16,739-0500 INFO  unknown Swift 0.93 swift-r5483 cog-r3339

2012-05-25 13:43:16,740-0500 INFO  unknown RUNID id=run:20120525-1343-v27ugtsc
2012-05-25 13:43:16,772-0500 INFO  RootDataNode Found mapped data outfile:messagefile - Open.$
2012-05-25 13:43:16,785-0500 DEBUG greeting PROCEDURE line=3 thread=0-1 name=greeting
2012-05-25 13:43:16,790-0500 INFO  vdl:execute START thread=0-1 tr=sh
2012-05-25 13:43:16,804-0500 INFO  WeightedHostScoreScheduler CONTACT_SELECTED host=localhost, score=1.000
2012-05-25 13:43:16,811-0500 INFO  GlobalSubmitQueue No global submit throttle set. Using default (1024)
2012-05-25 13:43:16,816-0500 INFO  LateBindingScheduler JobQueue: 0
2012-05-25 13:43:16,820-0500 INFO  LateBindingScheduler JobQueue: 0
2012-05-25 13:43:16,822-0500 INFO  vdl:initshareddir START host=localhost - Initializing shared directory
2012-05-25 13:43:16,826-0500 INFO  LateBindingScheduler JobQueue: 0
2012-05-25 13:43:16,858-0500 INFO  LateBindingScheduler JobQueue: 0
2012-05-25 13:43:16,863-0500 INFO  LateBindingScheduler JobQueue: 0
2012-05-25 13:43:16,867-0500 INFO  LateBindingScheduler JobQueue: 0
2012-05-25 13:43:16,875-0500 INFO  LateBindingScheduler JobQueue: 0
2012-05-25 13:43:16,884-0500 INFO  LateBindingScheduler JobQueue: 0
2012-05-25 13:43:16,888-0500 INFO  vdl:initshareddir END host=localhost - Done initializing shared directory
2012-05-25 13:43:16,894-0500 DEBUG vdl:execute2 THREAD_ASSOCIATION jobid=sh-28xejtrk thread=0-1-1 host=localhost replicationGroup=18xejtrk
2012-05-25 13:43:16,917-0500 INFO  vdl:createdirset START jobid=sh-28xejtrk host=localhost - Initializing directory structure
2012-05-25 13:43:16,919-0500 INFO  vdl:createdirset END jobid=sh-28xejtrk - Done initializing directory structure
2012-05-25 13:43:16,922-0500 INFO  vdl:dostagein START jobid=sh-28xejtrk - Staging in files
2012-05-25 13:43:16,933-0500 INFO  vdl:dostagein END jobid=sh-28xejtrk - Staging in finished
2012-05-25 13:43:16,938-0500 DEBUG vdl:execute2 JOB_START jobid=sh-28xejtrk tr=sh arguments=[/home/skrieder/swift/examples/swift/tutorial/scott.sh] tmpdir=scott-20120525-1343-v27ugtsc/jobs/2/sh-28xejtrk host=localhost
2012-05-25 13:43:16,951-0500 DEBUG textfiles BEGIN TC:
#This is the transformation catalog.
#
#It comes pre-configured with a number of simple transformations with
#paths that are likely to work on a linux box. However, on some systems,
#the paths to these executables will be different (for example, sometimes
#some of these programs are found in /usr/bin rather than in /bin)
#
#NOTE WELL: fields in this file must be separated by tabs, not spaces; and
#there must be no trailing whitespace at the end of each line.
#
# sitename  transformation  path   INSTALLED  platform  profiles
localhost 	echo 		/bin/echo	INSTALLED	INTEL32::LINUX	null
localhost 	cat 		/bin/cat	INSTALLED	INTEL32::LINUX	null
localhost 	ls 		/bin/ls		INSTALLED	INTEL32::LINUX	null
localhost 	grep 		/bin/grep	INSTALLED	INTEL32::LINUX	null
localhost 	sort 		/bin/sort	INSTALLED	INTEL32::LINUX	null
localhost 	paste 		/bin/paste	INSTALLED	INTEL32::LINUX	null
localhost 	cp 		/bin/cp         INSTALLED	INTEL32::LINUX	null
localhost 	touch 		/bin/touch      INSTALLED	INTEL32::LINUX	null
localhost	wc		/usr/bin/wc	INSTALLED	INTEL32::LINUX	null
localhost	sh		/bin/sh		INSTALLED	INTEL32::LINUX	null
localhost	sleep		/bin/sleep	INSTALLED	INTEL32::LINUX	null
localhost	tr		/usr/bin/tr	INSTALLED	INTEL32::LINUX	null
localhost	scott.sh	/Users/scottkrieder/swift/examples/swift/tutorial/scott.sh	INTSALLED	INTEL32::LINUX	null


2012-05-25 13:43:16,952-0500 DEBUG textfiles END TC:
2012-05-25 13:43:16,959-0500 WARN  File On line 24in File /usr/local/swift/bin/../etc/tc.data

java.lang.IllegalStateException: Error : Illegal TCType defined. Please specify one of the predefined types 
 [INSTALLED, SOURCE, STATIC_BINARY, DYNAMIC_BINARY, PACMAN_PACKAGE, SCRIPT]
	at org.globus.swift.catalog.types.TCType.fromValue(TCType.java:73)
	at org.globus.swift.catalog.types.TCType.fromString(TCType.java:85)
	at org.globus.swift.catalog.transformation.File.populateTC(File.java:1085)
	at org.globus.swift.catalog.transformation.File.populateTC(File.java:1034)
	at org.globus.swift.catalog.transformation.File.<init>(File.java:149)
	at org.globus.swift.catalog.transformation.File.getNonSingletonInstance(File.java:116)
	at org.griphyn.vdl.karajan.lib.VDLFunction.getTC(VDLFunction.java:492)
	at org.griphyn.vdl.karajan.lib.Executable.function(Executable.java:24)
	at org.griphyn.vdl.karajan.lib.VDLFunction.post(VDLFunction.java:62)
	at org.globus.cog.karajan.workflow.nodes.AbstractSequentialWithArguments.completed(AbstractSequentialWithArguments.java:194)
	at org.globus.cog.karajan.workflow.nodes.FlowNode.complete(FlowNode.java:214)
	at org.globus.cog.karajan.workflow.nodes.FlowContainer.post(FlowContainer.java:58)
	at org.globus.cog.karajan.workflow.nodes.functions.AbstractFunction.post(AbstractFunction.java:28)
	at org.globus.cog.karajan.workflow.nodes.Sequential.startNext(Sequential.java:29)
	at org.globus.cog.karajan.workflow.nodes.Sequential.executeChildren(Sequential.java:20)
	at org.globus.cog.karajan.workflow.nodes.FlowContainer.execute(FlowContainer.java:63)
	at org.globus.cog.karajan.workflow.nodes.FlowNode.restart(FlowNode.java:139)
	at org.globus.cog.karajan.workflow.nodes.FlowNode.start(FlowNode.java:197)
	at org.globus.cog.karajan.workflow.FlowElementWrapper.start(FlowElementWrapper.java:227)
	at org.globus.cog.karajan.workflow.events.EventBus.start(EventBus.java:104)
	at org.globus.cog.karajan.workflow.events.EventTargetPair.run(EventTargetPair.java:40)
	at java.util.concurrent.Executors$RunnableAdapter.call(Executors.java:471)
	at java.util.concurrent.FutureTask$Sync.innerRun(FutureTask.java:334)
	at java.util.concurrent.FutureTask.run(FutureTask.java:166)
	at java.util.concurrent.ThreadPoolExecutor.runWorker(ThreadPoolExecutor.java:1110)
	at java.util.concurrent.ThreadPoolExecutor$Worker.run(ThreadPoolExecutor.java:603)
	at java.lang.Thread.run(Thread.java:722)
2012-05-25 13:43:16,987-0500 INFO  GridExec TASK_DEFINITION: Task(type=JOB_SUBMISSION, identity=urn:0-1-1-1337971395904) is /bin/bash shared/_swiftwrap sh-28xejtrk -jobdir 2 -scratch  -e /bin/sh -out scott.txt -err stderr.txt -i -d  -if  -of scott.txt -k  -cdmfile  -status files -a /home/skrieder/swift/examples/swift/tutorial/scott.sh
2012-05-25 13:43:17,005-0500 INFO  JobSubmissionTaskHandler Submit: in: /var/tmp/scott-20120525-1343-v27ugtsc command: /bin/bash /var/tmp/scott-20120525-1343-v27ugtsc/shared/_swiftwrap sh-28xejtrk -jobdir 2 -scratch  -e /bin/sh -out scott.txt -err stderr.txt -i -d  -if  -of scott.txt -k  -cdmfile  -status files -a /home/skrieder/swift/examples/swift/tutorial/scott.sh
2012-05-25 13:43:17,258-0500 INFO  LateBindingScheduler JobQueue: 0
2012-05-25 13:43:17,265-0500 DEBUG vdl:checkjobstatus START jobid=sh-28xejtrk
2012-05-25 13:43:17,269-0500 INFO  LateBindingScheduler JobQueue: 0
2012-05-25 13:43:17,272-0500 INFO  vdl:checkjobstatus SUCCESS jobid=sh-28xejtrk - Success file found
2012-05-25 13:43:17,274-0500 DEBUG vdl:execute2 STAGING_OUT jobid=sh-28xejtrk
2012-05-25 13:43:17,278-0500 INFO  vdl:dostageout START jobid=sh-28xejtrk - Staging out files
2012-05-25 13:43:17,280-0500 DEBUG vdl:dostageout stageouts: [[$, outfile:messagefile - Open]]
2012-05-25 13:43:17,297-0500 DEBUG vdl:dostageout FILE_STAGE_OUT_START srcname=scott.txt srcdir=scott-20120525-1343-v27ugtsc/shared/ srchost=localhost destdir= desthost=localhost provider=file
2012-05-25 13:43:17,300-0500 INFO  LateBindingScheduler JobQueue: 0
2012-05-25 13:43:17,321-0500 INFO  LateBindingScheduler JobQueue: 0
2012-05-25 13:43:17,323-0500 DEBUG vdl:dostageout FILE_STAGE_OUT_END srcname=scott.txt srcdir=scott-20120525-1343-v27ugtsc/shared/ srchost=localhost destdir= desthost=localhost provider=file
2012-05-25 13:43:17,331-0500 INFO  LateBindingScheduler JobQueue: 0
2012-05-25 13:43:17,348-0500 INFO  vdl:dostageout END jobid=sh-28xejtrk - Staging out finished
2012-05-25 13:43:17,354-0500 DEBUG vdl:execute2 JOB_END jobid=sh-28xejtrk
2012-05-25 13:43:17,355-0500 INFO  vdl:execute END_SUCCESS thread=0-1 tr=sh
2012-05-25 13:43:17,356-0500 DEBUG greeting PROCEDURE_END line=3
2012-05-25 13:43:17,381-0500 DEBUG vdl:mains Starting cleanups
2012-05-25 13:43:17,382-0500 INFO  vdl:cleanups START cleanups=[[scott-20120525-1343-v27ugtsc, localhost]]
2012-05-25 13:43:17,383-0500 INFO  vdl:cleanup START dir=scott-20120525-1343-v27ugtsc host=localhost
2012-05-25 13:43:17,384-0500 DEBUG vdl:cleanup cdmfile 
2012-05-25 13:43:17,386-0500 INFO  GridExec TASK_DEFINITION: Task(type=JOB_SUBMISSION, identity=urn:0-1-1337971395915) is /bin/rm -rf scott-20120525-1343-v27ugtsc
2012-05-25 13:43:17,387-0500 INFO  JobSubmissionTaskHandler Submit: in: /var/tmp command: /bin/rm -rf scott-20120525-1343-v27ugtsc
2012-05-25 13:43:17,388-0500 INFO  LateBindingScheduler JobQueue: 0
2012-05-25 13:43:17,389-0500 INFO  vdl:cleanup END dir=scott-20120525-1343-v27ugtsc host=localhost
2012-05-25 13:43:17,389-0500 INFO  vdl:cleanups END cleanups=[[scott-20120525-1343-v27ugtsc, localhost]]
2012-05-25 13:43:17,390-0500 DEBUG vdl:mains Ending cleanups
2012-05-25 13:43:17,390-0500 INFO  Loader Swift finished with no errors
